2024-07-25 01:11:48
20240725 013403.744 INFO             PET0 !!!!!!!!!!!!!!!!!!!!!!!!!!!!!!!!!!!!!!!!!!!!!!!!!!!!!!
20240725 013403.745 INFO             PET0 !!! THE ESMF_LOG IS SET TO OUTPUT ALL LOG MESSAGES !!!
20240725 013403.745 INFO             PET0 !!!     THIS MAY CAUSE SLOWDOWN IN PERFORMANCE     !!!
20240725 013403.745 INFO             PET0 !!! FOR PRODUCTION RUNS, USE:                      !!!
20240725 013403.745 INFO             PET0 !!!                   ESMF_LOGKIND_Multi_On_Error  !!!
20240725 013403.745 INFO             PET0 !!!!!!!!!!!!!!!!!!!!!!!!!!!!!!!!!!!!!!!!!!!!!!!!!!!!!!
20240725 013403.745 INFO             PET0 Running with ESMF Version   : v8.7.0b09-26-g87e00d02ff
20240725 013403.745 INFO             PET0 ESMF library build date/time: "Jul 25 2024" "01:10:32"
20240725 013403.745 INFO             PET0 ESMF library build location : /discover/nobackup/projects/sbu/mpotts/esmf-test/gfortran_8.3.0_intelmpi_O_feature_hconfig-extras/esmf
20240725 013403.745 INFO             PET0 ESMF_COMM                   : intelmpi
20240725 013403.745 INFO             PET0 ESMF_MOAB                   : enabled
20240725 013403.745 INFO             PET0 ESMF_LAPACK                 : enabled
20240725 013403.745 INFO             PET0 ESMF_NETCDF                 : disabled
20240725 013403.745 INFO             PET0 ESMF_PNETCDF                : disabled
20240725 013403.745 INFO             PET0 ESMF_PIO                    : disabled
20240725 013403.745 INFO             PET0 ESMF_YAMLCPP                : enabled
20240725 013403.746 INFO             PET0  NUMBER_OF_PROCESSORS           1
20240725 013403.746 INFO             PET0  PASS  Example ESMF_ClockEx, ESMF_ClockEx.F90, line 220
20240725 013403.746 INFO             PET0  Finalizing ESMF
