2024-07-26 01:14:51
--- ESMCI::ArrayBundle::print start ------ ESMCI::ArrayBundle::print start ---
ArrayBundle: MyArrayBundle
arrayCount = 3
Container::print() multipmap:item=0 key=AonFly value=0xb0abf0
--- ESMCI::ArrayBundle::print start ---
ArrayBundle: MyArrayBundle
arrayCount = 3
Container::print() multipmap:item=0 key=AonFly value=0x21c1d80
--- ESMCI::ArrayBundle::print start ---
ArrayBundle: MyArrayBundle
arrayCount = 3
Container::print() multipmap:item=0 key=AonFly value=0x19b9e50
Container::print() multipmap:item=1 key=Array002 value=0xb06be0
Container::print() multipmap:item=2 key=Array003 value=0xb07a50
Container::print()      list:item=0 key=Array002 value=0xb06be0
Container::print()      list:item=1 key=Array003 value=0xb07a50
Container::print()      list:item=2 key=AonFly value=0xb0abf0
--- ESMCI::ArrayBundle::print end ---
Container::print() multipmap:item=1 key=Array002 value=0x21bebd0
Container::print() multipmap:item=2 key=Array003 value=0x21bf690
Container::print()      list:item=0 key=Array002 value=0x21bebd0
Container::print()      list:item=1 key=Array003 value=0x21bf690
Container::print()      list:item=2 key=AonFly value=0x21c1d80
--- ESMCI::ArrayBundle::print end ---
Container::print() multipmap:item=1 key=Array002 value=0x19b6e60
Container::print() multipmap:item=2 key=Array003 value=0x19b7740
Container::print()      list:item=0 key=Array002 value=0x19b6e60
Container::print()      list:item=1 key=Array003 value=0x19b7740
Container::print()      list:item=2 key=AonFly value=0x19b9e50
--- ESMCI::ArrayBundle::print end ---
--- ESMCI::Array::print start ---
 Base name    = AonFly
 Status: Base = --- ESMCI::Array::print start ---
 Base name    = AonFlyReady,  object = 
Ready
 Proxy        = no
 Root Info (Attributes):
 Status: Base = Ready,  object = --- ESMCI::Array::print start ---
 Base name    = AonFly
Ready
 Proxy        = no
 Root Info (Attributes):
 Status: Base = Ready,  object = Ready
 Proxy        = no
 Root Info (Attributes):

{}ArrayBundle: MyArrayBundle
arrayCount = 3
Container::print() multipmap:item={}Array typekind/rank: Real*4 / 2 
~ lower class' values ~
DistGrid dimCount = 2
deCount = 6
localDeCount = 1
0 key=AonFly value=~ local data in LocalArray for DE 2 ~
LocalArrayPrint: Array at address 0x21c1a50:
            rank = 2, typekind = 5, base_addr = 0x21c1a30
{}Array typekind/rank: Real*4 / 2 
~ lower class' values ~
0x16b40f0
Container::print() multipmap:item=1 key=Array002 value=0x16b0110
Container::print() multipmap:item=            dim[0] = 3  dim[1] = 2  
  Real, *4, Dim 2, Data values:
DistGrid dimCount = 2
deCount = 6
localDeCount = 1
~ local data in LocalArray for DE 3 ~
2 key=Array003 value=0x16b0f50
Container::print()      list:item=0 key=Array002 value=0x16b0110
Container::print()      list:item=1 key=LocalArrayPrint: Array at address 0x19b9b20:
            rank = 2, typekind = 5, base_addr = 0x19b9b00
            Array003 value=0x16b0f50
Container::print()      list:item=2 key=AonFly value=0x16b40f0
( 1, 1) =  1.14685e-37
( 2, 1) =  0
( 3, 1) =  0
( 1, 2) =  0
( 2, 2) =  0
( 3, 2) =  0
dim 1: [0]: [1 [1 [1, 3] 3] 3]
dim 2: [1]: [1 [1 [1, 2] 2] 2]
dim[0] = 2  dim[1] = 2  
  Real, *4, Dim 2, Data values:
--- ESMCI::ArrayBundle::print end ---
--- ESMCI::Array::print end ---
--- ESMCI::Array::print start ---
 Base name    = Array002
 Status: Base = Ready,  object = Ready
 Proxy        = no
 Root Info (Attributes):
( 1, 1) =  5.716e-38
( 2, 1) =  0
( 1, 2) =  0
( 2, 2) =  0
dim 1: [0]: [1 [1 [1, 2] 2] 2]
dim 2: [1]: [1 [1 [1, 2] 2] 2]
--- ESMCI::Array::print end ------ ESMCI::Array::print start ---
 Base name    = AonFly
 Status: Base = {}Array typekind/rank: Real*8 / 2 
~ lower class' values ~
DistGrid dimCount = 2
deCount = 6
localDeCount = 1
~ local data in LocalArray for DE 2 ~
LocalArrayPrint: Array at address 0x21be8a0:
            rank = 2, typekind = 6, base_addr = 0x2191e30
            dim[0] = 3  
--- ESMCI::Array::print start ---
 Base name    = Array002
 Status: Base = Ready,  object = Ready
 Proxy        = Ready,  object = Ready
 Proxy        = nodim[1] = 2  
  Real, *8, Dim 2, Data values:
( 1, 1) =  1.73915e-316
( 2, 1) =  4.24399e-314
( 3, 1) =  4.24399e-314
no
 Root Info (Attributes):
{}Array typekind/rank: Real*8 / 2 
~ lower class' values ~
DistGrid dimCount = 2
deCount = 6

 Root Info (Attributes):
( 1, 2) =  4.24399e-314
( 2, 2) =  2.122e-314
( 3, 2) =  2.122e-314
dim 1: [0]: [1 [1 [1, 3] 3] 3]
dim 2: [1]: [1 [1 [1, 2] 2] 2]
--- ESMCI::Array::print end ---
--- ESMCI::Array::print start ---localDeCount = 1
~ local data in LocalArray for DE 3 ~
LocalArrayPrint: Array at address 0x19b6b30:
            rank = 2, typekind = 6, base_addr = 0x1992a10
            dim[0] = 2  dim[1] = 2  

 Base name    = Array003
 Status: Base = Ready,  object = Ready
 Proxy        = no  Real, *8, Dim 2, Data values:
( 1, 1) =  1.32483e-316
( 2, 1) =  4.24399e-314
( 1, 2) =  0

 Root Info (Attributes):
{}Array typekind/rank: Real*8 / 2 
~ lower class' values ~
DistGrid dimCount = 2
deCount = 6
( 2, 2) =  0
dim 1: [0]: [1 [1 [1, 2] 2] 2]
dim 2: [1]: [1 [1 [1, 2] 2] 2]
--- ESMCI::Array::print end ---
--- ESMCI::Array::print start ---
{}localDeCount = 1
~ local data in LocalArray for DE 2 ~
LocalArrayPrint: Array at address 0x21bf320:
            rank = 2, typekind = 6, base_addr = 0x21bf650
            dim[0] = 3  dim[1] = 2  
  Real, *8, Dim 2, Data values:
 Base name    = Array003
 Status: Base = Ready,  object = Ready
 Proxy        = no
 Root Info (Attributes):
Array typekind/rank: Real*4 / 2 
~ lower class' values ~
DistGrid dimCount = 2
deCount = 6
localDeCount = 2
( 1, 1) =  0
( 2, 1) =  0
( 3, 1) =  0
( 1, 2) =  0
( 2, 2) =  0
( 3, 2) =  0
dim 1: [0]: [1 [1 [1, 3] 3] 3]
dim 2: [1]: [1 [1 [1, 2] 2] 2]
{}Array typekind/rank: Real*8 / 2 
~ lower class' values ~
DistGrid dimCount = 2
deCount = 6
localDeCount = 1
~ local data in LocalArray for DE 3 ~
LocalArrayPrint: Array at address 0x19b7410:
~ local data in LocalArray for DE 1 ~
LocalArrayPrint: Array at address 0x16b3a90:
            rank = 2, typekind = 5, base_addr = 0x16b3a10
            --- ESMCI::Array::print end ---
            rank = 2, typekind = 6, base_addr = 0x199b850
            dim[0] = 2  dim[1] = 2  
  Real, *8, Dim 2, Data values:
( 1, 1) =  0
( 2, 1) =  6.94047e-310
dim[0] = 2  dim[1] = 2  
  Real, *4, Dim 2, Data values:
( 1, 2) =  -nan
( 2, 2) =  -nan
dim 1: [0]: [1 [1 [1, 2] 2] 2]
dim 2: [1]: [1 [1 [1, 2] 2] 2]
--- ESMCI::Array::print end ---
( 1, 1) =  4.32044e-38
( 2, 1) =  0
( 1, 2) =  0
( 2, 2) =  0
dim 1: [0]: [1 [1 [1, 2] 2] 2]
dim 2: [1]: [1 [1 [1, 2] 2] 2]
~ local data in LocalArray for DE 5 ~
LocalArrayPrint: Array at address 0x16b3dc0:
            rank = 2, typekind = 5, base_addr = 0x16b3a30
            dim[0] = 2  dim[1] = 1  
  Real, *4, Dim 2, Data values:
( 1, 1) =  4.32045e-38
( 2, 1) =  0
dim 1: [0]: [1 [1 [1, 2] 2] 2]
dim 2: [1]: [1 [1 [1, 1] 1] 1]
--- ESMCI::Array::print end ---
--- ESMCI::Array::print start ---
 Base name    = Array002
 Status: Base = Ready,  object = Ready  PASS  Example ESMF_ArrayBundleEx, ESMF_ArrayBundleEx.F90, line 267

 Proxy        = no
 Root Info (Attributes):
{}Array typekind/rank: Real*8 / 2 
~ lower class' values ~
DistGrid dimCount = 2
deCount = 6
localDeCount = 2
~ local data in LocalArray for DE 1 ~
LocalArrayPrint: Array at address 0x16afa90:
            rank = 2, typekind = 6, base_addr = 0x1671ec0
              PASS  Example ESMF_ArrayBundleEx, ESMF_ArrayBundleEx.F90, line 267
dim[0] = 2  dim[1] = 2  
  Real, *8, Dim 2, Data values:
( 1, 1) =  1.16625e-316
( 2, 1) =  4.24399e-314
( 1, 2) =  0
( 2, 2) =  0
dim 1: [0]: [1 [1 [1, 2] 2] 2]
dim 2: [1]: [1 [1 [1, 2] 2] 2]
~ local data in LocalArray for DE 5 ~
LocalArrayPrint: Array at address 0x16afdc0:
            rank = 2, typekind = 6, base_addr = 0x16b00f0
            dim[0] = 2  dim[1] = 1  
  Real, *8, Dim 2, Data values:
( 1, 1) =  0
( 2, 1) =  0
dim 1: [0]: [1 [1 [1, 2] 2] 2]
dim 2: [1]: [1 [1 [1, 1] 1] 1]
--- ESMCI::Array::print end ---
--- ESMCI::Array::print start ---
 Base name    = Array003
 Status: Base = Ready,  object = Ready
 Proxy        = no
 Root Info (Attributes):
{}Array typekind/rank: Real*8 / 2 
~ lower class' values ~
DistGrid dimCount = 2
deCount = 6
localDeCount = 2
~ local data in LocalArray for DE 1 ~
LocalArrayPrint: Array at address 0x16b08c0:
            rank = 2, typekind = 6, base_addr = 0x16b0bf0
            dim[0] = 2  dim[1] = 2  
  Real, *8, Dim 2, Data values:
( 1, 1) =  0
( 2, 1) =  0
( 1, 2) =  0
( 2, 2) =  0
dim 1: [0]: [1 [1 [1, 2] 2] 2]
dim 2: [1]: [1 [1 [1, 2] 2] 2]
~ local data in LocalArray for DE 5 ~
LocalArrayPrint: Array at address 0x16b0c20:
            rank = 2, typekind = 6, base_addr = 0x16b0840
            dim[0] = 2  dim[1] = 1  
  Real, *8, Dim 2, Data values:
( 1, 1) =  1.17547e-316
( 2, 1) =  0
dim 1: [0]: [1 [1 [1, 2] 2] 2]
dim 2: [1]: [1 [1 [1, 1] 1] 1]
--- ESMCI::Array::print end ---
Array typekind/rank: Real*4 / 2 
  PASS  Example ESMF_ArrayBundleEx, ESMF_ArrayBundleEx.F90, line 267
~ lower class' values ~
DistGrid dimCount = 2
deCount = 6
localDeCount = 2
~ local data in LocalArray for DE 0 ~
LocalArrayPrint: Array at address 0xb0a590:
            rank = 2, typekind = 5, base_addr = 0xb0a510
            dim[0] = 3  dim[1] = 2  
  Real, *4, Dim 2, Data values:
( 1, 1) =  1.62223e-38
( 2, 1) =  0
( 3, 1) =  0
( 1, 2) =  0
( 2, 2) =  0
( 3, 2) =  0
dim 1: [0]: [1 [1 [1, 3] 3] 3]
dim 2: [1]: [1 [1 [1, 2] 2] 2]
~ local data in LocalArray for DE 4 ~
LocalArrayPrint: Array at address 0xb0a8c0:
            rank = 2, typekind = 5, base_addr = 0xb0a530
            dim[0] = 3  dim[1] = 1  
  Real, *4, Dim 2, Data values:
( 1, 1) =  1.62223e-38
( 2, 1) =  0
( 3, 1) =  0
dim 1: [0]: [1 [1 [1, 3] 3] 3]
dim 2: [1]: [1 [1 [1, 1] 1] 1]
--- ESMCI::Array::print end ---
--- ESMCI::Array::print start ---
 Base name    = Array002
 Status: Base = Ready,  object = Ready
 Proxy        = no
 Root Info (Attributes):
{}Array typekind/rank: Real*8 / 2 
~ lower class' values ~
DistGrid dimCount = 2
deCount = 6
localDeCount = 2
~ local data in LocalArray for DE 0 ~
LocalArrayPrint: Array at address 0xb06560:
            rank = 2, typekind = 6, base_addr = 0xac8ff0
            dim[0] = 3  dim[1] = 2  
  Real, *8, Dim 2, Data values:
( 1, 1) =  5.58752e-317
( 2, 1) =  4.24399e-314
( 3, 1) =  4.24399e-314
( 1, 2) =  4.24399e-314
( 2, 2) =  2.122e-314
( 3, 2) =  2.122e-314
dim 1: [0]: [1 [1 [1, 3] 3] 3]
dim 2: [1]: [1 [1 [1, 2] 2] 2]
~ local data in LocalArray for DE 4 ~
LocalArrayPrint: Array at address 0xb06890:
            rank = 2, typekind = 6, base_addr = 0xb06bc0
            dim[0] = 3  dim[1] = 1  
  Real, *8, Dim 2, Data values:
( 1, 1) =  0
( 2, 1) =  0
( 3, 1) =  0
dim 1: [0]: [1 [1 [1, 3] 3] 3]
dim 2: [1]: [1 [1 [1, 1] 1] 1]
--- ESMCI::Array::print end ---
--- ESMCI::Array::print start ---
 Base name    = Array003
 Status: Base = Ready,  object = Ready
 Proxy        = no
 Root Info (Attributes):
{}Array typekind/rank: Real*8 / 2 
~ lower class' values ~
DistGrid dimCount = 2
deCount = 6
localDeCount = 2
~ local data in LocalArray for DE 0 ~
LocalArrayPrint: Array at address 0xb073b0:
            rank = 2, typekind = 6, base_addr = 0xb076e0
            dim[0] = 3  dim[1] = 2  
  Real, *8, Dim 2, Data values:
( 1, 1) =  0
( 2, 1) =  0
( 3, 1) =  0
( 1, 2) =  0
( 2, 2) =  0
( 3, 2) =  0
dim 1: [0]: [1 [1 [1, 3] 3] 3]
dim 2: [1]: [1 [1 [1, 2] 2] 2]
~ local data in LocalArray for DE 4 ~
LocalArrayPrint: Array at address 0xb07720:
            rank = 2, typekind = 6, base_addr = 0xb07330
            dim[0] = 3  dim[1] = 1  
  Real, *8, Dim 2, Data values:
( 1, 1) =  5.7133e-317
( 2, 1) =  0
( 3, 1) =  0
dim 1: [0]: [1 [1 [1, 3] 3] 3]
dim 2: [1]: [1 [1 [1, 1] 1] 1]
--- ESMCI::Array::print end ---
  PASS  Example ESMF_ArrayBundleEx, ESMF_ArrayBundleEx.F90, line 267
 PASS: ESMF_ArrayBundleEx.F90
 PASS: ESMF_ArrayBundleEx.F90
 PASS: ESMF_ArrayBundleEx.F90
 PASS: ESMF_ArrayBundleEx.F90
