2024-07-23 21:56:50
20240723 223047.339 INFO             PET0 !!!!!!!!!!!!!!!!!!!!!!!!!!!!!!!!!!!!!!!!!!!!!!!!!!!!!!
20240723 223047.339 INFO             PET0 !!! THE ESMF_LOG IS SET TO OUTPUT ALL LOG MESSAGES !!!
20240723 223047.339 INFO             PET0 !!!     THIS MAY CAUSE SLOWDOWN IN PERFORMANCE     !!!
20240723 223047.339 INFO             PET0 !!! FOR PRODUCTION RUNS, USE:                      !!!
20240723 223047.339 INFO             PET0 !!!                   ESMF_LOGKIND_Multi_On_Error  !!!
20240723 223047.339 INFO             PET0 !!!!!!!!!!!!!!!!!!!!!!!!!!!!!!!!!!!!!!!!!!!!!!!!!!!!!!
20240723 223047.339 INFO             PET0 Running with ESMF Version   : v8.7.0b09-5-g5845ab67f6
20240723 223047.339 INFO             PET0 ESMF library build date/time: "Jul 23 2024" "21:54:27"
20240723 223047.339 INFO             PET0 ESMF library build location : /home/gerhard/ESMF-Nightly-Testing/aocc_4.1.0_mpiuni_g_feature_numa/esmf
20240723 223047.339 INFO             PET0 ESMF_COMM                   : mpiuni
20240723 223047.339 INFO             PET0 ESMF_MOAB                   : enabled
20240723 223047.339 INFO             PET0 ESMF_LAPACK                 : enabled
20240723 223047.339 INFO             PET0 ESMF_NETCDF                 : disabled
20240723 223047.339 INFO             PET0 ESMF_PNETCDF                : disabled
20240723 223047.339 INFO             PET0 ESMF_PIO                    : disabled
20240723 223047.339 INFO             PET0 ESMF_YAMLCPP                : enabled
20240723 223047.366 DEBUG            PET0 about to destroy Grid: 0x55568074b840
20240723 223047.368 DEBUG            PET0 about to destroy Grid: 0x55568074d870
20240723 223047.375 INFO             PET0  NUMBER_OF_PROCESSORS            1
20240723 223047.375 INFO             PET0  PASS  Example ESMF_NUOPCAtmModelEx, ESMF_NUOPCAtmModelEx.F90, line 806
20240723 223047.375 INFO             PET0  Finalizing ESMF
