2024-07-22 21:55:31
20240722 223030.178 INFO             PET0 !!!!!!!!!!!!!!!!!!!!!!!!!!!!!!!!!!!!!!!!!!!!!!!!!!!!!!
20240722 223030.178 INFO             PET0 !!! THE ESMF_LOG IS SET TO OUTPUT ALL LOG MESSAGES !!!
20240722 223030.178 INFO             PET0 !!!     THIS MAY CAUSE SLOWDOWN IN PERFORMANCE     !!!
20240722 223030.178 INFO             PET0 !!! FOR PRODUCTION RUNS, USE:                      !!!
20240722 223030.178 INFO             PET0 !!!                   ESMF_LOGKIND_Multi_On_Error  !!!
20240722 223030.178 INFO             PET0 !!!!!!!!!!!!!!!!!!!!!!!!!!!!!!!!!!!!!!!!!!!!!!!!!!!!!!
20240722 223030.178 INFO             PET0 Running with ESMF Version   : v8.7.0b09-4-g1506816bee
20240722 223030.178 INFO             PET0 ESMF library build date/time: "Jul 22 2024" "21:53:07"
20240722 223030.178 INFO             PET0 ESMF library build location : /home/gerhard/ESMF-Nightly-Testing/aocc_4.1.0_mpiuni_g_feature_numa/esmf
20240722 223030.178 INFO             PET0 ESMF_COMM                   : mpiuni
20240722 223030.178 INFO             PET0 ESMF_MOAB                   : enabled
20240722 223030.178 INFO             PET0 ESMF_LAPACK                 : enabled
20240722 223030.178 INFO             PET0 ESMF_NETCDF                 : disabled
20240722 223030.178 INFO             PET0 ESMF_PNETCDF                : disabled
20240722 223030.178 INFO             PET0 ESMF_PIO                    : disabled
20240722 223030.178 INFO             PET0 ESMF_YAMLCPP                : enabled
20240722 223030.186 INFO             PET0  NUMBER_OF_PROCESSORS            1
20240722 223030.186 INFO             PET0  PASS  Example ESMF_NUOPCBasicModelEx, ESMF_NUOPCBasicModelEx.F90, line 339
20240722 223030.186 INFO             PET0  Finalizing ESMF
