2024-08-04 04:02:21
20240804 042108.615 INFO             PET0 !!!!!!!!!!!!!!!!!!!!!!!!!!!!!!!!!!!!!!!!!!!!!!!!!!!!!!
20240804 042108.615 INFO             PET0 !!! THE ESMF_LOG IS SET TO OUTPUT ALL LOG MESSAGES !!!
20240804 042108.615 INFO             PET0 !!!     THIS MAY CAUSE SLOWDOWN IN PERFORMANCE     !!!
20240804 042108.615 INFO             PET0 !!! FOR PRODUCTION RUNS, USE:                      !!!
20240804 042108.615 INFO             PET0 !!!                   ESMF_LOGKIND_Multi_On_Error  !!!
20240804 042108.615 INFO             PET0 !!!!!!!!!!!!!!!!!!!!!!!!!!!!!!!!!!!!!!!!!!!!!!!!!!!!!!
20240804 042108.615 INFO             PET0 Running with ESMF Version   : v8.7.0b11
20240804 042108.615 INFO             PET0 ESMF library build date/time: "Aug  4 2024" "04:01:16"
20240804 042108.615 INFO             PET0 ESMF library build location : /tmp/gfortran_12.2.0_mpiuni_O_develop/esmf
20240804 042108.615 INFO             PET0 ESMF_COMM                   : mpiuni
20240804 042108.616 INFO             PET0 ESMF_MOAB                   : enabled
20240804 042108.616 INFO             PET0 ESMF_LAPACK                 : enabled
20240804 042108.616 INFO             PET0 ESMF_NETCDF                 : enabled
20240804 042108.616 INFO             PET0 ESMF_PNETCDF                : disabled
20240804 042108.616 INFO             PET0 ESMF_PIO                    : enabled
20240804 042108.616 INFO             PET0 ESMF_YAMLCPP                : enabled
20240804 042108.915 INFO             PET0  NUMBER_OF_PROCESSORS           1
20240804 042108.915 INFO             PET0  PASS  Example ESMF_GridUsageEx, ESMF_GridUsageEx.F90, line 3470
20240804 042108.915 INFO             PET0  Finalizing ESMF
