2024-06-13 03:53:52
20240613 041325.005 INFO             PET0 !!!!!!!!!!!!!!!!!!!!!!!!!!!!!!!!!!!!!!!!!!!!!!!!!!!!!!
20240613 041325.005 INFO             PET0 !!! THE ESMF_LOG IS SET TO OUTPUT ALL LOG MESSAGES !!!
20240613 041325.005 INFO             PET0 !!!     THIS MAY CAUSE SLOWDOWN IN PERFORMANCE     !!!
20240613 041325.005 INFO             PET0 !!! FOR PRODUCTION RUNS, USE:                      !!!
20240613 041325.005 INFO             PET0 !!!                   ESMF_LOGKIND_Multi_On_Error  !!!
20240613 041325.005 INFO             PET0 !!!!!!!!!!!!!!!!!!!!!!!!!!!!!!!!!!!!!!!!!!!!!!!!!!!!!!
20240613 041325.005 INFO             PET0 Running with ESMF Version   : v8.7.0b07
20240613 041325.005 INFO             PET0 ESMF library build date/time: "Jun 13 2024" "03:52:47"
20240613 041325.005 INFO             PET0 ESMF library build location : /tmp/gfortran_12.2.0_mpiuni_O_develop/esmf
20240613 041325.005 INFO             PET0 ESMF_COMM                   : mpiuni
20240613 041325.005 INFO             PET0 ESMF_MOAB                   : enabled
20240613 041325.005 INFO             PET0 ESMF_LAPACK                 : enabled
20240613 041325.005 INFO             PET0 ESMF_NETCDF                 : enabled
20240613 041325.005 INFO             PET0 ESMF_PNETCDF                : disabled
20240613 041325.005 INFO             PET0 ESMF_PIO                    : disabled
20240613 041325.005 INFO             PET0 ESMF_YAMLCPP                : enabled
20240613 041325.005 INFO             PET0  NUMBER_OF_PROCESSORS           1
20240613 041325.005 INFO             PET0  PASS  Example ESMF_TimeIntervalEx, ESMF_TimeIntervalEx.F90, line 176
20240613 041325.005 INFO             PET0  Finalizing ESMF
