2024-07-06 03:27:22
20240706 040820.949 INFO             PET0 !!!!!!!!!!!!!!!!!!!!!!!!!!!!!!!!!!!!!!!!!!!!!!!!!!!!!!
20240706 040820.949 INFO             PET0 !!! THE ESMF_LOG IS SET TO OUTPUT ALL LOG MESSAGES !!!
20240706 040820.949 INFO             PET0 !!!     THIS MAY CAUSE SLOWDOWN IN PERFORMANCE     !!!
20240706 040820.949 INFO             PET0 !!! FOR PRODUCTION RUNS, USE:                      !!!
20240706 040820.949 INFO             PET0 !!!                   ESMF_LOGKIND_Multi_On_Error  !!!
20240706 040820.949 INFO             PET0 !!!!!!!!!!!!!!!!!!!!!!!!!!!!!!!!!!!!!!!!!!!!!!!!!!!!!!
20240706 040820.949 INFO             PET0 Running with ESMF Version   : v8.7.0b08-12-ga4da9b3757
20240706 040820.949 INFO             PET0 ESMF library build date/time: "Jul  6 2024" "03:24:10"
20240706 040820.949 INFO             PET0 ESMF library build location : /glade/derecho/scratch/sacks/esmf-testing/nvhpc_23.7_mpiuni_O_develop/esmf
20240706 040820.949 INFO             PET0 ESMF_COMM                   : mpiuni
20240706 040820.950 INFO             PET0 ESMF_MOAB                   : enabled
20240706 040820.950 INFO             PET0 ESMF_LAPACK                 : enabled
20240706 040820.950 INFO             PET0 ESMF_NETCDF                 : enabled
20240706 040820.950 INFO             PET0 ESMF_PNETCDF                : disabled
20240706 040820.950 INFO             PET0 ESMF_PIO                    : enabled
20240706 040820.950 INFO             PET0 ESMF_YAMLCPP                : enabled
20240706 040820.950 INFO             PET0  NUMBER_OF_PROCESSORS            1
20240706 040820.950 INFO             PET0  PASS  Example ESMF_VMSendVMRecvEx, ESMF_VMSendVMRecvEx.F90, line 120
20240706 040820.950 INFO             PET0  Finalizing ESMF
