2024-07-21 03:33:36
20240721 041939.473 INFO             PET0 !!!!!!!!!!!!!!!!!!!!!!!!!!!!!!!!!!!!!!!!!!!!!!!!!!!!!!
20240721 041939.473 INFO             PET0 !!! THE ESMF_LOG IS SET TO OUTPUT ALL LOG MESSAGES !!!
20240721 041939.473 INFO             PET0 !!!     THIS MAY CAUSE SLOWDOWN IN PERFORMANCE     !!!
20240721 041939.473 INFO             PET0 !!! FOR PRODUCTION RUNS, USE:                      !!!
20240721 041939.473 INFO             PET0 !!!                   ESMF_LOGKIND_Multi_On_Error  !!!
20240721 041939.473 INFO             PET0 !!!!!!!!!!!!!!!!!!!!!!!!!!!!!!!!!!!!!!!!!!!!!!!!!!!!!!
20240721 041939.473 INFO             PET0 Running with ESMF Version   : v8.7.0b09
20240721 041939.473 INFO             PET0 ESMF library build date/time: "Jul 21 2024" "03:30:06"
20240721 041939.473 INFO             PET0 ESMF library build location : /glade/derecho/scratch/sacks/esmf-testing/nvhpc_23.7_mpiuni_O_develop/esmf
20240721 041939.473 INFO             PET0 ESMF_COMM                   : mpiuni
20240721 041939.477 INFO             PET0 ESMF_MOAB                   : enabled
20240721 041939.477 INFO             PET0 ESMF_LAPACK                 : enabled
20240721 041939.477 INFO             PET0 ESMF_NETCDF                 : enabled
20240721 041939.477 INFO             PET0 ESMF_PNETCDF                : disabled
20240721 041939.477 INFO             PET0 ESMF_PIO                    : enabled
20240721 041939.477 INFO             PET0 ESMF_YAMLCPP                : enabled
20240721 041939.478 INFO             PET0 ESMF Tracing Enabled
20240721 041939.478 INFO             PET0 ESMF Profiling Enabled
20240721 041939.478 INFO             PET0 ESMF Trace/Profile clock: REALTIME
20240721 041939.694 INFO             PET0  NUMBER_OF_PROCESSORS            1
20240721 041939.694 INFO             PET0  PASS  Example ESMF_TraceEx, ESMF_TraceEx.F90, line 178
20240721 041939.694 INFO             PET0  Finalizing ESMF
20240721 041939.694 INFO             PET0 **************** Region Timings *******************
20240721 041939.694 INFO             PET0 Region              Count  Total (s)   Self (s)    Mean (s)    Min (s)     Max (s)
20240721 041939.694 INFO             PET0   [ESMF]            1      0.0015      0.0015      0.0015      0.0015      0.0015
20240721 041939.694 INFO             PET0     [test] Init 1   1      0.0000      0.0000      0.0000      0.0000      0.0000
20240721 041939.694 INFO             PET0     [test] Run 1    5      0.0000      0.0000      0.0000      0.0000      0.0000
20240721 041939.694 INFO             PET0     [test] Final 1  1      0.0000      0.0000      0.0000      0.0000      0.0000
