2024-05-11 03:22:15
20240511 040501.938 INFO             PET0 !!!!!!!!!!!!!!!!!!!!!!!!!!!!!!!!!!!!!!!!!!!!!!!!!!!!!!
20240511 040501.938 INFO             PET0 !!! THE ESMF_LOG IS SET TO OUTPUT ALL LOG MESSAGES !!!
20240511 040501.938 INFO             PET0 !!!     THIS MAY CAUSE SLOWDOWN IN PERFORMANCE     !!!
20240511 040501.938 INFO             PET0 !!! FOR PRODUCTION RUNS, USE:                      !!!
20240511 040501.938 INFO             PET0 !!!                   ESMF_LOGKIND_Multi_On_Error  !!!
20240511 040501.938 INFO             PET0 !!!!!!!!!!!!!!!!!!!!!!!!!!!!!!!!!!!!!!!!!!!!!!!!!!!!!!
20240511 040501.938 INFO             PET0 Running with ESMF Version   : v8.7.0b05-64-gacdb5de3ff
20240511 040501.938 INFO             PET0 ESMF library build date/time: "May 11 2024" "03:19:29"
20240511 040501.938 INFO             PET0 ESMF library build location : /glade/derecho/scratch/theurich/ESMF-Nightly-Testing/nvhpc_23.7_mpiuni_O_develop/esmf
20240511 040501.938 INFO             PET0 ESMF_COMM                   : mpiuni
20240511 040501.947 INFO             PET0 ESMF_MOAB                   : enabled
20240511 040501.947 INFO             PET0 ESMF_LAPACK                 : enabled
20240511 040501.947 INFO             PET0 ESMF_NETCDF                 : enabled
20240511 040501.947 INFO             PET0 ESMF_PNETCDF                : disabled
20240511 040501.947 INFO             PET0 ESMF_PIO                    : disabled
20240511 040501.947 INFO             PET0 ESMF_YAMLCPP                : enabled
20240511 040501.955 INFO             PET0  NUMBER_OF_PROCESSORS            1
20240511 040501.962 INFO             PET0  PASS  Example ESMF_LocStreamEx, ESMF_LocStreamEx.F90, line 784
20240511 040501.962 INFO             PET0  Finalizing ESMF
