2024-06-26 03:25:30
20240626 040959.842 INFO             PET0 !!!!!!!!!!!!!!!!!!!!!!!!!!!!!!!!!!!!!!!!!!!!!!!!!!!!!!
20240626 040959.842 INFO             PET0 !!! THE ESMF_LOG IS SET TO OUTPUT ALL LOG MESSAGES !!!
20240626 040959.842 INFO             PET0 !!!     THIS MAY CAUSE SLOWDOWN IN PERFORMANCE     !!!
20240626 040959.842 INFO             PET0 !!! FOR PRODUCTION RUNS, USE:                      !!!
20240626 040959.842 INFO             PET0 !!!                   ESMF_LOGKIND_Multi_On_Error  !!!
20240626 040959.842 INFO             PET0 !!!!!!!!!!!!!!!!!!!!!!!!!!!!!!!!!!!!!!!!!!!!!!!!!!!!!!
20240626 040959.842 INFO             PET0 Running with ESMF Version   : v8.7.0b07-3-g03d0eb5fc0
20240626 040959.842 INFO             PET0 ESMF library build date/time: "Jun 26 2024" "03:22:04"
20240626 040959.842 INFO             PET0 ESMF library build location : /glade/derecho/scratch/sacks/esmf-testing/nvhpc_23.7_mpiuni_O_develop/esmf
20240626 040959.842 INFO             PET0 ESMF_COMM                   : mpiuni
20240626 040959.844 INFO             PET0 ESMF_MOAB                   : enabled
20240626 040959.844 INFO             PET0 ESMF_LAPACK                 : enabled
20240626 040959.844 INFO             PET0 ESMF_NETCDF                 : enabled
20240626 040959.844 INFO             PET0 ESMF_PNETCDF                : disabled
20240626 040959.844 INFO             PET0 ESMF_PIO                    : disabled
20240626 040959.844 INFO             PET0 ESMF_YAMLCPP                : enabled
20240626 040959.844 INFO             PET0  NUMBER_OF_PROCESSORS            1
20240626 040959.844 INFO             PET0  PASS  Example CalendarEx, ESMF_CalendarEx.F90, line 217
20240626 040959.844 INFO             PET0  Finalizing ESMF
