2024-07-21 03:33:36
20240721 042026.428 INFO             PET0 !!!!!!!!!!!!!!!!!!!!!!!!!!!!!!!!!!!!!!!!!!!!!!!!!!!!!!
20240721 042026.428 INFO             PET0 !!! THE ESMF_LOG IS SET TO OUTPUT ALL LOG MESSAGES !!!
20240721 042026.428 INFO             PET0 !!!     THIS MAY CAUSE SLOWDOWN IN PERFORMANCE     !!!
20240721 042026.428 INFO             PET0 !!! FOR PRODUCTION RUNS, USE:                      !!!
20240721 042026.428 INFO             PET0 !!!                   ESMF_LOGKIND_Multi_On_Error  !!!
20240721 042026.428 INFO             PET0 !!!!!!!!!!!!!!!!!!!!!!!!!!!!!!!!!!!!!!!!!!!!!!!!!!!!!!
20240721 042026.428 INFO             PET0 Running with ESMF Version   : v8.7.0b09
20240721 042026.428 INFO             PET0 ESMF library build date/time: "Jul 21 2024" "03:30:06"
20240721 042026.428 INFO             PET0 ESMF library build location : /glade/derecho/scratch/sacks/esmf-testing/nvhpc_23.7_mpiuni_O_develop/esmf
20240721 042026.428 INFO             PET0 ESMF_COMM                   : mpiuni
20240721 042026.429 INFO             PET0 ESMF_MOAB                   : enabled
20240721 042026.429 INFO             PET0 ESMF_LAPACK                 : enabled
20240721 042026.429 INFO             PET0 ESMF_NETCDF                 : enabled
20240721 042026.429 INFO             PET0 ESMF_PNETCDF                : disabled
20240721 042026.429 INFO             PET0 ESMF_PIO                    : enabled
20240721 042026.429 INFO             PET0 ESMF_YAMLCPP                : enabled
20240721 042026.432 INFO             PET0  NUMBER_OF_PROCESSORS            1
20240721 042026.432 INFO             PET0  PASS  Example ESMF_FieldArbGridEx, ESMF_FieldArbGridEx.F90, line 243
20240721 042026.432 INFO             PET0  Finalizing ESMF
