2024-06-21 03:33:32
20240621 041550.255 INFO             PET0 !!!!!!!!!!!!!!!!!!!!!!!!!!!!!!!!!!!!!!!!!!!!!!!!!!!!!!
20240621 041550.255 INFO             PET0 !!! THE ESMF_LOG IS SET TO OUTPUT ALL LOG MESSAGES !!!
20240621 041550.255 INFO             PET0 !!!     THIS MAY CAUSE SLOWDOWN IN PERFORMANCE     !!!
20240621 041550.255 INFO             PET0 !!! FOR PRODUCTION RUNS, USE:                      !!!
20240621 041550.255 INFO             PET0 !!!                   ESMF_LOGKIND_Multi_On_Error  !!!
20240621 041550.255 INFO             PET0 !!!!!!!!!!!!!!!!!!!!!!!!!!!!!!!!!!!!!!!!!!!!!!!!!!!!!!
20240621 041550.255 INFO             PET0 Running with ESMF Version   : v8.7.0b07-2-ga1ccd5de8a
20240621 041550.255 INFO             PET0 ESMF library build date/time: "Jun 21 2024" "03:30:16"
20240621 041550.255 INFO             PET0 ESMF library build location : /glade/derecho/scratch/sacks/esmf-testing/nvhpc_23.7_mpiuni_O_develop/esmf
20240621 041550.255 INFO             PET0 ESMF_COMM                   : mpiuni
20240621 041550.256 INFO             PET0 ESMF_MOAB                   : enabled
20240621 041550.256 INFO             PET0 ESMF_LAPACK                 : enabled
20240621 041550.256 INFO             PET0 ESMF_NETCDF                 : enabled
20240621 041550.256 INFO             PET0 ESMF_PNETCDF                : disabled
20240621 041550.256 INFO             PET0 ESMF_PIO                    : disabled
20240621 041550.256 INFO             PET0 ESMF_YAMLCPP                : enabled
20240621 041550.256 INFO             PET0  NUMBER_OF_PROCESSORS            1
20240621 041550.256 INFO             PET0  PASS  Example ESMF_VMUserMpiCommEx, ESMF_VMUserMpiCommEx.F90, line 113
20240621 041550.256 INFO             PET0  Finalizing ESMF with endflag==ESMF_END_KEEPMPI
