2024-07-18 07:30:03
20240718 080405.434 INFO             PET0 !!!!!!!!!!!!!!!!!!!!!!!!!!!!!!!!!!!!!!!!!!!!!!!!!!!!!!
20240718 080405.434 INFO             PET0 !!! THE ESMF_LOG IS SET TO OUTPUT ALL LOG MESSAGES !!!
20240718 080405.434 INFO             PET0 !!!     THIS MAY CAUSE SLOWDOWN IN PERFORMANCE     !!!
20240718 080405.434 INFO             PET0 !!! FOR PRODUCTION RUNS, USE:                      !!!
20240718 080405.434 INFO             PET0 !!!                   ESMF_LOGKIND_Multi_On_Error  !!!
20240718 080405.434 INFO             PET0 !!!!!!!!!!!!!!!!!!!!!!!!!!!!!!!!!!!!!!!!!!!!!!!!!!!!!!
20240718 080405.434 INFO             PET0 Running with ESMF Version   : v8.7.0b08-5-g631ae04f9a
20240718 080405.434 INFO             PET0 ESMF library build date/time: "Jul 18 2024" "07:27:10"
20240718 080405.434 INFO             PET0 ESMF library build location : /scratch2/NCEPDEV/stmp1/Gerhard.Theurich/ESMF-Nightly-Testing/gfortran_13.2.0_openmpi_g_feature_smm_store_search/esmf
20240718 080405.434 INFO             PET0 ESMF_COMM                   : openmpi
20240718 080405.435 INFO             PET0 ESMF_MOAB                   : enabled
20240718 080405.435 INFO             PET0 ESMF_LAPACK                 : enabled
20240718 080405.435 INFO             PET0 ESMF_NETCDF                 : disabled
20240718 080405.435 INFO             PET0 ESMF_PNETCDF                : disabled
20240718 080405.435 INFO             PET0 ESMF_PIO                    : disabled
20240718 080405.435 INFO             PET0 ESMF_YAMLCPP                : enabled
20240718 080405.435 INFO             PET0 ESMF Tracing Enabled
20240718 080405.435 INFO             PET0 ESMF Profiling Enabled
20240718 080405.435 INFO             PET0 ESMF Trace/Profile clock: REALTIME
20240718 080405.481 INFO             PET0  NUMBER_OF_PROCESSORS           4
20240718 080405.481 INFO             PET0  PASS  Example ESMF_TraceEx, ESMF_TraceEx.F90, line 178
20240718 080405.481 INFO             PET0  Finalizing ESMF
20240718 080405.481 INFO             PET0 **************** Region Timings *******************
20240718 080405.481 INFO             PET0 Region              Count  Total (s)   Self (s)    Mean (s)    Min (s)     Max (s)
20240718 080405.481 INFO             PET0   [ESMF]            1      0.0441      0.0441      0.0441      0.0441      0.0441
20240718 080405.481 INFO             PET0     [test] Init 1   1      0.0000      0.0000      0.0000      0.0000      0.0000
20240718 080405.481 INFO             PET0     [test] Run 1    5      0.0000      0.0000      0.0000      0.0000      0.0000
20240718 080405.481 INFO             PET0     [test] Final 1  1      0.0000      0.0000      0.0000      0.0000      0.0000
20240718 080405.433 INFO             PET1 !!!!!!!!!!!!!!!!!!!!!!!!!!!!!!!!!!!!!!!!!!!!!!!!!!!!!!
20240718 080405.434 INFO             PET1 !!! THE ESMF_LOG IS SET TO OUTPUT ALL LOG MESSAGES !!!
20240718 080405.434 INFO             PET1 !!!     THIS MAY CAUSE SLOWDOWN IN PERFORMANCE     !!!
20240718 080405.434 INFO             PET1 !!! FOR PRODUCTION RUNS, USE:                      !!!
20240718 080405.434 INFO             PET1 !!!                   ESMF_LOGKIND_Multi_On_Error  !!!
20240718 080405.434 INFO             PET1 !!!!!!!!!!!!!!!!!!!!!!!!!!!!!!!!!!!!!!!!!!!!!!!!!!!!!!
20240718 080405.434 INFO             PET1 Running with ESMF Version   : v8.7.0b08-5-g631ae04f9a
20240718 080405.434 INFO             PET1 ESMF library build date/time: "Jul 18 2024" "07:27:10"
20240718 080405.434 INFO             PET1 ESMF library build location : /scratch2/NCEPDEV/stmp1/Gerhard.Theurich/ESMF-Nightly-Testing/gfortran_13.2.0_openmpi_g_feature_smm_store_search/esmf
20240718 080405.434 INFO             PET1 ESMF_COMM                   : openmpi
20240718 080405.434 INFO             PET1 ESMF_MOAB                   : enabled
20240718 080405.434 INFO             PET1 ESMF_LAPACK                 : enabled
20240718 080405.434 INFO             PET1 ESMF_NETCDF                 : disabled
20240718 080405.434 INFO             PET1 ESMF_PNETCDF                : disabled
20240718 080405.434 INFO             PET1 ESMF_PIO                    : disabled
20240718 080405.434 INFO             PET1 ESMF_YAMLCPP                : enabled
20240718 080405.434 INFO             PET1 ESMF Tracing Enabled
20240718 080405.434 INFO             PET1 ESMF Profiling Enabled
20240718 080405.434 INFO             PET1 ESMF Trace/Profile clock: REALTIME
20240718 080405.481 INFO             PET1  NUMBER_OF_PROCESSORS           4
20240718 080405.481 INFO             PET1  PASS  Example ESMF_TraceEx, ESMF_TraceEx.F90, line 178
20240718 080405.481 INFO             PET1  Finalizing ESMF
20240718 080405.481 INFO             PET1 **************** Region Timings *******************
20240718 080405.481 INFO             PET1 Region              Count  Total (s)   Self (s)    Mean (s)    Min (s)     Max (s)
20240718 080405.481 INFO             PET1   [ESMF]            1      0.0443      0.0443      0.0443      0.0443      0.0443
20240718 080405.481 INFO             PET1     [test] Init 1   1      0.0000      0.0000      0.0000      0.0000      0.0000
20240718 080405.481 INFO             PET1     [test] Run 1    5      0.0000      0.0000      0.0000      0.0000      0.0000
20240718 080405.481 INFO             PET1     [test] Final 1  1      0.0000      0.0000      0.0000      0.0000      0.0000
20240718 080405.434 INFO             PET2 !!!!!!!!!!!!!!!!!!!!!!!!!!!!!!!!!!!!!!!!!!!!!!!!!!!!!!
20240718 080405.434 INFO             PET2 !!! THE ESMF_LOG IS SET TO OUTPUT ALL LOG MESSAGES !!!
20240718 080405.434 INFO             PET2 !!!     THIS MAY CAUSE SLOWDOWN IN PERFORMANCE     !!!
20240718 080405.434 INFO             PET2 !!! FOR PRODUCTION RUNS, USE:                      !!!
20240718 080405.434 INFO             PET2 !!!                   ESMF_LOGKIND_Multi_On_Error  !!!
20240718 080405.434 INFO             PET2 !!!!!!!!!!!!!!!!!!!!!!!!!!!!!!!!!!!!!!!!!!!!!!!!!!!!!!
20240718 080405.434 INFO             PET2 Running with ESMF Version   : v8.7.0b08-5-g631ae04f9a
20240718 080405.434 INFO             PET2 ESMF library build date/time: "Jul 18 2024" "07:27:10"
20240718 080405.434 INFO             PET2 ESMF library build location : /scratch2/NCEPDEV/stmp1/Gerhard.Theurich/ESMF-Nightly-Testing/gfortran_13.2.0_openmpi_g_feature_smm_store_search/esmf
20240718 080405.434 INFO             PET2 ESMF_COMM                   : openmpi
20240718 080405.434 INFO             PET2 ESMF_MOAB                   : enabled
20240718 080405.434 INFO             PET2 ESMF_LAPACK                 : enabled
20240718 080405.434 INFO             PET2 ESMF_NETCDF                 : disabled
20240718 080405.434 INFO             PET2 ESMF_PNETCDF                : disabled
20240718 080405.434 INFO             PET2 ESMF_PIO                    : disabled
20240718 080405.434 INFO             PET2 ESMF_YAMLCPP                : enabled
20240718 080405.435 INFO             PET2 ESMF Tracing Enabled
20240718 080405.435 INFO             PET2 ESMF Profiling Enabled
20240718 080405.435 INFO             PET2 ESMF Trace/Profile clock: REALTIME
20240718 080405.481 INFO             PET2  NUMBER_OF_PROCESSORS           4
20240718 080405.481 INFO             PET2  PASS  Example ESMF_TraceEx, ESMF_TraceEx.F90, line 178
20240718 080405.481 INFO             PET2  Finalizing ESMF
20240718 080405.481 INFO             PET2 **************** Region Timings *******************
20240718 080405.481 INFO             PET2 Region              Count  Total (s)   Self (s)    Mean (s)    Min (s)     Max (s)
20240718 080405.481 INFO             PET2   [ESMF]            1      0.0452      0.0451      0.0452      0.0452      0.0452
20240718 080405.481 INFO             PET2     [test] Init 1   1      0.0000      0.0000      0.0000      0.0000      0.0000
20240718 080405.481 INFO             PET2     [test] Run 1    5      0.0000      0.0000      0.0000      0.0000      0.0000
20240718 080405.481 INFO             PET2     [test] Final 1  1      0.0000      0.0000      0.0000      0.0000      0.0000
20240718 080405.433 INFO             PET3 !!!!!!!!!!!!!!!!!!!!!!!!!!!!!!!!!!!!!!!!!!!!!!!!!!!!!!
20240718 080405.433 INFO             PET3 !!! THE ESMF_LOG IS SET TO OUTPUT ALL LOG MESSAGES !!!
20240718 080405.433 INFO             PET3 !!!     THIS MAY CAUSE SLOWDOWN IN PERFORMANCE     !!!
20240718 080405.433 INFO             PET3 !!! FOR PRODUCTION RUNS, USE:                      !!!
20240718 080405.433 INFO             PET3 !!!                   ESMF_LOGKIND_Multi_On_Error  !!!
20240718 080405.433 INFO             PET3 !!!!!!!!!!!!!!!!!!!!!!!!!!!!!!!!!!!!!!!!!!!!!!!!!!!!!!
20240718 080405.433 INFO             PET3 Running with ESMF Version   : v8.7.0b08-5-g631ae04f9a
20240718 080405.433 INFO             PET3 ESMF library build date/time: "Jul 18 2024" "07:27:10"
20240718 080405.433 INFO             PET3 ESMF library build location : /scratch2/NCEPDEV/stmp1/Gerhard.Theurich/ESMF-Nightly-Testing/gfortran_13.2.0_openmpi_g_feature_smm_store_search/esmf
20240718 080405.433 INFO             PET3 ESMF_COMM                   : openmpi
20240718 080405.434 INFO             PET3 ESMF_MOAB                   : enabled
20240718 080405.434 INFO             PET3 ESMF_LAPACK                 : enabled
20240718 080405.434 INFO             PET3 ESMF_NETCDF                 : disabled
20240718 080405.434 INFO             PET3 ESMF_PNETCDF                : disabled
20240718 080405.434 INFO             PET3 ESMF_PIO                    : disabled
20240718 080405.434 INFO             PET3 ESMF_YAMLCPP                : enabled
20240718 080405.434 INFO             PET3 ESMF Tracing Enabled
20240718 080405.434 INFO             PET3 ESMF Profiling Enabled
20240718 080405.434 INFO             PET3 ESMF Trace/Profile clock: REALTIME
20240718 080405.480 INFO             PET3  NUMBER_OF_PROCESSORS           4
20240718 080405.481 INFO             PET3  PASS  Example ESMF_TraceEx, ESMF_TraceEx.F90, line 178
20240718 080405.481 INFO             PET3  Finalizing ESMF
20240718 080405.481 INFO             PET3 **************** Region Timings *******************
20240718 080405.481 INFO             PET3 Region              Count  Total (s)   Self (s)    Mean (s)    Min (s)     Max (s)
20240718 080405.481 INFO             PET3   [ESMF]            1      0.0444      0.0443      0.0444      0.0444      0.0444
20240718 080405.481 INFO             PET3     [test] Init 1   1      0.0000      0.0000      0.0000      0.0000      0.0000
20240718 080405.481 INFO             PET3     [test] Run 1    5      0.0000      0.0000      0.0000      0.0000      0.0000
20240718 080405.481 INFO             PET3     [test] Final 1  1      0.0000      0.0000      0.0000      0.0000      0.0000
