2024-07-25 20:47:43
20240725 212016.205 INFO             PET0 !!!!!!!!!!!!!!!!!!!!!!!!!!!!!!!!!!!!!!!!!!!!!!!!!!!!!!
20240725 212016.205 INFO             PET0 !!! THE ESMF_LOG IS SET TO OUTPUT ALL LOG MESSAGES !!!
20240725 212016.205 INFO             PET0 !!!     THIS MAY CAUSE SLOWDOWN IN PERFORMANCE     !!!
20240725 212016.205 INFO             PET0 !!! FOR PRODUCTION RUNS, USE:                      !!!
20240725 212016.205 INFO             PET0 !!!                   ESMF_LOGKIND_Multi_On_Error  !!!
20240725 212016.205 INFO             PET0 !!!!!!!!!!!!!!!!!!!!!!!!!!!!!!!!!!!!!!!!!!!!!!!!!!!!!!
20240725 212016.205 INFO             PET0 Running with ESMF Version   : v8.7.0b09-27-geb8bb37dac
20240725 212016.205 INFO             PET0 ESMF library build date/time: "Jul 25 2024" "20:45:33"
20240725 212016.205 INFO             PET0 ESMF library build location : /home/gerhard/ESMF-Nightly-Testing/aocc_4.1.0_mpiuni_O_feature_hconfig-extras/esmf
20240725 212016.205 INFO             PET0 ESMF_COMM                   : mpiuni
20240725 212016.205 INFO             PET0 ESMF_MOAB                   : enabled
20240725 212016.205 INFO             PET0 ESMF_LAPACK                 : enabled
20240725 212016.205 INFO             PET0 ESMF_NETCDF                 : disabled
20240725 212016.205 INFO             PET0 ESMF_PNETCDF                : disabled
20240725 212016.205 INFO             PET0 ESMF_PIO                    : disabled
20240725 212016.205 INFO             PET0 ESMF_YAMLCPP                : enabled
20240725 212016.206 INFO             PET0  NUMBER_OF_PROCESSORS            1
20240725 212016.206 INFO             PET0  PASS  Example ESMF_SCompEx, ESMF_SCompEx.F90, line 385
20240725 212016.206 INFO             PET0  Finalizing ESMF
