2024-05-22 02:38:36
20240522 031316.676 INFO             PET0 !!!!!!!!!!!!!!!!!!!!!!!!!!!!!!!!!!!!!!!!!!!!!!!!!!!!!!
20240522 031316.676 INFO             PET0 !!! THE ESMF_LOG IS SET TO OUTPUT ALL LOG MESSAGES !!!
20240522 031316.676 INFO             PET0 !!!     THIS MAY CAUSE SLOWDOWN IN PERFORMANCE     !!!
20240522 031316.676 INFO             PET0 !!! FOR PRODUCTION RUNS, USE:                      !!!
20240522 031316.676 INFO             PET0 !!!                   ESMF_LOGKIND_Multi_On_Error  !!!
20240522 031316.676 INFO             PET0 !!!!!!!!!!!!!!!!!!!!!!!!!!!!!!!!!!!!!!!!!!!!!!!!!!!!!!
20240522 031316.676 INFO             PET0 Running with ESMF Version   : v8.7.0b06
20240522 031316.676 INFO             PET0 ESMF library build date/time: "May 22 2024" "02:35:54"
20240522 031316.676 INFO             PET0 ESMF library build location : /work/noaa/da/mpotts/sandbox/gfortran_8.3.0_openmpi_g_develop/esmf
20240522 031316.676 INFO             PET0 ESMF_COMM                   : openmpi
20240522 031316.677 INFO             PET0 ESMF_MOAB                   : enabled
20240522 031316.677 INFO             PET0 ESMF_LAPACK                 : enabled
20240522 031316.677 INFO             PET0 ESMF_NETCDF                 : enabled
20240522 031316.677 INFO             PET0 ESMF_PNETCDF                : disabled
20240522 031316.677 INFO             PET0 ESMF_PIO                    : enabled
20240522 031316.677 INFO             PET0 ESMF_YAMLCPP                : enabled
20240522 031316.678 INFO             PET0  NUMBER_OF_PROCESSORS           1
20240522 031316.678 INFO             PET0  PASS  Example ESMF_TimeIntervalEx, ESMF_TimeIntervalEx.F90, line 176
20240522 031316.678 INFO             PET0  Finalizing ESMF
