2024-06-02 02:40:22
20240602 031848.080 INFO             PET0 !!!!!!!!!!!!!!!!!!!!!!!!!!!!!!!!!!!!!!!!!!!!!!!!!!!!!!
20240602 031848.080 INFO             PET0 !!! THE ESMF_LOG IS SET TO OUTPUT ALL LOG MESSAGES !!!
20240602 031848.080 INFO             PET0 !!!     THIS MAY CAUSE SLOWDOWN IN PERFORMANCE     !!!
20240602 031848.080 INFO             PET0 !!! FOR PRODUCTION RUNS, USE:                      !!!
20240602 031848.080 INFO             PET0 !!!                   ESMF_LOGKIND_Multi_On_Error  !!!
20240602 031848.080 INFO             PET0 !!!!!!!!!!!!!!!!!!!!!!!!!!!!!!!!!!!!!!!!!!!!!!!!!!!!!!
20240602 031848.080 INFO             PET0 Running with ESMF Version   : v8.7.0b06-37-g31f8806
20240602 031848.080 INFO             PET0 ESMF library build date/time: "Jun  2 2024" "02:37:07"
20240602 031848.080 INFO             PET0 ESMF library build location : /work/noaa/da/mpotts/sandbox/gfortran_8.3.0_openmpi_g_develop/esmf
20240602 031848.080 INFO             PET0 ESMF_COMM                   : openmpi
20240602 031848.082 INFO             PET0 ESMF_MOAB                   : enabled
20240602 031848.082 INFO             PET0 ESMF_LAPACK                 : enabled
20240602 031848.082 INFO             PET0 ESMF_NETCDF                 : enabled
20240602 031848.082 INFO             PET0 ESMF_PNETCDF                : disabled
20240602 031848.082 INFO             PET0 ESMF_PIO                    : enabled
20240602 031848.082 INFO             PET0 ESMF_YAMLCPP                : enabled
20240602 031848.087 INFO             PET0 ESMF_FieldRedistStoreNF(): Just entered routine.
20240602 031848.299 INFO             PET0 ESMF_FieldRedistStoreNF(): Leaving routine.
20240602 031848.323 INFO             PET0  NUMBER_OF_PROCESSORS           4
20240602 031848.323 INFO             PET0  PASS  Example ESMF_RHandleFromFileEx, ESMF_RHandleFromFileEx.F90, line 192
20240602 031848.323 INFO             PET0  Finalizing ESMF
20240602 031848.081 INFO             PET1 !!!!!!!!!!!!!!!!!!!!!!!!!!!!!!!!!!!!!!!!!!!!!!!!!!!!!!
20240602 031848.081 INFO             PET1 !!! THE ESMF_LOG IS SET TO OUTPUT ALL LOG MESSAGES !!!
20240602 031848.081 INFO             PET1 !!!     THIS MAY CAUSE SLOWDOWN IN PERFORMANCE     !!!
20240602 031848.081 INFO             PET1 !!! FOR PRODUCTION RUNS, USE:                      !!!
20240602 031848.081 INFO             PET1 !!!                   ESMF_LOGKIND_Multi_On_Error  !!!
20240602 031848.081 INFO             PET1 !!!!!!!!!!!!!!!!!!!!!!!!!!!!!!!!!!!!!!!!!!!!!!!!!!!!!!
20240602 031848.081 INFO             PET1 Running with ESMF Version   : v8.7.0b06-37-g31f8806
20240602 031848.081 INFO             PET1 ESMF library build date/time: "Jun  2 2024" "02:37:07"
20240602 031848.081 INFO             PET1 ESMF library build location : /work/noaa/da/mpotts/sandbox/gfortran_8.3.0_openmpi_g_develop/esmf
20240602 031848.081 INFO             PET1 ESMF_COMM                   : openmpi
20240602 031848.082 INFO             PET1 ESMF_MOAB                   : enabled
20240602 031848.082 INFO             PET1 ESMF_LAPACK                 : enabled
20240602 031848.082 INFO             PET1 ESMF_NETCDF                 : enabled
20240602 031848.082 INFO             PET1 ESMF_PNETCDF                : disabled
20240602 031848.082 INFO             PET1 ESMF_PIO                    : enabled
20240602 031848.082 INFO             PET1 ESMF_YAMLCPP                : enabled
20240602 031848.088 INFO             PET1 ESMF_FieldRedistStoreNF(): Just entered routine.
20240602 031848.299 INFO             PET1 ESMF_FieldRedistStoreNF(): Leaving routine.
20240602 031848.323 INFO             PET1  NUMBER_OF_PROCESSORS           4
20240602 031848.323 INFO             PET1  PASS  Example ESMF_RHandleFromFileEx, ESMF_RHandleFromFileEx.F90, line 192
20240602 031848.323 INFO             PET1  Finalizing ESMF
20240602 031848.081 INFO             PET2 !!!!!!!!!!!!!!!!!!!!!!!!!!!!!!!!!!!!!!!!!!!!!!!!!!!!!!
20240602 031848.081 INFO             PET2 !!! THE ESMF_LOG IS SET TO OUTPUT ALL LOG MESSAGES !!!
20240602 031848.081 INFO             PET2 !!!     THIS MAY CAUSE SLOWDOWN IN PERFORMANCE     !!!
20240602 031848.081 INFO             PET2 !!! FOR PRODUCTION RUNS, USE:                      !!!
20240602 031848.081 INFO             PET2 !!!                   ESMF_LOGKIND_Multi_On_Error  !!!
20240602 031848.081 INFO             PET2 !!!!!!!!!!!!!!!!!!!!!!!!!!!!!!!!!!!!!!!!!!!!!!!!!!!!!!
20240602 031848.081 INFO             PET2 Running with ESMF Version   : v8.7.0b06-37-g31f8806
20240602 031848.081 INFO             PET2 ESMF library build date/time: "Jun  2 2024" "02:37:07"
20240602 031848.081 INFO             PET2 ESMF library build location : /work/noaa/da/mpotts/sandbox/gfortran_8.3.0_openmpi_g_develop/esmf
20240602 031848.081 INFO             PET2 ESMF_COMM                   : openmpi
20240602 031848.082 INFO             PET2 ESMF_MOAB                   : enabled
20240602 031848.082 INFO             PET2 ESMF_LAPACK                 : enabled
20240602 031848.082 INFO             PET2 ESMF_NETCDF                 : enabled
20240602 031848.082 INFO             PET2 ESMF_PNETCDF                : disabled
20240602 031848.082 INFO             PET2 ESMF_PIO                    : enabled
20240602 031848.082 INFO             PET2 ESMF_YAMLCPP                : enabled
20240602 031848.089 INFO             PET2 ESMF_FieldRedistStoreNF(): Just entered routine.
20240602 031848.299 INFO             PET2 ESMF_FieldRedistStoreNF(): Leaving routine.
20240602 031848.323 INFO             PET2  NUMBER_OF_PROCESSORS           4
20240602 031848.323 INFO             PET2  PASS  Example ESMF_RHandleFromFileEx, ESMF_RHandleFromFileEx.F90, line 192
20240602 031848.323 INFO             PET2  Finalizing ESMF
20240602 031848.080 INFO             PET3 !!!!!!!!!!!!!!!!!!!!!!!!!!!!!!!!!!!!!!!!!!!!!!!!!!!!!!
20240602 031848.080 INFO             PET3 !!! THE ESMF_LOG IS SET TO OUTPUT ALL LOG MESSAGES !!!
20240602 031848.080 INFO             PET3 !!!     THIS MAY CAUSE SLOWDOWN IN PERFORMANCE     !!!
20240602 031848.080 INFO             PET3 !!! FOR PRODUCTION RUNS, USE:                      !!!
20240602 031848.080 INFO             PET3 !!!                   ESMF_LOGKIND_Multi_On_Error  !!!
20240602 031848.080 INFO             PET3 !!!!!!!!!!!!!!!!!!!!!!!!!!!!!!!!!!!!!!!!!!!!!!!!!!!!!!
20240602 031848.080 INFO             PET3 Running with ESMF Version   : v8.7.0b06-37-g31f8806
20240602 031848.080 INFO             PET3 ESMF library build date/time: "Jun  2 2024" "02:37:07"
20240602 031848.080 INFO             PET3 ESMF library build location : /work/noaa/da/mpotts/sandbox/gfortran_8.3.0_openmpi_g_develop/esmf
20240602 031848.080 INFO             PET3 ESMF_COMM                   : openmpi
20240602 031848.081 INFO             PET3 ESMF_MOAB                   : enabled
20240602 031848.081 INFO             PET3 ESMF_LAPACK                 : enabled
20240602 031848.081 INFO             PET3 ESMF_NETCDF                 : enabled
20240602 031848.081 INFO             PET3 ESMF_PNETCDF                : disabled
20240602 031848.081 INFO             PET3 ESMF_PIO                    : enabled
20240602 031848.081 INFO             PET3 ESMF_YAMLCPP                : enabled
20240602 031848.093 INFO             PET3 ESMF_FieldRedistStoreNF(): Just entered routine.
20240602 031848.299 INFO             PET3 ESMF_FieldRedistStoreNF(): Leaving routine.
20240602 031848.323 INFO             PET3  NUMBER_OF_PROCESSORS           4
20240602 031848.323 INFO             PET3  PASS  Example ESMF_RHandleFromFileEx, ESMF_RHandleFromFileEx.F90, line 192
20240602 031848.323 INFO             PET3  Finalizing ESMF
