2024-05-31 03:23:30
20240531 035903.669 INFO             PET0 !!!!!!!!!!!!!!!!!!!!!!!!!!!!!!!!!!!!!!!!!!!!!!!!!!!!!!
20240531 035903.669 INFO             PET0 !!! THE ESMF_LOG IS SET TO OUTPUT ALL LOG MESSAGES !!!
20240531 035903.669 INFO             PET0 !!!     THIS MAY CAUSE SLOWDOWN IN PERFORMANCE     !!!
20240531 035903.669 INFO             PET0 !!! FOR PRODUCTION RUNS, USE:                      !!!
20240531 035903.669 INFO             PET0 !!!                   ESMF_LOGKIND_Multi_On_Error  !!!
20240531 035903.669 INFO             PET0 !!!!!!!!!!!!!!!!!!!!!!!!!!!!!!!!!!!!!!!!!!!!!!!!!!!!!!
20240531 035903.669 INFO             PET0 Running with ESMF Version   : v8.7.0b06-37-g31f8806
20240531 035903.669 INFO             PET0 ESMF library build date/time: "May 31 2024" "03:20:44"
20240531 035903.669 INFO             PET0 ESMF library build location : /work/noaa/da/mpotts/sandbox/gfortran_8.3.0_openmpi_g_develop/esmf
20240531 035903.669 INFO             PET0 ESMF_COMM                   : openmpi
20240531 035903.669 INFO             PET0 ESMF_MOAB                   : enabled
20240531 035903.669 INFO             PET0 ESMF_LAPACK                 : enabled
20240531 035903.669 INFO             PET0 ESMF_NETCDF                 : enabled
20240531 035903.669 INFO             PET0 ESMF_PNETCDF                : disabled
20240531 035903.669 INFO             PET0 ESMF_PIO                    : enabled
20240531 035903.669 INFO             PET0 ESMF_YAMLCPP                : enabled
20240531 035903.669 INFO             PET0 ESMF Tracing Enabled
20240531 035903.669 INFO             PET0 ESMF Profiling Enabled
20240531 035903.669 INFO             PET0 ESMF Trace/Profile clock: REALTIME
20240531 035903.693 INFO             PET0  NUMBER_OF_PROCESSORS           4
20240531 035903.693 INFO             PET0  PASS  Example ESMF_TraceEx, ESMF_TraceEx.F90, line 178
20240531 035903.693 INFO             PET0  Finalizing ESMF
20240531 035903.693 INFO             PET0 **************** Region Timings *******************
20240531 035903.693 INFO             PET0 Region              Count  Total (s)   Self (s)    Mean (s)    Min (s)     Max (s)
20240531 035903.693 INFO             PET0   [ESMF]            1      0.0022      0.0021      0.0022      0.0022      0.0022
20240531 035903.693 INFO             PET0     [test] Run 1    5      0.0000      0.0000      0.0000      0.0000      0.0000
20240531 035903.693 INFO             PET0     [test] Init 1   1      0.0000      0.0000      0.0000      0.0000      0.0000
20240531 035903.693 INFO             PET0     [test] Final 1  1      0.0000      0.0000      0.0000      0.0000      0.0000
20240531 035903.669 INFO             PET1 !!!!!!!!!!!!!!!!!!!!!!!!!!!!!!!!!!!!!!!!!!!!!!!!!!!!!!
20240531 035903.669 INFO             PET1 !!! THE ESMF_LOG IS SET TO OUTPUT ALL LOG MESSAGES !!!
20240531 035903.669 INFO             PET1 !!!     THIS MAY CAUSE SLOWDOWN IN PERFORMANCE     !!!
20240531 035903.669 INFO             PET1 !!! FOR PRODUCTION RUNS, USE:                      !!!
20240531 035903.669 INFO             PET1 !!!                   ESMF_LOGKIND_Multi_On_Error  !!!
20240531 035903.669 INFO             PET1 !!!!!!!!!!!!!!!!!!!!!!!!!!!!!!!!!!!!!!!!!!!!!!!!!!!!!!
20240531 035903.669 INFO             PET1 Running with ESMF Version   : v8.7.0b06-37-g31f8806
20240531 035903.669 INFO             PET1 ESMF library build date/time: "May 31 2024" "03:20:44"
20240531 035903.669 INFO             PET1 ESMF library build location : /work/noaa/da/mpotts/sandbox/gfortran_8.3.0_openmpi_g_develop/esmf
20240531 035903.669 INFO             PET1 ESMF_COMM                   : openmpi
20240531 035903.670 INFO             PET1 ESMF_MOAB                   : enabled
20240531 035903.670 INFO             PET1 ESMF_LAPACK                 : enabled
20240531 035903.670 INFO             PET1 ESMF_NETCDF                 : enabled
20240531 035903.670 INFO             PET1 ESMF_PNETCDF                : disabled
20240531 035903.670 INFO             PET1 ESMF_PIO                    : enabled
20240531 035903.670 INFO             PET1 ESMF_YAMLCPP                : enabled
20240531 035903.670 INFO             PET1 ESMF Tracing Enabled
20240531 035903.670 INFO             PET1 ESMF Profiling Enabled
20240531 035903.670 INFO             PET1 ESMF Trace/Profile clock: REALTIME
20240531 035903.692 INFO             PET1  NUMBER_OF_PROCESSORS           4
20240531 035903.692 INFO             PET1  PASS  Example ESMF_TraceEx, ESMF_TraceEx.F90, line 178
20240531 035903.692 INFO             PET1  Finalizing ESMF
20240531 035903.692 INFO             PET1 **************** Region Timings *******************
20240531 035903.692 INFO             PET1 Region              Count  Total (s)   Self (s)    Mean (s)    Min (s)     Max (s)
20240531 035903.692 INFO             PET1   [ESMF]            1      0.0193      0.0192      0.0193      0.0193      0.0193
20240531 035903.692 INFO             PET1     [test] Init 1   1      0.0000      0.0000      0.0000      0.0000      0.0000
20240531 035903.692 INFO             PET1     [test] Run 1    5      0.0000      0.0000      0.0000      0.0000      0.0000
20240531 035903.692 INFO             PET1     [test] Final 1  1      0.0000      0.0000      0.0000      0.0000      0.0000
20240531 035903.669 INFO             PET2 !!!!!!!!!!!!!!!!!!!!!!!!!!!!!!!!!!!!!!!!!!!!!!!!!!!!!!
20240531 035903.669 INFO             PET2 !!! THE ESMF_LOG IS SET TO OUTPUT ALL LOG MESSAGES !!!
20240531 035903.669 INFO             PET2 !!!     THIS MAY CAUSE SLOWDOWN IN PERFORMANCE     !!!
20240531 035903.669 INFO             PET2 !!! FOR PRODUCTION RUNS, USE:                      !!!
20240531 035903.669 INFO             PET2 !!!                   ESMF_LOGKIND_Multi_On_Error  !!!
20240531 035903.669 INFO             PET2 !!!!!!!!!!!!!!!!!!!!!!!!!!!!!!!!!!!!!!!!!!!!!!!!!!!!!!
20240531 035903.669 INFO             PET2 Running with ESMF Version   : v8.7.0b06-37-g31f8806
20240531 035903.669 INFO             PET2 ESMF library build date/time: "May 31 2024" "03:20:44"
20240531 035903.669 INFO             PET2 ESMF library build location : /work/noaa/da/mpotts/sandbox/gfortran_8.3.0_openmpi_g_develop/esmf
20240531 035903.669 INFO             PET2 ESMF_COMM                   : openmpi
20240531 035903.670 INFO             PET2 ESMF_MOAB                   : enabled
20240531 035903.670 INFO             PET2 ESMF_LAPACK                 : enabled
20240531 035903.670 INFO             PET2 ESMF_NETCDF                 : enabled
20240531 035903.670 INFO             PET2 ESMF_PNETCDF                : disabled
20240531 035903.670 INFO             PET2 ESMF_PIO                    : enabled
20240531 035903.670 INFO             PET2 ESMF_YAMLCPP                : enabled
20240531 035903.670 INFO             PET2 ESMF Tracing Enabled
20240531 035903.670 INFO             PET2 ESMF Profiling Enabled
20240531 035903.670 INFO             PET2 ESMF Trace/Profile clock: REALTIME
20240531 035903.692 INFO             PET2  NUMBER_OF_PROCESSORS           4
20240531 035903.692 INFO             PET2  PASS  Example ESMF_TraceEx, ESMF_TraceEx.F90, line 178
20240531 035903.692 INFO             PET2  Finalizing ESMF
20240531 035903.692 INFO             PET2 **************** Region Timings *******************
20240531 035903.692 INFO             PET2 Region              Count  Total (s)   Self (s)    Mean (s)    Min (s)     Max (s)
20240531 035903.692 INFO             PET2   [ESMF]            1      0.0199      0.0199      0.0199      0.0199      0.0199
20240531 035903.692 INFO             PET2     [test] Run 1    5      0.0000      0.0000      0.0000      0.0000      0.0000
20240531 035903.692 INFO             PET2     [test] Init 1   1      0.0000      0.0000      0.0000      0.0000      0.0000
20240531 035903.692 INFO             PET2     [test] Final 1  1      0.0000      0.0000      0.0000      0.0000      0.0000
20240531 035903.670 INFO             PET3 !!!!!!!!!!!!!!!!!!!!!!!!!!!!!!!!!!!!!!!!!!!!!!!!!!!!!!
20240531 035903.670 INFO             PET3 !!! THE ESMF_LOG IS SET TO OUTPUT ALL LOG MESSAGES !!!
20240531 035903.670 INFO             PET3 !!!     THIS MAY CAUSE SLOWDOWN IN PERFORMANCE     !!!
20240531 035903.670 INFO             PET3 !!! FOR PRODUCTION RUNS, USE:                      !!!
20240531 035903.670 INFO             PET3 !!!                   ESMF_LOGKIND_Multi_On_Error  !!!
20240531 035903.670 INFO             PET3 !!!!!!!!!!!!!!!!!!!!!!!!!!!!!!!!!!!!!!!!!!!!!!!!!!!!!!
20240531 035903.670 INFO             PET3 Running with ESMF Version   : v8.7.0b06-37-g31f8806
20240531 035903.670 INFO             PET3 ESMF library build date/time: "May 31 2024" "03:20:44"
20240531 035903.670 INFO             PET3 ESMF library build location : /work/noaa/da/mpotts/sandbox/gfortran_8.3.0_openmpi_g_develop/esmf
20240531 035903.670 INFO             PET3 ESMF_COMM                   : openmpi
20240531 035903.671 INFO             PET3 ESMF_MOAB                   : enabled
20240531 035903.671 INFO             PET3 ESMF_LAPACK                 : enabled
20240531 035903.671 INFO             PET3 ESMF_NETCDF                 : enabled
20240531 035903.671 INFO             PET3 ESMF_PNETCDF                : disabled
20240531 035903.671 INFO             PET3 ESMF_PIO                    : enabled
20240531 035903.671 INFO             PET3 ESMF_YAMLCPP                : enabled
20240531 035903.671 INFO             PET3 ESMF Tracing Enabled
20240531 035903.671 INFO             PET3 ESMF Profiling Enabled
20240531 035903.671 INFO             PET3 ESMF Trace/Profile clock: REALTIME
20240531 035903.692 INFO             PET3  NUMBER_OF_PROCESSORS           4
20240531 035903.692 INFO             PET3  PASS  Example ESMF_TraceEx, ESMF_TraceEx.F90, line 178
20240531 035903.692 INFO             PET3  Finalizing ESMF
20240531 035903.692 INFO             PET3 **************** Region Timings *******************
20240531 035903.692 INFO             PET3 Region              Count  Total (s)   Self (s)    Mean (s)    Min (s)     Max (s)
20240531 035903.692 INFO             PET3   [ESMF]            1      0.0188      0.0187      0.0188      0.0188      0.0188
20240531 035903.692 INFO             PET3     [test] Init 1   1      0.0000      0.0000      0.0000      0.0000      0.0000
20240531 035903.692 INFO             PET3     [test] Run 1    5      0.0000      0.0000      0.0000      0.0000      0.0000
20240531 035903.692 INFO             PET3     [test] Final 1  1      0.0000      0.0000      0.0000      0.0000      0.0000
