2024-05-17 02:39:47
20240517 031747.128 INFO             PET0 !!!!!!!!!!!!!!!!!!!!!!!!!!!!!!!!!!!!!!!!!!!!!!!!!!!!!!
20240517 031747.128 INFO             PET0 !!! THE ESMF_LOG IS SET TO OUTPUT ALL LOG MESSAGES !!!
20240517 031747.128 INFO             PET0 !!!     THIS MAY CAUSE SLOWDOWN IN PERFORMANCE     !!!
20240517 031747.128 INFO             PET0 !!! FOR PRODUCTION RUNS, USE:                      !!!
20240517 031747.128 INFO             PET0 !!!                   ESMF_LOGKIND_Multi_On_Error  !!!
20240517 031747.128 INFO             PET0 !!!!!!!!!!!!!!!!!!!!!!!!!!!!!!!!!!!!!!!!!!!!!!!!!!!!!!
20240517 031747.128 INFO             PET0 Running with ESMF Version   : v8.7.0b05-82-gd346595
20240517 031747.128 INFO             PET0 ESMF library build date/time: "May 17 2024" "02:36:48"
20240517 031747.128 INFO             PET0 ESMF library build location : /work/noaa/da/mpotts/sandbox/gfortran_8.3.0_openmpi_g_develop/esmf
20240517 031747.128 INFO             PET0 ESMF_COMM                   : openmpi
20240517 031747.132 INFO             PET0 ESMF_MOAB                   : enabled
20240517 031747.132 INFO             PET0 ESMF_LAPACK                 : enabled
20240517 031747.132 INFO             PET0 ESMF_NETCDF                 : enabled
20240517 031747.132 INFO             PET0 ESMF_PNETCDF                : disabled
20240517 031747.132 INFO             PET0 ESMF_PIO                    : enabled
20240517 031747.132 INFO             PET0 ESMF_YAMLCPP                : enabled
20240517 031747.194 INFO             PET0  NUMBER_OF_PROCESSORS           4
20240517 031747.195 INFO             PET0  PASS  Example ESMF_StateReadWriteEx, ESMF_StateReadWriteEx.F90, line 185
20240517 031747.195 INFO             PET0  Finalizing ESMF
20240517 031747.160 INFO             PET1 !!!!!!!!!!!!!!!!!!!!!!!!!!!!!!!!!!!!!!!!!!!!!!!!!!!!!!
20240517 031747.160 INFO             PET1 !!! THE ESMF_LOG IS SET TO OUTPUT ALL LOG MESSAGES !!!
20240517 031747.160 INFO             PET1 !!!     THIS MAY CAUSE SLOWDOWN IN PERFORMANCE     !!!
20240517 031747.160 INFO             PET1 !!! FOR PRODUCTION RUNS, USE:                      !!!
20240517 031747.160 INFO             PET1 !!!                   ESMF_LOGKIND_Multi_On_Error  !!!
20240517 031747.160 INFO             PET1 !!!!!!!!!!!!!!!!!!!!!!!!!!!!!!!!!!!!!!!!!!!!!!!!!!!!!!
20240517 031747.160 INFO             PET1 Running with ESMF Version   : v8.7.0b05-82-gd346595
20240517 031747.160 INFO             PET1 ESMF library build date/time: "May 17 2024" "02:36:48"
20240517 031747.160 INFO             PET1 ESMF library build location : /work/noaa/da/mpotts/sandbox/gfortran_8.3.0_openmpi_g_develop/esmf
20240517 031747.160 INFO             PET1 ESMF_COMM                   : openmpi
20240517 031747.177 INFO             PET1 ESMF_MOAB                   : enabled
20240517 031747.177 INFO             PET1 ESMF_LAPACK                 : enabled
20240517 031747.177 INFO             PET1 ESMF_NETCDF                 : enabled
20240517 031747.178 INFO             PET1 ESMF_PNETCDF                : disabled
20240517 031747.178 INFO             PET1 ESMF_PIO                    : enabled
20240517 031747.178 INFO             PET1 ESMF_YAMLCPP                : enabled
20240517 031747.181 INFO             PET1  NUMBER_OF_PROCESSORS           4
20240517 031747.181 INFO             PET1  PASS  Example ESMF_StateReadWriteEx, ESMF_StateReadWriteEx.F90, line 185
20240517 031747.181 INFO             PET1  Finalizing ESMF
20240517 031747.153 INFO             PET2 !!!!!!!!!!!!!!!!!!!!!!!!!!!!!!!!!!!!!!!!!!!!!!!!!!!!!!
20240517 031747.154 INFO             PET2 !!! THE ESMF_LOG IS SET TO OUTPUT ALL LOG MESSAGES !!!
20240517 031747.154 INFO             PET2 !!!     THIS MAY CAUSE SLOWDOWN IN PERFORMANCE     !!!
20240517 031747.154 INFO             PET2 !!! FOR PRODUCTION RUNS, USE:                      !!!
20240517 031747.154 INFO             PET2 !!!                   ESMF_LOGKIND_Multi_On_Error  !!!
20240517 031747.154 INFO             PET2 !!!!!!!!!!!!!!!!!!!!!!!!!!!!!!!!!!!!!!!!!!!!!!!!!!!!!!
20240517 031747.154 INFO             PET2 Running with ESMF Version   : v8.7.0b05-82-gd346595
20240517 031747.154 INFO             PET2 ESMF library build date/time: "May 17 2024" "02:36:48"
20240517 031747.154 INFO             PET2 ESMF library build location : /work/noaa/da/mpotts/sandbox/gfortran_8.3.0_openmpi_g_develop/esmf
20240517 031747.154 INFO             PET2 ESMF_COMM                   : openmpi
20240517 031747.163 INFO             PET2 ESMF_MOAB                   : enabled
20240517 031747.163 INFO             PET2 ESMF_LAPACK                 : enabled
20240517 031747.163 INFO             PET2 ESMF_NETCDF                 : enabled
20240517 031747.163 INFO             PET2 ESMF_PNETCDF                : disabled
20240517 031747.163 INFO             PET2 ESMF_PIO                    : enabled
20240517 031747.163 INFO             PET2 ESMF_YAMLCPP                : enabled
20240517 031747.181 INFO             PET2  NUMBER_OF_PROCESSORS           4
20240517 031747.181 INFO             PET2  PASS  Example ESMF_StateReadWriteEx, ESMF_StateReadWriteEx.F90, line 185
20240517 031747.181 INFO             PET2  Finalizing ESMF
20240517 031747.178 INFO             PET3 !!!!!!!!!!!!!!!!!!!!!!!!!!!!!!!!!!!!!!!!!!!!!!!!!!!!!!
20240517 031747.179 INFO             PET3 !!! THE ESMF_LOG IS SET TO OUTPUT ALL LOG MESSAGES !!!
20240517 031747.179 INFO             PET3 !!!     THIS MAY CAUSE SLOWDOWN IN PERFORMANCE     !!!
20240517 031747.179 INFO             PET3 !!! FOR PRODUCTION RUNS, USE:                      !!!
20240517 031747.179 INFO             PET3 !!!                   ESMF_LOGKIND_Multi_On_Error  !!!
20240517 031747.179 INFO             PET3 !!!!!!!!!!!!!!!!!!!!!!!!!!!!!!!!!!!!!!!!!!!!!!!!!!!!!!
20240517 031747.179 INFO             PET3 Running with ESMF Version   : v8.7.0b05-82-gd346595
20240517 031747.179 INFO             PET3 ESMF library build date/time: "May 17 2024" "02:36:48"
20240517 031747.179 INFO             PET3 ESMF library build location : /work/noaa/da/mpotts/sandbox/gfortran_8.3.0_openmpi_g_develop/esmf
20240517 031747.179 INFO             PET3 ESMF_COMM                   : openmpi
20240517 031747.180 INFO             PET3 ESMF_MOAB                   : enabled
20240517 031747.180 INFO             PET3 ESMF_LAPACK                 : enabled
20240517 031747.180 INFO             PET3 ESMF_NETCDF                 : enabled
20240517 031747.180 INFO             PET3 ESMF_PNETCDF                : disabled
20240517 031747.180 INFO             PET3 ESMF_PIO                    : enabled
20240517 031747.180 INFO             PET3 ESMF_YAMLCPP                : enabled
20240517 031747.181 INFO             PET3  NUMBER_OF_PROCESSORS           4
20240517 031747.181 INFO             PET3  PASS  Example ESMF_StateReadWriteEx, ESMF_StateReadWriteEx.F90, line 185
20240517 031747.181 INFO             PET3  Finalizing ESMF
