2024-05-18 02:39:46
20240518 032121.289 INFO             PET0 !!!!!!!!!!!!!!!!!!!!!!!!!!!!!!!!!!!!!!!!!!!!!!!!!!!!!!
20240518 032121.289 INFO             PET0 !!! THE ESMF_LOG IS SET TO OUTPUT ALL LOG MESSAGES !!!
20240518 032121.289 INFO             PET0 !!!     THIS MAY CAUSE SLOWDOWN IN PERFORMANCE     !!!
20240518 032121.289 INFO             PET0 !!! FOR PRODUCTION RUNS, USE:                      !!!
20240518 032121.289 INFO             PET0 !!!                   ESMF_LOGKIND_Multi_On_Error  !!!
20240518 032121.289 INFO             PET0 !!!!!!!!!!!!!!!!!!!!!!!!!!!!!!!!!!!!!!!!!!!!!!!!!!!!!!
20240518 032121.289 INFO             PET0 Running with ESMF Version   : v8.7.0b05-86-g6f1fcac
20240518 032121.289 INFO             PET0 ESMF library build date/time: "May 18 2024" "02:36:28"
20240518 032121.289 INFO             PET0 ESMF library build location : /work/noaa/da/mpotts/sandbox/gfortran_8.3.0_openmpi_g_develop/esmf
20240518 032121.289 INFO             PET0 ESMF_COMM                   : openmpi
20240518 032121.290 INFO             PET0 ESMF_MOAB                   : enabled
20240518 032121.290 INFO             PET0 ESMF_LAPACK                 : enabled
20240518 032121.290 INFO             PET0 ESMF_NETCDF                 : enabled
20240518 032121.290 INFO             PET0 ESMF_PNETCDF                : disabled
20240518 032121.290 INFO             PET0 ESMF_PIO                    : enabled
20240518 032121.290 INFO             PET0 ESMF_YAMLCPP                : enabled
20240518 032121.390 DEBUG            PET0 about to destroy Grid: 0x1711700
20240518 032121.402 DEBUG            PET0 about to destroy Grid: 0x1712840
20240518 032121.434 INFO             PET0  NUMBER_OF_PROCESSORS           4
20240518 032121.434 INFO             PET0  PASS  Example ESMF_NUOPCAtmModelEx, ESMF_NUOPCAtmModelEx.F90, line 806
20240518 032121.434 INFO             PET0  Finalizing ESMF
20240518 032121.289 INFO             PET1 !!!!!!!!!!!!!!!!!!!!!!!!!!!!!!!!!!!!!!!!!!!!!!!!!!!!!!
20240518 032121.290 INFO             PET1 !!! THE ESMF_LOG IS SET TO OUTPUT ALL LOG MESSAGES !!!
20240518 032121.290 INFO             PET1 !!!     THIS MAY CAUSE SLOWDOWN IN PERFORMANCE     !!!
20240518 032121.290 INFO             PET1 !!! FOR PRODUCTION RUNS, USE:                      !!!
20240518 032121.290 INFO             PET1 !!!                   ESMF_LOGKIND_Multi_On_Error  !!!
20240518 032121.290 INFO             PET1 !!!!!!!!!!!!!!!!!!!!!!!!!!!!!!!!!!!!!!!!!!!!!!!!!!!!!!
20240518 032121.290 INFO             PET1 Running with ESMF Version   : v8.7.0b05-86-g6f1fcac
20240518 032121.290 INFO             PET1 ESMF library build date/time: "May 18 2024" "02:36:28"
20240518 032121.290 INFO             PET1 ESMF library build location : /work/noaa/da/mpotts/sandbox/gfortran_8.3.0_openmpi_g_develop/esmf
20240518 032121.290 INFO             PET1 ESMF_COMM                   : openmpi
20240518 032121.290 INFO             PET1 ESMF_MOAB                   : enabled
20240518 032121.290 INFO             PET1 ESMF_LAPACK                 : enabled
20240518 032121.290 INFO             PET1 ESMF_NETCDF                 : enabled
20240518 032121.290 INFO             PET1 ESMF_PNETCDF                : disabled
20240518 032121.291 INFO             PET1 ESMF_PIO                    : enabled
20240518 032121.291 INFO             PET1 ESMF_YAMLCPP                : enabled
20240518 032121.390 DEBUG            PET1 about to destroy Grid: 0x1a67260
20240518 032121.402 DEBUG            PET1 about to destroy Grid: 0x1a68520
20240518 032121.435 INFO             PET1  NUMBER_OF_PROCESSORS           4
20240518 032121.435 INFO             PET1  PASS  Example ESMF_NUOPCAtmModelEx, ESMF_NUOPCAtmModelEx.F90, line 806
20240518 032121.435 INFO             PET1  Finalizing ESMF
20240518 032121.290 INFO             PET2 !!!!!!!!!!!!!!!!!!!!!!!!!!!!!!!!!!!!!!!!!!!!!!!!!!!!!!
20240518 032121.290 INFO             PET2 !!! THE ESMF_LOG IS SET TO OUTPUT ALL LOG MESSAGES !!!
20240518 032121.290 INFO             PET2 !!!     THIS MAY CAUSE SLOWDOWN IN PERFORMANCE     !!!
20240518 032121.290 INFO             PET2 !!! FOR PRODUCTION RUNS, USE:                      !!!
20240518 032121.290 INFO             PET2 !!!                   ESMF_LOGKIND_Multi_On_Error  !!!
20240518 032121.290 INFO             PET2 !!!!!!!!!!!!!!!!!!!!!!!!!!!!!!!!!!!!!!!!!!!!!!!!!!!!!!
20240518 032121.290 INFO             PET2 Running with ESMF Version   : v8.7.0b05-86-g6f1fcac
20240518 032121.290 INFO             PET2 ESMF library build date/time: "May 18 2024" "02:36:28"
20240518 032121.290 INFO             PET2 ESMF library build location : /work/noaa/da/mpotts/sandbox/gfortran_8.3.0_openmpi_g_develop/esmf
20240518 032121.290 INFO             PET2 ESMF_COMM                   : openmpi
20240518 032121.291 INFO             PET2 ESMF_MOAB                   : enabled
20240518 032121.291 INFO             PET2 ESMF_LAPACK                 : enabled
20240518 032121.291 INFO             PET2 ESMF_NETCDF                 : enabled
20240518 032121.291 INFO             PET2 ESMF_PNETCDF                : disabled
20240518 032121.291 INFO             PET2 ESMF_PIO                    : enabled
20240518 032121.291 INFO             PET2 ESMF_YAMLCPP                : enabled
20240518 032121.390 DEBUG            PET2 about to destroy Grid: 0xb5b4d0
20240518 032121.402 DEBUG            PET2 about to destroy Grid: 0xb5c780
20240518 032121.434 INFO             PET2  NUMBER_OF_PROCESSORS           4
20240518 032121.434 INFO             PET2  PASS  Example ESMF_NUOPCAtmModelEx, ESMF_NUOPCAtmModelEx.F90, line 806
20240518 032121.434 INFO             PET2  Finalizing ESMF
20240518 032121.290 INFO             PET3 !!!!!!!!!!!!!!!!!!!!!!!!!!!!!!!!!!!!!!!!!!!!!!!!!!!!!!
20240518 032121.290 INFO             PET3 !!! THE ESMF_LOG IS SET TO OUTPUT ALL LOG MESSAGES !!!
20240518 032121.290 INFO             PET3 !!!     THIS MAY CAUSE SLOWDOWN IN PERFORMANCE     !!!
20240518 032121.290 INFO             PET3 !!! FOR PRODUCTION RUNS, USE:                      !!!
20240518 032121.290 INFO             PET3 !!!                   ESMF_LOGKIND_Multi_On_Error  !!!
20240518 032121.290 INFO             PET3 !!!!!!!!!!!!!!!!!!!!!!!!!!!!!!!!!!!!!!!!!!!!!!!!!!!!!!
20240518 032121.290 INFO             PET3 Running with ESMF Version   : v8.7.0b05-86-g6f1fcac
20240518 032121.290 INFO             PET3 ESMF library build date/time: "May 18 2024" "02:36:28"
20240518 032121.290 INFO             PET3 ESMF library build location : /work/noaa/da/mpotts/sandbox/gfortran_8.3.0_openmpi_g_develop/esmf
20240518 032121.290 INFO             PET3 ESMF_COMM                   : openmpi
20240518 032121.291 INFO             PET3 ESMF_MOAB                   : enabled
20240518 032121.291 INFO             PET3 ESMF_LAPACK                 : enabled
20240518 032121.291 INFO             PET3 ESMF_NETCDF                 : enabled
20240518 032121.291 INFO             PET3 ESMF_PNETCDF                : disabled
20240518 032121.291 INFO             PET3 ESMF_PIO                    : enabled
20240518 032121.291 INFO             PET3 ESMF_YAMLCPP                : enabled
20240518 032121.390 DEBUG            PET3 about to destroy Grid: 0x12303a0
20240518 032121.402 DEBUG            PET3 about to destroy Grid: 0x12319b0
20240518 032121.434 INFO             PET3  NUMBER_OF_PROCESSORS           4
20240518 032121.434 INFO             PET3  PASS  Example ESMF_NUOPCAtmModelEx, ESMF_NUOPCAtmModelEx.F90, line 806
20240518 032121.434 INFO             PET3  Finalizing ESMF
