2024-07-25 01:46:22
20240725 022546.568 INFO             PET0 !!!!!!!!!!!!!!!!!!!!!!!!!!!!!!!!!!!!!!!!!!!!!!!!!!!!!!
20240725 022546.568 INFO             PET0 !!! THE ESMF_LOG IS SET TO OUTPUT ALL LOG MESSAGES !!!
20240725 022546.568 INFO             PET0 !!!     THIS MAY CAUSE SLOWDOWN IN PERFORMANCE     !!!
20240725 022546.568 INFO             PET0 !!! FOR PRODUCTION RUNS, USE:                      !!!
20240725 022546.568 INFO             PET0 !!!                   ESMF_LOGKIND_Multi_On_Error  !!!
20240725 022546.568 INFO             PET0 !!!!!!!!!!!!!!!!!!!!!!!!!!!!!!!!!!!!!!!!!!!!!!!!!!!!!!
20240725 022546.568 INFO             PET0 Running with ESMF Version   : v8.7.0b09-26-g87e00d02ff
20240725 022546.568 INFO             PET0 ESMF library build date/time: "Jul 25 2024" "01:44:32"
20240725 022546.568 INFO             PET0 ESMF library build location : /scratch/cluster/theurich/ESMF-Nightly-Testing/nag_7.0_mpiuni_g_feature_hconfig-extras/esmf
20240725 022546.568 INFO             PET0 ESMF_COMM                   : mpiuni
20240725 022546.568 INFO             PET0 ESMF_MOAB                   : enabled
20240725 022546.568 INFO             PET0 ESMF_LAPACK                 : enabled
20240725 022546.568 INFO             PET0 ESMF_NETCDF                 : enabled
20240725 022546.568 INFO             PET0 ESMF_PNETCDF                : disabled
20240725 022546.568 INFO             PET0 ESMF_PIO                    : enabled
20240725 022546.568 INFO             PET0 ESMF_YAMLCPP                : enabled
20240725 022546.575 INFO             PET0 AsString: 1
20240725 022546.575 INFO             PET0 asOkay:  T valueI4:          1
20240725 022546.575 INFO             PET0 asOkay:  T valueI8:          1
20240725 022546.575 INFO             PET0 asOkay:  T valueR4:   1.000000
20240725 022546.575 INFO             PET0 asOkay:  T valueR8:   1.000000
20240725 022546.575 INFO             PET0 asOkay:  F valueL:           F
20240725 022546.575 INFO             PET0 AsString: 2
20240725 022546.575 INFO             PET0 asOkay:  T valueI4:          2
20240725 022546.575 INFO             PET0 asOkay:  T valueI8:          2
20240725 022546.575 INFO             PET0 asOkay:  T valueR4:   2.000000
20240725 022546.575 INFO             PET0 asOkay:  T valueR8:   2.000000
20240725 022546.575 INFO             PET0 asOkay:  F valueL:           F
20240725 022546.575 INFO             PET0 AsString: 3
20240725 022546.575 INFO             PET0 asOkay:  T valueI4:          3
20240725 022546.575 INFO             PET0 asOkay:  T valueI8:          3
20240725 022546.575 INFO             PET0 asOkay:  T valueR4:   3.000000
20240725 022546.575 INFO             PET0 asOkay:  T valueR8:   3.000000
20240725 022546.575 INFO             PET0 asOkay:  F valueL:           F
20240725 022546.575 INFO             PET0 AsString: abc
20240725 022546.575 INFO             PET0 asOkay:  F valueI4:          0
20240725 022546.576 INFO             PET0 asOkay:  F valueI8:          0
20240725 022546.576 INFO             PET0 asOkay:  F valueR4:   0.000000
20240725 022546.576 INFO             PET0 asOkay:  F valueR8:   0.000000
20240725 022546.576 INFO             PET0 asOkay:  F valueL:           F
20240725 022546.576 INFO             PET0 AsString: b
20240725 022546.576 INFO             PET0 asOkay:  F valueI4:          0
20240725 022546.576 INFO             PET0 asOkay:  F valueI8:          0
20240725 022546.576 INFO             PET0 asOkay:  F valueR4:   0.000000
20240725 022546.576 INFO             PET0 asOkay:  F valueR8:   0.000000
20240725 022546.576 INFO             PET0 asOkay:  F valueL:           F
20240725 022546.576 INFO             PET0 AsString: TRUE
20240725 022546.576 INFO             PET0 asOkay:  F valueI4:          0
20240725 022546.576 INFO             PET0 asOkay:  F valueI8:          0
20240725 022546.576 INFO             PET0 asOkay:  F valueR4:   0.000000
20240725 022546.576 INFO             PET0 asOkay:  F valueR8:   0.000000
20240725 022546.576 INFO             PET0 asOkay:  T valueL:           T
20240725 022546.576 INFO             PET0 AsString: TRUE
20240725 022546.576 INFO             PET0 asOkay:  F valueI4:          0
20240725 022546.576 INFO             PET0 asOkay:  F valueI8:          0
20240725 022546.576 INFO             PET0 asOkay:  F valueR4:   0.000000
20240725 022546.576 INFO             PET0 asOkay:  F valueR8:   0.000000
20240725 022546.576 INFO             PET0 asOkay:  T valueL:           T
20240725 022546.576 INFO             PET0 AsString: b
20240725 022546.576 INFO             PET0 asOkay:  F valueI4:          0
20240725 022546.576 INFO             PET0 asOkay:  F valueI8:          0
20240725 022546.576 INFO             PET0 asOkay:  F valueR4:   0.000000
20240725 022546.576 INFO             PET0 asOkay:  F valueR8:   0.000000
20240725 022546.576 INFO             PET0 asOkay:  F valueL:           F
20240725 022546.576 INFO             PET0 AsString: abc
20240725 022546.576 INFO             PET0 asOkay:  F valueI4:          0
20240725 022546.576 INFO             PET0 asOkay:  F valueI8:          0
20240725 022546.576 INFO             PET0 asOkay:  F valueR4:   0.000000
20240725 022546.576 INFO             PET0 asOkay:  F valueR8:   0.000000
20240725 022546.577 INFO             PET0 asOkay:  F valueL:           F
20240725 022546.577 INFO             PET0 AsString: 3
20240725 022546.577 INFO             PET0 asOkay:  T valueI4:          3
20240725 022546.577 INFO             PET0 asOkay:  T valueI8:          3
20240725 022546.577 INFO             PET0 asOkay:  T valueR4:   3.000000
20240725 022546.577 INFO             PET0 asOkay:  T valueR8:   3.000000
20240725 022546.577 INFO             PET0 asOkay:  F valueL:           F
20240725 022546.577 INFO             PET0 AsString: 2
20240725 022546.577 INFO             PET0 asOkay:  T valueI4:          2
20240725 022546.577 INFO             PET0 asOkay:  T valueI8:          2
20240725 022546.577 INFO             PET0 asOkay:  T valueR4:   2.000000
20240725 022546.577 INFO             PET0 asOkay:  T valueR8:   2.000000
20240725 022546.577 INFO             PET0 asOkay:  F valueL:           F
20240725 022546.577 INFO             PET0 AsString: 1
20240725 022546.577 INFO             PET0 asOkay:  T valueI4:          1
20240725 022546.577 INFO             PET0 asOkay:  T valueI8:          1
20240725 022546.577 INFO             PET0 asOkay:  T valueR4:   1.000000
20240725 022546.577 INFO             PET0 asOkay:  T valueR8:   1.000000
20240725 022546.577 INFO             PET0 asOkay:  F valueL:           F
20240725 022546.578 INFO             PET0 map key=car map value: AsString: red
20240725 022546.578 INFO             PET0 map key=       car map value: asOkay:  F valueI4:          0
20240725 022546.578 INFO             PET0 map key=       car map value: asOkay:  F valueI8:          0
20240725 022546.578 INFO             PET0 map key=       car map value: asOkay:  F valueR4:   0.000000
20240725 022546.578 INFO             PET0 map key=       car map value: asOkay:  F valueR8:   0.000000
20240725 022546.578 INFO             PET0 map key=       car map value: asOkay:  F valueL:          F
20240725 022546.578 INFO             PET0 map key=bike map value: AsString: 22
20240725 022546.578 INFO             PET0 map key=      bike map value: asOkay:  T valueI4:         22
20240725 022546.579 INFO             PET0 map key=      bike map value: asOkay:  T valueI8:         22
20240725 022546.579 INFO             PET0 map key=      bike map value: asOkay:  T valueR4:  22.000000
20240725 022546.579 INFO             PET0 map key=      bike map value: asOkay:  T valueR8:  22.000000
20240725 022546.579 INFO             PET0 map key=      bike map value: asOkay:  F valueL:          F
20240725 022546.579 INFO             PET0 map key=plane map value: AsString: TRUE
20240725 022546.579 INFO             PET0 map key=     plane map value: asOkay:  F valueI4:          0
20240725 022546.579 INFO             PET0 map key=     plane map value: asOkay:  F valueI8:          0
20240725 022546.579 INFO             PET0 map key=     plane map value: asOkay:  F valueR4:   0.000000
20240725 022546.579 INFO             PET0 map key=     plane map value: asOkay:  F valueR8:   0.000000
20240725 022546.579 INFO             PET0 map key=     plane map value: asOkay:  T valueL:          T
20240725 022546.580 INFO             PET0 map key=bike map value: AsString: 22
20240725 022546.580 INFO             PET0 map key=      bike map value: asOkay:  T valueI4:         22
20240725 022546.580 INFO             PET0 map key=      bike map value: asOkay:  T valueI8:         22
20240725 022546.580 INFO             PET0 map key=      bike map value: asOkay:  T valueR4:  22.000000
20240725 022546.581 INFO             PET0 map key=      bike map value: asOkay:  T valueR8:  22.000000
20240725 022546.581 INFO             PET0 map key=      bike map value: asOkay:  F valueL:          F
20240725 022546.581 INFO             PET0 map key=plane map value: AsString: TRUE
20240725 022546.581 INFO             PET0 map key=     plane map value: asOkay:  F valueI4:          0
20240725 022546.582 INFO             PET0 map key=     plane map value: asOkay:  F valueI8:          0
20240725 022546.582 INFO             PET0 map key=     plane map value: asOkay:  F valueR4:   0.000000
20240725 022546.582 INFO             PET0 map key=     plane map value: asOkay:  F valueR8:   0.000000
20240725 022546.582 INFO             PET0 map key=     plane map value: asOkay:  T valueL:          T
20240725 022546.583 INFO             PET0 map key=car map value: AsString: red
20240725 022546.583 INFO             PET0 map key=       car map value: asOkay:  F valueI4:          0
20240725 022546.583 INFO             PET0 map key=       car map value: asOkay:  F valueI8:          0
20240725 022546.583 INFO             PET0 map key=       car map value: asOkay:  F valueR4:   0.000000
20240725 022546.584 INFO             PET0 map key=       car map value: asOkay:  F valueR8:   0.000000
20240725 022546.584 INFO             PET0 map key=       car map value: asOkay:  F valueL:          F
20240725 022546.598 INFO             PET0 HConfig from Config IsDefined:  T
20240725 022546.598 INFO             PET0 HConfig from Config IsNull:  F
20240725 022546.598 INFO             PET0 HConfig from Config IsSequence:  F
20240725 022546.598 INFO             PET0 HConfig from Config IsMap:  T
20240725 022546.621 INFO             PET0 Empty HConfig tag:               tag:yaml.org,2002:null
20240725 022546.625 INFO             PET0 WithTagsStart: --- HConfig::log() start ---------------------------------
20240725 022546.627 INFO             PET0 WithTagsStart: value_one: {word1: this, word2: is, word3: a, word4: map}
20240725 022546.627 INFO             PET0 WithTagsStart: value_two: [this, is, a, list]
20240725 022546.627 INFO             PET0 WithTagsStart: value_three: 123
20240725 022546.627 INFO             PET0 WithTagsStart: value_four: !<tag:yaml.org,2002:float> 123
20240725 022546.627 INFO             PET0 WithTagsStart: value_five: 2.5
20240725 022546.627 INFO             PET0 WithTagsStart: value_six: !<tag:yaml.org,2002:str> 2.5
20240725 022546.627 INFO             PET0 WithTagsStart: value_seven: False
20240725 022546.627 INFO             PET0 WithTagsStart: value_eight: !<tag:yaml.org,2002:str> true
20240725 022546.627 INFO             PET0 WithTagsStart: value_nine: 0x234
20240725 022546.627 INFO             PET0 WithTagsStart: value_ten: ~
20240725 022546.627 INFO             PET0 WithTagsStart: value_eleven: ~
20240725 022546.627 INFO             PET0 WithTagsStart: value_twelve: !<!myStuff> xyz
20240725 022546.627 INFO             PET0 WithTagsStart: value_thirteen: NO
20240725 022546.627 INFO             PET0 WithTagsStart: value_fourteen: !<tag:yaml.org,2002:str> NO
20240725 022546.627 INFO             PET0 WithTagsStart: --- HConfig::log() end -----------------------------------
20240725 022546.627 INFO             PET0 value_ten HConfig tag:          tag:yaml.org,2002:null
20240725 022546.628 INFO             PET0 value_eleven HConfig tag:          tag:yaml.org,2002:null
20240725 022546.628 INFO             PET0 Top level HConfig tag:          tag:yaml.org,2002:map
20240725 022546.628 INFO             PET0 value_two HConfig tag:           tag:yaml.org,2002:seq
20240725 022546.628 INFO             PET0 first key HConfig tag:           tag:yaml.org,2002:str
20240725 022546.628 INFO             PET0 value_three HConfig tag:           tag:yaml.org,2002:int
20240725 022546.629 INFO             PET0 value_nine HConfig tag:           tag:yaml.org,2002:int
20240725 022546.629 INFO             PET0 value_five HConfig tag:           tag:yaml.org,2002:float
20240725 022546.629 INFO             PET0 value_seven HConfig tag:            tag:yaml.org,2002:bool
20240725 022546.629 INFO             PET0 value_thirteen HConfig tag:            tag:yaml.org,2002:bool
20240725 022546.629 INFO             PET0 value_fourteen HConfig tag:             tag:yaml.org,2002:str
20240725 022546.631 INFO             PET0 value_added HConfig tag:             tag:yaml.org,2002:str
20240725 022546.631 INFO             PET0 WithTagsFinish: --- HConfig::log() start ---------------------------------
20240725 022546.632 INFO             PET0 WithTagsFinish: value_one: {word1: this, word2: is, word3: a, word4: map}
20240725 022546.632 INFO             PET0 WithTagsFinish: value_two: [this, is, a, list]
20240725 022546.632 INFO             PET0 WithTagsFinish: value_three: 123
20240725 022546.632 INFO             PET0 WithTagsFinish: value_four: !<tag:yaml.org,2002:float> 123
20240725 022546.632 INFO             PET0 WithTagsFinish: value_five: 2.5
20240725 022546.632 INFO             PET0 WithTagsFinish: value_six: !<tag:yaml.org,2002:str> 2.5
20240725 022546.632 INFO             PET0 WithTagsFinish: value_seven: False
20240725 022546.632 INFO             PET0 WithTagsFinish: value_eight: !<tag:yaml.org,2002:str> true
20240725 022546.633 INFO             PET0 WithTagsFinish: value_nine: 0x234
20240725 022546.633 INFO             PET0 WithTagsFinish: value_ten: ~
20240725 022546.633 INFO             PET0 WithTagsFinish: value_eleven: ~
20240725 022546.633 INFO             PET0 WithTagsFinish: value_twelve: !<!myStuff> xyz
20240725 022546.633 INFO             PET0 WithTagsFinish: value_thirteen: NO
20240725 022546.633 INFO             PET0 WithTagsFinish: value_fourteen: !<tag:yaml.org,2002:str> NO
20240725 022546.633 INFO             PET0 WithTagsFinish: value_added: !<tag:yaml.org,2002:str> NO
20240725 022546.633 INFO             PET0 WithTagsFinish: --- HConfig::log() end -----------------------------------
20240725 022546.633 INFO             PET0 value_four HConfig tag:           tag:yaml.org,2002:float
20240725 022546.633 INFO             PET0 value_six HConfig tag:             tag:yaml.org,2002:str
