2024-07-18 03:50:25
20240718 043045.778 INFO             PET0 !!!!!!!!!!!!!!!!!!!!!!!!!!!!!!!!!!!!!!!!!!!!!!!!!!!!!!
20240718 043045.778 INFO             PET0 !!! THE ESMF_LOG IS SET TO OUTPUT ALL LOG MESSAGES !!!
20240718 043045.778 INFO             PET0 !!!     THIS MAY CAUSE SLOWDOWN IN PERFORMANCE     !!!
20240718 043045.778 INFO             PET0 !!! FOR PRODUCTION RUNS, USE:                      !!!
20240718 043045.778 INFO             PET0 !!!                   ESMF_LOGKIND_Multi_On_Error  !!!
20240718 043045.778 INFO             PET0 !!!!!!!!!!!!!!!!!!!!!!!!!!!!!!!!!!!!!!!!!!!!!!!!!!!!!!
20240718 043045.778 INFO             PET0 Running with ESMF Version   : v8.7.0b08-5-g631ae04f9a
20240718 043045.778 INFO             PET0 ESMF library build date/time: "Jul 18 2024" "03:47:55"
20240718 043045.778 INFO             PET0 ESMF library build location : /glade/derecho/scratch/sacks/esmf-testing/cce_15.0.1_mpiuni_O_feature_smm_store_search/esmf
20240718 043045.778 INFO             PET0 ESMF_COMM                   : mpiuni
20240718 043045.779 INFO             PET0 ESMF_MOAB                   : enabled
20240718 043045.779 INFO             PET0 ESMF_LAPACK                 : enabled
20240718 043045.779 INFO             PET0 ESMF_NETCDF                 : enabled
20240718 043045.779 INFO             PET0 ESMF_PNETCDF                : disabled
20240718 043045.779 INFO             PET0 ESMF_PIO                    : enabled
20240718 043045.779 INFO             PET0 ESMF_YAMLCPP                : enabled
20240718 043045.779 INFO             PET0  NUMBER_OF_PROCESSORS 1
20240718 043045.780 INFO             PET0  PASS  Example ESMF_InfoGetFromHostEx, ESMF_InfoGetFromHostEx.F90, line 112
20240718 043045.780 INFO             PET0  Finalizing ESMF
