2024-05-29 03:59:38
20240529 042241.323 INFO             PET0 !!!!!!!!!!!!!!!!!!!!!!!!!!!!!!!!!!!!!!!!!!!!!!!!!!!!!!
20240529 042241.323 INFO             PET0 !!! THE ESMF_LOG IS SET TO OUTPUT ALL LOG MESSAGES !!!
20240529 042241.323 INFO             PET0 !!!     THIS MAY CAUSE SLOWDOWN IN PERFORMANCE     !!!
20240529 042241.323 INFO             PET0 !!! FOR PRODUCTION RUNS, USE:                      !!!
20240529 042241.323 INFO             PET0 !!!                   ESMF_LOGKIND_Multi_On_Error  !!!
20240529 042241.323 INFO             PET0 !!!!!!!!!!!!!!!!!!!!!!!!!!!!!!!!!!!!!!!!!!!!!!!!!!!!!!
20240529 042241.323 INFO             PET0 Running with ESMF Version   : v8.7.0b06-6-g5fb1a7b839
20240529 042241.323 INFO             PET0 ESMF library build date/time: "May 29 2024" "03:58:43"
20240529 042241.323 INFO             PET0 ESMF library build location : /tmp/intel_2023.1.0-oneAPI_mpi_O_develop/esmf
20240529 042241.323 INFO             PET0 ESMF_COMM                   : mpi
20240529 042241.323 INFO             PET0 ESMF_MOAB                   : enabled
20240529 042241.323 INFO             PET0 ESMF_LAPACK                 : enabled
20240529 042241.323 INFO             PET0 ESMF_NETCDF                 : enabled
20240529 042241.323 INFO             PET0 ESMF_PNETCDF                : disabled
20240529 042241.323 INFO             PET0 ESMF_PIO                    : enabled
20240529 042241.323 INFO             PET0 ESMF_YAMLCPP                : enabled
20240529 042241.352 DEBUG            PET0 about to destroy Grid: 0x68fa50
20240529 042241.355 DEBUG            PET0 about to destroy Grid: 0x692d00
20240529 042241.364 INFO             PET0  NUMBER_OF_PROCESSORS           4
20240529 042241.364 INFO             PET0  PASS  Example ESMF_NUOPCAtmModelEx, ESMF_NUOPCAtmModelEx.F90, line 806
20240529 042241.364 INFO             PET0  Finalizing ESMF
20240529 042241.323 INFO             PET1 !!!!!!!!!!!!!!!!!!!!!!!!!!!!!!!!!!!!!!!!!!!!!!!!!!!!!!
20240529 042241.323 INFO             PET1 !!! THE ESMF_LOG IS SET TO OUTPUT ALL LOG MESSAGES !!!
20240529 042241.323 INFO             PET1 !!!     THIS MAY CAUSE SLOWDOWN IN PERFORMANCE     !!!
20240529 042241.323 INFO             PET1 !!! FOR PRODUCTION RUNS, USE:                      !!!
20240529 042241.323 INFO             PET1 !!!                   ESMF_LOGKIND_Multi_On_Error  !!!
20240529 042241.323 INFO             PET1 !!!!!!!!!!!!!!!!!!!!!!!!!!!!!!!!!!!!!!!!!!!!!!!!!!!!!!
20240529 042241.323 INFO             PET1 Running with ESMF Version   : v8.7.0b06-6-g5fb1a7b839
20240529 042241.323 INFO             PET1 ESMF library build date/time: "May 29 2024" "03:58:43"
20240529 042241.323 INFO             PET1 ESMF library build location : /tmp/intel_2023.1.0-oneAPI_mpi_O_develop/esmf
20240529 042241.323 INFO             PET1 ESMF_COMM                   : mpi
20240529 042241.323 INFO             PET1 ESMF_MOAB                   : enabled
20240529 042241.323 INFO             PET1 ESMF_LAPACK                 : enabled
20240529 042241.323 INFO             PET1 ESMF_NETCDF                 : enabled
20240529 042241.323 INFO             PET1 ESMF_PNETCDF                : disabled
20240529 042241.323 INFO             PET1 ESMF_PIO                    : enabled
20240529 042241.323 INFO             PET1 ESMF_YAMLCPP                : enabled
20240529 042241.352 DEBUG            PET1 about to destroy Grid: 0x68ef60
20240529 042241.355 DEBUG            PET1 about to destroy Grid: 0x68fef0
20240529 042241.364 INFO             PET1  NUMBER_OF_PROCESSORS           4
20240529 042241.364 INFO             PET1  PASS  Example ESMF_NUOPCAtmModelEx, ESMF_NUOPCAtmModelEx.F90, line 806
20240529 042241.364 INFO             PET1  Finalizing ESMF
20240529 042241.323 INFO             PET2 !!!!!!!!!!!!!!!!!!!!!!!!!!!!!!!!!!!!!!!!!!!!!!!!!!!!!!
20240529 042241.323 INFO             PET2 !!! THE ESMF_LOG IS SET TO OUTPUT ALL LOG MESSAGES !!!
20240529 042241.323 INFO             PET2 !!!     THIS MAY CAUSE SLOWDOWN IN PERFORMANCE     !!!
20240529 042241.323 INFO             PET2 !!! FOR PRODUCTION RUNS, USE:                      !!!
20240529 042241.323 INFO             PET2 !!!                   ESMF_LOGKIND_Multi_On_Error  !!!
20240529 042241.323 INFO             PET2 !!!!!!!!!!!!!!!!!!!!!!!!!!!!!!!!!!!!!!!!!!!!!!!!!!!!!!
20240529 042241.323 INFO             PET2 Running with ESMF Version   : v8.7.0b06-6-g5fb1a7b839
20240529 042241.323 INFO             PET2 ESMF library build date/time: "May 29 2024" "03:58:43"
20240529 042241.323 INFO             PET2 ESMF library build location : /tmp/intel_2023.1.0-oneAPI_mpi_O_develop/esmf
20240529 042241.323 INFO             PET2 ESMF_COMM                   : mpi
20240529 042241.323 INFO             PET2 ESMF_MOAB                   : enabled
20240529 042241.323 INFO             PET2 ESMF_LAPACK                 : enabled
20240529 042241.323 INFO             PET2 ESMF_NETCDF                 : enabled
20240529 042241.323 INFO             PET2 ESMF_PNETCDF                : disabled
20240529 042241.323 INFO             PET2 ESMF_PIO                    : enabled
20240529 042241.323 INFO             PET2 ESMF_YAMLCPP                : enabled
20240529 042241.352 DEBUG            PET2 about to destroy Grid: 0x68e880
20240529 042241.355 DEBUG            PET2 about to destroy Grid: 0x68f870
20240529 042241.364 INFO             PET2  NUMBER_OF_PROCESSORS           4
20240529 042241.364 INFO             PET2  PASS  Example ESMF_NUOPCAtmModelEx, ESMF_NUOPCAtmModelEx.F90, line 806
20240529 042241.364 INFO             PET2  Finalizing ESMF
20240529 042241.323 INFO             PET3 !!!!!!!!!!!!!!!!!!!!!!!!!!!!!!!!!!!!!!!!!!!!!!!!!!!!!!
20240529 042241.323 INFO             PET3 !!! THE ESMF_LOG IS SET TO OUTPUT ALL LOG MESSAGES !!!
20240529 042241.323 INFO             PET3 !!!     THIS MAY CAUSE SLOWDOWN IN PERFORMANCE     !!!
20240529 042241.323 INFO             PET3 !!! FOR PRODUCTION RUNS, USE:                      !!!
20240529 042241.323 INFO             PET3 !!!                   ESMF_LOGKIND_Multi_On_Error  !!!
20240529 042241.323 INFO             PET3 !!!!!!!!!!!!!!!!!!!!!!!!!!!!!!!!!!!!!!!!!!!!!!!!!!!!!!
20240529 042241.323 INFO             PET3 Running with ESMF Version   : v8.7.0b06-6-g5fb1a7b839
20240529 042241.323 INFO             PET3 ESMF library build date/time: "May 29 2024" "03:58:43"
20240529 042241.323 INFO             PET3 ESMF library build location : /tmp/intel_2023.1.0-oneAPI_mpi_O_develop/esmf
20240529 042241.323 INFO             PET3 ESMF_COMM                   : mpi
20240529 042241.323 INFO             PET3 ESMF_MOAB                   : enabled
20240529 042241.323 INFO             PET3 ESMF_LAPACK                 : enabled
20240529 042241.323 INFO             PET3 ESMF_NETCDF                 : enabled
20240529 042241.323 INFO             PET3 ESMF_PNETCDF                : disabled
20240529 042241.323 INFO             PET3 ESMF_PIO                    : enabled
20240529 042241.323 INFO             PET3 ESMF_YAMLCPP                : enabled
20240529 042241.352 DEBUG            PET3 about to destroy Grid: 0x68ef70
20240529 042241.355 DEBUG            PET3 about to destroy Grid: 0x68ff00
20240529 042241.364 INFO             PET3  NUMBER_OF_PROCESSORS           4
20240529 042241.364 INFO             PET3  PASS  Example ESMF_NUOPCAtmModelEx, ESMF_NUOPCAtmModelEx.F90, line 806
20240529 042241.364 INFO             PET3  Finalizing ESMF
