2024-08-02 04:02:28
20240802 042348.584 INFO             PET0 !!!!!!!!!!!!!!!!!!!!!!!!!!!!!!!!!!!!!!!!!!!!!!!!!!!!!!
20240802 042348.584 INFO             PET0 !!! THE ESMF_LOG IS SET TO OUTPUT ALL LOG MESSAGES !!!
20240802 042348.584 INFO             PET0 !!!     THIS MAY CAUSE SLOWDOWN IN PERFORMANCE     !!!
20240802 042348.584 INFO             PET0 !!! FOR PRODUCTION RUNS, USE:                      !!!
20240802 042348.584 INFO             PET0 !!!                   ESMF_LOGKIND_Multi_On_Error  !!!
20240802 042348.584 INFO             PET0 !!!!!!!!!!!!!!!!!!!!!!!!!!!!!!!!!!!!!!!!!!!!!!!!!!!!!!
20240802 042348.584 INFO             PET0 Running with ESMF Version   : v8.7.0b10-21-g6127c6256e
20240802 042348.584 INFO             PET0 ESMF library build date/time: "Aug  2 2024" "04:01:18"
20240802 042348.584 INFO             PET0 ESMF library build location : /tmp/intel_2023.1.0-classic_mpiuni_O_nrl_work-esmx/esmf
20240802 042348.584 INFO             PET0 ESMF_COMM                   : mpiuni
20240802 042348.584 INFO             PET0 ESMF_MOAB                   : enabled
20240802 042348.584 INFO             PET0 ESMF_LAPACK                 : enabled
20240802 042348.584 INFO             PET0 ESMF_NETCDF                 : enabled
20240802 042348.584 INFO             PET0 ESMF_PNETCDF                : disabled
20240802 042348.584 INFO             PET0 ESMF_PIO                    : enabled
20240802 042348.584 INFO             PET0 ESMF_YAMLCPP                : enabled
20240802 042348.585 INFO             PET0  NUMBER_OF_PROCESSORS           1
20240802 042348.585 INFO             PET0  PASS  Example ESMF_FieldBundleCreateEx, ESMF_FieldBundleCreateEx.F90, line 561
20240802 042348.585 INFO             PET0  Finalizing ESMF
