2024-06-25 01:39:19
20240625 021055.174 INFO             PET0 !!!!!!!!!!!!!!!!!!!!!!!!!!!!!!!!!!!!!!!!!!!!!!!!!!!!!!
20240625 021055.174 INFO             PET0 !!! THE ESMF_LOG IS SET TO OUTPUT ALL LOG MESSAGES !!!
20240625 021055.174 INFO             PET0 !!!     THIS MAY CAUSE SLOWDOWN IN PERFORMANCE     !!!
20240625 021055.174 INFO             PET0 !!! FOR PRODUCTION RUNS, USE:                      !!!
20240625 021055.174 INFO             PET0 !!!                   ESMF_LOGKIND_Multi_On_Error  !!!
20240625 021055.174 INFO             PET0 !!!!!!!!!!!!!!!!!!!!!!!!!!!!!!!!!!!!!!!!!!!!!!!!!!!!!!
20240625 021055.174 INFO             PET0 Running with ESMF Version   : v8.7.0b07-2-ga1ccd5de8a
20240625 021055.174 INFO             PET0 ESMF library build date/time: "Jun 25 2024" "01:37:36"
20240625 021055.174 INFO             PET0 ESMF library build location : /glade/derecho/scratch/sacks/esmf-testing/intel_2023.2.1_mpiuni_g_develop/esmf
20240625 021055.174 INFO             PET0 ESMF_COMM                   : mpiuni
20240625 021055.175 INFO             PET0 ESMF_MOAB                   : enabled
20240625 021055.175 INFO             PET0 ESMF_LAPACK                 : enabled
20240625 021055.175 INFO             PET0 ESMF_NETCDF                 : enabled
20240625 021055.175 INFO             PET0 ESMF_PNETCDF                : disabled
20240625 021055.175 INFO             PET0 ESMF_PIO                    : disabled
20240625 021055.175 INFO             PET0 ESMF_YAMLCPP                : enabled
20240625 021055.185 INFO             PET0  NUMBER_OF_PROCESSORS           1
20240625 021055.185 INFO             PET0  PASS  Example ESMF_XGridSparseMatEx, ESMF_XGridSparseMatEx.F90, line 642
20240625 021055.185 INFO             PET0  Finalizing ESMF
