2024-05-10 01:40:54
20240510 021252.462 INFO             PET0 !!!!!!!!!!!!!!!!!!!!!!!!!!!!!!!!!!!!!!!!!!!!!!!!!!!!!!
20240510 021252.462 INFO             PET0 !!! THE ESMF_LOG IS SET TO OUTPUT ALL LOG MESSAGES !!!
20240510 021252.462 INFO             PET0 !!!     THIS MAY CAUSE SLOWDOWN IN PERFORMANCE     !!!
20240510 021252.462 INFO             PET0 !!! FOR PRODUCTION RUNS, USE:                      !!!
20240510 021252.462 INFO             PET0 !!!                   ESMF_LOGKIND_Multi_On_Error  !!!
20240510 021252.462 INFO             PET0 !!!!!!!!!!!!!!!!!!!!!!!!!!!!!!!!!!!!!!!!!!!!!!!!!!!!!!
20240510 021252.462 INFO             PET0 Running with ESMF Version   : v8.7.0b05-63-g26f506f3a9
20240510 021252.462 INFO             PET0 ESMF library build date/time: "May 10 2024" "01:39:15"
20240510 021252.462 INFO             PET0 ESMF library build location : /glade/derecho/scratch/theurich/ESMF-Nightly-Testing/intel_2023.2.1_mpiuni_g_develop/esmf
20240510 021252.462 INFO             PET0 ESMF_COMM                   : mpiuni
20240510 021252.462 INFO             PET0 ESMF_MOAB                   : enabled
20240510 021252.462 INFO             PET0 ESMF_LAPACK                 : enabled
20240510 021252.462 INFO             PET0 ESMF_NETCDF                 : enabled
20240510 021252.462 INFO             PET0 ESMF_PNETCDF                : disabled
20240510 021252.462 INFO             PET0 ESMF_PIO                    : disabled
20240510 021252.462 INFO             PET0 ESMF_YAMLCPP                : enabled
20240510 021252.463 INFO             PET0  NUMBER_OF_PROCESSORS           1
20240510 021252.463 INFO             PET0  PASS  Example ESMF_ArraySpecEx, ESMF_ArraySpecEx.F90, line 96
20240510 021252.463 INFO             PET0  Finalizing ESMF
