2024-07-08 01:38:29
20240708 020919.569 INFO             PET0 !!!!!!!!!!!!!!!!!!!!!!!!!!!!!!!!!!!!!!!!!!!!!!!!!!!!!!
20240708 020919.569 INFO             PET0 !!! THE ESMF_LOG IS SET TO OUTPUT ALL LOG MESSAGES !!!
20240708 020919.569 INFO             PET0 !!!     THIS MAY CAUSE SLOWDOWN IN PERFORMANCE     !!!
20240708 020919.569 INFO             PET0 !!! FOR PRODUCTION RUNS, USE:                      !!!
20240708 020919.569 INFO             PET0 !!!                   ESMF_LOGKIND_Multi_On_Error  !!!
20240708 020919.569 INFO             PET0 !!!!!!!!!!!!!!!!!!!!!!!!!!!!!!!!!!!!!!!!!!!!!!!!!!!!!!
20240708 020919.569 INFO             PET0 Running with ESMF Version   : v8.7.0b08-12-ga4da9b3757
20240708 020919.569 INFO             PET0 ESMF library build date/time: "Jul  8 2024" "01:36:51"
20240708 020919.569 INFO             PET0 ESMF library build location : /glade/derecho/scratch/sacks/esmf-testing/intel_2023.2.1_mpiuni_g_develop/esmf
20240708 020919.569 INFO             PET0 ESMF_COMM                   : mpiuni
20240708 020919.570 INFO             PET0 ESMF_MOAB                   : enabled
20240708 020919.570 INFO             PET0 ESMF_LAPACK                 : enabled
20240708 020919.570 INFO             PET0 ESMF_NETCDF                 : enabled
20240708 020919.570 INFO             PET0 ESMF_PNETCDF                : disabled
20240708 020919.570 INFO             PET0 ESMF_PIO                    : enabled
20240708 020919.570 INFO             PET0 ESMF_YAMLCPP                : enabled
20240708 020919.571 INFO             PET0  NUMBER_OF_PROCESSORS           1
20240708 020919.571 INFO             PET0  PASS  Example ESMF_VMNonBlockingEx, ESMF_VMNonBlockingEx.F90, line 433
20240708 020919.571 INFO             PET0  Finalizing ESMF
