2024-07-03 01:38:24
20240703 020920.913 INFO             PET0 !!!!!!!!!!!!!!!!!!!!!!!!!!!!!!!!!!!!!!!!!!!!!!!!!!!!!!
20240703 020920.913 INFO             PET0 !!! THE ESMF_LOG IS SET TO OUTPUT ALL LOG MESSAGES !!!
20240703 020920.913 INFO             PET0 !!!     THIS MAY CAUSE SLOWDOWN IN PERFORMANCE     !!!
20240703 020920.913 INFO             PET0 !!! FOR PRODUCTION RUNS, USE:                      !!!
20240703 020920.913 INFO             PET0 !!!                   ESMF_LOGKIND_Multi_On_Error  !!!
20240703 020920.913 INFO             PET0 !!!!!!!!!!!!!!!!!!!!!!!!!!!!!!!!!!!!!!!!!!!!!!!!!!!!!!
20240703 020920.913 INFO             PET0 Running with ESMF Version   : v8.7.0b08
20240703 020920.913 INFO             PET0 ESMF library build date/time: "Jul  3 2024" "01:36:48"
20240703 020920.913 INFO             PET0 ESMF library build location : /glade/derecho/scratch/sacks/esmf-testing/intel_2023.2.1_mpiuni_g_develop/esmf
20240703 020920.913 INFO             PET0 ESMF_COMM                   : mpiuni
20240703 020920.914 INFO             PET0 ESMF_MOAB                   : enabled
20240703 020920.914 INFO             PET0 ESMF_LAPACK                 : enabled
20240703 020920.914 INFO             PET0 ESMF_NETCDF                 : enabled
20240703 020920.914 INFO             PET0 ESMF_PNETCDF                : disabled
20240703 020920.914 INFO             PET0 ESMF_PIO                    : enabled
20240703 020920.914 INFO             PET0 ESMF_YAMLCPP                : enabled
20240703 020920.923 INFO             PET0 ESMF_FieldRedistStoreNF(): Just entered routine.
20240703 020921.486 INFO             PET0 ESMF_FieldRedistStoreNF(): Leaving routine.
20240703 020921.493 INFO             PET0  NUMBER_OF_PROCESSORS           1
20240703 020921.494 INFO             PET0  PASS  Example ESMF_RHandleFromFileEx, ESMF_RHandleFromFileEx.F90, line 192
20240703 020921.494 INFO             PET0  Finalizing ESMF
