2024-08-01 00:02:44
--- ESMCI::ArrayBundle::print start ---
ArrayBundle: MyArrayBundle
arrayCount = 3
--- ESMCI::ArrayBundle::print start ---
ArrayBundle: MyArrayBundle
arrayCount = 3
Container::print() multipmap:item=Container::print() multipmap:item=0 key=0 key=AonFly value=AonFly value=0x9b4f90--- ESMCI::ArrayBundle::print start ---
ArrayBundle: MyArrayBundle
--- ESMCI::ArrayBundle::print start ---
ArrayBundle: MyArrayBundle
arrayCount = 3
0x1175f80
Container::print() multipmap:item=1 key=Array002 value=0x1171d00
Container::print() multipmap:item=2
Container::print() multipmap:item=1 key=Array002 value=0x9b0de0
Container::print() multipmap:item=2 key=Array003 value=0x9b1c90
arrayCount = 3
 key=Array003 value=0x1172bf0
Container::print()      list:item=0 key=Container::print()      list:item=0 key=Array002Array002 value=0x9b0de0
Container::print()      list:item=1Container::print() multipmap:item=0 key= value=0x1171d00
Container::print()      list:item=1 key=Array003 value=0x1172bf0
Container::print()      list:item= key=Array003 value=0x9b1c90
Container::print()      list:item=2 key=AonFly value=0x9b4f90
--- ESMCI::ArrayBundle::print end ---
AonFly value=0x2580da0
Container::print() multipmap:item=1Container::print() multipmap:item=0 key=AonFly value=0x15a9ce0
Container::print() multipmap:item=1 key=2 key=AonFly value=0x1175f80
--- ESMCI::ArrayBundle::print end ---
 key=Array002 value=0x257d940
Container::print() multipmap:item=2 key=Array003 value=0x257e4c0
Array002 value=0x15a6940
Container::print() multipmap:item=2 key=Array003 value=0x15a7480
Container::print()      list:item=0 key=Array002 value=Container::print()      list:item=0 key=Array002 value=0x15a6940
0x257d940
Container::print()      list:item=1 key=Array003 value=0x257e4c0Container::print()      list:item=1 key=Array003 value=0x15a7480
Container::print()      list:item=2
Container::print()      list:item=2 key=AonFly value=0x2580da0
 key=AonFly value=0x15a9ce0
--- ESMCI::ArrayBundle::print end ---
--- ESMCI::ArrayBundle::print end ---
--- ESMCI::Array::print start ---
 Base name    = AonFly--- ESMCI::Array::print start ---
 Base name    = AonFly

 Status: Base = Ready Status: Base = Ready,  object = Ready
 Proxy        = no
,  object = Ready
 Proxy        = no
 Root Info (Attributes):
 Root Info (Attributes):
--- ESMCI::Array::print start ---
 Base name    = AonFly--- ESMCI::Array::print start ---
 Base name    = AonFly

 Status: Base = Ready,  Status: Base = Ready,  object = Ready
 object = Ready
 Proxy        = no
 Root Info (Attributes):
 Proxy        = no
 Root Info (Attributes):
{}{}{}{}Array typekind/rank: Real*4 / 2 
~ lower class' values ~Array typekind/rank: Real*4 / 2 
~ lower class' values ~
DistGrid dimCount = 2
deCount = 6
localDeCount = 2
Array typekind/rank: Real*4 / 2 
~ lower class' values ~
DistGrid dimCount = 2
deCount = 6
localDeCount = 2
~ local data in LocalArray for DE 1 ~
LocalArrayPrint: Array at address 0x9b4930:
            rank = 2, typekind = 5, Array typekind/rank: Real*4 / 2 
~ lower class' values ~
DistGrid dimCount = 2
deCount = 6
localDeCount = 1
~ local data in LocalArray for DE 2 ~
LocalArrayPrint: Array at address 0x2580a70:
            rank = 2, typekind = 5, 
DistGrid dimCount = 2
deCount = 6
localDeCount = 1
~ local data in LocalArray for DE 3 ~
LocalArrayPrint: Array at address 0x15a99b0:
            rank = 2, typekind = 5, base_addr = 0x15a6570
            ~ local data in LocalArray for DE 0 ~
LocalArrayPrint: Array at address 0x1175920:
            rank = 2, typekind = 5, base_addr = 0x11715e0
            dim[0] = 3  dim[1] = 2  
base_addr = 0x9b06c0
            dim[0] = 2  dim[1] = 2  
  Real, *4, Dim 2, Data values:
base_addr = 0x257d570
            dim[0] = 3  dim[1] = 2  
  Real, *4, Dim 2, Data values:
dim[0] = 2  dim[1] = 2  
  Real, *4, Dim 2, Data values:
  Real, *4, Dim 2, Data values:
( 1, 1) =  1.42478e-38
( 2, 1) =  0
( 1, 2) =  2.8026e-45
( 1, 1) =  2.77719e-38
( 2, 1) =  0
( 2, 2) =  1.4013e-45
dim 1: [0]: [1 [1 [1, 2] 2] 2]
dim 2: [1]: [1 [1 [1, 2] 2] 2]
~ local data in LocalArray for DE 5 ~
LocalArrayPrint: Array at address 0x9b4c60:
( 1, 1) =  1.58636e-37
( 2, 1) =  0
( 3, 1) =  0
( 1, 1) =  4.01292e-38
( 2, 1) =  0
( 1, 2) =  0
( 2, 2) =  0
( 3, 1) =  4.2039e-45
( 1, 2) =  1.4013e-45
( 2, 2) =  0
( 3, 2) =  0
            rank = 2, typekind = 5, base_addr = 0x9b4870
            dim[0] = 2  dim[1] = 1  
  Real, *4, Dim 2, Data values:
( 1, 1) =  1.42604e-38
( 2, 1) =  0
dim 1: [0]: [1 [1 [1, 2] 2] 2]
( 1, 2) =  0
( 2, 2) =  0
( 3, 2) =  0
dim 1: [0]: [1 [1 [1, 3] 3] 3]
dim 2: [1]: [1 [1 [1, 2] 2] 2]
--- ESMCI::Array::print end ---dim 1: [0]: [1 [1 [1, 2] 2] 2]
dim 2: [1]: [1 [1 [1, 2] 2] 2]
--- ESMCI::Array::print end ---
--- ESMCI::Array::print start ---
 Base name    = dim 1: [0]: [1 [1 [1, 3] 3] 3]
dim 2: [1]: [1 [1 [1, 2] 2] 2]
~ local data in LocalArray for DE 4 ~
LocalArrayPrint: Array at address 0x1175c50:
            rank = 2, typekind = 5, base_addr = 0x1175860
dim 2: [1]: [1 [1 [1, 1] 1] 1]
--- ESMCI::Array::print end ---
--- ESMCI::Array::print start ---
 Base name    = Array002
 Status: Base = Ready,  object = Ready
 Proxy        = no
 Root Info (Attributes):

--- ESMCI::Array::print start ---
 Base name    = Array002
 Status: Base = Ready,  object = Ready
Array002
 Status: Base = Ready,  object = Ready
 Proxy        = no
 Root Info (Attributes):
            dim[0] = 3  dim[1] = 1  
  Real, *4, Dim 2, Data values:
( 1, 1) =  2.77976e-38
( 2, 1) =  0
 Proxy        = no
 Root Info (Attributes):
( 3, 1) =  0
dim 1: [0]: [1 [1 [1, 3] 3] 3]
dim 2: [1]: [1 [1 [1, 1] 1] 1]
{}Array typekind/rank: Real*8 / 2 
~ lower class' values ~
DistGrid dimCount = 2
deCount = 6
localDeCount = 2
~ local data in LocalArray for DE 1 ~
LocalArrayPrint: Array at address 0x9b0760:
            rank = 2, typekind = 6, base_addr = 0x986e30
            --- ESMCI::Array::print end ---
--- ESMCI::Array::print start ---
 Base name    = dim[0] = 2  dim[1] = 2  
  Real, *8, Dim 2, Data values:
( 1, 1) =  4.93552e-317
{}Array typekind/rank: Real*8 / 2 
~ lower class' values ~
DistGrid dimCount = 2
deCount = 6
localDeCount = 1
~ local data in LocalArray for DE 2 ~
LocalArrayPrint: Array at address 0x257d610:
{}Array typekind/rank: Real*8 / 2 
~ lower class' values ~
DistGrid dimCount = 2
deCount = 6
localDeCount = 1
~ local data in LocalArray for DE 3 ~
LocalArrayPrint: Array at address 0x15a6610:
            rank = 2, typekind = 6, base_addr = 0x157c110
            Array002
 Status: Base = Ready,  object = Ready
 Proxy        = no
 Root Info (Attributes):
( 2, 1) =  0
( 1, 2) =  0
( 2, 2) =  0
dim 1: [0]: [1 [1 [1, 2] 2] 2]
dim 2: [1]: [1 [1 [1, 2] 2] 2]
~ local data in LocalArray for DE 5 ~
LocalArrayPrint: Array at address 0x9b0a90:
            rank = 2, typekind = 6, base_addr = 0x9b0dc0
            dim[0] = 2  dim[1] = 1              rank = 2, typekind = 6, base_addr = 0x2553da0
            dim[0] = 3  dim[1] = 2  
  Real, *8, Dim 2, Data values:
dim[0] = 2  dim[1] = 2  
  Real, *8, Dim 2, Data values:
( 1, 1) =  1.11302e-316

  Real, *8, Dim 2, Data values:
( 1, 1) =  0
( 2, 1) =  0
dim 1: [0]: [1 [1 [1, 2] 2] 2]
dim 2: [1]: [1 [1 [1, 1] 1] 1]
--- ESMCI::Array::print end ---
--- ESMCI::Array::print start ---
( 1, 1) =  1.93365e-316
( 2, 1) =  4.24399e-314
( 3, 1) =  4.24399e-314
( 2, 1) =  0
( 1, 2) =  0
( 2, 2) =  0
{}Array typekind/rank: Real*8 / 2 
~ lower class' values ~
DistGrid dimCount = 2
deCount = 6
localDeCount = 2
 Base name    = Array003
 Status: Base = Ready,  object = Ready
 Proxy        = no
 Root Info (Attributes):
{}( 1, 2) =  4.24399e-314
( 2, 2) =  2.122e-314
( 3, 2) =  2.122e-314
dim 1: [0]: [1 [1 [1, 3] 3] 3]
dim 1: [0]: [1 [1 [1, 2] 2] 2]
dim 2: [1]: [1 [1 [1, 2] 2] 2]
--- ESMCI::Array::print end ---
--- ESMCI::Array::print start ---
 Base name    = Array003
 Status: Base = ~ local data in LocalArray for DE 0 ~
LocalArrayPrint: Array at address 0x1171680:
            rank = 2, typekind = 6, base_addr = 0x1147d90
            dim[0] = 3  dim[1] = 2  
  Real, *8, Dim 2, Data values:
Array typekind/rank: Real*8 / 2 
~ lower class' values ~
DistGrid dimCount = 2
deCount = 6
localDeCount = 2
~ local data in LocalArray for DE 1 ~
LocalArrayPrint: Array at address 0x9b1630:
            rank = 2, typekind = 6, base_addr = 0x986de0
            dim[0] = 2  dim[1] = 2  
  Real, *8, Dim 2, Data values:
dim 2: [1]: [1 [1 [1, 2] 2] 2]
--- ESMCI::Array::print end ---
--- ESMCI::Array::print start ---
 Base name    = Array003
 Status: Base = Ready,  object = Ready,  object = Ready
 Proxy        = no
 Root Info (Attributes):
( 1, 1) =  8.95078e-317
( 2, 1) =  4.24399e-314
( 3, 1) =  4.24399e-314
( 1, 1) =  4.93392e-317
( 2, 1) =  0
( 1, 2) =  0
( 2, 2) =  0
dim 1: [0]: [1 [1 [1, 2] 2] 2]
dim 2: [1]: [1 [1 [1, 2] 2] 2]
~ local data in LocalArray for DE 5 ~
LocalArrayPrint: Array at address 0x9b1960:
            rank = 2, typekind = 6, base_addr = 0x9b0680
            Ready
 Proxy        = no
 Root Info (Attributes):
{}Array typekind/rank: Real*8 / 2 
~ lower class' values ~
DistGrid dimCount = 2
deCount = 6
localDeCount = 1
~ local data in LocalArray for DE 3 ~
LocalArrayPrint: Array at address 0x15a7150:
( 1, 2) =  4.24399e-314
( 2, 2) =  2.122e-314
( 3, 2) =  2.122e-314
dim 1: [0]: [1 [1 [1, 3] 3] 3]
dim[0] = 2  dim[1] = 1  
  Real, *8, Dim 2, Data values:
( 1, 1) =  5.01959e-317
( 2, 1) =  2.122e-314
dim 1: [0]: [1 [1 [1, 2] 2] 2]
dim 2: [1]: [1 [1 [1, 1] 1] 1]
--- ESMCI::Array::print end ---
{}Array typekind/rank: Real*8 / 2 
~ lower class' values ~
DistGrid dimCount = 2
deCount = 6
localDeCount = 1
~ local data in LocalArray for DE 2 ~
LocalArrayPrint: Array at address 0x257e150:
            rank = 2, typekind = 6,             rank = 2, typekind = 6, base_addr = 0x157bf80
            dim[0] = 2  dim[1] = 2  
  Real, *8, Dim 2, Data values:
dim 2: [1]: [1 [1 [1, 2] 2] 2]
~ local data in LocalArray for DE 4 ~
LocalArrayPrint: Array at address 0x11719b0:
            rank = 2, typekind = 6, base_addr = 0x1171ce0
            dim[0] = 3  dim[1] = 1  base_addr = 0x257e480
            dim[0] = 3  dim[1] = 2  
  Real, *8, Dim 2, Data values:
( 1, 1) =  1.11303e-316
( 2, 1) =  0
( 1, 2) =  0
( 2, 2) =  0

  Real, *8, Dim 2, Data values:
( 1, 1) =  0
( 2, 1) =  0
( 3, 1) =  0
( 1, 1) =  0
( 2, 1) =  0
( 3, 1) =  0
( 1, 2) =  0
dim 1: [0]: [1 [1 [1, 2] 2] 2]
dim 2: [1]: [1 [1 [1, 2] 2] 2]
--- ESMCI::Array::print end ---
dim 1: [0]: [1 [1 [1, 3] 3] 3]
dim 2: [1]: [1 [1 [1, 1] 1] 1]
--- ESMCI::Array::print end ---
--- ESMCI::Array::print start ---
( 2, 2) =  0
( 3, 2) =  0
dim 1: [0]: [1 [1 [1, 3] 3] 3]
dim 2: [1]: [1 [1 [1, 2] 2] 2]
--- ESMCI::Array::print end ---
 Base name    = Array003
 Status: Base = Ready,  object = Ready
 Proxy        = no
 Root Info (Attributes):
{}Array typekind/rank: Real*8 / 2 
~ lower class' values ~
DistGrid dimCount = 2
deCount = 6
localDeCount = 2
~ local data in LocalArray for DE 0 ~
LocalArrayPrint: Array at address 0x1172550:
            rank = 2, typekind = 6, base_addr = 0x1172880
            dim[0] = 3  dim[1] = 2  
  Real, *8, Dim 2, Data values:
( 1, 1) =  0
( 2, 1) =  0
( 3, 1) =  0
( 1, 2) =  0
( 2, 2) =  0
( 3, 2) =  0
dim 1: [0]: [1 [1 [1, 3] 3] 3]
dim 2: [1]: [1 [1 [1, 2] 2] 2]
  PASS  Example ESMF_ArrayBundleEx, ESMF_ArrayBundleEx.F90, line 267
~ local data in LocalArray for DE 4 ~
LocalArrayPrint: Array at address 0x11728c0:
            rank = 2, typekind = 6, base_addr = 0x11715a0
            dim[0] = 3  dim[1] = 1  
  Real, *8, Dim 2, Data values:
( 1, 1) =  9.03651e-317
( 2, 1) =  2.122e-314
( 3, 1) =  0
dim 1: [0]: [1 [1 [1, 3] 3] 3]
  PASS  Example ESMF_ArrayBundleEx, ESMF_ArrayBundleEx.F90, line 267
  PASS  Example ESMF_ArrayBundleEx, ESMF_ArrayBundleEx.F90, line 267
dim 2: [1]: [1 [1 [1, 1] 1] 1]
--- ESMCI::Array::print end ---
  PASS  Example ESMF_ArrayBundleEx, ESMF_ArrayBundleEx.F90, line 267
 PASS: ESMF_ArrayBundleEx.F90
 PASS: ESMF_ArrayBundleEx.F90
 PASS: ESMF_ArrayBundleEx.F90
 PASS: ESMF_ArrayBundleEx.F90
