2024-07-01 01:45:09
20240701 021731.226 INFO             PET0 !!!!!!!!!!!!!!!!!!!!!!!!!!!!!!!!!!!!!!!!!!!!!!!!!!!!!!
20240701 021731.226 INFO             PET0 !!! THE ESMF_LOG IS SET TO OUTPUT ALL LOG MESSAGES !!!
20240701 021731.226 INFO             PET0 !!!     THIS MAY CAUSE SLOWDOWN IN PERFORMANCE     !!!
20240701 021731.226 INFO             PET0 !!! FOR PRODUCTION RUNS, USE:                      !!!
20240701 021731.226 INFO             PET0 !!!                   ESMF_LOGKIND_Multi_On_Error  !!!
20240701 021731.226 INFO             PET0 !!!!!!!!!!!!!!!!!!!!!!!!!!!!!!!!!!!!!!!!!!!!!!!!!!!!!!
20240701 021731.226 INFO             PET0 Running with ESMF Version   : v8.7.0b07-20-g1e77226def
20240701 021731.226 INFO             PET0 ESMF library build date/time: "Jul  1 2024" "01:42:46"
20240701 021731.226 INFO             PET0 ESMF library build location : /glade/derecho/scratch/sacks/esmf-testing/gfortran_12.2.0_pio2.5.10_mpi_g_develop/esmf
20240701 021731.226 INFO             PET0 ESMF_COMM                   : mpi
20240701 021731.246 INFO             PET0 ESMF_MOAB                   : enabled
20240701 021731.246 INFO             PET0 ESMF_LAPACK                 : enabled
20240701 021731.246 INFO             PET0 ESMF_NETCDF                 : enabled
20240701 021731.246 INFO             PET0 ESMF_PNETCDF                : disabled
20240701 021731.246 INFO             PET0 ESMF_PIO                    : enabled
20240701 021731.246 INFO             PET0 ESMF_YAMLCPP                : enabled
20240701 021731.255 INFO             PET0 ESMF_FieldRedistStoreNF(): Just entered routine.
20240701 021731.431 INFO             PET0 ESMF_FieldRedistStoreNF(): Leaving routine.
20240701 021731.444 INFO             PET0  NUMBER_OF_PROCESSORS           4
20240701 021731.444 INFO             PET0  PASS  Example ESMF_RHandleFromFileEx, ESMF_RHandleFromFileEx.F90, line 192
20240701 021731.444 INFO             PET0  Finalizing ESMF
20240701 021731.226 INFO             PET1 !!!!!!!!!!!!!!!!!!!!!!!!!!!!!!!!!!!!!!!!!!!!!!!!!!!!!!
20240701 021731.226 INFO             PET1 !!! THE ESMF_LOG IS SET TO OUTPUT ALL LOG MESSAGES !!!
20240701 021731.226 INFO             PET1 !!!     THIS MAY CAUSE SLOWDOWN IN PERFORMANCE     !!!
20240701 021731.226 INFO             PET1 !!! FOR PRODUCTION RUNS, USE:                      !!!
20240701 021731.226 INFO             PET1 !!!                   ESMF_LOGKIND_Multi_On_Error  !!!
20240701 021731.226 INFO             PET1 !!!!!!!!!!!!!!!!!!!!!!!!!!!!!!!!!!!!!!!!!!!!!!!!!!!!!!
20240701 021731.226 INFO             PET1 Running with ESMF Version   : v8.7.0b07-20-g1e77226def
20240701 021731.226 INFO             PET1 ESMF library build date/time: "Jul  1 2024" "01:42:46"
20240701 021731.226 INFO             PET1 ESMF library build location : /glade/derecho/scratch/sacks/esmf-testing/gfortran_12.2.0_pio2.5.10_mpi_g_develop/esmf
20240701 021731.226 INFO             PET1 ESMF_COMM                   : mpi
20240701 021731.250 INFO             PET1 ESMF_MOAB                   : enabled
20240701 021731.250 INFO             PET1 ESMF_LAPACK                 : enabled
20240701 021731.250 INFO             PET1 ESMF_NETCDF                 : enabled
20240701 021731.250 INFO             PET1 ESMF_PNETCDF                : disabled
20240701 021731.250 INFO             PET1 ESMF_PIO                    : enabled
20240701 021731.250 INFO             PET1 ESMF_YAMLCPP                : enabled
20240701 021731.254 INFO             PET1 ESMF_FieldRedistStoreNF(): Just entered routine.
20240701 021731.431 INFO             PET1 ESMF_FieldRedistStoreNF(): Leaving routine.
20240701 021731.444 INFO             PET1  NUMBER_OF_PROCESSORS           4
20240701 021731.444 INFO             PET1  PASS  Example ESMF_RHandleFromFileEx, ESMF_RHandleFromFileEx.F90, line 192
20240701 021731.444 INFO             PET1  Finalizing ESMF
20240701 021731.225 INFO             PET2 !!!!!!!!!!!!!!!!!!!!!!!!!!!!!!!!!!!!!!!!!!!!!!!!!!!!!!
20240701 021731.225 INFO             PET2 !!! THE ESMF_LOG IS SET TO OUTPUT ALL LOG MESSAGES !!!
20240701 021731.225 INFO             PET2 !!!     THIS MAY CAUSE SLOWDOWN IN PERFORMANCE     !!!
20240701 021731.225 INFO             PET2 !!! FOR PRODUCTION RUNS, USE:                      !!!
20240701 021731.225 INFO             PET2 !!!                   ESMF_LOGKIND_Multi_On_Error  !!!
20240701 021731.225 INFO             PET2 !!!!!!!!!!!!!!!!!!!!!!!!!!!!!!!!!!!!!!!!!!!!!!!!!!!!!!
20240701 021731.225 INFO             PET2 Running with ESMF Version   : v8.7.0b07-20-g1e77226def
20240701 021731.225 INFO             PET2 ESMF library build date/time: "Jul  1 2024" "01:42:46"
20240701 021731.225 INFO             PET2 ESMF library build location : /glade/derecho/scratch/sacks/esmf-testing/gfortran_12.2.0_pio2.5.10_mpi_g_develop/esmf
20240701 021731.225 INFO             PET2 ESMF_COMM                   : mpi
20240701 021731.227 INFO             PET2 ESMF_MOAB                   : enabled
20240701 021731.227 INFO             PET2 ESMF_LAPACK                 : enabled
20240701 021731.227 INFO             PET2 ESMF_NETCDF                 : enabled
20240701 021731.227 INFO             PET2 ESMF_PNETCDF                : disabled
20240701 021731.227 INFO             PET2 ESMF_PIO                    : enabled
20240701 021731.227 INFO             PET2 ESMF_YAMLCPP                : enabled
20240701 021731.254 INFO             PET2 ESMF_FieldRedistStoreNF(): Just entered routine.
20240701 021731.431 INFO             PET2 ESMF_FieldRedistStoreNF(): Leaving routine.
20240701 021731.444 INFO             PET2  NUMBER_OF_PROCESSORS           4
20240701 021731.444 INFO             PET2  PASS  Example ESMF_RHandleFromFileEx, ESMF_RHandleFromFileEx.F90, line 192
20240701 021731.444 INFO             PET2  Finalizing ESMF
20240701 021731.230 INFO             PET3 !!!!!!!!!!!!!!!!!!!!!!!!!!!!!!!!!!!!!!!!!!!!!!!!!!!!!!
20240701 021731.230 INFO             PET3 !!! THE ESMF_LOG IS SET TO OUTPUT ALL LOG MESSAGES !!!
20240701 021731.230 INFO             PET3 !!!     THIS MAY CAUSE SLOWDOWN IN PERFORMANCE     !!!
20240701 021731.230 INFO             PET3 !!! FOR PRODUCTION RUNS, USE:                      !!!
20240701 021731.230 INFO             PET3 !!!                   ESMF_LOGKIND_Multi_On_Error  !!!
20240701 021731.230 INFO             PET3 !!!!!!!!!!!!!!!!!!!!!!!!!!!!!!!!!!!!!!!!!!!!!!!!!!!!!!
20240701 021731.230 INFO             PET3 Running with ESMF Version   : v8.7.0b07-20-g1e77226def
20240701 021731.230 INFO             PET3 ESMF library build date/time: "Jul  1 2024" "01:42:46"
20240701 021731.230 INFO             PET3 ESMF library build location : /glade/derecho/scratch/sacks/esmf-testing/gfortran_12.2.0_pio2.5.10_mpi_g_develop/esmf
20240701 021731.230 INFO             PET3 ESMF_COMM                   : mpi
20240701 021731.246 INFO             PET3 ESMF_MOAB                   : enabled
20240701 021731.246 INFO             PET3 ESMF_LAPACK                 : enabled
20240701 021731.246 INFO             PET3 ESMF_NETCDF                 : enabled
20240701 021731.246 INFO             PET3 ESMF_PNETCDF                : disabled
20240701 021731.246 INFO             PET3 ESMF_PIO                    : enabled
20240701 021731.246 INFO             PET3 ESMF_YAMLCPP                : enabled
20240701 021731.255 INFO             PET3 ESMF_FieldRedistStoreNF(): Just entered routine.
20240701 021731.431 INFO             PET3 ESMF_FieldRedistStoreNF(): Leaving routine.
20240701 021731.444 INFO             PET3  NUMBER_OF_PROCESSORS           4
20240701 021731.444 INFO             PET3  PASS  Example ESMF_RHandleFromFileEx, ESMF_RHandleFromFileEx.F90, line 192
20240701 021731.444 INFO             PET3  Finalizing ESMF
