2024-05-15 01:46:18
20240515 021733.796 INFO             PET0 !!!!!!!!!!!!!!!!!!!!!!!!!!!!!!!!!!!!!!!!!!!!!!!!!!!!!!
20240515 021733.796 INFO             PET0 !!! THE ESMF_LOG IS SET TO OUTPUT ALL LOG MESSAGES !!!
20240515 021733.796 INFO             PET0 !!!     THIS MAY CAUSE SLOWDOWN IN PERFORMANCE     !!!
20240515 021733.796 INFO             PET0 !!! FOR PRODUCTION RUNS, USE:                      !!!
20240515 021733.796 INFO             PET0 !!!                   ESMF_LOGKIND_Multi_On_Error  !!!
20240515 021733.796 INFO             PET0 !!!!!!!!!!!!!!!!!!!!!!!!!!!!!!!!!!!!!!!!!!!!!!!!!!!!!!
20240515 021733.796 INFO             PET0 Running with ESMF Version   : v8.7.0b05-81-g4bbe0ebe7e
20240515 021733.796 INFO             PET0 ESMF library build date/time: "May 15 2024" "01:44:02"
20240515 021733.797 INFO             PET0 ESMF library build location : /glade/derecho/scratch/theurich/ESMF-Nightly-Testing/gfortran_12.2.0_pio2.5.10_mpi_g_develop/esmf
20240515 021733.797 INFO             PET0 ESMF_COMM                   : mpi
20240515 021733.798 INFO             PET0 ESMF_MOAB                   : enabled
20240515 021733.798 INFO             PET0 ESMF_LAPACK                 : enabled
20240515 021733.798 INFO             PET0 ESMF_NETCDF                 : enabled
20240515 021733.798 INFO             PET0 ESMF_PNETCDF                : disabled
20240515 021733.798 INFO             PET0 ESMF_PIO                    : enabled
20240515 021733.798 INFO             PET0 ESMF_YAMLCPP                : enabled
20240515 021733.798 INFO             PET0  NUMBER_OF_PROCESSORS           1
20240515 021733.798 INFO             PET0  PASS  Example ESMF_AlarmEx, ESMF_AlarmEx.F90, line 244
20240515 021733.798 INFO             PET0  Finalizing ESMF
