2024-08-01 04:10:46
20240801 043523.931 INFO             PET0 !!!!!!!!!!!!!!!!!!!!!!!!!!!!!!!!!!!!!!!!!!!!!!!!!!!!!!
20240801 043523.931 INFO             PET0 !!! THE ESMF_LOG IS SET TO OUTPUT ALL LOG MESSAGES !!!
20240801 043523.931 INFO             PET0 !!!     THIS MAY CAUSE SLOWDOWN IN PERFORMANCE     !!!
20240801 043523.931 INFO             PET0 !!! FOR PRODUCTION RUNS, USE:                      !!!
20240801 043523.931 INFO             PET0 !!!                   ESMF_LOGKIND_Multi_On_Error  !!!
20240801 043523.931 INFO             PET0 !!!!!!!!!!!!!!!!!!!!!!!!!!!!!!!!!!!!!!!!!!!!!!!!!!!!!!
20240801 043523.931 INFO             PET0 Running with ESMF Version   : v8.7.0b10-21-g6127c6256e
20240801 043523.931 INFO             PET0 ESMF library build date/time: "Aug  1 2024" "04:09:49"
20240801 043523.931 INFO             PET0 ESMF library build location : /tmp/intel_2023.1.0-oneAPI_mpi_g_nrl_work-esmx/esmf
20240801 043523.931 INFO             PET0 ESMF_COMM                   : mpi
20240801 043523.931 INFO             PET0 ESMF_MOAB                   : enabled
20240801 043523.931 INFO             PET0 ESMF_LAPACK                 : enabled
20240801 043523.931 INFO             PET0 ESMF_NETCDF                 : enabled
20240801 043523.931 INFO             PET0 ESMF_PNETCDF                : disabled
20240801 043523.931 INFO             PET0 ESMF_PIO                    : enabled
20240801 043523.931 INFO             PET0 ESMF_YAMLCPP                : enabled
20240801 043523.932 INFO             PET0  NUMBER_OF_PROCESSORS           1
20240801 043523.932 INFO             PET0  PASS  Example ESMF_AlarmEx, ESMF_AlarmEx.F90, line 244
20240801 043523.932 INFO             PET0  Finalizing ESMF
