2024-06-07 10:21:51
20240607 120641.644 INFO             PET0 !!!!!!!!!!!!!!!!!!!!!!!!!!!!!!!!!!!!!!!!!!!!!!!!!!!!!!
20240607 120641.644 INFO             PET0 !!! THE ESMF_LOG IS SET TO OUTPUT ALL LOG MESSAGES !!!
20240607 120641.644 INFO             PET0 !!!     THIS MAY CAUSE SLOWDOWN IN PERFORMANCE     !!!
20240607 120641.644 INFO             PET0 !!! FOR PRODUCTION RUNS, USE:                      !!!
20240607 120641.644 INFO             PET0 !!!                   ESMF_LOGKIND_Multi_On_Error  !!!
20240607 120641.644 INFO             PET0 !!!!!!!!!!!!!!!!!!!!!!!!!!!!!!!!!!!!!!!!!!!!!!!!!!!!!!
20240607 120641.644 INFO             PET0 Running with ESMF Version   : v8.7.0b06-42-g13be2f7f6d
20240607 120641.644 INFO             PET0 ESMF library build date/time: "Jun  7 2024" "10:16:35"
20240607 120641.644 INFO             PET0 ESMF library build location : /discover/nobackup/projects/sbu/mpotts/esmf-test/pgi_20.4_mpiuni_O_develop/esmf
20240607 120641.644 INFO             PET0 ESMF_COMM                   : mpiuni
20240607 120641.644 INFO             PET0 ESMF_MOAB                   : enabled
20240607 120641.644 INFO             PET0 ESMF_LAPACK                 : enabled
20240607 120641.644 INFO             PET0 ESMF_NETCDF                 : disabled
20240607 120641.644 INFO             PET0 ESMF_PNETCDF                : disabled
20240607 120641.645 INFO             PET0 ESMF_PIO                    : disabled
20240607 120641.645 INFO             PET0 ESMF_YAMLCPP                : enabled
20240607 120641.645 ERROR            PET0 ESMCI_State.C:982 ESMCI::State::read() Library needed by ESMF not present  - Internal subroutine call returned Error
20240607 120641.645 ERROR            PET0 ESMF_StateAPI.cppF90:3445 ESMF_StateRead Library needed by ESMF not present  - Internal subroutine call returned Error
20240607 120641.645 INFO             PET0  NUMBER_OF_PROCESSORS            1
20240607 120641.645 INFO             PET0  PASS  Example ESMF_StateReadWriteEx, ESMF_StateReadWriteEx.F90, line 185
20240607 120641.645 INFO             PET0  Finalizing ESMF
