2024-05-19 02:05:12
20240519 030125.682 INFO             PET0 !!!!!!!!!!!!!!!!!!!!!!!!!!!!!!!!!!!!!!!!!!!!!!!!!!!!!!
20240519 030125.682 INFO             PET0 !!! THE ESMF_LOG IS SET TO OUTPUT ALL LOG MESSAGES !!!
20240519 030125.682 INFO             PET0 !!!     THIS MAY CAUSE SLOWDOWN IN PERFORMANCE     !!!
20240519 030125.682 INFO             PET0 !!! FOR PRODUCTION RUNS, USE:                      !!!
20240519 030125.682 INFO             PET0 !!!                   ESMF_LOGKIND_Multi_On_Error  !!!
20240519 030125.682 INFO             PET0 !!!!!!!!!!!!!!!!!!!!!!!!!!!!!!!!!!!!!!!!!!!!!!!!!!!!!!
20240519 030125.682 INFO             PET0 Running with ESMF Version   : v8.7.0b05-86-g6f1fcac0dc
20240519 030125.682 INFO             PET0 ESMF library build date/time: "May 19 2024" "02:01:22"
20240519 030125.683 INFO             PET0 ESMF library build location : /discover/nobackup/projects/sbu/mpotts/esmf-test/pgi_20.4_mpiuni_O_develop/esmf
20240519 030125.683 INFO             PET0 ESMF_COMM                   : mpiuni
20240519 030125.683 INFO             PET0 ESMF_MOAB                   : enabled
20240519 030125.683 INFO             PET0 ESMF_LAPACK                 : enabled
20240519 030125.683 INFO             PET0 ESMF_NETCDF                 : disabled
20240519 030125.683 INFO             PET0 ESMF_PNETCDF                : disabled
20240519 030125.683 INFO             PET0 ESMF_PIO                    : disabled
20240519 030125.683 INFO             PET0 ESMF_YAMLCPP                : enabled
20240519 030125.710 DEBUG            PET0 about to destroy Grid: 0x148ba50
20240519 030125.713 DEBUG            PET0 about to destroy Grid: 0x148cd20
20240519 030125.723 INFO             PET0  NUMBER_OF_PROCESSORS            1
20240519 030125.723 INFO             PET0  PASS  Example ESMF_NUOPCAtmModelEx, ESMF_NUOPCAtmModelEx.F90, line 806
20240519 030125.723 INFO             PET0  Finalizing ESMF
