2024-05-23 01:51:02
20240523 025937.045 INFO             PET0 !!!!!!!!!!!!!!!!!!!!!!!!!!!!!!!!!!!!!!!!!!!!!!!!!!!!!!
20240523 025937.045 INFO             PET0 !!! THE ESMF_LOG IS SET TO OUTPUT ALL LOG MESSAGES !!!
20240523 025937.045 INFO             PET0 !!!     THIS MAY CAUSE SLOWDOWN IN PERFORMANCE     !!!
20240523 025937.045 INFO             PET0 !!! FOR PRODUCTION RUNS, USE:                      !!!
20240523 025937.045 INFO             PET0 !!!                   ESMF_LOGKIND_Multi_On_Error  !!!
20240523 025937.045 INFO             PET0 !!!!!!!!!!!!!!!!!!!!!!!!!!!!!!!!!!!!!!!!!!!!!!!!!!!!!!
20240523 025937.045 INFO             PET0 Running with ESMF Version   : v8.7.0b06
20240523 025937.045 INFO             PET0 ESMF library build date/time: "May 23 2024" "01:47:02"
20240523 025937.045 INFO             PET0 ESMF library build location : /discover/nobackup/projects/sbu/mpotts/esmf-test/pgi_20.4_mpiuni_O_develop/esmf
20240523 025937.045 INFO             PET0 ESMF_COMM                   : mpiuni
20240523 025937.046 INFO             PET0 ESMF_MOAB                   : enabled
20240523 025937.046 INFO             PET0 ESMF_LAPACK                 : enabled
20240523 025937.046 INFO             PET0 ESMF_NETCDF                 : disabled
20240523 025937.046 INFO             PET0 ESMF_PNETCDF                : disabled
20240523 025937.046 INFO             PET0 ESMF_PIO                    : disabled
20240523 025937.046 INFO             PET0 ESMF_YAMLCPP                : enabled
20240523 025937.049 INFO             PET0 ESMF_FieldRedistStoreNF(): Just entered routine.
20240523 025937.131 INFO             PET0 ESMF_FieldRedistStoreNF(): Leaving routine.
20240523 025937.141 INFO             PET0  NUMBER_OF_PROCESSORS            1
20240523 025937.141 INFO             PET0  PASS  Example ESMF_RHandleFromFileEx, ESMF_RHandleFromFileEx.F90, line 192
20240523 025937.141 INFO             PET0  Finalizing ESMF
