2024-06-24 03:33:03
20240624 045351.125 INFO             PET0 !!!!!!!!!!!!!!!!!!!!!!!!!!!!!!!!!!!!!!!!!!!!!!!!!!!!!!
20240624 045351.125 INFO             PET0 !!! THE ESMF_LOG IS SET TO OUTPUT ALL LOG MESSAGES !!!
20240624 045351.125 INFO             PET0 !!!     THIS MAY CAUSE SLOWDOWN IN PERFORMANCE     !!!
20240624 045351.125 INFO             PET0 !!! FOR PRODUCTION RUNS, USE:                      !!!
20240624 045351.125 INFO             PET0 !!!                   ESMF_LOGKIND_Multi_On_Error  !!!
20240624 045351.125 INFO             PET0 !!!!!!!!!!!!!!!!!!!!!!!!!!!!!!!!!!!!!!!!!!!!!!!!!!!!!!
20240624 045351.125 INFO             PET0 Running with ESMF Version   : v8.7.0b07-2-ga1ccd5de8a
20240624 045351.125 INFO             PET0 ESMF library build date/time: "Jun 24 2024" "03:29:20"
20240624 045351.125 INFO             PET0 ESMF library build location : /discover/nobackup/projects/sbu/mpotts/esmf-test/pgi_20.4_mpiuni_O_develop/esmf
20240624 045351.125 INFO             PET0 ESMF_COMM                   : mpiuni
20240624 045351.126 INFO             PET0 ESMF_MOAB                   : enabled
20240624 045351.126 INFO             PET0 ESMF_LAPACK                 : enabled
20240624 045351.126 INFO             PET0 ESMF_NETCDF                 : disabled
20240624 045351.126 INFO             PET0 ESMF_PNETCDF                : disabled
20240624 045351.126 INFO             PET0 ESMF_PIO                    : disabled
20240624 045351.126 INFO             PET0 ESMF_YAMLCPP                : enabled
20240624 045351.126 INFO             PET0 AsString: 1
20240624 045351.126 INFO             PET0 asOkay:  T valueI4:          1
20240624 045351.126 INFO             PET0 asOkay:  T valueI8:          1
20240624 045351.126 INFO             PET0 asOkay:  T valueR4:   1.000000
20240624 045351.126 INFO             PET0 asOkay:  T valueR8:   1.000000
20240624 045351.126 INFO             PET0 asOkay:  F valueL:           F
20240624 045351.126 INFO             PET0 AsString: 2
20240624 045351.126 INFO             PET0 asOkay:  T valueI4:          2
20240624 045351.126 INFO             PET0 asOkay:  T valueI8:          2
20240624 045351.126 INFO             PET0 asOkay:  T valueR4:   2.000000
20240624 045351.126 INFO             PET0 asOkay:  T valueR8:   2.000000
20240624 045351.126 INFO             PET0 asOkay:  F valueL:           F
20240624 045351.126 INFO             PET0 AsString: 3
20240624 045351.126 INFO             PET0 asOkay:  T valueI4:          3
20240624 045351.126 INFO             PET0 asOkay:  T valueI8:          3
20240624 045351.126 INFO             PET0 asOkay:  T valueR4:   3.000000
20240624 045351.126 INFO             PET0 asOkay:  T valueR8:   3.000000
20240624 045351.126 INFO             PET0 asOkay:  F valueL:           F
20240624 045351.126 INFO             PET0 AsString: abc
20240624 045351.126 INFO             PET0 asOkay:  F valueI4:          0
20240624 045351.126 INFO             PET0 asOkay:  F valueI8:          0
20240624 045351.126 INFO             PET0 asOkay:  F valueR4:   0.000000
20240624 045351.126 INFO             PET0 asOkay:  F valueR8:   0.000000
20240624 045351.126 INFO             PET0 asOkay:  F valueL:           F
20240624 045351.126 INFO             PET0 AsString: b
20240624 045351.126 INFO             PET0 asOkay:  F valueI4:          0
20240624 045351.126 INFO             PET0 asOkay:  F valueI8:          0
20240624 045351.126 INFO             PET0 asOkay:  F valueR4:   0.000000
20240624 045351.126 INFO             PET0 asOkay:  F valueR8:   0.000000
20240624 045351.126 INFO             PET0 asOkay:  F valueL:           F
20240624 045351.126 INFO             PET0 AsString: TRUE
20240624 045351.126 INFO             PET0 asOkay:  F valueI4:          0
20240624 045351.126 INFO             PET0 asOkay:  F valueI8:          0
20240624 045351.126 INFO             PET0 asOkay:  F valueR4:   0.000000
20240624 045351.126 INFO             PET0 asOkay:  F valueR8:   0.000000
20240624 045351.126 INFO             PET0 asOkay:  T valueL:           T
20240624 045351.126 INFO             PET0 AsString: TRUE
20240624 045351.126 INFO             PET0 asOkay:  F valueI4:          0
20240624 045351.126 INFO             PET0 asOkay:  F valueI8:          0
20240624 045351.126 INFO             PET0 asOkay:  F valueR4:   0.000000
20240624 045351.127 INFO             PET0 asOkay:  F valueR8:   0.000000
20240624 045351.127 INFO             PET0 asOkay:  T valueL:           T
20240624 045351.127 INFO             PET0 AsString: b
20240624 045351.127 INFO             PET0 asOkay:  F valueI4:          0
20240624 045351.127 INFO             PET0 asOkay:  F valueI8:          0
20240624 045351.127 INFO             PET0 asOkay:  F valueR4:   0.000000
20240624 045351.128 INFO             PET0 asOkay:  F valueR8:   0.000000
20240624 045351.128 INFO             PET0 asOkay:  F valueL:           F
20240624 045351.128 INFO             PET0 AsString: abc
20240624 045351.128 INFO             PET0 asOkay:  F valueI4:          0
20240624 045351.128 INFO             PET0 asOkay:  F valueI8:          0
20240624 045351.128 INFO             PET0 asOkay:  F valueR4:   0.000000
20240624 045351.128 INFO             PET0 asOkay:  F valueR8:   0.000000
20240624 045351.128 INFO             PET0 asOkay:  F valueL:           F
20240624 045351.128 INFO             PET0 AsString: 3
20240624 045351.128 INFO             PET0 asOkay:  T valueI4:          3
20240624 045351.128 INFO             PET0 asOkay:  T valueI8:          3
20240624 045351.128 INFO             PET0 asOkay:  T valueR4:   3.000000
20240624 045351.128 INFO             PET0 asOkay:  T valueR8:   3.000000
20240624 045351.128 INFO             PET0 asOkay:  F valueL:           F
20240624 045351.128 INFO             PET0 AsString: 2
20240624 045351.128 INFO             PET0 asOkay:  T valueI4:          2
20240624 045351.128 INFO             PET0 asOkay:  T valueI8:          2
20240624 045351.128 INFO             PET0 asOkay:  T valueR4:   2.000000
20240624 045351.128 INFO             PET0 asOkay:  T valueR8:   2.000000
20240624 045351.128 INFO             PET0 asOkay:  F valueL:           F
20240624 045351.128 INFO             PET0 AsString: 1
20240624 045351.128 INFO             PET0 asOkay:  T valueI4:          1
20240624 045351.128 INFO             PET0 asOkay:  T valueI8:          1
20240624 045351.128 INFO             PET0 asOkay:  T valueR4:   1.000000
20240624 045351.128 INFO             PET0 asOkay:  T valueR8:   1.000000
20240624 045351.128 INFO             PET0 asOkay:  F valueL:           F
20240624 045351.128 INFO             PET0 map key=car map value: AsString: red
20240624 045351.128 INFO             PET0 map key=       car map value: asOkay:  F valueI4:          0
20240624 045351.128 INFO             PET0 map key=       car map value: asOkay:  F valueI8:          0
20240624 045351.128 INFO             PET0 map key=       car map value: asOkay:  F valueR4:   0.000000
20240624 045351.128 INFO             PET0 map key=       car map value: asOkay:  F valueR8:   0.000000
20240624 045351.128 INFO             PET0 map key=       car map value: asOkay:  F valueL:          F
20240624 045351.128 INFO             PET0 map key=bike map value: AsString: 22
20240624 045351.128 INFO             PET0 map key=      bike map value: asOkay:  T valueI4:         22
20240624 045351.128 INFO             PET0 map key=      bike map value: asOkay:  T valueI8:         22
20240624 045351.128 INFO             PET0 map key=      bike map value: asOkay:  T valueR4:  22.000000
20240624 045351.129 INFO             PET0 map key=      bike map value: asOkay:  T valueR8:  22.000000
20240624 045351.129 INFO             PET0 map key=      bike map value: asOkay:  F valueL:          F
20240624 045351.129 INFO             PET0 map key=plane map value: AsString: TRUE
20240624 045351.129 INFO             PET0 map key=     plane map value: asOkay:  F valueI4:          0
20240624 045351.129 INFO             PET0 map key=     plane map value: asOkay:  F valueI8:          0
20240624 045351.129 INFO             PET0 map key=     plane map value: asOkay:  F valueR4:   0.000000
20240624 045351.129 INFO             PET0 map key=     plane map value: asOkay:  F valueR8:   0.000000
20240624 045351.129 INFO             PET0 map key=     plane map value: asOkay:  T valueL:          T
20240624 045351.129 INFO             PET0 map key=bike map value: AsString: 22
20240624 045351.129 INFO             PET0 map key=      bike map value: asOkay:  T valueI4:         22
20240624 045351.129 INFO             PET0 map key=      bike map value: asOkay:  T valueI8:         22
20240624 045351.129 INFO             PET0 map key=      bike map value: asOkay:  T valueR4:  22.000000
20240624 045351.129 INFO             PET0 map key=      bike map value: asOkay:  T valueR8:  22.000000
20240624 045351.129 INFO             PET0 map key=      bike map value: asOkay:  F valueL:          F
20240624 045351.129 INFO             PET0 map key=plane map value: AsString: TRUE
20240624 045351.129 INFO             PET0 map key=     plane map value: asOkay:  F valueI4:          0
20240624 045351.129 INFO             PET0 map key=     plane map value: asOkay:  F valueI8:          0
20240624 045351.129 INFO             PET0 map key=     plane map value: asOkay:  F valueR4:   0.000000
20240624 045351.129 INFO             PET0 map key=     plane map value: asOkay:  F valueR8:   0.000000
20240624 045351.129 INFO             PET0 map key=     plane map value: asOkay:  T valueL:          T
20240624 045351.129 INFO             PET0 map key=car map value: AsString: red
20240624 045351.129 INFO             PET0 map key=       car map value: asOkay:  F valueI4:          0
20240624 045351.129 INFO             PET0 map key=       car map value: asOkay:  F valueI8:          0
20240624 045351.129 INFO             PET0 map key=       car map value: asOkay:  F valueR4:   0.000000
20240624 045351.129 INFO             PET0 map key=       car map value: asOkay:  F valueR8:   0.000000
20240624 045351.129 INFO             PET0 map key=       car map value: asOkay:  F valueL:          F
20240624 045351.130 INFO             PET0 HConfig from Config IsDefined:  T
20240624 045351.130 INFO             PET0 HConfig from Config IsNull:  F
20240624 045351.130 INFO             PET0 HConfig from Config IsSequence:  F
20240624 045351.130 INFO             PET0 HConfig from Config IsMap:  T
20240624 045351.132 INFO             PET0 Empty HConfig tag:               tag:yaml.org,2002:null
20240624 045351.132 INFO             PET0 value_ten HConfig tag:          tag:yaml.org,2002:null
20240624 045351.132 INFO             PET0 value_eleven HConfig tag:          tag:yaml.org,2002:null
20240624 045351.132 INFO             PET0 Top level HConfig tag:          tag:yaml.org,2002:map
20240624 045351.132 INFO             PET0 value_two HConfig tag:           tag:yaml.org,2002:seq
20240624 045351.132 INFO             PET0 first key HConfig tag:           tag:yaml.org,2002:str
20240624 045351.132 INFO             PET0 value_three HConfig tag:           tag:yaml.org,2002:int
20240624 045351.132 INFO             PET0 value_nine HConfig tag:           tag:yaml.org,2002:int
20240624 045351.133 INFO             PET0 value_five HConfig tag:           tag:yaml.org,2002:float
20240624 045351.133 INFO             PET0 value_seven HConfig tag:            tag:yaml.org,2002:bool
20240624 045351.133 INFO             PET0 value_four HConfig tag:           tag:yaml.org,2002:float
20240624 045351.133 INFO             PET0 value_six HConfig tag:             tag:yaml.org,2002:str
20240624 045351.133 INFO             PET0 value_eight HConfig tag:             tag:yaml.org,2002:str
20240624 045351.133 INFO             PET0 value_twelve HConfig tag:                          !myStuff
20240624 045351.138 INFO             PET0 docCount:        3
20240624 045351.141 INFO             PET0 valueI4Seq:        1       2       3
20240624 045351.141 INFO             PET0 asOkay for Logical:  F
20240624 045351.141 INFO             PET0 asOkay for String:  T
20240624 045351.141 INFO             PET0 valueSSeq: 1         2         3
20240624 045351.142 INFO             PET0  NUMBER_OF_PROCESSORS            1
20240624 045351.142 INFO             PET0  PASS  Example ESMF_HConfigEx, ESMF_HConfigEx.F90, line 1803
20240624 045351.142 INFO             PET0  Finalizing ESMF
