2024-06-05 03:33:12
20240605 042333.604 INFO             PET0 !!!!!!!!!!!!!!!!!!!!!!!!!!!!!!!!!!!!!!!!!!!!!!!!!!!!!!
20240605 042333.604 INFO             PET0 !!! THE ESMF_LOG IS SET TO OUTPUT ALL LOG MESSAGES !!!
20240605 042333.604 INFO             PET0 !!!     THIS MAY CAUSE SLOWDOWN IN PERFORMANCE     !!!
20240605 042333.604 INFO             PET0 !!! FOR PRODUCTION RUNS, USE:                      !!!
20240605 042333.604 INFO             PET0 !!!                   ESMF_LOGKIND_Multi_On_Error  !!!
20240605 042333.604 INFO             PET0 !!!!!!!!!!!!!!!!!!!!!!!!!!!!!!!!!!!!!!!!!!!!!!!!!!!!!!
20240605 042333.604 INFO             PET0 Running with ESMF Version   : v8.7.0b06-37-g31f880616f
20240605 042333.604 INFO             PET0 ESMF library build date/time: "Jun  5 2024" "03:29:39"
20240605 042333.604 INFO             PET0 ESMF library build location : /glade/derecho/scratch/sacks/esmf-testing/nvhpc_23.7_mpiuni_g_develop/esmf
20240605 042333.604 INFO             PET0 ESMF_COMM                   : mpiuni
20240605 042333.605 INFO             PET0 ESMF_MOAB                   : enabled
20240605 042333.605 INFO             PET0 ESMF_LAPACK                 : enabled
20240605 042333.605 INFO             PET0 ESMF_NETCDF                 : enabled
20240605 042333.605 INFO             PET0 ESMF_PNETCDF                : disabled
20240605 042333.605 INFO             PET0 ESMF_PIO                    : disabled
20240605 042333.605 INFO             PET0 ESMF_YAMLCPP                : enabled
20240605 042333.687 INFO             PET0  NUMBER_OF_PROCESSORS            1
20240605 042333.688 INFO             PET0  PASS  Example ESMF_RHandleReusabilityEx, ESMF_RHandleReusabilityEx.F90, line 582
20240605 042333.688 INFO             PET0  Finalizing ESMF
