2024-06-07 03:35:25
20240607 042636.406 INFO             PET0 !!!!!!!!!!!!!!!!!!!!!!!!!!!!!!!!!!!!!!!!!!!!!!!!!!!!!!
20240607 042636.406 INFO             PET0 !!! THE ESMF_LOG IS SET TO OUTPUT ALL LOG MESSAGES !!!
20240607 042636.406 INFO             PET0 !!!     THIS MAY CAUSE SLOWDOWN IN PERFORMANCE     !!!
20240607 042636.406 INFO             PET0 !!! FOR PRODUCTION RUNS, USE:                      !!!
20240607 042636.406 INFO             PET0 !!!                   ESMF_LOGKIND_Multi_On_Error  !!!
20240607 042636.406 INFO             PET0 !!!!!!!!!!!!!!!!!!!!!!!!!!!!!!!!!!!!!!!!!!!!!!!!!!!!!!
20240607 042636.406 INFO             PET0 Running with ESMF Version   : v8.7.0b06-42-g13be2f7f6d
20240607 042636.406 INFO             PET0 ESMF library build date/time: "Jun  7 2024" "03:31:53"
20240607 042636.406 INFO             PET0 ESMF library build location : /glade/derecho/scratch/sacks/esmf-testing/nvhpc_23.7_mpiuni_g_develop/esmf
20240607 042636.406 INFO             PET0 ESMF_COMM                   : mpiuni
20240607 042636.407 INFO             PET0 ESMF_MOAB                   : enabled
20240607 042636.407 INFO             PET0 ESMF_LAPACK                 : enabled
20240607 042636.407 INFO             PET0 ESMF_NETCDF                 : enabled
20240607 042636.407 INFO             PET0 ESMF_PNETCDF                : disabled
20240607 042636.407 INFO             PET0 ESMF_PIO                    : disabled
20240607 042636.407 INFO             PET0 ESMF_YAMLCPP                : enabled
20240607 042636.408 INFO             PET0  NUMBER_OF_PROCESSORS            1
20240607 042636.408 INFO             PET0  PASS  Example ESMF_WebServicesEx, ESMF_WebServicesEx.F90, line 227
20240607 042636.408 INFO             PET0  Finalizing ESMF
