2024-05-21 03:17:36
20240521 040332.395 INFO             PET0 !!!!!!!!!!!!!!!!!!!!!!!!!!!!!!!!!!!!!!!!!!!!!!!!!!!!!!
20240521 040332.395 INFO             PET0 !!! THE ESMF_LOG IS SET TO OUTPUT ALL LOG MESSAGES !!!
20240521 040332.395 INFO             PET0 !!!     THIS MAY CAUSE SLOWDOWN IN PERFORMANCE     !!!
20240521 040332.395 INFO             PET0 !!! FOR PRODUCTION RUNS, USE:                      !!!
20240521 040332.395 INFO             PET0 !!!                   ESMF_LOGKIND_Multi_On_Error  !!!
20240521 040332.395 INFO             PET0 !!!!!!!!!!!!!!!!!!!!!!!!!!!!!!!!!!!!!!!!!!!!!!!!!!!!!!
20240521 040332.395 INFO             PET0 Running with ESMF Version   : v8.7.0b05-86-g6f1fcac0dc
20240521 040332.395 INFO             PET0 ESMF library build date/time: "May 21 2024" "03:14:21"
20240521 040332.395 INFO             PET0 ESMF library build location : /glade/derecho/scratch/sacks/esmf-testing/nvhpc_23.7_mpiuni_g_develop/esmf
20240521 040332.395 INFO             PET0 ESMF_COMM                   : mpiuni
20240521 040332.396 INFO             PET0 ESMF_MOAB                   : enabled
20240521 040332.396 INFO             PET0 ESMF_LAPACK                 : enabled
20240521 040332.396 INFO             PET0 ESMF_NETCDF                 : enabled
20240521 040332.396 INFO             PET0 ESMF_PNETCDF                : disabled
20240521 040332.396 INFO             PET0 ESMF_PIO                    : disabled
20240521 040332.396 INFO             PET0 ESMF_YAMLCPP                : enabled
20240521 040332.397 INFO             PET0  NUMBER_OF_PROCESSORS            1
20240521 040332.397 INFO             PET0  PASS  Example ESMF_VMDefaultBasicsEx, ESMF_VMDefaultBasicsEx.F90, line 107
20240521 040332.397 INFO             PET0  Finalizing ESMF
