2024-08-03 03:29:00
20240803 041828.209 INFO             PET0 !!!!!!!!!!!!!!!!!!!!!!!!!!!!!!!!!!!!!!!!!!!!!!!!!!!!!!
20240803 041828.209 INFO             PET0 !!! THE ESMF_LOG IS SET TO OUTPUT ALL LOG MESSAGES !!!
20240803 041828.209 INFO             PET0 !!!     THIS MAY CAUSE SLOWDOWN IN PERFORMANCE     !!!
20240803 041828.209 INFO             PET0 !!! FOR PRODUCTION RUNS, USE:                      !!!
20240803 041828.209 INFO             PET0 !!!                   ESMF_LOGKIND_Multi_On_Error  !!!
20240803 041828.209 INFO             PET0 !!!!!!!!!!!!!!!!!!!!!!!!!!!!!!!!!!!!!!!!!!!!!!!!!!!!!!
20240803 041828.209 INFO             PET0 Running with ESMF Version   : v8.7.0b10-45-g7b36ed9d21
20240803 041828.209 INFO             PET0 ESMF library build date/time: "Aug  3 2024" "03:25:45"
20240803 041828.209 INFO             PET0 ESMF library build location : /glade/derecho/scratch/sacks/esmf-testing/nvhpc_23.7_mpiuni_g_develop/esmf
20240803 041828.209 INFO             PET0 ESMF_COMM                   : mpiuni
20240803 041828.210 INFO             PET0 ESMF_MOAB                   : enabled
20240803 041828.210 INFO             PET0 ESMF_LAPACK                 : enabled
20240803 041828.210 INFO             PET0 ESMF_NETCDF                 : enabled
20240803 041828.210 INFO             PET0 ESMF_PNETCDF                : disabled
20240803 041828.210 INFO             PET0 ESMF_PIO                    : enabled
20240803 041828.210 INFO             PET0 ESMF_YAMLCPP                : enabled
20240803 041828.212 INFO             PET0  NUMBER_OF_PROCESSORS            1
20240803 041828.212 INFO             PET0  PASS  Example ESMF_StateEx, ESMF_StateEx.F90, line 237
20240803 041828.212 INFO             PET0  Finalizing ESMF
