Processing /glade/derecho/scratch/theurich/ESMF-Nightly-Testing/intel_2023.2.1_mpiuni_g_develop/esmf/src/addon/esmpy
  Installing build dependencies: started
  Installing build dependencies: finished with status 'done'
  Getting requirements to build wheel: started
  Getting requirements to build wheel: finished with status 'done'
  Preparing metadata (pyproject.toml): started
  Preparing metadata (pyproject.toml): finished with status 'done'
Collecting numpy
  Using cached numpy-1.26.4-cp310-cp310-manylinux_2_17_x86_64.manylinux2014_x86_64.whl (18.2 MB)
Collecting setuptools-git-versioning
  Using cached setuptools_git_versioning-2.0.0-py3-none-any.whl (10 kB)
Requirement already satisfied: setuptools in /glade/derecho/scratch/theurich/ESMF-Nightly-Testing/intel_2023.2.1_mpiuni_g_develop/esmpy_venv/lib/python3.10/site-packages (from setuptools-git-versioning->esmpy==8.7.0b5) (65.5.0)
Collecting packaging
  Using cached packaging-24.0-py3-none-any.whl (53 kB)
Collecting toml>=0.10.2
  Using cached toml-0.10.2-py2.py3-none-any.whl (16 kB)
Building wheels for collected packages: esmpy
  Building wheel for esmpy (pyproject.toml): started
  Building wheel for esmpy (pyproject.toml): finished with status 'done'
  Created wheel for esmpy: filename=esmpy-8.7.0b5-py3-none-any.whl size=120790 sha256=08323a9a7ec81ad6e15571520a03b200866d5f847b39e41992d08728b2b02d54
  Stored in directory: /glade/derecho/scratch/theurich/tmp/pip-ephem-wheel-cache-dtcdflgv/wheels/e1/4b/9d/ee4fd652fff5aa8c0e63cfc69ea963148d7ad76d2c8ebf5ac3
Successfully built esmpy
Installing collected packages: toml, packaging, numpy, setuptools-git-versioning, esmpy
Successfully installed esmpy-8.7.0b5 numpy-1.26.4 packaging-24.0 setuptools-git-versioning-2.0.0 toml-0.10.2

[notice] A new release of pip is available: 23.0.1 -> 24.0
[notice] To update, run: pip install --upgrade pip
