2024-07-18 07:33:46
20240718 081244.135 INFO             PET0 !!!!!!!!!!!!!!!!!!!!!!!!!!!!!!!!!!!!!!!!!!!!!!!!!!!!!!
20240718 081244.135 INFO             PET0 !!! THE ESMF_LOG IS SET TO OUTPUT ALL LOG MESSAGES !!!
20240718 081244.135 INFO             PET0 !!!     THIS MAY CAUSE SLOWDOWN IN PERFORMANCE     !!!
20240718 081244.135 INFO             PET0 !!! FOR PRODUCTION RUNS, USE:                      !!!
20240718 081244.135 INFO             PET0 !!!                   ESMF_LOGKIND_Multi_On_Error  !!!
20240718 081244.135 INFO             PET0 !!!!!!!!!!!!!!!!!!!!!!!!!!!!!!!!!!!!!!!!!!!!!!!!!!!!!!
20240718 081244.135 INFO             PET0 Running with ESMF Version   : v8.7.0b08-5-g631ae04f9a
20240718 081244.135 INFO             PET0 ESMF library build date/time: "Jul 18 2024" "07:30:40"
20240718 081244.135 INFO             PET0 ESMF library build location : /scratch2/NCEPDEV/stmp1/Gerhard.Theurich/ESMF-Nightly-Testing/intel_2023.2.0_intelmpi_O_feature_smm_store_search/esmf
20240718 081244.135 INFO             PET0 ESMF_COMM                   : intelmpi
20240718 081244.137 INFO             PET0 ESMF_MOAB                   : enabled
20240718 081244.137 INFO             PET0 ESMF_LAPACK                 : enabled
20240718 081244.137 INFO             PET0 ESMF_NETCDF                 : enabled
20240718 081244.137 INFO             PET0 ESMF_PNETCDF                : disabled
20240718 081244.137 INFO             PET0 ESMF_PIO                    : enabled
20240718 081244.137 INFO             PET0 ESMF_YAMLCPP                : enabled
20240718 081244.137 INFO             PET0  NUMBER_OF_PROCESSORS           1
20240718 081244.137 INFO             PET0  PASS  Example ESMF_TimeIntervalEx, ESMF_TimeIntervalEx.F90, line 176
20240718 081244.137 INFO             PET0  Finalizing ESMF
