2024-05-10 03:58:22
20240510 041815.439 INFO             PET0 !!!!!!!!!!!!!!!!!!!!!!!!!!!!!!!!!!!!!!!!!!!!!!!!!!!!!!
20240510 041815.439 INFO             PET0 !!! THE ESMF_LOG IS SET TO OUTPUT ALL LOG MESSAGES !!!
20240510 041815.439 INFO             PET0 !!!     THIS MAY CAUSE SLOWDOWN IN PERFORMANCE     !!!
20240510 041815.439 INFO             PET0 !!! FOR PRODUCTION RUNS, USE:                      !!!
20240510 041815.439 INFO             PET0 !!!                   ESMF_LOGKIND_Multi_On_Error  !!!
20240510 041815.439 INFO             PET0 !!!!!!!!!!!!!!!!!!!!!!!!!!!!!!!!!!!!!!!!!!!!!!!!!!!!!!
20240510 041815.439 INFO             PET0 Running with ESMF Version   : v8.7.0b05-63-g26f506f3a9
20240510 041815.439 INFO             PET0 ESMF library build date/time: "May 10 2024" "03:57:16"
20240510 041815.439 INFO             PET0 ESMF library build location : /tmp/intel_2023.1.0-classic_mpiuni_O_develop/esmf
20240510 041815.439 INFO             PET0 ESMF_COMM                   : mpiuni
20240510 041815.439 INFO             PET0 ESMF_MOAB                   : enabled
20240510 041815.439 INFO             PET0 ESMF_LAPACK                 : enabled
20240510 041815.439 INFO             PET0 ESMF_NETCDF                 : enabled
20240510 041815.439 INFO             PET0 ESMF_PNETCDF                : disabled
20240510 041815.439 INFO             PET0 ESMF_PIO                    : disabled
20240510 041815.439 INFO             PET0 ESMF_YAMLCPP                : enabled
20240510 041815.439 INFO             PET0  NUMBER_OF_PROCESSORS           1
20240510 041815.439 INFO             PET0  PASS  Example ESMF_TimeIntervalEx, ESMF_TimeIntervalEx.F90, line 176
20240510 041815.439 INFO             PET0  Finalizing ESMF
