2024-07-24 18:35:06
20240724 190148.820 INFO             PET0 !!!!!!!!!!!!!!!!!!!!!!!!!!!!!!!!!!!!!!!!!!!!!!!!!!!!!!
20240724 190148.821 INFO             PET0 !!! THE ESMF_LOG IS SET TO OUTPUT ALL LOG MESSAGES !!!
20240724 190148.821 INFO             PET0 !!!     THIS MAY CAUSE SLOWDOWN IN PERFORMANCE     !!!
20240724 190148.821 INFO             PET0 !!! FOR PRODUCTION RUNS, USE:                      !!!
20240724 190148.821 INFO             PET0 !!!                   ESMF_LOGKIND_Multi_On_Error  !!!
20240724 190148.821 INFO             PET0 !!!!!!!!!!!!!!!!!!!!!!!!!!!!!!!!!!!!!!!!!!!!!!!!!!!!!!
20240724 190148.821 INFO             PET0 Running with ESMF Version   : v8.7.0b09-26-g87e00d02ff
20240724 190148.821 INFO             PET0 ESMF library build date/time: "Jul 24 2024" "18:33:16"
20240724 190148.821 INFO             PET0 ESMF library build location : /project/esmf/sacks/esmf-testing/gfortran_11.2.0_mpiuni_g_feature_hconfig-extras/esmf
20240724 190148.821 INFO             PET0 ESMF_COMM                   : mpiuni
20240724 190148.821 INFO             PET0 ESMF_MOAB                   : enabled
20240724 190148.821 INFO             PET0 ESMF_LAPACK                 : enabled
20240724 190148.821 INFO             PET0 ESMF_NETCDF                 : enabled
20240724 190148.821 INFO             PET0 ESMF_PNETCDF                : disabled
20240724 190148.821 INFO             PET0 ESMF_PIO                    : enabled
20240724 190148.821 INFO             PET0 ESMF_YAMLCPP                : enabled
20240724 190148.891 DEBUG            PET0 about to destroy Grid: 0x7ff33c863200
20240724 190148.903 DEBUG            PET0 about to destroy Grid: 0x7ff33c871000
20240724 190148.935 INFO             PET0  NUMBER_OF_PROCESSORS           1
20240724 190148.935 INFO             PET0  PASS  Example ESMF_NUOPCAtmModelEx, ESMF_NUOPCAtmModelEx.F90, line 806
20240724 190148.935 INFO             PET0  Finalizing ESMF
