2024-06-03 01:22:09
20240603 013814.253 INFO             PET0 !!!!!!!!!!!!!!!!!!!!!!!!!!!!!!!!!!!!!!!!!!!!!!!!!!!!!!
20240603 013814.253 INFO             PET0 !!! THE ESMF_LOG IS SET TO OUTPUT ALL LOG MESSAGES !!!
20240603 013814.253 INFO             PET0 !!!     THIS MAY CAUSE SLOWDOWN IN PERFORMANCE     !!!
20240603 013814.253 INFO             PET0 !!! FOR PRODUCTION RUNS, USE:                      !!!
20240603 013814.253 INFO             PET0 !!!                   ESMF_LOGKIND_Multi_On_Error  !!!
20240603 013814.253 INFO             PET0 !!!!!!!!!!!!!!!!!!!!!!!!!!!!!!!!!!!!!!!!!!!!!!!!!!!!!!
20240603 013814.253 INFO             PET0 Running with ESMF Version   : v8.7.0b06-37-g31f880616f
20240603 013814.253 INFO             PET0 ESMF library build date/time: "Jun  3 2024" "01:21:18"
20240603 013814.253 INFO             PET0 ESMF library build location : /home/gerhard/ESMF-Nightly-Testing/gfortranclang_7.5.0_16.0.3_mpiuni_g_develop/esmf
20240603 013814.253 INFO             PET0 ESMF_COMM                   : mpiuni
20240603 013814.253 INFO             PET0 ESMF_MOAB                   : enabled
20240603 013814.253 INFO             PET0 ESMF_LAPACK                 : enabled
20240603 013814.253 INFO             PET0 ESMF_NETCDF                 : disabled
20240603 013814.253 INFO             PET0 ESMF_PNETCDF                : disabled
20240603 013814.253 INFO             PET0 ESMF_PIO                    : disabled
20240603 013814.253 INFO             PET0 ESMF_YAMLCPP                : enabled
20240603 013814.273 DEBUG            PET0 about to destroy Grid: 0x14eaf00
20240603 013814.275 DEBUG            PET0 about to destroy Grid: 0x14ec8a0
20240603 013814.282 INFO             PET0  NUMBER_OF_PROCESSORS           1
20240603 013814.282 INFO             PET0  PASS  Example ESMF_NUOPCAtmModelEx, ESMF_NUOPCAtmModelEx.F90, line 806
20240603 013814.282 INFO             PET0  Finalizing ESMF
