2024-07-18 17:24:44
20240718 180056.353 INFO             PET0 !!!!!!!!!!!!!!!!!!!!!!!!!!!!!!!!!!!!!!!!!!!!!!!!!!!!!!
20240718 180056.353 INFO             PET0 !!! THE ESMF_LOG IS SET TO OUTPUT ALL LOG MESSAGES !!!
20240718 180056.353 INFO             PET0 !!!     THIS MAY CAUSE SLOWDOWN IN PERFORMANCE     !!!
20240718 180056.353 INFO             PET0 !!! FOR PRODUCTION RUNS, USE:                      !!!
20240718 180056.353 INFO             PET0 !!!                   ESMF_LOGKIND_Multi_On_Error  !!!
20240718 180056.353 INFO             PET0 !!!!!!!!!!!!!!!!!!!!!!!!!!!!!!!!!!!!!!!!!!!!!!!!!!!!!!
20240718 180056.353 INFO             PET0 Running with ESMF Version   : v8.7.0b08-6-g7f6a4f6fe1
20240718 180056.353 INFO             PET0 ESMF library build date/time: "Jul 18 2024" "17:21:39"
20240718 180056.353 INFO             PET0 ESMF library build location : /home/gerhard/ESMF-Nightly-Testing/aocc_4.1.0_mpiuni_g_feature_smm_store_search/esmf
20240718 180056.353 INFO             PET0 ESMF_COMM                   : mpiuni
20240718 180056.353 INFO             PET0 ESMF_MOAB                   : enabled
20240718 180056.353 INFO             PET0 ESMF_LAPACK                 : enabled
20240718 180056.353 INFO             PET0 ESMF_NETCDF                 : disabled
20240718 180056.353 INFO             PET0 ESMF_PNETCDF                : disabled
20240718 180056.353 INFO             PET0 ESMF_PIO                    : disabled
20240718 180056.353 INFO             PET0 ESMF_YAMLCPP                : enabled
20240718 180056.378 DEBUG            PET0 about to destroy Grid: 0x562ba62c2780
20240718 180056.381 DEBUG            PET0 about to destroy Grid: 0x562ba62c47b0
20240718 180056.388 INFO             PET0  NUMBER_OF_PROCESSORS            1
20240718 180056.388 INFO             PET0  PASS  Example ESMF_NUOPCAtmModelEx, ESMF_NUOPCAtmModelEx.F90, line 806
20240718 180056.388 INFO             PET0  Finalizing ESMF
