2024-08-02 04:00:45
20240802 042547.454 INFO             PET0 !!!!!!!!!!!!!!!!!!!!!!!!!!!!!!!!!!!!!!!!!!!!!!!!!!!!!!
20240802 042547.454 INFO             PET0 !!! THE ESMF_LOG IS SET TO OUTPUT ALL LOG MESSAGES !!!
20240802 042547.454 INFO             PET0 !!!     THIS MAY CAUSE SLOWDOWN IN PERFORMANCE     !!!
20240802 042547.454 INFO             PET0 !!! FOR PRODUCTION RUNS, USE:                      !!!
20240802 042547.454 INFO             PET0 !!!                   ESMF_LOGKIND_Multi_On_Error  !!!
20240802 042547.454 INFO             PET0 !!!!!!!!!!!!!!!!!!!!!!!!!!!!!!!!!!!!!!!!!!!!!!!!!!!!!!
20240802 042547.454 INFO             PET0 Running with ESMF Version   : v8.7.0b10-21-g6127c6256e
20240802 042547.454 INFO             PET0 ESMF library build date/time: "Aug  2 2024" "03:59:41"
20240802 042547.454 INFO             PET0 ESMF library build location : /tmp/intel_2023.1.0_mpi_O_nrl_work-esmx/esmf
20240802 042547.454 INFO             PET0 ESMF_COMM                   : mpi
20240802 042547.454 INFO             PET0 ESMF_MOAB                   : enabled
20240802 042547.454 INFO             PET0 ESMF_LAPACK                 : enabled
20240802 042547.454 INFO             PET0 ESMF_NETCDF                 : enabled
20240802 042547.454 INFO             PET0 ESMF_PNETCDF                : disabled
20240802 042547.454 INFO             PET0 ESMF_PIO                    : enabled
20240802 042547.454 INFO             PET0 ESMF_YAMLCPP                : enabled
20240802 042547.484 DEBUG            PET0 about to destroy Grid: 0x6a9d00
20240802 042547.487 DEBUG            PET0 about to destroy Grid: 0x6acea0
20240802 042547.495 INFO             PET0  NUMBER_OF_PROCESSORS           4
20240802 042547.495 INFO             PET0  PASS  Example ESMF_NUOPCAtmModelEx, ESMF_NUOPCAtmModelEx.F90, line 806
20240802 042547.495 INFO             PET0  Finalizing ESMF
20240802 042547.454 INFO             PET1 !!!!!!!!!!!!!!!!!!!!!!!!!!!!!!!!!!!!!!!!!!!!!!!!!!!!!!
20240802 042547.454 INFO             PET1 !!! THE ESMF_LOG IS SET TO OUTPUT ALL LOG MESSAGES !!!
20240802 042547.454 INFO             PET1 !!!     THIS MAY CAUSE SLOWDOWN IN PERFORMANCE     !!!
20240802 042547.454 INFO             PET1 !!! FOR PRODUCTION RUNS, USE:                      !!!
20240802 042547.454 INFO             PET1 !!!                   ESMF_LOGKIND_Multi_On_Error  !!!
20240802 042547.454 INFO             PET1 !!!!!!!!!!!!!!!!!!!!!!!!!!!!!!!!!!!!!!!!!!!!!!!!!!!!!!
20240802 042547.454 INFO             PET1 Running with ESMF Version   : v8.7.0b10-21-g6127c6256e
20240802 042547.454 INFO             PET1 ESMF library build date/time: "Aug  2 2024" "03:59:41"
20240802 042547.454 INFO             PET1 ESMF library build location : /tmp/intel_2023.1.0_mpi_O_nrl_work-esmx/esmf
20240802 042547.454 INFO             PET1 ESMF_COMM                   : mpi
20240802 042547.454 INFO             PET1 ESMF_MOAB                   : enabled
20240802 042547.454 INFO             PET1 ESMF_LAPACK                 : enabled
20240802 042547.454 INFO             PET1 ESMF_NETCDF                 : enabled
20240802 042547.454 INFO             PET1 ESMF_PNETCDF                : disabled
20240802 042547.454 INFO             PET1 ESMF_PIO                    : enabled
20240802 042547.454 INFO             PET1 ESMF_YAMLCPP                : enabled
20240802 042547.484 DEBUG            PET1 about to destroy Grid: 0x6a88f0
20240802 042547.486 DEBUG            PET1 about to destroy Grid: 0x6a98e0
20240802 042547.495 INFO             PET1  NUMBER_OF_PROCESSORS           4
20240802 042547.495 INFO             PET1  PASS  Example ESMF_NUOPCAtmModelEx, ESMF_NUOPCAtmModelEx.F90, line 806
20240802 042547.495 INFO             PET1  Finalizing ESMF
20240802 042547.454 INFO             PET2 !!!!!!!!!!!!!!!!!!!!!!!!!!!!!!!!!!!!!!!!!!!!!!!!!!!!!!
20240802 042547.454 INFO             PET2 !!! THE ESMF_LOG IS SET TO OUTPUT ALL LOG MESSAGES !!!
20240802 042547.454 INFO             PET2 !!!     THIS MAY CAUSE SLOWDOWN IN PERFORMANCE     !!!
20240802 042547.454 INFO             PET2 !!! FOR PRODUCTION RUNS, USE:                      !!!
20240802 042547.454 INFO             PET2 !!!                   ESMF_LOGKIND_Multi_On_Error  !!!
20240802 042547.454 INFO             PET2 !!!!!!!!!!!!!!!!!!!!!!!!!!!!!!!!!!!!!!!!!!!!!!!!!!!!!!
20240802 042547.454 INFO             PET2 Running with ESMF Version   : v8.7.0b10-21-g6127c6256e
20240802 042547.454 INFO             PET2 ESMF library build date/time: "Aug  2 2024" "03:59:41"
20240802 042547.454 INFO             PET2 ESMF library build location : /tmp/intel_2023.1.0_mpi_O_nrl_work-esmx/esmf
20240802 042547.454 INFO             PET2 ESMF_COMM                   : mpi
20240802 042547.454 INFO             PET2 ESMF_MOAB                   : enabled
20240802 042547.454 INFO             PET2 ESMF_LAPACK                 : enabled
20240802 042547.454 INFO             PET2 ESMF_NETCDF                 : enabled
20240802 042547.454 INFO             PET2 ESMF_PNETCDF                : disabled
20240802 042547.454 INFO             PET2 ESMF_PIO                    : enabled
20240802 042547.454 INFO             PET2 ESMF_YAMLCPP                : enabled
20240802 042547.484 DEBUG            PET2 about to destroy Grid: 0x6a9000
20240802 042547.487 DEBUG            PET2 about to destroy Grid: 0x6aa070
20240802 042547.495 INFO             PET2  NUMBER_OF_PROCESSORS           4
20240802 042547.495 INFO             PET2  PASS  Example ESMF_NUOPCAtmModelEx, ESMF_NUOPCAtmModelEx.F90, line 806
20240802 042547.495 INFO             PET2  Finalizing ESMF
20240802 042547.454 INFO             PET3 !!!!!!!!!!!!!!!!!!!!!!!!!!!!!!!!!!!!!!!!!!!!!!!!!!!!!!
20240802 042547.454 INFO             PET3 !!! THE ESMF_LOG IS SET TO OUTPUT ALL LOG MESSAGES !!!
20240802 042547.454 INFO             PET3 !!!     THIS MAY CAUSE SLOWDOWN IN PERFORMANCE     !!!
20240802 042547.454 INFO             PET3 !!! FOR PRODUCTION RUNS, USE:                      !!!
20240802 042547.454 INFO             PET3 !!!                   ESMF_LOGKIND_Multi_On_Error  !!!
20240802 042547.454 INFO             PET3 !!!!!!!!!!!!!!!!!!!!!!!!!!!!!!!!!!!!!!!!!!!!!!!!!!!!!!
20240802 042547.454 INFO             PET3 Running with ESMF Version   : v8.7.0b10-21-g6127c6256e
20240802 042547.454 INFO             PET3 ESMF library build date/time: "Aug  2 2024" "03:59:41"
20240802 042547.454 INFO             PET3 ESMF library build location : /tmp/intel_2023.1.0_mpi_O_nrl_work-esmx/esmf
20240802 042547.454 INFO             PET3 ESMF_COMM                   : mpi
20240802 042547.454 INFO             PET3 ESMF_MOAB                   : enabled
20240802 042547.454 INFO             PET3 ESMF_LAPACK                 : enabled
20240802 042547.454 INFO             PET3 ESMF_NETCDF                 : enabled
20240802 042547.454 INFO             PET3 ESMF_PNETCDF                : disabled
20240802 042547.454 INFO             PET3 ESMF_PIO                    : enabled
20240802 042547.454 INFO             PET3 ESMF_YAMLCPP                : enabled
20240802 042547.484 DEBUG            PET3 about to destroy Grid: 0x6a8700
20240802 042547.486 DEBUG            PET3 about to destroy Grid: 0x6a9690
20240802 042547.495 INFO             PET3  NUMBER_OF_PROCESSORS           4
20240802 042547.495 INFO             PET3  PASS  Example ESMF_NUOPCAtmModelEx, ESMF_NUOPCAtmModelEx.F90, line 806
20240802 042547.495 INFO             PET3  Finalizing ESMF
