2024-08-02 08:44:14
20240802 105204.881 INFO             PET0 !!!!!!!!!!!!!!!!!!!!!!!!!!!!!!!!!!!!!!!!!!!!!!!!!!!!!!
20240802 105204.881 INFO             PET0 !!! THE ESMF_LOG IS SET TO OUTPUT ALL LOG MESSAGES !!!
20240802 105204.881 INFO             PET0 !!!     THIS MAY CAUSE SLOWDOWN IN PERFORMANCE     !!!
20240802 105204.881 INFO             PET0 !!! FOR PRODUCTION RUNS, USE:                      !!!
20240802 105204.881 INFO             PET0 !!!                   ESMF_LOGKIND_Multi_On_Error  !!!
20240802 105204.881 INFO             PET0 !!!!!!!!!!!!!!!!!!!!!!!!!!!!!!!!!!!!!!!!!!!!!!!!!!!!!!
20240802 105204.881 INFO             PET0 Running with ESMF Version   : v8.7.0b10-21-g6127c6256e
20240802 105204.881 INFO             PET0 ESMF library build date/time: "Aug  2 2024" "08:40:23"
20240802 105204.881 INFO             PET0 ESMF library build location : /discover/nobackup/projects/sbu/mpotts/esmf-test/pgi_20.4_mpiuni_g_nrl_work-esmx/esmf
20240802 105204.881 INFO             PET0 ESMF_COMM                   : mpiuni
20240802 105204.881 INFO             PET0 ESMF_MOAB                   : enabled
20240802 105204.881 INFO             PET0 ESMF_LAPACK                 : enabled
20240802 105204.881 INFO             PET0 ESMF_NETCDF                 : disabled
20240802 105204.881 INFO             PET0 ESMF_PNETCDF                : disabled
20240802 105204.881 INFO             PET0 ESMF_PIO                    : disabled
20240802 105204.881 INFO             PET0 ESMF_YAMLCPP                : enabled
20240802 105204.955 INFO             PET0  NUMBER_OF_PROCESSORS            1
20240802 105204.955 INFO             PET0  PASS  Example ESMF_RHandleReusabilityEx, ESMF_RHandleReusabilityEx.F90, line 582
20240802 105204.955 INFO             PET0  Finalizing ESMF
