2024-06-23 07:40:51
20240623 082910.777 INFO             PET0 !!!!!!!!!!!!!!!!!!!!!!!!!!!!!!!!!!!!!!!!!!!!!!!!!!!!!!
20240623 082910.778 INFO             PET0 !!! THE ESMF_LOG IS SET TO OUTPUT ALL LOG MESSAGES !!!
20240623 082910.778 INFO             PET0 !!!     THIS MAY CAUSE SLOWDOWN IN PERFORMANCE     !!!
20240623 082910.778 INFO             PET0 !!! FOR PRODUCTION RUNS, USE:                      !!!
20240623 082910.778 INFO             PET0 !!!                   ESMF_LOGKIND_Multi_On_Error  !!!
20240623 082910.778 INFO             PET0 !!!!!!!!!!!!!!!!!!!!!!!!!!!!!!!!!!!!!!!!!!!!!!!!!!!!!!
20240623 082910.778 INFO             PET0 Running with ESMF Version   : v8.7.0b07-2-ga1ccd5de8a
20240623 082910.778 INFO             PET0 ESMF library build date/time: "Jun 23 2024" "07:37:28"
20240623 082910.778 INFO             PET0 ESMF library build location : /scratch2/NCEPDEV/stmp1/Gerhard.Theurich/ESMF-Nightly-Testing/nvhpc_24.1_mpiuni_O_develop/esmf
20240623 082910.778 INFO             PET0 ESMF_COMM                   : mpiuni
20240623 082910.778 INFO             PET0 ESMF_MOAB                   : enabled
20240623 082910.778 INFO             PET0 ESMF_LAPACK                 : enabled
20240623 082910.778 INFO             PET0 ESMF_NETCDF                 : disabled
20240623 082910.778 INFO             PET0 ESMF_PNETCDF                : disabled
20240623 082910.778 INFO             PET0 ESMF_PIO                    : disabled
20240623 082910.778 INFO             PET0 ESMF_YAMLCPP                : enabled
20240623 082910.778 ERROR            PET0 ESMCI_State.C:982 ESMCI::State::read() Library needed by ESMF not present  - Internal subroutine call returned Error
20240623 082910.778 ERROR            PET0 ESMF_StateAPI.cppF90:3445 ESMF_StateRead Library needed by ESMF not present  - Internal subroutine call returned Error
20240623 082910.779 INFO             PET0  NUMBER_OF_PROCESSORS            1
20240623 082910.779 INFO             PET0  PASS  Example ESMF_StateReadWriteEx, ESMF_StateReadWriteEx.F90, line 185
20240623 082910.779 INFO             PET0  Finalizing ESMF
