2024-05-16 07:47:56
20240516 083540.218 INFO             PET0 !!!!!!!!!!!!!!!!!!!!!!!!!!!!!!!!!!!!!!!!!!!!!!!!!!!!!!
20240516 083540.218 INFO             PET0 !!! THE ESMF_LOG IS SET TO OUTPUT ALL LOG MESSAGES !!!
20240516 083540.218 INFO             PET0 !!!     THIS MAY CAUSE SLOWDOWN IN PERFORMANCE     !!!
20240516 083540.219 INFO             PET0 !!! FOR PRODUCTION RUNS, USE:                      !!!
20240516 083540.219 INFO             PET0 !!!                   ESMF_LOGKIND_Multi_On_Error  !!!
20240516 083540.219 INFO             PET0 !!!!!!!!!!!!!!!!!!!!!!!!!!!!!!!!!!!!!!!!!!!!!!!!!!!!!!
20240516 083540.219 INFO             PET0 Running with ESMF Version   : v8.7.0b05-82-gd3465958ff
20240516 083540.219 INFO             PET0 ESMF library build date/time: "May 16 2024" "07:44:16"
20240516 083540.219 INFO             PET0 ESMF library build location : /scratch2/NCEPDEV/stmp1/Gerhard.Theurich/ESMF-Nightly-Testing/nvhpc_24.1_mpiuni_O_develop/esmf
20240516 083540.219 INFO             PET0 ESMF_COMM                   : mpiuni
20240516 083540.219 INFO             PET0 ESMF_MOAB                   : enabled
20240516 083540.219 INFO             PET0 ESMF_LAPACK                 : enabled
20240516 083540.219 INFO             PET0 ESMF_NETCDF                 : disabled
20240516 083540.219 INFO             PET0 ESMF_PNETCDF                : disabled
20240516 083540.219 INFO             PET0 ESMF_PIO                    : disabled
20240516 083540.219 INFO             PET0 ESMF_YAMLCPP                : enabled
20240516 083540.220 INFO             PET0  NUMBER_OF_PROCESSORS            1
20240516 083540.220 INFO             PET0  PASS  Example ESMF_GridCreateRegFromDGEx, ESMF_GridCreateRegFromDGEx.F90, line 112
20240516 083540.220 INFO             PET0  Finalizing ESMF
