2024-07-29 07:41:49
20240729 082753.223 INFO             PET0 !!!!!!!!!!!!!!!!!!!!!!!!!!!!!!!!!!!!!!!!!!!!!!!!!!!!!!
20240729 082753.223 INFO             PET0 !!! THE ESMF_LOG IS SET TO OUTPUT ALL LOG MESSAGES !!!
20240729 082753.223 INFO             PET0 !!!     THIS MAY CAUSE SLOWDOWN IN PERFORMANCE     !!!
20240729 082753.223 INFO             PET0 !!! FOR PRODUCTION RUNS, USE:                      !!!
20240729 082753.223 INFO             PET0 !!!                   ESMF_LOGKIND_Multi_On_Error  !!!
20240729 082753.223 INFO             PET0 !!!!!!!!!!!!!!!!!!!!!!!!!!!!!!!!!!!!!!!!!!!!!!!!!!!!!!
20240729 082753.223 INFO             PET0 Running with ESMF Version   : v8.7.0b10-2-gee9aef261f
20240729 082753.223 INFO             PET0 ESMF library build date/time: "Jul 29 2024" "07:38:20"
20240729 082753.223 INFO             PET0 ESMF library build location : /scratch2/NCEPDEV/stmp1/Gerhard.Theurich/ESMF-Nightly-Testing/nvhpc_24.1_mpiuni_O_develop/esmf
20240729 082753.223 INFO             PET0 ESMF_COMM                   : mpiuni
20240729 082753.224 INFO             PET0 ESMF_MOAB                   : enabled
20240729 082753.224 INFO             PET0 ESMF_LAPACK                 : enabled
20240729 082753.224 INFO             PET0 ESMF_NETCDF                 : disabled
20240729 082753.224 INFO             PET0 ESMF_PNETCDF                : disabled
20240729 082753.224 INFO             PET0 ESMF_PIO                    : disabled
20240729 082753.224 INFO             PET0 ESMF_YAMLCPP                : enabled
20240729 082753.225 INFO             PET0  NUMBER_OF_PROCESSORS            1
20240729 082753.225 INFO             PET0  PASS  Example ESMF_DELayoutEx, ESMF_DELayoutEx.F90, line 394
20240729 082753.225 INFO             PET0  Finalizing ESMF
