2024-06-16 07:42:54
20240616 082741.674 INFO             PET0 !!!!!!!!!!!!!!!!!!!!!!!!!!!!!!!!!!!!!!!!!!!!!!!!!!!!!!
20240616 082741.674 INFO             PET0 !!! THE ESMF_LOG IS SET TO OUTPUT ALL LOG MESSAGES !!!
20240616 082741.674 INFO             PET0 !!!     THIS MAY CAUSE SLOWDOWN IN PERFORMANCE     !!!
20240616 082741.674 INFO             PET0 !!! FOR PRODUCTION RUNS, USE:                      !!!
20240616 082741.674 INFO             PET0 !!!                   ESMF_LOGKIND_Multi_On_Error  !!!
20240616 082741.674 INFO             PET0 !!!!!!!!!!!!!!!!!!!!!!!!!!!!!!!!!!!!!!!!!!!!!!!!!!!!!!
20240616 082741.674 INFO             PET0 Running with ESMF Version   : v8.7.0b07-2-ga1ccd5de8a
20240616 082741.674 INFO             PET0 ESMF library build date/time: "Jun 16 2024" "07:39:33"
20240616 082741.674 INFO             PET0 ESMF library build location : /scratch2/NCEPDEV/stmp1/Gerhard.Theurich/ESMF-Nightly-Testing/nvhpc_24.1_mpiuni_O_develop/esmf
20240616 082741.674 INFO             PET0 ESMF_COMM                   : mpiuni
20240616 082741.675 INFO             PET0 ESMF_MOAB                   : enabled
20240616 082741.675 INFO             PET0 ESMF_LAPACK                 : enabled
20240616 082741.675 INFO             PET0 ESMF_NETCDF                 : disabled
20240616 082741.675 INFO             PET0 ESMF_PNETCDF                : disabled
20240616 082741.675 INFO             PET0 ESMF_PIO                    : disabled
20240616 082741.675 INFO             PET0 ESMF_YAMLCPP                : enabled
20240616 082741.711 INFO             PET0  NUMBER_OF_PROCESSORS            1
20240616 082741.712 INFO             PET0  PASS  Example ESMF_RHandleDynamicMaskingEx, ESMF_RHandleDynamicMaskingEx.F90, line 1116
20240616 082741.712 INFO             PET0  Finalizing ESMF
