2024-07-08 07:38:07
20240708 082332.421 INFO             PET0 !!!!!!!!!!!!!!!!!!!!!!!!!!!!!!!!!!!!!!!!!!!!!!!!!!!!!!
20240708 082332.422 INFO             PET0 !!! THE ESMF_LOG IS SET TO OUTPUT ALL LOG MESSAGES !!!
20240708 082332.422 INFO             PET0 !!!     THIS MAY CAUSE SLOWDOWN IN PERFORMANCE     !!!
20240708 082332.422 INFO             PET0 !!! FOR PRODUCTION RUNS, USE:                      !!!
20240708 082332.422 INFO             PET0 !!!                   ESMF_LOGKIND_Multi_On_Error  !!!
20240708 082332.422 INFO             PET0 !!!!!!!!!!!!!!!!!!!!!!!!!!!!!!!!!!!!!!!!!!!!!!!!!!!!!!
20240708 082332.422 INFO             PET0 Running with ESMF Version   : v8.7.0b08-12-ga4da9b3757
20240708 082332.422 INFO             PET0 ESMF library build date/time: "Jul  8 2024" "07:34:26"
20240708 082332.422 INFO             PET0 ESMF library build location : /scratch2/NCEPDEV/stmp1/Gerhard.Theurich/ESMF-Nightly-Testing/nvhpc_24.1_mpiuni_O_develop/esmf
20240708 082332.422 INFO             PET0 ESMF_COMM                   : mpiuni
20240708 082332.423 INFO             PET0 ESMF_MOAB                   : enabled
20240708 082332.423 INFO             PET0 ESMF_LAPACK                 : enabled
20240708 082332.423 INFO             PET0 ESMF_NETCDF                 : disabled
20240708 082332.423 INFO             PET0 ESMF_PNETCDF                : disabled
20240708 082332.423 INFO             PET0 ESMF_PIO                    : disabled
20240708 082332.423 INFO             PET0 ESMF_YAMLCPP                : enabled
20240708 082332.425 INFO             PET0 ESMF_FieldRedistStoreNF(): Just entered routine.
20240708 082332.516 INFO             PET0 ESMF_FieldRedistStoreNF(): Leaving routine.
20240708 082332.533 INFO             PET0  NUMBER_OF_PROCESSORS            1
20240708 082332.533 INFO             PET0  PASS  Example ESMF_RHandleFromFileEx, ESMF_RHandleFromFileEx.F90, line 192
20240708 082332.533 INFO             PET0  Finalizing ESMF
