2024-05-25 07:46:23
20240525 084834.034 INFO             PET0 !!!!!!!!!!!!!!!!!!!!!!!!!!!!!!!!!!!!!!!!!!!!!!!!!!!!!!
20240525 084834.034 INFO             PET0 !!! THE ESMF_LOG IS SET TO OUTPUT ALL LOG MESSAGES !!!
20240525 084834.034 INFO             PET0 !!!     THIS MAY CAUSE SLOWDOWN IN PERFORMANCE     !!!
20240525 084834.034 INFO             PET0 !!! FOR PRODUCTION RUNS, USE:                      !!!
20240525 084834.034 INFO             PET0 !!!                   ESMF_LOGKIND_Multi_On_Error  !!!
20240525 084834.034 INFO             PET0 !!!!!!!!!!!!!!!!!!!!!!!!!!!!!!!!!!!!!!!!!!!!!!!!!!!!!!
20240525 084834.034 INFO             PET0 Running with ESMF Version   : v8.7.0b06-6-g5fb1a7b839
20240525 084834.034 INFO             PET0 ESMF library build date/time: "May 25 2024" "07:42:00"
20240525 084834.034 INFO             PET0 ESMF library build location : /scratch2/NCEPDEV/stmp1/Gerhard.Theurich/ESMF-Nightly-Testing/nvhpc_24.1_mpiuni_O_develop/esmf
20240525 084834.034 INFO             PET0 ESMF_COMM                   : mpiuni
20240525 084834.034 INFO             PET0 ESMF_MOAB                   : enabled
20240525 084834.034 INFO             PET0 ESMF_LAPACK                 : enabled
20240525 084834.034 INFO             PET0 ESMF_NETCDF                 : disabled
20240525 084834.034 INFO             PET0 ESMF_PNETCDF                : disabled
20240525 084834.034 INFO             PET0 ESMF_PIO                    : disabled
20240525 084834.034 INFO             PET0 ESMF_YAMLCPP                : enabled
20240525 084834.035 INFO             PET0  NUMBER_OF_PROCESSORS            1
20240525 084834.035 INFO             PET0  PASS  Example ESMF_StateReconcileEx, ESMF_StateReconcileEx.F90, line 294
20240525 084834.035 INFO             PET0  Finalizing ESMF
