2024-06-24 07:37:42
20240624 082619.311 INFO             PET0 !!!!!!!!!!!!!!!!!!!!!!!!!!!!!!!!!!!!!!!!!!!!!!!!!!!!!!
20240624 082619.312 INFO             PET0 !!! THE ESMF_LOG IS SET TO OUTPUT ALL LOG MESSAGES !!!
20240624 082619.312 INFO             PET0 !!!     THIS MAY CAUSE SLOWDOWN IN PERFORMANCE     !!!
20240624 082619.312 INFO             PET0 !!! FOR PRODUCTION RUNS, USE:                      !!!
20240624 082619.312 INFO             PET0 !!!                   ESMF_LOGKIND_Multi_On_Error  !!!
20240624 082619.312 INFO             PET0 !!!!!!!!!!!!!!!!!!!!!!!!!!!!!!!!!!!!!!!!!!!!!!!!!!!!!!
20240624 082619.312 INFO             PET0 Running with ESMF Version   : v8.7.0b07-2-ga1ccd5de8a
20240624 082619.312 INFO             PET0 ESMF library build date/time: "Jun 24 2024" "07:34:21"
20240624 082619.312 INFO             PET0 ESMF library build location : /scratch2/NCEPDEV/stmp1/Gerhard.Theurich/ESMF-Nightly-Testing/nvhpc_24.1_mpiuni_O_develop/esmf
20240624 082619.312 INFO             PET0 ESMF_COMM                   : mpiuni
20240624 082619.312 INFO             PET0 ESMF_MOAB                   : enabled
20240624 082619.312 INFO             PET0 ESMF_LAPACK                 : enabled
20240624 082619.313 INFO             PET0 ESMF_NETCDF                 : disabled
20240624 082619.313 INFO             PET0 ESMF_PNETCDF                : disabled
20240624 082619.313 INFO             PET0 ESMF_PIO                    : disabled
20240624 082619.313 INFO             PET0 ESMF_YAMLCPP                : enabled
20240624 082619.319 INFO             PET0  NUMBER_OF_PROCESSORS            1
20240624 082619.319 INFO             PET0  PASS  Example ESMF_GCompEx, ESMF_GCompEx.F90, line 465
20240624 082619.319 INFO             PET0  Finalizing ESMF
