2024-07-18 04:40:35
20240718 050435.299 INFO             PET0 !!!!!!!!!!!!!!!!!!!!!!!!!!!!!!!!!!!!!!!!!!!!!!!!!!!!!!
20240718 050435.299 INFO             PET0 !!! THE ESMF_LOG IS SET TO OUTPUT ALL LOG MESSAGES !!!
20240718 050435.299 INFO             PET0 !!!     THIS MAY CAUSE SLOWDOWN IN PERFORMANCE     !!!
20240718 050435.299 INFO             PET0 !!! FOR PRODUCTION RUNS, USE:                      !!!
20240718 050435.299 INFO             PET0 !!!                   ESMF_LOGKIND_Multi_On_Error  !!!
20240718 050435.299 INFO             PET0 !!!!!!!!!!!!!!!!!!!!!!!!!!!!!!!!!!!!!!!!!!!!!!!!!!!!!!
20240718 050435.299 INFO             PET0 Running with ESMF Version   : v8.7.0b08-5-g631ae04f9a
20240718 050435.299 INFO             PET0 ESMF library build date/time: "Jul 18 2024" "04:39:33"
20240718 050435.299 INFO             PET0 ESMF library build location : /tmp/intel_2023.1.0-classic_mpiuni_g_feature_smm_store_search/esmf
20240718 050435.299 INFO             PET0 ESMF_COMM                   : mpiuni
20240718 050435.299 INFO             PET0 ESMF_MOAB                   : enabled
20240718 050435.299 INFO             PET0 ESMF_LAPACK                 : enabled
20240718 050435.299 INFO             PET0 ESMF_NETCDF                 : enabled
20240718 050435.299 INFO             PET0 ESMF_PNETCDF                : disabled
20240718 050435.299 INFO             PET0 ESMF_PIO                    : enabled
20240718 050435.299 INFO             PET0 ESMF_YAMLCPP                : enabled
20240718 050435.331 DEBUG            PET0 about to destroy Grid: 0x628b50
20240718 050435.336 DEBUG            PET0 about to destroy Grid: 0x629a20
20240718 050435.348 INFO             PET0  NUMBER_OF_PROCESSORS           1
20240718 050435.348 INFO             PET0  PASS  Example ESMF_NUOPCAtmModelEx, ESMF_NUOPCAtmModelEx.F90, line 806
20240718 050435.348 INFO             PET0  Finalizing ESMF
