2024-07-24 01:43:34
20240724 021631.154 INFO             PET0 !!!!!!!!!!!!!!!!!!!!!!!!!!!!!!!!!!!!!!!!!!!!!!!!!!!!!!
20240724 021631.154 INFO             PET0 !!! THE ESMF_LOG IS SET TO OUTPUT ALL LOG MESSAGES !!!
20240724 021631.154 INFO             PET0 !!!     THIS MAY CAUSE SLOWDOWN IN PERFORMANCE     !!!
20240724 021631.154 INFO             PET0 !!! FOR PRODUCTION RUNS, USE:                      !!!
20240724 021631.154 INFO             PET0 !!!                   ESMF_LOGKIND_Multi_On_Error  !!!
20240724 021631.154 INFO             PET0 !!!!!!!!!!!!!!!!!!!!!!!!!!!!!!!!!!!!!!!!!!!!!!!!!!!!!!
20240724 021631.154 INFO             PET0 Running with ESMF Version   : v8.7.0b09-5-g5845ab67f6
20240724 021631.154 INFO             PET0 ESMF library build date/time: "Jul 24 2024" "01:41:41"
20240724 021631.154 INFO             PET0 ESMF library build location : /glade/derecho/scratch/sacks/esmf-testing/intel_2023.2.1_mpiuni_g_feature_numa/esmf
20240724 021631.154 INFO             PET0 ESMF_COMM                   : mpiuni
20240724 021631.155 INFO             PET0 ESMF_MOAB                   : enabled
20240724 021631.155 INFO             PET0 ESMF_LAPACK                 : enabled
20240724 021631.155 INFO             PET0 ESMF_NETCDF                 : enabled
20240724 021631.155 INFO             PET0 ESMF_PNETCDF                : disabled
20240724 021631.155 INFO             PET0 ESMF_PIO                    : enabled
20240724 021631.155 INFO             PET0 ESMF_YAMLCPP                : enabled
20240724 021631.156 INFO             PET0  NUMBER_OF_PROCESSORS           1
20240724 021631.156 INFO             PET0  PASS  Example ESMF_VMHigherRankDataEx, ESMF_VMHigherRankDataEx.F90, line 140
20240724 021631.156 INFO             PET0  Finalizing ESMF
