2024-07-24 00:46:21
--- ESMCI::ArrayBundle::print start ---
ArrayBundle: MyArrayBundle
arrayCount = 3
Container::print() multipmap:item=--- ESMCI::ArrayBundle::print start ---
ArrayBundle: MyArrayBundle
arrayCount = 3
Container::print() multipmap:item=0 key=AonFly value=0xc4a0d0
Container::print() multipmap:item=1 key=Array002 value=0xc8e8f0
Container::print() multipmap:item=2 key=Array003 value=0xc8f130
Container::print()      list:item=--- ESMCI::ArrayBundle::print start ---
ArrayBundle: MyArrayBundle
arrayCount = 3
--- ESMCI::ArrayBundle::print start ---
ArrayBundle: MyArrayBundle
arrayCount = 3
0 key=AonFly value=0x223f190
Container::print() multipmap:item=1 key=Array002 value=0x22838f0
Container::print() multipmap:item=2 key=Array003 value=0x2284170
Container::print()      list:item=0 key=Array002 value=0x22838f0
Container::print()      list:item=1 key=Array003 value=0x2284170
Container::print()      list:item=2 key=AonFly value=0x223f190
--- ESMCI::ArrayBundle::print end ---
0 key=Array002 value=0xc8e8f0
Container::print()      list:item=1 key=Array003 value=0xc8f130
Container::print()      list:item=2 key=AonFly value=0xc4a0d0
--- ESMCI::ArrayBundle::print end ---
Container::print() multipmap:item=Container::print() multipmap:item=0 key=AonFly value=0 key=AonFly value=0x1f0c8a0
Container::print() multipmap:item=1 key=Array0020x7fa390
Container::print() multipmap:item=1 key=Array002 value=0x83dc40
Container::print() multipmap:item=2--- ESMCI::Array::print start ---
 Base name    = AonFly
 Status: Base = Ready,  value=0x1f4ff40
Container::print() multipmap:item=2 key=Array003 value=0x1f50df0
Container::print()      list:item=0 key=Array002 value=0x1f4ff40
Container::print()      list:item=1 key=Array003 value= key=Array003 value=0x83e910
Container::print()      list:item=0 key=Array002 value=0x83dc40
Container::print()      list:item=1 key=Array003 value=0x83e910
Container::print()      list:item=2 key=AonFly value= object = Ready
 Proxy        = no
 Root Info (Attributes):
--- ESMCI::Array::print start ---
 Base name    = AonFly
 Status: Base = Ready,  object = Ready
 Proxy        = no
 Root Info (Attributes):
0x1f50df0
Container::print()      list:item=2 key=AonFly value=0x1f0c8a0
--- ESMCI::ArrayBundle::print end ---
0x7fa390
--- ESMCI::ArrayBundle::print end ---
--- ESMCI::Array::print start ---
 Base name    = AonFly
--- ESMCI::Array::print start ---
 Base name    = AonFly
 Status: Base = Ready, {}Array typekind/rank: Real*4 / 2 
~ lower class' values ~
DistGrid dimCount = 2
deCount = 6
localDeCount = 1
~ local data in LocalArray for DE 2 ~
LocalArrayPrint: Array at address 0x223ee60:
 Status: Base = Ready,  object = Ready
 Proxy        = no
 Root Info (Attributes):
 object = Ready
 Proxy        = no
 Root Info (Attributes):
            rank = 2, typekind = 5, base_addr = 0x223e210
            dim[0] = 3  dim[1] = 2  
  Real, *4, Dim 2, Data values:
{}Array typekind/rank: Real*4 / 2 
~ lower class' values ~
DistGrid dimCount = 2
deCount = 6
localDeCount = 1
~ local data in LocalArray for DE 3 ~
LocalArrayPrint: Array at address 0xc49da0:
            rank = 2, typekind = 5, base_addr = 0xc49210
            dim[0] = 2  dim[1] = 2  
  Real, *4, Dim 2, Data values:
( 1, 1) =  1.23637e-37
( 2, 1) =  0
( 3, 1) =  2.70458e+19
( 1, 2) =  4.58155e-41
( 2, 2) =  0
( 3, 2) =  0
dim 1: [0]: [1 [1 [1, 3] 3] 3]
dim 2: [1]: [1 [1 [1, 2] 2] 2]
--- ESMCI::Array::print end ---
( 1, 1) =  1.84564e-38
( 2, 1) =  0
( 1, 2) =  -3.91688e-16
( 2, 2) =  4.55856e-41
{}Array typekind/rank: Real*4 / 2 
~ lower class' values ~{}Array typekind/rank: Real*4 / 2 
~ lower class' values ~
DistGrid dimCount = 2
deCount = 6
localDeCount = 2
--- ESMCI::Array::print start ---
 Base name    = Array002
 Status: Base = Ready,  object = Ready
 Proxy        = no
 Root Info (Attributes):
{}Array typekind/rank: Real*8 / 2 
~ lower class' values ~
DistGrid dimCount = 2
deCount = 6
localDeCount = 1
~ local data in LocalArray for DE 2 ~
dim 1: [0]: [1 [1 [1, 2] 2] 2]
dim 2: [1]: [1 [1 [1, 2] 2] 2]
--- ESMCI::Array::print end ---
--- ESMCI::Array::print start ---
 Base name    = Array002
 Status: Base = Ready,  object = Ready
 Proxy        = no
DistGrid dimCount = 2
deCount = 6
localDeCount = 2
~ local data in LocalArray for DE 0 ~
LocalArrayPrint: Array at address 0x1f0c240:
            rank = 2, typekind = 5, base_addr = 0x1f4f820
            dim[0] = 3  dim[1] = 2  ~ local data in LocalArray for DE 1 ~
LocalArrayPrint: Array at address 0x7f9d30:
            rank = 2, typekind = 5, base_addr = 0x7f8320
            dim[0] = 2  dim[1] = 2  
  Real, *4, Dim 2, Data values:
LocalArrayPrint: Array at address 0x22835c0:
            rank = 2, typekind = 6, base_addr = 0x225e0c0
            dim[0] = 3  dim[1] = 2  
  Real, *8, Dim 2, Data values:
( 1, 1) =  1.77392e-316
( 2, 1) =  4.24399e-314
( 3, 1) =  4.24399e-314
( 1, 2) =  4.24399e-314
( 2, 2) =  2.122e-314

 Root Info (Attributes):
{}Array typekind/rank: Real*8 / 2 
~ lower class' values ~
DistGrid dimCount = 2
deCount = 6
localDeCount = 1
~ local data in LocalArray for DE 3 ~
LocalArrayPrint: Array at address 0xc8e5c0:

  Real, *4, Dim 2, Data values:
( 1, 1) =  9.00308e-38
( 2, 1) =  0
( 3, 1) =  4.2039e-45
( 1, 1) =  1.21171e-38
( 2, 1) =  0
( 1, 2) =  2.8026e-45
( 2, 2) =  1.4013e-45
( 3, 2) =  2.122e-314
dim 1: [0]: [1 [1 [1, 3] 3] 3]
dim 2: [1]: [1 [1 [1, 2] 2] 2]
--- ESMCI::Array::print end ---
--- ESMCI::Array::print start ---
 Base name    = Array003
 Status: Base = Ready,  object = Ready
 Proxy        = no
 Root Info (Attributes):
{}Array typekind/rank: Real*8 / 2 
~ lower class' values ~
DistGrid dimCount = 2
deCount = 6
localDeCount = 1
~ local data in LocalArray for DE 2 ~
            rank = 2, typekind = 6, base_addr = 0xc91f00
            dim[0] = 2  dim[1] = 2  
  Real, *8, Dim 2, Data values:
( 1, 1) =  6.51216e-317
( 2, 1) =  4.24399e-314
( 1, 2) =  0
( 1, 2) =  1.4013e-45
( 2, 2) =  0
( 3, 2) =  0
dim 1: [0]: [1 [1 [1, 3] 3] 3]
dim 2: [1]: [1 [1 [1, 2] 2] 2]
~ local data in LocalArray for DE 4 ~
LocalArrayPrint: Array at address 0x1f0c570:
dim 1: [0]: [1 [1 [1, 2] 2] 2]
dim 2: [1]: [1 [1 [1, 2] 2] 2]
~ local data in LocalArray for DE 5 ~
LocalArrayPrint: Array at address 0x7fa060:
            rank = 2, typekind = 5, base_addr = 0x7f9c70
            dim[0] = 2  dim[1] = 1  
  Real, *4, Dim 2, Data values:
LocalArrayPrint: Array at address 0x2283e00:
            rank = 2, typekind = 6, base_addr = 0x2284130
            dim[0] = 3  dim[1] = 2  
  Real, *8, Dim 2, Data values:
( 1, 1) =  6.93794e-310
( 2, 1) =  6.93794e-310
( 3, 1) =  0
( 1, 2) =  0
( 2, 2) =  6.93795e-310
( 3, 2) =  6.93795e-310
dim 1: [0]: [1 [1 [1, 3] 3] 3]
( 2, 2) =  0
dim 1: [0]: [1 [1 [1, 2] 2] 2]
dim 2: [1]: [1 [1 [1, 2] 2] 2]
--- ESMCI::Array::print end ---
--- ESMCI::Array::print start ---
 Base name    = Array003
 Status: Base = Ready,  object = Ready
 Proxy        = no
 Root Info (Attributes):
            rank = 2, typekind = 5, base_addr = 0x1f0c180
            dim[0] = 3  dim[1] = 1  
  Real, *4, Dim 2, Data values:
( 1, 1) =  8.84396e-38
( 2, 1) =  0
( 3, 1) =  1.43336e-14
( 1, 1) =  1.17192e-38
( 2, 1) =  0
dim 1: [0]: [1 [1 [1, 2] 2] 2]
dim 2: [1]: [1 [1 [1, 1] 1] 1]
--- ESMCI::Array::print end ---
--- ESMCI::Array::print start ---
 Base name    = Array002dim 2: [1]: [1 [1 [1, 2] 2] 2]
--- ESMCI::Array::print end ---
{}Array typekind/rank: Real*8 / 2 
~ lower class' values ~
DistGrid dimCount = 2
deCount = 6
localDeCount = 1
~ local data in LocalArray for DE 3 ~
LocalArrayPrint: Array at address 0xc8ee00:
            rank = 2, typekind = 6, base_addr = 0xc39d00
            dim[0] = 2  dim 1: [0]: [1 [1 [1, 3] 3] 3]
dim 2: [1]: [1 [1 [1, 1] 1] 1]
--- ESMCI::Array::print end ---
--- ESMCI::Array::print start ---
 Base name    = Array002
 Status: Base = Ready,  object = Ready
 Proxy        = no
 Root Info (Attributes):

 Status: Base = Ready,  object = Ready
 Proxy        = no
 Root Info (Attributes):
{}Array typekind/rank: Real*8 / 2 
~ lower class' values ~
DistGrid dimCount = 2
dim[1] = 2  
  Real, *8, Dim 2, Data values:
( 1, 1) =  6.51216e-317
( 2, 1) =  6.9032e-310
( 1, 2) =  0
( 2, 2) =  0
{}Array typekind/rank: Real*8 / 2 
~ lower class' values ~
DistGrid dimCount = 2
deCount = 6
localDeCount = 2
deCount = 6
localDeCount = 2
~ local data in LocalArray for DE 1 ~
LocalArrayPrint: Array at address 0x83d5c0:
            rank = 2, typekind = 6, base_addr = 0x7f7b50
            dim[0] = 2  dim[1] = 2  
  Real, *8, Dim 2, Data values:
dim 1: [0]: [1 [1 [1, 2] 2] 2]
dim 2: [1]: [1 [1 [1, 2] 2] 2]
--- ESMCI::Array::print end ---
~ local data in LocalArray for DE 0 ~
LocalArrayPrint: Array at address 0x1f4f8c0:
            rank = 2, typekind = 6, base_addr = 0x1f09e10
            dim[0] = 3  dim[1] = 2  
  Real, *8, Dim 2, Data values:
( 1, 1) =  4.27603e-317
( 2, 1) =  4.24399e-314
( 1, 2) =  0
( 2, 2) =  0
  PASS  Example ESMF_ArrayBundleEx, ESMF_ArrayBundleEx.F90, line 267
( 1, 1) =  1.60801e-316
( 2, 1) =  4.24399e-314
( 3, 1) =  4.24399e-314
( 1, 2) =  4.24399e-314
dim 1: [0]: [1 [1 [1, 2] 2] 2]
dim 2: [1]: [1 [1 [1, 2] 2] 2]
~ local data in LocalArray for DE 5 ~
LocalArrayPrint: Array at address 0x83d8f0:
            rank = 2, typekind = 6, base_addr = 0x83dc20
            dim[0] = 2  ( 2, 2) =  2.122e-314
( 3, 2) =  2.122e-314
dim 1: [0]: [1 [1 [1, 3] 3] 3]
dim[1] = 1  
  Real, *8, Dim 2, Data values:
( 1, 1) =  6.94652e-310
( 2, 1) =  6.94652e-310
dim 2: [1]: [1 [1 [1, 2] 2] 2]
~ local data in LocalArray for DE 4 ~
LocalArrayPrint: Array at address 0x1f4fbf0:
            rank = 2, typekind = 6, base_addr = 0x1f4ff20
            dim[0] = 3  dim 1: [0]: [1 [1 [1, 2] 2] 2]
dim 2: [1]: [1 [1 [1, 1] 1] 1]
--- ESMCI::Array::print end ---
--- ESMCI::Array::print start ---
 Base name    = Array003
 Status: Base = dim[1] = 1  
  Real, *8, Dim 2, Data values:
( 1, 1) =  6.9101e-310
( 2, 1) =  6.9101e-310
Ready,  object = Ready
 Proxy        = no
 Root Info (Attributes):
  PASS  Example ESMF_ArrayBundleEx, ESMF_ArrayBundleEx.F90, line 267
( 3, 1) =  0
dim 1: [0]: [1 [1 [1, 3] 3] 3]
dim 2: [1]: [1 [1 [1, 1] 1] 1]
--- ESMCI::Array::print end ---
--- ESMCI::Array::print start ---
 Base name    = Array003
 Status: Base = Ready, {}Array typekind/rank: Real*8 / 2 
~ lower class' values ~
DistGrid dimCount = 2
deCount = 6
localDeCount = 2
~ local data in LocalArray for DE 1 ~
LocalArrayPrint: Array at address 0x83e2b0:
            rank = 2, typekind = 6, base_addr = 0x7f8360
             object = Ready
 Proxy        = no
 Root Info (Attributes):
{}dim[0] = 2  dim[1] = 2  
  Real, *8, Dim 2, Data values:
( 1, 1) =  4.27603e-317
Array typekind/rank: Real*8 / 2 
~ lower class' values ~
DistGrid dimCount = 2
deCount = 6
localDeCount = 2
~ local data in LocalArray for DE 0 ~
LocalArrayPrint: Array at address 0x1f50750:
( 2, 1) =  6.94652e-310
( 1, 2) =  0
( 2, 2) =  0
dim 1: [0]: [1 [1 [1, 2] 2] 2]
            rank = 2, typekind = 6, base_addr = 0x1f50a80
            dim[0] = 3  dim[1] = 2  
  Real, *8, Dim 2, Data values:
dim 2: [1]: [1 [1 [1, 2] 2] 2]
~ local data in LocalArray for DE 5 ~
LocalArrayPrint: Array at address 0x83e5e0:
            rank = 2, typekind = 6, base_addr = 0x7f7b30
            dim[0] = 2  ( 1, 1) =  6.9101e-310
( 2, 1) =  6.9101e-310
( 3, 1) =  0
( 1, 2) =  0
dim[1] = 1  
  Real, *8, Dim 2, Data values:
( 1, 1) =  4.12871e-317
( 2, 1) =  2.122e-314
( 2, 2) =  0
( 3, 2) =  1.62237e-316
dim 1: [0]: [1 [1 [1, 3] 3] 3]
dim 2: [1]: [1 [1 [1, 2] 2] 2]
dim 1: [0]: [1 [1 [1, 2] 2] 2]
dim 2: [1]: [1 [1 [1, 1] 1] 1]
--- ESMCI::Array::print end ---
~ local data in LocalArray for DE 4 ~
LocalArrayPrint: Array at address 0x1f50ac0:
            rank = 2, typekind = 6, base_addr = 0x1f09dc0
            dim[0] = 3  dim[1] = 1  
  Real, *8, Dim 2, Data values:
( 1, 1) =  1.62209e-316
( 2, 1) =  2.122e-314
( 3, 1) =  0
dim 1: [0]: [1 [1 [1, 3] 3] 3]
dim 2: [1]: [1 [1 [1, 1] 1] 1]
--- ESMCI::Array::print end ---
  PASS  Example ESMF_ArrayBundleEx, ESMF_ArrayBundleEx.F90, line 267
  PASS  Example ESMF_ArrayBundleEx, ESMF_ArrayBundleEx.F90, line 267
 PASS: ESMF_ArrayBundleEx.F90
 PASS: ESMF_ArrayBundleEx.F90
 PASS: ESMF_ArrayBundleEx.F90
 PASS: ESMF_ArrayBundleEx.F90
