2024-08-02 01:41:13
20240802 022146.201 INFO             PET0 !!!!!!!!!!!!!!!!!!!!!!!!!!!!!!!!!!!!!!!!!!!!!!!!!!!!!!
20240802 022146.201 INFO             PET0 !!! THE ESMF_LOG IS SET TO OUTPUT ALL LOG MESSAGES !!!
20240802 022146.201 INFO             PET0 !!!     THIS MAY CAUSE SLOWDOWN IN PERFORMANCE     !!!
20240802 022146.201 INFO             PET0 !!! FOR PRODUCTION RUNS, USE:                      !!!
20240802 022146.201 INFO             PET0 !!!                   ESMF_LOGKIND_Multi_On_Error  !!!
20240802 022146.201 INFO             PET0 !!!!!!!!!!!!!!!!!!!!!!!!!!!!!!!!!!!!!!!!!!!!!!!!!!!!!!
20240802 022146.201 INFO             PET0 Running with ESMF Version   : v8.7.0b10-21-g6127c6256e
20240802 022146.201 INFO             PET0 ESMF library build date/time: "Aug  2 2024" "01:39:46"
20240802 022146.201 INFO             PET0 ESMF library build location : /discover/nobackup/projects/sbu/mpotts/esmf-test/intel_19.1.3_intelmpi_O_nrl_work-esmx/esmf
20240802 022146.201 INFO             PET0 ESMF_COMM                   : intelmpi
20240802 022146.201 INFO             PET0 ESMF_MOAB                   : enabled
20240802 022146.201 INFO             PET0 ESMF_LAPACK                 : enabled
20240802 022146.201 INFO             PET0 ESMF_NETCDF                 : enabled
20240802 022146.201 INFO             PET0 ESMF_PNETCDF                : disabled
20240802 022146.201 INFO             PET0 ESMF_PIO                    : enabled
20240802 022146.201 INFO             PET0 ESMF_YAMLCPP                : enabled
20240802 022146.233 DEBUG            PET0 about to destroy Grid: 0x1b15530
20240802 022146.235 DEBUG            PET0 about to destroy Grid: 0x1b17af0
20240802 022146.244 INFO             PET0  NUMBER_OF_PROCESSORS           4
20240802 022146.244 INFO             PET0  PASS  Example ESMF_NUOPCAtmModelEx, ESMF_NUOPCAtmModelEx.F90, line 806
20240802 022146.244 INFO             PET0  Finalizing ESMF
20240802 022146.201 INFO             PET1 !!!!!!!!!!!!!!!!!!!!!!!!!!!!!!!!!!!!!!!!!!!!!!!!!!!!!!
20240802 022146.201 INFO             PET1 !!! THE ESMF_LOG IS SET TO OUTPUT ALL LOG MESSAGES !!!
20240802 022146.201 INFO             PET1 !!!     THIS MAY CAUSE SLOWDOWN IN PERFORMANCE     !!!
20240802 022146.201 INFO             PET1 !!! FOR PRODUCTION RUNS, USE:                      !!!
20240802 022146.201 INFO             PET1 !!!                   ESMF_LOGKIND_Multi_On_Error  !!!
20240802 022146.201 INFO             PET1 !!!!!!!!!!!!!!!!!!!!!!!!!!!!!!!!!!!!!!!!!!!!!!!!!!!!!!
20240802 022146.201 INFO             PET1 Running with ESMF Version   : v8.7.0b10-21-g6127c6256e
20240802 022146.201 INFO             PET1 ESMF library build date/time: "Aug  2 2024" "01:39:46"
20240802 022146.201 INFO             PET1 ESMF library build location : /discover/nobackup/projects/sbu/mpotts/esmf-test/intel_19.1.3_intelmpi_O_nrl_work-esmx/esmf
20240802 022146.201 INFO             PET1 ESMF_COMM                   : intelmpi
20240802 022146.201 INFO             PET1 ESMF_MOAB                   : enabled
20240802 022146.201 INFO             PET1 ESMF_LAPACK                 : enabled
20240802 022146.201 INFO             PET1 ESMF_NETCDF                 : enabled
20240802 022146.201 INFO             PET1 ESMF_PNETCDF                : disabled
20240802 022146.201 INFO             PET1 ESMF_PIO                    : enabled
20240802 022146.201 INFO             PET1 ESMF_YAMLCPP                : enabled
20240802 022146.233 DEBUG            PET1 about to destroy Grid: 0x286b620
20240802 022146.235 DEBUG            PET1 about to destroy Grid: 0x286c300
20240802 022146.244 INFO             PET1  NUMBER_OF_PROCESSORS           4
20240802 022146.244 INFO             PET1  PASS  Example ESMF_NUOPCAtmModelEx, ESMF_NUOPCAtmModelEx.F90, line 806
20240802 022146.244 INFO             PET1  Finalizing ESMF
20240802 022146.200 INFO             PET2 !!!!!!!!!!!!!!!!!!!!!!!!!!!!!!!!!!!!!!!!!!!!!!!!!!!!!!
20240802 022146.200 INFO             PET2 !!! THE ESMF_LOG IS SET TO OUTPUT ALL LOG MESSAGES !!!
20240802 022146.200 INFO             PET2 !!!     THIS MAY CAUSE SLOWDOWN IN PERFORMANCE     !!!
20240802 022146.200 INFO             PET2 !!! FOR PRODUCTION RUNS, USE:                      !!!
20240802 022146.200 INFO             PET2 !!!                   ESMF_LOGKIND_Multi_On_Error  !!!
20240802 022146.200 INFO             PET2 !!!!!!!!!!!!!!!!!!!!!!!!!!!!!!!!!!!!!!!!!!!!!!!!!!!!!!
20240802 022146.200 INFO             PET2 Running with ESMF Version   : v8.7.0b10-21-g6127c6256e
20240802 022146.201 INFO             PET2 ESMF library build date/time: "Aug  2 2024" "01:39:46"
20240802 022146.201 INFO             PET2 ESMF library build location : /discover/nobackup/projects/sbu/mpotts/esmf-test/intel_19.1.3_intelmpi_O_nrl_work-esmx/esmf
20240802 022146.201 INFO             PET2 ESMF_COMM                   : intelmpi
20240802 022146.201 INFO             PET2 ESMF_MOAB                   : enabled
20240802 022146.201 INFO             PET2 ESMF_LAPACK                 : enabled
20240802 022146.201 INFO             PET2 ESMF_NETCDF                 : enabled
20240802 022146.201 INFO             PET2 ESMF_PNETCDF                : disabled
20240802 022146.201 INFO             PET2 ESMF_PIO                    : enabled
20240802 022146.201 INFO             PET2 ESMF_YAMLCPP                : enabled
20240802 022146.233 DEBUG            PET2 about to destroy Grid: 0x27b6690
20240802 022146.235 DEBUG            PET2 about to destroy Grid: 0x27b7370
20240802 022146.244 INFO             PET2  NUMBER_OF_PROCESSORS           4
20240802 022146.244 INFO             PET2  PASS  Example ESMF_NUOPCAtmModelEx, ESMF_NUOPCAtmModelEx.F90, line 806
20240802 022146.244 INFO             PET2  Finalizing ESMF
20240802 022146.201 INFO             PET3 !!!!!!!!!!!!!!!!!!!!!!!!!!!!!!!!!!!!!!!!!!!!!!!!!!!!!!
20240802 022146.201 INFO             PET3 !!! THE ESMF_LOG IS SET TO OUTPUT ALL LOG MESSAGES !!!
20240802 022146.201 INFO             PET3 !!!     THIS MAY CAUSE SLOWDOWN IN PERFORMANCE     !!!
20240802 022146.201 INFO             PET3 !!! FOR PRODUCTION RUNS, USE:                      !!!
20240802 022146.201 INFO             PET3 !!!                   ESMF_LOGKIND_Multi_On_Error  !!!
20240802 022146.201 INFO             PET3 !!!!!!!!!!!!!!!!!!!!!!!!!!!!!!!!!!!!!!!!!!!!!!!!!!!!!!
20240802 022146.201 INFO             PET3 Running with ESMF Version   : v8.7.0b10-21-g6127c6256e
20240802 022146.201 INFO             PET3 ESMF library build date/time: "Aug  2 2024" "01:39:46"
20240802 022146.201 INFO             PET3 ESMF library build location : /discover/nobackup/projects/sbu/mpotts/esmf-test/intel_19.1.3_intelmpi_O_nrl_work-esmx/esmf
20240802 022146.201 INFO             PET3 ESMF_COMM                   : intelmpi
20240802 022146.202 INFO             PET3 ESMF_MOAB                   : enabled
20240802 022146.202 INFO             PET3 ESMF_LAPACK                 : enabled
20240802 022146.202 INFO             PET3 ESMF_NETCDF                 : enabled
20240802 022146.202 INFO             PET3 ESMF_PNETCDF                : disabled
20240802 022146.202 INFO             PET3 ESMF_PIO                    : enabled
20240802 022146.202 INFO             PET3 ESMF_YAMLCPP                : enabled
20240802 022146.233 DEBUG            PET3 about to destroy Grid: 0x1e1a530
20240802 022146.235 DEBUG            PET3 about to destroy Grid: 0x1e1b210
20240802 022146.244 INFO             PET3  NUMBER_OF_PROCESSORS           4
20240802 022146.244 INFO             PET3  PASS  Example ESMF_NUOPCAtmModelEx, ESMF_NUOPCAtmModelEx.F90, line 806
20240802 022146.244 INFO             PET3  Finalizing ESMF
