2024-07-26 00:05:23
20240726 002759.987 INFO             PET0 !!!!!!!!!!!!!!!!!!!!!!!!!!!!!!!!!!!!!!!!!!!!!!!!!!!!!!
20240726 002759.987 INFO             PET0 !!! THE ESMF_LOG IS SET TO OUTPUT ALL LOG MESSAGES !!!
20240726 002759.987 INFO             PET0 !!!     THIS MAY CAUSE SLOWDOWN IN PERFORMANCE     !!!
20240726 002759.987 INFO             PET0 !!! FOR PRODUCTION RUNS, USE:                      !!!
20240726 002759.987 INFO             PET0 !!!                   ESMF_LOGKIND_Multi_On_Error  !!!
20240726 002759.987 INFO             PET0 !!!!!!!!!!!!!!!!!!!!!!!!!!!!!!!!!!!!!!!!!!!!!!!!!!!!!!
20240726 002759.987 INFO             PET0 Running with ESMF Version   : v8.7.0b09-27-geb8bb37dac
20240726 002759.987 INFO             PET0 ESMF library build date/time: "Jul 26 2024" "00:04:13"
20240726 002759.987 INFO             PET0 ESMF library build location : /home/gerhard/ESMF-Nightly-Testing/gfortran_7.4.0_mpich_g_feature_hconfig-extras/esmf
20240726 002759.987 INFO             PET0 ESMF_COMM                   : mpich
20240726 002759.987 INFO             PET0 ESMF_MOAB                   : enabled
20240726 002759.987 INFO             PET0 ESMF_LAPACK                 : enabled
20240726 002759.987 INFO             PET0 ESMF_NETCDF                 : enabled
20240726 002759.987 INFO             PET0 ESMF_PNETCDF                : disabled
20240726 002759.987 INFO             PET0 ESMF_PIO                    : enabled
20240726 002759.987 INFO             PET0 ESMF_YAMLCPP                : enabled
20240726 002800.059 DEBUG            PET0 about to destroy Grid: 0x19568a0
20240726 002800.068 DEBUG            PET0 about to destroy Grid: 0x1958cd0
20240726 002800.092 INFO             PET0  NUMBER_OF_PROCESSORS           4
20240726 002800.092 INFO             PET0  PASS  Example ESMF_NUOPCAtmModelEx, ESMF_NUOPCAtmModelEx.F90, line 806
20240726 002800.092 INFO             PET0  Finalizing ESMF
20240726 002759.987 INFO             PET1 !!!!!!!!!!!!!!!!!!!!!!!!!!!!!!!!!!!!!!!!!!!!!!!!!!!!!!
20240726 002759.987 INFO             PET1 !!! THE ESMF_LOG IS SET TO OUTPUT ALL LOG MESSAGES !!!
20240726 002759.987 INFO             PET1 !!!     THIS MAY CAUSE SLOWDOWN IN PERFORMANCE     !!!
20240726 002759.987 INFO             PET1 !!! FOR PRODUCTION RUNS, USE:                      !!!
20240726 002759.987 INFO             PET1 !!!                   ESMF_LOGKIND_Multi_On_Error  !!!
20240726 002759.987 INFO             PET1 !!!!!!!!!!!!!!!!!!!!!!!!!!!!!!!!!!!!!!!!!!!!!!!!!!!!!!
20240726 002759.987 INFO             PET1 Running with ESMF Version   : v8.7.0b09-27-geb8bb37dac
20240726 002759.987 INFO             PET1 ESMF library build date/time: "Jul 26 2024" "00:04:13"
20240726 002759.987 INFO             PET1 ESMF library build location : /home/gerhard/ESMF-Nightly-Testing/gfortran_7.4.0_mpich_g_feature_hconfig-extras/esmf
20240726 002759.987 INFO             PET1 ESMF_COMM                   : mpich
20240726 002759.987 INFO             PET1 ESMF_MOAB                   : enabled
20240726 002759.987 INFO             PET1 ESMF_LAPACK                 : enabled
20240726 002759.987 INFO             PET1 ESMF_NETCDF                 : enabled
20240726 002759.987 INFO             PET1 ESMF_PNETCDF                : disabled
20240726 002759.987 INFO             PET1 ESMF_PIO                    : enabled
20240726 002759.987 INFO             PET1 ESMF_YAMLCPP                : enabled
20240726 002800.059 DEBUG            PET1 about to destroy Grid: 0x2224640
20240726 002800.068 DEBUG            PET1 about to destroy Grid: 0x2226230
20240726 002800.092 INFO             PET1  NUMBER_OF_PROCESSORS           4
20240726 002800.092 INFO             PET1  PASS  Example ESMF_NUOPCAtmModelEx, ESMF_NUOPCAtmModelEx.F90, line 806
20240726 002800.092 INFO             PET1  Finalizing ESMF
20240726 002759.987 INFO             PET2 !!!!!!!!!!!!!!!!!!!!!!!!!!!!!!!!!!!!!!!!!!!!!!!!!!!!!!
20240726 002759.987 INFO             PET2 !!! THE ESMF_LOG IS SET TO OUTPUT ALL LOG MESSAGES !!!
20240726 002759.987 INFO             PET2 !!!     THIS MAY CAUSE SLOWDOWN IN PERFORMANCE     !!!
20240726 002759.987 INFO             PET2 !!! FOR PRODUCTION RUNS, USE:                      !!!
20240726 002759.987 INFO             PET2 !!!                   ESMF_LOGKIND_Multi_On_Error  !!!
20240726 002759.987 INFO             PET2 !!!!!!!!!!!!!!!!!!!!!!!!!!!!!!!!!!!!!!!!!!!!!!!!!!!!!!
20240726 002759.987 INFO             PET2 Running with ESMF Version   : v8.7.0b09-27-geb8bb37dac
20240726 002759.987 INFO             PET2 ESMF library build date/time: "Jul 26 2024" "00:04:13"
20240726 002759.987 INFO             PET2 ESMF library build location : /home/gerhard/ESMF-Nightly-Testing/gfortran_7.4.0_mpich_g_feature_hconfig-extras/esmf
20240726 002759.987 INFO             PET2 ESMF_COMM                   : mpich
20240726 002759.987 INFO             PET2 ESMF_MOAB                   : enabled
20240726 002759.987 INFO             PET2 ESMF_LAPACK                 : enabled
20240726 002759.987 INFO             PET2 ESMF_NETCDF                 : enabled
20240726 002759.987 INFO             PET2 ESMF_PNETCDF                : disabled
20240726 002759.987 INFO             PET2 ESMF_PIO                    : enabled
20240726 002759.987 INFO             PET2 ESMF_YAMLCPP                : enabled
20240726 002800.059 DEBUG            PET2 about to destroy Grid: 0x1942660
20240726 002800.068 DEBUG            PET2 about to destroy Grid: 0x1944370
20240726 002800.092 INFO             PET2  NUMBER_OF_PROCESSORS           4
20240726 002800.092 INFO             PET2  PASS  Example ESMF_NUOPCAtmModelEx, ESMF_NUOPCAtmModelEx.F90, line 806
20240726 002800.092 INFO             PET2  Finalizing ESMF
20240726 002759.987 INFO             PET3 !!!!!!!!!!!!!!!!!!!!!!!!!!!!!!!!!!!!!!!!!!!!!!!!!!!!!!
20240726 002759.987 INFO             PET3 !!! THE ESMF_LOG IS SET TO OUTPUT ALL LOG MESSAGES !!!
20240726 002759.987 INFO             PET3 !!!     THIS MAY CAUSE SLOWDOWN IN PERFORMANCE     !!!
20240726 002759.987 INFO             PET3 !!! FOR PRODUCTION RUNS, USE:                      !!!
20240726 002759.987 INFO             PET3 !!!                   ESMF_LOGKIND_Multi_On_Error  !!!
20240726 002759.987 INFO             PET3 !!!!!!!!!!!!!!!!!!!!!!!!!!!!!!!!!!!!!!!!!!!!!!!!!!!!!!
20240726 002759.987 INFO             PET3 Running with ESMF Version   : v8.7.0b09-27-geb8bb37dac
20240726 002759.987 INFO             PET3 ESMF library build date/time: "Jul 26 2024" "00:04:13"
20240726 002759.987 INFO             PET3 ESMF library build location : /home/gerhard/ESMF-Nightly-Testing/gfortran_7.4.0_mpich_g_feature_hconfig-extras/esmf
20240726 002759.987 INFO             PET3 ESMF_COMM                   : mpich
20240726 002759.987 INFO             PET3 ESMF_MOAB                   : enabled
20240726 002759.987 INFO             PET3 ESMF_LAPACK                 : enabled
20240726 002759.987 INFO             PET3 ESMF_NETCDF                 : enabled
20240726 002759.987 INFO             PET3 ESMF_PNETCDF                : disabled
20240726 002759.987 INFO             PET3 ESMF_PIO                    : enabled
20240726 002759.987 INFO             PET3 ESMF_YAMLCPP                : enabled
20240726 002800.059 DEBUG            PET3 about to destroy Grid: 0x16ae670
20240726 002800.068 DEBUG            PET3 about to destroy Grid: 0x16b0380
20240726 002800.092 INFO             PET3  NUMBER_OF_PROCESSORS           4
20240726 002800.092 INFO             PET3  PASS  Example ESMF_NUOPCAtmModelEx, ESMF_NUOPCAtmModelEx.F90, line 806
20240726 002800.092 INFO             PET3  Finalizing ESMF
