2024-07-24 01:45:27
20240724 021542.328 INFO             PET0 !!!!!!!!!!!!!!!!!!!!!!!!!!!!!!!!!!!!!!!!!!!!!!!!!!!!!!
20240724 021542.328 INFO             PET0 !!! THE ESMF_LOG IS SET TO OUTPUT ALL LOG MESSAGES !!!
20240724 021542.328 INFO             PET0 !!!     THIS MAY CAUSE SLOWDOWN IN PERFORMANCE     !!!
20240724 021542.328 INFO             PET0 !!! FOR PRODUCTION RUNS, USE:                      !!!
20240724 021542.328 INFO             PET0 !!!                   ESMF_LOGKIND_Multi_On_Error  !!!
20240724 021542.328 INFO             PET0 !!!!!!!!!!!!!!!!!!!!!!!!!!!!!!!!!!!!!!!!!!!!!!!!!!!!!!
20240724 021542.328 INFO             PET0 Running with ESMF Version   : v8.7.0b09-5-g5845ab67f6
20240724 021542.328 INFO             PET0 ESMF library build date/time: "Jul 24 2024" "01:43:24"
20240724 021542.328 INFO             PET0 ESMF library build location : /glade/derecho/scratch/sacks/esmf-testing/intel_2023.2.1_mpi_O_feature_numa/esmf
20240724 021542.328 INFO             PET0 ESMF_COMM                   : mpi
20240724 021542.332 INFO             PET0 ESMF_MOAB                   : enabled
20240724 021542.332 INFO             PET0 ESMF_LAPACK                 : enabled
20240724 021542.332 INFO             PET0 ESMF_NETCDF                 : enabled
20240724 021542.332 INFO             PET0 ESMF_PNETCDF                : disabled
20240724 021542.332 INFO             PET0 ESMF_PIO                    : enabled
20240724 021542.332 INFO             PET0 ESMF_YAMLCPP                : enabled
20240724 021542.341 INFO             PET0 ESMF_FieldRedistStoreNF(): Just entered routine.
20240724 021542.381 INFO             PET0 ESMF_FieldRedistStoreNF(): Leaving routine.
20240724 021542.385 INFO             PET0  NUMBER_OF_PROCESSORS           4
20240724 021542.385 INFO             PET0  PASS  Example ESMF_RHandleFromRHandleEx, ESMF_RHandleFromRHandleEx.F90, line 660
20240724 021542.385 INFO             PET0  Finalizing ESMF
20240724 021542.327 INFO             PET1 !!!!!!!!!!!!!!!!!!!!!!!!!!!!!!!!!!!!!!!!!!!!!!!!!!!!!!
20240724 021542.327 INFO             PET1 !!! THE ESMF_LOG IS SET TO OUTPUT ALL LOG MESSAGES !!!
20240724 021542.327 INFO             PET1 !!!     THIS MAY CAUSE SLOWDOWN IN PERFORMANCE     !!!
20240724 021542.327 INFO             PET1 !!! FOR PRODUCTION RUNS, USE:                      !!!
20240724 021542.327 INFO             PET1 !!!                   ESMF_LOGKIND_Multi_On_Error  !!!
20240724 021542.327 INFO             PET1 !!!!!!!!!!!!!!!!!!!!!!!!!!!!!!!!!!!!!!!!!!!!!!!!!!!!!!
20240724 021542.327 INFO             PET1 Running with ESMF Version   : v8.7.0b09-5-g5845ab67f6
20240724 021542.327 INFO             PET1 ESMF library build date/time: "Jul 24 2024" "01:43:24"
20240724 021542.327 INFO             PET1 ESMF library build location : /glade/derecho/scratch/sacks/esmf-testing/intel_2023.2.1_mpi_O_feature_numa/esmf
20240724 021542.327 INFO             PET1 ESMF_COMM                   : mpi
20240724 021542.334 INFO             PET1 ESMF_MOAB                   : enabled
20240724 021542.334 INFO             PET1 ESMF_LAPACK                 : enabled
20240724 021542.334 INFO             PET1 ESMF_NETCDF                 : enabled
20240724 021542.334 INFO             PET1 ESMF_PNETCDF                : disabled
20240724 021542.334 INFO             PET1 ESMF_PIO                    : enabled
20240724 021542.334 INFO             PET1 ESMF_YAMLCPP                : enabled
20240724 021542.341 INFO             PET1 ESMF_FieldRedistStoreNF(): Just entered routine.
20240724 021542.381 INFO             PET1 ESMF_FieldRedistStoreNF(): Leaving routine.
20240724 021542.385 INFO             PET1  NUMBER_OF_PROCESSORS           4
20240724 021542.385 INFO             PET1  PASS  Example ESMF_RHandleFromRHandleEx, ESMF_RHandleFromRHandleEx.F90, line 660
20240724 021542.385 INFO             PET1  Finalizing ESMF
20240724 021542.335 INFO             PET2 !!!!!!!!!!!!!!!!!!!!!!!!!!!!!!!!!!!!!!!!!!!!!!!!!!!!!!
20240724 021542.335 INFO             PET2 !!! THE ESMF_LOG IS SET TO OUTPUT ALL LOG MESSAGES !!!
20240724 021542.335 INFO             PET2 !!!     THIS MAY CAUSE SLOWDOWN IN PERFORMANCE     !!!
20240724 021542.335 INFO             PET2 !!! FOR PRODUCTION RUNS, USE:                      !!!
20240724 021542.335 INFO             PET2 !!!                   ESMF_LOGKIND_Multi_On_Error  !!!
20240724 021542.335 INFO             PET2 !!!!!!!!!!!!!!!!!!!!!!!!!!!!!!!!!!!!!!!!!!!!!!!!!!!!!!
20240724 021542.335 INFO             PET2 Running with ESMF Version   : v8.7.0b09-5-g5845ab67f6
20240724 021542.335 INFO             PET2 ESMF library build date/time: "Jul 24 2024" "01:43:24"
20240724 021542.335 INFO             PET2 ESMF library build location : /glade/derecho/scratch/sacks/esmf-testing/intel_2023.2.1_mpi_O_feature_numa/esmf
20240724 021542.335 INFO             PET2 ESMF_COMM                   : mpi
20240724 021542.337 INFO             PET2 ESMF_MOAB                   : enabled
20240724 021542.337 INFO             PET2 ESMF_LAPACK                 : enabled
20240724 021542.337 INFO             PET2 ESMF_NETCDF                 : enabled
20240724 021542.337 INFO             PET2 ESMF_PNETCDF                : disabled
20240724 021542.337 INFO             PET2 ESMF_PIO                    : enabled
20240724 021542.337 INFO             PET2 ESMF_YAMLCPP                : enabled
20240724 021542.341 INFO             PET2 ESMF_FieldRedistStoreNF(): Just entered routine.
20240724 021542.381 INFO             PET2 ESMF_FieldRedistStoreNF(): Leaving routine.
20240724 021542.384 INFO             PET2  NUMBER_OF_PROCESSORS           4
20240724 021542.384 INFO             PET2  PASS  Example ESMF_RHandleFromRHandleEx, ESMF_RHandleFromRHandleEx.F90, line 660
20240724 021542.384 INFO             PET2  Finalizing ESMF
20240724 021542.326 INFO             PET3 !!!!!!!!!!!!!!!!!!!!!!!!!!!!!!!!!!!!!!!!!!!!!!!!!!!!!!
20240724 021542.326 INFO             PET3 !!! THE ESMF_LOG IS SET TO OUTPUT ALL LOG MESSAGES !!!
20240724 021542.326 INFO             PET3 !!!     THIS MAY CAUSE SLOWDOWN IN PERFORMANCE     !!!
20240724 021542.326 INFO             PET3 !!! FOR PRODUCTION RUNS, USE:                      !!!
20240724 021542.326 INFO             PET3 !!!                   ESMF_LOGKIND_Multi_On_Error  !!!
20240724 021542.326 INFO             PET3 !!!!!!!!!!!!!!!!!!!!!!!!!!!!!!!!!!!!!!!!!!!!!!!!!!!!!!
20240724 021542.326 INFO             PET3 Running with ESMF Version   : v8.7.0b09-5-g5845ab67f6
20240724 021542.326 INFO             PET3 ESMF library build date/time: "Jul 24 2024" "01:43:24"
20240724 021542.326 INFO             PET3 ESMF library build location : /glade/derecho/scratch/sacks/esmf-testing/intel_2023.2.1_mpi_O_feature_numa/esmf
20240724 021542.326 INFO             PET3 ESMF_COMM                   : mpi
20240724 021542.333 INFO             PET3 ESMF_MOAB                   : enabled
20240724 021542.333 INFO             PET3 ESMF_LAPACK                 : enabled
20240724 021542.333 INFO             PET3 ESMF_NETCDF                 : enabled
20240724 021542.333 INFO             PET3 ESMF_PNETCDF                : disabled
20240724 021542.333 INFO             PET3 ESMF_PIO                    : enabled
20240724 021542.333 INFO             PET3 ESMF_YAMLCPP                : enabled
20240724 021542.341 INFO             PET3 ESMF_FieldRedistStoreNF(): Just entered routine.
20240724 021542.381 INFO             PET3 ESMF_FieldRedistStoreNF(): Leaving routine.
20240724 021542.386 INFO             PET3  NUMBER_OF_PROCESSORS           4
20240724 021542.386 INFO             PET3  PASS  Example ESMF_RHandleFromRHandleEx, ESMF_RHandleFromRHandleEx.F90, line 660
20240724 021542.386 INFO             PET3  Finalizing ESMF
