2024-07-19 04:14:59

mainApp:114009 terminated with signal 11 at PC=44b753 SP=7ffd9b67e0f0.  Backtrace:

mainApp:114011 terminated with signal 11 at PC=44b773 SP=7ffd515154d0.  Backtrace:
/tmp/intel_2023.1.0-oneAPI_mpi_g_feature_smm_store_search/nuopc-app-prototypes/CustomFieldDictionaryProto/./mainApp[0x44b753]

mainApp:114010 terminated with signal 11 at PC=44b761 SP=7ffdd3577d60.  Backtrace:
/tmp/intel_2023.1.0-oneAPI_mpi_g_feature_smm_store_search/nuopc-app-prototypes/CustomFieldDictionaryProto/./mainApp[0x44b773]
/tmp/intel_2023.1.0-oneAPI_mpi_g_feature_smm_store_search/nuopc-app-prototypes/CustomFieldDictionaryProto/./mainApp[0x44c720]
/tmp/intel_2023.1.0-oneAPI_mpi_g_feature_smm_store_search/nuopc-app-prototypes/CustomFieldDictionaryProto/./mainApp[0x44b8c5]

mainApp:114012 terminated with signal 11 at PC=44b737 SP=7ffeb6caefe0.  Backtrace:
/tmp/intel_2023.1.0-oneAPI_mpi_g_feature_smm_store_search/nuopc-app-prototypes/CustomFieldDictionaryProto/./mainApp[0x44c720]
/tmp/intel_2023.1.0-oneAPI_mpi_g_feature_smm_store_search/nuopc-app-prototypes/CustomFieldDictionaryProto/./mainApp[0x44b8c5]
/tmp/intel_2023.1.0-oneAPI_mpi_g_feature_smm_store_search/nuopc-app-prototypes/CustomFieldDictionaryProto/./mainApp[0x44b761]
/tmp/intel_2023.1.0-oneAPI_mpi_g_feature_smm_store_search/nuopc-app-prototypes/CustomFieldDictionaryProto/./mainApp[0x44c720]
/tmp/intel_2023.1.0-oneAPI_mpi_g_feature_smm_store_search/nuopc-app-prototypes/CustomFieldDictionaryProto/./mainApp[0x44b8c5]
/tmp/intel_2023.1.0-oneAPI_mpi_g_feature_smm_store_search/nuopc-app-prototypes/CustomFieldDictionaryProto/./mainApp[0x44b737]
/tmp/intel_2023.1.0-oneAPI_mpi_g_feature_smm_store_search/nuopc-app-prototypes/CustomFieldDictionaryProto/./mainApp[0x44c720]
/tmp/intel_2023.1.0-oneAPI_mpi_g_feature_smm_store_search/nuopc-app-prototypes/CustomFieldDictionaryProto/./mainApp[0x44b8c5]
/tmp/intel_2023.1.0-oneAPI_mpi_g_feature_smm_store_search/esmf/DEFAULTINSTALLDIR/lib/libg/Unicos.intel.64.mpi.default/libesmf.so(f_esmf_compcollectgarbage2_+0x4bc)[0x7f5b99bf800c]
/tmp/intel_2023.1.0-oneAPI_mpi_g_feature_smm_store_search/esmf/DEFAULTINSTALLDIR/lib/libg/Unicos.intel.64.mpi.default/libesmf.so(f_esmf_compcollectgarbage2_+0x4bc)[0x7f728d4cd00c]
/tmp/intel_2023.1.0-oneAPI_mpi_g_feature_smm_store_search/esmf/DEFAULTINSTALLDIR/lib/libg/Unicos.intel.64.mpi.default/libesmf.so(f_esmf_compcollectgarbage2_+0x4bc)[0x7feab1ced00c]
/tmp/intel_2023.1.0-oneAPI_mpi_g_feature_smm_store_search/esmf/DEFAULTINSTALLDIR/lib/libg/Unicos.intel.64.mpi.default/libesmf.so(f_esmf_compcollectgarbage2_+0x4bc)[0x7f60ec18600c]
/tmp/intel_2023.1.0-oneAPI_mpi_g_feature_smm_store_search/esmf/DEFAULTINSTALLDIR/lib/libg/Unicos.intel.64.mpi.default/libesmf.so(_ZN5ESMCI2VM8finalizeEP12ESMC_LogicalPi+0x5d2)[0x7feab1891d82]
/tmp/intel_2023.1.0-oneAPI_mpi_g_feature_smm_store_search/esmf/DEFAULTINSTALLDIR/lib/libg/Unicos.intel.64.mpi.default/libesmf.so(_ZN5ESMCI2VM8finalizeEP12ESMC_LogicalPi+0x5d2)[0x7f728d071d82]
/tmp/intel_2023.1.0-oneAPI_mpi_g_feature_smm_store_search/esmf/DEFAULTINSTALLDIR/lib/libg/Unicos.intel.64.mpi.default/libesmf.so(_ZN5ESMCI2VM8finalizeEP12ESMC_LogicalPi+0x5d2)[0x7f60ebd2ad82]
/tmp/intel_2023.1.0-oneAPI_mpi_g_feature_smm_store_search/esmf/DEFAULTINSTALLDIR/lib/libg/Unicos.intel.64.mpi.default/libesmf.so(_ZN5ESMCI2VM8finalizeEP12ESMC_LogicalPi+0x5d2)[0x7f5b9979cd82]
/tmp/intel_2023.1.0-oneAPI_mpi_g_feature_smm_store_search/esmf/DEFAULTINSTALLDIR/lib/libg/Unicos.intel.64.mpi.default/libesmf.so(c_esmc_vmfinalize_+0x57)[0x7f5b99767617]
/tmp/intel_2023.1.0-oneAPI_mpi_g_feature_smm_store_search/esmf/DEFAULTINSTALLDIR/lib/libg/Unicos.intel.64.mpi.default/libesmf.so(c_esmc_vmfinalize_+0x57)[0x7feab185c617]
/tmp/intel_2023.1.0-oneAPI_mpi_g_feature_smm_store_search/esmf/DEFAULTINSTALLDIR/lib/libg/Unicos.intel.64.mpi.default/libesmf.so(c_esmc_vmfinalize_+0x57)[0x7f728d03c617]
/tmp/intel_2023.1.0-oneAPI_mpi_g_feature_smm_store_search/esmf/DEFAULTINSTALLDIR/lib/libg/Unicos.intel.64.mpi.default/libesmf.so(c_esmc_vmfinalize_+0x57)[0x7f60ebcf5617]
/tmp/intel_2023.1.0-oneAPI_mpi_g_feature_smm_store_search/esmf/DEFAULTINSTALLDIR/lib/libg/Unicos.intel.64.mpi.default/libesmf.so(+0x2a8434b)[0x7f728e0f434b]
/tmp/intel_2023.1.0-oneAPI_mpi_g_feature_smm_store_search/esmf/DEFAULTINSTALLDIR/lib/libg/Unicos.intel.64.mpi.default/libesmf.so(+0x2a8434b)[0x7f60ecdad34b]
/tmp/intel_2023.1.0-oneAPI_mpi_g_feature_smm_store_search/esmf/DEFAULTINSTALLDIR/lib/libg/Unicos.intel.64.mpi.default/libesmf.so(+0x2a8434b)[0x7f5b9a81f34b]
/tmp/intel_2023.1.0-oneAPI_mpi_g_feature_smm_store_search/esmf/DEFAULTINSTALLDIR/lib/libg/Unicos.intel.64.mpi.default/libesmf.so(+0x2a8434b)[0x7feab291434b]
/tmp/intel_2023.1.0-oneAPI_mpi_g_feature_smm_store_search/esmf/DEFAULTINSTALLDIR/lib/libg/Unicos.intel.64.mpi.default/libesmf.so(esmf_vmmod_mp_esmf_vmfinalize_+0x72)[0x7f5b9a816f12]
/tmp/intel_2023.1.0-oneAPI_mpi_g_feature_smm_store_search/esmf/DEFAULTINSTALLDIR/lib/libg/Unicos.intel.64.mpi.default/libesmf.so(esmf_vmmod_mp_esmf_vmfinalize_+0x72)[0x7f728e0ebf12]
/tmp/intel_2023.1.0-oneAPI_mpi_g_feature_smm_store_search/esmf/DEFAULTINSTALLDIR/lib/libg/Unicos.intel.64.mpi.default/libesmf.so(esmf_vmmod_mp_esmf_vmfinalize_+0x72)[0x7f60ecda4f12]
/tmp/intel_2023.1.0-oneAPI_mpi_g_feature_smm_store_search/esmf/DEFAULTINSTALLDIR/lib/libg/Unicos.intel.64.mpi.default/libesmf.so(esmf_vmmod_mp_esmf_vmfinalize_+0x72)[0x7feab290bf12]
/tmp/intel_2023.1.0-oneAPI_mpi_g_feature_smm_store_search/esmf/DEFAULTINSTALLDIR/lib/libg/Unicos.intel.64.mpi.default/libesmf.so(esmf_initmod_mp_esmf_finalize_+0x103a)[0x7f728dc02b9a]
/tmp/intel_2023.1.0-oneAPI_mpi_g_feature_smm_store_search/nuopc-app-prototypes/CustomFieldDictionaryProto/./mainApp[0x41738e]
/tmp/intel_2023.1.0-oneAPI_mpi_g_feature_smm_store_search/nuopc-app-prototypes/CustomFieldDictionaryProto/./mainApp[0x41663d]
/tmp/intel_2023.1.0-oneAPI_mpi_g_feature_smm_store_search/esmf/DEFAULTINSTALLDIR/lib/libg/Unicos.intel.64.mpi.default/libesmf.so(esmf_initmod_mp_esmf_finalize_+0x103a)[0x7f60ec8bbb9a]
/tmp/intel_2023.1.0-oneAPI_mpi_g_feature_smm_store_search/nuopc-app-prototypes/CustomFieldDictionaryProto/./mainApp[0x41738e]
/tmp/intel_2023.1.0-oneAPI_mpi_g_feature_smm_store_search/nuopc-app-prototypes/CustomFieldDictionaryProto/./mainApp[0x41663d]
/tmp/intel_2023.1.0-oneAPI_mpi_g_feature_smm_store_search/esmf/DEFAULTINSTALLDIR/lib/libg/Unicos.intel.64.mpi.default/libesmf.so(esmf_initmod_mp_esmf_finalize_+0x103a)[0x7f5b9a32db9a]
/tmp/intel_2023.1.0-oneAPI_mpi_g_feature_smm_store_search/nuopc-app-prototypes/CustomFieldDictionaryProto/./mainApp[0x41738e]
/tmp/intel_2023.1.0-oneAPI_mpi_g_feature_smm_store_search/nuopc-app-prototypes/CustomFieldDictionaryProto/./mainApp[0x41663d]
/tmp/intel_2023.1.0-oneAPI_mpi_g_feature_smm_store_search/esmf/DEFAULTINSTALLDIR/lib/libg/Unicos.intel.64.mpi.default/libesmf.so(esmf_initmod_mp_esmf_finalize_+0x103a)[0x7feab2422b9a]
/lib64/libc.so.6(__libc_start_main+0xef)[0x7f728723e24d]
/tmp/intel_2023.1.0-oneAPI_mpi_g_feature_smm_store_search/nuopc-app-prototypes/CustomFieldDictionaryProto/./mainApp[0x41656a]
/lib64/libc.so.6(__libc_start_main+0xef)[0x7f60e603e24d]
/tmp/intel_2023.1.0-oneAPI_mpi_g_feature_smm_store_search/nuopc-app-prototypes/CustomFieldDictionaryProto/./mainApp[0x41656a]
/lib64/libc.so.6(__libc_start_main+0xef)[0x7f5b93a3e24d]
/tmp/intel_2023.1.0-oneAPI_mpi_g_feature_smm_store_search/nuopc-app-prototypes/CustomFieldDictionaryProto/./mainApp[0x41656a]
/tmp/intel_2023.1.0-oneAPI_mpi_g_feature_smm_store_search/nuopc-app-prototypes/CustomFieldDictionaryProto/./mainApp[0x41738e]
/tmp/intel_2023.1.0-oneAPI_mpi_g_feature_smm_store_search/nuopc-app-prototypes/CustomFieldDictionaryProto/./mainApp[0x41663d]
/lib64/libc.so.6(__libc_start_main+0xef)[0x7feaaba3e24d]
/tmp/intel_2023.1.0-oneAPI_mpi_g_feature_smm_store_search/nuopc-app-prototypes/CustomFieldDictionaryProto/./mainApp[0x41656a]
srun: error: c5n1314: tasks 0-3: Exited with exit code 1
srun: Terminating StepId=135076458.377
