2024-07-19 04:14:59

mainApp:114497 terminated with signal 11 at PC=44d0f7 SP=7ffd7350dae0.  Backtrace:

mainApp:114498 terminated with signal 11 at PC=44d0e0 SP=7fffc4d339e0.  Backtrace:
/tmp/intel_2023.1.0-oneAPI_mpi_g_feature_smm_store_search/nuopc-app-prototypes/DriverInDriverProto/./mainApp[0x44d0f7]
/tmp/intel_2023.1.0-oneAPI_mpi_g_feature_smm_store_search/nuopc-app-prototypes/DriverInDriverProto/./mainApp[0x44e0e0]
/tmp/intel_2023.1.0-oneAPI_mpi_g_feature_smm_store_search/nuopc-app-prototypes/DriverInDriverProto/./mainApp[0x44d285]
/tmp/intel_2023.1.0-oneAPI_mpi_g_feature_smm_store_search/nuopc-app-prototypes/DriverInDriverProto/./mainApp[0x44d0e0]
/tmp/intel_2023.1.0-oneAPI_mpi_g_feature_smm_store_search/nuopc-app-prototypes/DriverInDriverProto/./mainApp[0x44e0e0]
/tmp/intel_2023.1.0-oneAPI_mpi_g_feature_smm_store_search/nuopc-app-prototypes/DriverInDriverProto/./mainApp[0x44d285]
/tmp/intel_2023.1.0-oneAPI_mpi_g_feature_smm_store_search/esmf/DEFAULTINSTALLDIR/lib/libg/Unicos.intel.64.mpi.default/libesmf.so(f_esmf_compcollectgarbage2_+0x4bc)[0x7fc9dcfc000c]
/tmp/intel_2023.1.0-oneAPI_mpi_g_feature_smm_store_search/esmf/DEFAULTINSTALLDIR/lib/libg/Unicos.intel.64.mpi.default/libesmf.so(f_esmf_compcollectgarbage2_+0x4bc)[0x7f4bc4db100c]
/tmp/intel_2023.1.0-oneAPI_mpi_g_feature_smm_store_search/esmf/DEFAULTINSTALLDIR/lib/libg/Unicos.intel.64.mpi.default/libesmf.so(_ZN5ESMCI2VM8finalizeEP12ESMC_LogicalPi+0x5d2)[0x7fc9dcb64d82]
/tmp/intel_2023.1.0-oneAPI_mpi_g_feature_smm_store_search/esmf/DEFAULTINSTALLDIR/lib/libg/Unicos.intel.64.mpi.default/libesmf.so(_ZN5ESMCI2VM8finalizeEP12ESMC_LogicalPi+0x5d2)[0x7f4bc4955d82]
/tmp/intel_2023.1.0-oneAPI_mpi_g_feature_smm_store_search/esmf/DEFAULTINSTALLDIR/lib/libg/Unicos.intel.64.mpi.default/libesmf.so(c_esmc_vmfinalize_+0x57)[0x7fc9dcb2f617]
/tmp/intel_2023.1.0-oneAPI_mpi_g_feature_smm_store_search/esmf/DEFAULTINSTALLDIR/lib/libg/Unicos.intel.64.mpi.default/libesmf.so(c_esmc_vmfinalize_+0x57)[0x7f4bc4920617]
/tmp/intel_2023.1.0-oneAPI_mpi_g_feature_smm_store_search/esmf/DEFAULTINSTALLDIR/lib/libg/Unicos.intel.64.mpi.default/libesmf.so(+0x2a8434b)[0x7fc9ddbe734b]
/tmp/intel_2023.1.0-oneAPI_mpi_g_feature_smm_store_search/esmf/DEFAULTINSTALLDIR/lib/libg/Unicos.intel.64.mpi.default/libesmf.so(+0x2a8434b)[0x7f4bc59d834b]

mainApp:114496 terminated with signal 11 at PC=44d109 SP=7ffe147bf390.  Backtrace:
/tmp/intel_2023.1.0-oneAPI_mpi_g_feature_smm_store_search/nuopc-app-prototypes/DriverInDriverProto/./mainApp[0x44d109]
/tmp/intel_2023.1.0-oneAPI_mpi_g_feature_smm_store_search/nuopc-app-prototypes/DriverInDriverProto/./mainApp[0x44e0e0]
/tmp/intel_2023.1.0-oneAPI_mpi_g_feature_smm_store_search/esmf/DEFAULTINSTALLDIR/lib/libg/Unicos.intel.64.mpi.default/libesmf.so(esmf_vmmod_mp_esmf_vmfinalize_+0x72)[0x7fc9ddbdef12]
/tmp/intel_2023.1.0-oneAPI_mpi_g_feature_smm_store_search/nuopc-app-prototypes/DriverInDriverProto/./mainApp[0x44d285]
/tmp/intel_2023.1.0-oneAPI_mpi_g_feature_smm_store_search/esmf/DEFAULTINSTALLDIR/lib/libg/Unicos.intel.64.mpi.default/libesmf.so(esmf_vmmod_mp_esmf_vmfinalize_+0x72)[0x7f4bc59cff12]

mainApp:114495 terminated with signal 11 at PC=44d133 SP=7fff2d0e71d0.  Backtrace:
/tmp/intel_2023.1.0-oneAPI_mpi_g_feature_smm_store_search/nuopc-app-prototypes/DriverInDriverProto/./mainApp[0x44d133]
/tmp/intel_2023.1.0-oneAPI_mpi_g_feature_smm_store_search/nuopc-app-prototypes/DriverInDriverProto/./mainApp[0x44e0e0]
/tmp/intel_2023.1.0-oneAPI_mpi_g_feature_smm_store_search/nuopc-app-prototypes/DriverInDriverProto/./mainApp[0x44d285]
/tmp/intel_2023.1.0-oneAPI_mpi_g_feature_smm_store_search/esmf/DEFAULTINSTALLDIR/lib/libg/Unicos.intel.64.mpi.default/libesmf.so(esmf_initmod_mp_esmf_finalize_+0x103a)[0x7fc9dd6f5b9a]
/tmp/intel_2023.1.0-oneAPI_mpi_g_feature_smm_store_search/nuopc-app-prototypes/DriverInDriverProto/./mainApp[0x417149]
/tmp/intel_2023.1.0-oneAPI_mpi_g_feature_smm_store_search/nuopc-app-prototypes/DriverInDriverProto/./mainApp[0x41673d]
/lib64/libc.so.6(__libc_start_main+0xef)[0x7fc9d6e3e24d]
/tmp/intel_2023.1.0-oneAPI_mpi_g_feature_smm_store_search/nuopc-app-prototypes/DriverInDriverProto/./mainApp[0x41666a]
/tmp/intel_2023.1.0-oneAPI_mpi_g_feature_smm_store_search/esmf/DEFAULTINSTALLDIR/lib/libg/Unicos.intel.64.mpi.default/libesmf.so(f_esmf_compcollectgarbage2_+0x4bc)[0x7f22aec9500c]
/tmp/intel_2023.1.0-oneAPI_mpi_g_feature_smm_store_search/esmf/DEFAULTINSTALLDIR/lib/libg/Unicos.intel.64.mpi.default/libesmf.so(esmf_initmod_mp_esmf_finalize_+0x103a)[0x7f4bc54e6b9a]
/tmp/intel_2023.1.0-oneAPI_mpi_g_feature_smm_store_search/nuopc-app-prototypes/DriverInDriverProto/./mainApp[0x417149]
/tmp/intel_2023.1.0-oneAPI_mpi_g_feature_smm_store_search/nuopc-app-prototypes/DriverInDriverProto/./mainApp[0x41673d]
/lib64/libc.so.6(__libc_start_main+0xef)[0x7f4bbec3e24d]
/tmp/intel_2023.1.0-oneAPI_mpi_g_feature_smm_store_search/nuopc-app-prototypes/DriverInDriverProto/./mainApp[0x41666a]
/tmp/intel_2023.1.0-oneAPI_mpi_g_feature_smm_store_search/esmf/DEFAULTINSTALLDIR/lib/libg/Unicos.intel.64.mpi.default/libesmf.so(f_esmf_compcollectgarbage2_+0x4bc)[0x7f78290e200c]
/tmp/intel_2023.1.0-oneAPI_mpi_g_feature_smm_store_search/esmf/DEFAULTINSTALLDIR/lib/libg/Unicos.intel.64.mpi.default/libesmf.so(_ZN5ESMCI2VM8finalizeEP12ESMC_LogicalPi+0x5d2)[0x7f22ae839d82]
/tmp/intel_2023.1.0-oneAPI_mpi_g_feature_smm_store_search/esmf/DEFAULTINSTALLDIR/lib/libg/Unicos.intel.64.mpi.default/libesmf.so(_ZN5ESMCI2VM8finalizeEP12ESMC_LogicalPi+0x5d2)[0x7f7828c86d82]
/tmp/intel_2023.1.0-oneAPI_mpi_g_feature_smm_store_search/esmf/DEFAULTINSTALLDIR/lib/libg/Unicos.intel.64.mpi.default/libesmf.so(c_esmc_vmfinalize_+0x57)[0x7f22ae804617]
/tmp/intel_2023.1.0-oneAPI_mpi_g_feature_smm_store_search/esmf/DEFAULTINSTALLDIR/lib/libg/Unicos.intel.64.mpi.default/libesmf.so(c_esmc_vmfinalize_+0x57)[0x7f7828c51617]
/tmp/intel_2023.1.0-oneAPI_mpi_g_feature_smm_store_search/esmf/DEFAULTINSTALLDIR/lib/libg/Unicos.intel.64.mpi.default/libesmf.so(+0x2a8434b)[0x7f22af8bc34b]
/tmp/intel_2023.1.0-oneAPI_mpi_g_feature_smm_store_search/esmf/DEFAULTINSTALLDIR/lib/libg/Unicos.intel.64.mpi.default/libesmf.so(+0x2a8434b)[0x7f7829d0934b]
/tmp/intel_2023.1.0-oneAPI_mpi_g_feature_smm_store_search/esmf/DEFAULTINSTALLDIR/lib/libg/Unicos.intel.64.mpi.default/libesmf.so(esmf_vmmod_mp_esmf_vmfinalize_+0x72)[0x7f22af8b3f12]
/tmp/intel_2023.1.0-oneAPI_mpi_g_feature_smm_store_search/esmf/DEFAULTINSTALLDIR/lib/libg/Unicos.intel.64.mpi.default/libesmf.so(esmf_vmmod_mp_esmf_vmfinalize_+0x72)[0x7f7829d00f12]
/tmp/intel_2023.1.0-oneAPI_mpi_g_feature_smm_store_search/esmf/DEFAULTINSTALLDIR/lib/libg/Unicos.intel.64.mpi.default/libesmf.so(esmf_initmod_mp_esmf_finalize_+0x103a)[0x7f22af3cab9a]
/tmp/intel_2023.1.0-oneAPI_mpi_g_feature_smm_store_search/nuopc-app-prototypes/DriverInDriverProto/./mainApp[0x417149]
/tmp/intel_2023.1.0-oneAPI_mpi_g_feature_smm_store_search/nuopc-app-prototypes/DriverInDriverProto/./mainApp[0x41673d]
/lib64/libc.so.6(__libc_start_main+0xef)[0x7f22a8a3e24d]
/tmp/intel_2023.1.0-oneAPI_mpi_g_feature_smm_store_search/nuopc-app-prototypes/DriverInDriverProto/./mainApp[0x41666a]
/tmp/intel_2023.1.0-oneAPI_mpi_g_feature_smm_store_search/esmf/DEFAULTINSTALLDIR/lib/libg/Unicos.intel.64.mpi.default/libesmf.so(esmf_initmod_mp_esmf_finalize_+0x103a)[0x7f7829817b9a]
/tmp/intel_2023.1.0-oneAPI_mpi_g_feature_smm_store_search/nuopc-app-prototypes/DriverInDriverProto/./mainApp[0x417149]
/tmp/intel_2023.1.0-oneAPI_mpi_g_feature_smm_store_search/nuopc-app-prototypes/DriverInDriverProto/./mainApp[0x41673d]
/lib64/libc.so.6(__libc_start_main+0xef)[0x7f7822e3e24d]
/tmp/intel_2023.1.0-oneAPI_mpi_g_feature_smm_store_search/nuopc-app-prototypes/DriverInDriverProto/./mainApp[0x41666a]
srun: error: c5n1314: tasks 0-3: Exited with exit code 1
srun: Terminating StepId=135076458.379
