2024-07-19 04:14:59
 NUOPC_DriverPrint for PET:           0
   Model, Mediator, and Driver components, in the order
   that they were added to the Driver:
           1 :  advectDiff_Parent
           2 :  advectDiff_Gen1Nestling0
           3 :  advectDiff_Gen1Nestling1
           4 :  advectDiff_Gen2Nestling0
   Connector components, in the order
   that they were added to the Driver:
           1 :  advectDiff_Parent-TO-advectDiff_Gen1Nestling0
           2 :  advectDiff_Parent-TO-advectDiff_Gen1Nestling1
           3 :  advectDiff_Gen1Nestling0-TO-advectDiff_Gen2Nestling0
NUOPC_RunSequenceArrayPrint: element     1 out of      2
runSeq::
 runElementPrint:      1     2     1 F T
 runElementPrint:      1     3     1 F T
 runElementPrint:      1    -1     1 F T
 runElementPrint:     -2     0     0 F T
 runElementPrint:      3    -1     1 F T
 runElementPrint:     -1    -1     0 F F
::
NUOPC_RunSequenceArrayPrint: element     2 out of      2
runSeq::
 runElementPrint:      2     4     1 F T
 runElementPrint:      2    -1     1 F T
 runElementPrint:      4    -1     1 F T
 runElementPrint:     -2    -1     0 F F
::
 NUOPC_DriverPrint for PET:           1
   Model, Mediator, and Driver components, in the order
   that they were added to the Driver:
           1 :  advectDiff_Parent
           2 :  advectDiff_Gen1Nestling0
           3 :  advectDiff_Gen1Nestling1
           4 :  advectDiff_Gen2Nestling0
   Connector components, in the order
   that they were added to the Driver:
           1 :  advectDiff_Parent-TO-advectDiff_Gen1Nestling0
           2 :  advectDiff_Parent-TO-advectDiff_Gen1Nestling1
           3 :  advectDiff_Gen1Nestling0-TO-advectDiff_Gen2Nestling0
NUOPC_RunSequenceArrayPrint: element     1 out of      2
runSeq::
 runElementPrint:      1     2     1 F T
 runElementPrint:      1     3     1 F T
 runElementPrint:      1    -1     1 F T
 runElementPrint:     -2     0     0 F T
 runElementPrint:      3    -1     1 F T
 runElementPrint:     -1    -1     0 F F
::
NUOPC_RunSequenceArrayPrint: element     2 out of      2
runSeq::
 runElementPrint:      2     4     1 F T
 runElementPrint:      2    -1     1 F T
 runElementPrint:      4    -1     1 F T
 runElementPrint:     -2    -1     0 F F
::
 NUOPC_DriverPrint for PET:           2
   Model, Mediator, and Driver components, in the order
   that they were added to the Driver:
           1 :  advectDiff_Parent
           2 :  advectDiff_Gen1Nestling0
           3 :  advectDiff_Gen1Nestling1
           4 :  advectDiff_Gen2Nestling0
   Connector components, in the order
   that they were added to the Driver:
           1 :  advectDiff_Parent-TO-advectDiff_Gen1Nestling0
           2 :  advectDiff_Parent-TO-advectDiff_Gen1Nestling1
           3 :  advectDiff_Gen1Nestling0-TO-advectDiff_Gen2Nestling0
NUOPC_RunSequenceArrayPrint: element     1 out of      2
runSeq::
 runElementPrint:      1     2     1 F T
 runElementPrint:      1     3     1 F T
 runElementPrint:      1    -1     1 F T
 runElementPrint:     -2     0     0 F T
 runElementPrint:      3    -1     1 F T
 runElementPrint:     -1    -1     0 F F
::
NUOPC_RunSequenceArrayPrint: element     2 out of      2
runSeq::
 runElementPrint:      2     4     1 F T
 runElementPrint:      2    -1     1 F T
 runElementPrint:      4    -1     1 F T
 runElementPrint:     -2    -1     0 F F
::
 NUOPC_DriverPrint for PET:           3
   Model, Mediator, and Driver components, in the order
   that they were added to the Driver:
           1 :  advectDiff_Parent
           2 :  advectDiff_Gen1Nestling0
           3 :  advectDiff_Gen1Nestling1
           4 :  advectDiff_Gen2Nestling0
   Connector components, in the order
   that they were added to the Driver:
           1 :  advectDiff_Parent-TO-advectDiff_Gen1Nestling0
           2 :  advectDiff_Parent-TO-advectDiff_Gen1Nestling1
           3 :  advectDiff_Gen1Nestling0-TO-advectDiff_Gen2Nestling0
NUOPC_RunSequenceArrayPrint: element     1 out of      2
runSeq::
 runElementPrint:      1     2     1 F T
 runElementPrint:      1     3     1 F T
 runElementPrint:      1    -1     1 F T
 runElementPrint:     -2     0     0 F T
 runElementPrint:      3    -1     1 F T
 runElementPrint:     -1    -1     0 F F
::
NUOPC_RunSequenceArrayPrint: element     2 out of      2
runSeq::
 runElementPrint:      2     4     1 F T
 runElementPrint:      2    -1     1 F T
 runElementPrint:      4    -1     1 F T
 runElementPrint:     -2    -1     0 F F
::

mainApp:115399 terminated with signal 11 at PC=4582e2 SP=7ffe9c68b540.  Backtrace:

mainApp:115400 terminated with signal 11 at PC=4582e2 SP=7ffe036fc540.  Backtrace:
/tmp/intel_2023.1.0-oneAPI_mpi_g_feature_smm_store_search/nuopc-app-prototypes/NestingTelescopeMultipleProto/./mainApp[0x4582e2]
/tmp/intel_2023.1.0-oneAPI_mpi_g_feature_smm_store_search/nuopc-app-prototypes/NestingTelescopeMultipleProto/./mainApp[0x4592e0]
/tmp/intel_2023.1.0-oneAPI_mpi_g_feature_smm_store_search/nuopc-app-prototypes/NestingTelescopeMultipleProto/./mainApp[0x458485]
/tmp/intel_2023.1.0-oneAPI_mpi_g_feature_smm_store_search/nuopc-app-prototypes/NestingTelescopeMultipleProto/./mainApp[0x4582e2]
/tmp/intel_2023.1.0-oneAPI_mpi_g_feature_smm_store_search/nuopc-app-prototypes/NestingTelescopeMultipleProto/./mainApp[0x4592e0]
/tmp/intel_2023.1.0-oneAPI_mpi_g_feature_smm_store_search/nuopc-app-prototypes/NestingTelescopeMultipleProto/./mainApp[0x458485]

mainApp:115401 terminated with signal 7 at PC=4582e0 SP=7ffc8578b050.  Backtrace:
/tmp/intel_2023.1.0-oneAPI_mpi_g_feature_smm_store_search/nuopc-app-prototypes/NestingTelescopeMultipleProto/./mainApp[0x4582e0]
/tmp/intel_2023.1.0-oneAPI_mpi_g_feature_smm_store_search/nuopc-app-prototypes/NestingTelescopeMultipleProto/./mainApp[0x4592e0]

mainApp:115402 terminated with signal 11 at PC=458313 SP=7fff7b198c70.  Backtrace:
/tmp/intel_2023.1.0-oneAPI_mpi_g_feature_smm_store_search/esmf/DEFAULTINSTALLDIR/lib/libg/Unicos.intel.64.mpi.default/libesmf.so(f_esmf_compcollectgarbage2_+0x4bc)[0x7f6660ca300c]
/tmp/intel_2023.1.0-oneAPI_mpi_g_feature_smm_store_search/nuopc-app-prototypes/NestingTelescopeMultipleProto/./mainApp[0x458485]
/tmp/intel_2023.1.0-oneAPI_mpi_g_feature_smm_store_search/nuopc-app-prototypes/NestingTelescopeMultipleProto/./mainApp[0x458313]
/tmp/intel_2023.1.0-oneAPI_mpi_g_feature_smm_store_search/nuopc-app-prototypes/NestingTelescopeMultipleProto/./mainApp[0x4592e0]
/tmp/intel_2023.1.0-oneAPI_mpi_g_feature_smm_store_search/nuopc-app-prototypes/NestingTelescopeMultipleProto/./mainApp[0x458485]
/tmp/intel_2023.1.0-oneAPI_mpi_g_feature_smm_store_search/esmf/DEFAULTINSTALLDIR/lib/libg/Unicos.intel.64.mpi.default/libesmf.so(f_esmf_compcollectgarbage2_+0x4bc)[0x7ff36126b00c]
/tmp/intel_2023.1.0-oneAPI_mpi_g_feature_smm_store_search/esmf/DEFAULTINSTALLDIR/lib/libg/Unicos.intel.64.mpi.default/libesmf.so(f_esmf_compcollectgarbage2_+0x4bc)[0x7f3a1837b00c]
/tmp/intel_2023.1.0-oneAPI_mpi_g_feature_smm_store_search/esmf/DEFAULTINSTALLDIR/lib/libg/Unicos.intel.64.mpi.default/libesmf.so(_ZN5ESMCI2VM8finalizeEP12ESMC_LogicalPi+0x5d2)[0x7f6660847d82]
/tmp/intel_2023.1.0-oneAPI_mpi_g_feature_smm_store_search/esmf/DEFAULTINSTALLDIR/lib/libg/Unicos.intel.64.mpi.default/libesmf.so(f_esmf_compcollectgarbage2_+0x4bc)[0x7f3775f0b00c]
/tmp/intel_2023.1.0-oneAPI_mpi_g_feature_smm_store_search/esmf/DEFAULTINSTALLDIR/lib/libg/Unicos.intel.64.mpi.default/libesmf.so(_ZN5ESMCI2VM8finalizeEP12ESMC_LogicalPi+0x5d2)[0x7ff360e0fd82]
/tmp/intel_2023.1.0-oneAPI_mpi_g_feature_smm_store_search/esmf/DEFAULTINSTALLDIR/lib/libg/Unicos.intel.64.mpi.default/libesmf.so(_ZN5ESMCI2VM8finalizeEP12ESMC_LogicalPi+0x5d2)[0x7f3a17f1fd82]
/tmp/intel_2023.1.0-oneAPI_mpi_g_feature_smm_store_search/esmf/DEFAULTINSTALLDIR/lib/libg/Unicos.intel.64.mpi.default/libesmf.so(c_esmc_vmfinalize_+0x57)[0x7f6660812617]
/tmp/intel_2023.1.0-oneAPI_mpi_g_feature_smm_store_search/esmf/DEFAULTINSTALLDIR/lib/libg/Unicos.intel.64.mpi.default/libesmf.so(_ZN5ESMCI2VM8finalizeEP12ESMC_LogicalPi+0x5d2)[0x7f3775aafd82]
/tmp/intel_2023.1.0-oneAPI_mpi_g_feature_smm_store_search/esmf/DEFAULTINSTALLDIR/lib/libg/Unicos.intel.64.mpi.default/libesmf.so(c_esmc_vmfinalize_+0x57)[0x7ff360dda617]
/tmp/intel_2023.1.0-oneAPI_mpi_g_feature_smm_store_search/esmf/DEFAULTINSTALLDIR/lib/libg/Unicos.intel.64.mpi.default/libesmf.so(+0x2a8434b)[0x7f66618ca34b]
/tmp/intel_2023.1.0-oneAPI_mpi_g_feature_smm_store_search/esmf/DEFAULTINSTALLDIR/lib/libg/Unicos.intel.64.mpi.default/libesmf.so(c_esmc_vmfinalize_+0x57)[0x7f3a17eea617]
/tmp/intel_2023.1.0-oneAPI_mpi_g_feature_smm_store_search/esmf/DEFAULTINSTALLDIR/lib/libg/Unicos.intel.64.mpi.default/libesmf.so(+0x2a8434b)[0x7ff361e9234b]
/tmp/intel_2023.1.0-oneAPI_mpi_g_feature_smm_store_search/esmf/DEFAULTINSTALLDIR/lib/libg/Unicos.intel.64.mpi.default/libesmf.so(c_esmc_vmfinalize_+0x57)[0x7f3775a7a617]
/tmp/intel_2023.1.0-oneAPI_mpi_g_feature_smm_store_search/esmf/DEFAULTINSTALLDIR/lib/libg/Unicos.intel.64.mpi.default/libesmf.so(esmf_vmmod_mp_esmf_vmfinalize_+0x72)[0x7f66618c1f12]
/tmp/intel_2023.1.0-oneAPI_mpi_g_feature_smm_store_search/esmf/DEFAULTINSTALLDIR/lib/libg/Unicos.intel.64.mpi.default/libesmf.so(+0x2a8434b)[0x7f3a18fa234b]
/tmp/intel_2023.1.0-oneAPI_mpi_g_feature_smm_store_search/esmf/DEFAULTINSTALLDIR/lib/libg/Unicos.intel.64.mpi.default/libesmf.so(esmf_vmmod_mp_esmf_vmfinalize_+0x72)[0x7ff361e89f12]
/tmp/intel_2023.1.0-oneAPI_mpi_g_feature_smm_store_search/esmf/DEFAULTINSTALLDIR/lib/libg/Unicos.intel.64.mpi.default/libesmf.so(+0x2a8434b)[0x7f3776b3234b]
/tmp/intel_2023.1.0-oneAPI_mpi_g_feature_smm_store_search/esmf/DEFAULTINSTALLDIR/lib/libg/Unicos.intel.64.mpi.default/libesmf.so(esmf_initmod_mp_esmf_finalize_+0x103a)[0x7f66613d8b9a]
/tmp/intel_2023.1.0-oneAPI_mpi_g_feature_smm_store_search/nuopc-app-prototypes/NestingTelescopeMultipleProto/./mainApp[0x417c79]
/tmp/intel_2023.1.0-oneAPI_mpi_g_feature_smm_store_search/nuopc-app-prototypes/NestingTelescopeMultipleProto/./mainApp[0x4171bd]
/lib64/libc.so.6(__libc_start_main+0xef)[0x7f665aa3e24d]
/tmp/intel_2023.1.0-oneAPI_mpi_g_feature_smm_store_search/nuopc-app-prototypes/NestingTelescopeMultipleProto/./mainApp[0x4170ea]
/tmp/intel_2023.1.0-oneAPI_mpi_g_feature_smm_store_search/esmf/DEFAULTINSTALLDIR/lib/libg/Unicos.intel.64.mpi.default/libesmf.so(esmf_vmmod_mp_esmf_vmfinalize_+0x72)[0x7f3a18f99f12]
/tmp/intel_2023.1.0-oneAPI_mpi_g_feature_smm_store_search/esmf/DEFAULTINSTALLDIR/lib/libg/Unicos.intel.64.mpi.default/libesmf.so(esmf_initmod_mp_esmf_finalize_+0x103a)[0x7ff3619a0b9a]
/tmp/intel_2023.1.0-oneAPI_mpi_g_feature_smm_store_search/nuopc-app-prototypes/NestingTelescopeMultipleProto/./mainApp[0x417c79]
/tmp/intel_2023.1.0-oneAPI_mpi_g_feature_smm_store_search/nuopc-app-prototypes/NestingTelescopeMultipleProto/./mainApp[0x4171bd]
/tmp/intel_2023.1.0-oneAPI_mpi_g_feature_smm_store_search/esmf/DEFAULTINSTALLDIR/lib/libg/Unicos.intel.64.mpi.default/libesmf.so(esmf_vmmod_mp_esmf_vmfinalize_+0x72)[0x7f3776b29f12]
/lib64/libc.so.6(__libc_start_main+0xef)[0x7ff35b03e24d]
/tmp/intel_2023.1.0-oneAPI_mpi_g_feature_smm_store_search/nuopc-app-prototypes/NestingTelescopeMultipleProto/./mainApp[0x4170ea]
/tmp/intel_2023.1.0-oneAPI_mpi_g_feature_smm_store_search/esmf/DEFAULTINSTALLDIR/lib/libg/Unicos.intel.64.mpi.default/libesmf.so(esmf_initmod_mp_esmf_finalize_+0x103a)[0x7f3a18ab0b9a]
/tmp/intel_2023.1.0-oneAPI_mpi_g_feature_smm_store_search/nuopc-app-prototypes/NestingTelescopeMultipleProto/./mainApp[0x417c79]
/tmp/intel_2023.1.0-oneAPI_mpi_g_feature_smm_store_search/nuopc-app-prototypes/NestingTelescopeMultipleProto/./mainApp[0x4171bd]
/lib64/libc.so.6(__libc_start_main+0xef)[0x7f3a1223e24d]
/tmp/intel_2023.1.0-oneAPI_mpi_g_feature_smm_store_search/nuopc-app-prototypes/NestingTelescopeMultipleProto/./mainApp[0x4170ea]
/tmp/intel_2023.1.0-oneAPI_mpi_g_feature_smm_store_search/esmf/DEFAULTINSTALLDIR/lib/libg/Unicos.intel.64.mpi.default/libesmf.so(esmf_initmod_mp_esmf_finalize_+0x103a)[0x7f3776640b9a]
/tmp/intel_2023.1.0-oneAPI_mpi_g_feature_smm_store_search/nuopc-app-prototypes/NestingTelescopeMultipleProto/./mainApp[0x417c79]
/tmp/intel_2023.1.0-oneAPI_mpi_g_feature_smm_store_search/nuopc-app-prototypes/NestingTelescopeMultipleProto/./mainApp[0x4171bd]
/lib64/libc.so.6(__libc_start_main+0xef)[0x7f376fc3e24d]
/tmp/intel_2023.1.0-oneAPI_mpi_g_feature_smm_store_search/nuopc-app-prototypes/NestingTelescopeMultipleProto/./mainApp[0x4170ea]
srun: error: c5n1314: tasks 0-3: Exited with exit code 1
srun: Terminating StepId=135076458.388
