2024-07-19 04:14:59

mainApp:115592 terminated with signal 11 at PC=44bef7 SP=7ffdfb2639b0.  Backtrace:

mainApp:115598 terminated with signal 11 at PC=44bef7 SP=7ffde49d4d70.  Backtrace:
/tmp/intel_2023.1.0-oneAPI_mpi_g_feature_smm_store_search/nuopc-app-prototypes/SingleModelOpenMPProto/./mainApp[0x44bef7]
/tmp/intel_2023.1.0-oneAPI_mpi_g_feature_smm_store_search/nuopc-app-prototypes/SingleModelOpenMPProto/./mainApp[0x44cee0]
/tmp/intel_2023.1.0-oneAPI_mpi_g_feature_smm_store_search/nuopc-app-prototypes/SingleModelOpenMPProto/./mainApp[0x44c085]
/tmp/intel_2023.1.0-oneAPI_mpi_g_feature_smm_store_search/nuopc-app-prototypes/SingleModelOpenMPProto/./mainApp[0x44bef7]
/tmp/intel_2023.1.0-oneAPI_mpi_g_feature_smm_store_search/nuopc-app-prototypes/SingleModelOpenMPProto/./mainApp[0x44cee0]
/tmp/intel_2023.1.0-oneAPI_mpi_g_feature_smm_store_search/nuopc-app-prototypes/SingleModelOpenMPProto/./mainApp[0x44c085]
/tmp/intel_2023.1.0-oneAPI_mpi_g_feature_smm_store_search/esmf/DEFAULTINSTALLDIR/lib/libg/Unicos.intel.64.mpi.default/libesmf.so(f_esmf_compcollectgarbage2_+0x4bc)[0x7fb68e7c100c]
/tmp/intel_2023.1.0-oneAPI_mpi_g_feature_smm_store_search/esmf/DEFAULTINSTALLDIR/lib/libg/Unicos.intel.64.mpi.default/libesmf.so(f_esmf_compcollectgarbage2_+0x4bc)[0x7f2d9dd5000c]
/tmp/intel_2023.1.0-oneAPI_mpi_g_feature_smm_store_search/esmf/DEFAULTINSTALLDIR/lib/libg/Unicos.intel.64.mpi.default/libesmf.so(_ZN5ESMCI2VM8finalizeEP12ESMC_LogicalPi+0x5d2)[0x7fb68e365d82]
/tmp/intel_2023.1.0-oneAPI_mpi_g_feature_smm_store_search/esmf/DEFAULTINSTALLDIR/lib/libg/Unicos.intel.64.mpi.default/libesmf.so(_ZN5ESMCI2VM8finalizeEP12ESMC_LogicalPi+0x5d2)[0x7f2d9d8f4d82]
/tmp/intel_2023.1.0-oneAPI_mpi_g_feature_smm_store_search/esmf/DEFAULTINSTALLDIR/lib/libg/Unicos.intel.64.mpi.default/libesmf.so(c_esmc_vmfinalize_+0x57)[0x7fb68e330617]
/tmp/intel_2023.1.0-oneAPI_mpi_g_feature_smm_store_search/esmf/DEFAULTINSTALLDIR/lib/libg/Unicos.intel.64.mpi.default/libesmf.so(c_esmc_vmfinalize_+0x57)[0x7f2d9d8bf617]
/tmp/intel_2023.1.0-oneAPI_mpi_g_feature_smm_store_search/esmf/DEFAULTINSTALLDIR/lib/libg/Unicos.intel.64.mpi.default/libesmf.so(+0x2a8434b)[0x7fb68f3e834b]
/tmp/intel_2023.1.0-oneAPI_mpi_g_feature_smm_store_search/esmf/DEFAULTINSTALLDIR/lib/libg/Unicos.intel.64.mpi.default/libesmf.so(+0x2a8434b)[0x7f2d9e97734b]
/tmp/intel_2023.1.0-oneAPI_mpi_g_feature_smm_store_search/esmf/DEFAULTINSTALLDIR/lib/libg/Unicos.intel.64.mpi.default/libesmf.so(esmf_vmmod_mp_esmf_vmfinalize_+0x72)[0x7fb68f3dff12]
/tmp/intel_2023.1.0-oneAPI_mpi_g_feature_smm_store_search/esmf/DEFAULTINSTALLDIR/lib/libg/Unicos.intel.64.mpi.default/libesmf.so(esmf_vmmod_mp_esmf_vmfinalize_+0x72)[0x7f2d9e96ef12]
/tmp/intel_2023.1.0-oneAPI_mpi_g_feature_smm_store_search/esmf/DEFAULTINSTALLDIR/lib/libg/Unicos.intel.64.mpi.default/libesmf.so(esmf_initmod_mp_esmf_finalize_+0x103a)[0x7fb68eef6b9a]
/tmp/intel_2023.1.0-oneAPI_mpi_g_feature_smm_store_search/nuopc-app-prototypes/SingleModelOpenMPProto/./mainApp[0x41787e]
/tmp/intel_2023.1.0-oneAPI_mpi_g_feature_smm_store_search/nuopc-app-prototypes/SingleModelOpenMPProto/./mainApp[0x416dbd]
/tmp/intel_2023.1.0-oneAPI_mpi_g_feature_smm_store_search/esmf/DEFAULTINSTALLDIR/lib/libg/Unicos.intel.64.mpi.default/libesmf.so(esmf_initmod_mp_esmf_finalize_+0x103a)[0x7f2d9e485b9a]
/tmp/intel_2023.1.0-oneAPI_mpi_g_feature_smm_store_search/nuopc-app-prototypes/SingleModelOpenMPProto/./mainApp[0x41787e]
/tmp/intel_2023.1.0-oneAPI_mpi_g_feature_smm_store_search/nuopc-app-prototypes/SingleModelOpenMPProto/./mainApp[0x416dbd]
/lib64/libc.so.6(__libc_start_main+0xef)[0x7f2d9783e24d]
/tmp/intel_2023.1.0-oneAPI_mpi_g_feature_smm_store_search/nuopc-app-prototypes/SingleModelOpenMPProto/./mainApp[0x416cea]
/lib64/libc.so.6(__libc_start_main+0xef)[0x7fb68823e24d]
/tmp/intel_2023.1.0-oneAPI_mpi_g_feature_smm_store_search/nuopc-app-prototypes/SingleModelOpenMPProto/./mainApp[0x416cea]

mainApp:115601 terminated with signal 11 at PC=44bef7 SP=7ffcae776460.  Backtrace:
/tmp/intel_2023.1.0-oneAPI_mpi_g_feature_smm_store_search/nuopc-app-prototypes/SingleModelOpenMPProto/./mainApp[0x44bef7]
/tmp/intel_2023.1.0-oneAPI_mpi_g_feature_smm_store_search/nuopc-app-prototypes/SingleModelOpenMPProto/./mainApp[0x44cee0]
/tmp/intel_2023.1.0-oneAPI_mpi_g_feature_smm_store_search/nuopc-app-prototypes/SingleModelOpenMPProto/./mainApp[0x44c085]
/tmp/intel_2023.1.0-oneAPI_mpi_g_feature_smm_store_search/esmf/DEFAULTINSTALLDIR/lib/libg/Unicos.intel.64.mpi.default/libesmf.so(f_esmf_compcollectgarbage2_+0x4bc)[0x7fe955b8f00c]
/tmp/intel_2023.1.0-oneAPI_mpi_g_feature_smm_store_search/esmf/DEFAULTINSTALLDIR/lib/libg/Unicos.intel.64.mpi.default/libesmf.so(_ZN5ESMCI2VM8finalizeEP12ESMC_LogicalPi+0x5d2)[0x7fe955733d82]
/tmp/intel_2023.1.0-oneAPI_mpi_g_feature_smm_store_search/esmf/DEFAULTINSTALLDIR/lib/libg/Unicos.intel.64.mpi.default/libesmf.so(c_esmc_vmfinalize_+0x57)[0x7fe9556fe617]
/tmp/intel_2023.1.0-oneAPI_mpi_g_feature_smm_store_search/esmf/DEFAULTINSTALLDIR/lib/libg/Unicos.intel.64.mpi.default/libesmf.so(+0x2a8434b)[0x7fe9567b634b]
/tmp/intel_2023.1.0-oneAPI_mpi_g_feature_smm_store_search/esmf/DEFAULTINSTALLDIR/lib/libg/Unicos.intel.64.mpi.default/libesmf.so(esmf_vmmod_mp_esmf_vmfinalize_+0x72)[0x7fe9567adf12]
/tmp/intel_2023.1.0-oneAPI_mpi_g_feature_smm_store_search/esmf/DEFAULTINSTALLDIR/lib/libg/Unicos.intel.64.mpi.default/libesmf.so(esmf_initmod_mp_esmf_finalize_+0x103a)[0x7fe9562c4b9a]
/tmp/intel_2023.1.0-oneAPI_mpi_g_feature_smm_store_search/nuopc-app-prototypes/SingleModelOpenMPProto/./mainApp[0x41787e]
/tmp/intel_2023.1.0-oneAPI_mpi_g_feature_smm_store_search/nuopc-app-prototypes/SingleModelOpenMPProto/./mainApp[0x416dbd]
/lib64/libc.so.6(__libc_start_main+0xef)[0x7fe94f63e24d]
/tmp/intel_2023.1.0-oneAPI_mpi_g_feature_smm_store_search/nuopc-app-prototypes/SingleModelOpenMPProto/./mainApp[0x416cea]
srun: error: c5n1314: tasks 0-2: Exited with exit code 1
srun: Terminating StepId=135076458.390
slurmstepd: error: *** STEP 135076458.390 ON c5n1314 CANCELLED AT 2024-07-19T04:44:37 ***
forrtl: error (78): process killed (SIGTERM)
Image              PC                Routine            Line        Source             
libpthread-2.31.s  00007F2C5B8CC910  Unknown               Unknown  Unknown
libc-2.31.so       00007F2C57D05B57  __sched_yield         Unknown  Unknown
libmpi_intel.so.1  00007F2C59901ADE  Unknown               Unknown  Unknown
libmpi_intel.so.1  00007F2C5A69DA16  Unknown               Unknown  Unknown
libmpi_intel.so.1  00007F2C5A6B0169  Unknown               Unknown  Unknown
libmpi_intel.so.1  00007F2C5A5B858C  Unknown               Unknown  Unknown
libmpi_intel.so.1  00007F2C58BA3D11  Unknown               Unknown  Unknown
libmpi_intel.so.1  00007F2C58BA3EF5  Unknown               Unknown  Unknown
libmpi_intel.so.1  00007F2C5A89D5F0  Unknown               Unknown  Unknown
libmpi_intel.so.1  00007F2C5A6DD0FC  Unknown               Unknown  Unknown
libmpi_intel.so.1  00007F2C5A6DB00C  Unknown               Unknown  Unknown
libmpi_intel.so.1  00007F2C58E67C01  Unknown               Unknown  Unknown
libmpi_intel.so.1  00007F2C5A6DF380  Unknown               Unknown  Unknown
libmpi_intel.so.1  00007F2C5A89E3D3  Unknown               Unknown  Unknown
libmpi_intel.so.1  00007F2C58C91200  Unknown               Unknown  Unknown
libmpi_intel.so.1  00007F2C58C9173F  PMPI_Barrier          Unknown  Unknown
libdarshan.so.0.0  00007F2C5BC095A7  darshan_core_shut     Unknown  Unknown
libdarshan.so.0.0  00007F2C5BC0823E  MPI_Finalize          Unknown  Unknown
libesmf.so         00007F2C5DD1A72C  finalize                  816  ESMCI_VMKernel.C
libesmf.so         00007F2C5DD47EFE  finalize                 3592  ESMCI_VM.C
libesmf.so         00007F2C5DD12617  c_esmc_vmfinalize        1241  ESMCI_VM_F.C
libesmf.so         00007F2C5EDCA34B  c_esmc_vmfinalize           0  ESMF_VM.F90
libesmf.so         00007F2C5EDC1F12  esmf_vmfinalize          9474  ESMF_VM.F90
libesmf.so         00007F2C5E8D8B9A  esmf_finalize            1694  ESMF_Init.F90
mainApp            000000000041787E  mainapp                   118  mainApp.F90
mainApp            0000000000416DBD  Unknown               Unknown  Unknown
libc-2.31.so       00007F2C57C3E24D  __libc_start_main     Unknown  Unknown
mainApp            0000000000416CEA  Unknown               Unknown  Unknown
srun: error: c5n1314: task 3: Killed
srun: Force Terminated StepId=135076458.390
