Processing /Users/sacks/projects/scratch/esmf-testing/gfortranclang_12.2.0_14.0.0_mpiuni_g_develop/esmf/src/addon/esmpy
  Installing build dependencies: started
  Installing build dependencies: finished with status 'error'
  error: subprocess-exited-with-error
  
  × pip subprocess to install build dependencies did not run successfully.
  │ exit code: 1
  ╰─> [10 lines of output]
      WARNING: Retrying (Retry(total=4, connect=None, read=None, redirect=None, status=None)) after connection broken by 'NewConnectionError('<pip._vendor.urllib3.connection.HTTPSConnection object at 0x1063a0850>: Failed to establish a new connection: [Errno 8] nodename nor servname provided, or not known')': /simple/setuptools/
      WARNING: Retrying (Retry(total=3, connect=None, read=None, redirect=None, status=None)) after connection broken by 'NewConnectionError('<pip._vendor.urllib3.connection.HTTPSConnection object at 0x106edb1d0>: Failed to establish a new connection: [Errno 8] nodename nor servname provided, or not known')': /simple/setuptools/
      WARNING: Retrying (Retry(total=2, connect=None, read=None, redirect=None, status=None)) after connection broken by 'NewConnectionError('<pip._vendor.urllib3.connection.HTTPSConnection object at 0x106edba90>: Failed to establish a new connection: [Errno 8] nodename nor servname provided, or not known')': /simple/setuptools/
      WARNING: Retrying (Retry(total=1, connect=None, read=None, redirect=None, status=None)) after connection broken by 'NewConnectionError('<pip._vendor.urllib3.connection.HTTPSConnection object at 0x106e6a950>: Failed to establish a new connection: [Errno 8] nodename nor servname provided, or not known')': /simple/setuptools/
      WARNING: Retrying (Retry(total=0, connect=None, read=None, redirect=None, status=None)) after connection broken by 'NewConnectionError('<pip._vendor.urllib3.connection.HTTPSConnection object at 0x106ed4210>: Failed to establish a new connection: [Errno 8] nodename nor servname provided, or not known')': /simple/setuptools/
      ERROR: Could not find a version that satisfies the requirement setuptools>=41 (from versions: none)
      ERROR: No matching distribution found for setuptools>=41
      
      [notice] A new release of pip is available: 23.2.1 -> 24.1.1
      [notice] To update, run: pip install --upgrade pip
      [end of output]
  
  note: This error originates from a subprocess, and is likely not a problem with pip.
error: subprocess-exited-with-error

× pip subprocess to install build dependencies did not run successfully.
│ exit code: 1
╰─> See above for output.

note: This error originates from a subprocess, and is likely not a problem with pip.

[notice] A new release of pip is available: 23.2.1 -> 24.1.1
[notice] To update, run: pip install --upgrade pip
