2024-07-26 04:05:54
20240726 042417.096 INFO             PET0 !!!!!!!!!!!!!!!!!!!!!!!!!!!!!!!!!!!!!!!!!!!!!!!!!!!!!!
20240726 042417.096 INFO             PET0 !!! THE ESMF_LOG IS SET TO OUTPUT ALL LOG MESSAGES !!!
20240726 042417.096 INFO             PET0 !!!     THIS MAY CAUSE SLOWDOWN IN PERFORMANCE     !!!
20240726 042417.096 INFO             PET0 !!! FOR PRODUCTION RUNS, USE:                      !!!
20240726 042417.096 INFO             PET0 !!!                   ESMF_LOGKIND_Multi_On_Error  !!!
20240726 042417.096 INFO             PET0 !!!!!!!!!!!!!!!!!!!!!!!!!!!!!!!!!!!!!!!!!!!!!!!!!!!!!!
20240726 042417.096 INFO             PET0 Running with ESMF Version   : v8.7.0b09-27-geb8bb37dac
20240726 042417.096 INFO             PET0 ESMF library build date/time: "Jul 26 2024" "04:04:59"
20240726 042417.096 INFO             PET0 ESMF library build location : /tmp/intel_2023.1.0-oneAPI_mpiuni_O_feature_hconfig-extras/esmf
20240726 042417.096 INFO             PET0 ESMF_COMM                   : mpiuni
20240726 042417.096 INFO             PET0 ESMF_MOAB                   : enabled
20240726 042417.096 INFO             PET0 ESMF_LAPACK                 : enabled
20240726 042417.096 INFO             PET0 ESMF_NETCDF                 : enabled
20240726 042417.096 INFO             PET0 ESMF_PNETCDF                : disabled
20240726 042417.096 INFO             PET0 ESMF_PIO                    : enabled
20240726 042417.096 INFO             PET0 ESMF_YAMLCPP                : enabled
20240726 042417.097 INFO             PET0  NUMBER_OF_PROCESSORS           1
20240726 042417.097 INFO             PET0  PASS  Example ESMF_GridCreateRegFromDGEx, ESMF_GridCreateRegFromDGEx.F90, line 112
20240726 042417.097 INFO             PET0  Finalizing ESMF
