2024-07-24 19:17:50
--- ESMCI::ArrayBundle::print start ---
ArrayBundle: MyArrayBundle
--- ESMCI::ArrayBundle::print start ---
ArrayBundle: MyArrayBundle
arrayCount = 3
--- ESMCI::ArrayBundle::print start ---
ArrayBundle: MyArrayBundle
arrayCount = 3
--- ESMCI::ArrayBundle::print start ---
ArrayBundle: MyArrayBundle
arrayCount = 3
Container::print() multipmap:item=0 key=AonFly value=0x12900a000
arrayCount = 3
Container::print() multipmap:item=0 key=AonFly value=0x121034000
Container::print() multipmap:item=0 key=AonFly value=0x14480cc00
Container::print() multipmap:item=1 key=Array002 value=0x14480b400
Container::print() multipmap:item=0 key=AonFly value=0x11d809a00
Container::print() multipmap:item=1 key=Array002 value=0x11d810800
Container::print() multipmap:item=1 key=Array002 value=0x121017a00
Container::print() multipmap:item=2 key=Array003 value=0x14480ba00
Container::print() multipmap:item=1 key=Array002 value=0x129008800
Container::print() multipmap:item=2 key=Array003 value=0x129008e00
Container::print() multipmap:item=2 key=Array003 value=0x121032e00
Container::print()      list:item=0 key=Array002 value=0x14480b400
Container::print() multipmap:item=2 key=Array003 value=0x11d80c800
Container::print()      list:item=0 key=Array002 value=0x11d810800
Container::print()      list:item=0 key=Array002 value=0x121017a00
Container::print()      list:item=0 key=Array002 value=0x129008800
Container::print()      list:item=1 key=Array003 value=0x14480ba00
Container::print()      list:item=1 key=Array003 value=0x11d80c800
Container::print()      list:item=2 key=AonFly value=0x14480cc00
Container::print()      list:item=1 key=Array003 value=0x121032e00
Container::print()      list:item=2 key=AonFly value=0x121034000
Container::print()      list:item=1 key=Array003 value=0x129008e00
Container::print()      list:item=2 key=AonFly value=0x12900a000
Container::print()      list:item=2 key=AonFly value=0x11d809a00
--- ESMCI::ArrayBundle::print end ---
--- ESMCI::ArrayBundle::print end ---
--- ESMCI::ArrayBundle::print end ---
--- ESMCI::ArrayBundle::print end ---
--- ESMCI::Array::print start ---
 Base name    = AonFly
--- ESMCI::Array::print start ---
--- ESMCI::Array::print start ---
--- ESMCI::Array::print start ---
 Status: Base = Ready,  object = Ready
 Base name    = AonFly
 Base name    = AonFly
 Status: Base = Ready,  object = Ready
 Base name    = AonFly
 Status: Base = Ready,  object = Ready
 Proxy        = no
 Root Info (Attributes):
 Status: Base = Ready,  object = Ready
 Proxy        = no
 Proxy        = no
 Proxy        = no
 Root Info (Attributes):
 Root Info (Attributes):
{}Array typekind/rank: Real*4 / 2 
~ lower class' values ~
 Root Info (Attributes):
{}{}DistGrid dimCount = 2
{}deCount = 6
localDeCount = 1
Array typekind/rank: Real*4 / 2 
Array typekind/rank: Real*4 / 2 
~ lower class' values ~
Array typekind/rank: Real*4 / 2 
~ local data in LocalArray for DE 3 ~
~ lower class' values ~
~ lower class' values ~
DistGrid dimCount = 2
deCount = 6
DistGrid dimCount = 2
LocalArrayPrint: Array at address 0x143205b90:
DistGrid dimCount = 2
deCount = 6
localDeCount = 2
~ local data in LocalArray for DE 1 ~
            rank = 2, typekind = 5, base_addr = 0x6000007f47c0
            dim[0] = 2  dim[1] = 2  
localDeCount = 2
~ local data in LocalArray for DE 0 ~
deCount = 6
localDeCount = 1
LocalArrayPrint: Array at address 0x10ce098d0:
  Real, *4, Dim 2, Data values:
LocalArrayPrint: Array at address 0x11860f5b0:
            rank = 2, typekind = 5, base_addr = 0x600002688120
            rank = 2, typekind = 5, base_addr = 0x6000013e5570
            dim[0] = 2  dim[1] = 2  
~ local data in LocalArray for DE 2 ~
LocalArrayPrint: Array at address 0x11061e930:
( 1, 1) =  0
  Real, *4, Dim 2, Data values:
            dim[0] = 3  dim[1] = 2  
  Real, *4, Dim 2, Data values:
            rank = 2, typekind = 5, base_addr = 0x6000012d9820
            dim[0] = 3  dim[1] = 2  
( 2, 1) =  0
( 1, 1) =  0
( 1, 2) =  0
( 1, 1) =  0
( 2, 1) =  0
  Real, *4, Dim 2, Data values:
( 2, 2) =  0
dim 1: [0]: [1 [1 [1, 2] 2] 2]
( 2, 1) =  0
( 1, 2) =  0
( 1, 1) =  0
( 3, 1) =  0
( 2, 2) =  0
( 2, 1) =  0
dim 2: [1]: [1 [1 [1, 2] 2] 2]
( 1, 2) =  0
( 3, 1) =  0
dim 1: [0]: [1 [1 [1, 2] 2] 2]
dim 2: [1]: [1 [1 [1, 2] 2] 2]
--- ESMCI::Array::print end ---
( 2, 2) =  0
( 1, 2) =  0
--- ESMCI::Array::print start ---
( 3, 2) =  0
( 2, 2) =  0
~ local data in LocalArray for DE 5 ~
 Base name    = Array002
LocalArrayPrint: Array at address 0x10ce09c00:
dim 1: [0]: [1 [1 [1, 3] 3] 3]
( 3, 2) =  0
 Status: Base = Ready,  object = Ready
dim 2: [1]: [1 [1 [1, 2] 2] 2]
            rank = 2, typekind = 5, base_addr = 0x6000013e5580
dim 1: [0]: [1 [1 [1, 3] 3] 3]
 Proxy        = no
~ local data in LocalArray for DE 4 ~
            dim[0] = 2  dim[1] = 1  
dim 2: [1]: [1 [1 [1, 2] 2] 2]
 Root Info (Attributes):
--- ESMCI::Array::print end ---
LocalArrayPrint: Array at address 0x11860f8e0:
  Real, *4, Dim 2, Data values:
--- ESMCI::Array::print start ---
            rank = 2, typekind = 5, base_addr = 0x6000024aa160
( 1, 1) =  0
{}Array typekind/rank: Real*8 / 2 
            dim[0] = 3  dim[1] = 1  
( 2, 1) =  0
~ lower class' values ~
  Real, *4, Dim 2, Data values:
dim 1: [0]: [1 [1 [1, 2] 2] 2]
DistGrid dimCount = 2
 Base name    = Array002
 Status: Base = Ready,  object = Ready
( 1, 1) =  0
( 2, 1) =  0
dim 2: [1]: [1 [1 [1, 1] 1] 1]
--- ESMCI::Array::print end ---
deCount = 6
localDeCount = 1
 Proxy        = no
 Root Info (Attributes):
( 3, 1) =  0
--- ESMCI::Array::print start ---
~ local data in LocalArray for DE 3 ~
{}dim 1: [0]: [1 [1 [1, 3] 3] 3]
 Base name    = Array002
LocalArrayPrint: Array at address 0x143204b10:
            rank = 2, typekind = 6, base_addr = 0x6000005cc180
Array typekind/rank: Real*8 / 2 
dim 2: [1]: [1 [1 [1, 1] 1] 1]
--- ESMCI::Array::print end ---
 Status: Base = Ready,  object = Ready
 Proxy        = no
            dim[0] = 2  dim[1] = 2  
~ lower class' values ~
DistGrid dimCount = 2
  Real, *8, Dim 2, Data values:
--- ESMCI::Array::print start ---
 Base name    = Array002
 Root Info (Attributes):
{}( 1, 1) =  0
( 2, 1) =  0
 Status: Base = Ready,  object = Ready
deCount = 6
localDeCount = 1
 Proxy        = no
~ local data in LocalArray for DE 2 ~
Array typekind/rank: Real*8 / 2 
LocalArrayPrint: Array at address 0x11061d8b0:
~ lower class' values ~
( 1, 2) =  0
( 2, 2) =  0
 Root Info (Attributes):
DistGrid dimCount = 2
            rank = 2, typekind = 6, base_addr = 0x600001cddef0
{}            dim[0] = 3  dim[1] = 2  
  Real, *8, Dim 2, Data values:
dim 1: [0]: [1 [1 [1, 2] 2] 2]
dim 2: [1]: [1 [1 [1, 2] 2] 2]
--- ESMCI::Array::print end ---
Array typekind/rank: Real*8 / 2 
~ lower class' values ~
( 1, 1) =  0
( 2, 1) =  0
( 3, 1) =  0
--- ESMCI::Array::print start ---
DistGrid dimCount = 2
deCount = 6
deCount = 6
( 1, 2) =  0
( 2, 2) =  0
 Base name    = Array003
 Status: Base = Ready,  object = Ready
localDeCount = 2
localDeCount = 2
( 3, 2) =  0
dim 1: [0]: [1 [1 [1, 3] 3] 3]
~ local data in LocalArray for DE 1 ~
LocalArrayPrint: Array at address 0x10ce07b90:
~ local data in LocalArray for DE 0 ~
LocalArrayPrint: Array at address 0x11860d5d0:
 Proxy        = no
 Root Info (Attributes):
dim 2: [1]: [1 [1 [1, 2] 2] 2]
            rank = 2, typekind = 6, base_addr = 0x6000011e9360
            rank = 2, typekind = 6, base_addr = 0x6000028a5800
--- ESMCI::Array::print end ---
{}            dim[0] = 2  dim[1] = 2  
            dim[0] = 3  dim[1] = 2  
--- ESMCI::Array::print start ---
Array typekind/rank: Real*8 / 2 
  Real, *8, Dim 2, Data values:
 Base name    = Array003
 Status: Base = Ready,  object = Ready
~ lower class' values ~
DistGrid dimCount = 2
  Real, *8, Dim 2, Data values:
( 1, 1) =  0
( 1, 1) =  0
( 2, 1) =  0
( 2, 1) =  0
 Proxy        = no
deCount = 6
( 1, 2) =  0
( 3, 1) =  0
 Root Info (Attributes):
localDeCount = 1
( 2, 2) =  0
{}~ local data in LocalArray for DE 3 ~
( 1, 2) =  0
( 2, 2) =  0
dim 1: [0]: [1 [1 [1, 2] 2] 2]
dim 2: [1]: [1 [1 [1, 2] 2] 2]
Array typekind/rank: Real*8 / 2 
~ lower class' values ~
LocalArrayPrint: Array at address 0x143204e40:
            rank = 2, typekind = 6, base_addr = 0x6000005cc240
DistGrid dimCount = 2
            dim[0] = 2  dim[1] = 2  
( 3, 2) =  0
dim 1: [0]: [1 [1 [1, 3] 3] 3]
~ local data in LocalArray for DE 5 ~
LocalArrayPrint: Array at address 0x10ce07ec0:
deCount = 6
dim 2: [1]: [1 [1 [1, 2] 2] 2]
~ local data in LocalArray for DE 4 ~
            rank = 2, typekind = 6, base_addr = 0x6000013e5060
  Real, *8, Dim 2, Data values:
( 1, 1) =  0
localDeCount = 1
~ local data in LocalArray for DE 2 ~
LocalArrayPrint: Array at address 0x11860d900:
            dim[0] = 2  dim[1] = 1  
( 2, 1) =  0
  Real, *8, Dim 2, Data values:
LocalArrayPrint: Array at address 0x11061dbe0:
( 1, 2) =  0
            rank = 2, typekind = 6, base_addr = 0x6000026a7f00
( 1, 1) =  0
            rank = 2, typekind = 6, base_addr = 0x600001cddf50
            dim[0] = 3  dim[1] = 1  
( 2, 2) =  0
( 2, 1) =  0
            dim[0] = 3  dim[1] = 2  
dim 1: [0]: [1 [1 [1, 2] 2] 2]
  Real, *8, Dim 2, Data values:
dim 1: [0]: [1 [1 [1, 2] 2] 2]
  Real, *8, Dim 2, Data values:
( 1, 1) =  0
( 2, 1) =  0
dim 2: [1]: [1 [1 [1, 1] 1] 1]
--- ESMCI::Array::print end ---
dim 2: [1]: [1 [1 [1, 2] 2] 2]
--- ESMCI::Array::print end ---
( 1, 1) =  0
( 2, 1) =  0
( 3, 1) =  0
--- ESMCI::Array::print start ---
dim 1: [0]: [1 [1 [1, 3] 3] 3]
dim 2: [1]: [1 [1 [1, 1] 1] 1]
( 3, 1) =  0
( 1, 2) =  0
 Base name    = Array003
  PASS  Example ESMF_ArrayBundleEx, ESMF_ArrayBundleEx.F90, line 267
--- ESMCI::Array::print end ---
( 2, 2) =  0
 Status: Base = Ready,  object = Ready
( 3, 2) =  0
--- ESMCI::Array::print start ---
 Proxy        = no
 Base name    = Array003
dim 1: [0]: [1 [1 [1, 3] 3] 3]
dim 2: [1]: [1 [1 [1, 2] 2] 2]
 Root Info (Attributes):
 Status: Base = Ready,  object = Ready
{} Proxy        = no
--- ESMCI::Array::print end ---
Array typekind/rank: Real*8 / 2 
 Root Info (Attributes):
~ lower class' values ~
{}  PASS  Example ESMF_ArrayBundleEx, ESMF_ArrayBundleEx.F90, line 267
DistGrid dimCount = 2
Array typekind/rank: Real*8 / 2 
~ lower class' values ~
DistGrid dimCount = 2
deCount = 6
localDeCount = 2
deCount = 6
localDeCount = 2
~ local data in LocalArray for DE 1 ~
LocalArrayPrint: Array at address 0x10ce081f0:
~ local data in LocalArray for DE 0 ~
            rank = 2, typekind = 6, base_addr = 0x6000011e93e0
LocalArrayPrint: Array at address 0x11860dc30:
            dim[0] = 2  dim[1] = 2  
            rank = 2, typekind = 6, base_addr = 0x6000028a58f0
  Real, *8, Dim 2, Data values:
            dim[0] = 3  dim[1] = 2  
  Real, *8, Dim 2, Data values:
( 1, 1) =  0
( 2, 1) =  0
( 1, 1) =  0
( 2, 1) =  0
( 1, 2) =  0
( 3, 1) =  0
( 1, 2) =  0
( 2, 2) =  0
dim 1: [0]: [1 [1 [1, 2] 2] 2]
( 2, 2) =  0
( 3, 2) =  0
dim 2: [1]: [1 [1 [1, 2] 2] 2]
~ local data in LocalArray for DE 5 ~
LocalArrayPrint: Array at address 0x10ce08520:
dim 1: [0]: [1 [1 [1, 3] 3] 3]
dim 2: [1]: [1 [1 [1, 2] 2] 2]
~ local data in LocalArray for DE 4 ~
            rank = 2, typekind = 6, base_addr = 0x6000013e51a0
            dim[0] = 2  dim[1] = 1  
LocalArrayPrint: Array at address 0x11860e200:
            rank = 2, typekind = 6, base_addr = 0x6000026a7f80
            dim[0] = 3  dim[1] = 1  
  Real, *8, Dim 2, Data values:
( 1, 1) =  0
  Real, *8, Dim 2, Data values:
( 1, 1) =  0
( 2, 1) =  0
( 2, 1) =  0
dim 1: [0]: [1 [1 [1, 2] 2] 2]
( 3, 1) =  0
dim 1: [0]: [1 [1 [1, 3] 3] 3]
dim 2: [1]: [1 [1 [1, 1] 1] 1]
dim 2: [1]: [1 [1 [1, 1] 1] 1]
--- ESMCI::Array::print end ---
--- ESMCI::Array::print end ---
  PASS  Example ESMF_ArrayBundleEx, ESMF_ArrayBundleEx.F90, line 267
  PASS  Example ESMF_ArrayBundleEx, ESMF_ArrayBundleEx.F90, line 267
 PASS: ESMF_ArrayBundleEx.F90
 PASS: ESMF_ArrayBundleEx.F90
 PASS: ESMF_ArrayBundleEx.F90
 PASS: ESMF_ArrayBundleEx.F90
