2024-07-29 07:31:46
20240729 080810.036 INFO             PET0 !!!!!!!!!!!!!!!!!!!!!!!!!!!!!!!!!!!!!!!!!!!!!!!!!!!!!!
20240729 080810.036 INFO             PET0 !!! THE ESMF_LOG IS SET TO OUTPUT ALL LOG MESSAGES !!!
20240729 080810.036 INFO             PET0 !!!     THIS MAY CAUSE SLOWDOWN IN PERFORMANCE     !!!
20240729 080810.036 INFO             PET0 !!! FOR PRODUCTION RUNS, USE:                      !!!
20240729 080810.036 INFO             PET0 !!!                   ESMF_LOGKIND_Multi_On_Error  !!!
20240729 080810.036 INFO             PET0 !!!!!!!!!!!!!!!!!!!!!!!!!!!!!!!!!!!!!!!!!!!!!!!!!!!!!!
20240729 080810.036 INFO             PET0 Running with ESMF Version   : v8.7.0b10-2-gee9aef261f
20240729 080810.036 INFO             PET0 ESMF library build date/time: "Jul 29 2024" "07:29:08"
20240729 080810.036 INFO             PET0 ESMF library build location : /scratch2/NCEPDEV/stmp1/Gerhard.Theurich/ESMF-Nightly-Testing/intel_2023.2.0_mpiuni_g_develop/esmf
20240729 080810.036 INFO             PET0 ESMF_COMM                   : mpiuni
20240729 080810.037 INFO             PET0 ESMF_MOAB                   : enabled
20240729 080810.037 INFO             PET0 ESMF_LAPACK                 : enabled
20240729 080810.037 INFO             PET0 ESMF_NETCDF                 : enabled
20240729 080810.037 INFO             PET0 ESMF_PNETCDF                : disabled
20240729 080810.037 INFO             PET0 ESMF_PIO                    : enabled
20240729 080810.037 INFO             PET0 ESMF_YAMLCPP                : enabled
20240729 080810.038 INFO             PET0  NUMBER_OF_PROCESSORS           1
20240729 080810.038 INFO             PET0  PASS  Example ESMF_VMSendVMRecvEx, ESMF_VMSendVMRecvEx.F90, line 120
20240729 080810.038 INFO             PET0  Finalizing ESMF
