2024-07-15 07:28:23
20240715 080558.170 INFO             PET0 !!!!!!!!!!!!!!!!!!!!!!!!!!!!!!!!!!!!!!!!!!!!!!!!!!!!!!
20240715 080558.170 INFO             PET0 !!! THE ESMF_LOG IS SET TO OUTPUT ALL LOG MESSAGES !!!
20240715 080558.170 INFO             PET0 !!!     THIS MAY CAUSE SLOWDOWN IN PERFORMANCE     !!!
20240715 080558.170 INFO             PET0 !!! FOR PRODUCTION RUNS, USE:                      !!!
20240715 080558.170 INFO             PET0 !!!                   ESMF_LOGKIND_Multi_On_Error  !!!
20240715 080558.170 INFO             PET0 !!!!!!!!!!!!!!!!!!!!!!!!!!!!!!!!!!!!!!!!!!!!!!!!!!!!!!
20240715 080558.170 INFO             PET0 Running with ESMF Version   : v8.7.0b08-15-g7133ea3e40
20240715 080558.170 INFO             PET0 ESMF library build date/time: "Jul 15 2024" "07:25:39"
20240715 080558.170 INFO             PET0 ESMF library build location : /scratch2/NCEPDEV/stmp1/Gerhard.Theurich/ESMF-Nightly-Testing/intel_2023.2.0_mpiuni_g_develop/esmf
20240715 080558.170 INFO             PET0 ESMF_COMM                   : mpiuni
20240715 080558.171 INFO             PET0 ESMF_MOAB                   : enabled
20240715 080558.171 INFO             PET0 ESMF_LAPACK                 : enabled
20240715 080558.171 INFO             PET0 ESMF_NETCDF                 : enabled
20240715 080558.171 INFO             PET0 ESMF_PNETCDF                : disabled
20240715 080558.171 INFO             PET0 ESMF_PIO                    : enabled
20240715 080558.171 INFO             PET0 ESMF_YAMLCPP                : enabled
20240715 080558.206 INFO             PET0  NUMBER_OF_PROCESSORS           1
20240715 080558.207 INFO             PET0  PASS  Example ESMF_LocStreamEx, ESMF_LocStreamEx.F90, line 784
20240715 080558.207 INFO             PET0  Finalizing ESMF
