2024-06-07 07:26:00
20240607 080227.396 INFO             PET0 !!!!!!!!!!!!!!!!!!!!!!!!!!!!!!!!!!!!!!!!!!!!!!!!!!!!!!
20240607 080227.396 INFO             PET0 !!! THE ESMF_LOG IS SET TO OUTPUT ALL LOG MESSAGES !!!
20240607 080227.396 INFO             PET0 !!!     THIS MAY CAUSE SLOWDOWN IN PERFORMANCE     !!!
20240607 080227.396 INFO             PET0 !!! FOR PRODUCTION RUNS, USE:                      !!!
20240607 080227.396 INFO             PET0 !!!                   ESMF_LOGKIND_Multi_On_Error  !!!
20240607 080227.396 INFO             PET0 !!!!!!!!!!!!!!!!!!!!!!!!!!!!!!!!!!!!!!!!!!!!!!!!!!!!!!
20240607 080227.396 INFO             PET0 Running with ESMF Version   : v8.7.0b06-42-g13be2f7f6d
20240607 080227.396 INFO             PET0 ESMF library build date/time: "Jun  7 2024" "07:23:39"
20240607 080227.396 INFO             PET0 ESMF library build location : /scratch2/NCEPDEV/stmp1/Gerhard.Theurich/ESMF-Nightly-Testing/intel_2023.2.0_mpiuni_g_develop/esmf
20240607 080227.396 INFO             PET0 ESMF_COMM                   : mpiuni
20240607 080227.397 INFO             PET0 ESMF_MOAB                   : enabled
20240607 080227.397 INFO             PET0 ESMF_LAPACK                 : enabled
20240607 080227.397 INFO             PET0 ESMF_NETCDF                 : enabled
20240607 080227.397 INFO             PET0 ESMF_PNETCDF                : disabled
20240607 080227.397 INFO             PET0 ESMF_PIO                    : disabled
20240607 080227.397 INFO             PET0 ESMF_YAMLCPP                : enabled
20240607 080227.398 INFO             PET0  NUMBER_OF_PROCESSORS           1
20240607 080227.398 INFO             PET0  PASS  Example ESMF_DELayoutEx, ESMF_DELayoutEx.F90, line 394
20240607 080227.399 INFO             PET0  Finalizing ESMF
