2024-07-05 07:28:24
20240705 080440.941 INFO             PET0 !!!!!!!!!!!!!!!!!!!!!!!!!!!!!!!!!!!!!!!!!!!!!!!!!!!!!!
20240705 080440.942 INFO             PET0 !!! THE ESMF_LOG IS SET TO OUTPUT ALL LOG MESSAGES !!!
20240705 080440.942 INFO             PET0 !!!     THIS MAY CAUSE SLOWDOWN IN PERFORMANCE     !!!
20240705 080440.942 INFO             PET0 !!! FOR PRODUCTION RUNS, USE:                      !!!
20240705 080440.942 INFO             PET0 !!!                   ESMF_LOGKIND_Multi_On_Error  !!!
20240705 080440.942 INFO             PET0 !!!!!!!!!!!!!!!!!!!!!!!!!!!!!!!!!!!!!!!!!!!!!!!!!!!!!!
20240705 080440.942 INFO             PET0 Running with ESMF Version   : v8.7.0b08-12-ga4da9b3757
20240705 080440.942 INFO             PET0 ESMF library build date/time: "Jul  5 2024" "07:25:45"
20240705 080440.942 INFO             PET0 ESMF library build location : /scratch2/NCEPDEV/stmp1/Gerhard.Theurich/ESMF-Nightly-Testing/intel_2023.2.0_mpiuni_g_develop/esmf
20240705 080440.942 INFO             PET0 ESMF_COMM                   : mpiuni
20240705 080440.943 INFO             PET0 ESMF_MOAB                   : enabled
20240705 080440.943 INFO             PET0 ESMF_LAPACK                 : enabled
20240705 080440.943 INFO             PET0 ESMF_NETCDF                 : enabled
20240705 080440.943 INFO             PET0 ESMF_PNETCDF                : disabled
20240705 080440.943 INFO             PET0 ESMF_PIO                    : enabled
20240705 080440.943 INFO             PET0 ESMF_YAMLCPP                : enabled
20240705 080440.945 INFO             PET0  NUMBER_OF_PROCESSORS           1
20240705 080440.945 INFO             PET0  PASS  Example ESMF_WebServicesEx, ESMF_WebServicesEx.F90, line 227
20240705 080440.945 INFO             PET0  Finalizing ESMF
