2024-05-19 07:28:39
20240519 080232.222 INFO             PET0 !!!!!!!!!!!!!!!!!!!!!!!!!!!!!!!!!!!!!!!!!!!!!!!!!!!!!!
20240519 080232.222 INFO             PET0 !!! THE ESMF_LOG IS SET TO OUTPUT ALL LOG MESSAGES !!!
20240519 080232.222 INFO             PET0 !!!     THIS MAY CAUSE SLOWDOWN IN PERFORMANCE     !!!
20240519 080232.222 INFO             PET0 !!! FOR PRODUCTION RUNS, USE:                      !!!
20240519 080232.222 INFO             PET0 !!!                   ESMF_LOGKIND_Multi_On_Error  !!!
20240519 080232.222 INFO             PET0 !!!!!!!!!!!!!!!!!!!!!!!!!!!!!!!!!!!!!!!!!!!!!!!!!!!!!!
20240519 080232.222 INFO             PET0 Running with ESMF Version   : v8.7.0b05-86-g6f1fcac0dc
20240519 080232.222 INFO             PET0 ESMF library build date/time: "May 19 2024" "07:26:16"
20240519 080232.222 INFO             PET0 ESMF library build location : /scratch2/NCEPDEV/stmp1/Gerhard.Theurich/ESMF-Nightly-Testing/intel_2023.2.0_mpiuni_g_develop/esmf
20240519 080232.222 INFO             PET0 ESMF_COMM                   : mpiuni
20240519 080232.223 INFO             PET0 ESMF_MOAB                   : enabled
20240519 080232.223 INFO             PET0 ESMF_LAPACK                 : enabled
20240519 080232.223 INFO             PET0 ESMF_NETCDF                 : enabled
20240519 080232.223 INFO             PET0 ESMF_PNETCDF                : disabled
20240519 080232.223 INFO             PET0 ESMF_PIO                    : disabled
20240519 080232.223 INFO             PET0 ESMF_YAMLCPP                : enabled
20240519 080232.223 INFO             PET0 Log Write 2
20240519 080232.223 ERROR            PET0 Invalid object  - Convergence failure
20240519 080232.223 ERROR            PET0 ESMCI_Time.C:866 ESMCI::Time::syncToRealTime() Wrong argument specified  - ; calkindflag is NOCALENDAR. Only GREGORIAN and JULIAN are supported when syncing to real time.
20240519 080232.223 ERROR            PET0 ESMF_Time.F90:1485 ESMF_TimeSyncToRealTime() Wrong argument specified  - Internal subroutine call returned Error
20240519 080232.223 ERROR            PET0 Wrong argument specified  - getting wall clock time
20240519 080232.225 INFO             PET0  NUMBER_OF_PROCESSORS           1
20240519 080232.225 INFO             PET0  PASS  Example ESMF_LogErrEx, ESMF_LogErrEx.F90, line 186
20240519 080232.225 INFO             PET0  Finalizing ESMF
