2024-06-08 07:26:07
20240608 080034.901 INFO             PET0 !!!!!!!!!!!!!!!!!!!!!!!!!!!!!!!!!!!!!!!!!!!!!!!!!!!!!!
20240608 080034.901 INFO             PET0 !!! THE ESMF_LOG IS SET TO OUTPUT ALL LOG MESSAGES !!!
20240608 080034.901 INFO             PET0 !!!     THIS MAY CAUSE SLOWDOWN IN PERFORMANCE     !!!
20240608 080034.901 INFO             PET0 !!! FOR PRODUCTION RUNS, USE:                      !!!
20240608 080034.901 INFO             PET0 !!!                   ESMF_LOGKIND_Multi_On_Error  !!!
20240608 080034.901 INFO             PET0 !!!!!!!!!!!!!!!!!!!!!!!!!!!!!!!!!!!!!!!!!!!!!!!!!!!!!!
20240608 080034.901 INFO             PET0 Running with ESMF Version   : v8.7.0b07
20240608 080034.901 INFO             PET0 ESMF library build date/time: "Jun  8 2024" "07:23:55"
20240608 080034.902 INFO             PET0 ESMF library build location : /scratch2/NCEPDEV/stmp1/Gerhard.Theurich/ESMF-Nightly-Testing/intel_2023.2.0_mpiuni_g_develop/esmf
20240608 080034.902 INFO             PET0 ESMF_COMM                   : mpiuni
20240608 080034.903 INFO             PET0 ESMF_MOAB                   : enabled
20240608 080034.903 INFO             PET0 ESMF_LAPACK                 : enabled
20240608 080034.903 INFO             PET0 ESMF_NETCDF                 : enabled
20240608 080034.903 INFO             PET0 ESMF_PNETCDF                : disabled
20240608 080034.903 INFO             PET0 ESMF_PIO                    : disabled
20240608 080034.903 INFO             PET0 ESMF_YAMLCPP                : enabled
20240608 080034.911 INFO             PET0 ESMF_FieldRedistStoreNF(): Just entered routine.
20240608 080035.415 INFO             PET0 ESMF_FieldRedistStoreNF(): Leaving routine.
20240608 080035.423 INFO             PET0  NUMBER_OF_PROCESSORS           1
20240608 080035.424 INFO             PET0  PASS  Example ESMF_RHandleFromFileEx, ESMF_RHandleFromFileEx.F90, line 192
20240608 080035.424 INFO             PET0  Finalizing ESMF
