2024-07-22 01:49:12
20240722 023216.735 INFO             PET0 !!!!!!!!!!!!!!!!!!!!!!!!!!!!!!!!!!!!!!!!!!!!!!!!!!!!!!
20240722 023216.735 INFO             PET0 !!! THE ESMF_LOG IS SET TO OUTPUT ALL LOG MESSAGES !!!
20240722 023216.735 INFO             PET0 !!!     THIS MAY CAUSE SLOWDOWN IN PERFORMANCE     !!!
20240722 023216.735 INFO             PET0 !!! FOR PRODUCTION RUNS, USE:                      !!!
20240722 023216.735 INFO             PET0 !!!                   ESMF_LOGKIND_Multi_On_Error  !!!
20240722 023216.735 INFO             PET0 !!!!!!!!!!!!!!!!!!!!!!!!!!!!!!!!!!!!!!!!!!!!!!!!!!!!!!
20240722 023216.735 INFO             PET0 Running with ESMF Version   : v8.7.0b09
20240722 023216.736 INFO             PET0 ESMF library build date/time: "Jul 22 2024" "01:47:14"
20240722 023216.736 INFO             PET0 ESMF library build location : /scratch/cluster/theurich/ESMF-Nightly-Testing/intel_20.0.1_mpiuni_g_develop/esmf
20240722 023216.736 INFO             PET0 ESMF_COMM                   : mpiuni
20240722 023216.739 INFO             PET0 ESMF_MOAB                   : enabled
20240722 023216.739 INFO             PET0 ESMF_LAPACK                 : enabled
20240722 023216.739 INFO             PET0 ESMF_NETCDF                 : enabled
20240722 023216.739 INFO             PET0 ESMF_PNETCDF                : disabled
20240722 023216.739 INFO             PET0 ESMF_PIO                    : enabled
20240722 023216.739 INFO             PET0 ESMF_YAMLCPP                : enabled
20240722 023216.750 INFO             PET0  NUMBER_OF_PROCESSORS           1
20240722 023216.750 INFO             PET0  PASS  Example ESMF_AppMainEx, ESMF_AppMainEx.F90, line 486
20240722 023216.750 INFO             PET0  Finalizing ESMF
