2024-06-01 01:49:50
20240601 022934.102 INFO             PET0 !!!!!!!!!!!!!!!!!!!!!!!!!!!!!!!!!!!!!!!!!!!!!!!!!!!!!!
20240601 022934.102 INFO             PET0 !!! THE ESMF_LOG IS SET TO OUTPUT ALL LOG MESSAGES !!!
20240601 022934.102 INFO             PET0 !!!     THIS MAY CAUSE SLOWDOWN IN PERFORMANCE     !!!
20240601 022934.103 INFO             PET0 !!! FOR PRODUCTION RUNS, USE:                      !!!
20240601 022934.103 INFO             PET0 !!!                   ESMF_LOGKIND_Multi_On_Error  !!!
20240601 022934.103 INFO             PET0 !!!!!!!!!!!!!!!!!!!!!!!!!!!!!!!!!!!!!!!!!!!!!!!!!!!!!!
20240601 022934.103 INFO             PET0 Running with ESMF Version   : v8.7.0b06-37-g31f880616f
20240601 022934.103 INFO             PET0 ESMF library build date/time: "Jun  1 2024" "01:47:05"
20240601 022934.103 INFO             PET0 ESMF library build location : /scratch/cluster/theurich/ESMF-Nightly-Testing/intel_20.0.1_mpiuni_g_develop/esmf
20240601 022934.103 INFO             PET0 ESMF_COMM                   : mpiuni
20240601 022934.105 INFO             PET0 ESMF_MOAB                   : enabled
20240601 022934.105 INFO             PET0 ESMF_LAPACK                 : enabled
20240601 022934.105 INFO             PET0 ESMF_NETCDF                 : enabled
20240601 022934.105 INFO             PET0 ESMF_PNETCDF                : disabled
20240601 022934.105 INFO             PET0 ESMF_PIO                    : disabled
20240601 022934.105 INFO             PET0 ESMF_YAMLCPP                : enabled
20240601 022934.465 INFO             PET0  NUMBER_OF_PROCESSORS           1
20240601 022934.468 INFO             PET0  PASS  Example ESMF_RHandleDynamicMaskingEx, ESMF_RHandleDynamicMaskingEx.F90, line 1116
20240601 022934.468 INFO             PET0  Finalizing ESMF
