2024-07-17 01:48:18
20240717 023050.968 INFO             PET0 !!!!!!!!!!!!!!!!!!!!!!!!!!!!!!!!!!!!!!!!!!!!!!!!!!!!!!
20240717 023050.968 INFO             PET0 !!! THE ESMF_LOG IS SET TO OUTPUT ALL LOG MESSAGES !!!
20240717 023050.968 INFO             PET0 !!!     THIS MAY CAUSE SLOWDOWN IN PERFORMANCE     !!!
20240717 023050.968 INFO             PET0 !!! FOR PRODUCTION RUNS, USE:                      !!!
20240717 023050.968 INFO             PET0 !!!                   ESMF_LOGKIND_Multi_On_Error  !!!
20240717 023050.968 INFO             PET0 !!!!!!!!!!!!!!!!!!!!!!!!!!!!!!!!!!!!!!!!!!!!!!!!!!!!!!
20240717 023050.968 INFO             PET0 Running with ESMF Version   : v8.7.0b08-15-g7133ea3e40
20240717 023050.968 INFO             PET0 ESMF library build date/time: "Jul 17 2024" "01:46:00"
20240717 023050.968 INFO             PET0 ESMF library build location : /scratch/cluster/theurich/ESMF-Nightly-Testing/intel_20.0.1_mpiuni_g_develop/esmf
20240717 023050.968 INFO             PET0 ESMF_COMM                   : mpiuni
20240717 023050.972 INFO             PET0 ESMF_MOAB                   : enabled
20240717 023050.972 INFO             PET0 ESMF_LAPACK                 : enabled
20240717 023050.972 INFO             PET0 ESMF_NETCDF                 : enabled
20240717 023050.972 INFO             PET0 ESMF_PNETCDF                : disabled
20240717 023050.972 INFO             PET0 ESMF_PIO                    : enabled
20240717 023050.972 INFO             PET0 ESMF_YAMLCPP                : enabled
20240717 023050.977 INFO             PET0  NUMBER_OF_PROCESSORS           1
20240717 023050.977 INFO             PET0  PASS  Example ESMF_InternalStateModEx, ESMF_InternalStateModEx.F90, line 239
20240717 023050.977 INFO             PET0  Finalizing ESMF
