2024-06-04 01:49:39
20240604 023148.645 INFO             PET0 !!!!!!!!!!!!!!!!!!!!!!!!!!!!!!!!!!!!!!!!!!!!!!!!!!!!!!
20240604 023148.645 INFO             PET0 !!! THE ESMF_LOG IS SET TO OUTPUT ALL LOG MESSAGES !!!
20240604 023148.645 INFO             PET0 !!!     THIS MAY CAUSE SLOWDOWN IN PERFORMANCE     !!!
20240604 023148.645 INFO             PET0 !!! FOR PRODUCTION RUNS, USE:                      !!!
20240604 023148.645 INFO             PET0 !!!                   ESMF_LOGKIND_Multi_On_Error  !!!
20240604 023148.645 INFO             PET0 !!!!!!!!!!!!!!!!!!!!!!!!!!!!!!!!!!!!!!!!!!!!!!!!!!!!!!
20240604 023148.645 INFO             PET0 Running with ESMF Version   : v8.7.0b06-37-g31f880616f
20240604 023148.645 INFO             PET0 ESMF library build date/time: "Jun  4 2024" "01:47:10"
20240604 023148.645 INFO             PET0 ESMF library build location : /scratch/cluster/theurich/ESMF-Nightly-Testing/intel_20.0.1_mpiuni_g_develop/esmf
20240604 023148.645 INFO             PET0 ESMF_COMM                   : mpiuni
20240604 023148.649 INFO             PET0 ESMF_MOAB                   : enabled
20240604 023148.649 INFO             PET0 ESMF_LAPACK                 : enabled
20240604 023148.649 INFO             PET0 ESMF_NETCDF                 : enabled
20240604 023148.649 INFO             PET0 ESMF_PNETCDF                : disabled
20240604 023148.649 INFO             PET0 ESMF_PIO                    : disabled
20240604 023148.649 INFO             PET0 ESMF_YAMLCPP                : enabled
20240604 023148.769 DEBUG            PET0 about to destroy Grid: 0x262f1e0
20240604 023148.791 DEBUG            PET0 about to destroy Grid: 0x2631050
20240604 023148.843 INFO             PET0  NUMBER_OF_PROCESSORS           1
20240604 023148.843 INFO             PET0  PASS  Example ESMF_NUOPCAtmModelEx, ESMF_NUOPCAtmModelEx.F90, line 806
20240604 023148.843 INFO             PET0  Finalizing ESMF
