2024-06-11 01:50:36
20240611 023023.943 INFO             PET0 !!!!!!!!!!!!!!!!!!!!!!!!!!!!!!!!!!!!!!!!!!!!!!!!!!!!!!
20240611 023023.943 INFO             PET0 !!! THE ESMF_LOG IS SET TO OUTPUT ALL LOG MESSAGES !!!
20240611 023023.943 INFO             PET0 !!!     THIS MAY CAUSE SLOWDOWN IN PERFORMANCE     !!!
20240611 023023.943 INFO             PET0 !!! FOR PRODUCTION RUNS, USE:                      !!!
20240611 023023.943 INFO             PET0 !!!                   ESMF_LOGKIND_Multi_On_Error  !!!
20240611 023023.943 INFO             PET0 !!!!!!!!!!!!!!!!!!!!!!!!!!!!!!!!!!!!!!!!!!!!!!!!!!!!!!
20240611 023023.943 INFO             PET0 Running with ESMF Version   : v8.7.0b07
20240611 023023.944 INFO             PET0 ESMF library build date/time: "Jun 11 2024" "01:48:06"
20240611 023023.944 INFO             PET0 ESMF library build location : /scratch/cluster/theurich/ESMF-Nightly-Testing/intel_20.0.1_mpiuni_g_develop/esmf
20240611 023023.944 INFO             PET0 ESMF_COMM                   : mpiuni
20240611 023023.947 INFO             PET0 ESMF_MOAB                   : enabled
20240611 023023.947 INFO             PET0 ESMF_LAPACK                 : enabled
20240611 023023.947 INFO             PET0 ESMF_NETCDF                 : enabled
20240611 023023.947 INFO             PET0 ESMF_PNETCDF                : disabled
20240611 023023.947 INFO             PET0 ESMF_PIO                    : disabled
20240611 023023.947 INFO             PET0 ESMF_YAMLCPP                : enabled
20240611 023023.948 INFO             PET0  NUMBER_OF_PROCESSORS           1
20240611 023023.951 INFO             PET0  PASS  Example ESMF_VMGetMPICommunicatorEx, ESMF_VMGetMPICommunicatorEx.F90, line 94
20240611 023023.951 INFO             PET0  Finalizing ESMF
