2024-07-29 01:48:00
20240729 022919.517 INFO             PET0 !!!!!!!!!!!!!!!!!!!!!!!!!!!!!!!!!!!!!!!!!!!!!!!!!!!!!!
20240729 022919.517 INFO             PET0 !!! THE ESMF_LOG IS SET TO OUTPUT ALL LOG MESSAGES !!!
20240729 022919.517 INFO             PET0 !!!     THIS MAY CAUSE SLOWDOWN IN PERFORMANCE     !!!
20240729 022919.517 INFO             PET0 !!! FOR PRODUCTION RUNS, USE:                      !!!
20240729 022919.517 INFO             PET0 !!!                   ESMF_LOGKIND_Multi_On_Error  !!!
20240729 022919.517 INFO             PET0 !!!!!!!!!!!!!!!!!!!!!!!!!!!!!!!!!!!!!!!!!!!!!!!!!!!!!!
20240729 022919.517 INFO             PET0 Running with ESMF Version   : v8.7.0b10-2-gee9aef261f
20240729 022919.517 INFO             PET0 ESMF library build date/time: "Jul 29 2024" "01:45:48"
20240729 022919.517 INFO             PET0 ESMF library build location : /scratch/cluster/theurich/ESMF-Nightly-Testing/intel_20.0.1_mpiuni_g_develop/esmf
20240729 022919.517 INFO             PET0 ESMF_COMM                   : mpiuni
20240729 022919.521 INFO             PET0 ESMF_MOAB                   : enabled
20240729 022919.521 INFO             PET0 ESMF_LAPACK                 : enabled
20240729 022919.521 INFO             PET0 ESMF_NETCDF                 : enabled
20240729 022919.521 INFO             PET0 ESMF_PNETCDF                : disabled
20240729 022919.521 INFO             PET0 ESMF_PIO                    : enabled
20240729 022919.521 INFO             PET0 ESMF_YAMLCPP                : enabled
20240729 022922.586 INFO             PET0  NUMBER_OF_PROCESSORS           1
20240729 022922.590 INFO             PET0  PASS  Example ESMF_GridUsageEx, ESMF_GridUsageEx.F90, line 3470
20240729 022922.590 INFO             PET0  Finalizing ESMF
