2024-05-22 07:43:05
20240522 084829.147 INFO             PET0 !!!!!!!!!!!!!!!!!!!!!!!!!!!!!!!!!!!!!!!!!!!!!!!!!!!!!!
20240522 084829.148 INFO             PET0 !!! THE ESMF_LOG IS SET TO OUTPUT ALL LOG MESSAGES !!!
20240522 084829.148 INFO             PET0 !!!     THIS MAY CAUSE SLOWDOWN IN PERFORMANCE     !!!
20240522 084829.148 INFO             PET0 !!! FOR PRODUCTION RUNS, USE:                      !!!
20240522 084829.148 INFO             PET0 !!!                   ESMF_LOGKIND_Multi_On_Error  !!!
20240522 084829.148 INFO             PET0 !!!!!!!!!!!!!!!!!!!!!!!!!!!!!!!!!!!!!!!!!!!!!!!!!!!!!!
20240522 084829.148 INFO             PET0 Running with ESMF Version   : v8.7.0b06
20240522 084829.148 INFO             PET0 ESMF library build date/time: "May 22 2024" "07:39:10"
20240522 084829.148 INFO             PET0 ESMF library build location : /scratch2/NCEPDEV/stmp1/Gerhard.Theurich/ESMF-Nightly-Testing/nvhpc_24.1_openmpi_g_develop/esmf
20240522 084829.148 INFO             PET0 ESMF_COMM                   : openmpi
20240522 084829.148 INFO             PET0 ESMF_MOAB                   : enabled
20240522 084829.148 INFO             PET0 ESMF_LAPACK                 : enabled
20240522 084829.148 INFO             PET0 ESMF_NETCDF                 : disabled
20240522 084829.148 INFO             PET0 ESMF_PNETCDF                : disabled
20240522 084829.148 INFO             PET0 ESMF_PIO                    : disabled
20240522 084829.148 INFO             PET0 ESMF_YAMLCPP                : enabled
20240522 084829.150 INFO             PET0 ESMF_FieldRedistStoreNF(): Just entered routine.
20240522 084829.153 INFO             PET0 ESMF_FieldRedistStoreNF(): Leaving routine.
20240522 084829.158 INFO             PET0 ESMF_FieldRedistStoreNF(): Just entered routine.
20240522 084829.158 INFO             PET0 ESMF_FieldRedistStoreNF(): Leaving routine.
20240522 084829.159 INFO             PET0 ESMF_FieldRedistStoreNF(): Just entered routine.
20240522 084829.159 INFO             PET0 ESMF_FieldRedistStoreNF(): Leaving routine.
20240522 084829.160 INFO             PET0  NUMBER_OF_PROCESSORS            4
20240522 084829.160 INFO             PET0  PASS  Example ESMF_FieldRedistEx, ESMF_FieldRedistEx.F90, line 521
20240522 084829.160 INFO             PET0  Finalizing ESMF
20240522 084829.147 INFO             PET1 !!!!!!!!!!!!!!!!!!!!!!!!!!!!!!!!!!!!!!!!!!!!!!!!!!!!!!
20240522 084829.147 INFO             PET1 !!! THE ESMF_LOG IS SET TO OUTPUT ALL LOG MESSAGES !!!
20240522 084829.147 INFO             PET1 !!!     THIS MAY CAUSE SLOWDOWN IN PERFORMANCE     !!!
20240522 084829.147 INFO             PET1 !!! FOR PRODUCTION RUNS, USE:                      !!!
20240522 084829.147 INFO             PET1 !!!                   ESMF_LOGKIND_Multi_On_Error  !!!
20240522 084829.147 INFO             PET1 !!!!!!!!!!!!!!!!!!!!!!!!!!!!!!!!!!!!!!!!!!!!!!!!!!!!!!
20240522 084829.147 INFO             PET1 Running with ESMF Version   : v8.7.0b06
20240522 084829.147 INFO             PET1 ESMF library build date/time: "May 22 2024" "07:39:10"
20240522 084829.147 INFO             PET1 ESMF library build location : /scratch2/NCEPDEV/stmp1/Gerhard.Theurich/ESMF-Nightly-Testing/nvhpc_24.1_openmpi_g_develop/esmf
20240522 084829.147 INFO             PET1 ESMF_COMM                   : openmpi
20240522 084829.148 INFO             PET1 ESMF_MOAB                   : enabled
20240522 084829.148 INFO             PET1 ESMF_LAPACK                 : enabled
20240522 084829.148 INFO             PET1 ESMF_NETCDF                 : disabled
20240522 084829.148 INFO             PET1 ESMF_PNETCDF                : disabled
20240522 084829.148 INFO             PET1 ESMF_PIO                    : disabled
20240522 084829.148 INFO             PET1 ESMF_YAMLCPP                : enabled
20240522 084829.151 INFO             PET1 ESMF_FieldRedistStoreNF(): Just entered routine.
20240522 084829.153 INFO             PET1 ESMF_FieldRedistStoreNF(): Leaving routine.
20240522 084829.158 INFO             PET1 ESMF_FieldRedistStoreNF(): Just entered routine.
20240522 084829.158 INFO             PET1 ESMF_FieldRedistStoreNF(): Leaving routine.
20240522 084829.159 INFO             PET1 ESMF_FieldRedistStoreNF(): Just entered routine.
20240522 084829.159 INFO             PET1 ESMF_FieldRedistStoreNF(): Leaving routine.
20240522 084829.160 INFO             PET1  NUMBER_OF_PROCESSORS            4
20240522 084829.160 INFO             PET1  PASS  Example ESMF_FieldRedistEx, ESMF_FieldRedistEx.F90, line 521
20240522 084829.160 INFO             PET1  Finalizing ESMF
20240522 084829.147 INFO             PET2 !!!!!!!!!!!!!!!!!!!!!!!!!!!!!!!!!!!!!!!!!!!!!!!!!!!!!!
20240522 084829.147 INFO             PET2 !!! THE ESMF_LOG IS SET TO OUTPUT ALL LOG MESSAGES !!!
20240522 084829.147 INFO             PET2 !!!     THIS MAY CAUSE SLOWDOWN IN PERFORMANCE     !!!
20240522 084829.147 INFO             PET2 !!! FOR PRODUCTION RUNS, USE:                      !!!
20240522 084829.147 INFO             PET2 !!!                   ESMF_LOGKIND_Multi_On_Error  !!!
20240522 084829.147 INFO             PET2 !!!!!!!!!!!!!!!!!!!!!!!!!!!!!!!!!!!!!!!!!!!!!!!!!!!!!!
20240522 084829.147 INFO             PET2 Running with ESMF Version   : v8.7.0b06
20240522 084829.147 INFO             PET2 ESMF library build date/time: "May 22 2024" "07:39:10"
20240522 084829.147 INFO             PET2 ESMF library build location : /scratch2/NCEPDEV/stmp1/Gerhard.Theurich/ESMF-Nightly-Testing/nvhpc_24.1_openmpi_g_develop/esmf
20240522 084829.147 INFO             PET2 ESMF_COMM                   : openmpi
20240522 084829.148 INFO             PET2 ESMF_MOAB                   : enabled
20240522 084829.148 INFO             PET2 ESMF_LAPACK                 : enabled
20240522 084829.148 INFO             PET2 ESMF_NETCDF                 : disabled
20240522 084829.148 INFO             PET2 ESMF_PNETCDF                : disabled
20240522 084829.148 INFO             PET2 ESMF_PIO                    : disabled
20240522 084829.148 INFO             PET2 ESMF_YAMLCPP                : enabled
20240522 084829.150 INFO             PET2 ESMF_FieldRedistStoreNF(): Just entered routine.
20240522 084829.153 INFO             PET2 ESMF_FieldRedistStoreNF(): Leaving routine.
20240522 084829.158 INFO             PET2 ESMF_FieldRedistStoreNF(): Just entered routine.
20240522 084829.158 INFO             PET2 ESMF_FieldRedistStoreNF(): Leaving routine.
20240522 084829.159 INFO             PET2 ESMF_FieldRedistStoreNF(): Just entered routine.
20240522 084829.159 INFO             PET2 ESMF_FieldRedistStoreNF(): Leaving routine.
20240522 084829.160 INFO             PET2  NUMBER_OF_PROCESSORS            4
20240522 084829.160 INFO             PET2  PASS  Example ESMF_FieldRedistEx, ESMF_FieldRedistEx.F90, line 521
20240522 084829.160 INFO             PET2  Finalizing ESMF
20240522 084829.147 INFO             PET3 !!!!!!!!!!!!!!!!!!!!!!!!!!!!!!!!!!!!!!!!!!!!!!!!!!!!!!
20240522 084829.147 INFO             PET3 !!! THE ESMF_LOG IS SET TO OUTPUT ALL LOG MESSAGES !!!
20240522 084829.147 INFO             PET3 !!!     THIS MAY CAUSE SLOWDOWN IN PERFORMANCE     !!!
20240522 084829.147 INFO             PET3 !!! FOR PRODUCTION RUNS, USE:                      !!!
20240522 084829.147 INFO             PET3 !!!                   ESMF_LOGKIND_Multi_On_Error  !!!
20240522 084829.147 INFO             PET3 !!!!!!!!!!!!!!!!!!!!!!!!!!!!!!!!!!!!!!!!!!!!!!!!!!!!!!
20240522 084829.147 INFO             PET3 Running with ESMF Version   : v8.7.0b06
20240522 084829.147 INFO             PET3 ESMF library build date/time: "May 22 2024" "07:39:10"
20240522 084829.147 INFO             PET3 ESMF library build location : /scratch2/NCEPDEV/stmp1/Gerhard.Theurich/ESMF-Nightly-Testing/nvhpc_24.1_openmpi_g_develop/esmf
20240522 084829.147 INFO             PET3 ESMF_COMM                   : openmpi
20240522 084829.148 INFO             PET3 ESMF_MOAB                   : enabled
20240522 084829.148 INFO             PET3 ESMF_LAPACK                 : enabled
20240522 084829.148 INFO             PET3 ESMF_NETCDF                 : disabled
20240522 084829.148 INFO             PET3 ESMF_PNETCDF                : disabled
20240522 084829.148 INFO             PET3 ESMF_PIO                    : disabled
20240522 084829.148 INFO             PET3 ESMF_YAMLCPP                : enabled
20240522 084829.150 INFO             PET3 ESMF_FieldRedistStoreNF(): Just entered routine.
20240522 084829.153 INFO             PET3 ESMF_FieldRedistStoreNF(): Leaving routine.
20240522 084829.158 INFO             PET3 ESMF_FieldRedistStoreNF(): Just entered routine.
20240522 084829.158 INFO             PET3 ESMF_FieldRedistStoreNF(): Leaving routine.
20240522 084829.159 INFO             PET3 ESMF_FieldRedistStoreNF(): Just entered routine.
20240522 084829.159 INFO             PET3 ESMF_FieldRedistStoreNF(): Leaving routine.
20240522 084829.160 INFO             PET3  NUMBER_OF_PROCESSORS            4
20240522 084829.160 INFO             PET3  PASS  Example ESMF_FieldRedistEx, ESMF_FieldRedistEx.F90, line 521
20240522 084829.160 INFO             PET3  Finalizing ESMF
