2024-05-31 07:38:24
20240531 083540.775 INFO             PET0 !!!!!!!!!!!!!!!!!!!!!!!!!!!!!!!!!!!!!!!!!!!!!!!!!!!!!!
20240531 083540.775 INFO             PET0 !!! THE ESMF_LOG IS SET TO OUTPUT ALL LOG MESSAGES !!!
20240531 083540.775 INFO             PET0 !!!     THIS MAY CAUSE SLOWDOWN IN PERFORMANCE     !!!
20240531 083540.775 INFO             PET0 !!! FOR PRODUCTION RUNS, USE:                      !!!
20240531 083540.775 INFO             PET0 !!!                   ESMF_LOGKIND_Multi_On_Error  !!!
20240531 083540.775 INFO             PET0 !!!!!!!!!!!!!!!!!!!!!!!!!!!!!!!!!!!!!!!!!!!!!!!!!!!!!!
20240531 083540.775 INFO             PET0 Running with ESMF Version   : v8.7.0b06-37-g31f880616f
20240531 083540.775 INFO             PET0 ESMF library build date/time: "May 31 2024" "07:34:50"
20240531 083540.775 INFO             PET0 ESMF library build location : /scratch2/NCEPDEV/stmp1/Gerhard.Theurich/ESMF-Nightly-Testing/nvhpc_24.1_openmpi_g_develop/esmf
20240531 083540.775 INFO             PET0 ESMF_COMM                   : openmpi
20240531 083540.776 INFO             PET0 ESMF_MOAB                   : enabled
20240531 083540.776 INFO             PET0 ESMF_LAPACK                 : enabled
20240531 083540.776 INFO             PET0 ESMF_NETCDF                 : disabled
20240531 083540.776 INFO             PET0 ESMF_PNETCDF                : disabled
20240531 083540.776 INFO             PET0 ESMF_PIO                    : disabled
20240531 083540.776 INFO             PET0 ESMF_YAMLCPP                : enabled
20240531 083540.778 INFO             PET0  NUMBER_OF_PROCESSORS            1
20240531 083540.778 INFO             PET0  PASS  Example ESMF_AlarmEx, ESMF_AlarmEx.F90, line 244
20240531 083540.778 INFO             PET0  Finalizing ESMF
