2024-07-05 01:42:59
20240705 021003.568 INFO             PET0 !!!!!!!!!!!!!!!!!!!!!!!!!!!!!!!!!!!!!!!!!!!!!!!!!!!!!!
20240705 021003.568 INFO             PET0 !!! THE ESMF_LOG IS SET TO OUTPUT ALL LOG MESSAGES !!!
20240705 021003.568 INFO             PET0 !!!     THIS MAY CAUSE SLOWDOWN IN PERFORMANCE     !!!
20240705 021003.568 INFO             PET0 !!! FOR PRODUCTION RUNS, USE:                      !!!
20240705 021003.568 INFO             PET0 !!!                   ESMF_LOGKIND_Multi_On_Error  !!!
20240705 021003.568 INFO             PET0 !!!!!!!!!!!!!!!!!!!!!!!!!!!!!!!!!!!!!!!!!!!!!!!!!!!!!!
20240705 021003.568 INFO             PET0 Running with ESMF Version   : v8.7.0b08-12-ga4da9b3757
20240705 021003.568 INFO             PET0 ESMF library build date/time: "Jul  5 2024" "01:40:39"
20240705 021003.568 INFO             PET0 ESMF library build location : /glade/derecho/scratch/sacks/esmf-testing/gfortran_12.2.0_pio2.6.2_mpi_O_develop/esmf
20240705 021003.568 INFO             PET0 ESMF_COMM                   : mpi
20240705 021003.568 INFO             PET0 ESMF_MOAB                   : enabled
20240705 021003.568 INFO             PET0 ESMF_LAPACK                 : enabled
20240705 021003.568 INFO             PET0 ESMF_NETCDF                 : enabled
20240705 021003.568 INFO             PET0 ESMF_PNETCDF                : disabled
20240705 021003.568 INFO             PET0 ESMF_PIO                    : enabled
20240705 021003.568 INFO             PET0 ESMF_YAMLCPP                : enabled
20240705 021003.569 INFO             PET0 ESMF Tracing Enabled
20240705 021003.569 INFO             PET0 ESMF Profiling Enabled
20240705 021003.569 INFO             PET0 ESMF Trace/Profile clock: REALTIME
20240705 021003.573 INFO             PET0  NUMBER_OF_PROCESSORS           4
20240705 021003.573 INFO             PET0  PASS  Example ESMF_TraceUserEx, ESMF_TraceUserEx.F90, line 125
20240705 021003.573 INFO             PET0  Finalizing ESMF
20240705 021003.573 INFO             PET0 **************** Region Timings *******************
20240705 021003.573 INFO             PET0 Region                Count  Total (s)   Self (s)    Mean (s)    Min (s)     Max (s)
20240705 021003.573 INFO             PET0   [ESMF]              1      0.0001      0.0001      0.0001      0.0001      0.0001
20240705 021003.573 INFO             PET0     outer_region      1      0.0001      0.0000      0.0001      0.0001      0.0001
20240705 021003.573 INFO             PET0       inner_region_1  10     0.0000      0.0000      0.0000      0.0000      0.0000
20240705 021003.573 INFO             PET0       inner_region_2  10     0.0000      0.0000      0.0000      0.0000      0.0000
20240705 021003.569 INFO             PET1 !!!!!!!!!!!!!!!!!!!!!!!!!!!!!!!!!!!!!!!!!!!!!!!!!!!!!!
20240705 021003.569 INFO             PET1 !!! THE ESMF_LOG IS SET TO OUTPUT ALL LOG MESSAGES !!!
20240705 021003.569 INFO             PET1 !!!     THIS MAY CAUSE SLOWDOWN IN PERFORMANCE     !!!
20240705 021003.569 INFO             PET1 !!! FOR PRODUCTION RUNS, USE:                      !!!
20240705 021003.569 INFO             PET1 !!!                   ESMF_LOGKIND_Multi_On_Error  !!!
20240705 021003.569 INFO             PET1 !!!!!!!!!!!!!!!!!!!!!!!!!!!!!!!!!!!!!!!!!!!!!!!!!!!!!!
20240705 021003.569 INFO             PET1 Running with ESMF Version   : v8.7.0b08-12-ga4da9b3757
20240705 021003.569 INFO             PET1 ESMF library build date/time: "Jul  5 2024" "01:40:39"
20240705 021003.569 INFO             PET1 ESMF library build location : /glade/derecho/scratch/sacks/esmf-testing/gfortran_12.2.0_pio2.6.2_mpi_O_develop/esmf
20240705 021003.569 INFO             PET1 ESMF_COMM                   : mpi
20240705 021003.569 INFO             PET1 ESMF_MOAB                   : enabled
20240705 021003.569 INFO             PET1 ESMF_LAPACK                 : enabled
20240705 021003.569 INFO             PET1 ESMF_NETCDF                 : enabled
20240705 021003.569 INFO             PET1 ESMF_PNETCDF                : disabled
20240705 021003.569 INFO             PET1 ESMF_PIO                    : enabled
20240705 021003.569 INFO             PET1 ESMF_YAMLCPP                : enabled
20240705 021003.569 INFO             PET1 ESMF Tracing Enabled
20240705 021003.569 INFO             PET1 ESMF Profiling Enabled
20240705 021003.569 INFO             PET1 ESMF Trace/Profile clock: REALTIME
20240705 021003.573 INFO             PET1  NUMBER_OF_PROCESSORS           4
20240705 021003.573 INFO             PET1  PASS  Example ESMF_TraceUserEx, ESMF_TraceUserEx.F90, line 125
20240705 021003.573 INFO             PET1  Finalizing ESMF
20240705 021003.573 INFO             PET1 **************** Region Timings *******************
20240705 021003.573 INFO             PET1 Region                Count  Total (s)   Self (s)    Mean (s)    Min (s)     Max (s)
20240705 021003.573 INFO             PET1   [ESMF]              1      0.0025      0.0024      0.0025      0.0025      0.0025
20240705 021003.573 INFO             PET1     outer_region      1      0.0001      0.0000      0.0001      0.0001      0.0001
20240705 021003.573 INFO             PET1       inner_region_1  10     0.0000      0.0000      0.0000      0.0000      0.0000
20240705 021003.573 INFO             PET1       inner_region_2  10     0.0000      0.0000      0.0000      0.0000      0.0000
20240705 021003.568 INFO             PET2 !!!!!!!!!!!!!!!!!!!!!!!!!!!!!!!!!!!!!!!!!!!!!!!!!!!!!!
20240705 021003.568 INFO             PET2 !!! THE ESMF_LOG IS SET TO OUTPUT ALL LOG MESSAGES !!!
20240705 021003.568 INFO             PET2 !!!     THIS MAY CAUSE SLOWDOWN IN PERFORMANCE     !!!
20240705 021003.568 INFO             PET2 !!! FOR PRODUCTION RUNS, USE:                      !!!
20240705 021003.568 INFO             PET2 !!!                   ESMF_LOGKIND_Multi_On_Error  !!!
20240705 021003.568 INFO             PET2 !!!!!!!!!!!!!!!!!!!!!!!!!!!!!!!!!!!!!!!!!!!!!!!!!!!!!!
20240705 021003.568 INFO             PET2 Running with ESMF Version   : v8.7.0b08-12-ga4da9b3757
20240705 021003.568 INFO             PET2 ESMF library build date/time: "Jul  5 2024" "01:40:39"
20240705 021003.568 INFO             PET2 ESMF library build location : /glade/derecho/scratch/sacks/esmf-testing/gfortran_12.2.0_pio2.6.2_mpi_O_develop/esmf
20240705 021003.568 INFO             PET2 ESMF_COMM                   : mpi
20240705 021003.569 INFO             PET2 ESMF_MOAB                   : enabled
20240705 021003.569 INFO             PET2 ESMF_LAPACK                 : enabled
20240705 021003.569 INFO             PET2 ESMF_NETCDF                 : enabled
20240705 021003.569 INFO             PET2 ESMF_PNETCDF                : disabled
20240705 021003.569 INFO             PET2 ESMF_PIO                    : enabled
20240705 021003.569 INFO             PET2 ESMF_YAMLCPP                : enabled
20240705 021003.569 INFO             PET2 ESMF Tracing Enabled
20240705 021003.569 INFO             PET2 ESMF Profiling Enabled
20240705 021003.569 INFO             PET2 ESMF Trace/Profile clock: REALTIME
20240705 021003.573 INFO             PET2  NUMBER_OF_PROCESSORS           4
20240705 021003.573 INFO             PET2  PASS  Example ESMF_TraceUserEx, ESMF_TraceUserEx.F90, line 125
20240705 021003.573 INFO             PET2  Finalizing ESMF
20240705 021003.573 INFO             PET2 **************** Region Timings *******************
20240705 021003.573 INFO             PET2 Region                Count  Total (s)   Self (s)    Mean (s)    Min (s)     Max (s)
20240705 021003.573 INFO             PET2   [ESMF]              1      0.0024      0.0024      0.0024      0.0024      0.0024
20240705 021003.573 INFO             PET2     outer_region      1      0.0001      0.0000      0.0001      0.0001      0.0001
20240705 021003.573 INFO             PET2       inner_region_1  10     0.0000      0.0000      0.0000      0.0000      0.0000
20240705 021003.573 INFO             PET2       inner_region_2  10     0.0000      0.0000      0.0000      0.0000      0.0000
20240705 021003.569 INFO             PET3 !!!!!!!!!!!!!!!!!!!!!!!!!!!!!!!!!!!!!!!!!!!!!!!!!!!!!!
20240705 021003.570 INFO             PET3 !!! THE ESMF_LOG IS SET TO OUTPUT ALL LOG MESSAGES !!!
20240705 021003.570 INFO             PET3 !!!     THIS MAY CAUSE SLOWDOWN IN PERFORMANCE     !!!
20240705 021003.570 INFO             PET3 !!! FOR PRODUCTION RUNS, USE:                      !!!
20240705 021003.570 INFO             PET3 !!!                   ESMF_LOGKIND_Multi_On_Error  !!!
20240705 021003.570 INFO             PET3 !!!!!!!!!!!!!!!!!!!!!!!!!!!!!!!!!!!!!!!!!!!!!!!!!!!!!!
20240705 021003.570 INFO             PET3 Running with ESMF Version   : v8.7.0b08-12-ga4da9b3757
20240705 021003.570 INFO             PET3 ESMF library build date/time: "Jul  5 2024" "01:40:39"
20240705 021003.570 INFO             PET3 ESMF library build location : /glade/derecho/scratch/sacks/esmf-testing/gfortran_12.2.0_pio2.6.2_mpi_O_develop/esmf
20240705 021003.570 INFO             PET3 ESMF_COMM                   : mpi
20240705 021003.570 INFO             PET3 ESMF_MOAB                   : enabled
20240705 021003.570 INFO             PET3 ESMF_LAPACK                 : enabled
20240705 021003.570 INFO             PET3 ESMF_NETCDF                 : enabled
20240705 021003.570 INFO             PET3 ESMF_PNETCDF                : disabled
20240705 021003.570 INFO             PET3 ESMF_PIO                    : enabled
20240705 021003.570 INFO             PET3 ESMF_YAMLCPP                : enabled
20240705 021003.570 INFO             PET3 ESMF Tracing Enabled
20240705 021003.570 INFO             PET3 ESMF Profiling Enabled
20240705 021003.570 INFO             PET3 ESMF Trace/Profile clock: REALTIME
20240705 021003.573 INFO             PET3  NUMBER_OF_PROCESSORS           4
20240705 021003.573 INFO             PET3  PASS  Example ESMF_TraceUserEx, ESMF_TraceUserEx.F90, line 125
20240705 021003.573 INFO             PET3  Finalizing ESMF
20240705 021003.573 INFO             PET3 **************** Region Timings *******************
20240705 021003.573 INFO             PET3 Region                Count  Total (s)   Self (s)    Mean (s)    Min (s)     Max (s)
20240705 021003.573 INFO             PET3   [ESMF]              1      0.0023      0.0023      0.0023      0.0023      0.0023
20240705 021003.573 INFO             PET3     outer_region      1      0.0001      0.0000      0.0001      0.0001      0.0001
20240705 021003.573 INFO             PET3       inner_region_1  10     0.0000      0.0000      0.0000      0.0000      0.0000
20240705 021003.573 INFO             PET3       inner_region_2  10     0.0000      0.0000      0.0000      0.0000      0.0000
