2024-05-23 01:43:16
20240523 021330.933 INFO             PET0 !!!!!!!!!!!!!!!!!!!!!!!!!!!!!!!!!!!!!!!!!!!!!!!!!!!!!!
20240523 021330.933 INFO             PET0 !!! THE ESMF_LOG IS SET TO OUTPUT ALL LOG MESSAGES !!!
20240523 021330.933 INFO             PET0 !!!     THIS MAY CAUSE SLOWDOWN IN PERFORMANCE     !!!
20240523 021330.933 INFO             PET0 !!! FOR PRODUCTION RUNS, USE:                      !!!
20240523 021330.933 INFO             PET0 !!!                   ESMF_LOGKIND_Multi_On_Error  !!!
20240523 021330.933 INFO             PET0 !!!!!!!!!!!!!!!!!!!!!!!!!!!!!!!!!!!!!!!!!!!!!!!!!!!!!!
20240523 021330.933 INFO             PET0 Running with ESMF Version   : v8.7.0b06
20240523 021330.933 INFO             PET0 ESMF library build date/time: "May 23 2024" "01:40:56"
20240523 021330.933 INFO             PET0 ESMF library build location : /glade/derecho/scratch/sacks/esmf-testing/gfortran_12.2.0_pio2.6.2_mpi_O_develop/esmf
20240523 021330.933 INFO             PET0 ESMF_COMM                   : mpi
20240523 021330.933 INFO             PET0 ESMF_MOAB                   : enabled
20240523 021330.933 INFO             PET0 ESMF_LAPACK                 : enabled
20240523 021330.933 INFO             PET0 ESMF_NETCDF                 : enabled
20240523 021330.933 INFO             PET0 ESMF_PNETCDF                : disabled
20240523 021330.933 INFO             PET0 ESMF_PIO                    : enabled
20240523 021330.933 INFO             PET0 ESMF_YAMLCPP                : enabled
20240523 021330.961 DEBUG            PET0 about to destroy Grid: 0x71b120
20240523 021330.964 DEBUG            PET0 about to destroy Grid: 0x71ce90
20240523 021330.972 INFO             PET0  NUMBER_OF_PROCESSORS           4
20240523 021330.972 INFO             PET0  PASS  Example ESMF_NUOPCAtmModelEx, ESMF_NUOPCAtmModelEx.F90, line 806
20240523 021330.972 INFO             PET0  Finalizing ESMF
20240523 021330.933 INFO             PET1 !!!!!!!!!!!!!!!!!!!!!!!!!!!!!!!!!!!!!!!!!!!!!!!!!!!!!!
20240523 021330.933 INFO             PET1 !!! THE ESMF_LOG IS SET TO OUTPUT ALL LOG MESSAGES !!!
20240523 021330.933 INFO             PET1 !!!     THIS MAY CAUSE SLOWDOWN IN PERFORMANCE     !!!
20240523 021330.933 INFO             PET1 !!! FOR PRODUCTION RUNS, USE:                      !!!
20240523 021330.933 INFO             PET1 !!!                   ESMF_LOGKIND_Multi_On_Error  !!!
20240523 021330.933 INFO             PET1 !!!!!!!!!!!!!!!!!!!!!!!!!!!!!!!!!!!!!!!!!!!!!!!!!!!!!!
20240523 021330.933 INFO             PET1 Running with ESMF Version   : v8.7.0b06
20240523 021330.933 INFO             PET1 ESMF library build date/time: "May 23 2024" "01:40:56"
20240523 021330.933 INFO             PET1 ESMF library build location : /glade/derecho/scratch/sacks/esmf-testing/gfortran_12.2.0_pio2.6.2_mpi_O_develop/esmf
20240523 021330.933 INFO             PET1 ESMF_COMM                   : mpi
20240523 021330.934 INFO             PET1 ESMF_MOAB                   : enabled
20240523 021330.934 INFO             PET1 ESMF_LAPACK                 : enabled
20240523 021330.934 INFO             PET1 ESMF_NETCDF                 : enabled
20240523 021330.934 INFO             PET1 ESMF_PNETCDF                : disabled
20240523 021330.934 INFO             PET1 ESMF_PIO                    : enabled
20240523 021330.934 INFO             PET1 ESMF_YAMLCPP                : enabled
20240523 021330.961 DEBUG            PET1 about to destroy Grid: 0x718550
20240523 021330.964 DEBUG            PET1 about to destroy Grid: 0x719b60
20240523 021330.972 INFO             PET1  NUMBER_OF_PROCESSORS           4
20240523 021330.972 INFO             PET1  PASS  Example ESMF_NUOPCAtmModelEx, ESMF_NUOPCAtmModelEx.F90, line 806
20240523 021330.972 INFO             PET1  Finalizing ESMF
20240523 021330.933 INFO             PET2 !!!!!!!!!!!!!!!!!!!!!!!!!!!!!!!!!!!!!!!!!!!!!!!!!!!!!!
20240523 021330.933 INFO             PET2 !!! THE ESMF_LOG IS SET TO OUTPUT ALL LOG MESSAGES !!!
20240523 021330.933 INFO             PET2 !!!     THIS MAY CAUSE SLOWDOWN IN PERFORMANCE     !!!
20240523 021330.933 INFO             PET2 !!! FOR PRODUCTION RUNS, USE:                      !!!
20240523 021330.933 INFO             PET2 !!!                   ESMF_LOGKIND_Multi_On_Error  !!!
20240523 021330.933 INFO             PET2 !!!!!!!!!!!!!!!!!!!!!!!!!!!!!!!!!!!!!!!!!!!!!!!!!!!!!!
20240523 021330.933 INFO             PET2 Running with ESMF Version   : v8.7.0b06
20240523 021330.933 INFO             PET2 ESMF library build date/time: "May 23 2024" "01:40:56"
20240523 021330.933 INFO             PET2 ESMF library build location : /glade/derecho/scratch/sacks/esmf-testing/gfortran_12.2.0_pio2.6.2_mpi_O_develop/esmf
20240523 021330.933 INFO             PET2 ESMF_COMM                   : mpi
20240523 021330.934 INFO             PET2 ESMF_MOAB                   : enabled
20240523 021330.934 INFO             PET2 ESMF_LAPACK                 : enabled
20240523 021330.934 INFO             PET2 ESMF_NETCDF                 : enabled
20240523 021330.934 INFO             PET2 ESMF_PNETCDF                : disabled
20240523 021330.934 INFO             PET2 ESMF_PIO                    : enabled
20240523 021330.934 INFO             PET2 ESMF_YAMLCPP                : enabled
20240523 021330.961 DEBUG            PET2 about to destroy Grid: 0x7181e0
20240523 021330.964 DEBUG            PET2 about to destroy Grid: 0x719a80
20240523 021330.972 INFO             PET2  NUMBER_OF_PROCESSORS           4
20240523 021330.972 INFO             PET2  PASS  Example ESMF_NUOPCAtmModelEx, ESMF_NUOPCAtmModelEx.F90, line 806
20240523 021330.972 INFO             PET2  Finalizing ESMF
20240523 021330.933 INFO             PET3 !!!!!!!!!!!!!!!!!!!!!!!!!!!!!!!!!!!!!!!!!!!!!!!!!!!!!!
20240523 021330.933 INFO             PET3 !!! THE ESMF_LOG IS SET TO OUTPUT ALL LOG MESSAGES !!!
20240523 021330.933 INFO             PET3 !!!     THIS MAY CAUSE SLOWDOWN IN PERFORMANCE     !!!
20240523 021330.933 INFO             PET3 !!! FOR PRODUCTION RUNS, USE:                      !!!
20240523 021330.933 INFO             PET3 !!!                   ESMF_LOGKIND_Multi_On_Error  !!!
20240523 021330.933 INFO             PET3 !!!!!!!!!!!!!!!!!!!!!!!!!!!!!!!!!!!!!!!!!!!!!!!!!!!!!!
20240523 021330.933 INFO             PET3 Running with ESMF Version   : v8.7.0b06
20240523 021330.933 INFO             PET3 ESMF library build date/time: "May 23 2024" "01:40:56"
20240523 021330.933 INFO             PET3 ESMF library build location : /glade/derecho/scratch/sacks/esmf-testing/gfortran_12.2.0_pio2.6.2_mpi_O_develop/esmf
20240523 021330.933 INFO             PET3 ESMF_COMM                   : mpi
20240523 021330.935 INFO             PET3 ESMF_MOAB                   : enabled
20240523 021330.935 INFO             PET3 ESMF_LAPACK                 : enabled
20240523 021330.935 INFO             PET3 ESMF_NETCDF                 : enabled
20240523 021330.935 INFO             PET3 ESMF_PNETCDF                : disabled
20240523 021330.935 INFO             PET3 ESMF_PIO                    : enabled
20240523 021330.935 INFO             PET3 ESMF_YAMLCPP                : enabled
20240523 021330.961 DEBUG            PET3 about to destroy Grid: 0x717e50
20240523 021330.964 DEBUG            PET3 about to destroy Grid: 0x719320
20240523 021330.971 INFO             PET3  NUMBER_OF_PROCESSORS           4
20240523 021330.971 INFO             PET3  PASS  Example ESMF_NUOPCAtmModelEx, ESMF_NUOPCAtmModelEx.F90, line 806
20240523 021330.971 INFO             PET3  Finalizing ESMF
