2024-05-16 10:56:01
20240516 112833.542 INFO             PET0 !!!!!!!!!!!!!!!!!!!!!!!!!!!!!!!!!!!!!!!!!!!!!!!!!!!!!!
20240516 112833.542 INFO             PET0 !!! THE ESMF_LOG IS SET TO OUTPUT ALL LOG MESSAGES !!!
20240516 112833.542 INFO             PET0 !!!     THIS MAY CAUSE SLOWDOWN IN PERFORMANCE     !!!
20240516 112833.542 INFO             PET0 !!! FOR PRODUCTION RUNS, USE:                      !!!
20240516 112833.542 INFO             PET0 !!!                   ESMF_LOGKIND_Multi_On_Error  !!!
20240516 112833.542 INFO             PET0 !!!!!!!!!!!!!!!!!!!!!!!!!!!!!!!!!!!!!!!!!!!!!!!!!!!!!!
20240516 112833.542 INFO             PET0 Running with ESMF Version   : v8.7.0b05-82-gd3465958ff
20240516 112833.542 INFO             PET0 ESMF library build date/time: "May 16 2024" "10:53:17"
20240516 112833.542 INFO             PET0 ESMF library build location : /glade/derecho/scratch/sacks/esmf-testing/gfortran_12.2.0_pio2.6.2_mpi_O_develop/esmf
20240516 112833.542 INFO             PET0 ESMF_COMM                   : mpi
20240516 112833.542 INFO             PET0 ESMF_MOAB                   : enabled
20240516 112833.542 INFO             PET0 ESMF_LAPACK                 : enabled
20240516 112833.542 INFO             PET0 ESMF_NETCDF                 : enabled
20240516 112833.542 INFO             PET0 ESMF_PNETCDF                : disabled
20240516 112833.542 INFO             PET0 ESMF_PIO                    : enabled
20240516 112833.542 INFO             PET0 ESMF_YAMLCPP                : enabled
20240516 112833.543 INFO             PET0  NUMBER_OF_PROCESSORS           1
20240516 112833.543 INFO             PET0  PASS  Example CalendarEx, ESMF_CalendarEx.F90, line 217
20240516 112833.543 INFO             PET0  Finalizing ESMF
