2024-05-17 22:53:50
20240517 232526.498 INFO             PET0 !!!!!!!!!!!!!!!!!!!!!!!!!!!!!!!!!!!!!!!!!!!!!!!!!!!!!!
20240517 232526.498 INFO             PET0 !!! THE ESMF_LOG IS SET TO OUTPUT ALL LOG MESSAGES !!!
20240517 232526.498 INFO             PET0 !!!     THIS MAY CAUSE SLOWDOWN IN PERFORMANCE     !!!
20240517 232526.498 INFO             PET0 !!! FOR PRODUCTION RUNS, USE:                      !!!
20240517 232526.498 INFO             PET0 !!!                   ESMF_LOGKIND_Multi_On_Error  !!!
20240517 232526.498 INFO             PET0 !!!!!!!!!!!!!!!!!!!!!!!!!!!!!!!!!!!!!!!!!!!!!!!!!!!!!!
20240517 232526.498 INFO             PET0 Running with ESMF Version   : v8.7.0b05-86-g6f1fcac0dc
20240517 232526.498 INFO             PET0 ESMF library build date/time: "May 17 2024" "22:51:43"
20240517 232526.498 INFO             PET0 ESMF library build location : /home/gerhard/ESMF-Nightly-Testing/aocc_4.1.0_mpiuni_O_develop/esmf
20240517 232526.498 INFO             PET0 ESMF_COMM                   : mpiuni
20240517 232526.498 INFO             PET0 ESMF_MOAB                   : enabled
20240517 232526.498 INFO             PET0 ESMF_LAPACK                 : enabled
20240517 232526.498 INFO             PET0 ESMF_NETCDF                 : disabled
20240517 232526.498 INFO             PET0 ESMF_PNETCDF                : disabled
20240517 232526.498 INFO             PET0 ESMF_PIO                    : disabled
20240517 232526.498 INFO             PET0 ESMF_YAMLCPP                : enabled
20240517 232526.498 INFO             PET0  NUMBER_OF_PROCESSORS            1
20240517 232526.498 INFO             PET0  PASS  Example ESMF_VMAllFullReduceEx, ESMF_VMAllFullReduceEx.F90, line 113
20240517 232526.498 INFO             PET0  Finalizing ESMF
