2024-05-30 22:58:58
20240530 233027.921 INFO             PET0 !!!!!!!!!!!!!!!!!!!!!!!!!!!!!!!!!!!!!!!!!!!!!!!!!!!!!!
20240530 233027.921 INFO             PET0 !!! THE ESMF_LOG IS SET TO OUTPUT ALL LOG MESSAGES !!!
20240530 233027.921 INFO             PET0 !!!     THIS MAY CAUSE SLOWDOWN IN PERFORMANCE     !!!
20240530 233027.921 INFO             PET0 !!! FOR PRODUCTION RUNS, USE:                      !!!
20240530 233027.921 INFO             PET0 !!!                   ESMF_LOGKIND_Multi_On_Error  !!!
20240530 233027.921 INFO             PET0 !!!!!!!!!!!!!!!!!!!!!!!!!!!!!!!!!!!!!!!!!!!!!!!!!!!!!!
20240530 233027.921 INFO             PET0 Running with ESMF Version   : v8.7.0b06-37-g31f880616f
20240530 233027.921 INFO             PET0 ESMF library build date/time: "May 30 2024" "22:56:51"
20240530 233027.921 INFO             PET0 ESMF library build location : /home/gerhard/ESMF-Nightly-Testing/aocc_4.1.0_mpiuni_O_develop/esmf
20240530 233027.921 INFO             PET0 ESMF_COMM                   : mpiuni
20240530 233027.921 INFO             PET0 ESMF_MOAB                   : enabled
20240530 233027.921 INFO             PET0 ESMF_LAPACK                 : enabled
20240530 233027.921 INFO             PET0 ESMF_NETCDF                 : disabled
20240530 233027.921 INFO             PET0 ESMF_PNETCDF                : disabled
20240530 233027.921 INFO             PET0 ESMF_PIO                    : disabled
20240530 233027.921 INFO             PET0 ESMF_YAMLCPP                : enabled
20240530 233027.956 INFO             PET0  NUMBER_OF_PROCESSORS            1
20240530 233027.956 INFO             PET0  PASS  Example ESMF_ConfigOverviewEx, ESMF_ConfigOverviewEx.F90, line 638
20240530 233027.956 INFO             PET0  Finalizing ESMF
