2024-05-14 01:44:45
20240514 020909.642 INFO             PET0 !!!!!!!!!!!!!!!!!!!!!!!!!!!!!!!!!!!!!!!!!!!!!!!!!!!!!!
20240514 020909.642 INFO             PET0 !!! THE ESMF_LOG IS SET TO OUTPUT ALL LOG MESSAGES !!!
20240514 020909.642 INFO             PET0 !!!     THIS MAY CAUSE SLOWDOWN IN PERFORMANCE     !!!
20240514 020909.642 INFO             PET0 !!! FOR PRODUCTION RUNS, USE:                      !!!
20240514 020909.642 INFO             PET0 !!!                   ESMF_LOGKIND_Multi_On_Error  !!!
20240514 020909.642 INFO             PET0 !!!!!!!!!!!!!!!!!!!!!!!!!!!!!!!!!!!!!!!!!!!!!!!!!!!!!!
20240514 020909.642 INFO             PET0 Running with ESMF Version   : v8.7.0b05-79-ga8d1e7bca1
20240514 020909.642 INFO             PET0 ESMF library build date/time: "May 14 2024" "01:42:49"
20240514 020909.642 INFO             PET0 ESMF library build location : /glade/derecho/scratch/theurich/ESMF-Nightly-Testing/intel_2023.2.1_mpiuni_O_develop/esmf
20240514 020909.643 INFO             PET0 ESMF_COMM                   : mpiuni
20240514 020909.643 INFO             PET0 ESMF_MOAB                   : enabled
20240514 020909.643 INFO             PET0 ESMF_LAPACK                 : enabled
20240514 020909.643 INFO             PET0 ESMF_NETCDF                 : enabled
20240514 020909.643 INFO             PET0 ESMF_PNETCDF                : disabled
20240514 020909.643 INFO             PET0 ESMF_PIO                    : disabled
20240514 020909.643 INFO             PET0 ESMF_YAMLCPP                : enabled
20240514 020909.643 INFO             PET0  NUMBER_OF_PROCESSORS           1
20240514 020909.644 INFO             PET0  PASS  Example ESMF_VMGetMPICommunicatorEx, ESMF_VMGetMPICommunicatorEx.F90, line 94
20240514 020909.644 INFO             PET0  Finalizing ESMF
