2024-05-16 01:53:22
20240516 022320.266 INFO             PET0 !!!!!!!!!!!!!!!!!!!!!!!!!!!!!!!!!!!!!!!!!!!!!!!!!!!!!!
20240516 022320.266 INFO             PET0 !!! THE ESMF_LOG IS SET TO OUTPUT ALL LOG MESSAGES !!!
20240516 022320.266 INFO             PET0 !!!     THIS MAY CAUSE SLOWDOWN IN PERFORMANCE     !!!
20240516 022320.266 INFO             PET0 !!! FOR PRODUCTION RUNS, USE:                      !!!
20240516 022320.266 INFO             PET0 !!!                   ESMF_LOGKIND_Multi_On_Error  !!!
20240516 022320.266 INFO             PET0 !!!!!!!!!!!!!!!!!!!!!!!!!!!!!!!!!!!!!!!!!!!!!!!!!!!!!!
20240516 022320.266 INFO             PET0 Running with ESMF Version   : v8.7.0b05-82-gd3465958ff
20240516 022320.266 INFO             PET0 ESMF library build date/time: "May 16 2024" "01:51:12"
20240516 022320.266 INFO             PET0 ESMF library build location : /glade/derecho/scratch/theurich/ESMF-Nightly-Testing/intel_2023.2.1_mpiuni_O_develop/esmf
20240516 022320.266 INFO             PET0 ESMF_COMM                   : mpiuni
20240516 022320.267 INFO             PET0 ESMF_MOAB                   : enabled
20240516 022320.267 INFO             PET0 ESMF_LAPACK                 : enabled
20240516 022320.267 INFO             PET0 ESMF_NETCDF                 : enabled
20240516 022320.267 INFO             PET0 ESMF_PNETCDF                : disabled
20240516 022320.267 INFO             PET0 ESMF_PIO                    : disabled
20240516 022320.267 INFO             PET0 ESMF_YAMLCPP                : enabled
20240516 022320.296 INFO             PET0  NUMBER_OF_PROCESSORS           1
20240516 022320.297 INFO             PET0  PASS  Example ESMF_RHandleDynamicMaskingEx, ESMF_RHandleDynamicMaskingEx.F90, line 1116
20240516 022320.297 INFO             PET0  Finalizing ESMF
