2024-06-07 01:46:30
20240607 021635.597 INFO             PET0 !!!!!!!!!!!!!!!!!!!!!!!!!!!!!!!!!!!!!!!!!!!!!!!!!!!!!!
20240607 021635.597 INFO             PET0 !!! THE ESMF_LOG IS SET TO OUTPUT ALL LOG MESSAGES !!!
20240607 021635.597 INFO             PET0 !!!     THIS MAY CAUSE SLOWDOWN IN PERFORMANCE     !!!
20240607 021635.597 INFO             PET0 !!! FOR PRODUCTION RUNS, USE:                      !!!
20240607 021635.597 INFO             PET0 !!!                   ESMF_LOGKIND_Multi_On_Error  !!!
20240607 021635.597 INFO             PET0 !!!!!!!!!!!!!!!!!!!!!!!!!!!!!!!!!!!!!!!!!!!!!!!!!!!!!!
20240607 021635.597 INFO             PET0 Running with ESMF Version   : v8.7.0b06-42-g13be2f7f6d
20240607 021635.597 INFO             PET0 ESMF library build date/time: "Jun  7 2024" "01:44:14"
20240607 021635.597 INFO             PET0 ESMF library build location : /glade/derecho/scratch/sacks/esmf-testing/intel_2023.2.1_mpiuni_O_develop/esmf
20240607 021635.597 INFO             PET0 ESMF_COMM                   : mpiuni
20240607 021635.598 INFO             PET0 ESMF_MOAB                   : enabled
20240607 021635.598 INFO             PET0 ESMF_LAPACK                 : enabled
20240607 021635.598 INFO             PET0 ESMF_NETCDF                 : enabled
20240607 021635.598 INFO             PET0 ESMF_PNETCDF                : disabled
20240607 021635.598 INFO             PET0 ESMF_PIO                    : disabled
20240607 021635.598 INFO             PET0 ESMF_YAMLCPP                : enabled
20240607 021635.598 INFO             PET0 ESMF Tracing Enabled
20240607 021635.598 INFO             PET0 ESMF Profiling Enabled
20240607 021635.598 INFO             PET0 ESMF Trace/Profile clock: REALTIME
20240607 021635.600 INFO             PET0  NUMBER_OF_PROCESSORS           1
20240607 021635.600 INFO             PET0  PASS  Example ESMF_TraceUserEx, ESMF_TraceUserEx.F90, line 125
20240607 021635.600 INFO             PET0  Finalizing ESMF
20240607 021635.600 INFO             PET0 **************** Region Timings *******************
20240607 021635.600 INFO             PET0 Region                Count  Total (s)   Self (s)    Mean (s)    Min (s)     Max (s)
20240607 021635.600 INFO             PET0   [ESMF]              1      0.0006      0.0006      0.0006      0.0006      0.0006
20240607 021635.600 INFO             PET0     outer_region      1      0.0000      0.0000      0.0000      0.0000      0.0000
20240607 021635.600 INFO             PET0       inner_region_1  10     0.0000      0.0000      0.0000      0.0000      0.0000
20240607 021635.600 INFO             PET0       inner_region_2  10     0.0000      0.0000      0.0000      0.0000      0.0000
