2024-05-12 01:45:41
20240512 021321.639 INFO             PET0 !!!!!!!!!!!!!!!!!!!!!!!!!!!!!!!!!!!!!!!!!!!!!!!!!!!!!!
20240512 021321.639 INFO             PET0 !!! THE ESMF_LOG IS SET TO OUTPUT ALL LOG MESSAGES !!!
20240512 021321.639 INFO             PET0 !!!     THIS MAY CAUSE SLOWDOWN IN PERFORMANCE     !!!
20240512 021321.639 INFO             PET0 !!! FOR PRODUCTION RUNS, USE:                      !!!
20240512 021321.639 INFO             PET0 !!!                   ESMF_LOGKIND_Multi_On_Error  !!!
20240512 021321.639 INFO             PET0 !!!!!!!!!!!!!!!!!!!!!!!!!!!!!!!!!!!!!!!!!!!!!!!!!!!!!!
20240512 021321.639 INFO             PET0 Running with ESMF Version   : v8.7.0b05-64-gacdb5de3ff
20240512 021321.639 INFO             PET0 ESMF library build date/time: "May 12 2024" "01:43:39"
20240512 021321.639 INFO             PET0 ESMF library build location : /glade/derecho/scratch/theurich/ESMF-Nightly-Testing/intel_2023.2.1_mpiuni_O_develop/esmf
20240512 021321.639 INFO             PET0 ESMF_COMM                   : mpiuni
20240512 021321.640 INFO             PET0 ESMF_MOAB                   : enabled
20240512 021321.640 INFO             PET0 ESMF_LAPACK                 : enabled
20240512 021321.640 INFO             PET0 ESMF_NETCDF                 : enabled
20240512 021321.640 INFO             PET0 ESMF_PNETCDF                : disabled
20240512 021321.640 INFO             PET0 ESMF_PIO                    : disabled
20240512 021321.640 INFO             PET0 ESMF_YAMLCPP                : enabled
20240512 021321.642 INFO             PET0 ESMF_FieldRedistStoreNF(): Just entered routine.
20240512 021321.714 INFO             PET0 ESMF_FieldRedistStoreNF(): Leaving routine.
20240512 021321.721 INFO             PET0  NUMBER_OF_PROCESSORS           1
20240512 021321.722 INFO             PET0  PASS  Example ESMF_RHandleFromFileEx, ESMF_RHandleFromFileEx.F90, line 192
20240512 021321.722 INFO             PET0  Finalizing ESMF
