2024-05-12 01:45:41
20240512 021302.267 INFO             PET0 !!!!!!!!!!!!!!!!!!!!!!!!!!!!!!!!!!!!!!!!!!!!!!!!!!!!!!
20240512 021302.267 INFO             PET0 !!! THE ESMF_LOG IS SET TO OUTPUT ALL LOG MESSAGES !!!
20240512 021302.267 INFO             PET0 !!!     THIS MAY CAUSE SLOWDOWN IN PERFORMANCE     !!!
20240512 021302.267 INFO             PET0 !!! FOR PRODUCTION RUNS, USE:                      !!!
20240512 021302.267 INFO             PET0 !!!                   ESMF_LOGKIND_Multi_On_Error  !!!
20240512 021302.267 INFO             PET0 !!!!!!!!!!!!!!!!!!!!!!!!!!!!!!!!!!!!!!!!!!!!!!!!!!!!!!
20240512 021302.267 INFO             PET0 Running with ESMF Version   : v8.7.0b05-64-gacdb5de3ff
20240512 021302.267 INFO             PET0 ESMF library build date/time: "May 12 2024" "01:43:39"
20240512 021302.267 INFO             PET0 ESMF library build location : /glade/derecho/scratch/theurich/ESMF-Nightly-Testing/intel_2023.2.1_mpiuni_O_develop/esmf
20240512 021302.267 INFO             PET0 ESMF_COMM                   : mpiuni
20240512 021302.268 INFO             PET0 ESMF_MOAB                   : enabled
20240512 021302.268 INFO             PET0 ESMF_LAPACK                 : enabled
20240512 021302.268 INFO             PET0 ESMF_NETCDF                 : enabled
20240512 021302.268 INFO             PET0 ESMF_PNETCDF                : disabled
20240512 021302.268 INFO             PET0 ESMF_PIO                    : disabled
20240512 021302.268 INFO             PET0 ESMF_YAMLCPP                : enabled
20240512 021302.268 INFO             PET0 ESMF Tracing Enabled
20240512 021302.268 INFO             PET0 ESMF Profiling Enabled
20240512 021302.268 INFO             PET0 ESMF Trace/Profile clock: REALTIME
20240512 021302.270 INFO             PET0  NUMBER_OF_PROCESSORS           1
20240512 021302.270 INFO             PET0  PASS  Example ESMF_TraceEx, ESMF_TraceEx.F90, line 178
20240512 021302.270 INFO             PET0  Finalizing ESMF
20240512 021302.270 INFO             PET0 **************** Region Timings *******************
20240512 021302.270 INFO             PET0 Region              Count  Total (s)   Self (s)    Mean (s)    Min (s)     Max (s)
20240512 021302.270 INFO             PET0   [ESMF]            1      0.0011      0.0011      0.0011      0.0011      0.0011
20240512 021302.270 INFO             PET0     [test] Run 1    5      0.0000      0.0000      0.0000      0.0000      0.0000
20240512 021302.270 INFO             PET0     [test] Init 1   1      0.0000      0.0000      0.0000      0.0000      0.0000
20240512 021302.270 INFO             PET0     [test] Final 1  1      0.0000      0.0000      0.0000      0.0000      0.0000
