2024-05-20 03:51:53

mainApp:137071 terminated with signal 11 at PC=43cfe3 SP=7ffd1ad1f2b0.  Backtrace:

mainApp:137072 terminated with signal 11 at PC=43cff0 SP=7ffeb6347050.  Backtrace:

mainApp:137070 terminated with signal 11 at PC=43cfd1 SP=7fffadc74c00.  Backtrace:
/tmp/intel_2023.1.0-oneAPI_mpi_O_develop/nuopc-app-prototypes/CustomFieldDictionaryProto/./mainApp[0x43cfe3]
/tmp/intel_2023.1.0-oneAPI_mpi_O_develop/nuopc-app-prototypes/CustomFieldDictionaryProto/./mainApp[0x43df90]
/tmp/intel_2023.1.0-oneAPI_mpi_O_develop/nuopc-app-prototypes/CustomFieldDictionaryProto/./mainApp[0x43d135]
/tmp/intel_2023.1.0-oneAPI_mpi_O_develop/nuopc-app-prototypes/CustomFieldDictionaryProto/./mainApp[0x43cfd1]
/tmp/intel_2023.1.0-oneAPI_mpi_O_develop/nuopc-app-prototypes/CustomFieldDictionaryProto/./mainApp[0x43df90]
/tmp/intel_2023.1.0-oneAPI_mpi_O_develop/nuopc-app-prototypes/CustomFieldDictionaryProto/./mainApp[0x43d135]
/tmp/intel_2023.1.0-oneAPI_mpi_O_develop/nuopc-app-prototypes/CustomFieldDictionaryProto/./mainApp[0x43cff0]
/tmp/intel_2023.1.0-oneAPI_mpi_O_develop/nuopc-app-prototypes/CustomFieldDictionaryProto/./mainApp[0x43df90]
/tmp/intel_2023.1.0-oneAPI_mpi_O_develop/nuopc-app-prototypes/CustomFieldDictionaryProto/./mainApp[0x43d135]
/tmp/intel_2023.1.0-oneAPI_mpi_O_develop/esmf/DEFAULTINSTALLDIR/lib/libO/Unicos.intel.64.mpi.default/libesmf.so(f_esmf_compcollectgarbage2_+0x2f1)[0x7f22142d2681]
/tmp/intel_2023.1.0-oneAPI_mpi_O_develop/esmf/DEFAULTINSTALLDIR/lib/libO/Unicos.intel.64.mpi.default/libesmf.so(f_esmf_compcollectgarbage2_+0x2f1)[0x7fbb8db4a681]
/tmp/intel_2023.1.0-oneAPI_mpi_O_develop/esmf/DEFAULTINSTALLDIR/lib/libO/Unicos.intel.64.mpi.default/libesmf.so(f_esmf_compcollectgarbage2_+0x2f1)[0x7fd4e90cb681]
/tmp/intel_2023.1.0-oneAPI_mpi_O_develop/esmf/DEFAULTINSTALLDIR/lib/libO/Unicos.intel.64.mpi.default/libesmf.so(_ZN5ESMCI2VM8finalizeEP12ESMC_LogicalPi+0x34f)[0x7fbb8d9a36ef]
/tmp/intel_2023.1.0-oneAPI_mpi_O_develop/esmf/DEFAULTINSTALLDIR/lib/libO/Unicos.intel.64.mpi.default/libesmf.so(_ZN5ESMCI2VM8finalizeEP12ESMC_LogicalPi+0x34f)[0x7fd4e8f246ef]
/tmp/intel_2023.1.0-oneAPI_mpi_O_develop/esmf/DEFAULTINSTALLDIR/lib/libO/Unicos.intel.64.mpi.default/libesmf.so(_ZN5ESMCI2VM8finalizeEP12ESMC_LogicalPi+0x34f)[0x7f221412b6ef]
/tmp/intel_2023.1.0-oneAPI_mpi_O_develop/esmf/DEFAULTINSTALLDIR/lib/libO/Unicos.intel.64.mpi.default/libesmf.so(c_esmc_vmfinalize_+0x25)[0x7fd4e8f02695]
/tmp/intel_2023.1.0-oneAPI_mpi_O_develop/esmf/DEFAULTINSTALLDIR/lib/libO/Unicos.intel.64.mpi.default/libesmf.so(c_esmc_vmfinalize_+0x25)[0x7fbb8d981695]
/tmp/intel_2023.1.0-oneAPI_mpi_O_develop/esmf/DEFAULTINSTALLDIR/lib/libO/Unicos.intel.64.mpi.default/libesmf.so(c_esmc_vmfinalize_+0x25)[0x7f2214109695]
/tmp/intel_2023.1.0-oneAPI_mpi_O_develop/esmf/DEFAULTINSTALLDIR/lib/libO/Unicos.intel.64.mpi.default/libesmf.so(esmf_vmmod_mp_esmf_vmfinalize_+0x1c)[0x7fd4e96218cc]
/tmp/intel_2023.1.0-oneAPI_mpi_O_develop/esmf/DEFAULTINSTALLDIR/lib/libO/Unicos.intel.64.mpi.default/libesmf.so(esmf_vmmod_mp_esmf_vmfinalize_+0x1c)[0x7fbb8e0a08cc]
/tmp/intel_2023.1.0-oneAPI_mpi_O_develop/esmf/DEFAULTINSTALLDIR/lib/libO/Unicos.intel.64.mpi.default/libesmf.so(esmf_vmmod_mp_esmf_vmfinalize_+0x1c)[0x7f22148288cc]
/tmp/intel_2023.1.0-oneAPI_mpi_O_develop/esmf/DEFAULTINSTALLDIR/lib/libO/Unicos.intel.64.mpi.default/libesmf.so(esmf_initmod_mp_esmf_finalize_+0x66b)[0x7fd4e9429cfb]
/tmp/intel_2023.1.0-oneAPI_mpi_O_develop/nuopc-app-prototypes/CustomFieldDictionaryProto/./mainApp[0x4168d7]
/tmp/intel_2023.1.0-oneAPI_mpi_O_develop/nuopc-app-prototypes/CustomFieldDictionaryProto/./mainApp[0x41607d]
/tmp/intel_2023.1.0-oneAPI_mpi_O_develop/esmf/DEFAULTINSTALLDIR/lib/libO/Unicos.intel.64.mpi.default/libesmf.so(esmf_initmod_mp_esmf_finalize_+0x66b)[0x7f2214630cfb]
/lib64/libc.so.6(__libc_start_main+0xef)[0x7fd4e423e24d]
/tmp/intel_2023.1.0-oneAPI_mpi_O_develop/nuopc-app-prototypes/CustomFieldDictionaryProto/./mainApp[0x415faa]
/tmp/intel_2023.1.0-oneAPI_mpi_O_develop/esmf/DEFAULTINSTALLDIR/lib/libO/Unicos.intel.64.mpi.default/libesmf.so(esmf_initmod_mp_esmf_finalize_+0x66b)[0x7fbb8dea8cfb]
/tmp/intel_2023.1.0-oneAPI_mpi_O_develop/nuopc-app-prototypes/CustomFieldDictionaryProto/./mainApp[0x4168d7]
/tmp/intel_2023.1.0-oneAPI_mpi_O_develop/nuopc-app-prototypes/CustomFieldDictionaryProto/./mainApp[0x41607d]
/tmp/intel_2023.1.0-oneAPI_mpi_O_develop/nuopc-app-prototypes/CustomFieldDictionaryProto/./mainApp[0x4168d7]
/tmp/intel_2023.1.0-oneAPI_mpi_O_develop/nuopc-app-prototypes/CustomFieldDictionaryProto/./mainApp[0x41607d]
/lib64/libc.so.6(__libc_start_main+0xef)[0x7f220f43e24d]
/tmp/intel_2023.1.0-oneAPI_mpi_O_develop/nuopc-app-prototypes/CustomFieldDictionaryProto/./mainApp[0x415faa]
/lib64/libc.so.6(__libc_start_main+0xef)[0x7fbb88e3e24d]
/tmp/intel_2023.1.0-oneAPI_mpi_O_develop/nuopc-app-prototypes/CustomFieldDictionaryProto/./mainApp[0x415faa]
srun: error: c5n0734: tasks 1-3: Exited with exit code 1
srun: Terminating StepId=134964844.375
slurmstepd: error: *** STEP 134964844.375 ON c5n0734 CANCELLED AT 2024-05-20T04:15:47 ***
forrtl: error (78): process killed (SIGTERM)
Image              PC                Routine            Line        Source             
libpthread-2.31.s  00007F062507D910  Unknown               Unknown  Unknown
libc-2.31.so       00007F0621305AF7  __sched_yield         Unknown  Unknown
libmpi_intel.so.1  00007F0622F01ADE  Unknown               Unknown  Unknown
libmpi_intel.so.1  00007F0623C9DA16  Unknown               Unknown  Unknown
libmpi_intel.so.1  00007F0623CB0169  Unknown               Unknown  Unknown
libmpi_intel.so.1  00007F0623BB858C  Unknown               Unknown  Unknown
libmpi_intel.so.1  00007F06221A3D11  Unknown               Unknown  Unknown
libmpi_intel.so.1  00007F06221A3EF5  Unknown               Unknown  Unknown
libmpi_intel.so.1  00007F0623E9D5F0  Unknown               Unknown  Unknown
libmpi_intel.so.1  00007F0623CDD0FC  Unknown               Unknown  Unknown
libmpi_intel.so.1  00007F0623CDB00C  Unknown               Unknown  Unknown
libmpi_intel.so.1  00007F0622467C01  Unknown               Unknown  Unknown
libmpi_intel.so.1  00007F0623CDF380  Unknown               Unknown  Unknown
libmpi_intel.so.1  00007F0623E9E3D3  Unknown               Unknown  Unknown
libmpi_intel.so.1  00007F0622291200  Unknown               Unknown  Unknown
libmpi_intel.so.1  00007F062229173F  PMPI_Barrier          Unknown  Unknown
libdarshan.so.0.0  00007F0624E095A7  darshan_core_shut     Unknown  Unknown
libdarshan.so.0.0  00007F0624E0823E  MPI_Finalize          Unknown  Unknown
libesmf.so         00007F0625E279EF  _ZN5ESMCI3VMK8fin     Unknown  Unknown
libesmf.so         00007F0625E447E2  _ZN5ESMCI2VM8fina     Unknown  Unknown
libesmf.so         00007F0625E22695  c_esmc_vmfinalize     Unknown  Unknown
libesmf.so         00007F06265418CC  esmf_vmmod_mp_esm     Unknown  Unknown
libesmf.so         00007F0626349CFB  esmf_initmod_mp_e     Unknown  Unknown
mainApp            00000000004168D7  Unknown               Unknown  Unknown
mainApp            000000000041607D  Unknown               Unknown  Unknown
libc-2.31.so       00007F062123E24D  __libc_start_main     Unknown  Unknown
mainApp            0000000000415FAA  Unknown               Unknown  Unknown
srun: error: c5n0734: task 0: Killed
srun: Force Terminated StepId=134964844.375
