2024-05-11 04:03:54

mainApp:132463 terminated with signal 11 at PC=43edf7 SP=7ffe2cc7e7d0.  Backtrace:

mainApp:132464 terminated with signal 11 at PC=43ede0 SP=7ffdef803ec0.  Backtrace:
/tmp/intel_2023.1.0-oneAPI_mpi_O_develop/nuopc-app-prototypes/DriverInDriverDataDepProto/./mainApp[0x43edf7]
/tmp/intel_2023.1.0-oneAPI_mpi_O_develop/nuopc-app-prototypes/DriverInDriverDataDepProto/./mainApp[0x43fde0]
/tmp/intel_2023.1.0-oneAPI_mpi_O_develop/nuopc-app-prototypes/DriverInDriverDataDepProto/./mainApp[0x43ef85]
/tmp/intel_2023.1.0-oneAPI_mpi_O_develop/nuopc-app-prototypes/DriverInDriverDataDepProto/./mainApp[0x43ede0]
/tmp/intel_2023.1.0-oneAPI_mpi_O_develop/nuopc-app-prototypes/DriverInDriverDataDepProto/./mainApp[0x43fde0]
/tmp/intel_2023.1.0-oneAPI_mpi_O_develop/nuopc-app-prototypes/DriverInDriverDataDepProto/./mainApp[0x43ef85]
/tmp/intel_2023.1.0-oneAPI_mpi_O_develop/esmf/DEFAULTINSTALLDIR/lib/libO/Unicos.intel.64.mpi.default/libesmf.so(f_esmf_compcollectgarbage2_+0x2f1)[0x7f53069954b1]
/tmp/intel_2023.1.0-oneAPI_mpi_O_develop/esmf/DEFAULTINSTALLDIR/lib/libO/Unicos.intel.64.mpi.default/libesmf.so(f_esmf_compcollectgarbage2_+0x2f1)[0x7f81dc2114b1]
/tmp/intel_2023.1.0-oneAPI_mpi_O_develop/esmf/DEFAULTINSTALLDIR/lib/libO/Unicos.intel.64.mpi.default/libesmf.so(_ZN5ESMCI2VM8finalizeEP12ESMC_LogicalPi+0x34f)[0x7f53067ee51f]
/tmp/intel_2023.1.0-oneAPI_mpi_O_develop/esmf/DEFAULTINSTALLDIR/lib/libO/Unicos.intel.64.mpi.default/libesmf.so(_ZN5ESMCI2VM8finalizeEP12ESMC_LogicalPi+0x34f)[0x7f81dc06a51f]
/tmp/intel_2023.1.0-oneAPI_mpi_O_develop/esmf/DEFAULTINSTALLDIR/lib/libO/Unicos.intel.64.mpi.default/libesmf.so(c_esmc_vmfinalize_+0x25)[0x7f53067cc4c5]
/tmp/intel_2023.1.0-oneAPI_mpi_O_develop/esmf/DEFAULTINSTALLDIR/lib/libO/Unicos.intel.64.mpi.default/libesmf.so(c_esmc_vmfinalize_+0x25)[0x7f81dc0484c5]
/tmp/intel_2023.1.0-oneAPI_mpi_O_develop/esmf/DEFAULTINSTALLDIR/lib/libO/Unicos.intel.64.mpi.default/libesmf.so(esmf_vmmod_mp_esmf_vmfinalize_+0x1c)[0x7f5306eeb6fc]
/tmp/intel_2023.1.0-oneAPI_mpi_O_develop/esmf/DEFAULTINSTALLDIR/lib/libO/Unicos.intel.64.mpi.default/libesmf.so(esmf_vmmod_mp_esmf_vmfinalize_+0x1c)[0x7f81dc7676fc]
/tmp/intel_2023.1.0-oneAPI_mpi_O_develop/esmf/DEFAULTINSTALLDIR/lib/libO/Unicos.intel.64.mpi.default/libesmf.so(esmf_initmod_mp_esmf_finalize_+0x66b)[0x7f5306cf3b2b]
/tmp/intel_2023.1.0-oneAPI_mpi_O_develop/nuopc-app-prototypes/DriverInDriverDataDepProto/./mainApp[0x416a95]
/tmp/intel_2023.1.0-oneAPI_mpi_O_develop/nuopc-app-prototypes/DriverInDriverDataDepProto/./mainApp[0x41647d]
/lib64/libc.so.6(__libc_start_main+0xef)[0x7f5301c3e24d]
/tmp/intel_2023.1.0-oneAPI_mpi_O_develop/nuopc-app-prototypes/DriverInDriverDataDepProto/./mainApp[0x4163aa]
/tmp/intel_2023.1.0-oneAPI_mpi_O_develop/esmf/DEFAULTINSTALLDIR/lib/libO/Unicos.intel.64.mpi.default/libesmf.so(esmf_initmod_mp_esmf_finalize_+0x66b)[0x7f81dc56fb2b]
/tmp/intel_2023.1.0-oneAPI_mpi_O_develop/nuopc-app-prototypes/DriverInDriverDataDepProto/./mainApp[0x416a95]
/tmp/intel_2023.1.0-oneAPI_mpi_O_develop/nuopc-app-prototypes/DriverInDriverDataDepProto/./mainApp[0x41647d]
/lib64/libc.so.6(__libc_start_main+0xef)[0x7f81d743e24d]
/tmp/intel_2023.1.0-oneAPI_mpi_O_develop/nuopc-app-prototypes/DriverInDriverDataDepProto/./mainApp[0x4163aa]

mainApp:132462 terminated with signal 11 at PC=43ee21 SP=7ffcf5c583c0.  Backtrace:
/tmp/intel_2023.1.0-oneAPI_mpi_O_develop/nuopc-app-prototypes/DriverInDriverDataDepProto/./mainApp[0x43ee21]
/tmp/intel_2023.1.0-oneAPI_mpi_O_develop/nuopc-app-prototypes/DriverInDriverDataDepProto/./mainApp[0x43fde0]
/tmp/intel_2023.1.0-oneAPI_mpi_O_develop/nuopc-app-prototypes/DriverInDriverDataDepProto/./mainApp[0x43ef85]
/tmp/intel_2023.1.0-oneAPI_mpi_O_develop/esmf/DEFAULTINSTALLDIR/lib/libO/Unicos.intel.64.mpi.default/libesmf.so(f_esmf_compcollectgarbage2_+0x2f1)[0x7fcbdeeb94b1]
/tmp/intel_2023.1.0-oneAPI_mpi_O_develop/esmf/DEFAULTINSTALLDIR/lib/libO/Unicos.intel.64.mpi.default/libesmf.so(_ZN5ESMCI2VM8finalizeEP12ESMC_LogicalPi+0x34f)[0x7fcbded1251f]
/tmp/intel_2023.1.0-oneAPI_mpi_O_develop/esmf/DEFAULTINSTALLDIR/lib/libO/Unicos.intel.64.mpi.default/libesmf.so(c_esmc_vmfinalize_+0x25)[0x7fcbdecf04c5]
/tmp/intel_2023.1.0-oneAPI_mpi_O_develop/esmf/DEFAULTINSTALLDIR/lib/libO/Unicos.intel.64.mpi.default/libesmf.so(esmf_vmmod_mp_esmf_vmfinalize_+0x1c)[0x7fcbdf40f6fc]
/tmp/intel_2023.1.0-oneAPI_mpi_O_develop/esmf/DEFAULTINSTALLDIR/lib/libO/Unicos.intel.64.mpi.default/libesmf.so(esmf_initmod_mp_esmf_finalize_+0x66b)[0x7fcbdf217b2b]
/tmp/intel_2023.1.0-oneAPI_mpi_O_develop/nuopc-app-prototypes/DriverInDriverDataDepProto/./mainApp[0x416a95]
/tmp/intel_2023.1.0-oneAPI_mpi_O_develop/nuopc-app-prototypes/DriverInDriverDataDepProto/./mainApp[0x41647d]
/lib64/libc.so.6(__libc_start_main+0xef)[0x7fcbda03e24d]
/tmp/intel_2023.1.0-oneAPI_mpi_O_develop/nuopc-app-prototypes/DriverInDriverDataDepProto/./mainApp[0x4163aa]
srun: error: c5n1181: tasks 1-3: Exited with exit code 1
srun: Terminating StepId=134949934.376
slurmstepd: error: *** STEP 134949934.376 ON c5n1181 CANCELLED AT 2024-05-11T04:30:12 ***
forrtl: error (78): process killed (SIGTERM)
Image              PC                Routine            Line        Source             
libpthread-2.31.s  00007F5FFBEB3910  Unknown               Unknown  Unknown
libc-2.31.so       00007F5FF8105AF7  __sched_yield         Unknown  Unknown
libmpi_intel.so.1  00007F5FF9D01ADE  Unknown               Unknown  Unknown
libmpi_intel.so.1  00007F5FFAA9DA16  Unknown               Unknown  Unknown
libmpi_intel.so.1  00007F5FFAAB0169  Unknown               Unknown  Unknown
libmpi_intel.so.1  00007F5FFA9B858C  Unknown               Unknown  Unknown
libmpi_intel.so.1  00007F5FF8FA3D11  Unknown               Unknown  Unknown
libmpi_intel.so.1  00007F5FF8FA3EF5  Unknown               Unknown  Unknown
libmpi_intel.so.1  00007F5FFAC9D5F0  Unknown               Unknown  Unknown
libmpi_intel.so.1  00007F5FFAADD0FC  Unknown               Unknown  Unknown
libmpi_intel.so.1  00007F5FFAADB00C  Unknown               Unknown  Unknown
libmpi_intel.so.1  00007F5FF9267C01  Unknown               Unknown  Unknown
libmpi_intel.so.1  00007F5FFAADF380  Unknown               Unknown  Unknown
libmpi_intel.so.1  00007F5FFAC9E3D3  Unknown               Unknown  Unknown
libmpi_intel.so.1  00007F5FF9091200  Unknown               Unknown  Unknown
libmpi_intel.so.1  00007F5FF909173F  PMPI_Barrier          Unknown  Unknown
libdarshan.so.0.0  00007F5FFBC095A7  darshan_core_shut     Unknown  Unknown
libdarshan.so.0.0  00007F5FFBC0823E  MPI_Finalize          Unknown  Unknown
libesmf.so         00007F5FFCC5C81F  _ZN5ESMCI3VMK8fin     Unknown  Unknown
libesmf.so         00007F5FFCC79612  _ZN5ESMCI2VM8fina     Unknown  Unknown
libesmf.so         00007F5FFCC574C5  c_esmc_vmfinalize     Unknown  Unknown
libesmf.so         00007F5FFD3766FC  esmf_vmmod_mp_esm     Unknown  Unknown
libesmf.so         00007F5FFD17EB2B  esmf_initmod_mp_e     Unknown  Unknown
mainApp            0000000000416A95  Unknown               Unknown  Unknown
mainApp            000000000041647D  Unknown               Unknown  Unknown
libc-2.31.so       00007F5FF803E24D  __libc_start_main     Unknown  Unknown
mainApp            00000000004163AA  Unknown               Unknown  Unknown
srun: error: c5n1181: task 0: Killed
srun: Force Terminated StepId=134949934.376
