2024-06-09 03:53:25

mainApp:148410 terminated with signal 11 at PC=43e013 SP=7ffe0330c8e0.  Backtrace:

mainApp:148409 terminated with signal 11 at PC=43e021 SP=7fff3f4a9b40.  Backtrace:
/tmp/intel_2023.1.0-oneAPI_mpi_O_develop/nuopc-app-prototypes/DriverInDriverProto/./mainApp[0x43e021]
/tmp/intel_2023.1.0-oneAPI_mpi_O_develop/nuopc-app-prototypes/DriverInDriverProto/./mainApp[0x43efe0]
/tmp/intel_2023.1.0-oneAPI_mpi_O_develop/nuopc-app-prototypes/DriverInDriverProto/./mainApp[0x43e185]
/tmp/intel_2023.1.0-oneAPI_mpi_O_develop/nuopc-app-prototypes/DriverInDriverProto/./mainApp[0x43e013]
/tmp/intel_2023.1.0-oneAPI_mpi_O_develop/nuopc-app-prototypes/DriverInDriverProto/./mainApp[0x43efe0]
/tmp/intel_2023.1.0-oneAPI_mpi_O_develop/nuopc-app-prototypes/DriverInDriverProto/./mainApp[0x43e185]
/tmp/intel_2023.1.0-oneAPI_mpi_O_develop/esmf/DEFAULTINSTALLDIR/lib/libO/Unicos.intel.64.mpi.default/libesmf.so(f_esmf_compcollectgarbage2_+0x2f1)[0x7f361e0c8721]
/tmp/intel_2023.1.0-oneAPI_mpi_O_develop/esmf/DEFAULTINSTALLDIR/lib/libO/Unicos.intel.64.mpi.default/libesmf.so(f_esmf_compcollectgarbage2_+0x2f1)[0x7f2342f4c721]
/tmp/intel_2023.1.0-oneAPI_mpi_O_develop/esmf/DEFAULTINSTALLDIR/lib/libO/Unicos.intel.64.mpi.default/libesmf.so(_ZN5ESMCI2VM8finalizeEP12ESMC_LogicalPi+0x34f)[0x7f2342da57bf]
/tmp/intel_2023.1.0-oneAPI_mpi_O_develop/esmf/DEFAULTINSTALLDIR/lib/libO/Unicos.intel.64.mpi.default/libesmf.so(_ZN5ESMCI2VM8finalizeEP12ESMC_LogicalPi+0x34f)[0x7f361df217bf]
/tmp/intel_2023.1.0-oneAPI_mpi_O_develop/esmf/DEFAULTINSTALLDIR/lib/libO/Unicos.intel.64.mpi.default/libesmf.so(c_esmc_vmfinalize_+0x25)[0x7f2342d83765]
/tmp/intel_2023.1.0-oneAPI_mpi_O_develop/esmf/DEFAULTINSTALLDIR/lib/libO/Unicos.intel.64.mpi.default/libesmf.so(c_esmc_vmfinalize_+0x25)[0x7f361deff765]
/tmp/intel_2023.1.0-oneAPI_mpi_O_develop/esmf/DEFAULTINSTALLDIR/lib/libO/Unicos.intel.64.mpi.default/libesmf.so(esmf_vmmod_mp_esmf_vmfinalize_+0x1c)[0x7f23434a11cc]
/tmp/intel_2023.1.0-oneAPI_mpi_O_develop/esmf/DEFAULTINSTALLDIR/lib/libO/Unicos.intel.64.mpi.default/libesmf.so(esmf_vmmod_mp_esmf_vmfinalize_+0x1c)[0x7f361e61d1cc]
/tmp/intel_2023.1.0-oneAPI_mpi_O_develop/esmf/DEFAULTINSTALLDIR/lib/libO/Unicos.intel.64.mpi.default/libesmf.so(esmf_initmod_mp_esmf_finalize_+0x66b)[0x7f23432a95fb]
/tmp/intel_2023.1.0-oneAPI_mpi_O_develop/nuopc-app-prototypes/DriverInDriverProto/./mainApp[0x416795]
/tmp/intel_2023.1.0-oneAPI_mpi_O_develop/esmf/DEFAULTINSTALLDIR/lib/libO/Unicos.intel.64.mpi.default/libesmf.so(esmf_initmod_mp_esmf_finalize_+0x66b)[0x7f361e4255fb]
/tmp/intel_2023.1.0-oneAPI_mpi_O_develop/nuopc-app-prototypes/DriverInDriverProto/./mainApp[0x416795]
/tmp/intel_2023.1.0-oneAPI_mpi_O_develop/nuopc-app-prototypes/DriverInDriverProto/./mainApp[0x41617d]
/tmp/intel_2023.1.0-oneAPI_mpi_O_develop/nuopc-app-prototypes/DriverInDriverProto/./mainApp[0x41617d]
/lib64/libc.so.6(__libc_start_main+0xef)[0x7f233e23e24d]
/tmp/intel_2023.1.0-oneAPI_mpi_O_develop/nuopc-app-prototypes/DriverInDriverProto/./mainApp[0x4160aa]
/lib64/libc.so.6(__libc_start_main+0xef)[0x7f361923e24d]
/tmp/intel_2023.1.0-oneAPI_mpi_O_develop/nuopc-app-prototypes/DriverInDriverProto/./mainApp[0x4160aa]

mainApp:148408 terminated with signal 11 at PC=43e009 SP=7ffc8e40bdb0.  Backtrace:
/tmp/intel_2023.1.0-oneAPI_mpi_O_develop/nuopc-app-prototypes/DriverInDriverProto/./mainApp[0x43e009]
/tmp/intel_2023.1.0-oneAPI_mpi_O_develop/nuopc-app-prototypes/DriverInDriverProto/./mainApp[0x43efe0]
/tmp/intel_2023.1.0-oneAPI_mpi_O_develop/nuopc-app-prototypes/DriverInDriverProto/./mainApp[0x43e185]
/tmp/intel_2023.1.0-oneAPI_mpi_O_develop/esmf/DEFAULTINSTALLDIR/lib/libO/Unicos.intel.64.mpi.default/libesmf.so(f_esmf_compcollectgarbage2_+0x2f1)[0x7fd35c59f721]
/tmp/intel_2023.1.0-oneAPI_mpi_O_develop/esmf/DEFAULTINSTALLDIR/lib/libO/Unicos.intel.64.mpi.default/libesmf.so(_ZN5ESMCI2VM8finalizeEP12ESMC_LogicalPi+0x34f)[0x7fd35c3f87bf]
/tmp/intel_2023.1.0-oneAPI_mpi_O_develop/esmf/DEFAULTINSTALLDIR/lib/libO/Unicos.intel.64.mpi.default/libesmf.so(c_esmc_vmfinalize_+0x25)[0x7fd35c3d6765]
/tmp/intel_2023.1.0-oneAPI_mpi_O_develop/esmf/DEFAULTINSTALLDIR/lib/libO/Unicos.intel.64.mpi.default/libesmf.so(esmf_vmmod_mp_esmf_vmfinalize_+0x1c)[0x7fd35caf41cc]
/tmp/intel_2023.1.0-oneAPI_mpi_O_develop/esmf/DEFAULTINSTALLDIR/lib/libO/Unicos.intel.64.mpi.default/libesmf.so(esmf_initmod_mp_esmf_finalize_+0x66b)[0x7fd35c8fc5fb]
/tmp/intel_2023.1.0-oneAPI_mpi_O_develop/nuopc-app-prototypes/DriverInDriverProto/./mainApp[0x416795]
/tmp/intel_2023.1.0-oneAPI_mpi_O_develop/nuopc-app-prototypes/DriverInDriverProto/./mainApp[0x41617d]
/lib64/libc.so.6(__libc_start_main+0xef)[0x7fd35783e24d]
/tmp/intel_2023.1.0-oneAPI_mpi_O_develop/nuopc-app-prototypes/DriverInDriverProto/./mainApp[0x4160aa]
srun: error: c5n1764: tasks 1-3: Exited with exit code 1
srun: Terminating StepId=135000709.379
slurmstepd: error: *** STEP 135000709.379 ON c5n1764 CANCELLED AT 2024-06-09T04:19:14 ***
forrtl: error (78): process killed (SIGTERM)
Image              PC                Routine            Line        Source             
libpthread-2.31.s  00007F6A8203C910  Unknown               Unknown  Unknown
libc-2.31.so       00007F6A7E705B57  __sched_yield         Unknown  Unknown
libmpi_intel.so.1  00007F6A80301ADE  Unknown               Unknown  Unknown
libmpi_intel.so.1  00007F6A8109DA16  Unknown               Unknown  Unknown
libmpi_intel.so.1  00007F6A810B0169  Unknown               Unknown  Unknown
libmpi_intel.so.1  00007F6A80FB858C  Unknown               Unknown  Unknown
libmpi_intel.so.1  00007F6A7F5A3D11  Unknown               Unknown  Unknown
libmpi_intel.so.1  00007F6A7F5A3EF5  Unknown               Unknown  Unknown
libmpi_intel.so.1  00007F6A8129D5F0  Unknown               Unknown  Unknown
libmpi_intel.so.1  00007F6A810DD0FC  Unknown               Unknown  Unknown
libmpi_intel.so.1  00007F6A810DB00C  Unknown               Unknown  Unknown
libmpi_intel.so.1  00007F6A7F867C01  Unknown               Unknown  Unknown
libmpi_intel.so.1  00007F6A810DF380  Unknown               Unknown  Unknown
libmpi_intel.so.1  00007F6A8129E3D3  Unknown               Unknown  Unknown
libmpi_intel.so.1  00007F6A7F691200  Unknown               Unknown  Unknown
libmpi_intel.so.1  00007F6A7F69173F  PMPI_Barrier          Unknown  Unknown
libdarshan.so.0.0  00007F6A822095A7  darshan_core_shut     Unknown  Unknown
libdarshan.so.0.0  00007F6A8220823E  MPI_Finalize          Unknown  Unknown
libesmf.so         00007F6A83347ABF  _ZN5ESMCI3VMK8fin     Unknown  Unknown
libesmf.so         00007F6A833648B2  _ZN5ESMCI2VM8fina     Unknown  Unknown
libesmf.so         00007F6A83342765  c_esmc_vmfinalize     Unknown  Unknown
libesmf.so         00007F6A83A601CC  esmf_vmmod_mp_esm     Unknown  Unknown
libesmf.so         00007F6A838685FB  esmf_initmod_mp_e     Unknown  Unknown
mainApp            0000000000416795  Unknown               Unknown  Unknown
mainApp            000000000041617D  Unknown               Unknown  Unknown
libc-2.31.so       00007F6A7E63E24D  __libc_start_main     Unknown  Unknown
mainApp            00000000004160AA  Unknown               Unknown  Unknown
srun: error: c5n1764: task 0: Killed
srun: Force Terminated StepId=135000709.379
