2024-05-20 03:51:53

mainApp:138220 terminated with signal 11 at PC=43e6b2 SP=7fff1bb421e0.  Backtrace:

mainApp:138221 terminated with signal 11 at PC=43e710 SP=7fff2d5faad0.  Backtrace:

mainApp:138222 terminated with signal 11 at PC=43e6e3 SP=7fffff136190.  Backtrace:
/tmp/intel_2023.1.0-oneAPI_mpi_O_develop/nuopc-app-prototypes/NamespaceProto/./mainApp[0x43e6b2]
/tmp/intel_2023.1.0-oneAPI_mpi_O_develop/nuopc-app-prototypes/NamespaceProto/./mainApp[0x43e6e3]
/tmp/intel_2023.1.0-oneAPI_mpi_O_develop/nuopc-app-prototypes/NamespaceProto/./mainApp[0x43f6b0]
/tmp/intel_2023.1.0-oneAPI_mpi_O_develop/nuopc-app-prototypes/NamespaceProto/./mainApp[0x43f6b0]
/tmp/intel_2023.1.0-oneAPI_mpi_O_develop/nuopc-app-prototypes/NamespaceProto/./mainApp[0x43e855]
/tmp/intel_2023.1.0-oneAPI_mpi_O_develop/nuopc-app-prototypes/NamespaceProto/./mainApp[0x43e710]
/tmp/intel_2023.1.0-oneAPI_mpi_O_develop/nuopc-app-prototypes/NamespaceProto/./mainApp[0x43f6b0]
/tmp/intel_2023.1.0-oneAPI_mpi_O_develop/nuopc-app-prototypes/NamespaceProto/./mainApp[0x43e855]
/tmp/intel_2023.1.0-oneAPI_mpi_O_develop/nuopc-app-prototypes/NamespaceProto/./mainApp[0x43e855]
/tmp/intel_2023.1.0-oneAPI_mpi_O_develop/esmf/DEFAULTINSTALLDIR/lib/libO/Unicos.intel.64.mpi.default/libesmf.so(f_esmf_compcollectgarbage2_+0x2f1)[0x7f7926631681]
/tmp/intel_2023.1.0-oneAPI_mpi_O_develop/esmf/DEFAULTINSTALLDIR/lib/libO/Unicos.intel.64.mpi.default/libesmf.so(f_esmf_compcollectgarbage2_+0x2f1)[0x7fd1dac72681]
/tmp/intel_2023.1.0-oneAPI_mpi_O_develop/esmf/DEFAULTINSTALLDIR/lib/libO/Unicos.intel.64.mpi.default/libesmf.so(f_esmf_compcollectgarbage2_+0x2f1)[0x7f913fa4d681]
/tmp/intel_2023.1.0-oneAPI_mpi_O_develop/esmf/DEFAULTINSTALLDIR/lib/libO/Unicos.intel.64.mpi.default/libesmf.so(_ZN5ESMCI2VM8finalizeEP12ESMC_LogicalPi+0x34f)[0x7f792648a6ef]
/tmp/intel_2023.1.0-oneAPI_mpi_O_develop/esmf/DEFAULTINSTALLDIR/lib/libO/Unicos.intel.64.mpi.default/libesmf.so(_ZN5ESMCI2VM8finalizeEP12ESMC_LogicalPi+0x34f)[0x7fd1daacb6ef]
/tmp/intel_2023.1.0-oneAPI_mpi_O_develop/esmf/DEFAULTINSTALLDIR/lib/libO/Unicos.intel.64.mpi.default/libesmf.so(_ZN5ESMCI2VM8finalizeEP12ESMC_LogicalPi+0x34f)[0x7f913f8a66ef]
/tmp/intel_2023.1.0-oneAPI_mpi_O_develop/esmf/DEFAULTINSTALLDIR/lib/libO/Unicos.intel.64.mpi.default/libesmf.so(c_esmc_vmfinalize_+0x25)[0x7f7926468695]
/tmp/intel_2023.1.0-oneAPI_mpi_O_develop/esmf/DEFAULTINSTALLDIR/lib/libO/Unicos.intel.64.mpi.default/libesmf.so(c_esmc_vmfinalize_+0x25)[0x7fd1daaa9695]
/tmp/intel_2023.1.0-oneAPI_mpi_O_develop/esmf/DEFAULTINSTALLDIR/lib/libO/Unicos.intel.64.mpi.default/libesmf.so(c_esmc_vmfinalize_+0x25)[0x7f913f884695]
/tmp/intel_2023.1.0-oneAPI_mpi_O_develop/esmf/DEFAULTINSTALLDIR/lib/libO/Unicos.intel.64.mpi.default/libesmf.so(esmf_vmmod_mp_esmf_vmfinalize_+0x1c)[0x7f7926b878cc]
/tmp/intel_2023.1.0-oneAPI_mpi_O_develop/esmf/DEFAULTINSTALLDIR/lib/libO/Unicos.intel.64.mpi.default/libesmf.so(esmf_vmmod_mp_esmf_vmfinalize_+0x1c)[0x7fd1db1c88cc]
/tmp/intel_2023.1.0-oneAPI_mpi_O_develop/esmf/DEFAULTINSTALLDIR/lib/libO/Unicos.intel.64.mpi.default/libesmf.so(esmf_vmmod_mp_esmf_vmfinalize_+0x1c)[0x7f913ffa38cc]
/tmp/intel_2023.1.0-oneAPI_mpi_O_develop/esmf/DEFAULTINSTALLDIR/lib/libO/Unicos.intel.64.mpi.default/libesmf.so(esmf_initmod_mp_esmf_finalize_+0x66b)[0x7f792698fcfb]
/tmp/intel_2023.1.0-oneAPI_mpi_O_develop/nuopc-app-prototypes/NamespaceProto/./mainApp[0x416795]
/tmp/intel_2023.1.0-oneAPI_mpi_O_develop/nuopc-app-prototypes/NamespaceProto/./mainApp[0x41617d]
/lib64/libc.so.6(__libc_start_main+0xef)[0x7f792183e24d]
/tmp/intel_2023.1.0-oneAPI_mpi_O_develop/nuopc-app-prototypes/NamespaceProto/./mainApp[0x4160aa]
/tmp/intel_2023.1.0-oneAPI_mpi_O_develop/esmf/DEFAULTINSTALLDIR/lib/libO/Unicos.intel.64.mpi.default/libesmf.so(esmf_initmod_mp_esmf_finalize_+0x66b)[0x7fd1dafd0cfb]
/tmp/intel_2023.1.0-oneAPI_mpi_O_develop/nuopc-app-prototypes/NamespaceProto/./mainApp[0x416795]
/tmp/intel_2023.1.0-oneAPI_mpi_O_develop/nuopc-app-prototypes/NamespaceProto/./mainApp[0x41617d]
/lib64/libc.so.6(__libc_start_main+0xef)[0x7fd1d5e3e24d]
/tmp/intel_2023.1.0-oneAPI_mpi_O_develop/esmf/DEFAULTINSTALLDIR/lib/libO/Unicos.intel.64.mpi.default/libesmf.so(esmf_initmod_mp_esmf_finalize_+0x66b)[0x7f913fdabcfb]
/tmp/intel_2023.1.0-oneAPI_mpi_O_develop/nuopc-app-prototypes/NamespaceProto/./mainApp[0x4160aa]
/tmp/intel_2023.1.0-oneAPI_mpi_O_develop/nuopc-app-prototypes/NamespaceProto/./mainApp[0x416795]
/tmp/intel_2023.1.0-oneAPI_mpi_O_develop/nuopc-app-prototypes/NamespaceProto/./mainApp[0x41617d]
/lib64/libc.so.6(__libc_start_main+0xef)[0x7f913ac3e24d]
/tmp/intel_2023.1.0-oneAPI_mpi_O_develop/nuopc-app-prototypes/NamespaceProto/./mainApp[0x4160aa]
srun: error: c5n0734: tasks 1-3: Exited with exit code 1
srun: Terminating StepId=134964844.383
slurmstepd: error: *** STEP 134964844.383 ON c5n0734 CANCELLED AT 2024-05-20T04:17:42 ***
forrtl: error (78): process killed (SIGTERM)
Image              PC                Routine            Line        Source             
libpthread-2.31.s  00007FF2F0A18910  Unknown               Unknown  Unknown
libc-2.31.so       00007FF2ED105AF7  __sched_yield         Unknown  Unknown
libmpi_intel.so.1  00007FF2EED01ADE  Unknown               Unknown  Unknown
libmpi_intel.so.1  00007FF2EFA9DA16  Unknown               Unknown  Unknown
libmpi_intel.so.1  00007FF2EFAB0169  Unknown               Unknown  Unknown
libmpi_intel.so.1  00007FF2EF9B858C  Unknown               Unknown  Unknown
libmpi_intel.so.1  00007FF2EDFA3D11  Unknown               Unknown  Unknown
libmpi_intel.so.1  00007FF2EDFA3EF5  Unknown               Unknown  Unknown
libmpi_intel.so.1  00007FF2EFC9D5F0  Unknown               Unknown  Unknown
libmpi_intel.so.1  00007FF2EFADD0FC  Unknown               Unknown  Unknown
libmpi_intel.so.1  00007FF2EFADB00C  Unknown               Unknown  Unknown
libmpi_intel.so.1  00007FF2EE267C01  Unknown               Unknown  Unknown
libmpi_intel.so.1  00007FF2EFADF380  Unknown               Unknown  Unknown
libmpi_intel.so.1  00007FF2EFC9E3D3  Unknown               Unknown  Unknown
libmpi_intel.so.1  00007FF2EE091200  Unknown               Unknown  Unknown
libmpi_intel.so.1  00007FF2EE09173F  PMPI_Barrier          Unknown  Unknown
libdarshan.so.0.0  00007FF2F0C095A7  darshan_core_shut     Unknown  Unknown
libdarshan.so.0.0  00007FF2F0C0823E  MPI_Finalize          Unknown  Unknown
libesmf.so         00007FF2F1BC49EF  _ZN5ESMCI3VMK8fin     Unknown  Unknown
libesmf.so         00007FF2F1BE17E2  _ZN5ESMCI2VM8fina     Unknown  Unknown
libesmf.so         00007FF2F1BBF695  c_esmc_vmfinalize     Unknown  Unknown
libesmf.so         00007FF2F22DE8CC  esmf_vmmod_mp_esm     Unknown  Unknown
libesmf.so         00007FF2F20E6CFB  esmf_initmod_mp_e     Unknown  Unknown
mainApp            0000000000416795  Unknown               Unknown  Unknown
mainApp            000000000041617D  Unknown               Unknown  Unknown
libc-2.31.so       00007FF2ED03E24D  __libc_start_main     Unknown  Unknown
mainApp            00000000004160AA  Unknown               Unknown  Unknown
srun: error: c5n0734: task 0: Killed
srun: Force Terminated StepId=134964844.383
