2024-05-19 03:35:48

mainApp:50321 terminated with signal 11 at PC=43d643 SP=7ffe49abc3b0.  Backtrace:

mainApp:50322 terminated with signal 11 at PC=43d623 SP=7ffda8dd7490.  Backtrace:
/tmp/intel_2023.1.0-oneAPI_mpi_O_develop/nuopc-app-prototypes/SingleModelOpenMPUnawareProto/./mainApp[0x43d643]
/tmp/intel_2023.1.0-oneAPI_mpi_O_develop/nuopc-app-prototypes/SingleModelOpenMPUnawareProto/./mainApp[0x43e5f0]
/tmp/intel_2023.1.0-oneAPI_mpi_O_develop/nuopc-app-prototypes/SingleModelOpenMPUnawareProto/./mainApp[0x43d795]

mainApp:50323 terminated with signal 11 at PC=43d5f2 SP=7ffd9d9adba0.  Backtrace:
/tmp/intel_2023.1.0-oneAPI_mpi_O_develop/nuopc-app-prototypes/SingleModelOpenMPUnawareProto/./mainApp[0x43d5f2]
/tmp/intel_2023.1.0-oneAPI_mpi_O_develop/nuopc-app-prototypes/SingleModelOpenMPUnawareProto/./mainApp[0x43e5f0]
/tmp/intel_2023.1.0-oneAPI_mpi_O_develop/nuopc-app-prototypes/SingleModelOpenMPUnawareProto/./mainApp[0x43d795]
/tmp/intel_2023.1.0-oneAPI_mpi_O_develop/nuopc-app-prototypes/SingleModelOpenMPUnawareProto/./mainApp[0x43d623]
/tmp/intel_2023.1.0-oneAPI_mpi_O_develop/nuopc-app-prototypes/SingleModelOpenMPUnawareProto/./mainApp[0x43e5f0]
/tmp/intel_2023.1.0-oneAPI_mpi_O_develop/esmf/DEFAULTINSTALLDIR/lib/libO/Unicos.intel.64.mpi.default/libesmf.so(f_esmf_compcollectgarbage2_+0x2f1)[0x7fb320ad8681]
/tmp/intel_2023.1.0-oneAPI_mpi_O_develop/nuopc-app-prototypes/SingleModelOpenMPUnawareProto/./mainApp[0x43d795]
/tmp/intel_2023.1.0-oneAPI_mpi_O_develop/esmf/DEFAULTINSTALLDIR/lib/libO/Unicos.intel.64.mpi.default/libesmf.so(f_esmf_compcollectgarbage2_+0x2f1)[0x7fdbacdd2681]
/tmp/intel_2023.1.0-oneAPI_mpi_O_develop/esmf/DEFAULTINSTALLDIR/lib/libO/Unicos.intel.64.mpi.default/libesmf.so(_ZN5ESMCI2VM8finalizeEP12ESMC_LogicalPi+0x34f)[0x7fb3209316ef]
/tmp/intel_2023.1.0-oneAPI_mpi_O_develop/esmf/DEFAULTINSTALLDIR/lib/libO/Unicos.intel.64.mpi.default/libesmf.so(_ZN5ESMCI2VM8finalizeEP12ESMC_LogicalPi+0x34f)[0x7fdbacc2b6ef]
/tmp/intel_2023.1.0-oneAPI_mpi_O_develop/esmf/DEFAULTINSTALLDIR/lib/libO/Unicos.intel.64.mpi.default/libesmf.so(f_esmf_compcollectgarbage2_+0x2f1)[0x7f6690630681]
/tmp/intel_2023.1.0-oneAPI_mpi_O_develop/esmf/DEFAULTINSTALLDIR/lib/libO/Unicos.intel.64.mpi.default/libesmf.so(c_esmc_vmfinalize_+0x25)[0x7fb32090f695]
/tmp/intel_2023.1.0-oneAPI_mpi_O_develop/esmf/DEFAULTINSTALLDIR/lib/libO/Unicos.intel.64.mpi.default/libesmf.so(c_esmc_vmfinalize_+0x25)[0x7fdbacc09695]
/tmp/intel_2023.1.0-oneAPI_mpi_O_develop/esmf/DEFAULTINSTALLDIR/lib/libO/Unicos.intel.64.mpi.default/libesmf.so(_ZN5ESMCI2VM8finalizeEP12ESMC_LogicalPi+0x34f)[0x7f66904896ef]
/tmp/intel_2023.1.0-oneAPI_mpi_O_develop/esmf/DEFAULTINSTALLDIR/lib/libO/Unicos.intel.64.mpi.default/libesmf.so(esmf_vmmod_mp_esmf_vmfinalize_+0x1c)[0x7fb32102e8cc]
/tmp/intel_2023.1.0-oneAPI_mpi_O_develop/esmf/DEFAULTINSTALLDIR/lib/libO/Unicos.intel.64.mpi.default/libesmf.so(esmf_vmmod_mp_esmf_vmfinalize_+0x1c)[0x7fdbad3288cc]
/tmp/intel_2023.1.0-oneAPI_mpi_O_develop/esmf/DEFAULTINSTALLDIR/lib/libO/Unicos.intel.64.mpi.default/libesmf.so(esmf_initmod_mp_esmf_finalize_+0x66b)[0x7fb320e36cfb]
/tmp/intel_2023.1.0-oneAPI_mpi_O_develop/nuopc-app-prototypes/SingleModelOpenMPUnawareProto/./mainApp[0x416cde]
/tmp/intel_2023.1.0-oneAPI_mpi_O_develop/nuopc-app-prototypes/SingleModelOpenMPUnawareProto/./mainApp[0x41663d]
/tmp/intel_2023.1.0-oneAPI_mpi_O_develop/esmf/DEFAULTINSTALLDIR/lib/libO/Unicos.intel.64.mpi.default/libesmf.so(esmf_initmod_mp_esmf_finalize_+0x66b)[0x7fdbad130cfb]
/tmp/intel_2023.1.0-oneAPI_mpi_O_develop/nuopc-app-prototypes/SingleModelOpenMPUnawareProto/./mainApp[0x416cde]
/tmp/intel_2023.1.0-oneAPI_mpi_O_develop/nuopc-app-prototypes/SingleModelOpenMPUnawareProto/./mainApp[0x41663d]
/lib64/libc.so.6(__libc_start_main+0xef)[0x7fb31b83e24d]
/tmp/intel_2023.1.0-oneAPI_mpi_O_develop/nuopc-app-prototypes/SingleModelOpenMPUnawareProto/./mainApp[0x41656a]
/lib64/libc.so.6(__libc_start_main+0xef)[0x7fdba7c3e24d]
/tmp/intel_2023.1.0-oneAPI_mpi_O_develop/nuopc-app-prototypes/SingleModelOpenMPUnawareProto/./mainApp[0x41656a]
/tmp/intel_2023.1.0-oneAPI_mpi_O_develop/esmf/DEFAULTINSTALLDIR/lib/libO/Unicos.intel.64.mpi.default/libesmf.so(c_esmc_vmfinalize_+0x25)[0x7f6690467695]
/tmp/intel_2023.1.0-oneAPI_mpi_O_develop/esmf/DEFAULTINSTALLDIR/lib/libO/Unicos.intel.64.mpi.default/libesmf.so(esmf_vmmod_mp_esmf_vmfinalize_+0x1c)[0x7f6690b868cc]
/tmp/intel_2023.1.0-oneAPI_mpi_O_develop/esmf/DEFAULTINSTALLDIR/lib/libO/Unicos.intel.64.mpi.default/libesmf.so(esmf_initmod_mp_esmf_finalize_+0x66b)[0x7f669098ecfb]
/tmp/intel_2023.1.0-oneAPI_mpi_O_develop/nuopc-app-prototypes/SingleModelOpenMPUnawareProto/./mainApp[0x416cde]
/tmp/intel_2023.1.0-oneAPI_mpi_O_develop/nuopc-app-prototypes/SingleModelOpenMPUnawareProto/./mainApp[0x41663d]
/lib64/libc.so.6(__libc_start_main+0xef)[0x7f668b43e24d]
/tmp/intel_2023.1.0-oneAPI_mpi_O_develop/nuopc-app-prototypes/SingleModelOpenMPUnawareProto/./mainApp[0x41656a]
srun: error: c5n0019: tasks 1-3: Exited with exit code 1
srun: Terminating StepId=134963684.389
slurmstepd: error: *** STEP 134963684.389 ON c5n0019 CANCELLED AT 2024-05-19T04:04:38 ***
forrtl: error (78): process killed (SIGTERM)
Image              PC                Routine            Line        Source             
libpthread-2.31.s  00007FB978701910  Unknown               Unknown  Unknown
libc-2.31.so       00007FB974505AF7  __sched_yield         Unknown  Unknown
libmpi_intel.so.1  00007FB976101ADE  Unknown               Unknown  Unknown
libmpi_intel.so.1  00007FB976E9DA16  Unknown               Unknown  Unknown
libmpi_intel.so.1  00007FB976EB0169  Unknown               Unknown  Unknown
libmpi_intel.so.1  00007FB976DB858C  Unknown               Unknown  Unknown
libmpi_intel.so.1  00007FB9753A3D11  Unknown               Unknown  Unknown
libmpi_intel.so.1  00007FB9753A3EF5  Unknown               Unknown  Unknown
libmpi_intel.so.1  00007FB97709D5F0  Unknown               Unknown  Unknown
libmpi_intel.so.1  00007FB976EDD0FC  Unknown               Unknown  Unknown
libmpi_intel.so.1  00007FB976EDB00C  Unknown               Unknown  Unknown
libmpi_intel.so.1  00007FB975667C01  Unknown               Unknown  Unknown
libmpi_intel.so.1  00007FB976EDF380  Unknown               Unknown  Unknown
libmpi_intel.so.1  00007FB97709E3D3  Unknown               Unknown  Unknown
libmpi_intel.so.1  00007FB975491200  Unknown               Unknown  Unknown
libmpi_intel.so.1  00007FB97549173F  PMPI_Barrier          Unknown  Unknown
libdarshan.so.0.0  00007FB9784095A7  darshan_core_shut     Unknown  Unknown
libdarshan.so.0.0  00007FB97840823E  MPI_Finalize          Unknown  Unknown
libesmf.so         00007FB9794AB9EF  _ZN5ESMCI3VMK8fin     Unknown  Unknown
libesmf.so         00007FB9794C87E2  _ZN5ESMCI2VM8fina     Unknown  Unknown
libesmf.so         00007FB9794A6695  c_esmc_vmfinalize     Unknown  Unknown
libesmf.so         00007FB979BC58CC  esmf_vmmod_mp_esm     Unknown  Unknown
libesmf.so         00007FB9799CDCFB  esmf_initmod_mp_e     Unknown  Unknown
mainApp            0000000000416CDE  Unknown               Unknown  Unknown
mainApp            000000000041663D  Unknown               Unknown  Unknown
libc-2.31.so       00007FB97443E24D  __libc_start_main     Unknown  Unknown
mainApp            000000000041656A  Unknown               Unknown  Unknown
srun: error: c5n0019: task 0: Killed
srun: Force Terminated StepId=134963684.389
