2024-05-11 04:03:54

mainApp:138326 terminated with signal 11 at PC=43c2a3 SP=7ffc40bb9e60.  Backtrace:

mainApp:138328 terminated with signal 11 at PC=43c287 SP=7ffea72c5f40.  Backtrace:
/tmp/intel_2023.1.0-oneAPI_mpi_O_develop/nuopc-app-prototypes/SingleModelProto/./mainApp[0x43c2a3]

mainApp:138327 terminated with signal 11 at PC=43c287 SP=7ffcf22eb9d0.  Backtrace:
/tmp/intel_2023.1.0-oneAPI_mpi_O_develop/nuopc-app-prototypes/SingleModelProto/./mainApp[0x43c287]
/tmp/intel_2023.1.0-oneAPI_mpi_O_develop/nuopc-app-prototypes/SingleModelProto/./mainApp[0x43d270]
/tmp/intel_2023.1.0-oneAPI_mpi_O_develop/nuopc-app-prototypes/SingleModelProto/./mainApp[0x43c415]
/tmp/intel_2023.1.0-oneAPI_mpi_O_develop/nuopc-app-prototypes/SingleModelProto/./mainApp[0x43d270]
/tmp/intel_2023.1.0-oneAPI_mpi_O_develop/nuopc-app-prototypes/SingleModelProto/./mainApp[0x43c415]
/tmp/intel_2023.1.0-oneAPI_mpi_O_develop/nuopc-app-prototypes/SingleModelProto/./mainApp[0x43c287]
/tmp/intel_2023.1.0-oneAPI_mpi_O_develop/nuopc-app-prototypes/SingleModelProto/./mainApp[0x43d270]
/tmp/intel_2023.1.0-oneAPI_mpi_O_develop/nuopc-app-prototypes/SingleModelProto/./mainApp[0x43c415]
/tmp/intel_2023.1.0-oneAPI_mpi_O_develop/esmf/DEFAULTINSTALLDIR/lib/libO/Unicos.intel.64.mpi.default/libesmf.so(f_esmf_compcollectgarbage2_+0x2f1)[0x7f62126584b1]
/tmp/intel_2023.1.0-oneAPI_mpi_O_develop/esmf/DEFAULTINSTALLDIR/lib/libO/Unicos.intel.64.mpi.default/libesmf.so(f_esmf_compcollectgarbage2_+0x2f1)[0x7f7b2eb634b1]
/tmp/intel_2023.1.0-oneAPI_mpi_O_develop/esmf/DEFAULTINSTALLDIR/lib/libO/Unicos.intel.64.mpi.default/libesmf.so(f_esmf_compcollectgarbage2_+0x2f1)[0x7f0a886614b1]
/tmp/intel_2023.1.0-oneAPI_mpi_O_develop/esmf/DEFAULTINSTALLDIR/lib/libO/Unicos.intel.64.mpi.default/libesmf.so(_ZN5ESMCI2VM8finalizeEP12ESMC_LogicalPi+0x34f)[0x7f62124b151f]
/tmp/intel_2023.1.0-oneAPI_mpi_O_develop/esmf/DEFAULTINSTALLDIR/lib/libO/Unicos.intel.64.mpi.default/libesmf.so(_ZN5ESMCI2VM8finalizeEP12ESMC_LogicalPi+0x34f)[0x7f7b2e9bc51f]
/tmp/intel_2023.1.0-oneAPI_mpi_O_develop/esmf/DEFAULTINSTALLDIR/lib/libO/Unicos.intel.64.mpi.default/libesmf.so(_ZN5ESMCI2VM8finalizeEP12ESMC_LogicalPi+0x34f)[0x7f0a884ba51f]
/tmp/intel_2023.1.0-oneAPI_mpi_O_develop/esmf/DEFAULTINSTALLDIR/lib/libO/Unicos.intel.64.mpi.default/libesmf.so(c_esmc_vmfinalize_+0x25)[0x7f621248f4c5]
/tmp/intel_2023.1.0-oneAPI_mpi_O_develop/esmf/DEFAULTINSTALLDIR/lib/libO/Unicos.intel.64.mpi.default/libesmf.so(c_esmc_vmfinalize_+0x25)[0x7f7b2e99a4c5]
/tmp/intel_2023.1.0-oneAPI_mpi_O_develop/esmf/DEFAULTINSTALLDIR/lib/libO/Unicos.intel.64.mpi.default/libesmf.so(c_esmc_vmfinalize_+0x25)[0x7f0a884984c5]
/tmp/intel_2023.1.0-oneAPI_mpi_O_develop/esmf/DEFAULTINSTALLDIR/lib/libO/Unicos.intel.64.mpi.default/libesmf.so(esmf_vmmod_mp_esmf_vmfinalize_+0x1c)[0x7f6212bae6fc]
/tmp/intel_2023.1.0-oneAPI_mpi_O_develop/esmf/DEFAULTINSTALLDIR/lib/libO/Unicos.intel.64.mpi.default/libesmf.so(esmf_vmmod_mp_esmf_vmfinalize_+0x1c)[0x7f0a88bb76fc]
/tmp/intel_2023.1.0-oneAPI_mpi_O_develop/esmf/DEFAULTINSTALLDIR/lib/libO/Unicos.intel.64.mpi.default/libesmf.so(esmf_vmmod_mp_esmf_vmfinalize_+0x1c)[0x7f7b2f0b96fc]
/tmp/intel_2023.1.0-oneAPI_mpi_O_develop/esmf/DEFAULTINSTALLDIR/lib/libO/Unicos.intel.64.mpi.default/libesmf.so(esmf_initmod_mp_esmf_finalize_+0x66b)[0x7f62129b6b2b]
/tmp/intel_2023.1.0-oneAPI_mpi_O_develop/nuopc-app-prototypes/SingleModelProto/./mainApp[0x4164d5]
/tmp/intel_2023.1.0-oneAPI_mpi_O_develop/nuopc-app-prototypes/SingleModelProto/./mainApp[0x415ebd]
/tmp/intel_2023.1.0-oneAPI_mpi_O_develop/esmf/DEFAULTINSTALLDIR/lib/libO/Unicos.intel.64.mpi.default/libesmf.so(esmf_initmod_mp_esmf_finalize_+0x66b)[0x7f0a889bfb2b]
/lib64/libc.so.6(__libc_start_main+0xef)[0x7f620d83e24d]
/tmp/intel_2023.1.0-oneAPI_mpi_O_develop/nuopc-app-prototypes/SingleModelProto/./mainApp[0x4164d5]
/tmp/intel_2023.1.0-oneAPI_mpi_O_develop/nuopc-app-prototypes/SingleModelProto/./mainApp[0x415ebd]
/tmp/intel_2023.1.0-oneAPI_mpi_O_develop/nuopc-app-prototypes/SingleModelProto/./mainApp[0x415dea]
/tmp/intel_2023.1.0-oneAPI_mpi_O_develop/esmf/DEFAULTINSTALLDIR/lib/libO/Unicos.intel.64.mpi.default/libesmf.so(esmf_initmod_mp_esmf_finalize_+0x66b)[0x7f7b2eec1b2b]
/tmp/intel_2023.1.0-oneAPI_mpi_O_develop/nuopc-app-prototypes/SingleModelProto/./mainApp[0x4164d5]
/tmp/intel_2023.1.0-oneAPI_mpi_O_develop/nuopc-app-prototypes/SingleModelProto/./mainApp[0x415ebd]
/lib64/libc.so.6(__libc_start_main+0xef)[0x7f0a8383e24d]
/tmp/intel_2023.1.0-oneAPI_mpi_O_develop/nuopc-app-prototypes/SingleModelProto/./mainApp[0x415dea]
/lib64/libc.so.6(__libc_start_main+0xef)[0x7f7b29e3e24d]
/tmp/intel_2023.1.0-oneAPI_mpi_O_develop/nuopc-app-prototypes/SingleModelProto/./mainApp[0x415dea]
srun: error: c5n1181: tasks 1-3: Exited with exit code 1
srun: Terminating StepId=134949934.387
slurmstepd: error: *** STEP 134949934.387 ON c5n1181 CANCELLED AT 2024-05-11T04:33:47 ***
forrtl: error (78): process killed (SIGTERM)
Image              PC                Routine            Line        Source             
libpthread-2.31.s  00007F4B9703C910  Unknown               Unknown  Unknown
libc-2.31.so       00007F4B93705AF7  __sched_yield         Unknown  Unknown
libmpi_intel.so.1  00007F4B95301ADE  Unknown               Unknown  Unknown
libmpi_intel.so.1  00007F4B9609DA16  Unknown               Unknown  Unknown
libmpi_intel.so.1  00007F4B960B0169  Unknown               Unknown  Unknown
libmpi_intel.so.1  00007F4B95FB858C  Unknown               Unknown  Unknown
libmpi_intel.so.1  00007F4B945A3D11  Unknown               Unknown  Unknown
libmpi_intel.so.1  00007F4B945A3EF5  Unknown               Unknown  Unknown
libmpi_intel.so.1  00007F4B9629D5F0  Unknown               Unknown  Unknown
libmpi_intel.so.1  00007F4B960DD0FC  Unknown               Unknown  Unknown
libmpi_intel.so.1  00007F4B960DB00C  Unknown               Unknown  Unknown
libmpi_intel.so.1  00007F4B94867C01  Unknown               Unknown  Unknown
libmpi_intel.so.1  00007F4B960DF380  Unknown               Unknown  Unknown
libmpi_intel.so.1  00007F4B9629E3D3  Unknown               Unknown  Unknown
libmpi_intel.so.1  00007F4B94691200  Unknown               Unknown  Unknown
libmpi_intel.so.1  00007F4B9469173F  PMPI_Barrier          Unknown  Unknown
libdarshan.so.0.0  00007F4B972095A7  darshan_core_shut     Unknown  Unknown
libdarshan.so.0.0  00007F4B9720823E  MPI_Finalize          Unknown  Unknown
libesmf.so         00007F4B981EF81F  _ZN5ESMCI3VMK8fin     Unknown  Unknown
libesmf.so         00007F4B9820C612  _ZN5ESMCI2VM8fina     Unknown  Unknown
libesmf.so         00007F4B981EA4C5  c_esmc_vmfinalize     Unknown  Unknown
libesmf.so         00007F4B989096FC  esmf_vmmod_mp_esm     Unknown  Unknown
libesmf.so         00007F4B98711B2B  esmf_initmod_mp_e     Unknown  Unknown
mainApp            00000000004164D5  Unknown               Unknown  Unknown
mainApp            0000000000415EBD  Unknown               Unknown  Unknown
libc-2.31.so       00007F4B9363E24D  __libc_start_main     Unknown  Unknown
mainApp            0000000000415DEA  Unknown               Unknown  Unknown
srun: error: c5n1181: task 0: Killed
srun: Force Terminated StepId=134949934.387
