2024-06-15 02:33:23
20240615 030108.258 INFO             PET0 !!!!!!!!!!!!!!!!!!!!!!!!!!!!!!!!!!!!!!!!!!!!!!!!!!!!!!
20240615 030108.258 INFO             PET0 !!! THE ESMF_LOG IS SET TO OUTPUT ALL LOG MESSAGES !!!
20240615 030108.258 INFO             PET0 !!!     THIS MAY CAUSE SLOWDOWN IN PERFORMANCE     !!!
20240615 030108.258 INFO             PET0 !!! FOR PRODUCTION RUNS, USE:                      !!!
20240615 030108.258 INFO             PET0 !!!                   ESMF_LOGKIND_Multi_On_Error  !!!
20240615 030108.258 INFO             PET0 !!!!!!!!!!!!!!!!!!!!!!!!!!!!!!!!!!!!!!!!!!!!!!!!!!!!!!
20240615 030108.258 INFO             PET0 Running with ESMF Version   : v8.7.0b07-2-ga1ccd5de8a
20240615 030108.258 INFO             PET0 ESMF library build date/time: "Jun 15 2024" "02:31:12"
20240615 030108.258 INFO             PET0 ESMF library build location : /glade/derecho/scratch/sacks/esmf-testing/intel_2023.2.1-classic_mpiuni_g_develop/esmf
20240615 030108.258 INFO             PET0 ESMF_COMM                   : mpiuni
20240615 030108.259 INFO             PET0 ESMF_MOAB                   : enabled
20240615 030108.259 INFO             PET0 ESMF_LAPACK                 : enabled
20240615 030108.259 INFO             PET0 ESMF_NETCDF                 : enabled
20240615 030108.259 INFO             PET0 ESMF_PNETCDF                : disabled
20240615 030108.259 INFO             PET0 ESMF_PIO                    : disabled
20240615 030108.259 INFO             PET0 ESMF_YAMLCPP                : enabled
20240615 030108.259 INFO             PET0 ESMF Tracing Enabled
20240615 030108.259 INFO             PET0 ESMF Profiling Enabled
20240615 030108.259 INFO             PET0 ESMF Trace/Profile clock: REALTIME
20240615 030108.261 INFO             PET0  NUMBER_OF_PROCESSORS           1
20240615 030108.261 INFO             PET0  PASS  Example ESMF_TraceUserEx, ESMF_TraceUserEx.F90, line 125
20240615 030108.261 INFO             PET0  Finalizing ESMF
20240615 030108.261 INFO             PET0 **************** Region Timings *******************
20240615 030108.261 INFO             PET0 Region                Count  Total (s)   Self (s)    Mean (s)    Min (s)     Max (s)
20240615 030108.261 INFO             PET0   [ESMF]              1      0.0010      0.0006      0.0010      0.0010      0.0010
20240615 030108.261 INFO             PET0     outer_region      1      0.0004      0.0000      0.0004      0.0004      0.0004
20240615 030108.261 INFO             PET0       inner_region_1  10     0.0003      0.0003      0.0000      0.0000      0.0000
20240615 030108.261 INFO             PET0       inner_region_2  10     0.0001      0.0001      0.0000      0.0000      0.0000
