2024-06-10 02:46:35
20240610 032202.028 INFO             PET0 !!!!!!!!!!!!!!!!!!!!!!!!!!!!!!!!!!!!!!!!!!!!!!!!!!!!!!
20240610 032202.028 INFO             PET0 !!! THE ESMF_LOG IS SET TO OUTPUT ALL LOG MESSAGES !!!
20240610 032202.028 INFO             PET0 !!!     THIS MAY CAUSE SLOWDOWN IN PERFORMANCE     !!!
20240610 032202.028 INFO             PET0 !!! FOR PRODUCTION RUNS, USE:                      !!!
20240610 032202.028 INFO             PET0 !!!                   ESMF_LOGKIND_Multi_On_Error  !!!
20240610 032202.028 INFO             PET0 !!!!!!!!!!!!!!!!!!!!!!!!!!!!!!!!!!!!!!!!!!!!!!!!!!!!!!
20240610 032202.028 INFO             PET0 Running with ESMF Version   : v8.7.0b07
20240610 032202.028 INFO             PET0 ESMF library build date/time: "Jun 10 2024" "02:44:03"
20240610 032202.028 INFO             PET0 ESMF library build location : /glade/derecho/scratch/sacks/esmf-testing/intel_2023.2.1-classic_mpiuni_g_develop/esmf
20240610 032202.028 INFO             PET0 ESMF_COMM                   : mpiuni
20240610 032202.034 INFO             PET0 ESMF_MOAB                   : enabled
20240610 032202.034 INFO             PET0 ESMF_LAPACK                 : enabled
20240610 032202.034 INFO             PET0 ESMF_NETCDF                 : enabled
20240610 032202.034 INFO             PET0 ESMF_PNETCDF                : disabled
20240610 032202.034 INFO             PET0 ESMF_PIO                    : disabled
20240610 032202.034 INFO             PET0 ESMF_YAMLCPP                : enabled
20240610 032202.066 DEBUG            PET0 about to destroy Grid: 0x81cfd0
20240610 032202.069 DEBUG            PET0 about to destroy Grid: 0x81dea0
20240610 032202.081 INFO             PET0  NUMBER_OF_PROCESSORS           1
20240610 032202.081 INFO             PET0  PASS  Example ESMF_NUOPCAtmModelEx, ESMF_NUOPCAtmModelEx.F90, line 806
20240610 032202.081 INFO             PET0  Finalizing ESMF
