2024-08-06 02:35:07
20240806 030322.282 INFO             PET0 !!!!!!!!!!!!!!!!!!!!!!!!!!!!!!!!!!!!!!!!!!!!!!!!!!!!!!
20240806 030322.282 INFO             PET0 !!! THE ESMF_LOG IS SET TO OUTPUT ALL LOG MESSAGES !!!
20240806 030322.282 INFO             PET0 !!!     THIS MAY CAUSE SLOWDOWN IN PERFORMANCE     !!!
20240806 030322.282 INFO             PET0 !!! FOR PRODUCTION RUNS, USE:                      !!!
20240806 030322.282 INFO             PET0 !!!                   ESMF_LOGKIND_Multi_On_Error  !!!
20240806 030322.282 INFO             PET0 !!!!!!!!!!!!!!!!!!!!!!!!!!!!!!!!!!!!!!!!!!!!!!!!!!!!!!
20240806 030322.282 INFO             PET0 Running with ESMF Version   : v8.7.0b11
20240806 030322.282 INFO             PET0 ESMF library build date/time: "Aug  6 2024" "02:33:07"
20240806 030322.282 INFO             PET0 ESMF library build location : /glade/derecho/scratch/sacks/esmf-testing/intel_2023.2.1-classic_mpiuni_g_develop/esmf
20240806 030322.282 INFO             PET0 ESMF_COMM                   : mpiuni
20240806 030322.283 INFO             PET0 ESMF_MOAB                   : enabled
20240806 030322.283 INFO             PET0 ESMF_LAPACK                 : enabled
20240806 030322.283 INFO             PET0 ESMF_NETCDF                 : enabled
20240806 030322.283 INFO             PET0 ESMF_PNETCDF                : disabled
20240806 030322.283 INFO             PET0 ESMF_PIO                    : enabled
20240806 030322.283 INFO             PET0 ESMF_YAMLCPP                : enabled
20240806 030322.289 INFO             PET0  NUMBER_OF_PROCESSORS           1
20240806 030322.289 INFO             PET0  PASS  Example ESMF_XGridSparseMatEx, ESMF_XGridSparseMatEx.F90, line 642
20240806 030322.289 INFO             PET0  Finalizing ESMF
