2024-06-08 02:33:47
20240608 030320.328 INFO             PET0 !!!!!!!!!!!!!!!!!!!!!!!!!!!!!!!!!!!!!!!!!!!!!!!!!!!!!!
20240608 030320.329 INFO             PET0 !!! THE ESMF_LOG IS SET TO OUTPUT ALL LOG MESSAGES !!!
20240608 030320.329 INFO             PET0 !!!     THIS MAY CAUSE SLOWDOWN IN PERFORMANCE     !!!
20240608 030320.329 INFO             PET0 !!! FOR PRODUCTION RUNS, USE:                      !!!
20240608 030320.329 INFO             PET0 !!!                   ESMF_LOGKIND_Multi_On_Error  !!!
20240608 030320.329 INFO             PET0 !!!!!!!!!!!!!!!!!!!!!!!!!!!!!!!!!!!!!!!!!!!!!!!!!!!!!!
20240608 030320.329 INFO             PET0 Running with ESMF Version   : v8.7.0b07
20240608 030320.329 INFO             PET0 ESMF library build date/time: "Jun  8 2024" "02:31:37"
20240608 030320.329 INFO             PET0 ESMF library build location : /glade/derecho/scratch/sacks/esmf-testing/intel_2023.2.1-classic_mpiuni_g_develop/esmf
20240608 030320.329 INFO             PET0 ESMF_COMM                   : mpiuni
20240608 030320.329 INFO             PET0 ESMF_MOAB                   : enabled
20240608 030320.329 INFO             PET0 ESMF_LAPACK                 : enabled
20240608 030320.329 INFO             PET0 ESMF_NETCDF                 : enabled
20240608 030320.329 INFO             PET0 ESMF_PNETCDF                : disabled
20240608 030320.329 INFO             PET0 ESMF_PIO                    : disabled
20240608 030320.329 INFO             PET0 ESMF_YAMLCPP                : enabled
20240608 030320.335 INFO             PET0 ESMF_FieldRedistStoreNF(): Just entered routine.
20240608 030320.411 INFO             PET0 ESMF_FieldRedistStoreNF(): Leaving routine.
20240608 030320.418 INFO             PET0  NUMBER_OF_PROCESSORS           1
20240608 030320.424 INFO             PET0  PASS  Example ESMF_RHandleFromFileEx, ESMF_RHandleFromFileEx.F90, line 192
20240608 030320.424 INFO             PET0  Finalizing ESMF
