2024-07-16 02:57:34
20240716 033327.929 INFO             PET0 !!!!!!!!!!!!!!!!!!!!!!!!!!!!!!!!!!!!!!!!!!!!!!!!!!!!!!
20240716 033327.929 INFO             PET0 !!! THE ESMF_LOG IS SET TO OUTPUT ALL LOG MESSAGES !!!
20240716 033327.929 INFO             PET0 !!!     THIS MAY CAUSE SLOWDOWN IN PERFORMANCE     !!!
20240716 033327.929 INFO             PET0 !!! FOR PRODUCTION RUNS, USE:                      !!!
20240716 033327.929 INFO             PET0 !!!                   ESMF_LOGKIND_Multi_On_Error  !!!
20240716 033327.929 INFO             PET0 !!!!!!!!!!!!!!!!!!!!!!!!!!!!!!!!!!!!!!!!!!!!!!!!!!!!!!
20240716 033327.929 INFO             PET0 Running with ESMF Version   : v8.7.0b08-15-g7133ea3e40
20240716 033327.929 INFO             PET0 ESMF library build date/time: "Jul 16 2024" "02:54:59"
20240716 033327.929 INFO             PET0 ESMF library build location : /glade/derecho/scratch/sacks/esmf-testing/intel_2023.2.1-classic_mpiuni_g_develop/esmf
20240716 033327.929 INFO             PET0 ESMF_COMM                   : mpiuni
20240716 033328.140 INFO             PET0 ESMF_MOAB                   : enabled
20240716 033328.140 INFO             PET0 ESMF_LAPACK                 : enabled
20240716 033328.140 INFO             PET0 ESMF_NETCDF                 : enabled
20240716 033328.140 INFO             PET0 ESMF_PNETCDF                : disabled
20240716 033328.140 INFO             PET0 ESMF_PIO                    : enabled
20240716 033328.140 INFO             PET0 ESMF_YAMLCPP                : enabled
20240716 033328.141 INFO             PET0  NUMBER_OF_PROCESSORS           1
20240716 033328.142 INFO             PET0  PASS  Example ESMF_VMUserMpiEx, ESMF_VMUserMpiEx.F90, line 96
20240716 033328.142 INFO             PET0  Finalizing ESMF with endflag==ESMF_END_KEEPMPI
