2024-06-25 02:29:42
20240625 025617.776 INFO             PET0 !!!!!!!!!!!!!!!!!!!!!!!!!!!!!!!!!!!!!!!!!!!!!!!!!!!!!!
20240625 025617.776 INFO             PET0 !!! THE ESMF_LOG IS SET TO OUTPUT ALL LOG MESSAGES !!!
20240625 025617.776 INFO             PET0 !!!     THIS MAY CAUSE SLOWDOWN IN PERFORMANCE     !!!
20240625 025617.776 INFO             PET0 !!! FOR PRODUCTION RUNS, USE:                      !!!
20240625 025617.776 INFO             PET0 !!!                   ESMF_LOGKIND_Multi_On_Error  !!!
20240625 025617.776 INFO             PET0 !!!!!!!!!!!!!!!!!!!!!!!!!!!!!!!!!!!!!!!!!!!!!!!!!!!!!!
20240625 025617.776 INFO             PET0 Running with ESMF Version   : v8.7.0b07-2-ga1ccd5de8a
20240625 025617.776 INFO             PET0 ESMF library build date/time: "Jun 25 2024" "02:27:42"
20240625 025617.776 INFO             PET0 ESMF library build location : /glade/derecho/scratch/sacks/esmf-testing/intel_2023.2.1-classic_mpiuni_g_develop/esmf
20240625 025617.776 INFO             PET0 ESMF_COMM                   : mpiuni
20240625 025617.777 INFO             PET0 ESMF_MOAB                   : enabled
20240625 025617.777 INFO             PET0 ESMF_LAPACK                 : enabled
20240625 025617.777 INFO             PET0 ESMF_NETCDF                 : enabled
20240625 025617.777 INFO             PET0 ESMF_PNETCDF                : disabled
20240625 025617.777 INFO             PET0 ESMF_PIO                    : disabled
20240625 025617.777 INFO             PET0 ESMF_YAMLCPP                : enabled
20240625 025617.777 INFO             PET0  NUMBER_OF_PROCESSORS           1
20240625 025617.778 INFO             PET0  PASS  Example ESMF_VMGetMPICommunicatorEx, ESMF_VMGetMPICommunicatorEx.F90, line 94
20240625 025617.778 INFO             PET0  Finalizing ESMF
