2024-07-30 02:34:41
20240730 030255.979 INFO             PET0 !!!!!!!!!!!!!!!!!!!!!!!!!!!!!!!!!!!!!!!!!!!!!!!!!!!!!!
20240730 030255.979 INFO             PET0 !!! THE ESMF_LOG IS SET TO OUTPUT ALL LOG MESSAGES !!!
20240730 030255.979 INFO             PET0 !!!     THIS MAY CAUSE SLOWDOWN IN PERFORMANCE     !!!
20240730 030255.979 INFO             PET0 !!! FOR PRODUCTION RUNS, USE:                      !!!
20240730 030255.979 INFO             PET0 !!!                   ESMF_LOGKIND_Multi_On_Error  !!!
20240730 030255.979 INFO             PET0 !!!!!!!!!!!!!!!!!!!!!!!!!!!!!!!!!!!!!!!!!!!!!!!!!!!!!!
20240730 030255.979 INFO             PET0 Running with ESMF Version   : v8.7.0b10-23-ge8332f8778
20240730 030255.979 INFO             PET0 ESMF library build date/time: "Jul 30 2024" "02:32:40"
20240730 030255.979 INFO             PET0 ESMF library build location : /glade/derecho/scratch/sacks/esmf-testing/intel_2023.2.1-classic_mpiuni_g_develop/esmf
20240730 030255.979 INFO             PET0 ESMF_COMM                   : mpiuni
20240730 030255.980 INFO             PET0 ESMF_MOAB                   : enabled
20240730 030255.980 INFO             PET0 ESMF_LAPACK                 : enabled
20240730 030255.980 INFO             PET0 ESMF_NETCDF                 : enabled
20240730 030255.980 INFO             PET0 ESMF_PNETCDF                : disabled
20240730 030255.980 INFO             PET0 ESMF_PIO                    : enabled
20240730 030255.980 INFO             PET0 ESMF_YAMLCPP                : enabled
20240730 030255.981 INFO             PET0  NUMBER_OF_PROCESSORS           1
20240730 030255.981 INFO             PET0  PASS  Example ESMF_StateEx, ESMF_StateEx.F90, line 237
20240730 030255.981 INFO             PET0  Finalizing ESMF
