2024-07-23 07:31:15
20240723 080826.307 INFO             PET0 !!!!!!!!!!!!!!!!!!!!!!!!!!!!!!!!!!!!!!!!!!!!!!!!!!!!!!
20240723 080826.307 INFO             PET0 !!! THE ESMF_LOG IS SET TO OUTPUT ALL LOG MESSAGES !!!
20240723 080826.307 INFO             PET0 !!!     THIS MAY CAUSE SLOWDOWN IN PERFORMANCE     !!!
20240723 080826.307 INFO             PET0 !!! FOR PRODUCTION RUNS, USE:                      !!!
20240723 080826.307 INFO             PET0 !!!                   ESMF_LOGKIND_Multi_On_Error  !!!
20240723 080826.307 INFO             PET0 !!!!!!!!!!!!!!!!!!!!!!!!!!!!!!!!!!!!!!!!!!!!!!!!!!!!!!
20240723 080826.307 INFO             PET0 Running with ESMF Version   : v8.7.0b09-4-g1506816bee
20240723 080826.307 INFO             PET0 ESMF library build date/time: "Jul 23 2024" "07:28:34"
20240723 080826.307 INFO             PET0 ESMF library build location : /scratch2/NCEPDEV/stmp1/Gerhard.Theurich/ESMF-Nightly-Testing/intel_2023.2.0-oneAPI_mpiuni_g_feature_numa/esmf
20240723 080826.308 INFO             PET0 ESMF_COMM                   : mpiuni
20240723 080826.309 INFO             PET0 ESMF_MOAB                   : enabled
20240723 080826.309 INFO             PET0 ESMF_LAPACK                 : enabled
20240723 080826.309 INFO             PET0 ESMF_NETCDF                 : enabled
20240723 080826.309 INFO             PET0 ESMF_PNETCDF                : disabled
20240723 080826.309 INFO             PET0 ESMF_PIO                    : enabled
20240723 080826.309 INFO             PET0 ESMF_YAMLCPP                : enabled
20240723 080826.311 INFO             PET0  NUMBER_OF_PROCESSORS           1
20240723 080826.311 INFO             PET0  PASS  Example ESMF_StateEx, ESMF_StateEx.F90, line 237
20240723 080826.311 INFO             PET0  Finalizing ESMF
