2024-07-04 07:35:21
20240704 081300.017 INFO             PET0 !!!!!!!!!!!!!!!!!!!!!!!!!!!!!!!!!!!!!!!!!!!!!!!!!!!!!!
20240704 081300.017 INFO             PET0 !!! THE ESMF_LOG IS SET TO OUTPUT ALL LOG MESSAGES !!!
20240704 081300.017 INFO             PET0 !!!     THIS MAY CAUSE SLOWDOWN IN PERFORMANCE     !!!
20240704 081300.017 INFO             PET0 !!! FOR PRODUCTION RUNS, USE:                      !!!
20240704 081300.017 INFO             PET0 !!!                   ESMF_LOGKIND_Multi_On_Error  !!!
20240704 081300.017 INFO             PET0 !!!!!!!!!!!!!!!!!!!!!!!!!!!!!!!!!!!!!!!!!!!!!!!!!!!!!!
20240704 081300.017 INFO             PET0 Running with ESMF Version   : v8.7.0b08
20240704 081300.017 INFO             PET0 ESMF library build date/time: "Jul  4 2024" "07:32:31"
20240704 081300.017 INFO             PET0 ESMF library build location : /scratch2/NCEPDEV/stmp1/Gerhard.Theurich/ESMF-Nightly-Testing/intel_2023.2.0-oneAPI_mpiuni_g_develop/esmf
20240704 081300.017 INFO             PET0 ESMF_COMM                   : mpiuni
20240704 081300.018 INFO             PET0 ESMF_MOAB                   : enabled
20240704 081300.019 INFO             PET0 ESMF_LAPACK                 : enabled
20240704 081300.019 INFO             PET0 ESMF_NETCDF                 : enabled
20240704 081300.019 INFO             PET0 ESMF_PNETCDF                : disabled
20240704 081300.019 INFO             PET0 ESMF_PIO                    : enabled
20240704 081300.019 INFO             PET0 ESMF_YAMLCPP                : enabled
20240704 081300.225 DEBUG            PET0 about to destroy Grid: 0x875f60
20240704 081300.236 DEBUG            PET0 about to destroy Grid: 0x876ff0
20240704 081300.294 INFO             PET0  NUMBER_OF_PROCESSORS           1
20240704 081300.294 INFO             PET0  PASS  Example ESMF_NUOPCAtmModelEx, ESMF_NUOPCAtmModelEx.F90, line 806
20240704 081300.294 INFO             PET0  Finalizing ESMF
