2024-06-15 07:32:06
20240615 080720.826 INFO             PET0 !!!!!!!!!!!!!!!!!!!!!!!!!!!!!!!!!!!!!!!!!!!!!!!!!!!!!!
20240615 080720.826 INFO             PET0 !!! THE ESMF_LOG IS SET TO OUTPUT ALL LOG MESSAGES !!!
20240615 080720.826 INFO             PET0 !!!     THIS MAY CAUSE SLOWDOWN IN PERFORMANCE     !!!
20240615 080720.826 INFO             PET0 !!! FOR PRODUCTION RUNS, USE:                      !!!
20240615 080720.826 INFO             PET0 !!!                   ESMF_LOGKIND_Multi_On_Error  !!!
20240615 080720.826 INFO             PET0 !!!!!!!!!!!!!!!!!!!!!!!!!!!!!!!!!!!!!!!!!!!!!!!!!!!!!!
20240615 080720.826 INFO             PET0 Running with ESMF Version   : v8.7.0b07-2-ga1ccd5de8a
20240615 080720.826 INFO             PET0 ESMF library build date/time: "Jun 15 2024" "07:29:32"
20240615 080720.826 INFO             PET0 ESMF library build location : /scratch2/NCEPDEV/stmp1/Gerhard.Theurich/ESMF-Nightly-Testing/intel_2023.2.0-oneAPI_mpiuni_g_develop/esmf
20240615 080720.826 INFO             PET0 ESMF_COMM                   : mpiuni
20240615 080720.828 INFO             PET0 ESMF_MOAB                   : enabled
20240615 080720.828 INFO             PET0 ESMF_LAPACK                 : enabled
20240615 080720.828 INFO             PET0 ESMF_NETCDF                 : enabled
20240615 080720.828 INFO             PET0 ESMF_PNETCDF                : disabled
20240615 080720.828 INFO             PET0 ESMF_PIO                    : disabled
20240615 080720.828 INFO             PET0 ESMF_YAMLCPP                : enabled
20240615 080720.840 INFO             PET0  NUMBER_OF_PROCESSORS           1
20240615 080720.840 INFO             PET0  PASS  Example ESMF_NUOPCBasicModelEx, ESMF_NUOPCBasicModelEx.F90, line 339
20240615 080720.840 INFO             PET0  Finalizing ESMF
