2024-05-23 07:31:01
20240523 080431.848 INFO             PET0 !!!!!!!!!!!!!!!!!!!!!!!!!!!!!!!!!!!!!!!!!!!!!!!!!!!!!!
20240523 080431.848 INFO             PET0 !!! THE ESMF_LOG IS SET TO OUTPUT ALL LOG MESSAGES !!!
20240523 080431.848 INFO             PET0 !!!     THIS MAY CAUSE SLOWDOWN IN PERFORMANCE     !!!
20240523 080431.848 INFO             PET0 !!! FOR PRODUCTION RUNS, USE:                      !!!
20240523 080431.848 INFO             PET0 !!!                   ESMF_LOGKIND_Multi_On_Error  !!!
20240523 080431.848 INFO             PET0 !!!!!!!!!!!!!!!!!!!!!!!!!!!!!!!!!!!!!!!!!!!!!!!!!!!!!!
20240523 080431.848 INFO             PET0 Running with ESMF Version   : v8.7.0b06
20240523 080431.848 INFO             PET0 ESMF library build date/time: "May 23 2024" "07:28:31"
20240523 080431.848 INFO             PET0 ESMF library build location : /scratch2/NCEPDEV/stmp1/Gerhard.Theurich/ESMF-Nightly-Testing/intel_2023.2.0-oneAPI_mpiuni_g_develop/esmf
20240523 080431.848 INFO             PET0 ESMF_COMM                   : mpiuni
20240523 080431.849 INFO             PET0 ESMF_MOAB                   : enabled
20240523 080431.849 INFO             PET0 ESMF_LAPACK                 : enabled
20240523 080431.849 INFO             PET0 ESMF_NETCDF                 : enabled
20240523 080431.849 INFO             PET0 ESMF_PNETCDF                : disabled
20240523 080431.849 INFO             PET0 ESMF_PIO                    : disabled
20240523 080431.849 INFO             PET0 ESMF_YAMLCPP                : enabled
20240523 080433.112 INFO             PET0  NUMBER_OF_PROCESSORS           1
20240523 080433.113 INFO             PET0  PASS  Example ESMF_GridUsageEx, ESMF_GridUsageEx.F90, line 3470
20240523 080433.113 INFO             PET0  Finalizing ESMF
