2024-07-31 07:33:08
20240731 080633.514 INFO             PET0 !!!!!!!!!!!!!!!!!!!!!!!!!!!!!!!!!!!!!!!!!!!!!!!!!!!!!!
20240731 080633.514 INFO             PET0 !!! THE ESMF_LOG IS SET TO OUTPUT ALL LOG MESSAGES !!!
20240731 080633.514 INFO             PET0 !!!     THIS MAY CAUSE SLOWDOWN IN PERFORMANCE     !!!
20240731 080633.514 INFO             PET0 !!! FOR PRODUCTION RUNS, USE:                      !!!
20240731 080633.514 INFO             PET0 !!!                   ESMF_LOGKIND_Multi_On_Error  !!!
20240731 080633.514 INFO             PET0 !!!!!!!!!!!!!!!!!!!!!!!!!!!!!!!!!!!!!!!!!!!!!!!!!!!!!!
20240731 080633.514 INFO             PET0 Running with ESMF Version   : v8.7.0b10-23-ge8332f8778
20240731 080633.514 INFO             PET0 ESMF library build date/time: "Jul 31 2024" "07:30:17"
20240731 080633.514 INFO             PET0 ESMF library build location : /scratch2/NCEPDEV/stmp1/Gerhard.Theurich/ESMF-Nightly-Testing/intel_2023.2.0-oneAPI_mpiuni_g_develop/esmf
20240731 080633.514 INFO             PET0 ESMF_COMM                   : mpiuni
20240731 080633.516 INFO             PET0 ESMF_MOAB                   : enabled
20240731 080633.516 INFO             PET0 ESMF_LAPACK                 : enabled
20240731 080633.516 INFO             PET0 ESMF_NETCDF                 : enabled
20240731 080633.516 INFO             PET0 ESMF_PNETCDF                : disabled
20240731 080633.516 INFO             PET0 ESMF_PIO                    : enabled
20240731 080633.516 INFO             PET0 ESMF_YAMLCPP                : enabled
20240731 080633.523 INFO             PET0 ESMF Tracing Enabled
20240731 080633.523 INFO             PET0 ESMF Profiling Enabled
20240731 080633.523 INFO             PET0 ESMF Trace/Profile clock: REALTIME
20240731 080633.539 INFO             PET0  NUMBER_OF_PROCESSORS           1
20240731 080633.539 INFO             PET0  PASS  Example ESMF_TraceEx, ESMF_TraceEx.F90, line 178
20240731 080633.539 INFO             PET0  Finalizing ESMF
20240731 080633.539 INFO             PET0 **************** Region Timings *******************
20240731 080633.539 INFO             PET0 Region              Count  Total (s)   Self (s)    Mean (s)    Min (s)     Max (s)
20240731 080633.539 INFO             PET0   [ESMF]            1      0.0026      0.0026      0.0026      0.0026      0.0026
20240731 080633.539 INFO             PET0     [test] Run 1    5      0.0000      0.0000      0.0000      0.0000      0.0000
20240731 080633.539 INFO             PET0     [test] Init 1   1      0.0000      0.0000      0.0000      0.0000      0.0000
20240731 080633.539 INFO             PET0     [test] Final 1  1      0.0000      0.0000      0.0000      0.0000      0.0000
