2024-06-01 08:03:47
20240601 083715.416 INFO             PET0 !!!!!!!!!!!!!!!!!!!!!!!!!!!!!!!!!!!!!!!!!!!!!!!!!!!!!!
20240601 083715.416 INFO             PET0 !!! THE ESMF_LOG IS SET TO OUTPUT ALL LOG MESSAGES !!!
20240601 083715.416 INFO             PET0 !!!     THIS MAY CAUSE SLOWDOWN IN PERFORMANCE     !!!
20240601 083715.416 INFO             PET0 !!! FOR PRODUCTION RUNS, USE:                      !!!
20240601 083715.416 INFO             PET0 !!!                   ESMF_LOGKIND_Multi_On_Error  !!!
20240601 083715.416 INFO             PET0 !!!!!!!!!!!!!!!!!!!!!!!!!!!!!!!!!!!!!!!!!!!!!!!!!!!!!!
20240601 083715.416 INFO             PET0 Running with ESMF Version   : v8.7.0b06-37-g31f880616f
20240601 083715.416 INFO             PET0 ESMF library build date/time: "Jun  1 2024" "08:01:21"
20240601 083715.416 INFO             PET0 ESMF library build location : /scratch2/NCEPDEV/stmp1/Gerhard.Theurich/ESMF-Nightly-Testing/intel_2023.2.0-oneAPI_mpiuni_g_develop/esmf
20240601 083715.416 INFO             PET0 ESMF_COMM                   : mpiuni
20240601 083715.417 INFO             PET0 ESMF_MOAB                   : enabled
20240601 083715.417 INFO             PET0 ESMF_LAPACK                 : enabled
20240601 083715.417 INFO             PET0 ESMF_NETCDF                 : enabled
20240601 083715.417 INFO             PET0 ESMF_PNETCDF                : disabled
20240601 083715.417 INFO             PET0 ESMF_PIO                    : disabled
20240601 083715.417 INFO             PET0 ESMF_YAMLCPP                : enabled
20240601 083715.422 INFO             PET0 ESMF_FieldRedistStoreNF(): Just entered routine.
20240601 083715.926 INFO             PET0 ESMF_FieldRedistStoreNF(): Leaving routine.
20240601 083715.936 INFO             PET0  NUMBER_OF_PROCESSORS           1
20240601 083715.937 INFO             PET0  PASS  Example ESMF_RHandleFromFileEx, ESMF_RHandleFromFileEx.F90, line 192
20240601 083715.937 INFO             PET0  Finalizing ESMF
