2024-06-15 09:20:47
20240615 100555.604 INFO             PET0 !!!!!!!!!!!!!!!!!!!!!!!!!!!!!!!!!!!!!!!!!!!!!!!!!!!!!!
20240615 100555.604 INFO             PET0 !!! THE ESMF_LOG IS SET TO OUTPUT ALL LOG MESSAGES !!!
20240615 100555.604 INFO             PET0 !!!     THIS MAY CAUSE SLOWDOWN IN PERFORMANCE     !!!
20240615 100555.604 INFO             PET0 !!! FOR PRODUCTION RUNS, USE:                      !!!
20240615 100555.604 INFO             PET0 !!!                   ESMF_LOGKIND_Multi_On_Error  !!!
20240615 100555.604 INFO             PET0 !!!!!!!!!!!!!!!!!!!!!!!!!!!!!!!!!!!!!!!!!!!!!!!!!!!!!!
20240615 100555.604 INFO             PET0 Running with ESMF Version   : v8.7.0b07-2-ga1ccd5de8a
20240615 100555.604 INFO             PET0 ESMF library build date/time: "Jun 15 2024" "09:19:50"
20240615 100555.604 INFO             PET0 ESMF library build location : /tmp/gfortran_11.2.0_mpi_O_develop/esmf
20240615 100555.604 INFO             PET0 ESMF_COMM                   : mpi
20240615 100555.605 INFO             PET0 ESMF_MOAB                   : enabled
20240615 100555.605 INFO             PET0 ESMF_LAPACK                 : enabled
20240615 100555.605 INFO             PET0 ESMF_NETCDF                 : enabled
20240615 100555.605 INFO             PET0 ESMF_PNETCDF                : disabled
20240615 100555.605 INFO             PET0 ESMF_PIO                    : enabled
20240615 100555.605 INFO             PET0 ESMF_YAMLCPP                : enabled
20240615 100555.638 DEBUG            PET0 about to destroy Grid: 0x549c00
20240615 100555.642 DEBUG            PET0 about to destroy Grid: 0x54e200
20240615 100555.653 INFO             PET0  NUMBER_OF_PROCESSORS           4
20240615 100555.653 INFO             PET0  PASS  Example ESMF_NUOPCAtmModelEx, ESMF_NUOPCAtmModelEx.F90, line 806
20240615 100555.653 INFO             PET0  Finalizing ESMF
20240615 100555.604 INFO             PET1 !!!!!!!!!!!!!!!!!!!!!!!!!!!!!!!!!!!!!!!!!!!!!!!!!!!!!!
20240615 100555.604 INFO             PET1 !!! THE ESMF_LOG IS SET TO OUTPUT ALL LOG MESSAGES !!!
20240615 100555.604 INFO             PET1 !!!     THIS MAY CAUSE SLOWDOWN IN PERFORMANCE     !!!
20240615 100555.604 INFO             PET1 !!! FOR PRODUCTION RUNS, USE:                      !!!
20240615 100555.604 INFO             PET1 !!!                   ESMF_LOGKIND_Multi_On_Error  !!!
20240615 100555.604 INFO             PET1 !!!!!!!!!!!!!!!!!!!!!!!!!!!!!!!!!!!!!!!!!!!!!!!!!!!!!!
20240615 100555.604 INFO             PET1 Running with ESMF Version   : v8.7.0b07-2-ga1ccd5de8a
20240615 100555.604 INFO             PET1 ESMF library build date/time: "Jun 15 2024" "09:19:50"
20240615 100555.604 INFO             PET1 ESMF library build location : /tmp/gfortran_11.2.0_mpi_O_develop/esmf
20240615 100555.604 INFO             PET1 ESMF_COMM                   : mpi
20240615 100555.605 INFO             PET1 ESMF_MOAB                   : enabled
20240615 100555.605 INFO             PET1 ESMF_LAPACK                 : enabled
20240615 100555.605 INFO             PET1 ESMF_NETCDF                 : enabled
20240615 100555.605 INFO             PET1 ESMF_PNETCDF                : disabled
20240615 100555.605 INFO             PET1 ESMF_PIO                    : enabled
20240615 100555.605 INFO             PET1 ESMF_YAMLCPP                : enabled
20240615 100555.638 DEBUG            PET1 about to destroy Grid: 0x54a2b0
20240615 100555.642 DEBUG            PET1 about to destroy Grid: 0x54b860
20240615 100555.653 INFO             PET1  NUMBER_OF_PROCESSORS           4
20240615 100555.653 INFO             PET1  PASS  Example ESMF_NUOPCAtmModelEx, ESMF_NUOPCAtmModelEx.F90, line 806
20240615 100555.653 INFO             PET1  Finalizing ESMF
20240615 100555.604 INFO             PET2 !!!!!!!!!!!!!!!!!!!!!!!!!!!!!!!!!!!!!!!!!!!!!!!!!!!!!!
20240615 100555.604 INFO             PET2 !!! THE ESMF_LOG IS SET TO OUTPUT ALL LOG MESSAGES !!!
20240615 100555.604 INFO             PET2 !!!     THIS MAY CAUSE SLOWDOWN IN PERFORMANCE     !!!
20240615 100555.604 INFO             PET2 !!! FOR PRODUCTION RUNS, USE:                      !!!
20240615 100555.604 INFO             PET2 !!!                   ESMF_LOGKIND_Multi_On_Error  !!!
20240615 100555.604 INFO             PET2 !!!!!!!!!!!!!!!!!!!!!!!!!!!!!!!!!!!!!!!!!!!!!!!!!!!!!!
20240615 100555.604 INFO             PET2 Running with ESMF Version   : v8.7.0b07-2-ga1ccd5de8a
20240615 100555.604 INFO             PET2 ESMF library build date/time: "Jun 15 2024" "09:19:50"
20240615 100555.604 INFO             PET2 ESMF library build location : /tmp/gfortran_11.2.0_mpi_O_develop/esmf
20240615 100555.604 INFO             PET2 ESMF_COMM                   : mpi
20240615 100555.605 INFO             PET2 ESMF_MOAB                   : enabled
20240615 100555.605 INFO             PET2 ESMF_LAPACK                 : enabled
20240615 100555.605 INFO             PET2 ESMF_NETCDF                 : enabled
20240615 100555.605 INFO             PET2 ESMF_PNETCDF                : disabled
20240615 100555.605 INFO             PET2 ESMF_PIO                    : enabled
20240615 100555.605 INFO             PET2 ESMF_YAMLCPP                : enabled
20240615 100555.638 DEBUG            PET2 about to destroy Grid: 0x549270
20240615 100555.642 DEBUG            PET2 about to destroy Grid: 0x54aa90
20240615 100555.653 INFO             PET2  NUMBER_OF_PROCESSORS           4
20240615 100555.653 INFO             PET2  PASS  Example ESMF_NUOPCAtmModelEx, ESMF_NUOPCAtmModelEx.F90, line 806
20240615 100555.653 INFO             PET2  Finalizing ESMF
20240615 100555.604 INFO             PET3 !!!!!!!!!!!!!!!!!!!!!!!!!!!!!!!!!!!!!!!!!!!!!!!!!!!!!!
20240615 100555.604 INFO             PET3 !!! THE ESMF_LOG IS SET TO OUTPUT ALL LOG MESSAGES !!!
20240615 100555.604 INFO             PET3 !!!     THIS MAY CAUSE SLOWDOWN IN PERFORMANCE     !!!
20240615 100555.604 INFO             PET3 !!! FOR PRODUCTION RUNS, USE:                      !!!
20240615 100555.604 INFO             PET3 !!!                   ESMF_LOGKIND_Multi_On_Error  !!!
20240615 100555.604 INFO             PET3 !!!!!!!!!!!!!!!!!!!!!!!!!!!!!!!!!!!!!!!!!!!!!!!!!!!!!!
20240615 100555.604 INFO             PET3 Running with ESMF Version   : v8.7.0b07-2-ga1ccd5de8a
20240615 100555.604 INFO             PET3 ESMF library build date/time: "Jun 15 2024" "09:19:50"
20240615 100555.604 INFO             PET3 ESMF library build location : /tmp/gfortran_11.2.0_mpi_O_develop/esmf
20240615 100555.604 INFO             PET3 ESMF_COMM                   : mpi
20240615 100555.605 INFO             PET3 ESMF_MOAB                   : enabled
20240615 100555.605 INFO             PET3 ESMF_LAPACK                 : enabled
20240615 100555.605 INFO             PET3 ESMF_NETCDF                 : enabled
20240615 100555.605 INFO             PET3 ESMF_PNETCDF                : disabled
20240615 100555.605 INFO             PET3 ESMF_PIO                    : enabled
20240615 100555.605 INFO             PET3 ESMF_YAMLCPP                : enabled
20240615 100555.638 DEBUG            PET3 about to destroy Grid: 0x549af0
20240615 100555.642 DEBUG            PET3 about to destroy Grid: 0x54af80
20240615 100555.653 INFO             PET3  NUMBER_OF_PROCESSORS           4
20240615 100555.653 INFO             PET3  PASS  Example ESMF_NUOPCAtmModelEx, ESMF_NUOPCAtmModelEx.F90, line 806
20240615 100555.653 INFO             PET3  Finalizing ESMF
