2024-07-19 05:54:44
20240719 063128.885 INFO             PET0 !!!!!!!!!!!!!!!!!!!!!!!!!!!!!!!!!!!!!!!!!!!!!!!!!!!!!!
20240719 063128.885 INFO             PET0 !!! THE ESMF_LOG IS SET TO OUTPUT ALL LOG MESSAGES !!!
20240719 063128.885 INFO             PET0 !!!     THIS MAY CAUSE SLOWDOWN IN PERFORMANCE     !!!
20240719 063128.885 INFO             PET0 !!! FOR PRODUCTION RUNS, USE:                      !!!
20240719 063128.885 INFO             PET0 !!!                   ESMF_LOGKIND_Multi_On_Error  !!!
20240719 063128.885 INFO             PET0 !!!!!!!!!!!!!!!!!!!!!!!!!!!!!!!!!!!!!!!!!!!!!!!!!!!!!!
20240719 063128.885 INFO             PET0 Running with ESMF Version   : v8.7.0b08-6-g7f6a4f6fe1
20240719 063128.885 INFO             PET0 ESMF library build date/time: "Jul 19 2024" "05:52:14"
20240719 063128.885 INFO             PET0 ESMF library build location : /glade/derecho/scratch/sacks/esmf-testing/intel_2023.2.1-classic_mpi_g_feature_smm_store_search/esmf
20240719 063128.885 INFO             PET0 ESMF_COMM                   : mpi
20240719 063128.886 INFO             PET0 ESMF_MOAB                   : enabled
20240719 063128.886 INFO             PET0 ESMF_LAPACK                 : enabled
20240719 063128.886 INFO             PET0 ESMF_NETCDF                 : enabled
20240719 063128.886 INFO             PET0 ESMF_PNETCDF                : disabled
20240719 063128.886 INFO             PET0 ESMF_PIO                    : enabled
20240719 063128.886 INFO             PET0 ESMF_YAMLCPP                : enabled
20240719 063128.935 DEBUG            PET0 about to destroy Grid: 0x8c90b0
20240719 063128.939 DEBUG            PET0 about to destroy Grid: 0x8cd2f0
20240719 063128.952 INFO             PET0  NUMBER_OF_PROCESSORS           4
20240719 063128.952 INFO             PET0  PASS  Example ESMF_NUOPCAtmModelEx, ESMF_NUOPCAtmModelEx.F90, line 806
20240719 063128.952 INFO             PET0  Finalizing ESMF
20240719 063128.891 INFO             PET1 !!!!!!!!!!!!!!!!!!!!!!!!!!!!!!!!!!!!!!!!!!!!!!!!!!!!!!
20240719 063128.891 INFO             PET1 !!! THE ESMF_LOG IS SET TO OUTPUT ALL LOG MESSAGES !!!
20240719 063128.891 INFO             PET1 !!!     THIS MAY CAUSE SLOWDOWN IN PERFORMANCE     !!!
20240719 063128.891 INFO             PET1 !!! FOR PRODUCTION RUNS, USE:                      !!!
20240719 063128.891 INFO             PET1 !!!                   ESMF_LOGKIND_Multi_On_Error  !!!
20240719 063128.891 INFO             PET1 !!!!!!!!!!!!!!!!!!!!!!!!!!!!!!!!!!!!!!!!!!!!!!!!!!!!!!
20240719 063128.891 INFO             PET1 Running with ESMF Version   : v8.7.0b08-6-g7f6a4f6fe1
20240719 063128.891 INFO             PET1 ESMF library build date/time: "Jul 19 2024" "05:52:14"
20240719 063128.891 INFO             PET1 ESMF library build location : /glade/derecho/scratch/sacks/esmf-testing/intel_2023.2.1-classic_mpi_g_feature_smm_store_search/esmf
20240719 063128.891 INFO             PET1 ESMF_COMM                   : mpi
20240719 063128.892 INFO             PET1 ESMF_MOAB                   : enabled
20240719 063128.892 INFO             PET1 ESMF_LAPACK                 : enabled
20240719 063128.892 INFO             PET1 ESMF_NETCDF                 : enabled
20240719 063128.892 INFO             PET1 ESMF_PNETCDF                : disabled
20240719 063128.892 INFO             PET1 ESMF_PIO                    : enabled
20240719 063128.892 INFO             PET1 ESMF_YAMLCPP                : enabled
20240719 063128.935 DEBUG            PET1 about to destroy Grid: 0x8c9560
20240719 063128.939 DEBUG            PET1 about to destroy Grid: 0x8ca570
20240719 063128.952 INFO             PET1  NUMBER_OF_PROCESSORS           4
20240719 063128.952 INFO             PET1  PASS  Example ESMF_NUOPCAtmModelEx, ESMF_NUOPCAtmModelEx.F90, line 806
20240719 063128.952 INFO             PET1  Finalizing ESMF
20240719 063128.890 INFO             PET2 !!!!!!!!!!!!!!!!!!!!!!!!!!!!!!!!!!!!!!!!!!!!!!!!!!!!!!
20240719 063128.890 INFO             PET2 !!! THE ESMF_LOG IS SET TO OUTPUT ALL LOG MESSAGES !!!
20240719 063128.890 INFO             PET2 !!!     THIS MAY CAUSE SLOWDOWN IN PERFORMANCE     !!!
20240719 063128.890 INFO             PET2 !!! FOR PRODUCTION RUNS, USE:                      !!!
20240719 063128.890 INFO             PET2 !!!                   ESMF_LOGKIND_Multi_On_Error  !!!
20240719 063128.890 INFO             PET2 !!!!!!!!!!!!!!!!!!!!!!!!!!!!!!!!!!!!!!!!!!!!!!!!!!!!!!
20240719 063128.890 INFO             PET2 Running with ESMF Version   : v8.7.0b08-6-g7f6a4f6fe1
20240719 063128.890 INFO             PET2 ESMF library build date/time: "Jul 19 2024" "05:52:14"
20240719 063128.890 INFO             PET2 ESMF library build location : /glade/derecho/scratch/sacks/esmf-testing/intel_2023.2.1-classic_mpi_g_feature_smm_store_search/esmf
20240719 063128.890 INFO             PET2 ESMF_COMM                   : mpi
20240719 063128.892 INFO             PET2 ESMF_MOAB                   : enabled
20240719 063128.892 INFO             PET2 ESMF_LAPACK                 : enabled
20240719 063128.892 INFO             PET2 ESMF_NETCDF                 : enabled
20240719 063128.892 INFO             PET2 ESMF_PNETCDF                : disabled
20240719 063128.892 INFO             PET2 ESMF_PIO                    : enabled
20240719 063128.892 INFO             PET2 ESMF_YAMLCPP                : enabled
20240719 063128.935 DEBUG            PET2 about to destroy Grid: 0x8c9270
20240719 063128.939 DEBUG            PET2 about to destroy Grid: 0x8ca310
20240719 063128.952 INFO             PET2  NUMBER_OF_PROCESSORS           4
20240719 063128.952 INFO             PET2  PASS  Example ESMF_NUOPCAtmModelEx, ESMF_NUOPCAtmModelEx.F90, line 806
20240719 063128.952 INFO             PET2  Finalizing ESMF
20240719 063128.888 INFO             PET3 !!!!!!!!!!!!!!!!!!!!!!!!!!!!!!!!!!!!!!!!!!!!!!!!!!!!!!
20240719 063128.888 INFO             PET3 !!! THE ESMF_LOG IS SET TO OUTPUT ALL LOG MESSAGES !!!
20240719 063128.888 INFO             PET3 !!!     THIS MAY CAUSE SLOWDOWN IN PERFORMANCE     !!!
20240719 063128.888 INFO             PET3 !!! FOR PRODUCTION RUNS, USE:                      !!!
20240719 063128.888 INFO             PET3 !!!                   ESMF_LOGKIND_Multi_On_Error  !!!
20240719 063128.888 INFO             PET3 !!!!!!!!!!!!!!!!!!!!!!!!!!!!!!!!!!!!!!!!!!!!!!!!!!!!!!
20240719 063128.888 INFO             PET3 Running with ESMF Version   : v8.7.0b08-6-g7f6a4f6fe1
20240719 063128.888 INFO             PET3 ESMF library build date/time: "Jul 19 2024" "05:52:14"
20240719 063128.888 INFO             PET3 ESMF library build location : /glade/derecho/scratch/sacks/esmf-testing/intel_2023.2.1-classic_mpi_g_feature_smm_store_search/esmf
20240719 063128.888 INFO             PET3 ESMF_COMM                   : mpi
20240719 063128.895 INFO             PET3 ESMF_MOAB                   : enabled
20240719 063128.895 INFO             PET3 ESMF_LAPACK                 : enabled
20240719 063128.895 INFO             PET3 ESMF_NETCDF                 : enabled
20240719 063128.895 INFO             PET3 ESMF_PNETCDF                : disabled
20240719 063128.895 INFO             PET3 ESMF_PIO                    : enabled
20240719 063128.895 INFO             PET3 ESMF_YAMLCPP                : enabled
20240719 063128.935 DEBUG            PET3 about to destroy Grid: 0x8c9530
20240719 063128.939 DEBUG            PET3 about to destroy Grid: 0x8ca210
20240719 063128.952 INFO             PET3  NUMBER_OF_PROCESSORS           4
20240719 063128.952 INFO             PET3  PASS  Example ESMF_NUOPCAtmModelEx, ESMF_NUOPCAtmModelEx.F90, line 806
20240719 063128.952 INFO             PET3  Finalizing ESMF
