2024-07-18 02:44:53
20240718 031904.493 INFO             PET0 !!!!!!!!!!!!!!!!!!!!!!!!!!!!!!!!!!!!!!!!!!!!!!!!!!!!!!
20240718 031904.493 INFO             PET0 !!! THE ESMF_LOG IS SET TO OUTPUT ALL LOG MESSAGES !!!
20240718 031904.493 INFO             PET0 !!!     THIS MAY CAUSE SLOWDOWN IN PERFORMANCE     !!!
20240718 031904.493 INFO             PET0 !!! FOR PRODUCTION RUNS, USE:                      !!!
20240718 031904.493 INFO             PET0 !!!                   ESMF_LOGKIND_Multi_On_Error  !!!
20240718 031904.493 INFO             PET0 !!!!!!!!!!!!!!!!!!!!!!!!!!!!!!!!!!!!!!!!!!!!!!!!!!!!!!
20240718 031904.493 INFO             PET0 Running with ESMF Version   : v8.7.0b08-5-g631ae04f9a
20240718 031904.493 INFO             PET0 ESMF library build date/time: "Jul 18 2024" "02:42:33"
20240718 031904.493 INFO             PET0 ESMF library build location : /glade/derecho/scratch/sacks/esmf-testing/intel_2023.2.1-classic_mpi_g_feature_smm_store_search/esmf
20240718 031904.493 INFO             PET0 ESMF_COMM                   : mpi
20240718 031904.494 INFO             PET0 ESMF_MOAB                   : enabled
20240718 031904.494 INFO             PET0 ESMF_LAPACK                 : enabled
20240718 031904.494 INFO             PET0 ESMF_NETCDF                 : enabled
20240718 031904.494 INFO             PET0 ESMF_PNETCDF                : disabled
20240718 031904.494 INFO             PET0 ESMF_PIO                    : enabled
20240718 031904.494 INFO             PET0 ESMF_YAMLCPP                : enabled
20240718 031904.496 INFO             PET0 ESMF_FieldRedistStoreNF(): Just entered routine.
20240718 031904.497 INFO             PET0 ESMF_FieldRedistStoreNF(): Leaving routine.
20240718 031904.500 INFO             PET0 ESMF_FieldRedistStoreNF(): Just entered routine.
20240718 031904.500 INFO             PET0 ESMF_FieldRedistStoreNF(): Leaving routine.
20240718 031904.500 INFO             PET0 ESMF_FieldRedistStoreNF(): Just entered routine.
20240718 031904.501 INFO             PET0 ESMF_FieldRedistStoreNF(): Leaving routine.
20240718 031904.501 INFO             PET0  NUMBER_OF_PROCESSORS           4
20240718 031904.501 INFO             PET0  PASS  Example ESMF_FieldRedistEx, ESMF_FieldRedistEx.F90, line 521
20240718 031904.501 INFO             PET0  Finalizing ESMF
20240718 031904.493 INFO             PET1 !!!!!!!!!!!!!!!!!!!!!!!!!!!!!!!!!!!!!!!!!!!!!!!!!!!!!!
20240718 031904.493 INFO             PET1 !!! THE ESMF_LOG IS SET TO OUTPUT ALL LOG MESSAGES !!!
20240718 031904.493 INFO             PET1 !!!     THIS MAY CAUSE SLOWDOWN IN PERFORMANCE     !!!
20240718 031904.493 INFO             PET1 !!! FOR PRODUCTION RUNS, USE:                      !!!
20240718 031904.493 INFO             PET1 !!!                   ESMF_LOGKIND_Multi_On_Error  !!!
20240718 031904.494 INFO             PET1 !!!!!!!!!!!!!!!!!!!!!!!!!!!!!!!!!!!!!!!!!!!!!!!!!!!!!!
20240718 031904.494 INFO             PET1 Running with ESMF Version   : v8.7.0b08-5-g631ae04f9a
20240718 031904.494 INFO             PET1 ESMF library build date/time: "Jul 18 2024" "02:42:33"
20240718 031904.494 INFO             PET1 ESMF library build location : /glade/derecho/scratch/sacks/esmf-testing/intel_2023.2.1-classic_mpi_g_feature_smm_store_search/esmf
20240718 031904.494 INFO             PET1 ESMF_COMM                   : mpi
20240718 031904.494 INFO             PET1 ESMF_MOAB                   : enabled
20240718 031904.494 INFO             PET1 ESMF_LAPACK                 : enabled
20240718 031904.494 INFO             PET1 ESMF_NETCDF                 : enabled
20240718 031904.494 INFO             PET1 ESMF_PNETCDF                : disabled
20240718 031904.494 INFO             PET1 ESMF_PIO                    : enabled
20240718 031904.494 INFO             PET1 ESMF_YAMLCPP                : enabled
20240718 031904.496 INFO             PET1 ESMF_FieldRedistStoreNF(): Just entered routine.
20240718 031904.497 INFO             PET1 ESMF_FieldRedistStoreNF(): Leaving routine.
20240718 031904.500 INFO             PET1 ESMF_FieldRedistStoreNF(): Just entered routine.
20240718 031904.500 INFO             PET1 ESMF_FieldRedistStoreNF(): Leaving routine.
20240718 031904.500 INFO             PET1 ESMF_FieldRedistStoreNF(): Just entered routine.
20240718 031904.501 INFO             PET1 ESMF_FieldRedistStoreNF(): Leaving routine.
20240718 031904.501 INFO             PET1  NUMBER_OF_PROCESSORS           4
20240718 031904.501 INFO             PET1  PASS  Example ESMF_FieldRedistEx, ESMF_FieldRedistEx.F90, line 521
20240718 031904.501 INFO             PET1  Finalizing ESMF
20240718 031904.493 INFO             PET2 !!!!!!!!!!!!!!!!!!!!!!!!!!!!!!!!!!!!!!!!!!!!!!!!!!!!!!
20240718 031904.493 INFO             PET2 !!! THE ESMF_LOG IS SET TO OUTPUT ALL LOG MESSAGES !!!
20240718 031904.493 INFO             PET2 !!!     THIS MAY CAUSE SLOWDOWN IN PERFORMANCE     !!!
20240718 031904.493 INFO             PET2 !!! FOR PRODUCTION RUNS, USE:                      !!!
20240718 031904.493 INFO             PET2 !!!                   ESMF_LOGKIND_Multi_On_Error  !!!
20240718 031904.493 INFO             PET2 !!!!!!!!!!!!!!!!!!!!!!!!!!!!!!!!!!!!!!!!!!!!!!!!!!!!!!
20240718 031904.493 INFO             PET2 Running with ESMF Version   : v8.7.0b08-5-g631ae04f9a
20240718 031904.493 INFO             PET2 ESMF library build date/time: "Jul 18 2024" "02:42:33"
20240718 031904.493 INFO             PET2 ESMF library build location : /glade/derecho/scratch/sacks/esmf-testing/intel_2023.2.1-classic_mpi_g_feature_smm_store_search/esmf
20240718 031904.493 INFO             PET2 ESMF_COMM                   : mpi
20240718 031904.494 INFO             PET2 ESMF_MOAB                   : enabled
20240718 031904.494 INFO             PET2 ESMF_LAPACK                 : enabled
20240718 031904.494 INFO             PET2 ESMF_NETCDF                 : enabled
20240718 031904.494 INFO             PET2 ESMF_PNETCDF                : disabled
20240718 031904.494 INFO             PET2 ESMF_PIO                    : enabled
20240718 031904.494 INFO             PET2 ESMF_YAMLCPP                : enabled
20240718 031904.496 INFO             PET2 ESMF_FieldRedistStoreNF(): Just entered routine.
20240718 031904.497 INFO             PET2 ESMF_FieldRedistStoreNF(): Leaving routine.
20240718 031904.500 INFO             PET2 ESMF_FieldRedistStoreNF(): Just entered routine.
20240718 031904.500 INFO             PET2 ESMF_FieldRedistStoreNF(): Leaving routine.
20240718 031904.500 INFO             PET2 ESMF_FieldRedistStoreNF(): Just entered routine.
20240718 031904.501 INFO             PET2 ESMF_FieldRedistStoreNF(): Leaving routine.
20240718 031904.501 INFO             PET2  NUMBER_OF_PROCESSORS           4
20240718 031904.501 INFO             PET2  PASS  Example ESMF_FieldRedistEx, ESMF_FieldRedistEx.F90, line 521
20240718 031904.501 INFO             PET2  Finalizing ESMF
20240718 031904.494 INFO             PET3 !!!!!!!!!!!!!!!!!!!!!!!!!!!!!!!!!!!!!!!!!!!!!!!!!!!!!!
20240718 031904.494 INFO             PET3 !!! THE ESMF_LOG IS SET TO OUTPUT ALL LOG MESSAGES !!!
20240718 031904.494 INFO             PET3 !!!     THIS MAY CAUSE SLOWDOWN IN PERFORMANCE     !!!
20240718 031904.494 INFO             PET3 !!! FOR PRODUCTION RUNS, USE:                      !!!
20240718 031904.494 INFO             PET3 !!!                   ESMF_LOGKIND_Multi_On_Error  !!!
20240718 031904.494 INFO             PET3 !!!!!!!!!!!!!!!!!!!!!!!!!!!!!!!!!!!!!!!!!!!!!!!!!!!!!!
20240718 031904.494 INFO             PET3 Running with ESMF Version   : v8.7.0b08-5-g631ae04f9a
20240718 031904.494 INFO             PET3 ESMF library build date/time: "Jul 18 2024" "02:42:33"
20240718 031904.494 INFO             PET3 ESMF library build location : /glade/derecho/scratch/sacks/esmf-testing/intel_2023.2.1-classic_mpi_g_feature_smm_store_search/esmf
20240718 031904.494 INFO             PET3 ESMF_COMM                   : mpi
20240718 031904.494 INFO             PET3 ESMF_MOAB                   : enabled
20240718 031904.494 INFO             PET3 ESMF_LAPACK                 : enabled
20240718 031904.494 INFO             PET3 ESMF_NETCDF                 : enabled
20240718 031904.494 INFO             PET3 ESMF_PNETCDF                : disabled
20240718 031904.494 INFO             PET3 ESMF_PIO                    : enabled
20240718 031904.494 INFO             PET3 ESMF_YAMLCPP                : enabled
20240718 031904.496 INFO             PET3 ESMF_FieldRedistStoreNF(): Just entered routine.
20240718 031904.497 INFO             PET3 ESMF_FieldRedistStoreNF(): Leaving routine.
20240718 031904.500 INFO             PET3 ESMF_FieldRedistStoreNF(): Just entered routine.
20240718 031904.500 INFO             PET3 ESMF_FieldRedistStoreNF(): Leaving routine.
20240718 031904.500 INFO             PET3 ESMF_FieldRedistStoreNF(): Just entered routine.
20240718 031904.501 INFO             PET3 ESMF_FieldRedistStoreNF(): Leaving routine.
20240718 031904.501 INFO             PET3  NUMBER_OF_PROCESSORS           4
20240718 031904.501 INFO             PET3  PASS  Example ESMF_FieldRedistEx, ESMF_FieldRedistEx.F90, line 521
20240718 031904.501 INFO             PET3  Finalizing ESMF
