2024-06-29 13:46:26
20240629 142657.073 INFO             PET0 !!!!!!!!!!!!!!!!!!!!!!!!!!!!!!!!!!!!!!!!!!!!!!!!!!!!!!
20240629 142657.073 INFO             PET0 !!! THE ESMF_LOG IS SET TO OUTPUT ALL LOG MESSAGES !!!
20240629 142657.073 INFO             PET0 !!!     THIS MAY CAUSE SLOWDOWN IN PERFORMANCE     !!!
20240629 142657.073 INFO             PET0 !!! FOR PRODUCTION RUNS, USE:                      !!!
20240629 142657.073 INFO             PET0 !!!                   ESMF_LOGKIND_Multi_On_Error  !!!
20240629 142657.073 INFO             PET0 !!!!!!!!!!!!!!!!!!!!!!!!!!!!!!!!!!!!!!!!!!!!!!!!!!!!!!
20240629 142657.073 INFO             PET0 Running with ESMF Version   : v8.7.0b07-20-g1e77226def
20240629 142657.073 INFO             PET0 ESMF library build date/time: "Jun 29 2024" "13:45:31"
20240629 142657.073 INFO             PET0 ESMF library build location : /discover/nobackup/projects/sbu/mpotts/esmf-test/gfortran_10.1.0_intelmpi_O_develop/esmf
20240629 142657.073 INFO             PET0 ESMF_COMM                   : intelmpi
20240629 142657.073 INFO             PET0 ESMF_MOAB                   : enabled
20240629 142657.073 INFO             PET0 ESMF_LAPACK                 : enabled
20240629 142657.073 INFO             PET0 ESMF_NETCDF                 : disabled
20240629 142657.073 INFO             PET0 ESMF_PNETCDF                : disabled
20240629 142657.073 INFO             PET0 ESMF_PIO                    : disabled
20240629 142657.073 INFO             PET0 ESMF_YAMLCPP                : enabled
20240629 142657.073 INFO             PET0  NUMBER_OF_PROCESSORS           4
20240629 142657.073 INFO             PET0  PASS  Example ESMF_VMUserMpiEx, ESMF_VMUserMpiEx.F90, line 96
20240629 142657.073 INFO             PET0  Finalizing ESMF with endflag==ESMF_END_KEEPMPI
20240629 142657.073 INFO             PET1 !!!!!!!!!!!!!!!!!!!!!!!!!!!!!!!!!!!!!!!!!!!!!!!!!!!!!!
20240629 142657.073 INFO             PET1 !!! THE ESMF_LOG IS SET TO OUTPUT ALL LOG MESSAGES !!!
20240629 142657.073 INFO             PET1 !!!     THIS MAY CAUSE SLOWDOWN IN PERFORMANCE     !!!
20240629 142657.073 INFO             PET1 !!! FOR PRODUCTION RUNS, USE:                      !!!
20240629 142657.073 INFO             PET1 !!!                   ESMF_LOGKIND_Multi_On_Error  !!!
20240629 142657.073 INFO             PET1 !!!!!!!!!!!!!!!!!!!!!!!!!!!!!!!!!!!!!!!!!!!!!!!!!!!!!!
20240629 142657.073 INFO             PET1 Running with ESMF Version   : v8.7.0b07-20-g1e77226def
20240629 142657.073 INFO             PET1 ESMF library build date/time: "Jun 29 2024" "13:45:31"
20240629 142657.073 INFO             PET1 ESMF library build location : /discover/nobackup/projects/sbu/mpotts/esmf-test/gfortran_10.1.0_intelmpi_O_develop/esmf
20240629 142657.073 INFO             PET1 ESMF_COMM                   : intelmpi
20240629 142657.073 INFO             PET1 ESMF_MOAB                   : enabled
20240629 142657.073 INFO             PET1 ESMF_LAPACK                 : enabled
20240629 142657.073 INFO             PET1 ESMF_NETCDF                 : disabled
20240629 142657.073 INFO             PET1 ESMF_PNETCDF                : disabled
20240629 142657.073 INFO             PET1 ESMF_PIO                    : disabled
20240629 142657.073 INFO             PET1 ESMF_YAMLCPP                : enabled
20240629 142657.073 INFO             PET1  NUMBER_OF_PROCESSORS           4
20240629 142657.073 INFO             PET1  PASS  Example ESMF_VMUserMpiEx, ESMF_VMUserMpiEx.F90, line 96
20240629 142657.073 INFO             PET1  Finalizing ESMF with endflag==ESMF_END_KEEPMPI
20240629 142657.073 INFO             PET2 !!!!!!!!!!!!!!!!!!!!!!!!!!!!!!!!!!!!!!!!!!!!!!!!!!!!!!
20240629 142657.073 INFO             PET2 !!! THE ESMF_LOG IS SET TO OUTPUT ALL LOG MESSAGES !!!
20240629 142657.073 INFO             PET2 !!!     THIS MAY CAUSE SLOWDOWN IN PERFORMANCE     !!!
20240629 142657.073 INFO             PET2 !!! FOR PRODUCTION RUNS, USE:                      !!!
20240629 142657.073 INFO             PET2 !!!                   ESMF_LOGKIND_Multi_On_Error  !!!
20240629 142657.073 INFO             PET2 !!!!!!!!!!!!!!!!!!!!!!!!!!!!!!!!!!!!!!!!!!!!!!!!!!!!!!
20240629 142657.073 INFO             PET2 Running with ESMF Version   : v8.7.0b07-20-g1e77226def
20240629 142657.073 INFO             PET2 ESMF library build date/time: "Jun 29 2024" "13:45:31"
20240629 142657.073 INFO             PET2 ESMF library build location : /discover/nobackup/projects/sbu/mpotts/esmf-test/gfortran_10.1.0_intelmpi_O_develop/esmf
20240629 142657.073 INFO             PET2 ESMF_COMM                   : intelmpi
20240629 142657.073 INFO             PET2 ESMF_MOAB                   : enabled
20240629 142657.073 INFO             PET2 ESMF_LAPACK                 : enabled
20240629 142657.073 INFO             PET2 ESMF_NETCDF                 : disabled
20240629 142657.073 INFO             PET2 ESMF_PNETCDF                : disabled
20240629 142657.073 INFO             PET2 ESMF_PIO                    : disabled
20240629 142657.073 INFO             PET2 ESMF_YAMLCPP                : enabled
20240629 142657.073 INFO             PET2  NUMBER_OF_PROCESSORS           4
20240629 142657.073 INFO             PET2  PASS  Example ESMF_VMUserMpiEx, ESMF_VMUserMpiEx.F90, line 96
20240629 142657.073 INFO             PET2  Finalizing ESMF with endflag==ESMF_END_KEEPMPI
20240629 142657.073 INFO             PET3 !!!!!!!!!!!!!!!!!!!!!!!!!!!!!!!!!!!!!!!!!!!!!!!!!!!!!!
20240629 142657.073 INFO             PET3 !!! THE ESMF_LOG IS SET TO OUTPUT ALL LOG MESSAGES !!!
20240629 142657.073 INFO             PET3 !!!     THIS MAY CAUSE SLOWDOWN IN PERFORMANCE     !!!
20240629 142657.073 INFO             PET3 !!! FOR PRODUCTION RUNS, USE:                      !!!
20240629 142657.073 INFO             PET3 !!!                   ESMF_LOGKIND_Multi_On_Error  !!!
20240629 142657.073 INFO             PET3 !!!!!!!!!!!!!!!!!!!!!!!!!!!!!!!!!!!!!!!!!!!!!!!!!!!!!!
20240629 142657.073 INFO             PET3 Running with ESMF Version   : v8.7.0b07-20-g1e77226def
20240629 142657.073 INFO             PET3 ESMF library build date/time: "Jun 29 2024" "13:45:31"
20240629 142657.073 INFO             PET3 ESMF library build location : /discover/nobackup/projects/sbu/mpotts/esmf-test/gfortran_10.1.0_intelmpi_O_develop/esmf
20240629 142657.073 INFO             PET3 ESMF_COMM                   : intelmpi
20240629 142657.073 INFO             PET3 ESMF_MOAB                   : enabled
20240629 142657.073 INFO             PET3 ESMF_LAPACK                 : enabled
20240629 142657.073 INFO             PET3 ESMF_NETCDF                 : disabled
20240629 142657.073 INFO             PET3 ESMF_PNETCDF                : disabled
20240629 142657.073 INFO             PET3 ESMF_PIO                    : disabled
20240629 142657.073 INFO             PET3 ESMF_YAMLCPP                : enabled
20240629 142657.073 INFO             PET3  NUMBER_OF_PROCESSORS           4
20240629 142657.074 INFO             PET3  PASS  Example ESMF_VMUserMpiEx, ESMF_VMUserMpiEx.F90, line 96
20240629 142657.074 INFO             PET3  Finalizing ESMF with endflag==ESMF_END_KEEPMPI
