2024-08-04 07:30:38
20240804 080321.277 INFO             PET0 !!!!!!!!!!!!!!!!!!!!!!!!!!!!!!!!!!!!!!!!!!!!!!!!!!!!!!
20240804 080321.278 INFO             PET0 !!! THE ESMF_LOG IS SET TO OUTPUT ALL LOG MESSAGES !!!
20240804 080321.278 INFO             PET0 !!!     THIS MAY CAUSE SLOWDOWN IN PERFORMANCE     !!!
20240804 080321.278 INFO             PET0 !!! FOR PRODUCTION RUNS, USE:                      !!!
20240804 080321.278 INFO             PET0 !!!                   ESMF_LOGKIND_Multi_On_Error  !!!
20240804 080321.278 INFO             PET0 !!!!!!!!!!!!!!!!!!!!!!!!!!!!!!!!!!!!!!!!!!!!!!!!!!!!!!
20240804 080321.278 INFO             PET0 Running with ESMF Version   : v8.7.0b11
20240804 080321.278 INFO             PET0 ESMF library build date/time: "Aug  4 2024" "07:29:42"
20240804 080321.278 INFO             PET0 ESMF library build location : /discover/nobackup/projects/sbu/mpotts/esmf-test/gfortran_10.1.0_intelmpi_O_develop/esmf
20240804 080321.278 INFO             PET0 ESMF_COMM                   : intelmpi
20240804 080321.278 INFO             PET0 ESMF_MOAB                   : enabled
20240804 080321.278 INFO             PET0 ESMF_LAPACK                 : enabled
20240804 080321.278 INFO             PET0 ESMF_NETCDF                 : disabled
20240804 080321.278 INFO             PET0 ESMF_PNETCDF                : disabled
20240804 080321.278 INFO             PET0 ESMF_PIO                    : disabled
20240804 080321.278 INFO             PET0 ESMF_YAMLCPP                : enabled
20240804 080321.305 DEBUG            PET0 about to destroy Grid: 0x1917b00
20240804 080321.307 DEBUG            PET0 about to destroy Grid: 0x1918e90
20240804 080321.315 INFO             PET0  NUMBER_OF_PROCESSORS           4
20240804 080321.315 INFO             PET0  PASS  Example ESMF_NUOPCAtmModelEx, ESMF_NUOPCAtmModelEx.F90, line 806
20240804 080321.315 INFO             PET0  Finalizing ESMF
20240804 080321.277 INFO             PET1 !!!!!!!!!!!!!!!!!!!!!!!!!!!!!!!!!!!!!!!!!!!!!!!!!!!!!!
20240804 080321.277 INFO             PET1 !!! THE ESMF_LOG IS SET TO OUTPUT ALL LOG MESSAGES !!!
20240804 080321.277 INFO             PET1 !!!     THIS MAY CAUSE SLOWDOWN IN PERFORMANCE     !!!
20240804 080321.277 INFO             PET1 !!! FOR PRODUCTION RUNS, USE:                      !!!
20240804 080321.277 INFO             PET1 !!!                   ESMF_LOGKIND_Multi_On_Error  !!!
20240804 080321.277 INFO             PET1 !!!!!!!!!!!!!!!!!!!!!!!!!!!!!!!!!!!!!!!!!!!!!!!!!!!!!!
20240804 080321.277 INFO             PET1 Running with ESMF Version   : v8.7.0b11
20240804 080321.277 INFO             PET1 ESMF library build date/time: "Aug  4 2024" "07:29:42"
20240804 080321.277 INFO             PET1 ESMF library build location : /discover/nobackup/projects/sbu/mpotts/esmf-test/gfortran_10.1.0_intelmpi_O_develop/esmf
20240804 080321.277 INFO             PET1 ESMF_COMM                   : intelmpi
20240804 080321.278 INFO             PET1 ESMF_MOAB                   : enabled
20240804 080321.278 INFO             PET1 ESMF_LAPACK                 : enabled
20240804 080321.278 INFO             PET1 ESMF_NETCDF                 : disabled
20240804 080321.278 INFO             PET1 ESMF_PNETCDF                : disabled
20240804 080321.278 INFO             PET1 ESMF_PIO                    : disabled
20240804 080321.278 INFO             PET1 ESMF_YAMLCPP                : enabled
20240804 080321.305 DEBUG            PET1 about to destroy Grid: 0x1d01740
20240804 080321.307 DEBUG            PET1 about to destroy Grid: 0x1d023a0
20240804 080321.315 INFO             PET1  NUMBER_OF_PROCESSORS           4
20240804 080321.315 INFO             PET1  PASS  Example ESMF_NUOPCAtmModelEx, ESMF_NUOPCAtmModelEx.F90, line 806
20240804 080321.315 INFO             PET1  Finalizing ESMF
20240804 080321.278 INFO             PET2 !!!!!!!!!!!!!!!!!!!!!!!!!!!!!!!!!!!!!!!!!!!!!!!!!!!!!!
20240804 080321.278 INFO             PET2 !!! THE ESMF_LOG IS SET TO OUTPUT ALL LOG MESSAGES !!!
20240804 080321.278 INFO             PET2 !!!     THIS MAY CAUSE SLOWDOWN IN PERFORMANCE     !!!
20240804 080321.278 INFO             PET2 !!! FOR PRODUCTION RUNS, USE:                      !!!
20240804 080321.278 INFO             PET2 !!!                   ESMF_LOGKIND_Multi_On_Error  !!!
20240804 080321.278 INFO             PET2 !!!!!!!!!!!!!!!!!!!!!!!!!!!!!!!!!!!!!!!!!!!!!!!!!!!!!!
20240804 080321.278 INFO             PET2 Running with ESMF Version   : v8.7.0b11
20240804 080321.278 INFO             PET2 ESMF library build date/time: "Aug  4 2024" "07:29:42"
20240804 080321.278 INFO             PET2 ESMF library build location : /discover/nobackup/projects/sbu/mpotts/esmf-test/gfortran_10.1.0_intelmpi_O_develop/esmf
20240804 080321.278 INFO             PET2 ESMF_COMM                   : intelmpi
20240804 080321.278 INFO             PET2 ESMF_MOAB                   : enabled
20240804 080321.278 INFO             PET2 ESMF_LAPACK                 : enabled
20240804 080321.278 INFO             PET2 ESMF_NETCDF                 : disabled
20240804 080321.278 INFO             PET2 ESMF_PNETCDF                : disabled
20240804 080321.278 INFO             PET2 ESMF_PIO                    : disabled
20240804 080321.278 INFO             PET2 ESMF_YAMLCPP                : enabled
20240804 080321.305 DEBUG            PET2 about to destroy Grid: 0x16c3ef0
20240804 080321.307 DEBUG            PET2 about to destroy Grid: 0x16c4bd0
20240804 080321.315 INFO             PET2  NUMBER_OF_PROCESSORS           4
20240804 080321.315 INFO             PET2  PASS  Example ESMF_NUOPCAtmModelEx, ESMF_NUOPCAtmModelEx.F90, line 806
20240804 080321.315 INFO             PET2  Finalizing ESMF
20240804 080321.278 INFO             PET3 !!!!!!!!!!!!!!!!!!!!!!!!!!!!!!!!!!!!!!!!!!!!!!!!!!!!!!
20240804 080321.278 INFO             PET3 !!! THE ESMF_LOG IS SET TO OUTPUT ALL LOG MESSAGES !!!
20240804 080321.278 INFO             PET3 !!!     THIS MAY CAUSE SLOWDOWN IN PERFORMANCE     !!!
20240804 080321.278 INFO             PET3 !!! FOR PRODUCTION RUNS, USE:                      !!!
20240804 080321.278 INFO             PET3 !!!                   ESMF_LOGKIND_Multi_On_Error  !!!
20240804 080321.278 INFO             PET3 !!!!!!!!!!!!!!!!!!!!!!!!!!!!!!!!!!!!!!!!!!!!!!!!!!!!!!
20240804 080321.278 INFO             PET3 Running with ESMF Version   : v8.7.0b11
20240804 080321.278 INFO             PET3 ESMF library build date/time: "Aug  4 2024" "07:29:42"
20240804 080321.278 INFO             PET3 ESMF library build location : /discover/nobackup/projects/sbu/mpotts/esmf-test/gfortran_10.1.0_intelmpi_O_develop/esmf
20240804 080321.278 INFO             PET3 ESMF_COMM                   : intelmpi
20240804 080321.278 INFO             PET3 ESMF_MOAB                   : enabled
20240804 080321.278 INFO             PET3 ESMF_LAPACK                 : enabled
20240804 080321.278 INFO             PET3 ESMF_NETCDF                 : disabled
20240804 080321.278 INFO             PET3 ESMF_PNETCDF                : disabled
20240804 080321.278 INFO             PET3 ESMF_PIO                    : disabled
20240804 080321.278 INFO             PET3 ESMF_YAMLCPP                : enabled
20240804 080321.305 DEBUG            PET3 about to destroy Grid: 0x1ac30b0
20240804 080321.307 DEBUG            PET3 about to destroy Grid: 0x1ac3af0
20240804 080321.315 INFO             PET3  NUMBER_OF_PROCESSORS           4
20240804 080321.315 INFO             PET3  PASS  Example ESMF_NUOPCAtmModelEx, ESMF_NUOPCAtmModelEx.F90, line 806
20240804 080321.315 INFO             PET3  Finalizing ESMF
