2024-07-17 01:43:31
20240717 021053.717 INFO             PET0 !!!!!!!!!!!!!!!!!!!!!!!!!!!!!!!!!!!!!!!!!!!!!!!!!!!!!!
20240717 021053.717 INFO             PET0 !!! THE ESMF_LOG IS SET TO OUTPUT ALL LOG MESSAGES !!!
20240717 021053.717 INFO             PET0 !!!     THIS MAY CAUSE SLOWDOWN IN PERFORMANCE     !!!
20240717 021053.717 INFO             PET0 !!! FOR PRODUCTION RUNS, USE:                      !!!
20240717 021053.717 INFO             PET0 !!!                   ESMF_LOGKIND_Multi_On_Error  !!!
20240717 021053.717 INFO             PET0 !!!!!!!!!!!!!!!!!!!!!!!!!!!!!!!!!!!!!!!!!!!!!!!!!!!!!!
20240717 021053.717 INFO             PET0 Running with ESMF Version   : v8.7.0b08-15-g7133ea3e40
20240717 021053.717 INFO             PET0 ESMF library build date/time: "Jul 17 2024" "01:42:21"
20240717 021053.717 INFO             PET0 ESMF library build location : /discover/nobackup/projects/sbu/mpotts/esmf-test/gfortran_10.1.0_intelmpi_O_develop/esmf
20240717 021053.717 INFO             PET0 ESMF_COMM                   : intelmpi
20240717 021053.717 INFO             PET0 ESMF_MOAB                   : enabled
20240717 021053.717 INFO             PET0 ESMF_LAPACK                 : enabled
20240717 021053.717 INFO             PET0 ESMF_NETCDF                 : disabled
20240717 021053.717 INFO             PET0 ESMF_PNETCDF                : disabled
20240717 021053.717 INFO             PET0 ESMF_PIO                    : disabled
20240717 021053.717 INFO             PET0 ESMF_YAMLCPP                : enabled
20240717 021053.718 INFO             PET0  NUMBER_OF_PROCESSORS           1
20240717 021053.718 INFO             PET0  PASS  Example ESMF_TimeIntervalEx, ESMF_TimeIntervalEx.F90, line 176
20240717 021053.718 INFO             PET0  Finalizing ESMF
