2024-08-01 07:41:33
--- ESMCI::ArrayBundle::print start ---
ArrayBundle: MyArrayBundle
arrayCount = 3
Container::print() multipmap:item=0 key=AonFly value=0x26b84d0
Container::print() multipmap:item=1 key=Array002 value=0x2715110
Container::print() multipmap:item=2 key=Array003 value=0x2715920
Container::print()      list:item=0 key=Array002 value=0x2715110
--- ESMCI::ArrayBundle::print start ---
ArrayBundle: MyArrayBundle
arrayCount = 3
Container::print() multipmap:item=0 key=AonFly value=0x1c26210
Container::print() multipmap:item=1 key=Array002 value=0x1c223f0
Container::print() multipmap:item=2 key=Array003 value=0x1c23260
Container::print()      list:item=0 key=Array002 value=0x1c223f0
Container::print()      list:item=1 key=Array003 value=0x1c23260
Container::print()      list:item=2 key=AonFly value=0x1c26210
--- ESMCI::ArrayBundle::print end ---
--- ESMCI::ArrayBundle::print start ---
ArrayBundle: MyArrayBundle
arrayCount = 3
Container::print() multipmap:item=0 key=AonFly value=0x19eeda0
Container::print() multipmap:item=1 key=Array002 value=0x1a4ba00
Container::print() multipmap:item=2 key=Array003 value=0x1a4c1f0
Container::print()      list:item=0 key=Array002 value=0x1a4ba00
Container::print()      list:item=1 key=Array003 value=0x1a4c1f0
Container::print()      list:item=2 key=AonFly value=0x19eeda0
--- ESMCI::ArrayBundle::print end ---
--- ESMCI::ArrayBundle::print start ---
ArrayBundle: MyArrayBundle
arrayCount = 3
Container::print() multipmap:item=0 key=AonFly value=0x22f8590
Container::print() multipmap:item=1 key=Array002 value=0x2354010
Container::print() multipmap:item=2 key=Array003 value=0x2354f00
Container::print()      list:item=0 key=Array002 value=0x2354010
Container::print()      list:item=1 key=Array003 value=0x2354f00
Container::print()      list:item=2 key=AonFly value=0x22f8590
--- ESMCI::ArrayBundle::print end ---
Container::print()      list:item=1 key=Array003 value=0x2715920
Container::print()      list:item=2 key=AonFly value=0x26b84d0
--- ESMCI::ArrayBundle::print end ---
--- ESMCI::Array::print start ---
 Base name    = AonFly
 Status: Base = Ready,  object = Ready
 Proxy        = no
 Root Info (Attributes):
{}Array typekind/rank: Real*4 / 2 
~ lower class' values ~
DistGrid dimCount = 2
deCount = 6
localDeCount = 1
~ local data in LocalArray for DE 3 ~
LocalArrayPrint: Array at address 0x19eea70:
            rank = 2, typekind = 5, base_addr = 0x19ede50
            dim[0] = 2  dim[1] = 2  
  Real, *4, Dim 2, Data values:
( 1, 1) =  5.83591e-38
( 2, 1) =  0
( 1, 2) =  0
( 2, 2) =  0
dim 1: [0]: [1 [1 [1, 2] 2] 2]
dim 2: [1]: [1 [1 [1, 2] 2] 2]
--- ESMCI::Array::print end ---
--- ESMCI::Array::print start ---
 Base name    = Array002
 Status: Base = Ready,  object = Ready
 Proxy        = no
 Root Info (Attributes):
{}Array typekind/rank: Real*8 / 2 
~ lower class' values ~
DistGrid dimCount = 2
deCount = 6
localDeCount = 1
~ local data in LocalArray for DE 3 ~
LocalArrayPrint: Array at address 0x1815db0:
            rank = 2, typekind = 6, base_addr = 0x1a64ed0
            dim[0] = 2  dim[1] = 2  
  Real, *8, Dim 2, Data values:
( 1, 1) =  1.4274e+64
( 2, 1) =  6.01347e-154
( 1, 2) =  6.01347e-154
( 2, 2) =  6.10916e+223
dim 1: [0]: [1 [1 [1, 2] 2] 2]
dim 2: [1]: [1 [1 [1, 2] 2] 2]
--- ESMCI::Array::print end ---
--- ESMCI::Array::print start ---
 Base name    = Array003
 Status: Base = Ready,  object = Ready
 Proxy        = no
 Root Info (Attributes):
{}Array typekind/rank: Real*8 / 2 
~ lower class' values ~
DistGrid dimCount = 2
deCount = 6
localDeCount = 1
~ local data in LocalArray for DE 3 ~
LocalArrayPrint: Array at address 0x182c050:
            rank = 2, typekind = 6, base_addr = 0x1a64e80
            dim[0] = 2  dim[1] = 2  
  Real, *8, Dim 2, Data values:
( 1, 1) =  1.4274e+64
( 2, 1) =  6.01347e-154
( 1, 2) =  6.01347e-154
( 2, 2) =  6.10916e+223
dim 1: [0]: [1 [1 [1, 2] 2] 2]
dim 2: [1]: [1 [1 [1, 2] 2] 2]
--- ESMCI::Array::print end ---
  PASS  Example ESMF_ArrayBundleEx, ESMF_ArrayBundleEx.F90, line 267
--- ESMCI::Array::print start ---
 Base name    = AonFly
 Status: Base = Ready,  object = Ready
 Proxy        = no
 Root Info (Attributes):
{}Array typekind/rank: Real*4 / 2 
~ lower class' values ~
DistGrid dimCount = 2
deCount = 6
localDeCount = 2
~ local data in LocalArray for DE 0 ~
LocalArrayPrint: Array at address 0x1c25b70:
            rank = 2, typekind = 5, base_addr = 0x1c24ba0
            dim[0] = 3  dim[1] = 2  
  Real, *4, Dim 2, Data values:
( 1, 1) =  7.1373e-38
( 2, 1) =  0
( 3, 1) =  0
( 1, 2) =  0
( 2, 2) =  15259.8
( 3, 2) =  0
dim 1: [0]: [1 [1 [1, 3] 3] 3]
dim 2: [1]: [1 [1 [1, 2] 2] 2]
~ local data in LocalArray for DE 4 ~
LocalArrayPrint: Array at address 0x1c25ea0:
            rank = 2, typekind = 5, base_addr = 0x1c261e0
            dim[0] = 3  dim[1] = 1  
  Real, *4, Dim 2, Data values:
( 1, 1) =  0
( 2, 1) =  0
( 3, 1) =  0
dim 1: [0]: [1 [1 [1, 3] 3] 3]
dim 2: [1]: [1 [1 [1, 1] 1] 1]
--- ESMCI::Array::print end ---
--- ESMCI::Array::print start ---
 Base name    = Array002
 Status: Base = Ready,  object = Ready
 Proxy        = no
 Root Info (Attributes):
{}Array typekind/rank: Real*8 / 2 
~ lower class' values ~
DistGrid dimCount = 2
deCount = 6
localDeCount = 2
~ local data in LocalArray for DE 0 ~
LocalArrayPrint: Array at address 0x1a49db0:
            rank = 2, typekind = 6, base_addr = 0x1c7fdb0
            dim[0] = 3  dim[1] = 2  
  Real, *8, Dim 2, Data values:
( 1, 1) =  1.17118e+166
( 2, 1) =  1.02299e+200
( 3, 1) =  2.26179e-80
( 1, 2) =  593949
( 2, 2) =  1.56537e-76
( 3, 2) =  2.92674e-28
dim 1: [0]: [1 [1 [1, 3] 3] 3]
dim 2: [1]: [1 [1 [1, 2] 2] 2]
~ local data in LocalArray for DE 4 ~
LocalArrayPrint: Array at address 0x1a60050:
            rank = 2, typekind = 6, base_addr = 0x1c81690
            dim[0] = 3  dim[1] = 1  
  Real, *8, Dim 2, Data values:
( 1, 1) =  4.24399e-314
( 2, 1) =  4.24399e-314
( 3, 1) =  2.122e-314
dim 1: [0]: [1 [1 [1, 3] 3] 3]
dim 2: [1]: [1 [1 [1, 1] 1] 1]
--- ESMCI::Array::print end ---
--- ESMCI::Array::print start ---
 Base name    = Array003
 Status: Base = Ready,  object = Ready
 Proxy        = no
 Root Info (Attributes):
{}Array typekind/rank: Real*8 / 2 
~ lower class' values ~
DistGrid dimCount = 2
deCount = 6
localDeCount = 2
~ local data in LocalArray for DE 0 ~
LocalArrayPrint: Array at address 0x1c22bc0:
            rank = 2, typekind = 6, base_addr = 0x1c49910
            dim[0] = 3  dim[1] = 2  
  Real, *8, Dim 2, Data values:
( 1, 1) =  1.17118e+166
( 2, 1) =  1.02299e+200
( 3, 1) =  2.26179e-80
( 1, 2) =  593949
( 2, 2) =  1.56537e-76
( 3, 2) =  2.92674e-28
dim 1: [0]: [1 [1 [1, 3] 3] 3]
dim 2: [1]: [1 [1 [1, 2] 2] 2]
~ local data in LocalArray for DE 4 ~
LocalArrayPrint: Array at address 0x1c22ef0:
            rank = 2, typekind = 6, base_addr = 0x1c23230
            dim[0] = 3  dim[1] = 1  
  Real, *8, Dim 2, Data values:
( 1, 1) =  0
( 2, 1) =  0
( 3, 1) =  0
dim 1: [0]: [1 [1 [1, 3] 3] 3]
dim 2: [1]: [1 [1 [1, 1] 1] 1]
--- ESMCI::Array::print end ---
--- ESMCI::Array::print start ---
 Base name    = AonFly
 Status: Base = Ready,  object = Ready
 Proxy        = no
 Root Info (Attributes):
{}Array typekind/rank: Real*4 / 2 
~ lower class' values ~
DistGrid dimCount = 2
deCount = 6
localDeCount = 2
~ local data in LocalArray for DE 1 ~
LocalArrayPrint: Array at address 0x22f7f30:
            rank = 2, typekind = 5, base_addr = 0x22f6fa0
            dim[0] = 2  dim[1] = 2  
  Real, *4, Dim 2, Data values:
( 1, 1) =  1.2889e-37
( 2, 1) =  0
( 1, 2) =  0
( 2, 2) =  0
dim 1: [0]: [1 [1 [1, 2] 2] 2]
dim 2: [1]: [1 [1 [1, 2] 2] 2]
~ local data in LocalArray for DE 5 ~
LocalArrayPrint: Array at address 0x22f8260:
            rank = 2, typekind = 5, base_addr = 0x22f7f10
            dim[0] = 2  dim[1] = 1  
  Real, *4, Dim 2, Data values:
( 1, 1) =  1.2891e-37
( 2, 1) =  0
dim 1: [0]: [1 [1 [1, 2] 2] 2]
dim 2: [1]: [1 [1 [1, 1] 1] 1]
--- ESMCI::Array::print end ---
--- ESMCI::Array::print start ---
 Base name    = Array002
 Status: Base = Ready,  object = Ready
 Proxy        = no
 Root Info (Attributes):
{}Array typekind/rank: Real*8 / 2 
~ lower class' values ~
DistGrid dimCount = 2
deCount = 6
localDeCount = 2
~ local data in LocalArray for DE 1 ~
LocalArrayPrint: Array at address 0x211ddb0:
            rank = 2, typekind = 6, base_addr = 0x236d360
            dim[0] = 2  dim[1] = 2  
  Real, *8, Dim 2, Data values:
( 1, 1) =  1.4274e+64
( 2, 1) =  6.01347e-154
( 1, 2) =  6.01347e-154
( 2, 2) =  6.10916e+223
dim 1: [0]: [1 [1 [1, 2] 2] 2]
dim 2: [1]: [1 [1 [1, 2] 2] 2]
~ local data in LocalArray for DE 5 ~
LocalArrayPrint: Array at address 0x2134050:
            rank = 2, typekind = 6, base_addr = 0x236ddc0
            dim[0] = 2  dim[1] = 1  
  Real, *8, Dim 2, Data values:
( 1, 1) =  4.24399e-314
( 2, 1) =  4.24399e-314
dim 1: [0]: [1 [1 [1, 2] 2] 2]
dim 2: [1]: [1 [1 [1, 1] 1] 1]
--- ESMCI::Array::print end ---
--- ESMCI::Array::print start ---
 Base name    = Array003
 Status: Base = Ready,  object = Ready
 Proxy        = no
 Root Info (Attributes):
{}Array typekind/rank: Real*8 / 2 
~ lower class' values ~
DistGrid dimCount = 2
deCount = 6
localDeCount = 2
~ local data in LocalArray for DE 1 ~
LocalArrayPrint: Array at address 0x2354860:
            rank = 2, typekind = 6, base_addr = 0x236d310
            dim[0] = 2  dim[1] = 2  
  Real, *8, Dim 2, Data values:
( 1, 1) =  1.4274e+64
( 2, 1) =  6.01347e-154
( 1, 2) =  6.01347e-154
( 2, 2) =  6.10916e+223
dim 1: [0]: [1 [1 [1, 2] 2] 2]
dim 2: [1]: [1 [1 [1, 2] 2] 2]
~ local data in LocalArray for DE 5 ~
LocalArrayPrint: Array at address 0x2354b90:
            rank = 2, typekind = 6, base_addr = 0x2354ed0
            dim[0] = 2  dim[1] = 1  
  Real, *8, Dim 2, Data values:
( 1, 1) =  0
( 2, 1) =  0
dim 1: [0]: [1 [1 [1, 2] 2] 2]
dim 2: [1]: [1 [1 [1, 1] 1] 1]
--- ESMCI::Array::print end ---
--- ESMCI::Array::print start ---
 Base name    = AonFly
 Status: Base = Ready,  object = Ready
 Proxy        = no
 Root Info (Attributes):
{}Array typekind/rank: Real*4 / 2 
~ lower class' values ~
DistGrid dimCount = 2
deCount = 6
localDeCount = 1
~ local data in LocalArray for DE 2 ~
LocalArrayPrint: Array at address 0x26b81a0:
            rank = 2, typekind = 5, base_addr = 0x26b7580
            dim[0] = 3  dim[1] = 2  
  Real, *4, Dim 2, Data values:
( 1, 1) =  1.72988e-37
( 2, 1) =  0
( 3, 1) =  0
( 1, 2) =  0
( 2, 2) =  15259.8
( 3, 2) =  0
dim 1: [0]: [1 [1 [1, 3] 3] 3]
dim 2: [1]: [1 [1 [1, 2] 2] 2]
--- ESMCI::Array::print end ---
--- ESMCI::Array::print start ---
 Base name    = Array002
 Status: Base = Ready,  object = Ready
 Proxy        = no
 Root Info (Attributes):
{}Array typekind/rank: Real*8 / 2 
~ lower class' values ~
DistGrid dimCount = 2
deCount = 6
localDeCount = 1
~ local data in LocalArray for DE 2 ~
LocalArrayPrint: Array at address 0x24dedb0:
            rank = 2, typekind = 6, base_addr = 0x272dee0
            dim[0] = 3  dim[1] = 2  
  Real, *8, Dim 2, Data values:
( 1, 1) =  1.17118e+166
( 2, 1) =  1.02299e+200
( 3, 1) =  2.26179e-80
( 1, 2) =  593949
( 2, 2) =  1.56537e-76
( 3, 2) =  2.92674e-28
dim 1: [0]: [1 [1 [1, 3] 3] 3]
dim 2: [1]: [1 [1 [1, 2] 2] 2]
--- ESMCI::Array::print end ---
--- ESMCI::Array::print start ---
 Base name    = Array003
 Status: Base = Ready,  object = Ready
 Proxy        = no
 Root Info (Attributes):
{}Array typekind/rank: Real*8 / 2 
~ lower class' values ~
DistGrid dimCount = 2
deCount = 6
localDeCount = 1
~ local data in LocalArray for DE 2 ~
LocalArrayPrint: Array at address 0x24f5050:
            rank = 2, typekind = 6, base_addr = 0x272de80
            dim[0] = 3  dim[1] = 2  
  Real, *8, Dim 2, Data values:
( 1, 1) =  1.17118e+166
( 2, 1) =  1.02299e+200
( 3, 1) =  2.26179e-80
( 1, 2) =  593949
( 2, 2) =  1.56537e-76
( 3, 2) =  2.92674e-28
dim 1: [0]: [1 [1 [1, 3] 3] 3]
dim 2: [1]: [1 [1 [1, 2] 2] 2]
--- ESMCI::Array::print end ---
  PASS  Example ESMF_ArrayBundleEx, ESMF_ArrayBundleEx.F90, line 267
  PASS  Example ESMF_ArrayBundleEx, ESMF_ArrayBundleEx.F90, line 267
  PASS  Example ESMF_ArrayBundleEx, ESMF_ArrayBundleEx.F90, line 267
 PASS: ESMF_ArrayBundleEx.F90
 PASS: ESMF_ArrayBundleEx.F90
 PASS: ESMF_ArrayBundleEx.F90
 PASS: ESMF_ArrayBundleEx.F90
