2024-08-02 07:43:21
20240802 084051.520 INFO             PET0 !!!!!!!!!!!!!!!!!!!!!!!!!!!!!!!!!!!!!!!!!!!!!!!!!!!!!!
20240802 084051.520 INFO             PET0 !!! THE ESMF_LOG IS SET TO OUTPUT ALL LOG MESSAGES !!!
20240802 084051.520 INFO             PET0 !!!     THIS MAY CAUSE SLOWDOWN IN PERFORMANCE     !!!
20240802 084051.520 INFO             PET0 !!! FOR PRODUCTION RUNS, USE:                      !!!
20240802 084051.520 INFO             PET0 !!!                   ESMF_LOGKIND_Multi_On_Error  !!!
20240802 084051.520 INFO             PET0 !!!!!!!!!!!!!!!!!!!!!!!!!!!!!!!!!!!!!!!!!!!!!!!!!!!!!!
20240802 084051.520 INFO             PET0 Running with ESMF Version   : v8.7.0b10-21-g6127c6256e
20240802 084051.520 INFO             PET0 ESMF library build date/time: "Aug  2 2024" "07:39:23"
20240802 084051.520 INFO             PET0 ESMF library build location : /scratch2/NCEPDEV/stmp1/Gerhard.Theurich/ESMF-Nightly-Testing/nvhpc_24.1_openmpi_g_nrl_work-esmx/esmf
20240802 084051.520 INFO             PET0 ESMF_COMM                   : openmpi
20240802 084051.521 INFO             PET0 ESMF_MOAB                   : enabled
20240802 084051.521 INFO             PET0 ESMF_LAPACK                 : enabled
20240802 084051.521 INFO             PET0 ESMF_NETCDF                 : disabled
20240802 084051.521 INFO             PET0 ESMF_PNETCDF                : disabled
20240802 084051.521 INFO             PET0 ESMF_PIO                    : disabled
20240802 084051.521 INFO             PET0 ESMF_YAMLCPP                : enabled
20240802 084051.521 INFO             PET0  NUMBER_OF_PROCESSORS            1
20240802 084051.521 INFO             PET0  PASS  Example CalendarEx, ESMF_CalendarEx.F90, line 217
20240802 084051.521 INFO             PET0  Finalizing ESMF
