2024-08-01 07:41:33
20240801 084506.815 INFO             PET0 !!!!!!!!!!!!!!!!!!!!!!!!!!!!!!!!!!!!!!!!!!!!!!!!!!!!!!
20240801 084506.815 INFO             PET0 !!! THE ESMF_LOG IS SET TO OUTPUT ALL LOG MESSAGES !!!
20240801 084506.815 INFO             PET0 !!!     THIS MAY CAUSE SLOWDOWN IN PERFORMANCE     !!!
20240801 084506.815 INFO             PET0 !!! FOR PRODUCTION RUNS, USE:                      !!!
20240801 084506.815 INFO             PET0 !!!                   ESMF_LOGKIND_Multi_On_Error  !!!
20240801 084506.815 INFO             PET0 !!!!!!!!!!!!!!!!!!!!!!!!!!!!!!!!!!!!!!!!!!!!!!!!!!!!!!
20240801 084506.815 INFO             PET0 Running with ESMF Version   : v8.7.0b10-21-g6127c6256e
20240801 084506.815 INFO             PET0 ESMF library build date/time: "Aug  1 2024" "07:37:44"
20240801 084506.815 INFO             PET0 ESMF library build location : /scratch2/NCEPDEV/stmp1/Gerhard.Theurich/ESMF-Nightly-Testing/nvhpc_24.1_openmpi_g_nrl_work-esmx/esmf
20240801 084506.815 INFO             PET0 ESMF_COMM                   : openmpi
20240801 084506.816 INFO             PET0 ESMF_MOAB                   : enabled
20240801 084506.816 INFO             PET0 ESMF_LAPACK                 : enabled
20240801 084506.816 INFO             PET0 ESMF_NETCDF                 : disabled
20240801 084506.816 INFO             PET0 ESMF_PNETCDF                : disabled
20240801 084506.816 INFO             PET0 ESMF_PIO                    : disabled
20240801 084506.816 INFO             PET0 ESMF_YAMLCPP                : enabled
20240801 084506.994 DEBUG            PET0 about to destroy Grid: 0x11a8bd0
20240801 084507.005 DEBUG            PET0 about to destroy Grid: 0x11ac9a0
20240801 084507.038 INFO             PET0  NUMBER_OF_PROCESSORS            4
20240801 084507.038 INFO             PET0  PASS  Example ESMF_NUOPCAtmModelEx, ESMF_NUOPCAtmModelEx.F90, line 806
20240801 084507.038 INFO             PET0  Finalizing ESMF
20240801 084506.815 INFO             PET1 !!!!!!!!!!!!!!!!!!!!!!!!!!!!!!!!!!!!!!!!!!!!!!!!!!!!!!
20240801 084506.815 INFO             PET1 !!! THE ESMF_LOG IS SET TO OUTPUT ALL LOG MESSAGES !!!
20240801 084506.815 INFO             PET1 !!!     THIS MAY CAUSE SLOWDOWN IN PERFORMANCE     !!!
20240801 084506.815 INFO             PET1 !!! FOR PRODUCTION RUNS, USE:                      !!!
20240801 084506.815 INFO             PET1 !!!                   ESMF_LOGKIND_Multi_On_Error  !!!
20240801 084506.815 INFO             PET1 !!!!!!!!!!!!!!!!!!!!!!!!!!!!!!!!!!!!!!!!!!!!!!!!!!!!!!
20240801 084506.815 INFO             PET1 Running with ESMF Version   : v8.7.0b10-21-g6127c6256e
20240801 084506.815 INFO             PET1 ESMF library build date/time: "Aug  1 2024" "07:37:44"
20240801 084506.815 INFO             PET1 ESMF library build location : /scratch2/NCEPDEV/stmp1/Gerhard.Theurich/ESMF-Nightly-Testing/nvhpc_24.1_openmpi_g_nrl_work-esmx/esmf
20240801 084506.815 INFO             PET1 ESMF_COMM                   : openmpi
20240801 084506.816 INFO             PET1 ESMF_MOAB                   : enabled
20240801 084506.816 INFO             PET1 ESMF_LAPACK                 : enabled
20240801 084506.816 INFO             PET1 ESMF_NETCDF                 : disabled
20240801 084506.816 INFO             PET1 ESMF_PNETCDF                : disabled
20240801 084506.816 INFO             PET1 ESMF_PIO                    : disabled
20240801 084506.816 INFO             PET1 ESMF_YAMLCPP                : enabled
20240801 084506.994 DEBUG            PET1 about to destroy Grid: 0x1814060
20240801 084507.005 DEBUG            PET1 about to destroy Grid: 0x1815690
20240801 084507.039 INFO             PET1  NUMBER_OF_PROCESSORS            4
20240801 084507.039 INFO             PET1  PASS  Example ESMF_NUOPCAtmModelEx, ESMF_NUOPCAtmModelEx.F90, line 806
20240801 084507.039 INFO             PET1  Finalizing ESMF
20240801 084506.814 INFO             PET2 !!!!!!!!!!!!!!!!!!!!!!!!!!!!!!!!!!!!!!!!!!!!!!!!!!!!!!
20240801 084506.815 INFO             PET2 !!! THE ESMF_LOG IS SET TO OUTPUT ALL LOG MESSAGES !!!
20240801 084506.815 INFO             PET2 !!!     THIS MAY CAUSE SLOWDOWN IN PERFORMANCE     !!!
20240801 084506.815 INFO             PET2 !!! FOR PRODUCTION RUNS, USE:                      !!!
20240801 084506.815 INFO             PET2 !!!                   ESMF_LOGKIND_Multi_On_Error  !!!
20240801 084506.815 INFO             PET2 !!!!!!!!!!!!!!!!!!!!!!!!!!!!!!!!!!!!!!!!!!!!!!!!!!!!!!
20240801 084506.815 INFO             PET2 Running with ESMF Version   : v8.7.0b10-21-g6127c6256e
20240801 084506.815 INFO             PET2 ESMF library build date/time: "Aug  1 2024" "07:37:44"
20240801 084506.815 INFO             PET2 ESMF library build location : /scratch2/NCEPDEV/stmp1/Gerhard.Theurich/ESMF-Nightly-Testing/nvhpc_24.1_openmpi_g_nrl_work-esmx/esmf
20240801 084506.815 INFO             PET2 ESMF_COMM                   : openmpi
20240801 084506.815 INFO             PET2 ESMF_MOAB                   : enabled
20240801 084506.815 INFO             PET2 ESMF_LAPACK                 : enabled
20240801 084506.815 INFO             PET2 ESMF_NETCDF                 : disabled
20240801 084506.815 INFO             PET2 ESMF_PNETCDF                : disabled
20240801 084506.816 INFO             PET2 ESMF_PIO                    : disabled
20240801 084506.816 INFO             PET2 ESMF_YAMLCPP                : enabled
20240801 084506.994 DEBUG            PET2 about to destroy Grid: 0x1e9cb10
20240801 084507.005 DEBUG            PET2 about to destroy Grid: 0x1e9e640
20240801 084507.038 INFO             PET2  NUMBER_OF_PROCESSORS            4
20240801 084507.038 INFO             PET2  PASS  Example ESMF_NUOPCAtmModelEx, ESMF_NUOPCAtmModelEx.F90, line 806
20240801 084507.038 INFO             PET2  Finalizing ESMF
20240801 084506.815 INFO             PET3 !!!!!!!!!!!!!!!!!!!!!!!!!!!!!!!!!!!!!!!!!!!!!!!!!!!!!!
20240801 084506.815 INFO             PET3 !!! THE ESMF_LOG IS SET TO OUTPUT ALL LOG MESSAGES !!!
20240801 084506.815 INFO             PET3 !!!     THIS MAY CAUSE SLOWDOWN IN PERFORMANCE     !!!
20240801 084506.815 INFO             PET3 !!! FOR PRODUCTION RUNS, USE:                      !!!
20240801 084506.815 INFO             PET3 !!!                   ESMF_LOGKIND_Multi_On_Error  !!!
20240801 084506.815 INFO             PET3 !!!!!!!!!!!!!!!!!!!!!!!!!!!!!!!!!!!!!!!!!!!!!!!!!!!!!!
20240801 084506.815 INFO             PET3 Running with ESMF Version   : v8.7.0b10-21-g6127c6256e
20240801 084506.815 INFO             PET3 ESMF library build date/time: "Aug  1 2024" "07:37:44"
20240801 084506.815 INFO             PET3 ESMF library build location : /scratch2/NCEPDEV/stmp1/Gerhard.Theurich/ESMF-Nightly-Testing/nvhpc_24.1_openmpi_g_nrl_work-esmx/esmf
20240801 084506.815 INFO             PET3 ESMF_COMM                   : openmpi
20240801 084506.816 INFO             PET3 ESMF_MOAB                   : enabled
20240801 084506.816 INFO             PET3 ESMF_LAPACK                 : enabled
20240801 084506.816 INFO             PET3 ESMF_NETCDF                 : disabled
20240801 084506.816 INFO             PET3 ESMF_PNETCDF                : disabled
20240801 084506.816 INFO             PET3 ESMF_PIO                    : disabled
20240801 084506.816 INFO             PET3 ESMF_YAMLCPP                : enabled
20240801 084506.994 DEBUG            PET3 about to destroy Grid: 0x13f3ab0
20240801 084507.005 DEBUG            PET3 about to destroy Grid: 0x13f5950
20240801 084507.037 INFO             PET3  NUMBER_OF_PROCESSORS            4
20240801 084507.038 INFO             PET3  PASS  Example ESMF_NUOPCAtmModelEx, ESMF_NUOPCAtmModelEx.F90, line 806
20240801 084507.038 INFO             PET3  Finalizing ESMF
