2024-05-30 09:11:11
20240530 122630.381 INFO             PET0 !!!!!!!!!!!!!!!!!!!!!!!!!!!!!!!!!!!!!!!!!!!!!!!!!!!!!!
20240530 122630.381 INFO             PET0 !!! THE ESMF_LOG IS SET TO OUTPUT ALL LOG MESSAGES !!!
20240530 122630.381 INFO             PET0 !!!     THIS MAY CAUSE SLOWDOWN IN PERFORMANCE     !!!
20240530 122630.381 INFO             PET0 !!! FOR PRODUCTION RUNS, USE:                      !!!
20240530 122630.381 INFO             PET0 !!!                   ESMF_LOGKIND_Multi_On_Error  !!!
20240530 122630.381 INFO             PET0 !!!!!!!!!!!!!!!!!!!!!!!!!!!!!!!!!!!!!!!!!!!!!!!!!!!!!!
20240530 122630.381 INFO             PET0 Running with ESMF Version   : v8.7.0b06-6-g5fb1a7b839
20240530 122630.381 INFO             PET0 ESMF library build date/time: "May 30 2024" "09:09:58"
20240530 122630.381 INFO             PET0 ESMF library build location : /discover/nobackup/projects/sbu/mpotts/esmf-test/gfortran_8.3.0_intelmpi_g_develop/esmf
20240530 122630.381 INFO             PET0 ESMF_COMM                   : intelmpi
20240530 122630.381 INFO             PET0 ESMF_MOAB                   : enabled
20240530 122630.381 INFO             PET0 ESMF_LAPACK                 : enabled
20240530 122630.381 INFO             PET0 ESMF_NETCDF                 : disabled
20240530 122630.381 INFO             PET0 ESMF_PNETCDF                : disabled
20240530 122630.381 INFO             PET0 ESMF_PIO                    : disabled
20240530 122630.381 INFO             PET0 ESMF_YAMLCPP                : enabled
20240530 122630.382 INFO             PET0  NUMBER_OF_PROCESSORS           1
20240530 122630.382 INFO             PET0  PASS  Example CalendarEx, ESMF_CalendarEx.F90, line 217
20240530 122630.382 INFO             PET0  Finalizing ESMF
