2024-06-10 03:24:11
20240610 041619.967 INFO             PET0 !!!!!!!!!!!!!!!!!!!!!!!!!!!!!!!!!!!!!!!!!!!!!!!!!!!!!!
20240610 041619.967 INFO             PET0 !!! THE ESMF_LOG IS SET TO OUTPUT ALL LOG MESSAGES !!!
20240610 041619.967 INFO             PET0 !!!     THIS MAY CAUSE SLOWDOWN IN PERFORMANCE     !!!
20240610 041619.967 INFO             PET0 !!! FOR PRODUCTION RUNS, USE:                      !!!
20240610 041619.967 INFO             PET0 !!!                   ESMF_LOGKIND_Multi_On_Error  !!!
20240610 041619.967 INFO             PET0 !!!!!!!!!!!!!!!!!!!!!!!!!!!!!!!!!!!!!!!!!!!!!!!!!!!!!!
20240610 041619.967 INFO             PET0 Running with ESMF Version   : v8.7.0b07
20240610 041619.967 INFO             PET0 ESMF library build date/time: "Jun 10 2024" "03:22:21"
20240610 041619.967 INFO             PET0 ESMF library build location : /discover/nobackup/projects/sbu/mpotts/esmf-test/gfortran_8.3.0_intelmpi_g_develop/esmf
20240610 041619.967 INFO             PET0 ESMF_COMM                   : intelmpi
20240610 041619.967 INFO             PET0 ESMF_MOAB                   : enabled
20240610 041619.967 INFO             PET0 ESMF_LAPACK                 : enabled
20240610 041619.967 INFO             PET0 ESMF_NETCDF                 : disabled
20240610 041619.967 INFO             PET0 ESMF_PNETCDF                : disabled
20240610 041619.967 INFO             PET0 ESMF_PIO                    : disabled
20240610 041619.967 INFO             PET0 ESMF_YAMLCPP                : enabled
20240610 041620.033 DEBUG            PET0 about to destroy Grid: 0x7e6090
20240610 041620.042 DEBUG            PET0 about to destroy Grid: 0x7e7570
20240610 041620.066 INFO             PET0  NUMBER_OF_PROCESSORS           4
20240610 041620.066 INFO             PET0  PASS  Example ESMF_NUOPCAtmModelEx, ESMF_NUOPCAtmModelEx.F90, line 806
20240610 041620.066 INFO             PET0  Finalizing ESMF
20240610 041619.967 INFO             PET1 !!!!!!!!!!!!!!!!!!!!!!!!!!!!!!!!!!!!!!!!!!!!!!!!!!!!!!
20240610 041619.967 INFO             PET1 !!! THE ESMF_LOG IS SET TO OUTPUT ALL LOG MESSAGES !!!
20240610 041619.967 INFO             PET1 !!!     THIS MAY CAUSE SLOWDOWN IN PERFORMANCE     !!!
20240610 041619.967 INFO             PET1 !!! FOR PRODUCTION RUNS, USE:                      !!!
20240610 041619.967 INFO             PET1 !!!                   ESMF_LOGKIND_Multi_On_Error  !!!
20240610 041619.967 INFO             PET1 !!!!!!!!!!!!!!!!!!!!!!!!!!!!!!!!!!!!!!!!!!!!!!!!!!!!!!
20240610 041619.967 INFO             PET1 Running with ESMF Version   : v8.7.0b07
20240610 041619.967 INFO             PET1 ESMF library build date/time: "Jun 10 2024" "03:22:21"
20240610 041619.967 INFO             PET1 ESMF library build location : /discover/nobackup/projects/sbu/mpotts/esmf-test/gfortran_8.3.0_intelmpi_g_develop/esmf
20240610 041619.967 INFO             PET1 ESMF_COMM                   : intelmpi
20240610 041619.967 INFO             PET1 ESMF_MOAB                   : enabled
20240610 041619.967 INFO             PET1 ESMF_LAPACK                 : enabled
20240610 041619.967 INFO             PET1 ESMF_NETCDF                 : disabled
20240610 041619.967 INFO             PET1 ESMF_PNETCDF                : disabled
20240610 041619.967 INFO             PET1 ESMF_PIO                    : disabled
20240610 041619.967 INFO             PET1 ESMF_YAMLCPP                : enabled
20240610 041620.033 DEBUG            PET1 about to destroy Grid: 0x9b6e50
20240610 041620.042 DEBUG            PET1 about to destroy Grid: 0x9b7890
20240610 041620.066 INFO             PET1  NUMBER_OF_PROCESSORS           4
20240610 041620.066 INFO             PET1  PASS  Example ESMF_NUOPCAtmModelEx, ESMF_NUOPCAtmModelEx.F90, line 806
20240610 041620.066 INFO             PET1  Finalizing ESMF
20240610 041619.967 INFO             PET2 !!!!!!!!!!!!!!!!!!!!!!!!!!!!!!!!!!!!!!!!!!!!!!!!!!!!!!
20240610 041619.967 INFO             PET2 !!! THE ESMF_LOG IS SET TO OUTPUT ALL LOG MESSAGES !!!
20240610 041619.967 INFO             PET2 !!!     THIS MAY CAUSE SLOWDOWN IN PERFORMANCE     !!!
20240610 041619.967 INFO             PET2 !!! FOR PRODUCTION RUNS, USE:                      !!!
20240610 041619.967 INFO             PET2 !!!                   ESMF_LOGKIND_Multi_On_Error  !!!
20240610 041619.967 INFO             PET2 !!!!!!!!!!!!!!!!!!!!!!!!!!!!!!!!!!!!!!!!!!!!!!!!!!!!!!
20240610 041619.967 INFO             PET2 Running with ESMF Version   : v8.7.0b07
20240610 041619.967 INFO             PET2 ESMF library build date/time: "Jun 10 2024" "03:22:21"
20240610 041619.967 INFO             PET2 ESMF library build location : /discover/nobackup/projects/sbu/mpotts/esmf-test/gfortran_8.3.0_intelmpi_g_develop/esmf
20240610 041619.967 INFO             PET2 ESMF_COMM                   : intelmpi
20240610 041619.967 INFO             PET2 ESMF_MOAB                   : enabled
20240610 041619.967 INFO             PET2 ESMF_LAPACK                 : enabled
20240610 041619.967 INFO             PET2 ESMF_NETCDF                 : disabled
20240610 041619.967 INFO             PET2 ESMF_PNETCDF                : disabled
20240610 041619.967 INFO             PET2 ESMF_PIO                    : disabled
20240610 041619.967 INFO             PET2 ESMF_YAMLCPP                : enabled
20240610 041620.033 DEBUG            PET2 about to destroy Grid: 0xb92980
20240610 041620.042 DEBUG            PET2 about to destroy Grid: 0xb93100
20240610 041620.067 INFO             PET2  NUMBER_OF_PROCESSORS           4
20240610 041620.067 INFO             PET2  PASS  Example ESMF_NUOPCAtmModelEx, ESMF_NUOPCAtmModelEx.F90, line 806
20240610 041620.067 INFO             PET2  Finalizing ESMF
20240610 041619.967 INFO             PET3 !!!!!!!!!!!!!!!!!!!!!!!!!!!!!!!!!!!!!!!!!!!!!!!!!!!!!!
20240610 041619.967 INFO             PET3 !!! THE ESMF_LOG IS SET TO OUTPUT ALL LOG MESSAGES !!!
20240610 041619.967 INFO             PET3 !!!     THIS MAY CAUSE SLOWDOWN IN PERFORMANCE     !!!
20240610 041619.967 INFO             PET3 !!! FOR PRODUCTION RUNS, USE:                      !!!
20240610 041619.967 INFO             PET3 !!!                   ESMF_LOGKIND_Multi_On_Error  !!!
20240610 041619.967 INFO             PET3 !!!!!!!!!!!!!!!!!!!!!!!!!!!!!!!!!!!!!!!!!!!!!!!!!!!!!!
20240610 041619.967 INFO             PET3 Running with ESMF Version   : v8.7.0b07
20240610 041619.967 INFO             PET3 ESMF library build date/time: "Jun 10 2024" "03:22:21"
20240610 041619.967 INFO             PET3 ESMF library build location : /discover/nobackup/projects/sbu/mpotts/esmf-test/gfortran_8.3.0_intelmpi_g_develop/esmf
20240610 041619.967 INFO             PET3 ESMF_COMM                   : intelmpi
20240610 041619.967 INFO             PET3 ESMF_MOAB                   : enabled
20240610 041619.967 INFO             PET3 ESMF_LAPACK                 : enabled
20240610 041619.967 INFO             PET3 ESMF_NETCDF                 : disabled
20240610 041619.967 INFO             PET3 ESMF_PNETCDF                : disabled
20240610 041619.967 INFO             PET3 ESMF_PIO                    : disabled
20240610 041619.967 INFO             PET3 ESMF_YAMLCPP                : enabled
20240610 041620.033 DEBUG            PET3 about to destroy Grid: 0x2045440
20240610 041620.042 DEBUG            PET3 about to destroy Grid: 0x2046440
20240610 041620.066 INFO             PET3  NUMBER_OF_PROCESSORS           4
20240610 041620.066 INFO             PET3  PASS  Example ESMF_NUOPCAtmModelEx, ESMF_NUOPCAtmModelEx.F90, line 806
20240610 041620.066 INFO             PET3  Finalizing ESMF
