2024-07-07 01:34:27
20240707 015514.513 INFO             PET0 !!!!!!!!!!!!!!!!!!!!!!!!!!!!!!!!!!!!!!!!!!!!!!!!!!!!!!
20240707 015514.513 INFO             PET0 !!! THE ESMF_LOG IS SET TO OUTPUT ALL LOG MESSAGES !!!
20240707 015514.513 INFO             PET0 !!!     THIS MAY CAUSE SLOWDOWN IN PERFORMANCE     !!!
20240707 015514.513 INFO             PET0 !!! FOR PRODUCTION RUNS, USE:                      !!!
20240707 015514.513 INFO             PET0 !!!                   ESMF_LOGKIND_Multi_On_Error  !!!
20240707 015514.513 INFO             PET0 !!!!!!!!!!!!!!!!!!!!!!!!!!!!!!!!!!!!!!!!!!!!!!!!!!!!!!
20240707 015514.513 INFO             PET0 Running with ESMF Version   : v8.7.0b08-12-ga4da9b3757
20240707 015514.513 INFO             PET0 ESMF library build date/time: "Jul  7 2024" "01:33:15"
20240707 015514.513 INFO             PET0 ESMF library build location : /discover/nobackup/projects/sbu/mpotts/esmf-test/gfortran_8.3.0_intelmpi_g_develop/esmf
20240707 015514.513 INFO             PET0 ESMF_COMM                   : intelmpi
20240707 015514.513 INFO             PET0 ESMF_MOAB                   : enabled
20240707 015514.513 INFO             PET0 ESMF_LAPACK                 : enabled
20240707 015514.513 INFO             PET0 ESMF_NETCDF                 : disabled
20240707 015514.513 INFO             PET0 ESMF_PNETCDF                : disabled
20240707 015514.513 INFO             PET0 ESMF_PIO                    : disabled
20240707 015514.513 INFO             PET0 ESMF_YAMLCPP                : enabled
20240707 015514.514 INFO             PET0  NUMBER_OF_PROCESSORS           1
20240707 015514.514 INFO             PET0  PASS  Example ESMF_AlarmEx, ESMF_AlarmEx.F90, line 244
20240707 015514.514 INFO             PET0  Finalizing ESMF
