2024-05-31 08:57:53
20240531 091943.873 INFO             PET0 !!!!!!!!!!!!!!!!!!!!!!!!!!!!!!!!!!!!!!!!!!!!!!!!!!!!!!
20240531 091943.873 INFO             PET0 !!! THE ESMF_LOG IS SET TO OUTPUT ALL LOG MESSAGES !!!
20240531 091943.873 INFO             PET0 !!!     THIS MAY CAUSE SLOWDOWN IN PERFORMANCE     !!!
20240531 091943.873 INFO             PET0 !!! FOR PRODUCTION RUNS, USE:                      !!!
20240531 091943.873 INFO             PET0 !!!                   ESMF_LOGKIND_Multi_On_Error  !!!
20240531 091943.873 INFO             PET0 !!!!!!!!!!!!!!!!!!!!!!!!!!!!!!!!!!!!!!!!!!!!!!!!!!!!!!
20240531 091943.873 INFO             PET0 Running with ESMF Version   : v8.7.0b06-37-g31f880616f
20240531 091943.873 INFO             PET0 ESMF library build date/time: "May 31 2024" "08:56:46"
20240531 091943.874 INFO             PET0 ESMF library build location : /discover/nobackup/projects/sbu/mpotts/esmf-test/gfortran_8.3.0_intelmpi_g_develop/esmf
20240531 091943.874 INFO             PET0 ESMF_COMM                   : intelmpi
20240531 091943.874 INFO             PET0 ESMF_MOAB                   : enabled
20240531 091943.874 INFO             PET0 ESMF_LAPACK                 : enabled
20240531 091943.874 INFO             PET0 ESMF_NETCDF                 : disabled
20240531 091943.874 INFO             PET0 ESMF_PNETCDF                : disabled
20240531 091943.874 INFO             PET0 ESMF_PIO                    : disabled
20240531 091943.874 INFO             PET0 ESMF_YAMLCPP                : enabled
20240531 091943.874 INFO             PET0  NUMBER_OF_PROCESSORS           4
20240531 091943.874 INFO             PET0  PASS  Example ESMF_VMUserMpiCommMultiEx, ESMF_VMUserMpiCommMultiEx.F90, line 126
20240531 091943.874 INFO             PET0  Finalizing ESMF with endflag==ESMF_END_KEEPMPI
20240531 091943.874 INFO             PET0 !!!!!!!!!!!!!!!!!!!!!!!!!!!!!!!!!!!!!!!!!!!!!!!!!!!!!!
20240531 091943.874 INFO             PET0 !!! THE ESMF_LOG IS SET TO OUTPUT ALL LOG MESSAGES !!!
20240531 091943.874 INFO             PET0 !!!     THIS MAY CAUSE SLOWDOWN IN PERFORMANCE     !!!
20240531 091943.874 INFO             PET0 !!! FOR PRODUCTION RUNS, USE:                      !!!
20240531 091943.874 INFO             PET0 !!!                   ESMF_LOGKIND_Multi_On_Error  !!!
20240531 091943.874 INFO             PET0 !!!!!!!!!!!!!!!!!!!!!!!!!!!!!!!!!!!!!!!!!!!!!!!!!!!!!!
20240531 091943.874 INFO             PET0 Running with ESMF Version   : v8.7.0b06-37-g31f880616f
20240531 091943.874 INFO             PET0 ESMF library build date/time: "May 31 2024" "08:56:46"
20240531 091943.874 INFO             PET0 ESMF library build location : /discover/nobackup/projects/sbu/mpotts/esmf-test/gfortran_8.3.0_intelmpi_g_develop/esmf
20240531 091943.874 INFO             PET0 ESMF_COMM                   : intelmpi
20240531 091943.874 INFO             PET0 ESMF_MOAB                   : enabled
20240531 091943.874 INFO             PET0 ESMF_LAPACK                 : enabled
20240531 091943.874 INFO             PET0 ESMF_NETCDF                 : disabled
20240531 091943.874 INFO             PET0 ESMF_PNETCDF                : disabled
20240531 091943.874 INFO             PET0 ESMF_PIO                    : disabled
20240531 091943.874 INFO             PET0 ESMF_YAMLCPP                : enabled
20240531 091943.874 INFO             PET0  NUMBER_OF_PROCESSORS           4
20240531 091943.874 INFO             PET0  PASS  Example ESMF_VMUserMpiCommMultiEx, ESMF_VMUserMpiCommMultiEx.F90, line 154
20240531 091943.874 INFO             PET0  Finalizing ESMF with endflag==ESMF_END_KEEPMPI
20240531 091943.873 INFO             PET1 !!!!!!!!!!!!!!!!!!!!!!!!!!!!!!!!!!!!!!!!!!!!!!!!!!!!!!
20240531 091943.873 INFO             PET1 !!! THE ESMF_LOG IS SET TO OUTPUT ALL LOG MESSAGES !!!
20240531 091943.873 INFO             PET1 !!!     THIS MAY CAUSE SLOWDOWN IN PERFORMANCE     !!!
20240531 091943.873 INFO             PET1 !!! FOR PRODUCTION RUNS, USE:                      !!!
20240531 091943.873 INFO             PET1 !!!                   ESMF_LOGKIND_Multi_On_Error  !!!
20240531 091943.873 INFO             PET1 !!!!!!!!!!!!!!!!!!!!!!!!!!!!!!!!!!!!!!!!!!!!!!!!!!!!!!
20240531 091943.873 INFO             PET1 Running with ESMF Version   : v8.7.0b06-37-g31f880616f
20240531 091943.873 INFO             PET1 ESMF library build date/time: "May 31 2024" "08:56:46"
20240531 091943.873 INFO             PET1 ESMF library build location : /discover/nobackup/projects/sbu/mpotts/esmf-test/gfortran_8.3.0_intelmpi_g_develop/esmf
20240531 091943.873 INFO             PET1 ESMF_COMM                   : intelmpi
20240531 091943.874 INFO             PET1 ESMF_MOAB                   : enabled
20240531 091943.874 INFO             PET1 ESMF_LAPACK                 : enabled
20240531 091943.874 INFO             PET1 ESMF_NETCDF                 : disabled
20240531 091943.874 INFO             PET1 ESMF_PNETCDF                : disabled
20240531 091943.874 INFO             PET1 ESMF_PIO                    : disabled
20240531 091943.874 INFO             PET1 ESMF_YAMLCPP                : enabled
20240531 091943.874 INFO             PET1  NUMBER_OF_PROCESSORS           4
20240531 091943.874 INFO             PET1  PASS  Example ESMF_VMUserMpiCommMultiEx, ESMF_VMUserMpiCommMultiEx.F90, line 126
20240531 091943.874 INFO             PET1  Finalizing ESMF with endflag==ESMF_END_KEEPMPI
20240531 091943.874 INFO             PET1 !!!!!!!!!!!!!!!!!!!!!!!!!!!!!!!!!!!!!!!!!!!!!!!!!!!!!!
20240531 091943.874 INFO             PET1 !!! THE ESMF_LOG IS SET TO OUTPUT ALL LOG MESSAGES !!!
20240531 091943.874 INFO             PET1 !!!     THIS MAY CAUSE SLOWDOWN IN PERFORMANCE     !!!
20240531 091943.874 INFO             PET1 !!! FOR PRODUCTION RUNS, USE:                      !!!
20240531 091943.874 INFO             PET1 !!!                   ESMF_LOGKIND_Multi_On_Error  !!!
20240531 091943.874 INFO             PET1 !!!!!!!!!!!!!!!!!!!!!!!!!!!!!!!!!!!!!!!!!!!!!!!!!!!!!!
20240531 091943.874 INFO             PET1 Running with ESMF Version   : v8.7.0b06-37-g31f880616f
20240531 091943.874 INFO             PET1 ESMF library build date/time: "May 31 2024" "08:56:46"
20240531 091943.874 INFO             PET1 ESMF library build location : /discover/nobackup/projects/sbu/mpotts/esmf-test/gfortran_8.3.0_intelmpi_g_develop/esmf
20240531 091943.874 INFO             PET1 ESMF_COMM                   : intelmpi
20240531 091943.874 INFO             PET1 ESMF_MOAB                   : enabled
20240531 091943.874 INFO             PET1 ESMF_LAPACK                 : enabled
20240531 091943.874 INFO             PET1 ESMF_NETCDF                 : disabled
20240531 091943.874 INFO             PET1 ESMF_PNETCDF                : disabled
20240531 091943.874 INFO             PET1 ESMF_PIO                    : disabled
20240531 091943.874 INFO             PET1 ESMF_YAMLCPP                : enabled
20240531 091943.874 INFO             PET1  NUMBER_OF_PROCESSORS           4
20240531 091943.874 INFO             PET1  PASS  Example ESMF_VMUserMpiCommMultiEx, ESMF_VMUserMpiCommMultiEx.F90, line 154
20240531 091943.874 INFO             PET1  Finalizing ESMF with endflag==ESMF_END_KEEPMPI
