2024-07-06 02:28:56
20240706 044603.640 INFO             PET0 !!!!!!!!!!!!!!!!!!!!!!!!!!!!!!!!!!!!!!!!!!!!!!!!!!!!!!
20240706 044603.640 INFO             PET0 !!! THE ESMF_LOG IS SET TO OUTPUT ALL LOG MESSAGES !!!
20240706 044603.640 INFO             PET0 !!!     THIS MAY CAUSE SLOWDOWN IN PERFORMANCE     !!!
20240706 044603.640 INFO             PET0 !!! FOR PRODUCTION RUNS, USE:                      !!!
20240706 044603.640 INFO             PET0 !!!                   ESMF_LOGKIND_Multi_On_Error  !!!
20240706 044603.640 INFO             PET0 !!!!!!!!!!!!!!!!!!!!!!!!!!!!!!!!!!!!!!!!!!!!!!!!!!!!!!
20240706 044603.640 INFO             PET0 Running with ESMF Version   : v8.7.0b08-12-ga4da9b3757
20240706 044603.640 INFO             PET0 ESMF library build date/time: "Jul  6 2024" "02:27:08"
20240706 044603.640 INFO             PET0 ESMF library build location : /discover/nobackup/projects/sbu/mpotts/esmf-test/gfortran_8.3.0_intelmpi_g_develop/esmf
20240706 044603.640 INFO             PET0 ESMF_COMM                   : intelmpi
20240706 044603.641 INFO             PET0 ESMF_MOAB                   : enabled
20240706 044603.641 INFO             PET0 ESMF_LAPACK                 : enabled
20240706 044603.641 INFO             PET0 ESMF_NETCDF                 : disabled
20240706 044603.641 INFO             PET0 ESMF_PNETCDF                : disabled
20240706 044603.641 INFO             PET0 ESMF_PIO                    : disabled
20240706 044603.641 INFO             PET0 ESMF_YAMLCPP                : enabled
20240706 044603.642 INFO             PET0  NUMBER_OF_PROCESSORS           1
20240706 044603.642 INFO             PET0  PASS  Example ESMF_TimeEx, ESMF_TimeEx.F90, line 141
20240706 044603.642 INFO             PET0  Finalizing ESMF
