2024-07-05 02:39:44
20240705 031001.682 INFO             PET0 !!!!!!!!!!!!!!!!!!!!!!!!!!!!!!!!!!!!!!!!!!!!!!!!!!!!!!
20240705 031001.682 INFO             PET0 !!! THE ESMF_LOG IS SET TO OUTPUT ALL LOG MESSAGES !!!
20240705 031001.682 INFO             PET0 !!!     THIS MAY CAUSE SLOWDOWN IN PERFORMANCE     !!!
20240705 031001.682 INFO             PET0 !!! FOR PRODUCTION RUNS, USE:                      !!!
20240705 031001.682 INFO             PET0 !!!                   ESMF_LOGKIND_Multi_On_Error  !!!
20240705 031001.682 INFO             PET0 !!!!!!!!!!!!!!!!!!!!!!!!!!!!!!!!!!!!!!!!!!!!!!!!!!!!!!
20240705 031001.682 INFO             PET0 Running with ESMF Version   : v8.7.0b08-12-ga4da9b3757
20240705 031001.682 INFO             PET0 ESMF library build date/time: "Jul  5 2024" "02:38:25"
20240705 031001.682 INFO             PET0 ESMF library build location : /discover/nobackup/projects/sbu/mpotts/esmf-test/gfortran_8.3.0_intelmpi_g_develop/esmf
20240705 031001.682 INFO             PET0 ESMF_COMM                   : intelmpi
20240705 031001.682 INFO             PET0 ESMF_MOAB                   : enabled
20240705 031001.682 INFO             PET0 ESMF_LAPACK                 : enabled
20240705 031001.682 INFO             PET0 ESMF_NETCDF                 : disabled
20240705 031001.682 INFO             PET0 ESMF_PNETCDF                : disabled
20240705 031001.682 INFO             PET0 ESMF_PIO                    : disabled
20240705 031001.682 INFO             PET0 ESMF_YAMLCPP                : enabled
20240705 031001.683 INFO             PET0  NUMBER_OF_PROCESSORS           4
20240705 031001.683 INFO             PET0  PASS  Example ESMF_ArrayFarrayHaloEx, ESMF_ArrayFarrayHaloEx.F90, line 177
20240705 031001.683 INFO             PET0  Finalizing ESMF
20240705 031001.682 INFO             PET1 !!!!!!!!!!!!!!!!!!!!!!!!!!!!!!!!!!!!!!!!!!!!!!!!!!!!!!
20240705 031001.682 INFO             PET1 !!! THE ESMF_LOG IS SET TO OUTPUT ALL LOG MESSAGES !!!
20240705 031001.682 INFO             PET1 !!!     THIS MAY CAUSE SLOWDOWN IN PERFORMANCE     !!!
20240705 031001.682 INFO             PET1 !!! FOR PRODUCTION RUNS, USE:                      !!!
20240705 031001.682 INFO             PET1 !!!                   ESMF_LOGKIND_Multi_On_Error  !!!
20240705 031001.682 INFO             PET1 !!!!!!!!!!!!!!!!!!!!!!!!!!!!!!!!!!!!!!!!!!!!!!!!!!!!!!
20240705 031001.682 INFO             PET1 Running with ESMF Version   : v8.7.0b08-12-ga4da9b3757
20240705 031001.682 INFO             PET1 ESMF library build date/time: "Jul  5 2024" "02:38:25"
20240705 031001.682 INFO             PET1 ESMF library build location : /discover/nobackup/projects/sbu/mpotts/esmf-test/gfortran_8.3.0_intelmpi_g_develop/esmf
20240705 031001.682 INFO             PET1 ESMF_COMM                   : intelmpi
20240705 031001.682 INFO             PET1 ESMF_MOAB                   : enabled
20240705 031001.682 INFO             PET1 ESMF_LAPACK                 : enabled
20240705 031001.682 INFO             PET1 ESMF_NETCDF                 : disabled
20240705 031001.682 INFO             PET1 ESMF_PNETCDF                : disabled
20240705 031001.682 INFO             PET1 ESMF_PIO                    : disabled
20240705 031001.682 INFO             PET1 ESMF_YAMLCPP                : enabled
20240705 031001.683 INFO             PET1  NUMBER_OF_PROCESSORS           4
20240705 031001.683 INFO             PET1  PASS  Example ESMF_ArrayFarrayHaloEx, ESMF_ArrayFarrayHaloEx.F90, line 177
20240705 031001.683 INFO             PET1  Finalizing ESMF
20240705 031001.681 INFO             PET2 !!!!!!!!!!!!!!!!!!!!!!!!!!!!!!!!!!!!!!!!!!!!!!!!!!!!!!
20240705 031001.681 INFO             PET2 !!! THE ESMF_LOG IS SET TO OUTPUT ALL LOG MESSAGES !!!
20240705 031001.681 INFO             PET2 !!!     THIS MAY CAUSE SLOWDOWN IN PERFORMANCE     !!!
20240705 031001.681 INFO             PET2 !!! FOR PRODUCTION RUNS, USE:                      !!!
20240705 031001.681 INFO             PET2 !!!                   ESMF_LOGKIND_Multi_On_Error  !!!
20240705 031001.681 INFO             PET2 !!!!!!!!!!!!!!!!!!!!!!!!!!!!!!!!!!!!!!!!!!!!!!!!!!!!!!
20240705 031001.681 INFO             PET2 Running with ESMF Version   : v8.7.0b08-12-ga4da9b3757
20240705 031001.681 INFO             PET2 ESMF library build date/time: "Jul  5 2024" "02:38:25"
20240705 031001.681 INFO             PET2 ESMF library build location : /discover/nobackup/projects/sbu/mpotts/esmf-test/gfortran_8.3.0_intelmpi_g_develop/esmf
20240705 031001.681 INFO             PET2 ESMF_COMM                   : intelmpi
20240705 031001.681 INFO             PET2 ESMF_MOAB                   : enabled
20240705 031001.681 INFO             PET2 ESMF_LAPACK                 : enabled
20240705 031001.681 INFO             PET2 ESMF_NETCDF                 : disabled
20240705 031001.681 INFO             PET2 ESMF_PNETCDF                : disabled
20240705 031001.681 INFO             PET2 ESMF_PIO                    : disabled
20240705 031001.681 INFO             PET2 ESMF_YAMLCPP                : enabled
20240705 031001.683 INFO             PET2  NUMBER_OF_PROCESSORS           4
20240705 031001.683 INFO             PET2  PASS  Example ESMF_ArrayFarrayHaloEx, ESMF_ArrayFarrayHaloEx.F90, line 177
20240705 031001.683 INFO             PET2  Finalizing ESMF
20240705 031001.681 INFO             PET3 !!!!!!!!!!!!!!!!!!!!!!!!!!!!!!!!!!!!!!!!!!!!!!!!!!!!!!
20240705 031001.681 INFO             PET3 !!! THE ESMF_LOG IS SET TO OUTPUT ALL LOG MESSAGES !!!
20240705 031001.681 INFO             PET3 !!!     THIS MAY CAUSE SLOWDOWN IN PERFORMANCE     !!!
20240705 031001.681 INFO             PET3 !!! FOR PRODUCTION RUNS, USE:                      !!!
20240705 031001.681 INFO             PET3 !!!                   ESMF_LOGKIND_Multi_On_Error  !!!
20240705 031001.681 INFO             PET3 !!!!!!!!!!!!!!!!!!!!!!!!!!!!!!!!!!!!!!!!!!!!!!!!!!!!!!
20240705 031001.681 INFO             PET3 Running with ESMF Version   : v8.7.0b08-12-ga4da9b3757
20240705 031001.681 INFO             PET3 ESMF library build date/time: "Jul  5 2024" "02:38:25"
20240705 031001.681 INFO             PET3 ESMF library build location : /discover/nobackup/projects/sbu/mpotts/esmf-test/gfortran_8.3.0_intelmpi_g_develop/esmf
20240705 031001.681 INFO             PET3 ESMF_COMM                   : intelmpi
20240705 031001.682 INFO             PET3 ESMF_MOAB                   : enabled
20240705 031001.682 INFO             PET3 ESMF_LAPACK                 : enabled
20240705 031001.682 INFO             PET3 ESMF_NETCDF                 : disabled
20240705 031001.682 INFO             PET3 ESMF_PNETCDF                : disabled
20240705 031001.682 INFO             PET3 ESMF_PIO                    : disabled
20240705 031001.682 INFO             PET3 ESMF_YAMLCPP                : enabled
20240705 031001.683 INFO             PET3  NUMBER_OF_PROCESSORS           4
20240705 031001.684 INFO             PET3  PASS  Example ESMF_ArrayFarrayHaloEx, ESMF_ArrayFarrayHaloEx.F90, line 177
20240705 031001.684 INFO             PET3  Finalizing ESMF
