2024-07-23 01:45:27
20240723 021848.023 INFO             PET0 !!!!!!!!!!!!!!!!!!!!!!!!!!!!!!!!!!!!!!!!!!!!!!!!!!!!!!
20240723 021848.023 INFO             PET0 !!! THE ESMF_LOG IS SET TO OUTPUT ALL LOG MESSAGES !!!
20240723 021848.023 INFO             PET0 !!!     THIS MAY CAUSE SLOWDOWN IN PERFORMANCE     !!!
20240723 021848.023 INFO             PET0 !!! FOR PRODUCTION RUNS, USE:                      !!!
20240723 021848.023 INFO             PET0 !!!                   ESMF_LOGKIND_Multi_On_Error  !!!
20240723 021848.023 INFO             PET0 !!!!!!!!!!!!!!!!!!!!!!!!!!!!!!!!!!!!!!!!!!!!!!!!!!!!!!
20240723 021848.023 INFO             PET0 Running with ESMF Version   : v8.7.0b09-4-g1506816bee
20240723 021848.023 INFO             PET0 ESMF library build date/time: "Jul 23 2024" "01:43:20"
20240723 021848.023 INFO             PET0 ESMF library build location : /scratch/cluster/theurich/ESMF-Nightly-Testing/gfortran_9.3.0_mpiuni_g_feature_numa/esmf
20240723 021848.023 INFO             PET0 ESMF_COMM                   : mpiuni
20240723 021848.023 INFO             PET0 ESMF_MOAB                   : enabled
20240723 021848.023 INFO             PET0 ESMF_LAPACK                 : enabled
20240723 021848.023 INFO             PET0 ESMF_NETCDF                 : enabled
20240723 021848.023 INFO             PET0 ESMF_PNETCDF                : disabled
20240723 021848.023 INFO             PET0 ESMF_PIO                    : enabled
20240723 021848.023 INFO             PET0 ESMF_YAMLCPP                : enabled
20240723 021848.023 INFO             PET0  NUMBER_OF_PROCESSORS           1
20240723 021848.023 INFO             PET0  PASS  Example ESMF_VMUserMpiCommMultiEx, ESMF_VMUserMpiCommMultiEx.F90, line 126
20240723 021848.023 INFO             PET0  Finalizing ESMF with endflag==ESMF_END_KEEPMPI
