2024-07-31 19:18:04
20240731 211640.545 INFO             PET0 !!!!!!!!!!!!!!!!!!!!!!!!!!!!!!!!!!!!!!!!!!!!!!!!!!!!!!
20240731 211640.546 INFO             PET0 !!! THE ESMF_LOG IS SET TO OUTPUT ALL LOG MESSAGES !!!
20240731 211640.546 INFO             PET0 !!!     THIS MAY CAUSE SLOWDOWN IN PERFORMANCE     !!!
20240731 211640.546 INFO             PET0 !!! FOR PRODUCTION RUNS, USE:                      !!!
20240731 211640.546 INFO             PET0 !!!                   ESMF_LOGKIND_Multi_On_Error  !!!
20240731 211640.546 INFO             PET0 !!!!!!!!!!!!!!!!!!!!!!!!!!!!!!!!!!!!!!!!!!!!!!!!!!!!!!
20240731 211640.546 INFO             PET0 Running with ESMF Version   : v8.7.0b10-21-g6127c6256e
20240731 211640.546 INFO             PET0 ESMF library build date/time: "Jul 31 2024" "19:15:57"
20240731 211640.546 INFO             PET0 ESMF library build location : /Users/sacks/projects/scratch/esmf-testing/gfortranclang_12.2.0_14.0.0_openmpi_g_nrl_work-esmx/esmf
20240731 211640.546 INFO             PET0 ESMF_COMM                   : openmpi
20240731 211640.546 INFO             PET0 ESMF_MOAB                   : enabled
20240731 211640.546 INFO             PET0 ESMF_LAPACK                 : enabled
20240731 211640.546 INFO             PET0 ESMF_NETCDF                 : enabled
20240731 211640.546 INFO             PET0 ESMF_PNETCDF                : disabled
20240731 211640.546 INFO             PET0 ESMF_PIO                    : enabled
20240731 211640.546 INFO             PET0 ESMF_YAMLCPP                : enabled
20240731 211640.547 INFO             PET0 ESMF Tracing Enabled
20240731 211640.547 INFO             PET0 ESMF Profiling Enabled
20240731 211640.547 INFO             PET0 ESMF Trace/Profile clock: REALTIME
20240731 211640.557 INFO             PET0  NUMBER_OF_PROCESSORS           4
20240731 211640.557 INFO             PET0  PASS  Example ESMF_TraceEx, ESMF_TraceEx.F90, line 178
20240731 211640.557 INFO             PET0  Finalizing ESMF
20240731 211640.557 INFO             PET0 **************** Region Timings *******************
20240731 211640.557 INFO             PET0 Region              Count  Total (s)   Self (s)    Mean (s)    Min (s)     Max (s)
20240731 211640.557 INFO             PET0   [ESMF]            1      0.0059      0.0057      0.0059      0.0059      0.0059
20240731 211640.558 INFO             PET0     [test] Run 1    5      0.0001      0.0001      0.0000      0.0000      0.0000
20240731 211640.558 INFO             PET0     [test] Init 1   1      0.0000      0.0000      0.0000      0.0000      0.0000
20240731 211640.558 INFO             PET0     [test] Final 1  1      0.0000      0.0000      0.0000      0.0000      0.0000
20240731 211640.545 INFO             PET1 !!!!!!!!!!!!!!!!!!!!!!!!!!!!!!!!!!!!!!!!!!!!!!!!!!!!!!
20240731 211640.547 INFO             PET1 !!! THE ESMF_LOG IS SET TO OUTPUT ALL LOG MESSAGES !!!
20240731 211640.547 INFO             PET1 !!!     THIS MAY CAUSE SLOWDOWN IN PERFORMANCE     !!!
20240731 211640.547 INFO             PET1 !!! FOR PRODUCTION RUNS, USE:                      !!!
20240731 211640.547 INFO             PET1 !!!                   ESMF_LOGKIND_Multi_On_Error  !!!
20240731 211640.547 INFO             PET1 !!!!!!!!!!!!!!!!!!!!!!!!!!!!!!!!!!!!!!!!!!!!!!!!!!!!!!
20240731 211640.547 INFO             PET1 Running with ESMF Version   : v8.7.0b10-21-g6127c6256e
20240731 211640.547 INFO             PET1 ESMF library build date/time: "Jul 31 2024" "19:15:57"
20240731 211640.547 INFO             PET1 ESMF library build location : /Users/sacks/projects/scratch/esmf-testing/gfortranclang_12.2.0_14.0.0_openmpi_g_nrl_work-esmx/esmf
20240731 211640.547 INFO             PET1 ESMF_COMM                   : openmpi
20240731 211640.548 INFO             PET1 ESMF_MOAB                   : enabled
20240731 211640.548 INFO             PET1 ESMF_LAPACK                 : enabled
20240731 211640.548 INFO             PET1 ESMF_NETCDF                 : enabled
20240731 211640.548 INFO             PET1 ESMF_PNETCDF                : disabled
20240731 211640.548 INFO             PET1 ESMF_PIO                    : enabled
20240731 211640.548 INFO             PET1 ESMF_YAMLCPP                : enabled
20240731 211640.548 INFO             PET1 ESMF Tracing Enabled
20240731 211640.548 INFO             PET1 ESMF Profiling Enabled
20240731 211640.548 INFO             PET1 ESMF Trace/Profile clock: REALTIME
20240731 211640.557 INFO             PET1  NUMBER_OF_PROCESSORS           4
20240731 211640.557 INFO             PET1  PASS  Example ESMF_TraceEx, ESMF_TraceEx.F90, line 178
20240731 211640.557 INFO             PET1  Finalizing ESMF
20240731 211640.557 INFO             PET1 **************** Region Timings *******************
20240731 211640.557 INFO             PET1 Region              Count  Total (s)   Self (s)    Mean (s)    Min (s)     Max (s)
20240731 211640.557 INFO             PET1   [ESMF]            1      0.0067      0.0064      0.0067      0.0067      0.0067
20240731 211640.557 INFO             PET1     [test] Run 1    5      0.0002      0.0002      0.0000      0.0000      0.0000
20240731 211640.558 INFO             PET1     [test] Final 1  1      0.0000      0.0000      0.0000      0.0000      0.0000
20240731 211640.558 INFO             PET1     [test] Init 1   1      0.0000      0.0000      0.0000      0.0000      0.0000
20240731 211640.544 INFO             PET2 !!!!!!!!!!!!!!!!!!!!!!!!!!!!!!!!!!!!!!!!!!!!!!!!!!!!!!
20240731 211640.546 INFO             PET2 !!! THE ESMF_LOG IS SET TO OUTPUT ALL LOG MESSAGES !!!
20240731 211640.546 INFO             PET2 !!!     THIS MAY CAUSE SLOWDOWN IN PERFORMANCE     !!!
20240731 211640.546 INFO             PET2 !!! FOR PRODUCTION RUNS, USE:                      !!!
20240731 211640.546 INFO             PET2 !!!                   ESMF_LOGKIND_Multi_On_Error  !!!
20240731 211640.546 INFO             PET2 !!!!!!!!!!!!!!!!!!!!!!!!!!!!!!!!!!!!!!!!!!!!!!!!!!!!!!
20240731 211640.546 INFO             PET2 Running with ESMF Version   : v8.7.0b10-21-g6127c6256e
20240731 211640.546 INFO             PET2 ESMF library build date/time: "Jul 31 2024" "19:15:57"
20240731 211640.546 INFO             PET2 ESMF library build location : /Users/sacks/projects/scratch/esmf-testing/gfortranclang_12.2.0_14.0.0_openmpi_g_nrl_work-esmx/esmf
20240731 211640.546 INFO             PET2 ESMF_COMM                   : openmpi
20240731 211640.546 INFO             PET2 ESMF_MOAB                   : enabled
20240731 211640.546 INFO             PET2 ESMF_LAPACK                 : enabled
20240731 211640.546 INFO             PET2 ESMF_NETCDF                 : enabled
20240731 211640.546 INFO             PET2 ESMF_PNETCDF                : disabled
20240731 211640.546 INFO             PET2 ESMF_PIO                    : enabled
20240731 211640.546 INFO             PET2 ESMF_YAMLCPP                : enabled
20240731 211640.547 INFO             PET2 ESMF Tracing Enabled
20240731 211640.547 INFO             PET2 ESMF Profiling Enabled
20240731 211640.547 INFO             PET2 ESMF Trace/Profile clock: REALTIME
20240731 211640.557 INFO             PET2  NUMBER_OF_PROCESSORS           4
20240731 211640.557 INFO             PET2  PASS  Example ESMF_TraceEx, ESMF_TraceEx.F90, line 178
20240731 211640.557 INFO             PET2  Finalizing ESMF
20240731 211640.557 INFO             PET2 **************** Region Timings *******************
20240731 211640.557 INFO             PET2 Region              Count  Total (s)   Self (s)    Mean (s)    Min (s)     Max (s)
20240731 211640.557 INFO             PET2   [ESMF]            1      0.0067      0.0065      0.0067      0.0067      0.0067
20240731 211640.558 INFO             PET2     [test] Run 1    5      0.0002      0.0002      0.0000      0.0000      0.0000
20240731 211640.558 INFO             PET2     [test] Final 1  1      0.0000      0.0000      0.0000      0.0000      0.0000
20240731 211640.558 INFO             PET2     [test] Init 1   1      0.0000      0.0000      0.0000      0.0000      0.0000
20240731 211640.544 INFO             PET3 !!!!!!!!!!!!!!!!!!!!!!!!!!!!!!!!!!!!!!!!!!!!!!!!!!!!!!
20240731 211640.546 INFO             PET3 !!! THE ESMF_LOG IS SET TO OUTPUT ALL LOG MESSAGES !!!
20240731 211640.546 INFO             PET3 !!!     THIS MAY CAUSE SLOWDOWN IN PERFORMANCE     !!!
20240731 211640.546 INFO             PET3 !!! FOR PRODUCTION RUNS, USE:                      !!!
20240731 211640.546 INFO             PET3 !!!                   ESMF_LOGKIND_Multi_On_Error  !!!
20240731 211640.546 INFO             PET3 !!!!!!!!!!!!!!!!!!!!!!!!!!!!!!!!!!!!!!!!!!!!!!!!!!!!!!
20240731 211640.546 INFO             PET3 Running with ESMF Version   : v8.7.0b10-21-g6127c6256e
20240731 211640.546 INFO             PET3 ESMF library build date/time: "Jul 31 2024" "19:15:57"
20240731 211640.546 INFO             PET3 ESMF library build location : /Users/sacks/projects/scratch/esmf-testing/gfortranclang_12.2.0_14.0.0_openmpi_g_nrl_work-esmx/esmf
20240731 211640.546 INFO             PET3 ESMF_COMM                   : openmpi
20240731 211640.546 INFO             PET3 ESMF_MOAB                   : enabled
20240731 211640.546 INFO             PET3 ESMF_LAPACK                 : enabled
20240731 211640.546 INFO             PET3 ESMF_NETCDF                 : enabled
20240731 211640.546 INFO             PET3 ESMF_PNETCDF                : disabled
20240731 211640.546 INFO             PET3 ESMF_PIO                    : enabled
20240731 211640.546 INFO             PET3 ESMF_YAMLCPP                : enabled
20240731 211640.547 INFO             PET3 ESMF Tracing Enabled
20240731 211640.547 INFO             PET3 ESMF Profiling Enabled
20240731 211640.547 INFO             PET3 ESMF Trace/Profile clock: REALTIME
20240731 211640.557 INFO             PET3  NUMBER_OF_PROCESSORS           4
20240731 211640.557 INFO             PET3  PASS  Example ESMF_TraceEx, ESMF_TraceEx.F90, line 178
20240731 211640.557 INFO             PET3  Finalizing ESMF
20240731 211640.557 INFO             PET3 **************** Region Timings *******************
20240731 211640.557 INFO             PET3 Region              Count  Total (s)   Self (s)    Mean (s)    Min (s)     Max (s)
20240731 211640.557 INFO             PET3   [ESMF]            1      0.0066      0.0064      0.0066      0.0066      0.0066
20240731 211640.558 INFO             PET3     [test] Run 1    5      0.0001      0.0001      0.0000      0.0000      0.0000
20240731 211640.558 INFO             PET3     [test] Init 1   1      0.0000      0.0000      0.0000      0.0000      0.0000
20240731 211640.558 INFO             PET3     [test] Final 1  1      0.0000      0.0000      0.0000      0.0000      0.0000
