2024-07-31 19:18:04
20240731 211824.759 INFO             PET0 !!!!!!!!!!!!!!!!!!!!!!!!!!!!!!!!!!!!!!!!!!!!!!!!!!!!!!
20240731 211824.761 INFO             PET0 !!! THE ESMF_LOG IS SET TO OUTPUT ALL LOG MESSAGES !!!
20240731 211824.761 INFO             PET0 !!!     THIS MAY CAUSE SLOWDOWN IN PERFORMANCE     !!!
20240731 211824.761 INFO             PET0 !!! FOR PRODUCTION RUNS, USE:                      !!!
20240731 211824.761 INFO             PET0 !!!                   ESMF_LOGKIND_Multi_On_Error  !!!
20240731 211824.761 INFO             PET0 !!!!!!!!!!!!!!!!!!!!!!!!!!!!!!!!!!!!!!!!!!!!!!!!!!!!!!
20240731 211824.761 INFO             PET0 Running with ESMF Version   : v8.7.0b10-21-g6127c6256e
20240731 211824.761 INFO             PET0 ESMF library build date/time: "Jul 31 2024" "19:15:57"
20240731 211824.761 INFO             PET0 ESMF library build location : /Users/sacks/projects/scratch/esmf-testing/gfortranclang_12.2.0_14.0.0_openmpi_g_nrl_work-esmx/esmf
20240731 211824.761 INFO             PET0 ESMF_COMM                   : openmpi
20240731 211824.761 INFO             PET0 ESMF_MOAB                   : enabled
20240731 211824.761 INFO             PET0 ESMF_LAPACK                 : enabled
20240731 211824.761 INFO             PET0 ESMF_NETCDF                 : enabled
20240731 211824.761 INFO             PET0 ESMF_PNETCDF                : disabled
20240731 211824.761 INFO             PET0 ESMF_PIO                    : enabled
20240731 211824.761 INFO             PET0 ESMF_YAMLCPP                : enabled
20240731 211824.763 INFO             PET0 ESMF_FieldRedistStoreNF(): Just entered routine.
20240731 211825.586 INFO             PET0 ESMF_FieldRedistStoreNF(): Leaving routine.
20240731 211825.649 INFO             PET0  NUMBER_OF_PROCESSORS           4
20240731 211825.649 INFO             PET0  PASS  Example ESMF_RHandleFromFileEx, ESMF_RHandleFromFileEx.F90, line 192
20240731 211825.649 INFO             PET0  Finalizing ESMF
20240731 211824.759 INFO             PET1 !!!!!!!!!!!!!!!!!!!!!!!!!!!!!!!!!!!!!!!!!!!!!!!!!!!!!!
20240731 211824.761 INFO             PET1 !!! THE ESMF_LOG IS SET TO OUTPUT ALL LOG MESSAGES !!!
20240731 211824.761 INFO             PET1 !!!     THIS MAY CAUSE SLOWDOWN IN PERFORMANCE     !!!
20240731 211824.761 INFO             PET1 !!! FOR PRODUCTION RUNS, USE:                      !!!
20240731 211824.761 INFO             PET1 !!!                   ESMF_LOGKIND_Multi_On_Error  !!!
20240731 211824.761 INFO             PET1 !!!!!!!!!!!!!!!!!!!!!!!!!!!!!!!!!!!!!!!!!!!!!!!!!!!!!!
20240731 211824.761 INFO             PET1 Running with ESMF Version   : v8.7.0b10-21-g6127c6256e
20240731 211824.761 INFO             PET1 ESMF library build date/time: "Jul 31 2024" "19:15:57"
20240731 211824.761 INFO             PET1 ESMF library build location : /Users/sacks/projects/scratch/esmf-testing/gfortranclang_12.2.0_14.0.0_openmpi_g_nrl_work-esmx/esmf
20240731 211824.761 INFO             PET1 ESMF_COMM                   : openmpi
20240731 211824.761 INFO             PET1 ESMF_MOAB                   : enabled
20240731 211824.761 INFO             PET1 ESMF_LAPACK                 : enabled
20240731 211824.761 INFO             PET1 ESMF_NETCDF                 : enabled
20240731 211824.761 INFO             PET1 ESMF_PNETCDF                : disabled
20240731 211824.761 INFO             PET1 ESMF_PIO                    : enabled
20240731 211824.761 INFO             PET1 ESMF_YAMLCPP                : enabled
20240731 211824.763 INFO             PET1 ESMF_FieldRedistStoreNF(): Just entered routine.
20240731 211825.586 INFO             PET1 ESMF_FieldRedistStoreNF(): Leaving routine.
20240731 211825.649 INFO             PET1  NUMBER_OF_PROCESSORS           4
20240731 211825.649 INFO             PET1  PASS  Example ESMF_RHandleFromFileEx, ESMF_RHandleFromFileEx.F90, line 192
20240731 211825.649 INFO             PET1  Finalizing ESMF
20240731 211824.759 INFO             PET2 !!!!!!!!!!!!!!!!!!!!!!!!!!!!!!!!!!!!!!!!!!!!!!!!!!!!!!
20240731 211824.760 INFO             PET2 !!! THE ESMF_LOG IS SET TO OUTPUT ALL LOG MESSAGES !!!
20240731 211824.760 INFO             PET2 !!!     THIS MAY CAUSE SLOWDOWN IN PERFORMANCE     !!!
20240731 211824.760 INFO             PET2 !!! FOR PRODUCTION RUNS, USE:                      !!!
20240731 211824.760 INFO             PET2 !!!                   ESMF_LOGKIND_Multi_On_Error  !!!
20240731 211824.760 INFO             PET2 !!!!!!!!!!!!!!!!!!!!!!!!!!!!!!!!!!!!!!!!!!!!!!!!!!!!!!
20240731 211824.760 INFO             PET2 Running with ESMF Version   : v8.7.0b10-21-g6127c6256e
20240731 211824.760 INFO             PET2 ESMF library build date/time: "Jul 31 2024" "19:15:57"
20240731 211824.760 INFO             PET2 ESMF library build location : /Users/sacks/projects/scratch/esmf-testing/gfortranclang_12.2.0_14.0.0_openmpi_g_nrl_work-esmx/esmf
20240731 211824.760 INFO             PET2 ESMF_COMM                   : openmpi
20240731 211824.760 INFO             PET2 ESMF_MOAB                   : enabled
20240731 211824.760 INFO             PET2 ESMF_LAPACK                 : enabled
20240731 211824.760 INFO             PET2 ESMF_NETCDF                 : enabled
20240731 211824.760 INFO             PET2 ESMF_PNETCDF                : disabled
20240731 211824.760 INFO             PET2 ESMF_PIO                    : enabled
20240731 211824.760 INFO             PET2 ESMF_YAMLCPP                : enabled
20240731 211824.763 INFO             PET2 ESMF_FieldRedistStoreNF(): Just entered routine.
20240731 211825.586 INFO             PET2 ESMF_FieldRedistStoreNF(): Leaving routine.
20240731 211825.649 INFO             PET2  NUMBER_OF_PROCESSORS           4
20240731 211825.649 INFO             PET2  PASS  Example ESMF_RHandleFromFileEx, ESMF_RHandleFromFileEx.F90, line 192
20240731 211825.649 INFO             PET2  Finalizing ESMF
20240731 211824.759 INFO             PET3 !!!!!!!!!!!!!!!!!!!!!!!!!!!!!!!!!!!!!!!!!!!!!!!!!!!!!!
20240731 211824.761 INFO             PET3 !!! THE ESMF_LOG IS SET TO OUTPUT ALL LOG MESSAGES !!!
20240731 211824.761 INFO             PET3 !!!     THIS MAY CAUSE SLOWDOWN IN PERFORMANCE     !!!
20240731 211824.761 INFO             PET3 !!! FOR PRODUCTION RUNS, USE:                      !!!
20240731 211824.761 INFO             PET3 !!!                   ESMF_LOGKIND_Multi_On_Error  !!!
20240731 211824.761 INFO             PET3 !!!!!!!!!!!!!!!!!!!!!!!!!!!!!!!!!!!!!!!!!!!!!!!!!!!!!!
20240731 211824.761 INFO             PET3 Running with ESMF Version   : v8.7.0b10-21-g6127c6256e
20240731 211824.761 INFO             PET3 ESMF library build date/time: "Jul 31 2024" "19:15:57"
20240731 211824.761 INFO             PET3 ESMF library build location : /Users/sacks/projects/scratch/esmf-testing/gfortranclang_12.2.0_14.0.0_openmpi_g_nrl_work-esmx/esmf
20240731 211824.761 INFO             PET3 ESMF_COMM                   : openmpi
20240731 211824.761 INFO             PET3 ESMF_MOAB                   : enabled
20240731 211824.761 INFO             PET3 ESMF_LAPACK                 : enabled
20240731 211824.761 INFO             PET3 ESMF_NETCDF                 : enabled
20240731 211824.761 INFO             PET3 ESMF_PNETCDF                : disabled
20240731 211824.761 INFO             PET3 ESMF_PIO                    : enabled
20240731 211824.761 INFO             PET3 ESMF_YAMLCPP                : enabled
20240731 211824.764 INFO             PET3 ESMF_FieldRedistStoreNF(): Just entered routine.
20240731 211825.586 INFO             PET3 ESMF_FieldRedistStoreNF(): Leaving routine.
20240731 211825.649 INFO             PET3  NUMBER_OF_PROCESSORS           4
20240731 211825.649 INFO             PET3  PASS  Example ESMF_RHandleFromFileEx, ESMF_RHandleFromFileEx.F90, line 192
20240731 211825.649 INFO             PET3  Finalizing ESMF
