2024-08-01 19:20:50
--- ESMCI::ArrayBundle::print start ---
ArrayBundle: MyArrayBundle
arrayCount = 3
--- ESMCI::ArrayBundle::print start ---
ArrayBundle: MyArrayBundle
arrayCount = 3
Container::print() multipmap:item=0 key=AonFly value=0x133010e00
Container::print() multipmap:item=1 key=Array002 value=0x13300f600
--- ESMCI::ArrayBundle::print start ---
ArrayBundle: MyArrayBundle
arrayCount = 3
Container::print() multipmap:item=0 key=AonFly value=0x10d018c00
--- ESMCI::ArrayBundle::print start ---
ArrayBundle: MyArrayBundle
Container::print() multipmap:item=2 key=Array003 value=0x13300fc00
Container::print() multipmap:item=1 key=Array002 value=0x10d00ea00
arrayCount = 3
Container::print() multipmap:item=0 key=AonFly value=0x14b020600
Container::print() multipmap:item=1 key=Array002 value=0x14b01ee00
Container::print() multipmap:item=2 key=Array003 value=0x14b01f400
Container::print()      list:item=0 key=Array002 value=0x13300f600
Container::print() multipmap:item=2 key=Array003 value=0x10d017a00
Container::print() multipmap:item=0 key=AonFly value=0x10580a000
Container::print()      list:item=1 key=Array003 value=0x13300fc00
Container::print()      list:item=0 key=Array002 value=0x10d00ea00
Container::print()      list:item=0 key=Array002 value=0x14b01ee00
Container::print()      list:item=2 key=AonFly value=0x133010e00
Container::print()      list:item=1 key=Array003 value=0x14b01f400
Container::print() multipmap:item=1 key=Array002 value=0x105808800
Container::print() multipmap:item=2 key=Array003 value=0x105808e00
Container::print()      list:item=1 key=Array003 value=0x10d017a00
Container::print()      list:item=2 key=AonFly value=0x10d018c00
--- ESMCI::ArrayBundle::print end ---
Container::print()      list:item=2 key=AonFly value=0x14b020600
--- ESMCI::ArrayBundle::print end ---
--- ESMCI::ArrayBundle::print end ---
Container::print()      list:item=0 key=Array002 value=0x105808800
Container::print()      list:item=1 key=Array003 value=0x105808e00
Container::print()      list:item=2 key=AonFly value=0x10580a000
--- ESMCI::Array::print start ---
--- ESMCI::Array::print start ---
--- ESMCI::Array::print start ---
 Base name    = AonFly
 Base name    = AonFly
 Base name    = AonFly
--- ESMCI::ArrayBundle::print end ---
 Status: Base = Ready,  object = Ready
 Status: Base = Ready,  object = Ready
 Status: Base = Ready,  object = Ready
 Proxy        = no
 Root Info (Attributes):
 Proxy        = no
 Root Info (Attributes):
 Proxy        = no
 Root Info (Attributes):
--- ESMCI::Array::print start ---
 Base name    = AonFly
 Status: Base = Ready,  object = Ready
 Proxy        = no
{}Array typekind/rank: Real*4 / 2 
{}Array typekind/rank: Real*4 / 2 
{}Array typekind/rank: Real*4 / 2 
 Root Info (Attributes):
~ lower class' values ~
~ lower class' values ~
DistGrid dimCount = 2
~ lower class' values ~
DistGrid dimCount = 2
DistGrid dimCount = 2
deCount = 6
deCount = 6
{}deCount = 6
localDeCount = 2
localDeCount = 2
localDeCount = 1
Array typekind/rank: Real*4 / 2 
~ local data in LocalArray for DE 1 ~
~ local data in LocalArray for DE 2 ~
~ local data in LocalArray for DE 0 ~
~ lower class' values ~
LocalArrayPrint: Array at address 0x10c60cd10:
LocalArrayPrint: Array at address 0x132e05950:
LocalArrayPrint: Array at address 0x14ae1ef20:
DistGrid dimCount = 2
            rank = 2, typekind = 5, base_addr = 0x6000016fc5c0
            rank = 2, typekind = 5, base_addr = 0x6000003bd000
            rank = 2, typekind = 5, base_addr = 0x600003440ec0
deCount = 6
            dim[0] = 3  dim[1] = 2  
            dim[0] = 3  dim[1] = 2  
            dim[0] = 2  dim[1] = 2  
  Real, *4, Dim 2, Data values:
localDeCount = 1
~ local data in LocalArray for DE 3 ~
  Real, *4, Dim 2, Data values:
  Real, *4, Dim 2, Data values:
( 1, 1) =  0
( 1, 1) =  0
( 2, 1) =  0
( 2, 1) =  0
LocalArrayPrint: Array at address 0x1027059e0:
( 1, 1) =  0
( 1, 2) =  0
( 3, 1) =  0
( 2, 1) =  0
( 3, 1) =  0
            rank = 2, typekind = 5, base_addr = 0x600000d98740
            dim[0] = 2  dim[1] = 2  
( 2, 2) =  0
dim 1: [0]: [1 [1 [1, 2] 2] 2]
( 1, 2) =  0
( 2, 2) =  0
( 1, 2) =  0
  Real, *4, Dim 2, Data values:
( 3, 2) =  0
dim 2: [1]: [1 [1 [1, 2] 2] 2]
~ local data in LocalArray for DE 5 ~
( 2, 2) =  0
( 1, 1) =  0
( 2, 1) =  0
dim 1: [0]: [1 [1 [1, 3] 3] 3]
( 3, 2) =  0
dim 1: [0]: [1 [1 [1, 3] 3] 3]
dim 2: [1]: [1 [1 [1, 2] 2] 2]
~ local data in LocalArray for DE 4 ~
LocalArrayPrint: Array at address 0x10c60d040:
            rank = 2, typekind = 5, base_addr = 0x600003440ed0
( 1, 2) =  0
( 2, 2) =  0
dim 2: [1]: [1 [1 [1, 2] 2] 2]
LocalArrayPrint: Array at address 0x14ae1f250:
            rank = 2, typekind = 5, base_addr = 0x6000001b7a00
dim 1: [0]: [1 [1 [1, 2] 2] 2]
dim 2: [1]: [1 [1 [1, 2] 2] 2]
            dim[0] = 2  dim[1] = 1  
  Real, *4, Dim 2, Data values:
--- ESMCI::Array::print end ---
--- ESMCI::Array::print start ---
            dim[0] = 3  dim[1] = 1  
--- ESMCI::Array::print end ---
( 1, 1) =  0
( 2, 1) =  0
 Base name    = Array002
 Status: Base = Ready,  object = Ready
  Real, *4, Dim 2, Data values:
--- ESMCI::Array::print start ---
( 1, 1) =  0
 Base name    = Array002
 Proxy        = no
dim 1: [0]: [1 [1 [1, 2] 2] 2]
 Status: Base = Ready,  object = Ready
 Root Info (Attributes):
dim 2: [1]: [1 [1 [1, 1] 1] 1]
( 2, 1) =  0
 Proxy        = no
( 3, 1) =  0
{}--- ESMCI::Array::print end ---
--- ESMCI::Array::print start ---
 Root Info (Attributes):
Array typekind/rank: Real*8 / 2 
dim 1: [0]: [1 [1 [1, 3] 3] 3]
dim 2: [1]: [1 [1 [1, 1] 1] 1]
 Base name    = Array002
~ lower class' values ~
{}Array typekind/rank: Real*8 / 2 
 Status: Base = Ready,  object = Ready
--- ESMCI::Array::print end ---
DistGrid dimCount = 2
 Proxy        = no
 Root Info (Attributes):
--- ESMCI::Array::print start ---
 Base name    = Array002
~ lower class' values ~
deCount = 6
{}Array typekind/rank: Real*8 / 2 
 Status: Base = Ready,  object = Ready
 Proxy        = no
DistGrid dimCount = 2
localDeCount = 1
~ lower class' values ~
 Root Info (Attributes):
deCount = 6
DistGrid dimCount = 2
deCount = 6
localDeCount = 1
~ local data in LocalArray for DE 2 ~
LocalArrayPrint: Array at address 0x132e04c00:
{}Array typekind/rank: Real*8 / 2 
localDeCount = 2
~ local data in LocalArray for DE 3 ~
            rank = 2, typekind = 6, base_addr = 0x6000018f80f0
~ lower class' values ~
~ local data in LocalArray for DE 1 ~
            dim[0] = 3  dim[1] = 2  
LocalArrayPrint: Array at address 0x102704960:
DistGrid dimCount = 2
deCount = 6
  Real, *8, Dim 2, Data values:
            rank = 2, typekind = 6, base_addr = 0x600000fa4120
LocalArrayPrint: Array at address 0x10c60b300:
( 1, 1) =  0
            dim[0] = 2  dim[1] = 2  
localDeCount = 2
            rank = 2, typekind = 6, base_addr = 0x6000036499c0
  Real, *8, Dim 2, Data values:
( 2, 1) =  0
~ local data in LocalArray for DE 0 ~
            dim[0] = 2  dim[1] = 2  
( 1, 1) =  0
( 3, 1) =  0
LocalArrayPrint: Array at address 0x14ae1cfc0:
  Real, *8, Dim 2, Data values:
( 2, 1) =  0
( 1, 1) =  0
            rank = 2, typekind = 6, base_addr = 0x600000db5950
( 1, 2) =  0
( 1, 2) =  0
( 2, 1) =  0
            dim[0] = 3  dim[1] = 2  
( 2, 2) =  0
( 2, 2) =  0
( 1, 2) =  0
  Real, *8, Dim 2, Data values:
dim 1: [0]: [1 [1 [1, 2] 2] 2]
( 3, 2) =  0
( 2, 2) =  0
( 1, 1) =  0
dim 2: [1]: [1 [1 [1, 2] 2] 2]
dim 1: [0]: [1 [1 [1, 3] 3] 3]
dim 1: [0]: [1 [1 [1, 2] 2] 2]
( 2, 1) =  0
--- ESMCI::Array::print end ---
dim 2: [1]: [1 [1 [1, 2] 2] 2]
( 3, 1) =  0
dim 2: [1]: [1 [1 [1, 2] 2] 2]
--- ESMCI::Array::print end ---
--- ESMCI::Array::print start ---
~ local data in LocalArray for DE 5 ~
LocalArrayPrint: Array at address 0x10c60b630:
( 1, 2) =  0
( 2, 2) =  0
--- ESMCI::Array::print start ---
 Base name    = Array003
( 3, 2) =  0
            rank = 2, typekind = 6, base_addr = 0x6000034409b0
 Status: Base = Ready,  object = Ready
 Base name    = Array003
dim 1: [0]: [1 [1 [1, 3] 3] 3]
 Proxy        = no
 Status: Base = Ready,  object = Ready
dim 2: [1]: [1 [1 [1, 2] 2] 2]
            dim[0] = 2  dim[1] = 1  
 Proxy        = no
 Root Info (Attributes):
  Real, *8, Dim 2, Data values:
~ local data in LocalArray for DE 4 ~
 Root Info (Attributes):
LocalArrayPrint: Array at address 0x14ae1d510:
( 1, 1) =  0
( 2, 1) =  0
{}{}            rank = 2, typekind = 6, base_addr = 0x6000003bcdc0
Array typekind/rank: Real*8 / 2 
            dim[0] = 3  dim[1] = 1  
dim 1: [0]: [1 [1 [1, 2] 2] 2]
Array typekind/rank: Real*8 / 2 
~ lower class' values ~
  Real, *8, Dim 2, Data values:
dim 2: [1]: [1 [1 [1, 1] 1] 1]
~ lower class' values ~
--- ESMCI::Array::print end ---
( 1, 1) =  0
DistGrid dimCount = 2
DistGrid dimCount = 2
deCount = 6
deCount = 6
( 2, 1) =  0
( 3, 1) =  0
--- ESMCI::Array::print start ---
localDeCount = 1
localDeCount = 1
 Base name    = Array003
dim 1: [0]: [1 [1 [1, 3] 3] 3]
~ local data in LocalArray for DE 3 ~
~ local data in LocalArray for DE 2 ~
 Status: Base = Ready,  object = Ready
 Proxy        = no
dim 2: [1]: [1 [1 [1, 1] 1] 1]
--- ESMCI::Array::print end ---
LocalArrayPrint: Array at address 0x132e04f30:
LocalArrayPrint: Array at address 0x102704c90:
--- ESMCI::Array::print start ---
 Base name    = Array003
 Root Info (Attributes):
            rank = 2, typekind = 6, base_addr = 0x6000018f8090
            rank = 2, typekind = 6, base_addr = 0x600000fa41e0
{} Status: Base = Ready,  object = Ready
            dim[0] = 3  dim[1] = 2  
            dim[0] = 2  dim[1] = 2  
Array typekind/rank: Real*8 / 2 
 Proxy        = no
  Real, *8, Dim 2, Data values:
  Real, *8, Dim 2, Data values:
~ lower class' values ~
 Root Info (Attributes):
( 1, 1) =  0
( 1, 1) =  0
DistGrid dimCount = 2
{}( 2, 1) =  0
( 2, 1) =  0
deCount = 6
Array typekind/rank: Real*8 / 2 
( 1, 2) =  0
( 3, 1) =  0
localDeCount = 2
~ lower class' values ~
( 1, 2) =  0
( 2, 2) =  0
DistGrid dimCount = 2
~ local data in LocalArray for DE 1 ~
dim 1: [0]: [1 [1 [1, 2] 2] 2]
( 2, 2) =  0
deCount = 6
LocalArrayPrint: Array at address 0x10c60b960:
dim 2: [1]: [1 [1 [1, 2] 2] 2]
( 3, 2) =  0
localDeCount = 2
            rank = 2, typekind = 6, base_addr = 0x600003649a40
dim 1: [0]: [1 [1 [1, 3] 3] 3]
--- ESMCI::Array::print end ---
            dim[0] = 2  dim[1] = 2  
~ local data in LocalArray for DE 0 ~
dim 2: [1]: [1 [1 [1, 2] 2] 2]
LocalArrayPrint: Array at address 0x14ae1d840:
  Real, *8, Dim 2, Data values:
--- ESMCI::Array::print end ---
( 1, 1) =  0
( 2, 1) =  0
            rank = 2, typekind = 6, base_addr = 0x600000db5a10
  PASS  Example ESMF_ArrayBundleEx, ESMF_ArrayBundleEx.F90, line 267
( 1, 2) =  0
            dim[0] = 3  dim[1] = 2  
( 2, 2) =  0
  Real, *8, Dim 2, Data values:
dim 1: [0]: [1 [1 [1, 2] 2] 2]
  PASS  Example ESMF_ArrayBundleEx, ESMF_ArrayBundleEx.F90, line 267
( 1, 1) =  0
( 2, 1) =  0
( 3, 1) =  0
dim 2: [1]: [1 [1 [1, 2] 2] 2]
~ local data in LocalArray for DE 5 ~
LocalArrayPrint: Array at address 0x10c60bc90:
            rank = 2, typekind = 6, base_addr = 0x600003440af0
( 1, 2) =  0
            dim[0] = 2  dim[1] = 1  
( 2, 2) =  0
  Real, *8, Dim 2, Data values:
( 3, 2) =  0
( 1, 1) =  0
dim 1: [0]: [1 [1 [1, 3] 3] 3]
( 2, 1) =  0
dim 2: [1]: [1 [1 [1, 2] 2] 2]
~ local data in LocalArray for DE 4 ~
dim 1: [0]: [1 [1 [1, 2] 2] 2]
dim 2: [1]: [1 [1 [1, 1] 1] 1]
LocalArrayPrint: Array at address 0x14ae1db70:
            rank = 2, typekind = 6, base_addr = 0x6000003bce40
            dim[0] = 3  dim[1] = 1  
--- ESMCI::Array::print end ---
  Real, *8, Dim 2, Data values:
( 1, 1) =  0
( 2, 1) =  0
( 3, 1) =  0
dim 1: [0]: [1 [1 [1, 3] 3] 3]
dim 2: [1]: [1 [1 [1, 1] 1] 1]
--- ESMCI::Array::print end ---
  PASS  Example ESMF_ArrayBundleEx, ESMF_ArrayBundleEx.F90, line 267
  PASS  Example ESMF_ArrayBundleEx, ESMF_ArrayBundleEx.F90, line 267
 PASS: ESMF_ArrayBundleEx.F90
 PASS: ESMF_ArrayBundleEx.F90
 PASS: ESMF_ArrayBundleEx.F90
 PASS: ESMF_ArrayBundleEx.F90
