2024-07-31 19:18:04
--- ESMCI::Array::print start ---
 Base name    = Array002
--- ESMCI::Array::print start ---
 Base name    = Array002
 Status: Base = Ready,  object = Ready
 Proxy        = no
 Root Info (Attributes):
--- ESMCI::Array::print start ---
 Base name    = Array002
 Status: Base = Ready,  object = Ready
 Proxy        = no
 Root Info (Attributes):
--- ESMCI::Array::print start ---
 Base name    = Array002
 Status: Base = Ready,  object = Ready
 Proxy        = no
 Root Info (Attributes):
 Status: Base = Ready,  object = Ready
 Proxy        = no
 Root Info (Attributes):
{}Array typekind/rank: Real*8 / 2 
{}Array typekind/rank: Real*8 / 2 
~ lower class' values ~
DistGrid dimCount = 2
{}Array typekind/rank: Real*8 / 2 
~ lower class' values ~
{}Array typekind/rank: Real*8 / 2 
~ lower class' values ~
~ lower class' values ~
DistGrid dimCount = 2
DistGrid dimCount = 2
deCount = 4
deCount = 4
localDeCount = 1
DistGrid dimCount = 2
deCount = 4
localDeCount = 1
~ local data in LocalArray for DE 3 ~
deCount = 4
localDeCount = 1
~ local data in LocalArray for DE 0 ~
localDeCount = 1
~ local data in LocalArray for DE 1 ~
~ local data in LocalArray for DE 2 ~
LocalArrayPrint: Array at address 0x139709880:
            rank = 2, typekind = 6, base_addr = 0x600003a08640
LocalArrayPrint: Array at address 0x14bf130f0:
            rank = 2, typekind = 6, base_addr = 0x6000029cb6c0
LocalArrayPrint: Array at address 0x126608620:
LocalArrayPrint: Array at address 0x11c804c30:
            rank = 2, typekind = 6, base_addr = 0x600000558240
            dim[0] = 2  dim[1] = 2  
  Real, *8, Dim 2, Data values:
            rank = 2, typekind = 6, base_addr = 0x600001bb0b80
            dim[0] = 2  dim[1] = 2  
            dim[0] = 2  dim[1] = 2  
  Real, *8, Dim 2, Data values:
( 1, 1) =  101
( 2, 1) =  101
  Real, *8, Dim 2, Data values:
( 1, 1) =  100
            dim[0] = 2  dim[1] = 2  
( 1, 1) =  102
( 2, 1) =  102
  Real, *8, Dim 2, Data values:
( 1, 2) =  101
( 1, 2) =  102
( 2, 1) =  100
( 2, 2) =  101
( 2, 2) =  102
( 1, 2) =  100
( 1, 1) =  103
dim 1: [0]: [1 [1 [1, 2] 2] 2]
dim 1: [0]: [1 [1 [1, 2] 2] 2]
dim 2: [1]: [1 [1 [1, 2] 2] 2]
dim 2: [1]: [1 [1 [1, 2] 2] 2]
--- ESMCI::Array::print end ---
( 2, 2) =  100
--- ESMCI::Array::print end ---
--- ESMCI::Array::print start ---
--- ESMCI::Array::print start ---
 Base name    = Array003
( 2, 1) =  103
( 1, 2) =  103
dim 1: [0]: [1 [1 [1, 2] 2] 2]
dim 2: [1]: [1 [1 [1, 2] 2] 2]
--- ESMCI::Array::print end ---
 Base name    = Array003
 Status: Base = Ready,  object = Ready
( 2, 2) =  103
 Status: Base = Ready,  object = Ready
 Proxy        = no
dim 1: [0]: [1 [1 [1, 2] 2] 2]
--- ESMCI::Array::print start ---
 Proxy        = no
 Root Info (Attributes):
dim 2: [1]: [1 [1 [1, 2] 2] 2]
 Base name    = Array003
 Root Info (Attributes):
 Status: Base = Ready,  object = Ready
--- ESMCI::Array::print end ---
--- ESMCI::Array::print start ---
{}Array typekind/rank: Real*8 / 2 
{}Array typekind/rank: Real*8 / 2 
 Proxy        = no
 Root Info (Attributes):
 Base name    = Array003
~ lower class' values ~
DistGrid dimCount = 2
 Status: Base = Ready,  object = Ready
~ lower class' values ~
{} Proxy        = no
Array typekind/rank: Real*8 / 2 
~ lower class' values ~
DistGrid dimCount = 2
deCount = 4
deCount = 4
localDeCount = 1
DistGrid dimCount = 2
localDeCount = 1
deCount = 4
 Root Info (Attributes):
~ local data in LocalArray for DE 1 ~
localDeCount = 1
LocalArrayPrint: Array at address 0x11c804f60:
            rank = 2, typekind = 6, base_addr = 0x600000558380
~ local data in LocalArray for DE 2 ~
LocalArrayPrint: Array at address 0x139709bb0:
            rank = 2, typekind = 6, base_addr = 0x600003a08780
~ local data in LocalArray for DE 0 ~
            dim[0] = 2  dim[1] = 2  
{}LocalArrayPrint: Array at address 0x126608950:
            dim[0] = 2  dim[1] = 2  
  Real, *8, Dim 2, Data values:
  Real, *8, Dim 2, Data values:
( 1, 1) =  201
Array typekind/rank: Real*8 / 2 
( 1, 1) =  202
( 2, 1) =  201
            rank = 2, typekind = 6, base_addr = 0x600001bb0cc0
( 2, 1) =  202
( 1, 2) =  201
            dim[0] = 2  dim[1] = 2  
~ lower class' values ~
DistGrid dimCount = 2
( 2, 2) =  201
  Real, *8, Dim 2, Data values:
( 1, 2) =  202
dim 1: [0]: [1 [1 [1, 2] 2] 2]
( 1, 1) =  200
( 2, 2) =  202
deCount = 4
dim 2: [1]: [1 [1 [1, 2] 2] 2]
( 2, 1) =  200
dim 1: [0]: [1 [1 [1, 2] 2] 2]
localDeCount = 1
~ local data in LocalArray for DE 3 ~
--- ESMCI::Array::print end ---
( 1, 2) =  200
dim 2: [1]: [1 [1 [1, 2] 2] 2]
--- ESMCI::Array::print end ---
--- ESMCI::Array::print start ---
( 2, 2) =  200
LocalArrayPrint: Array at address 0x14bf13420:
dim 1: [0]: [1 [1 [1, 2] 2] 2]
--- ESMCI::Array::print start ---
 Base name    = Array004
 Status: Base = Ready,  object = Ready
            rank = 2, typekind = 6, base_addr = 0x6000029cb800
dim 2: [1]: [1 [1 [1, 2] 2] 2]
 Proxy        = no
            dim[0] = 2  dim[1] = 2  
  Real, *8, Dim 2, Data values:
--- ESMCI::Array::print end ---
--- ESMCI::Array::print start ---
 Base name    = Array004
 Status: Base = Ready,  object = Ready
 Proxy        = no
 Root Info (Attributes):
 Base name    = Array004
 Status: Base = Ready,  object = Ready
( 1, 1) =  203
( 2, 1) =  203
 Proxy        = no
 Root Info (Attributes):
{}( 1, 2) =  203
 Root Info (Attributes):
Array typekind/rank: Real*8 / 2 
~ lower class' values ~
{}Array typekind/rank: Real*8 / 2 
( 2, 2) =  203
dim 1: [0]: [1 [1 [1, 2] 2] 2]
DistGrid dimCount = 2
{}~ lower class' values ~
DistGrid dimCount = 2
dim 2: [1]: [1 [1 [1, 2] 2] 2]
deCount = 4
localDeCount = 1
Array typekind/rank: Real*8 / 2 
--- ESMCI::Array::print end ---
~ local data in LocalArray for DE 1 ~
deCount = 4
~ lower class' values ~
--- ESMCI::Array::print start ---
localDeCount = 1
LocalArrayPrint: Array at address 0x11c805290:
DistGrid dimCount = 2
 Base name    = Array004
~ local data in LocalArray for DE 0 ~
            rank = 2, typekind = 6, base_addr = 0x600002b4c580
deCount = 4
localDeCount = 1
~ local data in LocalArray for DE 2 ~
 Status: Base = Ready,  object = Ready
 Proxy        = no
LocalArrayPrint: Array at address 0x126608c80:
            rank = 2, typekind = 6, base_addr = 0x6000035a0680
LocalArrayPrint: Array at address 0x139709ee0:
            rank = 2, typekind = 6, base_addr = 0x60000141c380
            dim[0] = 4  dim[1] = 4  
  Real, *8, Dim 2, Data values:
            dim[0] = 4  dim[1] = 4  
            dim[0] = 4  dim[1] = 4  
( 0, 0) =  300
  Real, *8, Dim 2, Data values:
  Real, *8, Dim 2, Data values:
 Root Info (Attributes):
( 0, 0) =  301
( 1, 0) =  300
( 0, 0) =  302
( 2, 0) =  300
( 1, 0) =  300
( 1, 0) =  301
{}( 3, 0) =  300
( 2, 0) =  300
( 2, 0) =  301
Array typekind/rank: Real*8 / 2 
~ lower class' values ~
( 3, 0) =  301
( 0, 1) =  300
( 3, 0) =  301
( 0, 1) =  302
( 1, 1) =  300
( 2, 1) =  300
( 0, 1) =  300
( 1, 1) =  301
( 2, 1) =  301
( 3, 1) =  301
( 1, 1) =  302
( 0, 2) =  300
( 1, 2) =  300
( 2, 2) =  300
( 3, 1) =  301
( 0, 2) =  300
( 1, 2) =  301
( 2, 1) =  302
( 3, 1) =  303
( 3, 2) =  301
DistGrid dimCount = 2
deCount = 4
( 2, 2) =  301
( 0, 3) =  300
( 0, 2) =  302
localDeCount = 1
( 3, 2) =  301
( 1, 3) =  302
~ local data in LocalArray for DE 3 ~
LocalArrayPrint: Array at address 0x14bf13750:
( 0, 3) =  302
( 2, 3) =  302
( 1, 2) =  302
( 2, 2) =  302
( 1, 3) =  303
( 3, 3) =  303
( 3, 2) =  303
            rank = 2, typekind = 6, base_addr = 0x6000007e6c00
( 2, 3) =  303
dim 1: [0]: [0 [1 [1, 2] 2] 3]
( 0, 3) =  302
            dim[0] = 4  dim[1] = 4  
( 3, 3) =  301
( 1, 3) =  302
dim 2: [1]: [0 [1 [1, 2] 2] 3]
  Real, *8, Dim 2, Data values:
dim 1: [0]: [0 [1 [1, 2] 2] 3]
( 2, 3) =  302
--- ESMCI::Array::print end ---
( 0, 0) =  300
--- ESMCI::Array::print start ---
dim 2: [1]: [0 [1 [1, 2] 2] 3]
( 3, 3) =  302
( 1, 0) =  301
--- ESMCI::Array::print end ---
dim 1: [0]: [0 [1 [1, 2] 2] 3]
 Base name    = Array005
( 2, 0) =  301
--- ESMCI::Array::print start ---
dim 2: [1]: [0 [1 [1, 2] 2] 3]
 Status: Base = Ready,  object = Ready
( 3, 0) =  303
--- ESMCI::Array::print end ---
 Base name    = Array005
 Status: Base = Ready,  object = Ready
 Proxy        = no
 Root Info (Attributes):
( 0, 1) =  302
( 1, 1) =  303
--- ESMCI::Array::print start ---
 Base name    = Array005
( 2, 1) =  303
{} Proxy        = no
 Status: Base = Ready,  object = Ready
( 3, 1) =  303
Array typekind/rank: Real*8 / 2 
 Root Info (Attributes):
 Proxy        = no
( 0, 2) =  302
( 1, 2) =  303
~ lower class' values ~
{}Array typekind/rank: Real*8 / 2 
 Root Info (Attributes):
{}( 2, 2) =  303
DistGrid dimCount = 2
~ lower class' values ~
DistGrid dimCount = 2
Array typekind/rank: Real*8 / 2 
~ lower class' values ~
deCount = 4
localDeCount = 1
( 3, 2) =  303
( 0, 3) =  303
~ local data in LocalArray for DE 0 ~
deCount = 4
DistGrid dimCount = 2
( 1, 3) =  303
deCount = 4
localDeCount = 1
LocalArrayPrint: Array at address 0x126608fb0:
( 2, 3) =  303
( 3, 3) =  303
localDeCount = 1
~ local data in LocalArray for DE 1 ~
            rank = 2, typekind = 6, base_addr = 0x6000035a0700
LocalArrayPrint: Array at address 0x11c8055c0:
~ local data in LocalArray for DE 2 ~
            dim[0] = 4  dim[1] = 4  
dim 1: [0]: [0 [1 [1, 2] 2] 3]
            rank = 2, typekind = 6, base_addr = 0x600002b4c680
LocalArrayPrint: Array at address 0x13970a210:
  Real, *8, Dim 2, Data values:
dim 2: [1]: [0 [1 [1, 2] 2] 3]
            dim[0] = 4  dim[1] = 4  
            rank = 2, typekind = 6, base_addr = 0x60000141c200
( 0, 0) =  400
--- ESMCI::Array::print end ---
--- ESMCI::Array::print start ---
  Real, *8, Dim 2, Data values:
( 0, 0) =  401
            dim[0] = 4  dim[1] = 4  
  Real, *8, Dim 2, Data values:
( 1, 0) =  400
( 2, 0) =  400
( 1, 0) =  401
( 2, 0) =  401
( 3, 0) =  400
( 0, 1) =  400
( 0, 0) =  402
( 1, 0) =  400
 Base name    = Array005
( 3, 0) =  401
 Status: Base = Ready,  object = Ready
( 0, 1) =  400
( 1, 1) =  400
( 2, 0) =  400
( 1, 1) =  401
( 2, 1) =  400
( 3, 1) =  401
( 3, 0) =  401
( 0, 1) =  402
 Proxy        = no
 Root Info (Attributes):
( 2, 1) =  401
{}( 3, 1) =  401
Array typekind/rank: Real*8 / 2 
( 0, 2) =  400
( 1, 1) =  402
( 2, 1) =  402
( 0, 2) =  400
( 1, 2) =  400
~ lower class' values ~
( 3, 1) =  403
( 1, 2) =  401
( 2, 2) =  400
DistGrid dimCount = 2
( 0, 2) =  402
( 2, 2) =  401
( 3, 2) =  401
deCount = 4
( 0, 3) =  400
( 1, 2) =  402
( 3, 2) =  401
( 0, 3) =  402
localDeCount = 1
~ local data in LocalArray for DE 3 ~
( 1, 3) =  402
( 2, 3) =  402
( 2, 2) =  402
( 3, 2) =  403
( 1, 3) =  403
( 2, 3) =  403
( 3, 3) =  403
LocalArrayPrint: Array at address 0x14bf13a80:
            rank = 2, typekind = 6, base_addr = 0x6000007e6f00
dim 1: [0]: [0 [1 [1, 2] 2] 3]
( 3, 3) =  401
( 0, 3) =  402
( 1, 3) =  402
dim 2: [1]: [0 [1 [1, 2] 2] 3]
dim 1: [0]: [0 [1 [1, 2] 2] 3]
            dim[0] = 4  dim[1] = 4  
  Real, *8, Dim 2, Data values:
( 2, 3) =  402
--- ESMCI::Array::print end ---
dim 2: [1]: [0 [1 [1, 2] 2] 3]
( 0, 0) =  400
( 3, 3) =  402
--- ESMCI::Array::print start ---
--- ESMCI::Array::print end ---
( 1, 0) =  401
( 2, 0) =  401
dim 1: [0]: [0 [1 [1, 2] 2] 3]
 Base name    = Array006
--- ESMCI::Array::print start ---
( 3, 0) =  403
dim 2: [1]: [0 [1 [1, 2] 2] 3]
 Status: Base = Ready,  object = Ready
 Base name    = Array006
 Status: Base = Ready,  object = Ready
--- ESMCI::Array::print end ---
--- ESMCI::Array::print start ---
 Proxy        = no
 Root Info (Attributes):
( 0, 1) =  402
 Proxy        = no
( 1, 1) =  403
 Root Info (Attributes):
 Base name    = Array006
{} Status: Base = Ready,  object = Ready
Array typekind/rank: Real*8 / 2 
( 2, 1) =  403
{}( 3, 1) =  403
 Proxy        = no
~ lower class' values ~
Array typekind/rank: Real*8 / 2 
~ lower class' values ~
 Root Info (Attributes):
DistGrid dimCount = 2
deCount = 4
( 0, 2) =  402
{}Array typekind/rank: Real*8 / 2 
localDeCount = 1
( 1, 2) =  403
DistGrid dimCount = 2
deCount = 4
~ lower class' values ~
~ local data in LocalArray for DE 0 ~
( 2, 2) =  403
localDeCount = 1
( 3, 2) =  403
DistGrid dimCount = 2
~ local data in LocalArray for DE 1 ~
LocalArrayPrint: Array at address 0x1266092e0:
            rank = 2, typekind = 6, base_addr = 0x600003fa06c0
( 0, 3) =  403
( 1, 3) =  403
deCount = 4
LocalArrayPrint: Array at address 0x11c8058f0:
            dim[0] = 4  dim[1] = 3  
            rank = 2, typekind = 6, base_addr = 0x600002150000
            dim[0] = 4  dim[1] = 3  
localDeCount = 1
~ local data in LocalArray for DE 2 ~
( 2, 3) =  403
( 3, 3) =  403
  Real, *8, Dim 2, Data values:
LocalArrayPrint: Array at address 0x13970a540:
  Real, *8, Dim 2, Data values:
( 0, 0) =  500
dim 1: [0]: [0 [1 [1, 2] 2] 3]
            rank = 2, typekind = 6, base_addr = 0x600001e1c660
( 0, 0) =  501
( 1, 0) =  500
dim 2: [1]: [0 [1 [1, 2] 2] 3]
            dim[0] = 4  dim[1] = 3  
( 1, 0) =  501
--- ESMCI::Array::print end ---
( 2, 0) =  500
( 2, 0) =  501
  Real, *8, Dim 2, Data values:
( 3, 0) =  501
( 0, 1) =  500
( 0, 0) =  502
( 3, 0) =  500
--- ESMCI::Array::print start ---
( 1, 1) =  501
( 1, 0) =  500
( 0, 1) =  500
 Base name    = Array006
( 2, 0) =  500
( 1, 1) =  500
( 2, 1) =  501
 Status: Base = Ready,  object = Ready
( 2, 1) =  500
( 3, 0) =  501
( 3, 1) =  501
 Proxy        = no
( 3, 1) =  501
( 0, 1) =  502
( 0, 2) =  500
 Root Info (Attributes):
( 0, 2) =  500
( 1, 1) =  502
( 1, 2) =  501
{}( 1, 2) =  500
( 2, 1) =  502
( 2, 2) =  501
Array typekind/rank: Real*8 / 2 
( 2, 2) =  500
( 3, 1) =  503
( 3, 2) =  501
~ lower class' values ~
( 3, 2) =  501
dim 1: [0]: [0 [1 [1, 2] 2] 3]
( 0, 2) =  502
( 1, 2) =  502
DistGrid dimCount = 2
dim 1: [0]: [0 [1 [1, 2] 2] 3]
deCount = 4
dim 2: [1]: [0 [1 [1, 2] 2] 2]
dim 2: [1]: [0 [1 [1, 2] 2] 2]
( 2, 2) =  502
localDeCount = 1
--- ESMCI::Array::print end ---
--- ESMCI::Array::print end ---
( 3, 2) =  503
~ local data in LocalArray for DE 3 ~
dim 1: [0]: [0 [1 [1, 2] 2] 3]
LocalArrayPrint: Array at address 0x14bf13db0:
            rank = 2, typekind = 6, base_addr = 0x600000de56e0
dim 2: [1]: [0 [1 [1, 2] 2] 2]
  PASS  Example ESMF_ArrayBundleHaloEx, ESMF_ArrayBundleHaloEx.F90, line 172
  PASS  Example ESMF_ArrayBundleHaloEx, ESMF_ArrayBundleHaloEx.F90, line 172
            dim[0] = 4  dim[1] = 3  
--- ESMCI::Array::print end ---
  Real, *8, Dim 2, Data values:
( 0, 0) =  500
  PASS  Example ESMF_ArrayBundleHaloEx, ESMF_ArrayBundleHaloEx.F90, line 172
( 1, 0) =  501
( 2, 0) =  501
( 3, 0) =  503
( 0, 1) =  502
( 1, 1) =  503
( 2, 1) =  503
( 3, 1) =  503
( 0, 2) =  502
( 1, 2) =  503
( 2, 2) =  503
( 3, 2) =  503
dim 1: [0]: [0 [1 [1, 2] 2] 3]
dim 2: [1]: [0 [1 [1, 2] 2] 2]
--- ESMCI::Array::print end ---
  PASS  Example ESMF_ArrayBundleHaloEx, ESMF_ArrayBundleHaloEx.F90, line 172
 PASS: ESMF_ArrayBundleHaloEx.F90
 PASS: ESMF_ArrayBundleHaloEx.F90
 PASS: ESMF_ArrayBundleHaloEx.F90
 PASS: ESMF_ArrayBundleHaloEx.F90
