2024-07-24 01:49:57
20240724 023129.014 INFO             PET0 !!!!!!!!!!!!!!!!!!!!!!!!!!!!!!!!!!!!!!!!!!!!!!!!!!!!!!
20240724 023129.014 INFO             PET0 !!! THE ESMF_LOG IS SET TO OUTPUT ALL LOG MESSAGES !!!
20240724 023129.014 INFO             PET0 !!!     THIS MAY CAUSE SLOWDOWN IN PERFORMANCE     !!!
20240724 023129.014 INFO             PET0 !!! FOR PRODUCTION RUNS, USE:                      !!!
20240724 023129.014 INFO             PET0 !!!                   ESMF_LOGKIND_Multi_On_Error  !!!
20240724 023129.014 INFO             PET0 !!!!!!!!!!!!!!!!!!!!!!!!!!!!!!!!!!!!!!!!!!!!!!!!!!!!!!
20240724 023129.014 INFO             PET0 Running with ESMF Version   : v8.7.0b09-5-g5845ab67f6
20240724 023129.014 INFO             PET0 ESMF library build date/time: "Jul 24 2024" "01:47:39"
20240724 023129.014 INFO             PET0 ESMF library build location : /scratch/cluster/theurich/ESMF-Nightly-Testing/intel_20.0.1_mpiuni_g_feature_numa/esmf
20240724 023129.014 INFO             PET0 ESMF_COMM                   : mpiuni
20240724 023129.018 INFO             PET0 ESMF_MOAB                   : enabled
20240724 023129.018 INFO             PET0 ESMF_LAPACK                 : enabled
20240724 023129.018 INFO             PET0 ESMF_NETCDF                 : enabled
20240724 023129.018 INFO             PET0 ESMF_PNETCDF                : disabled
20240724 023129.018 INFO             PET0 ESMF_PIO                    : enabled
20240724 023129.018 INFO             PET0 ESMF_YAMLCPP                : enabled
20240724 023129.034 INFO             PET0 ESMF_FieldRedistStoreNF(): Just entered routine.
20240724 023130.065 INFO             PET0 ESMF_FieldRedistStoreNF(): Leaving routine.
20240724 023130.133 INFO             PET0  NUMBER_OF_PROCESSORS           1
20240724 023130.137 INFO             PET0  PASS  Example ESMF_RHandleFromFileEx, ESMF_RHandleFromFileEx.F90, line 192
20240724 023130.137 INFO             PET0  Finalizing ESMF
