2024-07-18 03:40:08
20240718 043132.719 INFO             PET0 !!!!!!!!!!!!!!!!!!!!!!!!!!!!!!!!!!!!!!!!!!!!!!!!!!!!!!
20240718 043132.719 INFO             PET0 !!! THE ESMF_LOG IS SET TO OUTPUT ALL LOG MESSAGES !!!
20240718 043132.719 INFO             PET0 !!!     THIS MAY CAUSE SLOWDOWN IN PERFORMANCE     !!!
20240718 043132.719 INFO             PET0 !!! FOR PRODUCTION RUNS, USE:                      !!!
20240718 043132.719 INFO             PET0 !!!                   ESMF_LOGKIND_Multi_On_Error  !!!
20240718 043132.719 INFO             PET0 !!!!!!!!!!!!!!!!!!!!!!!!!!!!!!!!!!!!!!!!!!!!!!!!!!!!!!
20240718 043132.719 INFO             PET0 Running with ESMF Version   : v8.7.0b08-5-g631ae04f9a
20240718 043132.719 INFO             PET0 ESMF library build date/time: "Jul 18 2024" "03:36:38"
20240718 043132.719 INFO             PET0 ESMF library build location : /glade/derecho/scratch/sacks/esmf-testing/nvhpc_23.7_mpi_g_feature_smm_store_search/esmf
20240718 043132.719 INFO             PET0 ESMF_COMM                   : mpi
20240718 043132.719 INFO             PET0 ESMF_MOAB                   : enabled
20240718 043132.719 INFO             PET0 ESMF_LAPACK                 : enabled
20240718 043132.719 INFO             PET0 ESMF_NETCDF                 : enabled
20240718 043132.719 INFO             PET0 ESMF_PNETCDF                : disabled
20240718 043132.719 INFO             PET0 ESMF_PIO                    : enabled
20240718 043132.719 INFO             PET0 ESMF_YAMLCPP                : enabled
20240718 043132.811 DEBUG            PET0 about to destroy Grid: 0x763eb0
20240718 043132.821 DEBUG            PET0 about to destroy Grid: 0x765560
20240718 043132.849 INFO             PET0  NUMBER_OF_PROCESSORS            4
20240718 043132.849 INFO             PET0  PASS  Example ESMF_NUOPCAtmModelEx, ESMF_NUOPCAtmModelEx.F90, line 806
20240718 043132.849 INFO             PET0  Finalizing ESMF
20240718 043132.717 INFO             PET1 !!!!!!!!!!!!!!!!!!!!!!!!!!!!!!!!!!!!!!!!!!!!!!!!!!!!!!
20240718 043132.717 INFO             PET1 !!! THE ESMF_LOG IS SET TO OUTPUT ALL LOG MESSAGES !!!
20240718 043132.717 INFO             PET1 !!!     THIS MAY CAUSE SLOWDOWN IN PERFORMANCE     !!!
20240718 043132.717 INFO             PET1 !!! FOR PRODUCTION RUNS, USE:                      !!!
20240718 043132.717 INFO             PET1 !!!                   ESMF_LOGKIND_Multi_On_Error  !!!
20240718 043132.717 INFO             PET1 !!!!!!!!!!!!!!!!!!!!!!!!!!!!!!!!!!!!!!!!!!!!!!!!!!!!!!
20240718 043132.717 INFO             PET1 Running with ESMF Version   : v8.7.0b08-5-g631ae04f9a
20240718 043132.717 INFO             PET1 ESMF library build date/time: "Jul 18 2024" "03:36:38"
20240718 043132.717 INFO             PET1 ESMF library build location : /glade/derecho/scratch/sacks/esmf-testing/nvhpc_23.7_mpi_g_feature_smm_store_search/esmf
20240718 043132.717 INFO             PET1 ESMF_COMM                   : mpi
20240718 043132.718 INFO             PET1 ESMF_MOAB                   : enabled
20240718 043132.718 INFO             PET1 ESMF_LAPACK                 : enabled
20240718 043132.718 INFO             PET1 ESMF_NETCDF                 : enabled
20240718 043132.718 INFO             PET1 ESMF_PNETCDF                : disabled
20240718 043132.718 INFO             PET1 ESMF_PIO                    : enabled
20240718 043132.718 INFO             PET1 ESMF_YAMLCPP                : enabled
20240718 043132.811 DEBUG            PET1 about to destroy Grid: 0x75fe00
20240718 043132.821 DEBUG            PET1 about to destroy Grid: 0x761ad0
20240718 043132.849 INFO             PET1  NUMBER_OF_PROCESSORS            4
20240718 043132.849 INFO             PET1  PASS  Example ESMF_NUOPCAtmModelEx, ESMF_NUOPCAtmModelEx.F90, line 806
20240718 043132.849 INFO             PET1  Finalizing ESMF
20240718 043132.717 INFO             PET2 !!!!!!!!!!!!!!!!!!!!!!!!!!!!!!!!!!!!!!!!!!!!!!!!!!!!!!
20240718 043132.717 INFO             PET2 !!! THE ESMF_LOG IS SET TO OUTPUT ALL LOG MESSAGES !!!
20240718 043132.717 INFO             PET2 !!!     THIS MAY CAUSE SLOWDOWN IN PERFORMANCE     !!!
20240718 043132.717 INFO             PET2 !!! FOR PRODUCTION RUNS, USE:                      !!!
20240718 043132.717 INFO             PET2 !!!                   ESMF_LOGKIND_Multi_On_Error  !!!
20240718 043132.717 INFO             PET2 !!!!!!!!!!!!!!!!!!!!!!!!!!!!!!!!!!!!!!!!!!!!!!!!!!!!!!
20240718 043132.717 INFO             PET2 Running with ESMF Version   : v8.7.0b08-5-g631ae04f9a
20240718 043132.717 INFO             PET2 ESMF library build date/time: "Jul 18 2024" "03:36:38"
20240718 043132.717 INFO             PET2 ESMF library build location : /glade/derecho/scratch/sacks/esmf-testing/nvhpc_23.7_mpi_g_feature_smm_store_search/esmf
20240718 043132.717 INFO             PET2 ESMF_COMM                   : mpi
20240718 043132.717 INFO             PET2 ESMF_MOAB                   : enabled
20240718 043132.717 INFO             PET2 ESMF_LAPACK                 : enabled
20240718 043132.717 INFO             PET2 ESMF_NETCDF                 : enabled
20240718 043132.717 INFO             PET2 ESMF_PNETCDF                : disabled
20240718 043132.717 INFO             PET2 ESMF_PIO                    : enabled
20240718 043132.717 INFO             PET2 ESMF_YAMLCPP                : enabled
20240718 043132.811 DEBUG            PET2 about to destroy Grid: 0x75fd70
20240718 043132.821 DEBUG            PET2 about to destroy Grid: 0x761a40
20240718 043132.849 INFO             PET2  NUMBER_OF_PROCESSORS            4
20240718 043132.849 INFO             PET2  PASS  Example ESMF_NUOPCAtmModelEx, ESMF_NUOPCAtmModelEx.F90, line 806
20240718 043132.849 INFO             PET2  Finalizing ESMF
20240718 043132.716 INFO             PET3 !!!!!!!!!!!!!!!!!!!!!!!!!!!!!!!!!!!!!!!!!!!!!!!!!!!!!!
20240718 043132.716 INFO             PET3 !!! THE ESMF_LOG IS SET TO OUTPUT ALL LOG MESSAGES !!!
20240718 043132.716 INFO             PET3 !!!     THIS MAY CAUSE SLOWDOWN IN PERFORMANCE     !!!
20240718 043132.716 INFO             PET3 !!! FOR PRODUCTION RUNS, USE:                      !!!
20240718 043132.716 INFO             PET3 !!!                   ESMF_LOGKIND_Multi_On_Error  !!!
20240718 043132.716 INFO             PET3 !!!!!!!!!!!!!!!!!!!!!!!!!!!!!!!!!!!!!!!!!!!!!!!!!!!!!!
20240718 043132.716 INFO             PET3 Running with ESMF Version   : v8.7.0b08-5-g631ae04f9a
20240718 043132.716 INFO             PET3 ESMF library build date/time: "Jul 18 2024" "03:36:38"
20240718 043132.716 INFO             PET3 ESMF library build location : /glade/derecho/scratch/sacks/esmf-testing/nvhpc_23.7_mpi_g_feature_smm_store_search/esmf
20240718 043132.716 INFO             PET3 ESMF_COMM                   : mpi
20240718 043132.717 INFO             PET3 ESMF_MOAB                   : enabled
20240718 043132.717 INFO             PET3 ESMF_LAPACK                 : enabled
20240718 043132.717 INFO             PET3 ESMF_NETCDF                 : enabled
20240718 043132.717 INFO             PET3 ESMF_PNETCDF                : disabled
20240718 043132.717 INFO             PET3 ESMF_PIO                    : enabled
20240718 043132.717 INFO             PET3 ESMF_YAMLCPP                : enabled
20240718 043132.811 DEBUG            PET3 about to destroy Grid: 0x75fc70
20240718 043132.821 DEBUG            PET3 about to destroy Grid: 0x761d40
20240718 043132.849 INFO             PET3  NUMBER_OF_PROCESSORS            4
20240718 043132.849 INFO             PET3  PASS  Example ESMF_NUOPCAtmModelEx, ESMF_NUOPCAtmModelEx.F90, line 806
20240718 043132.849 INFO             PET3  Finalizing ESMF
