2024-05-11 04:00:56
20240511 042145.832 INFO             PET0 !!!!!!!!!!!!!!!!!!!!!!!!!!!!!!!!!!!!!!!!!!!!!!!!!!!!!!
20240511 042145.832 INFO             PET0 !!! THE ESMF_LOG IS SET TO OUTPUT ALL LOG MESSAGES !!!
20240511 042145.832 INFO             PET0 !!!     THIS MAY CAUSE SLOWDOWN IN PERFORMANCE     !!!
20240511 042145.832 INFO             PET0 !!! FOR PRODUCTION RUNS, USE:                      !!!
20240511 042145.832 INFO             PET0 !!!                   ESMF_LOGKIND_Multi_On_Error  !!!
20240511 042145.832 INFO             PET0 !!!!!!!!!!!!!!!!!!!!!!!!!!!!!!!!!!!!!!!!!!!!!!!!!!!!!!
20240511 042145.832 INFO             PET0 Running with ESMF Version   : v8.7.0b05-64-gacdb5de3ff
20240511 042145.832 INFO             PET0 ESMF library build date/time: "May 11 2024" "03:59:56"
20240511 042145.832 INFO             PET0 ESMF library build location : /tmp/intel_2023.1.0_mpiuni_O_develop/esmf
20240511 042145.832 INFO             PET0 ESMF_COMM                   : mpiuni
20240511 042145.832 INFO             PET0 ESMF_MOAB                   : enabled
20240511 042145.832 INFO             PET0 ESMF_LAPACK                 : enabled
20240511 042145.832 INFO             PET0 ESMF_NETCDF                 : enabled
20240511 042145.832 INFO             PET0 ESMF_PNETCDF                : disabled
20240511 042145.832 INFO             PET0 ESMF_PIO                    : disabled
20240511 042145.832 INFO             PET0 ESMF_YAMLCPP                : enabled
20240511 042145.853 DEBUG            PET0 about to destroy Grid: 0x607ce0
20240511 042145.855 DEBUG            PET0 about to destroy Grid: 0x608d70
20240511 042145.863 INFO             PET0  NUMBER_OF_PROCESSORS           1
20240511 042145.863 INFO             PET0  PASS  Example ESMF_NUOPCAtmModelEx, ESMF_NUOPCAtmModelEx.F90, line 806
20240511 042145.863 INFO             PET0  Finalizing ESMF
