2024-06-15 09:52:54
20240615 101224.686 INFO             PET0 !!!!!!!!!!!!!!!!!!!!!!!!!!!!!!!!!!!!!!!!!!!!!!!!!!!!!!
20240615 101224.686 INFO             PET0 !!! THE ESMF_LOG IS SET TO OUTPUT ALL LOG MESSAGES !!!
20240615 101224.686 INFO             PET0 !!!     THIS MAY CAUSE SLOWDOWN IN PERFORMANCE     !!!
20240615 101224.686 INFO             PET0 !!! FOR PRODUCTION RUNS, USE:                      !!!
20240615 101224.686 INFO             PET0 !!!                   ESMF_LOGKIND_Multi_On_Error  !!!
20240615 101224.686 INFO             PET0 !!!!!!!!!!!!!!!!!!!!!!!!!!!!!!!!!!!!!!!!!!!!!!!!!!!!!!
20240615 101224.686 INFO             PET0 Running with ESMF Version   : v8.7.0b07-2-ga1ccd5de8a
20240615 101224.686 INFO             PET0 ESMF library build date/time: "Jun 15 2024" "09:51:50"
20240615 101224.686 INFO             PET0 ESMF library build location : /tmp/intel_2023.1.0_mpiuni_O_develop/esmf
20240615 101224.686 INFO             PET0 ESMF_COMM                   : mpiuni
20240615 101224.686 INFO             PET0 ESMF_MOAB                   : enabled
20240615 101224.686 INFO             PET0 ESMF_LAPACK                 : enabled
20240615 101224.686 INFO             PET0 ESMF_NETCDF                 : enabled
20240615 101224.686 INFO             PET0 ESMF_PNETCDF                : disabled
20240615 101224.686 INFO             PET0 ESMF_PIO                    : disabled
20240615 101224.686 INFO             PET0 ESMF_YAMLCPP                : enabled
20240615 101224.686 INFO             PET0 ESMF Tracing Enabled
20240615 101224.686 INFO             PET0 ESMF Profiling Enabled
20240615 101224.686 INFO             PET0 ESMF Trace/Profile clock: REALTIME
20240615 101224.687 INFO             PET0  NUMBER_OF_PROCESSORS           1
20240615 101224.687 INFO             PET0  PASS  Example ESMF_TraceEx, ESMF_TraceEx.F90, line 178
20240615 101224.687 INFO             PET0  Finalizing ESMF
20240615 101224.687 INFO             PET0 **************** Region Timings *******************
20240615 101224.687 INFO             PET0 Region              Count  Total (s)   Self (s)    Mean (s)    Min (s)     Max (s)
20240615 101224.687 INFO             PET0   [ESMF]            1      0.0004      0.0004      0.0004      0.0004      0.0004
20240615 101224.687 INFO             PET0     [test] Run 1    5      0.0000      0.0000      0.0000      0.0000      0.0000
20240615 101224.687 INFO             PET0     [test] Init 1   1      0.0000      0.0000      0.0000      0.0000      0.0000
20240615 101224.687 INFO             PET0     [test] Final 1  1      0.0000      0.0000      0.0000      0.0000      0.0000
