2024-07-24 07:31:44
20240724 080939.783 INFO             PET0 !!!!!!!!!!!!!!!!!!!!!!!!!!!!!!!!!!!!!!!!!!!!!!!!!!!!!!
20240724 080939.783 INFO             PET0 !!! THE ESMF_LOG IS SET TO OUTPUT ALL LOG MESSAGES !!!
20240724 080939.783 INFO             PET0 !!!     THIS MAY CAUSE SLOWDOWN IN PERFORMANCE     !!!
20240724 080939.783 INFO             PET0 !!! FOR PRODUCTION RUNS, USE:                      !!!
20240724 080939.783 INFO             PET0 !!!                   ESMF_LOGKIND_Multi_On_Error  !!!
20240724 080939.783 INFO             PET0 !!!!!!!!!!!!!!!!!!!!!!!!!!!!!!!!!!!!!!!!!!!!!!!!!!!!!!
20240724 080939.783 INFO             PET0 Running with ESMF Version   : v8.7.0b09-5-g5845ab67f6
20240724 080939.783 INFO             PET0 ESMF library build date/time: "Jul 24 2024" "07:28:54"
20240724 080939.783 INFO             PET0 ESMF library build location : /scratch2/NCEPDEV/stmp1/Gerhard.Theurich/ESMF-Nightly-Testing/intel_2023.2.0_intelmpi_O_feature_numa/esmf
20240724 080939.783 INFO             PET0 ESMF_COMM                   : intelmpi
20240724 080939.784 INFO             PET0 ESMF_MOAB                   : enabled
20240724 080939.784 INFO             PET0 ESMF_LAPACK                 : enabled
20240724 080939.784 INFO             PET0 ESMF_NETCDF                 : enabled
20240724 080939.784 INFO             PET0 ESMF_PNETCDF                : disabled
20240724 080939.784 INFO             PET0 ESMF_PIO                    : enabled
20240724 080939.784 INFO             PET0 ESMF_YAMLCPP                : enabled
20240724 080939.785 INFO             PET0  NUMBER_OF_PROCESSORS           1
20240724 080939.785 INFO             PET0  PASS  Example ESMF_TimeIntervalEx, ESMF_TimeIntervalEx.F90, line 176
20240724 080939.785 INFO             PET0  Finalizing ESMF
