2024-05-12 00:35:03
20240512 004830.560 INFO             PET0 !!!!!!!!!!!!!!!!!!!!!!!!!!!!!!!!!!!!!!!!!!!!!!!!!!!!!!
20240512 004830.560 INFO             PET0 !!! THE ESMF_LOG IS SET TO OUTPUT ALL LOG MESSAGES !!!
20240512 004830.560 INFO             PET0 !!!     THIS MAY CAUSE SLOWDOWN IN PERFORMANCE     !!!
20240512 004830.560 INFO             PET0 !!! FOR PRODUCTION RUNS, USE:                      !!!
20240512 004830.560 INFO             PET0 !!!                   ESMF_LOGKIND_Multi_On_Error  !!!
20240512 004830.560 INFO             PET0 !!!!!!!!!!!!!!!!!!!!!!!!!!!!!!!!!!!!!!!!!!!!!!!!!!!!!!
20240512 004830.560 INFO             PET0 Running with ESMF Version   : v8.7.0b05-64-gacdb5de3ff
20240512 004830.560 INFO             PET0 ESMF library build date/time: "May 12 2024" "00:34:18"
20240512 004830.560 INFO             PET0 ESMF library build location : /home/gerhard/ESMF-Nightly-Testing/gfortranclang_7.5.0_16.0.3_mpiuni_O_develop/esmf
20240512 004830.560 INFO             PET0 ESMF_COMM                   : mpiuni
20240512 004830.561 INFO             PET0 ESMF_MOAB                   : enabled
20240512 004830.561 INFO             PET0 ESMF_LAPACK                 : enabled
20240512 004830.561 INFO             PET0 ESMF_NETCDF                 : disabled
20240512 004830.561 INFO             PET0 ESMF_PNETCDF                : disabled
20240512 004830.561 INFO             PET0 ESMF_PIO                    : disabled
20240512 004830.561 INFO             PET0 ESMF_YAMLCPP                : enabled
20240512 004830.579 DEBUG            PET0 about to destroy Grid: 0x23d7dc0
20240512 004830.581 DEBUG            PET0 about to destroy Grid: 0x23d99e0
20240512 004830.588 INFO             PET0  NUMBER_OF_PROCESSORS           1
20240512 004830.588 INFO             PET0  PASS  Example ESMF_NUOPCAtmModelEx, ESMF_NUOPCAtmModelEx.F90, line 806
20240512 004830.588 INFO             PET0  Finalizing ESMF
