2024-06-03 00:54:30
20240603 010749.536 INFO             PET0 !!!!!!!!!!!!!!!!!!!!!!!!!!!!!!!!!!!!!!!!!!!!!!!!!!!!!!
20240603 010749.536 INFO             PET0 !!! THE ESMF_LOG IS SET TO OUTPUT ALL LOG MESSAGES !!!
20240603 010749.536 INFO             PET0 !!!     THIS MAY CAUSE SLOWDOWN IN PERFORMANCE     !!!
20240603 010749.536 INFO             PET0 !!! FOR PRODUCTION RUNS, USE:                      !!!
20240603 010749.536 INFO             PET0 !!!                   ESMF_LOGKIND_Multi_On_Error  !!!
20240603 010749.536 INFO             PET0 !!!!!!!!!!!!!!!!!!!!!!!!!!!!!!!!!!!!!!!!!!!!!!!!!!!!!!
20240603 010749.536 INFO             PET0 Running with ESMF Version   : v8.7.0b06-37-g31f880616f
20240603 010749.536 INFO             PET0 ESMF library build date/time: "Jun  3 2024" "00:53:38"
20240603 010749.536 INFO             PET0 ESMF library build location : /home/gerhard/ESMF-Nightly-Testing/gfortranclang_7.5.0_16.0.3_mpiuni_O_develop/esmf
20240603 010749.536 INFO             PET0 ESMF_COMM                   : mpiuni
20240603 010749.536 INFO             PET0 ESMF_MOAB                   : enabled
20240603 010749.536 INFO             PET0 ESMF_LAPACK                 : enabled
20240603 010749.536 INFO             PET0 ESMF_NETCDF                 : disabled
20240603 010749.536 INFO             PET0 ESMF_PNETCDF                : disabled
20240603 010749.536 INFO             PET0 ESMF_PIO                    : disabled
20240603 010749.536 INFO             PET0 ESMF_YAMLCPP                : enabled
20240603 010749.538 INFO             PET0 ESMF_FieldRedistStoreNF(): Just entered routine.
20240603 010749.613 INFO             PET0 ESMF_FieldRedistStoreNF(): Leaving routine.
20240603 010749.616 INFO             PET0  NUMBER_OF_PROCESSORS           1
20240603 010749.616 INFO             PET0  PASS  Example ESMF_RHandleFromFileEx, ESMF_RHandleFromFileEx.F90, line 192
20240603 010749.616 INFO             PET0  Finalizing ESMF
