2024-07-28 22:37:06
20240728 225036.957 INFO             PET0 !!!!!!!!!!!!!!!!!!!!!!!!!!!!!!!!!!!!!!!!!!!!!!!!!!!!!!
20240728 225036.957 INFO             PET0 !!! THE ESMF_LOG IS SET TO OUTPUT ALL LOG MESSAGES !!!
20240728 225036.957 INFO             PET0 !!!     THIS MAY CAUSE SLOWDOWN IN PERFORMANCE     !!!
20240728 225036.957 INFO             PET0 !!! FOR PRODUCTION RUNS, USE:                      !!!
20240728 225036.957 INFO             PET0 !!!                   ESMF_LOGKIND_Multi_On_Error  !!!
20240728 225036.957 INFO             PET0 !!!!!!!!!!!!!!!!!!!!!!!!!!!!!!!!!!!!!!!!!!!!!!!!!!!!!!
20240728 225036.957 INFO             PET0 Running with ESMF Version   : v8.7.0b10-2-gee9aef261f
20240728 225036.957 INFO             PET0 ESMF library build date/time: "Jul 28 2024" "22:36:14"
20240728 225036.957 INFO             PET0 ESMF library build location : /home/gerhard/ESMF-Nightly-Testing/gfortranclang_7.5.0_16.0.3_mpiuni_O_develop/esmf
20240728 225036.957 INFO             PET0 ESMF_COMM                   : mpiuni
20240728 225036.957 INFO             PET0 ESMF_MOAB                   : enabled
20240728 225036.957 INFO             PET0 ESMF_LAPACK                 : enabled
20240728 225036.957 INFO             PET0 ESMF_NETCDF                 : disabled
20240728 225036.957 INFO             PET0 ESMF_PNETCDF                : disabled
20240728 225036.957 INFO             PET0 ESMF_PIO                    : disabled
20240728 225036.957 INFO             PET0 ESMF_YAMLCPP                : enabled
20240728 225036.957 INFO             PET0  NUMBER_OF_PROCESSORS           1
20240728 225036.957 INFO             PET0  PASS  Example ESMF_AlarmEx, ESMF_AlarmEx.F90, line 244
20240728 225036.957 INFO             PET0  Finalizing ESMF
