2024-05-13 00:42:01
20240513 005520.065 INFO             PET0 !!!!!!!!!!!!!!!!!!!!!!!!!!!!!!!!!!!!!!!!!!!!!!!!!!!!!!
20240513 005520.065 INFO             PET0 !!! THE ESMF_LOG IS SET TO OUTPUT ALL LOG MESSAGES !!!
20240513 005520.065 INFO             PET0 !!!     THIS MAY CAUSE SLOWDOWN IN PERFORMANCE     !!!
20240513 005520.065 INFO             PET0 !!! FOR PRODUCTION RUNS, USE:                      !!!
20240513 005520.065 INFO             PET0 !!!                   ESMF_LOGKIND_Multi_On_Error  !!!
20240513 005520.065 INFO             PET0 !!!!!!!!!!!!!!!!!!!!!!!!!!!!!!!!!!!!!!!!!!!!!!!!!!!!!!
20240513 005520.065 INFO             PET0 Running with ESMF Version   : v8.7.0b05-64-gacdb5de3ff
20240513 005520.065 INFO             PET0 ESMF library build date/time: "May 13 2024" "00:41:17"
20240513 005520.065 INFO             PET0 ESMF library build location : /home/gerhard/ESMF-Nightly-Testing/gfortranclang_7.5.0_16.0.3_mpiuni_O_develop/esmf
20240513 005520.065 INFO             PET0 ESMF_COMM                   : mpiuni
20240513 005520.065 INFO             PET0 ESMF_MOAB                   : enabled
20240513 005520.065 INFO             PET0 ESMF_LAPACK                 : enabled
20240513 005520.065 INFO             PET0 ESMF_NETCDF                 : disabled
20240513 005520.065 INFO             PET0 ESMF_PNETCDF                : disabled
20240513 005520.065 INFO             PET0 ESMF_PIO                    : disabled
20240513 005520.065 INFO             PET0 ESMF_YAMLCPP                : enabled
20240513 005520.065 INFO             PET0  NUMBER_OF_PROCESSORS           1
20240513 005520.065 INFO             PET0  PASS  Example ESMF_AttachMethodsEx, ESMF_AttachMethodsEx.F90, line 292
20240513 005520.065 INFO             PET0  Finalizing ESMF
