2024-06-10 00:55:13
20240610 010901.207 INFO             PET0 !!!!!!!!!!!!!!!!!!!!!!!!!!!!!!!!!!!!!!!!!!!!!!!!!!!!!!
20240610 010901.208 INFO             PET0 !!! THE ESMF_LOG IS SET TO OUTPUT ALL LOG MESSAGES !!!
20240610 010901.208 INFO             PET0 !!!     THIS MAY CAUSE SLOWDOWN IN PERFORMANCE     !!!
20240610 010901.208 INFO             PET0 !!! FOR PRODUCTION RUNS, USE:                      !!!
20240610 010901.208 INFO             PET0 !!!                   ESMF_LOGKIND_Multi_On_Error  !!!
20240610 010901.208 INFO             PET0 !!!!!!!!!!!!!!!!!!!!!!!!!!!!!!!!!!!!!!!!!!!!!!!!!!!!!!
20240610 010901.208 INFO             PET0 Running with ESMF Version   : v8.7.0b07
20240610 010901.208 INFO             PET0 ESMF library build date/time: "Jun 10 2024" "00:54:21"
20240610 010901.208 INFO             PET0 ESMF library build location : /home/gerhard/ESMF-Nightly-Testing/gfortranclang_7.5.0_16.0.3_mpiuni_O_develop/esmf
20240610 010901.208 INFO             PET0 ESMF_COMM                   : mpiuni
20240610 010901.208 INFO             PET0 ESMF_MOAB                   : enabled
20240610 010901.208 INFO             PET0 ESMF_LAPACK                 : enabled
20240610 010901.208 INFO             PET0 ESMF_NETCDF                 : disabled
20240610 010901.208 INFO             PET0 ESMF_PNETCDF                : disabled
20240610 010901.208 INFO             PET0 ESMF_PIO                    : disabled
20240610 010901.208 INFO             PET0 ESMF_YAMLCPP                : enabled
20240610 010901.226 INFO             PET0  NUMBER_OF_PROCESSORS           1
20240610 010901.226 INFO             PET0  PASS  Example ESMF_RHandleReusabilityEx, ESMF_RHandleReusabilityEx.F90, line 582
20240610 010901.226 INFO             PET0  Finalizing ESMF
