2024-07-25 02:11:38
20240725 024544.967 INFO             PET0 !!!!!!!!!!!!!!!!!!!!!!!!!!!!!!!!!!!!!!!!!!!!!!!!!!!!!!
20240725 024544.969 INFO             PET0 !!! THE ESMF_LOG IS SET TO OUTPUT ALL LOG MESSAGES !!!
20240725 024544.969 INFO             PET0 !!!     THIS MAY CAUSE SLOWDOWN IN PERFORMANCE     !!!
20240725 024544.969 INFO             PET0 !!! FOR PRODUCTION RUNS, USE:                      !!!
20240725 024544.969 INFO             PET0 !!!                   ESMF_LOGKIND_Multi_On_Error  !!!
20240725 024544.969 INFO             PET0 !!!!!!!!!!!!!!!!!!!!!!!!!!!!!!!!!!!!!!!!!!!!!!!!!!!!!!
20240725 024544.969 INFO             PET0 Running with ESMF Version   : v8.7.0b09-26-g87e00d02ff
20240725 024544.969 INFO             PET0 ESMF library build date/time: "Jul 25 2024" "02:09:08"
20240725 024544.969 INFO             PET0 ESMF library build location : /project/esmf/sacks/esmf-testing/gfortran_11.2.0_openmpi_g_feature_hconfig-extras/esmf
20240725 024544.969 INFO             PET0 ESMF_COMM                   : openmpi
20240725 024544.969 INFO             PET0 ESMF_MOAB                   : enabled
20240725 024544.969 INFO             PET0 ESMF_LAPACK                 : enabled
20240725 024544.969 INFO             PET0 ESMF_NETCDF                 : enabled
20240725 024544.969 INFO             PET0 ESMF_PNETCDF                : disabled
20240725 024544.969 INFO             PET0 ESMF_PIO                    : enabled
20240725 024544.969 INFO             PET0 ESMF_YAMLCPP                : enabled
20240725 024544.970 INFO             PET0 ESMF_FieldRedistStoreNF(): Just entered routine.
20240725 024544.971 INFO             PET0 ESMF_FieldRedistStoreNF(): Leaving routine.
20240725 024544.973 INFO             PET0 ESMF_FieldRedistStoreNF(): Just entered routine.
20240725 024544.974 INFO             PET0 ESMF_FieldRedistStoreNF(): Leaving routine.
20240725 024544.974 INFO             PET0 ESMF_FieldRedistStoreNF(): Just entered routine.
20240725 024544.975 INFO             PET0 ESMF_FieldRedistStoreNF(): Leaving routine.
20240725 024544.975 INFO             PET0  NUMBER_OF_PROCESSORS           4
20240725 024544.975 INFO             PET0  PASS  Example ESMF_FieldRedistEx, ESMF_FieldRedistEx.F90, line 521
20240725 024544.975 INFO             PET0  Finalizing ESMF
20240725 024544.967 INFO             PET1 !!!!!!!!!!!!!!!!!!!!!!!!!!!!!!!!!!!!!!!!!!!!!!!!!!!!!!
20240725 024544.968 INFO             PET1 !!! THE ESMF_LOG IS SET TO OUTPUT ALL LOG MESSAGES !!!
20240725 024544.968 INFO             PET1 !!!     THIS MAY CAUSE SLOWDOWN IN PERFORMANCE     !!!
20240725 024544.968 INFO             PET1 !!! FOR PRODUCTION RUNS, USE:                      !!!
20240725 024544.968 INFO             PET1 !!!                   ESMF_LOGKIND_Multi_On_Error  !!!
20240725 024544.968 INFO             PET1 !!!!!!!!!!!!!!!!!!!!!!!!!!!!!!!!!!!!!!!!!!!!!!!!!!!!!!
20240725 024544.968 INFO             PET1 Running with ESMF Version   : v8.7.0b09-26-g87e00d02ff
20240725 024544.968 INFO             PET1 ESMF library build date/time: "Jul 25 2024" "02:09:08"
20240725 024544.968 INFO             PET1 ESMF library build location : /project/esmf/sacks/esmf-testing/gfortran_11.2.0_openmpi_g_feature_hconfig-extras/esmf
20240725 024544.968 INFO             PET1 ESMF_COMM                   : openmpi
20240725 024544.968 INFO             PET1 ESMF_MOAB                   : enabled
20240725 024544.968 INFO             PET1 ESMF_LAPACK                 : enabled
20240725 024544.968 INFO             PET1 ESMF_NETCDF                 : enabled
20240725 024544.968 INFO             PET1 ESMF_PNETCDF                : disabled
20240725 024544.968 INFO             PET1 ESMF_PIO                    : enabled
20240725 024544.968 INFO             PET1 ESMF_YAMLCPP                : enabled
20240725 024544.970 INFO             PET1 ESMF_FieldRedistStoreNF(): Just entered routine.
20240725 024544.971 INFO             PET1 ESMF_FieldRedistStoreNF(): Leaving routine.
20240725 024544.973 INFO             PET1 ESMF_FieldRedistStoreNF(): Just entered routine.
20240725 024544.974 INFO             PET1 ESMF_FieldRedistStoreNF(): Leaving routine.
20240725 024544.974 INFO             PET1 ESMF_FieldRedistStoreNF(): Just entered routine.
20240725 024544.975 INFO             PET1 ESMF_FieldRedistStoreNF(): Leaving routine.
20240725 024544.975 INFO             PET1  NUMBER_OF_PROCESSORS           4
20240725 024544.975 INFO             PET1  PASS  Example ESMF_FieldRedistEx, ESMF_FieldRedistEx.F90, line 521
20240725 024544.975 INFO             PET1  Finalizing ESMF
20240725 024544.967 INFO             PET2 !!!!!!!!!!!!!!!!!!!!!!!!!!!!!!!!!!!!!!!!!!!!!!!!!!!!!!
20240725 024544.968 INFO             PET2 !!! THE ESMF_LOG IS SET TO OUTPUT ALL LOG MESSAGES !!!
20240725 024544.968 INFO             PET2 !!!     THIS MAY CAUSE SLOWDOWN IN PERFORMANCE     !!!
20240725 024544.968 INFO             PET2 !!! FOR PRODUCTION RUNS, USE:                      !!!
20240725 024544.968 INFO             PET2 !!!                   ESMF_LOGKIND_Multi_On_Error  !!!
20240725 024544.968 INFO             PET2 !!!!!!!!!!!!!!!!!!!!!!!!!!!!!!!!!!!!!!!!!!!!!!!!!!!!!!
20240725 024544.968 INFO             PET2 Running with ESMF Version   : v8.7.0b09-26-g87e00d02ff
20240725 024544.968 INFO             PET2 ESMF library build date/time: "Jul 25 2024" "02:09:08"
20240725 024544.968 INFO             PET2 ESMF library build location : /project/esmf/sacks/esmf-testing/gfortran_11.2.0_openmpi_g_feature_hconfig-extras/esmf
20240725 024544.968 INFO             PET2 ESMF_COMM                   : openmpi
20240725 024544.968 INFO             PET2 ESMF_MOAB                   : enabled
20240725 024544.968 INFO             PET2 ESMF_LAPACK                 : enabled
20240725 024544.968 INFO             PET2 ESMF_NETCDF                 : enabled
20240725 024544.968 INFO             PET2 ESMF_PNETCDF                : disabled
20240725 024544.968 INFO             PET2 ESMF_PIO                    : enabled
20240725 024544.968 INFO             PET2 ESMF_YAMLCPP                : enabled
20240725 024544.970 INFO             PET2 ESMF_FieldRedistStoreNF(): Just entered routine.
20240725 024544.971 INFO             PET2 ESMF_FieldRedistStoreNF(): Leaving routine.
20240725 024544.973 INFO             PET2 ESMF_FieldRedistStoreNF(): Just entered routine.
20240725 024544.974 INFO             PET2 ESMF_FieldRedistStoreNF(): Leaving routine.
20240725 024544.974 INFO             PET2 ESMF_FieldRedistStoreNF(): Just entered routine.
20240725 024544.975 INFO             PET2 ESMF_FieldRedistStoreNF(): Leaving routine.
20240725 024544.975 INFO             PET2  NUMBER_OF_PROCESSORS           4
20240725 024544.975 INFO             PET2  PASS  Example ESMF_FieldRedistEx, ESMF_FieldRedistEx.F90, line 521
20240725 024544.975 INFO             PET2  Finalizing ESMF
20240725 024544.967 INFO             PET3 !!!!!!!!!!!!!!!!!!!!!!!!!!!!!!!!!!!!!!!!!!!!!!!!!!!!!!
20240725 024544.968 INFO             PET3 !!! THE ESMF_LOG IS SET TO OUTPUT ALL LOG MESSAGES !!!
20240725 024544.968 INFO             PET3 !!!     THIS MAY CAUSE SLOWDOWN IN PERFORMANCE     !!!
20240725 024544.968 INFO             PET3 !!! FOR PRODUCTION RUNS, USE:                      !!!
20240725 024544.968 INFO             PET3 !!!                   ESMF_LOGKIND_Multi_On_Error  !!!
20240725 024544.968 INFO             PET3 !!!!!!!!!!!!!!!!!!!!!!!!!!!!!!!!!!!!!!!!!!!!!!!!!!!!!!
20240725 024544.968 INFO             PET3 Running with ESMF Version   : v8.7.0b09-26-g87e00d02ff
20240725 024544.968 INFO             PET3 ESMF library build date/time: "Jul 25 2024" "02:09:08"
20240725 024544.968 INFO             PET3 ESMF library build location : /project/esmf/sacks/esmf-testing/gfortran_11.2.0_openmpi_g_feature_hconfig-extras/esmf
20240725 024544.968 INFO             PET3 ESMF_COMM                   : openmpi
20240725 024544.968 INFO             PET3 ESMF_MOAB                   : enabled
20240725 024544.968 INFO             PET3 ESMF_LAPACK                 : enabled
20240725 024544.968 INFO             PET3 ESMF_NETCDF                 : enabled
20240725 024544.968 INFO             PET3 ESMF_PNETCDF                : disabled
20240725 024544.968 INFO             PET3 ESMF_PIO                    : enabled
20240725 024544.968 INFO             PET3 ESMF_YAMLCPP                : enabled
20240725 024544.970 INFO             PET3 ESMF_FieldRedistStoreNF(): Just entered routine.
20240725 024544.971 INFO             PET3 ESMF_FieldRedistStoreNF(): Leaving routine.
20240725 024544.973 INFO             PET3 ESMF_FieldRedistStoreNF(): Just entered routine.
20240725 024544.974 INFO             PET3 ESMF_FieldRedistStoreNF(): Leaving routine.
20240725 024544.974 INFO             PET3 ESMF_FieldRedistStoreNF(): Just entered routine.
20240725 024544.975 INFO             PET3 ESMF_FieldRedistStoreNF(): Leaving routine.
20240725 024544.975 INFO             PET3  NUMBER_OF_PROCESSORS           4
20240725 024544.975 INFO             PET3  PASS  Example ESMF_FieldRedistEx, ESMF_FieldRedistEx.F90, line 521
20240725 024544.975 INFO             PET3  Finalizing ESMF
