2024-07-25 02:11:38
--- ESMCI::ArrayBundle::print start ---
ArrayBundle: MyArrayBundle
arrayCount = 3
--- ESMCI::ArrayBundle::print start ---
ArrayBundle: MyArrayBundle
arrayCount = 3
--- ESMCI::ArrayBundle::print start ---
ArrayBundle: MyArrayBundle
arrayCount = 3
Container::print() multipmap:item=0 key=AonFly value=0x7fc5e501b800
Container::print() multipmap:item=1 key=Array002 value=0x7fc5e500a400
--- ESMCI::ArrayBundle::print start ---
ArrayBundle: MyArrayBundle
arrayCount = 3
Container::print() multipmap:item=0 key=AonFly value=0x7fb02f014200
Container::print() multipmap:item=1 key=Array002 value=0x7fb02f00dc00
Container::print() multipmap:item=0 key=AonFly value=0x7fc20b809c00
Container::print() multipmap:item=1 key=Array002 value=0x7fc20b808a00
Container::print() multipmap:item=2 key=Array003 value=0x7fc20b81b200
Container::print()      list:item=0 key=Array002 value=0x7fc20b808a00
Container::print() multipmap:item=0 key=AonFly value=0x7f8705815000
Container::print() multipmap:item=1 key=Array002 value=0x7f870580b400
Container::print() multipmap:item=2 key=Array003 value=0x7fc5e500aa00
Container::print()      list:item=0 key=Array002 value=0x7fc5e500a400
Container::print()      list:item=1 key=Array003 value=0x7fc5e500aa00
Container::print() multipmap:item=2 key=Array003 value=0x7fb02f009a00
Container::print()      list:item=0 key=Array002 value=0x7fb02f00dc00
Container::print()      list:item=1 key=Array003 value=0x7fc20b81b200
Container::print()      list:item=2 key=AonFly value=0x7fc20b809c00
--- ESMCI::ArrayBundle::print end ---
--- ESMCI::Array::print start ---
 Base name    = AonFly
 Status: Base = Ready,  object = Ready
 Proxy        = no
 Root Info (Attributes):
Container::print() multipmap:item=2 key=Array003 value=0x7f8705808800
Container::print()      list:item=0 key=Array002 value=0x7f870580b400
Container::print()      list:item=1 key=Array003 value=0x7f8705808800
Container::print()      list:item=2 key=AonFly value=0x7f8705815000
--- ESMCI::ArrayBundle::print end ---
--- ESMCI::Array::print start ---
 Base name    = AonFly
 Status: Base = Ready,  object = Ready
 Proxy        = no
 Root Info (Attributes):
{}Array typekind/rank: Real*4 / 2 
Container::print()      list:item=2 key=AonFly value=0x7fc5e501b800
--- ESMCI::ArrayBundle::print end ---
--- ESMCI::Array::print start ---
 Base name    = AonFly
 Status: Base = Ready,  object = Ready
 Proxy        = no
 Root Info (Attributes):
{}Array typekind/rank: Real*4 / 2 
~ lower class' values ~
DistGrid dimCount = 2
Container::print()      list:item=1 key=Array003 value=0x7fb02f009a00
Container::print()      list:item=2 key=AonFly value=0x7fb02f014200
--- ESMCI::ArrayBundle::print end ---
--- ESMCI::Array::print start ---
 Base name    = AonFly
 Status: Base = Ready,  object = Ready
 Proxy        = no
 Root Info (Attributes):
{}Array typekind/rank: Real*4 / 2 
~ lower class' values ~
DistGrid dimCount = 2
~ lower class' values ~
DistGrid dimCount = 2
deCount = 6
localDeCount = 2
~ local data in LocalArray for DE 1 ~
LocalArrayPrint: Array at address 0x7f87069082d0:
            rank = 2, typekind = 5, base_addr = 0x600003341bd0
            dim[0] = 2  dim[1] = 2  
deCount = 6
localDeCount = 1
~ local data in LocalArray for DE 2 ~
LocalArrayPrint: Array at address 0x7fc5e4a0c5e0:
            rank = 2, typekind = 5, base_addr = 0x600000791220
            dim[0] = 3  dim[1] = 2  
  Real, *4, Dim 2, Data values:
( 1, 1) =  0
{}Array typekind/rank: Real*4 / 2 
~ lower class' values ~
DistGrid dimCount = 2
deCount = 6
localDeCount = 1
deCount = 6
localDeCount = 2
~ local data in LocalArray for DE 0 ~
LocalArrayPrint: Array at address 0x7fc1fb70b970:
            rank = 2, typekind = 5, base_addr = 0x600000da3b80
            dim[0] = 3  dim[1] = 2  
  Real, *4, Dim 2, Data values:
( 1, 1) =  0
( 2, 1) =  0
( 1, 2) =  6.2638e-43
( 2, 2) =  0
dim 1: [0]: [1 [1 [1, 2] 2] 2]
dim 2: [1]: [1 [1 [1, 2] 2] 2]
~ local data in LocalArray for DE 5 ~
LocalArrayPrint: Array at address 0x7f8706908600:
            rank = 2, typekind = 5, base_addr = 0x600003341be0
            dim[0] = 2  dim[1] = 1  
  Real, *4, Dim 2, Data values:
( 2, 1) =  0
( 3, 1) =  0
( 1, 2) =  0
( 2, 2) =  0
( 3, 2) =  0
dim 1: [0]: [1 [1 [1, 3] 3] 3]
dim 2: [1]: [1 [1 [1, 2] 2] 2]
--- ESMCI::Array::print end ---
--- ESMCI::Array::print start ---
 Base name    = Array002
 Status: Base = Ready,  object = Ready
 Proxy        = no
~ local data in LocalArray for DE 3 ~
LocalArrayPrint: Array at address 0x7fb01ef070f0:
            rank = 2, typekind = 5, base_addr = 0x600001e3a8c0
            dim[0] = 2  dim[1] = 2  
  Real, *4, Dim 2, Data values:
( 1, 1) =  0
( 2, 1) =  0
( 1, 2) =  9.12245e-43
( 2, 2) =  0
  Real, *4, Dim 2, Data values:
( 1, 1) =  0
( 2, 1) =  0
( 3, 1) =  0
( 1, 2) =  0
( 2, 2) =  0
( 3, 2) =  0
dim 1: [0]: [1 [1 [1, 3] 3] 3]
dim 2: [1]: [1 [1 [1, 2] 2] 2]
~ local data in LocalArray for DE 4 ~
LocalArrayPrint: Array at address 0x7fc1fb70bca0:
( 1, 1) =  0
( 2, 1) =  0
dim 1: [0]: [1 [1 [1, 2] 2] 2]
dim 2: [1]: [1 [1 [1, 1] 1] 1]
--- ESMCI::Array::print end ---
--- ESMCI::Array::print start ---
 Base name    = Array002
 Status: Base = Ready,  object = Ready
 Root Info (Attributes):
{}Array typekind/rank: Real*8 / 2 
~ lower class' values ~
DistGrid dimCount = 2
deCount = 6
localDeCount = 1
~ local data in LocalArray for DE 2 ~
dim 1: [0]: [1 [1 [1, 2] 2] 2]
dim 2: [1]: [1 [1 [1, 2] 2] 2]
--- ESMCI::Array::print end ---
--- ESMCI::Array::print start ---
 Base name    = Array002
            rank = 2, typekind = 5, base_addr = 0x600000facd20
            dim[0] = 3  dim[1] = 1  
  Real, *4, Dim 2, Data values:
( 1, 1) =  0
( 2, 1) =  0
( 3, 1) =  2.97075e-43
 Proxy        = no
 Root Info (Attributes):
{}Array typekind/rank: Real*8 / 2 
~ lower class' values ~
LocalArrayPrint: Array at address 0x7fc5e4a0b550:
            rank = 2, typekind = 6, base_addr = 0x6000009aa460
            dim[0] = 3  dim[1] = 2  
  Real, *8, Dim 2, Data values:
( 1, 1) =  0
 Status: Base = Ready,  object = Ready
 Proxy        = no
 Root Info (Attributes):
dim 1: [0]: [1 [1 [1, 3] 3] 3]
DistGrid dimCount = 2
( 2, 1) =  9.58487e-322
( 3, 1) =  0
dim 2: [1]: [1 [1 [1, 1] 1] 1]
--- ESMCI::Array::print end ---
--- ESMCI::Array::print start ---
 Base name    = Array002
 Status: Base = Ready,  object = Ready
 Proxy        = no
 Root Info (Attributes):
deCount = 6
localDeCount = 2
~ local data in LocalArray for DE 1 ~
LocalArrayPrint: Array at address 0x7f8706906580:
            rank = 2, typekind = 6, base_addr = 0x600003146be0
            dim[0] = 2  dim[1] = 2  
  Real, *8, Dim 2, Data values:
( 1, 1) =  0
( 2, 1) =  2.122e-314
( 1, 2) =  0
( 2, 2) =  0
( 3, 2) =  0
dim 1: [0]: [1 [1 [1, 3] 3] 3]
dim 2: [1]: [1 [1 [1, 2] 2] 2]
--- ESMCI::Array::print end ---
--- ESMCI::Array::print start ---
 Base name    = Array003
{}Array typekind/rank: Real*8 / 2 
~ lower class' values ~
DistGrid dimCount = 2
deCount = 6
localDeCount = 1
{}( 1, 2) =  2.122e-314
 Status: Base = Ready,  object = Ready
~ local data in LocalArray for DE 3 ~
Array typekind/rank: Real*8 / 2 
~ lower class' values ~
DistGrid dimCount = 2
deCount = 6
localDeCount = 2
~ local data in LocalArray for DE 0 ~
LocalArrayPrint: Array at address 0x7fc1fb709c20:
            rank = 2, typekind = 6, base_addr = 0x6000003a4e10
            dim[0] = 3  dim[1] = 2  
  Real, *8, Dim 2, Data values:
( 1, 1) =  0
( 2, 1) =  3.70549e-322
( 2, 2) =  0
dim 1: [0]: [1 [1 [1, 2] 2] 2]
dim 2: [1]: [1 [1 [1, 2] 2] 2]
~ local data in LocalArray for DE 5 ~
LocalArrayPrint: Array at address 0x7f87069068b0:
            rank = 2, typekind = 6, base_addr = 0x6000033416c0
            dim[0] = 2  dim[1] = 1  
  Real, *8, Dim 2, Data values:
( 1, 1) =  0
( 2, 1) =  0
dim 1: [0]: [1 [1 [1, 2] 2] 2]
 Proxy        = no
 Root Info (Attributes):
{}Array typekind/rank: Real*8 / 2 
~ lower class' values ~
DistGrid dimCount = 2
deCount = 6
localDeCount = 1
~ local data in LocalArray for DE 2 ~
LocalArrayPrint: Array at address 0x7fc5e4a0b880:
            rank = 2, typekind = 6, base_addr = 0x6000009aa520
            dim[0] = 3  dim[1] = 2  
LocalArrayPrint: Array at address 0x7fb01ef06390:
            rank = 2, typekind = 6, base_addr = 0x600001c3a5e0
            dim[0] = 2  dim[1] = 2  
  Real, *8, Dim 2, Data values:
( 1, 1) =  0
( 2, 1) =  2.122e-314
( 1, 2) =  2.122e-314
( 2, 2) =  0
( 3, 1) =  0
dim 2: [1]: [1 [1 [1, 1] 1] 1]
( 1, 2) =  0
( 2, 2) =  0
( 3, 2) =  0
dim 1: [0]: [1 [1 [1, 3] 3] 3]
--- ESMCI::Array::print end ---
--- ESMCI::Array::print start ---
 Base name    = Array003
 Status: Base = Ready,  object = Ready
 Proxy        = no
 Root Info (Attributes):
  Real, *8, Dim 2, Data values:
( 1, 1) =  0
( 2, 1) =  4.24399e-314
( 3, 1) =  8.48798e-314
( 1, 2) =  8.48798e-314
( 2, 2) =  1.061e-313
dim 1: [0]: [1 [1 [1, 2] 2] 2]
dim 2: [1]: [1 [1 [1, 2] 2] 2]
--- ESMCI::Array::print end ---
dim 2: [1]: [1 [1 [1, 2] 2] 2]
~ local data in LocalArray for DE 4 ~
LocalArrayPrint: Array at address 0x7fc1fb709f50:
            rank = 2, typekind = 6, base_addr = 0x600000da3a80
            dim[0] = 3  dim[1] = 1  
  Real, *8, Dim 2, Data values:
( 1, 1) =  0
( 2, 1) =  2.122e-314
( 3, 1) =  2.122e-314
dim 1: [0]: [1 [1 [1, 3] 3] 3]
{}Array typekind/rank: Real*8 / 2 
~ lower class' values ~
DistGrid dimCount = 2
deCount = 6
localDeCount = 2
~ local data in LocalArray for DE 1 ~
LocalArrayPrint: Array at address 0x7f8706906be0:
            rank = 2, typekind = 6, base_addr = 0x600003146bc0
            dim[0] = 2  dim[1] = 2  
( 3, 2) =  1.061e-313
dim 1: [0]: [1 [1 [1, 3] 3] 3]
dim 2: [1]: [1 [1 [1, 2] 2] 2]
--- ESMCI::Array::print end ---
  PASS  Example ESMF_ArrayBundleEx, ESMF_ArrayBundleEx.F90, line 267
--- ESMCI::Array::print start ---
 Base name    = Array003
 Status: Base = Ready,  object = Ready
 Proxy        = no
 Root Info (Attributes):
{}dim 2: [1]: [1 [1 [1, 1] 1] 1]
--- ESMCI::Array::print end ---
  Real, *8, Dim 2, Data values:
--- ESMCI::Array::print start ---
 Base name    = Array003
 Status: Base = Ready,  object = Ready
 Proxy        = no
 Root Info (Attributes):
( 1, 1) =  0
( 2, 1) =  5.21502e-310
( 1, 2) =  5.21502e-310
( 2, 2) =  5.21502e-310
dim 1: [0]: [1 [1 [1, 2] 2] 2]
dim 2: [1]: [1 [1 [1, 2] 2] 2]
Array typekind/rank: Real*8 / 2 
~ lower class' values ~
DistGrid dimCount = 2
deCount = 6
localDeCount = 1
{}Array typekind/rank: Real*8 / 2 
~ lower class' values ~
DistGrid dimCount = 2
deCount = 6
localDeCount = 2
~ local data in LocalArray for DE 5 ~
LocalArrayPrint: Array at address 0x7f8706906f10:
            rank = 2, typekind = 6, base_addr = 0x600003341800
            dim[0] = 2  dim[1] = 1  
  Real, *8, Dim 2, Data values:
~ local data in LocalArray for DE 3 ~
LocalArrayPrint: Array at address 0x7fb01ef066c0:
            rank = 2, typekind = 6, base_addr = 0x600001c3a660
( 1, 1) =  0
~ local data in LocalArray for DE 0 ~
LocalArrayPrint: Array at address 0x7fc1fb70a280:
            rank = 2, typekind = 6, base_addr = 0x6000003a4e70
            dim[0] = 3  dim[1] = 2  
  Real, *8, Dim 2, Data values:
( 2, 1) =  1.90709e-321
dim 1: [0]: [1 [1 [1, 2] 2] 2]
dim 2: [1]: [1 [1 [1, 1] 1] 1]
--- ESMCI::Array::print end ---
            dim[0] = 2  dim[1] = 2  
  Real, *8, Dim 2, Data values:
( 1, 1) =  0
( 2, 1) =  0
( 1, 2) =  0
( 1, 1) =  0
( 2, 2) =  0
( 2, 1) =  2.122e-314
( 3, 1) =  2.122e-314
( 1, 2) =  2.122e-314
( 2, 2) =  2.122e-314
( 3, 2) =  2.122e-314
dim 1: [0]: [1 [1 [1, 3] 3] 3]
dim 2: [1]: [1 [1 [1, 2] 2] 2]
~ local data in LocalArray for DE 4 ~
  PASS  Example ESMF_ArrayBundleEx, ESMF_ArrayBundleEx.F90, line 267
dim 1: [0]: [1 [1 [1, 2] 2] 2]
dim 2: [1]: [1 [1 [1, 2] 2] 2]
--- ESMCI::Array::print end ---
LocalArrayPrint: Array at address 0x7fc1fb70a5b0:
            rank = 2, typekind = 6, base_addr = 0x600000da3a60
            dim[0] = 3  dim[1] = 1  
  Real, *8, Dim 2, Data values:
( 1, 1) =  0
( 2, 1) =  5.21502e-310
( 3, 1) =  5.21502e-310
  PASS  Example ESMF_ArrayBundleEx, ESMF_ArrayBundleEx.F90, line 267
dim 1: [0]: [1 [1 [1, 3] 3] 3]
dim 2: [1]: [1 [1 [1, 1] 1] 1]
--- ESMCI::Array::print end ---
  PASS  Example ESMF_ArrayBundleEx, ESMF_ArrayBundleEx.F90, line 267
 PASS: ESMF_ArrayBundleEx.F90
 PASS: ESMF_ArrayBundleEx.F90
 PASS: ESMF_ArrayBundleEx.F90
 PASS: ESMF_ArrayBundleEx.F90
