2024-07-26 04:06:30
20240726 042936.170 INFO             PET0 !!!!!!!!!!!!!!!!!!!!!!!!!!!!!!!!!!!!!!!!!!!!!!!!!!!!!!
20240726 042936.170 INFO             PET0 !!! THE ESMF_LOG IS SET TO OUTPUT ALL LOG MESSAGES !!!
20240726 042936.170 INFO             PET0 !!!     THIS MAY CAUSE SLOWDOWN IN PERFORMANCE     !!!
20240726 042936.170 INFO             PET0 !!! FOR PRODUCTION RUNS, USE:                      !!!
20240726 042936.170 INFO             PET0 !!!                   ESMF_LOGKIND_Multi_On_Error  !!!
20240726 042936.170 INFO             PET0 !!!!!!!!!!!!!!!!!!!!!!!!!!!!!!!!!!!!!!!!!!!!!!!!!!!!!!
20240726 042936.170 INFO             PET0 Running with ESMF Version   : v8.7.0b09-27-geb8bb37dac
20240726 042936.170 INFO             PET0 ESMF library build date/time: "Jul 26 2024" "04:05:35"
20240726 042936.170 INFO             PET0 ESMF library build location : /tmp/intel_2023.1.0-oneAPI_mpi_O_feature_hconfig-extras/esmf
20240726 042936.170 INFO             PET0 ESMF_COMM                   : mpi
20240726 042936.170 INFO             PET0 ESMF_MOAB                   : enabled
20240726 042936.170 INFO             PET0 ESMF_LAPACK                 : enabled
20240726 042936.170 INFO             PET0 ESMF_NETCDF                 : enabled
20240726 042936.170 INFO             PET0 ESMF_PNETCDF                : disabled
20240726 042936.170 INFO             PET0 ESMF_PIO                    : enabled
20240726 042936.170 INFO             PET0 ESMF_YAMLCPP                : enabled
20240726 042936.200 DEBUG            PET0 about to destroy Grid: 0x68fa80
20240726 042936.203 DEBUG            PET0 about to destroy Grid: 0x692d30
20240726 042936.212 INFO             PET0  NUMBER_OF_PROCESSORS           4
20240726 042936.212 INFO             PET0  PASS  Example ESMF_NUOPCAtmModelEx, ESMF_NUOPCAtmModelEx.F90, line 806
20240726 042936.212 INFO             PET0  Finalizing ESMF
20240726 042936.170 INFO             PET1 !!!!!!!!!!!!!!!!!!!!!!!!!!!!!!!!!!!!!!!!!!!!!!!!!!!!!!
20240726 042936.170 INFO             PET1 !!! THE ESMF_LOG IS SET TO OUTPUT ALL LOG MESSAGES !!!
20240726 042936.170 INFO             PET1 !!!     THIS MAY CAUSE SLOWDOWN IN PERFORMANCE     !!!
20240726 042936.170 INFO             PET1 !!! FOR PRODUCTION RUNS, USE:                      !!!
20240726 042936.170 INFO             PET1 !!!                   ESMF_LOGKIND_Multi_On_Error  !!!
20240726 042936.170 INFO             PET1 !!!!!!!!!!!!!!!!!!!!!!!!!!!!!!!!!!!!!!!!!!!!!!!!!!!!!!
20240726 042936.170 INFO             PET1 Running with ESMF Version   : v8.7.0b09-27-geb8bb37dac
20240726 042936.170 INFO             PET1 ESMF library build date/time: "Jul 26 2024" "04:05:35"
20240726 042936.170 INFO             PET1 ESMF library build location : /tmp/intel_2023.1.0-oneAPI_mpi_O_feature_hconfig-extras/esmf
20240726 042936.170 INFO             PET1 ESMF_COMM                   : mpi
20240726 042936.170 INFO             PET1 ESMF_MOAB                   : enabled
20240726 042936.170 INFO             PET1 ESMF_LAPACK                 : enabled
20240726 042936.170 INFO             PET1 ESMF_NETCDF                 : enabled
20240726 042936.170 INFO             PET1 ESMF_PNETCDF                : disabled
20240726 042936.170 INFO             PET1 ESMF_PIO                    : enabled
20240726 042936.170 INFO             PET1 ESMF_YAMLCPP                : enabled
20240726 042936.200 DEBUG            PET1 about to destroy Grid: 0x68edb0
20240726 042936.203 DEBUG            PET1 about to destroy Grid: 0x68fe20
20240726 042936.211 INFO             PET1  NUMBER_OF_PROCESSORS           4
20240726 042936.211 INFO             PET1  PASS  Example ESMF_NUOPCAtmModelEx, ESMF_NUOPCAtmModelEx.F90, line 806
20240726 042936.211 INFO             PET1  Finalizing ESMF
20240726 042936.170 INFO             PET2 !!!!!!!!!!!!!!!!!!!!!!!!!!!!!!!!!!!!!!!!!!!!!!!!!!!!!!
20240726 042936.170 INFO             PET2 !!! THE ESMF_LOG IS SET TO OUTPUT ALL LOG MESSAGES !!!
20240726 042936.170 INFO             PET2 !!!     THIS MAY CAUSE SLOWDOWN IN PERFORMANCE     !!!
20240726 042936.170 INFO             PET2 !!! FOR PRODUCTION RUNS, USE:                      !!!
20240726 042936.170 INFO             PET2 !!!                   ESMF_LOGKIND_Multi_On_Error  !!!
20240726 042936.170 INFO             PET2 !!!!!!!!!!!!!!!!!!!!!!!!!!!!!!!!!!!!!!!!!!!!!!!!!!!!!!
20240726 042936.170 INFO             PET2 Running with ESMF Version   : v8.7.0b09-27-geb8bb37dac
20240726 042936.170 INFO             PET2 ESMF library build date/time: "Jul 26 2024" "04:05:35"
20240726 042936.170 INFO             PET2 ESMF library build location : /tmp/intel_2023.1.0-oneAPI_mpi_O_feature_hconfig-extras/esmf
20240726 042936.170 INFO             PET2 ESMF_COMM                   : mpi
20240726 042936.170 INFO             PET2 ESMF_MOAB                   : enabled
20240726 042936.170 INFO             PET2 ESMF_LAPACK                 : enabled
20240726 042936.170 INFO             PET2 ESMF_NETCDF                 : enabled
20240726 042936.170 INFO             PET2 ESMF_PNETCDF                : disabled
20240726 042936.170 INFO             PET2 ESMF_PIO                    : enabled
20240726 042936.170 INFO             PET2 ESMF_YAMLCPP                : enabled
20240726 042936.200 DEBUG            PET2 about to destroy Grid: 0x68e8e0
20240726 042936.203 DEBUG            PET2 about to destroy Grid: 0x68f8d0
20240726 042936.212 INFO             PET2  NUMBER_OF_PROCESSORS           4
20240726 042936.212 INFO             PET2  PASS  Example ESMF_NUOPCAtmModelEx, ESMF_NUOPCAtmModelEx.F90, line 806
20240726 042936.212 INFO             PET2  Finalizing ESMF
20240726 042936.170 INFO             PET3 !!!!!!!!!!!!!!!!!!!!!!!!!!!!!!!!!!!!!!!!!!!!!!!!!!!!!!
20240726 042936.170 INFO             PET3 !!! THE ESMF_LOG IS SET TO OUTPUT ALL LOG MESSAGES !!!
20240726 042936.170 INFO             PET3 !!!     THIS MAY CAUSE SLOWDOWN IN PERFORMANCE     !!!
20240726 042936.170 INFO             PET3 !!! FOR PRODUCTION RUNS, USE:                      !!!
20240726 042936.170 INFO             PET3 !!!                   ESMF_LOGKIND_Multi_On_Error  !!!
20240726 042936.170 INFO             PET3 !!!!!!!!!!!!!!!!!!!!!!!!!!!!!!!!!!!!!!!!!!!!!!!!!!!!!!
20240726 042936.170 INFO             PET3 Running with ESMF Version   : v8.7.0b09-27-geb8bb37dac
20240726 042936.170 INFO             PET3 ESMF library build date/time: "Jul 26 2024" "04:05:35"
20240726 042936.170 INFO             PET3 ESMF library build location : /tmp/intel_2023.1.0-oneAPI_mpi_O_feature_hconfig-extras/esmf
20240726 042936.170 INFO             PET3 ESMF_COMM                   : mpi
20240726 042936.170 INFO             PET3 ESMF_MOAB                   : enabled
20240726 042936.170 INFO             PET3 ESMF_LAPACK                 : enabled
20240726 042936.170 INFO             PET3 ESMF_NETCDF                 : enabled
20240726 042936.170 INFO             PET3 ESMF_PNETCDF                : disabled
20240726 042936.170 INFO             PET3 ESMF_PIO                    : enabled
20240726 042936.170 INFO             PET3 ESMF_YAMLCPP                : enabled
20240726 042936.200 DEBUG            PET3 about to destroy Grid: 0x68ec50
20240726 042936.203 DEBUG            PET3 about to destroy Grid: 0x68fb20
20240726 042936.212 INFO             PET3  NUMBER_OF_PROCESSORS           4
20240726 042936.212 INFO             PET3  PASS  Example ESMF_NUOPCAtmModelEx, ESMF_NUOPCAtmModelEx.F90, line 806
20240726 042936.212 INFO             PET3  Finalizing ESMF
