2024-05-15 20:31:05
20240515 205532.717 INFO             PET0 !!!!!!!!!!!!!!!!!!!!!!!!!!!!!!!!!!!!!!!!!!!!!!!!!!!!!!
20240515 205532.717 INFO             PET0 !!! THE ESMF_LOG IS SET TO OUTPUT ALL LOG MESSAGES !!!
20240515 205532.717 INFO             PET0 !!!     THIS MAY CAUSE SLOWDOWN IN PERFORMANCE     !!!
20240515 205532.717 INFO             PET0 !!! FOR PRODUCTION RUNS, USE:                      !!!
20240515 205532.717 INFO             PET0 !!!                   ESMF_LOGKIND_Multi_On_Error  !!!
20240515 205532.717 INFO             PET0 !!!!!!!!!!!!!!!!!!!!!!!!!!!!!!!!!!!!!!!!!!!!!!!!!!!!!!
20240515 205532.717 INFO             PET0 Running with ESMF Version   : v8.7.0b05-82-gd3465958ff
20240515 205532.717 INFO             PET0 ESMF library build date/time: "May 15 2024" "20:30:09"
20240515 205532.717 INFO             PET0 ESMF library build location : /tmp/intel_2023.1.0-oneAPI_mpi_g_develop/esmf
20240515 205532.717 INFO             PET0 ESMF_COMM                   : mpi
20240515 205532.718 INFO             PET0 ESMF_MOAB                   : enabled
20240515 205532.718 INFO             PET0 ESMF_LAPACK                 : enabled
20240515 205532.718 INFO             PET0 ESMF_NETCDF                 : enabled
20240515 205532.718 INFO             PET0 ESMF_PNETCDF                : disabled
20240515 205532.718 INFO             PET0 ESMF_PIO                    : enabled
20240515 205532.718 INFO             PET0 ESMF_YAMLCPP                : enabled
20240515 205532.798 DEBUG            PET0 about to destroy Grid: 0x663ad0
20240515 205532.810 DEBUG            PET0 about to destroy Grid: 0x666d80
20240515 205532.840 INFO             PET0  NUMBER_OF_PROCESSORS           4
20240515 205532.840 INFO             PET0  PASS  Example ESMF_NUOPCAtmModelEx, ESMF_NUOPCAtmModelEx.F90, line 806
20240515 205532.840 INFO             PET0  Finalizing ESMF
20240515 205532.717 INFO             PET1 !!!!!!!!!!!!!!!!!!!!!!!!!!!!!!!!!!!!!!!!!!!!!!!!!!!!!!
20240515 205532.717 INFO             PET1 !!! THE ESMF_LOG IS SET TO OUTPUT ALL LOG MESSAGES !!!
20240515 205532.717 INFO             PET1 !!!     THIS MAY CAUSE SLOWDOWN IN PERFORMANCE     !!!
20240515 205532.717 INFO             PET1 !!! FOR PRODUCTION RUNS, USE:                      !!!
20240515 205532.717 INFO             PET1 !!!                   ESMF_LOGKIND_Multi_On_Error  !!!
20240515 205532.717 INFO             PET1 !!!!!!!!!!!!!!!!!!!!!!!!!!!!!!!!!!!!!!!!!!!!!!!!!!!!!!
20240515 205532.717 INFO             PET1 Running with ESMF Version   : v8.7.0b05-82-gd3465958ff
20240515 205532.717 INFO             PET1 ESMF library build date/time: "May 15 2024" "20:30:09"
20240515 205532.717 INFO             PET1 ESMF library build location : /tmp/intel_2023.1.0-oneAPI_mpi_g_develop/esmf
20240515 205532.717 INFO             PET1 ESMF_COMM                   : mpi
20240515 205532.718 INFO             PET1 ESMF_MOAB                   : enabled
20240515 205532.718 INFO             PET1 ESMF_LAPACK                 : enabled
20240515 205532.718 INFO             PET1 ESMF_NETCDF                 : enabled
20240515 205532.718 INFO             PET1 ESMF_PNETCDF                : disabled
20240515 205532.718 INFO             PET1 ESMF_PIO                    : enabled
20240515 205532.718 INFO             PET1 ESMF_YAMLCPP                : enabled
20240515 205532.798 DEBUG            PET1 about to destroy Grid: 0x6627e0
20240515 205532.810 DEBUG            PET1 about to destroy Grid: 0x663850
20240515 205532.840 INFO             PET1  NUMBER_OF_PROCESSORS           4
20240515 205532.840 INFO             PET1  PASS  Example ESMF_NUOPCAtmModelEx, ESMF_NUOPCAtmModelEx.F90, line 806
20240515 205532.840 INFO             PET1  Finalizing ESMF
20240515 205532.717 INFO             PET2 !!!!!!!!!!!!!!!!!!!!!!!!!!!!!!!!!!!!!!!!!!!!!!!!!!!!!!
20240515 205532.717 INFO             PET2 !!! THE ESMF_LOG IS SET TO OUTPUT ALL LOG MESSAGES !!!
20240515 205532.717 INFO             PET2 !!!     THIS MAY CAUSE SLOWDOWN IN PERFORMANCE     !!!
20240515 205532.717 INFO             PET2 !!! FOR PRODUCTION RUNS, USE:                      !!!
20240515 205532.717 INFO             PET2 !!!                   ESMF_LOGKIND_Multi_On_Error  !!!
20240515 205532.717 INFO             PET2 !!!!!!!!!!!!!!!!!!!!!!!!!!!!!!!!!!!!!!!!!!!!!!!!!!!!!!
20240515 205532.717 INFO             PET2 Running with ESMF Version   : v8.7.0b05-82-gd3465958ff
20240515 205532.717 INFO             PET2 ESMF library build date/time: "May 15 2024" "20:30:09"
20240515 205532.717 INFO             PET2 ESMF library build location : /tmp/intel_2023.1.0-oneAPI_mpi_g_develop/esmf
20240515 205532.717 INFO             PET2 ESMF_COMM                   : mpi
20240515 205532.718 INFO             PET2 ESMF_MOAB                   : enabled
20240515 205532.718 INFO             PET2 ESMF_LAPACK                 : enabled
20240515 205532.718 INFO             PET2 ESMF_NETCDF                 : enabled
20240515 205532.718 INFO             PET2 ESMF_PNETCDF                : disabled
20240515 205532.718 INFO             PET2 ESMF_PIO                    : enabled
20240515 205532.718 INFO             PET2 ESMF_YAMLCPP                : enabled
20240515 205532.798 DEBUG            PET2 about to destroy Grid: 0x662870
20240515 205532.810 DEBUG            PET2 about to destroy Grid: 0x663860
20240515 205532.840 INFO             PET2  NUMBER_OF_PROCESSORS           4
20240515 205532.840 INFO             PET2  PASS  Example ESMF_NUOPCAtmModelEx, ESMF_NUOPCAtmModelEx.F90, line 806
20240515 205532.840 INFO             PET2  Finalizing ESMF
20240515 205532.717 INFO             PET3 !!!!!!!!!!!!!!!!!!!!!!!!!!!!!!!!!!!!!!!!!!!!!!!!!!!!!!
20240515 205532.717 INFO             PET3 !!! THE ESMF_LOG IS SET TO OUTPUT ALL LOG MESSAGES !!!
20240515 205532.717 INFO             PET3 !!!     THIS MAY CAUSE SLOWDOWN IN PERFORMANCE     !!!
20240515 205532.717 INFO             PET3 !!! FOR PRODUCTION RUNS, USE:                      !!!
20240515 205532.717 INFO             PET3 !!!                   ESMF_LOGKIND_Multi_On_Error  !!!
20240515 205532.717 INFO             PET3 !!!!!!!!!!!!!!!!!!!!!!!!!!!!!!!!!!!!!!!!!!!!!!!!!!!!!!
20240515 205532.717 INFO             PET3 Running with ESMF Version   : v8.7.0b05-82-gd3465958ff
20240515 205532.717 INFO             PET3 ESMF library build date/time: "May 15 2024" "20:30:09"
20240515 205532.717 INFO             PET3 ESMF library build location : /tmp/intel_2023.1.0-oneAPI_mpi_g_develop/esmf
20240515 205532.717 INFO             PET3 ESMF_COMM                   : mpi
20240515 205532.717 INFO             PET3 ESMF_MOAB                   : enabled
20240515 205532.717 INFO             PET3 ESMF_LAPACK                 : enabled
20240515 205532.717 INFO             PET3 ESMF_NETCDF                 : enabled
20240515 205532.717 INFO             PET3 ESMF_PNETCDF                : disabled
20240515 205532.717 INFO             PET3 ESMF_PIO                    : enabled
20240515 205532.717 INFO             PET3 ESMF_YAMLCPP                : enabled
20240515 205532.798 DEBUG            PET3 about to destroy Grid: 0x662950
20240515 205532.810 DEBUG            PET3 about to destroy Grid: 0x663820
20240515 205532.840 INFO             PET3  NUMBER_OF_PROCESSORS           4
20240515 205532.840 INFO             PET3  PASS  Example ESMF_NUOPCAtmModelEx, ESMF_NUOPCAtmModelEx.F90, line 806
20240515 205532.840 INFO             PET3  Finalizing ESMF
