2024-06-12 07:44:10
20240612 083729.618 INFO             PET0 !!!!!!!!!!!!!!!!!!!!!!!!!!!!!!!!!!!!!!!!!!!!!!!!!!!!!!
20240612 083729.619 INFO             PET0 !!! THE ESMF_LOG IS SET TO OUTPUT ALL LOG MESSAGES !!!
20240612 083729.619 INFO             PET0 !!!     THIS MAY CAUSE SLOWDOWN IN PERFORMANCE     !!!
20240612 083729.619 INFO             PET0 !!! FOR PRODUCTION RUNS, USE:                      !!!
20240612 083729.619 INFO             PET0 !!!                   ESMF_LOGKIND_Multi_On_Error  !!!
20240612 083729.619 INFO             PET0 !!!!!!!!!!!!!!!!!!!!!!!!!!!!!!!!!!!!!!!!!!!!!!!!!!!!!!
20240612 083729.619 INFO             PET0 Running with ESMF Version   : v8.7.0b07
20240612 083729.619 INFO             PET0 ESMF library build date/time: "Jun 12 2024" "07:40:18"
20240612 083729.619 INFO             PET0 ESMF library build location : /scratch2/NCEPDEV/stmp1/Gerhard.Theurich/ESMF-Nightly-Testing/nvhpc_24.1_mpiuni_g_develop/esmf
20240612 083729.619 INFO             PET0 ESMF_COMM                   : mpiuni
20240612 083729.620 INFO             PET0 ESMF_MOAB                   : enabled
20240612 083729.620 INFO             PET0 ESMF_LAPACK                 : enabled
20240612 083729.620 INFO             PET0 ESMF_NETCDF                 : disabled
20240612 083729.620 INFO             PET0 ESMF_PNETCDF                : disabled
20240612 083729.620 INFO             PET0 ESMF_PIO                    : disabled
20240612 083729.620 INFO             PET0 ESMF_YAMLCPP                : enabled
20240612 083729.760 INFO             PET0  NUMBER_OF_PROCESSORS            1
20240612 083729.850 INFO             PET0  PASS  Example ESMF_RHandleReusabilityEx, ESMF_RHandleReusabilityEx.F90, line 582
20240612 083729.850 INFO             PET0  Finalizing ESMF
