2024-08-03 07:38:55
20240803 083120.618 INFO             PET0 !!!!!!!!!!!!!!!!!!!!!!!!!!!!!!!!!!!!!!!!!!!!!!!!!!!!!!
20240803 083120.618 INFO             PET0 !!! THE ESMF_LOG IS SET TO OUTPUT ALL LOG MESSAGES !!!
20240803 083120.618 INFO             PET0 !!!     THIS MAY CAUSE SLOWDOWN IN PERFORMANCE     !!!
20240803 083120.618 INFO             PET0 !!! FOR PRODUCTION RUNS, USE:                      !!!
20240803 083120.618 INFO             PET0 !!!                   ESMF_LOGKIND_Multi_On_Error  !!!
20240803 083120.618 INFO             PET0 !!!!!!!!!!!!!!!!!!!!!!!!!!!!!!!!!!!!!!!!!!!!!!!!!!!!!!
20240803 083120.618 INFO             PET0 Running with ESMF Version   : v8.7.0b10-45-g7b36ed9d21
20240803 083120.618 INFO             PET0 ESMF library build date/time: "Aug  3 2024" "07:35:27"
20240803 083120.618 INFO             PET0 ESMF library build location : /scratch2/NCEPDEV/stmp1/Gerhard.Theurich/ESMF-Nightly-Testing/nvhpc_24.1_mpiuni_g_develop/esmf
20240803 083120.618 INFO             PET0 ESMF_COMM                   : mpiuni
20240803 083120.619 INFO             PET0 ESMF_MOAB                   : enabled
20240803 083120.619 INFO             PET0 ESMF_LAPACK                 : enabled
20240803 083120.619 INFO             PET0 ESMF_NETCDF                 : disabled
20240803 083120.619 INFO             PET0 ESMF_PNETCDF                : disabled
20240803 083120.619 INFO             PET0 ESMF_PIO                    : disabled
20240803 083120.619 INFO             PET0 ESMF_YAMLCPP                : enabled
20240803 083120.620 INFO             PET0  NUMBER_OF_PROCESSORS            1
20240803 083120.620 INFO             PET0  PASS  Example ESMF_WebServicesEx, ESMF_WebServicesEx.F90, line 227
20240803 083120.620 INFO             PET0  Finalizing ESMF
