2024-05-28 07:37:36
20240528 083750.688 INFO             PET0 !!!!!!!!!!!!!!!!!!!!!!!!!!!!!!!!!!!!!!!!!!!!!!!!!!!!!!
20240528 083750.688 INFO             PET0 !!! THE ESMF_LOG IS SET TO OUTPUT ALL LOG MESSAGES !!!
20240528 083750.688 INFO             PET0 !!!     THIS MAY CAUSE SLOWDOWN IN PERFORMANCE     !!!
20240528 083750.688 INFO             PET0 !!! FOR PRODUCTION RUNS, USE:                      !!!
20240528 083750.688 INFO             PET0 !!!                   ESMF_LOGKIND_Multi_On_Error  !!!
20240528 083750.688 INFO             PET0 !!!!!!!!!!!!!!!!!!!!!!!!!!!!!!!!!!!!!!!!!!!!!!!!!!!!!!
20240528 083750.688 INFO             PET0 Running with ESMF Version   : v8.7.0b06-6-g5fb1a7b839
20240528 083750.688 INFO             PET0 ESMF library build date/time: "May 28 2024" "07:34:09"
20240528 083750.688 INFO             PET0 ESMF library build location : /scratch2/NCEPDEV/stmp1/Gerhard.Theurich/ESMF-Nightly-Testing/nvhpc_24.1_mpiuni_g_develop/esmf
20240528 083750.688 INFO             PET0 ESMF_COMM                   : mpiuni
20240528 083750.689 INFO             PET0 ESMF_MOAB                   : enabled
20240528 083750.689 INFO             PET0 ESMF_LAPACK                 : enabled
20240528 083750.689 INFO             PET0 ESMF_NETCDF                 : disabled
20240528 083750.689 INFO             PET0 ESMF_PNETCDF                : disabled
20240528 083750.689 INFO             PET0 ESMF_PIO                    : disabled
20240528 083750.689 INFO             PET0 ESMF_YAMLCPP                : enabled
20240528 083750.690 INFO             PET0  NUMBER_OF_PROCESSORS            1
20240528 083750.690 INFO             PET0  PASS  Example ESMF_VMScatterVMGatherEx, ESMF_VMScatterVMGatherEx.F90, line 120
20240528 083750.690 INFO             PET0  Finalizing ESMF
