2024-07-04 07:42:13
20240704 083359.758 INFO             PET0 !!!!!!!!!!!!!!!!!!!!!!!!!!!!!!!!!!!!!!!!!!!!!!!!!!!!!!
20240704 083359.759 INFO             PET0 !!! THE ESMF_LOG IS SET TO OUTPUT ALL LOG MESSAGES !!!
20240704 083359.759 INFO             PET0 !!!     THIS MAY CAUSE SLOWDOWN IN PERFORMANCE     !!!
20240704 083359.759 INFO             PET0 !!! FOR PRODUCTION RUNS, USE:                      !!!
20240704 083359.759 INFO             PET0 !!!                   ESMF_LOGKIND_Multi_On_Error  !!!
20240704 083359.759 INFO             PET0 !!!!!!!!!!!!!!!!!!!!!!!!!!!!!!!!!!!!!!!!!!!!!!!!!!!!!!
20240704 083359.759 INFO             PET0 Running with ESMF Version   : v8.7.0b08
20240704 083359.759 INFO             PET0 ESMF library build date/time: "Jul  4 2024" "07:38:52"
20240704 083359.759 INFO             PET0 ESMF library build location : /scratch2/NCEPDEV/stmp1/Gerhard.Theurich/ESMF-Nightly-Testing/nvhpc_24.1_mpiuni_g_develop/esmf
20240704 083359.760 INFO             PET0 ESMF_COMM                   : mpiuni
20240704 083359.760 INFO             PET0 ESMF_MOAB                   : enabled
20240704 083359.760 INFO             PET0 ESMF_LAPACK                 : enabled
20240704 083359.760 INFO             PET0 ESMF_NETCDF                 : disabled
20240704 083359.760 INFO             PET0 ESMF_PNETCDF                : disabled
20240704 083359.760 INFO             PET0 ESMF_PIO                    : disabled
20240704 083359.760 INFO             PET0 ESMF_YAMLCPP                : enabled
20240704 083359.888 INFO             PET0  NUMBER_OF_PROCESSORS            1
20240704 083359.888 INFO             PET0  PASS  Example ESMF_NUOPCBasicModelEx, ESMF_NUOPCBasicModelEx.F90, line 339
20240704 083359.888 INFO             PET0  Finalizing ESMF
