2024-06-15 07:41:14
20240615 083250.647 INFO             PET0 !!!!!!!!!!!!!!!!!!!!!!!!!!!!!!!!!!!!!!!!!!!!!!!!!!!!!!
20240615 083250.647 INFO             PET0 !!! THE ESMF_LOG IS SET TO OUTPUT ALL LOG MESSAGES !!!
20240615 083250.647 INFO             PET0 !!!     THIS MAY CAUSE SLOWDOWN IN PERFORMANCE     !!!
20240615 083250.647 INFO             PET0 !!! FOR PRODUCTION RUNS, USE:                      !!!
20240615 083250.648 INFO             PET0 !!!                   ESMF_LOGKIND_Multi_On_Error  !!!
20240615 083250.648 INFO             PET0 !!!!!!!!!!!!!!!!!!!!!!!!!!!!!!!!!!!!!!!!!!!!!!!!!!!!!!
20240615 083250.648 INFO             PET0 Running with ESMF Version   : v8.7.0b07-2-ga1ccd5de8a
20240615 083250.648 INFO             PET0 ESMF library build date/time: "Jun 15 2024" "07:37:44"
20240615 083250.648 INFO             PET0 ESMF library build location : /scratch2/NCEPDEV/stmp1/Gerhard.Theurich/ESMF-Nightly-Testing/nvhpc_24.1_mpiuni_g_develop/esmf
20240615 083250.648 INFO             PET0 ESMF_COMM                   : mpiuni
20240615 083250.649 INFO             PET0 ESMF_MOAB                   : enabled
20240615 083250.649 INFO             PET0 ESMF_LAPACK                 : enabled
20240615 083250.649 INFO             PET0 ESMF_NETCDF                 : disabled
20240615 083250.649 INFO             PET0 ESMF_PNETCDF                : disabled
20240615 083250.649 INFO             PET0 ESMF_PIO                    : disabled
20240615 083250.649 INFO             PET0 ESMF_YAMLCPP                : enabled
20240615 083250.654 INFO             PET0 ESMF_FieldRedistStoreNF(): Just entered routine.
20240615 083251.173 INFO             PET0 ESMF_FieldRedistStoreNF(): Leaving routine.
20240615 083251.182 INFO             PET0  NUMBER_OF_PROCESSORS            1
20240615 083251.183 INFO             PET0  PASS  Example ESMF_RHandleFromFileEx, ESMF_RHandleFromFileEx.F90, line 192
20240615 083251.183 INFO             PET0  Finalizing ESMF
