2024-05-11 07:43:07
20240511 083758.963 INFO             PET0 !!!!!!!!!!!!!!!!!!!!!!!!!!!!!!!!!!!!!!!!!!!!!!!!!!!!!!
20240511 083758.963 INFO             PET0 !!! THE ESMF_LOG IS SET TO OUTPUT ALL LOG MESSAGES !!!
20240511 083758.963 INFO             PET0 !!!     THIS MAY CAUSE SLOWDOWN IN PERFORMANCE     !!!
20240511 083758.963 INFO             PET0 !!! FOR PRODUCTION RUNS, USE:                      !!!
20240511 083758.963 INFO             PET0 !!!                   ESMF_LOGKIND_Multi_On_Error  !!!
20240511 083758.963 INFO             PET0 !!!!!!!!!!!!!!!!!!!!!!!!!!!!!!!!!!!!!!!!!!!!!!!!!!!!!!
20240511 083758.963 INFO             PET0 Running with ESMF Version   : v8.7.0b05-64-gacdb5de3ff
20240511 083758.963 INFO             PET0 ESMF library build date/time: "May 11 2024" "07:40:05"
20240511 083758.963 INFO             PET0 ESMF library build location : /scratch2/NCEPDEV/stmp1/Gerhard.Theurich/ESMF-Nightly-Testing/nvhpc_24.1_mpiuni_g_develop/esmf
20240511 083758.963 INFO             PET0 ESMF_COMM                   : mpiuni
20240511 083758.963 INFO             PET0 ESMF_MOAB                   : enabled
20240511 083758.964 INFO             PET0 ESMF_LAPACK                 : enabled
20240511 083758.964 INFO             PET0 ESMF_NETCDF                 : disabled
20240511 083758.964 INFO             PET0 ESMF_PNETCDF                : disabled
20240511 083758.964 INFO             PET0 ESMF_PIO                    : disabled
20240511 083758.964 INFO             PET0 ESMF_YAMLCPP                : enabled
20240511 083758.964 ERROR            PET0 ESMCI_State.C:982 ESMCI::State::read() Library needed by ESMF not present  - Internal subroutine call returned Error
20240511 083758.964 ERROR            PET0 ESMF_StateAPI.cppF90:3445 ESMF_StateRead Library needed by ESMF not present  - Internal subroutine call returned Error
20240511 083758.964 INFO             PET0  NUMBER_OF_PROCESSORS            1
20240511 083758.965 INFO             PET0  PASS  Example ESMF_StateReadWriteEx, ESMF_StateReadWriteEx.F90, line 185
20240511 083758.965 INFO             PET0  Finalizing ESMF
