2024-07-07 07:39:23
20240707 083235.326 INFO             PET0 !!!!!!!!!!!!!!!!!!!!!!!!!!!!!!!!!!!!!!!!!!!!!!!!!!!!!!
20240707 083235.327 INFO             PET0 !!! THE ESMF_LOG IS SET TO OUTPUT ALL LOG MESSAGES !!!
20240707 083235.327 INFO             PET0 !!!     THIS MAY CAUSE SLOWDOWN IN PERFORMANCE     !!!
20240707 083235.327 INFO             PET0 !!! FOR PRODUCTION RUNS, USE:                      !!!
20240707 083235.327 INFO             PET0 !!!                   ESMF_LOGKIND_Multi_On_Error  !!!
20240707 083235.327 INFO             PET0 !!!!!!!!!!!!!!!!!!!!!!!!!!!!!!!!!!!!!!!!!!!!!!!!!!!!!!
20240707 083235.327 INFO             PET0 Running with ESMF Version   : v8.7.0b08-12-ga4da9b3757
20240707 083235.327 INFO             PET0 ESMF library build date/time: "Jul  7 2024" "07:35:29"
20240707 083235.327 INFO             PET0 ESMF library build location : /scratch2/NCEPDEV/stmp1/Gerhard.Theurich/ESMF-Nightly-Testing/nvhpc_24.1_mpiuni_g_develop/esmf
20240707 083235.327 INFO             PET0 ESMF_COMM                   : mpiuni
20240707 083235.327 INFO             PET0 ESMF_MOAB                   : enabled
20240707 083235.327 INFO             PET0 ESMF_LAPACK                 : enabled
20240707 083235.327 INFO             PET0 ESMF_NETCDF                 : disabled
20240707 083235.327 INFO             PET0 ESMF_PNETCDF                : disabled
20240707 083235.327 INFO             PET0 ESMF_PIO                    : disabled
20240707 083235.327 INFO             PET0 ESMF_YAMLCPP                : enabled
20240707 083235.925 INFO             PET0  NUMBER_OF_PROCESSORS            1
20240707 083235.926 INFO             PET0  PASS  Example ESMF_GridUsageEx, ESMF_GridUsageEx.F90, line 3470
20240707 083235.926 INFO             PET0  Finalizing ESMF
