2024-06-28 07:38:05
20240628 082930.221 INFO             PET0 !!!!!!!!!!!!!!!!!!!!!!!!!!!!!!!!!!!!!!!!!!!!!!!!!!!!!!
20240628 082930.221 INFO             PET0 !!! THE ESMF_LOG IS SET TO OUTPUT ALL LOG MESSAGES !!!
20240628 082930.221 INFO             PET0 !!!     THIS MAY CAUSE SLOWDOWN IN PERFORMANCE     !!!
20240628 082930.222 INFO             PET0 !!! FOR PRODUCTION RUNS, USE:                      !!!
20240628 082930.222 INFO             PET0 !!!                   ESMF_LOGKIND_Multi_On_Error  !!!
20240628 082930.222 INFO             PET0 !!!!!!!!!!!!!!!!!!!!!!!!!!!!!!!!!!!!!!!!!!!!!!!!!!!!!!
20240628 082930.222 INFO             PET0 Running with ESMF Version   : v8.7.0b07-20-g1e77226def
20240628 082930.222 INFO             PET0 ESMF library build date/time: "Jun 28 2024" "07:34:40"
20240628 082930.222 INFO             PET0 ESMF library build location : /scratch2/NCEPDEV/stmp1/Gerhard.Theurich/ESMF-Nightly-Testing/nvhpc_24.1_mpiuni_g_develop/esmf
20240628 082930.222 INFO             PET0 ESMF_COMM                   : mpiuni
20240628 082930.223 INFO             PET0 ESMF_MOAB                   : enabled
20240628 082930.223 INFO             PET0 ESMF_LAPACK                 : enabled
20240628 082930.223 INFO             PET0 ESMF_NETCDF                 : disabled
20240628 082930.223 INFO             PET0 ESMF_PNETCDF                : disabled
20240628 082930.223 INFO             PET0 ESMF_PIO                    : disabled
20240628 082930.223 INFO             PET0 ESMF_YAMLCPP                : enabled
20240628 082930.224 INFO             PET0  NUMBER_OF_PROCESSORS            1
20240628 082930.224 INFO             PET0  PASS  Example ESMF_VMNonBlockingEx, ESMF_VMNonBlockingEx.F90, line 433
20240628 082930.224 INFO             PET0  Finalizing ESMF
