2024-05-19 07:37:57
20240519 083049.377 INFO             PET0 !!!!!!!!!!!!!!!!!!!!!!!!!!!!!!!!!!!!!!!!!!!!!!!!!!!!!!
20240519 083049.377 INFO             PET0 !!! THE ESMF_LOG IS SET TO OUTPUT ALL LOG MESSAGES !!!
20240519 083049.377 INFO             PET0 !!!     THIS MAY CAUSE SLOWDOWN IN PERFORMANCE     !!!
20240519 083049.377 INFO             PET0 !!! FOR PRODUCTION RUNS, USE:                      !!!
20240519 083049.377 INFO             PET0 !!!                   ESMF_LOGKIND_Multi_On_Error  !!!
20240519 083049.377 INFO             PET0 !!!!!!!!!!!!!!!!!!!!!!!!!!!!!!!!!!!!!!!!!!!!!!!!!!!!!!
20240519 083049.377 INFO             PET0 Running with ESMF Version   : v8.7.0b05-86-g6f1fcac0dc
20240519 083049.377 INFO             PET0 ESMF library build date/time: "May 19 2024" "07:34:34"
20240519 083049.377 INFO             PET0 ESMF library build location : /scratch2/NCEPDEV/stmp1/Gerhard.Theurich/ESMF-Nightly-Testing/nvhpc_24.1_mpiuni_g_develop/esmf
20240519 083049.377 INFO             PET0 ESMF_COMM                   : mpiuni
20240519 083049.378 INFO             PET0 ESMF_MOAB                   : enabled
20240519 083049.378 INFO             PET0 ESMF_LAPACK                 : enabled
20240519 083049.378 INFO             PET0 ESMF_NETCDF                 : disabled
20240519 083049.378 INFO             PET0 ESMF_PNETCDF                : disabled
20240519 083049.378 INFO             PET0 ESMF_PIO                    : disabled
20240519 083049.378 INFO             PET0 ESMF_YAMLCPP                : enabled
20240519 083049.454 DEBUG            PET0 about to destroy Grid: 0x15db3e0
20240519 083049.466 DEBUG            PET0 about to destroy Grid: 0x15dc8c0
20240519 083049.498 INFO             PET0  NUMBER_OF_PROCESSORS            1
20240519 083049.498 INFO             PET0  PASS  Example ESMF_NUOPCAtmModelEx, ESMF_NUOPCAtmModelEx.F90, line 806
20240519 083049.498 INFO             PET0  Finalizing ESMF
