2024-05-12 07:28:46
20240512 074954.194 INFO             PET0 !!!!!!!!!!!!!!!!!!!!!!!!!!!!!!!!!!!!!!!!!!!!!!!!!!!!!!
20240512 074954.194 INFO             PET0 !!! THE ESMF_LOG IS SET TO OUTPUT ALL LOG MESSAGES !!!
20240512 074954.194 INFO             PET0 !!!     THIS MAY CAUSE SLOWDOWN IN PERFORMANCE     !!!
20240512 074954.194 INFO             PET0 !!! FOR PRODUCTION RUNS, USE:                      !!!
20240512 074954.194 INFO             PET0 !!!                   ESMF_LOGKIND_Multi_On_Error  !!!
20240512 074954.194 INFO             PET0 !!!!!!!!!!!!!!!!!!!!!!!!!!!!!!!!!!!!!!!!!!!!!!!!!!!!!!
20240512 074954.194 INFO             PET0 Running with ESMF Version   : v8.7.0b05-64-gacdb5de3ff
20240512 074954.194 INFO             PET0 ESMF library build date/time: "May 12 2024" "07:27:07"
20240512 074954.194 INFO             PET0 ESMF library build location : /scratch2/NCEPDEV/stmp1/Gerhard.Theurich/ESMF-Nightly-Testing/gfortran_13.2.0_mpiuni_O_develop/esmf
20240512 074954.194 INFO             PET0 ESMF_COMM                   : mpiuni
20240512 074954.195 INFO             PET0 ESMF_MOAB                   : enabled
20240512 074954.195 INFO             PET0 ESMF_LAPACK                 : enabled
20240512 074954.195 INFO             PET0 ESMF_NETCDF                 : disabled
20240512 074954.195 INFO             PET0 ESMF_PNETCDF                : disabled
20240512 074954.195 INFO             PET0 ESMF_PIO                    : disabled
20240512 074954.195 INFO             PET0 ESMF_YAMLCPP                : enabled
20240512 074954.196 INFO             PET0  NUMBER_OF_PROCESSORS           1
20240512 074954.196 INFO             PET0  PASS  Example ESMF_InternalStateModEx, ESMF_InternalStateModEx.F90, line 239
20240512 074954.196 INFO             PET0  Finalizing ESMF
