2024-07-31 07:26:44
20240731 075029.274 INFO             PET0 !!!!!!!!!!!!!!!!!!!!!!!!!!!!!!!!!!!!!!!!!!!!!!!!!!!!!!
20240731 075029.274 INFO             PET0 !!! THE ESMF_LOG IS SET TO OUTPUT ALL LOG MESSAGES !!!
20240731 075029.274 INFO             PET0 !!!     THIS MAY CAUSE SLOWDOWN IN PERFORMANCE     !!!
20240731 075029.274 INFO             PET0 !!! FOR PRODUCTION RUNS, USE:                      !!!
20240731 075029.274 INFO             PET0 !!!                   ESMF_LOGKIND_Multi_On_Error  !!!
20240731 075029.274 INFO             PET0 !!!!!!!!!!!!!!!!!!!!!!!!!!!!!!!!!!!!!!!!!!!!!!!!!!!!!!
20240731 075029.274 INFO             PET0 Running with ESMF Version   : v8.7.0b10-23-ge8332f8778
20240731 075029.275 INFO             PET0 ESMF library build date/time: "Jul 31 2024" "07:24:47"
20240731 075029.275 INFO             PET0 ESMF library build location : /scratch2/NCEPDEV/stmp1/Gerhard.Theurich/ESMF-Nightly-Testing/gfortran_13.2.0_mpiuni_O_develop/esmf
20240731 075029.275 INFO             PET0 ESMF_COMM                   : mpiuni
20240731 075029.275 INFO             PET0 ESMF_MOAB                   : enabled
20240731 075029.275 INFO             PET0 ESMF_LAPACK                 : enabled
20240731 075029.275 INFO             PET0 ESMF_NETCDF                 : disabled
20240731 075029.275 INFO             PET0 ESMF_PNETCDF                : disabled
20240731 075029.275 INFO             PET0 ESMF_PIO                    : disabled
20240731 075029.275 INFO             PET0 ESMF_YAMLCPP                : enabled
20240731 075029.277 INFO             PET0 ESMF_FieldRedistStoreNF(): Just entered routine.
20240731 075029.383 INFO             PET0 ESMF_FieldRedistStoreNF(): Leaving routine.
20240731 075029.392 INFO             PET0  NUMBER_OF_PROCESSORS           1
20240731 075029.392 INFO             PET0  PASS  Example ESMF_RHandleFromFileEx, ESMF_RHandleFromFileEx.F90, line 192
20240731 075029.392 INFO             PET0  Finalizing ESMF
