2024-05-19 07:25:08
20240519 074603.832 INFO             PET0 !!!!!!!!!!!!!!!!!!!!!!!!!!!!!!!!!!!!!!!!!!!!!!!!!!!!!!
20240519 074603.832 INFO             PET0 !!! THE ESMF_LOG IS SET TO OUTPUT ALL LOG MESSAGES !!!
20240519 074603.832 INFO             PET0 !!!     THIS MAY CAUSE SLOWDOWN IN PERFORMANCE     !!!
20240519 074603.832 INFO             PET0 !!! FOR PRODUCTION RUNS, USE:                      !!!
20240519 074603.832 INFO             PET0 !!!                   ESMF_LOGKIND_Multi_On_Error  !!!
20240519 074603.832 INFO             PET0 !!!!!!!!!!!!!!!!!!!!!!!!!!!!!!!!!!!!!!!!!!!!!!!!!!!!!!
20240519 074603.832 INFO             PET0 Running with ESMF Version   : v8.7.0b05-86-g6f1fcac0dc
20240519 074603.832 INFO             PET0 ESMF library build date/time: "May 19 2024" "07:23:16"
20240519 074603.832 INFO             PET0 ESMF library build location : /scratch2/NCEPDEV/stmp1/Gerhard.Theurich/ESMF-Nightly-Testing/gfortran_13.2.0_mpiuni_O_develop/esmf
20240519 074603.832 INFO             PET0 ESMF_COMM                   : mpiuni
20240519 074603.832 INFO             PET0 ESMF_MOAB                   : enabled
20240519 074603.832 INFO             PET0 ESMF_LAPACK                 : enabled
20240519 074603.832 INFO             PET0 ESMF_NETCDF                 : disabled
20240519 074603.832 INFO             PET0 ESMF_PNETCDF                : disabled
20240519 074603.832 INFO             PET0 ESMF_PIO                    : disabled
20240519 074603.832 INFO             PET0 ESMF_YAMLCPP                : enabled
20240519 074603.834 INFO             PET0  NUMBER_OF_PROCESSORS           1
20240519 074603.834 INFO             PET0  PASS  Example ESMF_FieldBundleCreateEx, ESMF_FieldBundleCreateEx.F90, line 561
20240519 074603.834 INFO             PET0  Finalizing ESMF
