2024-07-11 07:24:38
20240711 074641.258 INFO             PET0 !!!!!!!!!!!!!!!!!!!!!!!!!!!!!!!!!!!!!!!!!!!!!!!!!!!!!!
20240711 074641.258 INFO             PET0 !!! THE ESMF_LOG IS SET TO OUTPUT ALL LOG MESSAGES !!!
20240711 074641.258 INFO             PET0 !!!     THIS MAY CAUSE SLOWDOWN IN PERFORMANCE     !!!
20240711 074641.258 INFO             PET0 !!! FOR PRODUCTION RUNS, USE:                      !!!
20240711 074641.258 INFO             PET0 !!!                   ESMF_LOGKIND_Multi_On_Error  !!!
20240711 074641.258 INFO             PET0 !!!!!!!!!!!!!!!!!!!!!!!!!!!!!!!!!!!!!!!!!!!!!!!!!!!!!!
20240711 074641.258 INFO             PET0 Running with ESMF Version   : v8.7.0b08-14-g2afdc553e7
20240711 074641.259 INFO             PET0 ESMF library build date/time: "Jul 11 2024" "07:22:23"
20240711 074641.259 INFO             PET0 ESMF library build location : /scratch2/NCEPDEV/stmp1/Gerhard.Theurich/ESMF-Nightly-Testing/gfortran_13.2.0_mpiuni_O_develop/esmf
20240711 074641.259 INFO             PET0 ESMF_COMM                   : mpiuni
20240711 074641.259 INFO             PET0 ESMF_MOAB                   : enabled
20240711 074641.259 INFO             PET0 ESMF_LAPACK                 : enabled
20240711 074641.259 INFO             PET0 ESMF_NETCDF                 : disabled
20240711 074641.259 INFO             PET0 ESMF_PNETCDF                : disabled
20240711 074641.259 INFO             PET0 ESMF_PIO                    : disabled
20240711 074641.259 INFO             PET0 ESMF_YAMLCPP                : enabled
20240711 074641.260 INFO             PET0  NUMBER_OF_PROCESSORS           1
20240711 074641.260 INFO             PET0  PASS  Example ESMF_WebServicesEx, ESMF_WebServicesEx.F90, line 227
20240711 074641.260 INFO             PET0  Finalizing ESMF
