2024-07-28 07:25:55
20240728 075135.854 INFO             PET0 !!!!!!!!!!!!!!!!!!!!!!!!!!!!!!!!!!!!!!!!!!!!!!!!!!!!!!
20240728 075135.854 INFO             PET0 !!! THE ESMF_LOG IS SET TO OUTPUT ALL LOG MESSAGES !!!
20240728 075135.854 INFO             PET0 !!!     THIS MAY CAUSE SLOWDOWN IN PERFORMANCE     !!!
20240728 075135.854 INFO             PET0 !!! FOR PRODUCTION RUNS, USE:                      !!!
20240728 075135.855 INFO             PET0 !!!                   ESMF_LOGKIND_Multi_On_Error  !!!
20240728 075135.855 INFO             PET0 !!!!!!!!!!!!!!!!!!!!!!!!!!!!!!!!!!!!!!!!!!!!!!!!!!!!!!
20240728 075135.855 INFO             PET0 Running with ESMF Version   : v8.7.0b10-2-gee9aef261f
20240728 075135.855 INFO             PET0 ESMF library build date/time: "Jul 28 2024" "07:23:56"
20240728 075135.855 INFO             PET0 ESMF library build location : /scratch2/NCEPDEV/stmp1/Gerhard.Theurich/ESMF-Nightly-Testing/gfortran_13.2.0_mpiuni_O_develop/esmf
20240728 075135.855 INFO             PET0 ESMF_COMM                   : mpiuni
20240728 075135.855 INFO             PET0 ESMF_MOAB                   : enabled
20240728 075135.855 INFO             PET0 ESMF_LAPACK                 : enabled
20240728 075135.855 INFO             PET0 ESMF_NETCDF                 : disabled
20240728 075135.855 INFO             PET0 ESMF_PNETCDF                : disabled
20240728 075135.855 INFO             PET0 ESMF_PIO                    : disabled
20240728 075135.855 INFO             PET0 ESMF_YAMLCPP                : enabled
20240728 075135.875 DEBUG            PET0 about to destroy Grid: 0x9a6110
20240728 075135.877 DEBUG            PET0 about to destroy Grid: 0x9a7bb0
20240728 075135.884 INFO             PET0  NUMBER_OF_PROCESSORS           1
20240728 075135.884 INFO             PET0  PASS  Example ESMF_NUOPCAtmModelEx, ESMF_NUOPCAtmModelEx.F90, line 806
20240728 075135.884 INFO             PET0  Finalizing ESMF
