2024-06-13 07:36:02
20240613 080015.921 INFO             PET0 !!!!!!!!!!!!!!!!!!!!!!!!!!!!!!!!!!!!!!!!!!!!!!!!!!!!!!
20240613 080015.921 INFO             PET0 !!! THE ESMF_LOG IS SET TO OUTPUT ALL LOG MESSAGES !!!
20240613 080015.921 INFO             PET0 !!!     THIS MAY CAUSE SLOWDOWN IN PERFORMANCE     !!!
20240613 080015.921 INFO             PET0 !!! FOR PRODUCTION RUNS, USE:                      !!!
20240613 080015.921 INFO             PET0 !!!                   ESMF_LOGKIND_Multi_On_Error  !!!
20240613 080015.921 INFO             PET0 !!!!!!!!!!!!!!!!!!!!!!!!!!!!!!!!!!!!!!!!!!!!!!!!!!!!!!
20240613 080015.921 INFO             PET0 Running with ESMF Version   : v8.7.0b07
20240613 080015.921 INFO             PET0 ESMF library build date/time: "Jun 13 2024" "07:34:13"
20240613 080015.921 INFO             PET0 ESMF library build location : /scratch2/NCEPDEV/stmp1/Gerhard.Theurich/ESMF-Nightly-Testing/gfortran_13.2.0_mpiuni_O_develop/esmf
20240613 080015.921 INFO             PET0 ESMF_COMM                   : mpiuni
20240613 080015.922 INFO             PET0 ESMF_MOAB                   : enabled
20240613 080015.922 INFO             PET0 ESMF_LAPACK                 : enabled
20240613 080015.922 INFO             PET0 ESMF_NETCDF                 : disabled
20240613 080015.922 INFO             PET0 ESMF_PNETCDF                : disabled
20240613 080015.922 INFO             PET0 ESMF_PIO                    : disabled
20240613 080015.922 INFO             PET0 ESMF_YAMLCPP                : enabled
20240613 080015.957 INFO             PET0  NUMBER_OF_PROCESSORS           1
20240613 080015.957 INFO             PET0  PASS  Example ESMF_RHandleDynamicMaskingEx, ESMF_RHandleDynamicMaskingEx.F90, line 1116
20240613 080015.957 INFO             PET0  Finalizing ESMF
