2024-07-17 07:25:14
20240717 074852.228 INFO             PET0 !!!!!!!!!!!!!!!!!!!!!!!!!!!!!!!!!!!!!!!!!!!!!!!!!!!!!!
20240717 074852.228 INFO             PET0 !!! THE ESMF_LOG IS SET TO OUTPUT ALL LOG MESSAGES !!!
20240717 074852.228 INFO             PET0 !!!     THIS MAY CAUSE SLOWDOWN IN PERFORMANCE     !!!
20240717 074852.228 INFO             PET0 !!! FOR PRODUCTION RUNS, USE:                      !!!
20240717 074852.228 INFO             PET0 !!!                   ESMF_LOGKIND_Multi_On_Error  !!!
20240717 074852.228 INFO             PET0 !!!!!!!!!!!!!!!!!!!!!!!!!!!!!!!!!!!!!!!!!!!!!!!!!!!!!!
20240717 074852.228 INFO             PET0 Running with ESMF Version   : v8.7.0b08-15-g7133ea3e40
20240717 074852.228 INFO             PET0 ESMF library build date/time: "Jul 17 2024" "07:23:24"
20240717 074852.228 INFO             PET0 ESMF library build location : /scratch2/NCEPDEV/stmp1/Gerhard.Theurich/ESMF-Nightly-Testing/gfortran_13.2.0_mpiuni_O_develop/esmf
20240717 074852.228 INFO             PET0 ESMF_COMM                   : mpiuni
20240717 074852.229 INFO             PET0 ESMF_MOAB                   : enabled
20240717 074852.229 INFO             PET0 ESMF_LAPACK                 : enabled
20240717 074852.229 INFO             PET0 ESMF_NETCDF                 : disabled
20240717 074852.229 INFO             PET0 ESMF_PNETCDF                : disabled
20240717 074852.229 INFO             PET0 ESMF_PIO                    : disabled
20240717 074852.229 INFO             PET0 ESMF_YAMLCPP                : enabled
20240717 074852.246 INFO             PET0  NUMBER_OF_PROCESSORS           1
20240717 074852.246 INFO             PET0  PASS  Example ESMF_ConfigOverviewEx, ESMF_ConfigOverviewEx.F90, line 638
20240717 074852.246 INFO             PET0  Finalizing ESMF
