2024-05-17 07:24:05
20240517 074603.065 INFO             PET0 !!!!!!!!!!!!!!!!!!!!!!!!!!!!!!!!!!!!!!!!!!!!!!!!!!!!!!
20240517 074603.065 INFO             PET0 !!! THE ESMF_LOG IS SET TO OUTPUT ALL LOG MESSAGES !!!
20240517 074603.065 INFO             PET0 !!!     THIS MAY CAUSE SLOWDOWN IN PERFORMANCE     !!!
20240517 074603.065 INFO             PET0 !!! FOR PRODUCTION RUNS, USE:                      !!!
20240517 074603.065 INFO             PET0 !!!                   ESMF_LOGKIND_Multi_On_Error  !!!
20240517 074603.065 INFO             PET0 !!!!!!!!!!!!!!!!!!!!!!!!!!!!!!!!!!!!!!!!!!!!!!!!!!!!!!
20240517 074603.065 INFO             PET0 Running with ESMF Version   : v8.7.0b05-82-gd3465958ff
20240517 074603.065 INFO             PET0 ESMF library build date/time: "May 17 2024" "07:22:20"
20240517 074603.065 INFO             PET0 ESMF library build location : /scratch2/NCEPDEV/stmp1/Gerhard.Theurich/ESMF-Nightly-Testing/gfortran_13.2.0_mpiuni_O_develop/esmf
20240517 074603.065 INFO             PET0 ESMF_COMM                   : mpiuni
20240517 074603.066 INFO             PET0 ESMF_MOAB                   : enabled
20240517 074603.066 INFO             PET0 ESMF_LAPACK                 : enabled
20240517 074603.066 INFO             PET0 ESMF_NETCDF                 : disabled
20240517 074603.066 INFO             PET0 ESMF_PNETCDF                : disabled
20240517 074603.066 INFO             PET0 ESMF_PIO                    : disabled
20240517 074603.066 INFO             PET0 ESMF_YAMLCPP                : enabled
20240517 074603.066 INFO             PET0 ESMF Tracing Enabled
20240517 074603.066 INFO             PET0 ESMF Profiling Enabled
20240517 074603.066 INFO             PET0 ESMF Trace/Profile clock: REALTIME
20240517 074603.068 INFO             PET0  NUMBER_OF_PROCESSORS           1
20240517 074603.068 INFO             PET0  PASS  Example ESMF_TraceUserEx, ESMF_TraceUserEx.F90, line 125
20240517 074603.068 INFO             PET0  Finalizing ESMF
20240517 074603.068 INFO             PET0 **************** Region Timings *******************
20240517 074603.068 INFO             PET0 Region                Count  Total (s)   Self (s)    Mean (s)    Min (s)     Max (s)
20240517 074603.068 INFO             PET0   [ESMF]              1      0.0002      0.0001      0.0002      0.0002      0.0002
20240517 074603.068 INFO             PET0     outer_region      1      0.0001      0.0000      0.0001      0.0001      0.0001
20240517 074603.068 INFO             PET0       inner_region_1  10     0.0001      0.0001      0.0000      0.0000      0.0000
20240517 074603.068 INFO             PET0       inner_region_2  10     0.0000      0.0000      0.0000      0.0000      0.0000
