2024-07-10 20:46:24
20240710 211742.645 INFO             PET0 !!!!!!!!!!!!!!!!!!!!!!!!!!!!!!!!!!!!!!!!!!!!!!!!!!!!!!
20240710 211742.646 INFO             PET0 !!! THE ESMF_LOG IS SET TO OUTPUT ALL LOG MESSAGES !!!
20240710 211742.646 INFO             PET0 !!!     THIS MAY CAUSE SLOWDOWN IN PERFORMANCE     !!!
20240710 211742.646 INFO             PET0 !!! FOR PRODUCTION RUNS, USE:                      !!!
20240710 211742.646 INFO             PET0 !!!                   ESMF_LOGKIND_Multi_On_Error  !!!
20240710 211742.646 INFO             PET0 !!!!!!!!!!!!!!!!!!!!!!!!!!!!!!!!!!!!!!!!!!!!!!!!!!!!!!
20240710 211742.646 INFO             PET0 Running with ESMF Version   : v8.7.0b08-14-g2afdc553e7
20240710 211742.646 INFO             PET0 ESMF library build date/time: "Jul 10 2024" "20:44:12"
20240710 211742.646 INFO             PET0 ESMF library build location : /Users/sacks/projects/scratch/esmf-testing/gfortranclang_12.2.0_14.0.0_mpiuni_g_develop/esmf
20240710 211742.646 INFO             PET0 ESMF_COMM                   : mpiuni
20240710 211742.646 INFO             PET0 ESMF_MOAB                   : enabled
20240710 211742.646 INFO             PET0 ESMF_LAPACK                 : enabled
20240710 211742.646 INFO             PET0 ESMF_NETCDF                 : enabled
20240710 211742.646 INFO             PET0 ESMF_PNETCDF                : disabled
20240710 211742.646 INFO             PET0 ESMF_PIO                    : enabled
20240710 211742.646 INFO             PET0 ESMF_YAMLCPP                : enabled
20240710 211742.646 INFO             PET0  NUMBER_OF_PROCESSORS           1
20240710 211742.646 INFO             PET0  PASS  Example ESMF_VMUserMpiCommEx, ESMF_VMUserMpiCommEx.F90, line 113
20240710 211742.646 INFO             PET0  Finalizing ESMF with endflag==ESMF_END_KEEPMPI
