2024-07-13 22:16:22
20240713 225808.056 INFO             PET0 !!!!!!!!!!!!!!!!!!!!!!!!!!!!!!!!!!!!!!!!!!!!!!!!!!!!!!
20240713 225808.058 INFO             PET0 !!! THE ESMF_LOG IS SET TO OUTPUT ALL LOG MESSAGES !!!
20240713 225808.058 INFO             PET0 !!!     THIS MAY CAUSE SLOWDOWN IN PERFORMANCE     !!!
20240713 225808.058 INFO             PET0 !!! FOR PRODUCTION RUNS, USE:                      !!!
20240713 225808.058 INFO             PET0 !!!                   ESMF_LOGKIND_Multi_On_Error  !!!
20240713 225808.058 INFO             PET0 !!!!!!!!!!!!!!!!!!!!!!!!!!!!!!!!!!!!!!!!!!!!!!!!!!!!!!
20240713 225808.058 INFO             PET0 Running with ESMF Version   : v8.7.0b08-15-g7133ea3e40
20240713 225808.058 INFO             PET0 ESMF library build date/time: "Jul 13 2024" "22:13:55"
20240713 225808.058 INFO             PET0 ESMF library build location : /Users/sacks/projects/scratch/esmf-testing/gfortranclang_12.2.0_14.0.0_mpiuni_g_develop/esmf
20240713 225808.058 INFO             PET0 ESMF_COMM                   : mpiuni
20240713 225808.058 INFO             PET0 ESMF_MOAB                   : enabled
20240713 225808.058 INFO             PET0 ESMF_LAPACK                 : enabled
20240713 225808.058 INFO             PET0 ESMF_NETCDF                 : enabled
20240713 225808.058 INFO             PET0 ESMF_PNETCDF                : disabled
20240713 225808.058 INFO             PET0 ESMF_PIO                    : enabled
20240713 225808.058 INFO             PET0 ESMF_YAMLCPP                : enabled
20240713 225808.193 DEBUG            PET0 about to destroy Grid: 0x13b81ce00
20240713 225808.220 DEBUG            PET0 about to destroy Grid: 0x13b828a00
20240713 225808.289 INFO             PET0  NUMBER_OF_PROCESSORS           1
20240713 225808.289 INFO             PET0  PASS  Example ESMF_NUOPCAtmModelEx, ESMF_NUOPCAtmModelEx.F90, line 806
20240713 225808.289 INFO             PET0  Finalizing ESMF
