2024-06-27 19:15:10
20240627 193238.812 INFO             PET0 !!!!!!!!!!!!!!!!!!!!!!!!!!!!!!!!!!!!!!!!!!!!!!!!!!!!!!
20240627 193238.813 INFO             PET0 !!! THE ESMF_LOG IS SET TO OUTPUT ALL LOG MESSAGES !!!
20240627 193238.813 INFO             PET0 !!!     THIS MAY CAUSE SLOWDOWN IN PERFORMANCE     !!!
20240627 193238.813 INFO             PET0 !!! FOR PRODUCTION RUNS, USE:                      !!!
20240627 193238.813 INFO             PET0 !!!                   ESMF_LOGKIND_Multi_On_Error  !!!
20240627 193238.813 INFO             PET0 !!!!!!!!!!!!!!!!!!!!!!!!!!!!!!!!!!!!!!!!!!!!!!!!!!!!!!
20240627 193238.813 INFO             PET0 Running with ESMF Version   : v8.7.0b07-20-g1e77226def
20240627 193238.813 INFO             PET0 ESMF library build date/time: "Jun 27 2024" "19:14:02"
20240627 193238.813 INFO             PET0 ESMF library build location : /Users/sacks/projects/scratch/esmf-testing/gfortranclang_12.2.0_14.0.0_mpiuni_g_develop/esmf
20240627 193238.813 INFO             PET0 ESMF_COMM                   : mpiuni
20240627 193238.813 INFO             PET0 ESMF_MOAB                   : enabled
20240627 193238.813 INFO             PET0 ESMF_LAPACK                 : enabled
20240627 193238.813 INFO             PET0 ESMF_NETCDF                 : enabled
20240627 193238.813 INFO             PET0 ESMF_PNETCDF                : disabled
20240627 193238.813 INFO             PET0 ESMF_PIO                    : enabled
20240627 193238.813 INFO             PET0 ESMF_YAMLCPP                : enabled
20240627 193238.814 INFO             PET0  NUMBER_OF_PROCESSORS           1
20240627 193238.814 INFO             PET0  PASS  Example ESMF_AlarmEx, ESMF_AlarmEx.F90, line 244
20240627 193238.814 INFO             PET0  Finalizing ESMF
