2024-08-02 21:22:52
20240802 220232.989 INFO             PET0 !!!!!!!!!!!!!!!!!!!!!!!!!!!!!!!!!!!!!!!!!!!!!!!!!!!!!!
20240802 220232.991 INFO             PET0 !!! THE ESMF_LOG IS SET TO OUTPUT ALL LOG MESSAGES !!!
20240802 220232.991 INFO             PET0 !!!     THIS MAY CAUSE SLOWDOWN IN PERFORMANCE     !!!
20240802 220232.991 INFO             PET0 !!! FOR PRODUCTION RUNS, USE:                      !!!
20240802 220232.991 INFO             PET0 !!!                   ESMF_LOGKIND_Multi_On_Error  !!!
20240802 220232.991 INFO             PET0 !!!!!!!!!!!!!!!!!!!!!!!!!!!!!!!!!!!!!!!!!!!!!!!!!!!!!!
20240802 220232.991 INFO             PET0 Running with ESMF Version   : v8.7.0b10-45-g7b36ed9d21
20240802 220232.991 INFO             PET0 ESMF library build date/time: "Aug  2 2024" "21:20:38"
20240802 220232.991 INFO             PET0 ESMF library build location : /Users/sacks/projects/scratch/esmf-testing/gfortranclang_12.2.0_14.0.0_mpiuni_g_develop/esmf
20240802 220232.991 INFO             PET0 ESMF_COMM                   : mpiuni
20240802 220232.992 INFO             PET0 ESMF_MOAB                   : enabled
20240802 220232.992 INFO             PET0 ESMF_LAPACK                 : enabled
20240802 220232.992 INFO             PET0 ESMF_NETCDF                 : enabled
20240802 220232.992 INFO             PET0 ESMF_PNETCDF                : disabled
20240802 220232.992 INFO             PET0 ESMF_PIO                    : enabled
20240802 220232.992 INFO             PET0 ESMF_YAMLCPP                : enabled
20240802 220232.992 INFO             PET0 ESMF Tracing Enabled
20240802 220232.992 INFO             PET0 ESMF Profiling Enabled
20240802 220232.992 INFO             PET0 ESMF Trace/Profile clock: REALTIME
20240802 220232.996 INFO             PET0  NUMBER_OF_PROCESSORS           1
20240802 220232.996 INFO             PET0  PASS  Example ESMF_TraceUserEx, ESMF_TraceUserEx.F90, line 125
20240802 220232.996 INFO             PET0  Finalizing ESMF
20240802 220232.996 INFO             PET0 **************** Region Timings *******************
20240802 220232.996 INFO             PET0 Region                Count  Total (s)   Self (s)    Mean (s)    Min (s)     Max (s)
20240802 220232.996 INFO             PET0   [ESMF]              1      0.0037      0.0029      0.0037      0.0037      0.0037
20240802 220232.996 INFO             PET0     outer_region      1      0.0008      0.0000      0.0008      0.0008      0.0008
20240802 220232.996 INFO             PET0       inner_region_1  10     0.0005      0.0005      0.0001      0.0001      0.0001
20240802 220232.996 INFO             PET0       inner_region_2  10     0.0003      0.0003      0.0000      0.0000      0.0000
