2024-07-23 19:19:22
--- ESMCI::Array::print start ---
 Base name    = Array002
--- ESMCI::Array::print start ---
 Base name    = Array002
 Status: Base = Ready,  object = Ready
 Proxy        = no
 Status: Base = Ready,  object = Ready
 Proxy        = no
 Root Info (Attributes):
 Root Info (Attributes):
--- ESMCI::Array::print start ---
 Base name    = Array002
--- ESMCI::Array::print start ---
 Base name    = Array002
 Status: Base = Ready,  object = Ready
 Proxy        = no
 Root Info (Attributes):
{}Array typekind/rank: Real*8 / 2 
~ lower class' values ~
DistGrid dimCount = 2
deCount = 4
localDeCount = 1
{}Array typekind/rank: Real*8 / 2 
~ lower class' values ~
DistGrid dimCount = 2
deCount = 4
localDeCount = 1
~ local data in LocalArray for DE 2 ~
 Status: Base = Ready,  object = Ready
 Proxy        = no
 Root Info (Attributes):
{}~ local data in LocalArray for DE 1 ~
LocalArrayPrint: Array at address 0x12b00ba40:
LocalArrayPrint: Array at address 0x127a0a740:
            rank = 2, typekind = 6, base_addr = 0x6000011871c0
            rank = 2, typekind = 6, base_addr = 0x60000255f520
{}Array typekind/rank: Real*8 / 2 
~ lower class' values ~
DistGrid dimCount = 2
            dim[0] = 2  dim[1] = 2  
  Real, *8, Dim 2, Data values:
            dim[0] = 2  dim[1] = 2  
  Real, *8, Dim 2, Data values:
deCount = 4
Array typekind/rank: Real*8 / 2 
~ lower class' values ~
localDeCount = 1
( 1, 1) =  101
( 1, 1) =  102
( 2, 1) =  102
( 2, 1) =  101
DistGrid dimCount = 2
~ local data in LocalArray for DE 0 ~
LocalArrayPrint: Array at address 0x12e20b480:
deCount = 4
( 1, 2) =  101
( 1, 2) =  102
            rank = 2, typekind = 6, base_addr = 0x600003bed960
localDeCount = 1
( 2, 2) =  101
( 2, 2) =  102
~ local data in LocalArray for DE 3 ~
            dim[0] = 2  dim[1] = 2  
dim 1: [0]: [1 [1 [1, 2] 2] 2]
dim 1: [0]: [1 [1 [1, 2] 2] 2]
LocalArrayPrint: Array at address 0x14d008930:
dim 2: [1]: [1 [1 [1, 2] 2] 2]
--- ESMCI::Array::print end ---
dim 2: [1]: [1 [1 [1, 2] 2] 2]
--- ESMCI::Array::print end ---
  Real, *8, Dim 2, Data values:
( 1, 1) =  100
            rank = 2, typekind = 6, base_addr = 0x60000391b3c0
--- ESMCI::Array::print start ---
--- ESMCI::Array::print start ---
            dim[0] = 2  dim[1] = 2  
  Real, *8, Dim 2, Data values:
 Base name    = Array003
 Base name    = Array003
( 2, 1) =  100
( 1, 2) =  100
 Status: Base = Ready,  object = Ready
 Status: Base = Ready,  object = Ready
( 1, 1) =  103
( 2, 2) =  100
 Proxy        = no
 Proxy        = no
 Root Info (Attributes):
( 2, 1) =  103
( 1, 2) =  103
dim 1: [0]: [1 [1 [1, 2] 2] 2]
dim 2: [1]: [1 [1 [1, 2] 2] 2]
 Root Info (Attributes):
{}( 2, 2) =  103
{}--- ESMCI::Array::print end ---
dim 1: [0]: [1 [1 [1, 2] 2] 2]
Array typekind/rank: Real*8 / 2 
--- ESMCI::Array::print start ---
Array typekind/rank: Real*8 / 2 
~ lower class' values ~
dim 2: [1]: [1 [1 [1, 2] 2] 2]
DistGrid dimCount = 2
 Base name    = Array003
~ lower class' values ~
--- ESMCI::Array::print end ---
deCount = 4
localDeCount = 1
 Status: Base = Ready,  object = Ready
DistGrid dimCount = 2
deCount = 4
--- ESMCI::Array::print start ---
~ local data in LocalArray for DE 2 ~
 Proxy        = no
 Root Info (Attributes):
localDeCount = 1
 Base name    = Array003
LocalArrayPrint: Array at address 0x127a0aa90:
~ local data in LocalArray for DE 1 ~
 Status: Base = Ready,  object = Ready
{}LocalArrayPrint: Array at address 0x12b00bd90:
Array typekind/rank: Real*8 / 2 
~ lower class' values ~
            rank = 2, typekind = 6, base_addr = 0x600001187300
            dim[0] = 2  dim[1] = 2  
DistGrid dimCount = 2
            rank = 2, typekind = 6, base_addr = 0x60000255f660
 Proxy        = no
deCount = 4
            dim[0] = 2  dim[1] = 2  
  Real, *8, Dim 2, Data values:
 Root Info (Attributes):
( 1, 1) =  202
localDeCount = 1
  Real, *8, Dim 2, Data values:
( 2, 1) =  202
~ local data in LocalArray for DE 0 ~
{}( 1, 1) =  201
( 2, 1) =  201
( 1, 2) =  202
LocalArrayPrint: Array at address 0x12e20b7b0:
Array typekind/rank: Real*8 / 2 
( 2, 2) =  202
            rank = 2, typekind = 6, base_addr = 0x600003bedaa0
( 1, 2) =  201
~ lower class' values ~
dim 1: [0]: [1 [1 [1, 2] 2] 2]
            dim[0] = 2  dim[1] = 2  
( 2, 2) =  201
DistGrid dimCount = 2
dim 2: [1]: [1 [1 [1, 2] 2] 2]
  Real, *8, Dim 2, Data values:
dim 1: [0]: [1 [1 [1, 2] 2] 2]
deCount = 4
localDeCount = 1
~ local data in LocalArray for DE 3 ~
LocalArrayPrint: Array at address 0x14d008c60:
--- ESMCI::Array::print end ---
--- ESMCI::Array::print start ---
 Base name    = Array004
 Status: Base = Ready,  object = Ready
( 1, 1) =  200
( 2, 1) =  200
( 1, 2) =  200
( 2, 2) =  200
dim 1: [0]: [1 [1 [1, 2] 2] 2]
dim 2: [1]: [1 [1 [1, 2] 2] 2]
--- ESMCI::Array::print end ---
--- ESMCI::Array::print start ---
 Base name    = Array004
 Status: Base = Ready,  object = Ready
 Proxy        = no
            rank = 2, typekind = 6, base_addr = 0x60000391b500
            dim[0] = 2  dim[1] = 2  
 Proxy        = no
dim 2: [1]: [1 [1 [1, 2] 2] 2]
--- ESMCI::Array::print end ---
 Root Info (Attributes):
--- ESMCI::Array::print start ---
 Base name    = Array004
  Real, *8, Dim 2, Data values:
{}Array typekind/rank: Real*8 / 2 
 Root Info (Attributes):
 Status: Base = Ready,  object = Ready
( 1, 1) =  203
~ lower class' values ~
DistGrid dimCount = 2
 Proxy        = no
( 2, 1) =  203
 Root Info (Attributes):
deCount = 4
localDeCount = 1
( 1, 2) =  203
{}~ local data in LocalArray for DE 1 ~
{}( 2, 2) =  203
Array typekind/rank: Real*8 / 2 
LocalArrayPrint: Array at address 0x12b00c0c0:
            rank = 2, typekind = 6, base_addr = 0x600000b41b00
Array typekind/rank: Real*8 / 2 
~ lower class' values ~
dim 1: [0]: [1 [1 [1, 2] 2] 2]
~ lower class' values ~
            dim[0] = 4  dim[1] = 4  
  Real, *8, Dim 2, Data values:
DistGrid dimCount = 2
deCount = 4
dim 2: [1]: [1 [1 [1, 2] 2] 2]
DistGrid dimCount = 2
( 0, 0) =  301
localDeCount = 1
--- ESMCI::Array::print end ---
~ local data in LocalArray for DE 0 ~
LocalArrayPrint: Array at address 0x12e20bae0:
( 1, 0) =  301
( 2, 0) =  301
deCount = 4
--- ESMCI::Array::print start ---
localDeCount = 1
( 3, 0) =  301
            rank = 2, typekind = 6, base_addr = 0x6000015cd780
 Base name    = Array004
~ local data in LocalArray for DE 2 ~
( 0, 1) =  300
            dim[0] = 4  dim[1] = 4  
  Real, *8, Dim 2, Data values:
 Status: Base = Ready,  object = Ready
( 0, 0) =  300
LocalArrayPrint: Array at address 0x127a0adc0:
( 1, 1) =  301
 Proxy        = no
( 1, 0) =  300
( 2, 1) =  301
            rank = 2, typekind = 6, base_addr = 0x600003fb9180
 Root Info (Attributes):
( 3, 1) =  301
( 0, 2) =  300
( 2, 0) =  300
( 3, 0) =  300
            dim[0] = 4  dim[1] = 4  
{}( 1, 2) =  301
( 0, 1) =  300
  Real, *8, Dim 2, Data values:
( 1, 1) =  300
Array typekind/rank: Real*8 / 2 
( 2, 2) =  301
( 0, 0) =  302
( 2, 1) =  300
( 3, 2) =  301
~ lower class' values ~
( 1, 0) =  300
( 3, 1) =  301
( 0, 2) =  300
( 0, 3) =  302
( 1, 3) =  303
DistGrid dimCount = 2
deCount = 4
( 1, 2) =  300
( 2, 2) =  300
( 3, 2) =  301
( 2, 3) =  303
( 3, 3) =  301
dim 1: [0]: [0 [1 [1, 2] 2] 3]
( 2, 0) =  300
( 3, 0) =  301
( 0, 3) =  300
dim 2: [1]: [0 [1 [1, 2] 2] 3]
--- ESMCI::Array::print end ---
localDeCount = 1
( 1, 3) =  302
( 2, 3) =  302
( 0, 1) =  302
~ local data in LocalArray for DE 3 ~
( 1, 1) =  302
--- ESMCI::Array::print start ---
( 3, 3) =  303
LocalArrayPrint: Array at address 0x14d008f90:
 Base name    = Array005
 Status: Base = Ready,  object = Ready
dim 1: [0]: [0 [1 [1, 2] 2] 3]
dim 2: [1]: [0 [1 [1, 2] 2] 3]
( 2, 1) =  302
( 3, 1) =  303
--- ESMCI::Array::print end ---
 Proxy        = no
            rank = 2, typekind = 6, base_addr = 0x600001715580
--- ESMCI::Array::print start ---
 Base name    = Array005
 Root Info (Attributes):
{}( 0, 2) =  302
            dim[0] = 4  dim[1] = 4  
( 1, 2) =  302
  Real, *8, Dim 2, Data values:
Array typekind/rank: Real*8 / 2 
~ lower class' values ~
 Status: Base = Ready,  object = Ready
 Proxy        = no
( 2, 2) =  302
( 0, 0) =  300
DistGrid dimCount = 2
 Root Info (Attributes):
deCount = 4
( 3, 2) =  303
{}( 1, 0) =  301
localDeCount = 1
~ local data in LocalArray for DE 1 ~
Array typekind/rank: Real*8 / 2 
( 0, 3) =  302
( 2, 0) =  301
~ lower class' values ~
LocalArrayPrint: Array at address 0x12b00c3f0:
            rank = 2, typekind = 6, base_addr = 0x600000b41580
( 1, 3) =  302
( 3, 0) =  303
DistGrid dimCount = 2
( 2, 3) =  302
( 0, 1) =  302
            dim[0] = 4  dim[1] = 4  
deCount = 4
( 3, 3) =  302
  Real, *8, Dim 2, Data values:
( 0, 0) =  401
localDeCount = 1
~ local data in LocalArray for DE 0 ~
( 1, 1) =  303
dim 1: [0]: [0 [1 [1, 2] 2] 3]
( 2, 1) =  303
LocalArrayPrint: Array at address 0x12e20be10:
            rank = 2, typekind = 6, base_addr = 0x6000015cd880
( 1, 0) =  401
( 2, 0) =  401
( 3, 0) =  401
            dim[0] = 4  dim[1] = 4  
dim 2: [1]: [0 [1 [1, 2] 2] 3]
( 3, 1) =  303
( 0, 1) =  400
  Real, *8, Dim 2, Data values:
--- ESMCI::Array::print end ---
( 0, 2) =  302
( 1, 1) =  401
( 2, 1) =  401
( 0, 0) =  400
( 1, 0) =  400
( 1, 2) =  303
--- ESMCI::Array::print start ---
( 3, 1) =  401
( 0, 2) =  400
( 2, 0) =  400
( 3, 0) =  400
 Base name    = Array005
( 1, 2) =  401
( 2, 2) =  401
( 2, 2) =  303
( 0, 1) =  400
( 1, 1) =  400
 Status: Base = Ready,  object = Ready
( 3, 2) =  401
( 2, 1) =  400
( 0, 3) =  402
( 3, 2) =  303
 Proxy        = no
( 3, 1) =  401
( 1, 3) =  403
( 0, 3) =  303
( 0, 2) =  400
( 2, 3) =  403
( 1, 3) =  303
 Root Info (Attributes):
( 3, 3) =  401
( 1, 2) =  400
( 2, 3) =  303
dim 1: [0]: [0 [1 [1, 2] 2] 3]
dim 2: [1]: [0 [1 [1, 2] 2] 3]
{}( 2, 2) =  400
( 3, 3) =  303
--- ESMCI::Array::print end ---
( 3, 2) =  401
Array typekind/rank: Real*8 / 2 
dim 1: [0]: [0 [1 [1, 2] 2] 3]
--- ESMCI::Array::print start ---
 Base name    = Array006
( 0, 3) =  400
( 1, 3) =  402
~ lower class' values ~
dim 2: [1]: [0 [1 [1, 2] 2] 3]
DistGrid dimCount = 2
( 2, 3) =  402
 Status: Base = Ready,  object = Ready
--- ESMCI::Array::print end ---
deCount = 4
( 3, 3) =  403
 Proxy        = no
localDeCount = 1
--- ESMCI::Array::print start ---
 Root Info (Attributes):
dim 1: [0]: [0 [1 [1, 2] 2] 3]
~ local data in LocalArray for DE 2 ~
{}Array typekind/rank: Real*8 / 2 
dim 2: [1]: [0 [1 [1, 2] 2] 3]
--- ESMCI::Array::print end ---
 Base name    = Array005
LocalArrayPrint: Array at address 0x127a0b0f0:
~ lower class' values ~
DistGrid dimCount = 2
--- ESMCI::Array::print start ---
 Base name    = Array006
 Status: Base = Ready,  object = Ready
            rank = 2, typekind = 6, base_addr = 0x600003fb9200
deCount = 4
 Status: Base = Ready,  object = Ready
 Proxy        = no
 Proxy        = no
localDeCount = 1
            dim[0] = 4  dim[1] = 4  
~ local data in LocalArray for DE 1 ~
 Root Info (Attributes):
 Root Info (Attributes):
LocalArrayPrint: Array at address 0x12b00c720:
            rank = 2, typekind = 6, base_addr = 0x6000001443c0
{}Array typekind/rank: Real*8 / 2 
  Real, *8, Dim 2, Data values:
{}( 0, 0) =  402
            dim[0] = 4  dim[1] = 3  
~ lower class' values ~
  Real, *8, Dim 2, Data values:
DistGrid dimCount = 2
( 1, 0) =  400
( 0, 0) =  501
( 1, 0) =  501
deCount = 4
localDeCount = 1
Array typekind/rank: Real*8 / 2 
( 2, 0) =  400
~ lower class' values ~
( 2, 0) =  501
~ local data in LocalArray for DE 0 ~
( 3, 0) =  401
( 3, 0) =  501
LocalArrayPrint: Array at address 0x12e20c140:
DistGrid dimCount = 2
( 0, 1) =  402
( 0, 1) =  500
( 1, 1) =  501
            rank = 2, typekind = 6, base_addr = 0x600001fc7360
            dim[0] = 4  dim[1] = 3  
  Real, *8, Dim 2, Data values:
( 2, 1) =  501
( 3, 1) =  501
( 1, 1) =  402
deCount = 4
( 0, 2) =  500
( 1, 2) =  501
localDeCount = 1
( 0, 0) =  500
( 1, 0) =  500
( 2, 1) =  402
~ local data in LocalArray for DE 3 ~
( 2, 2) =  501
( 2, 0) =  500
LocalArrayPrint: Array at address 0x14d0092c0:
( 3, 1) =  403
( 3, 0) =  500
( 3, 2) =  501
            rank = 2, typekind = 6, base_addr = 0x600001715680
( 0, 2) =  402
( 0, 1) =  500
dim 1: [0]: [0 [1 [1, 2] 2] 3]
            dim[0] = 4  dim[1] = 4  
( 1, 2) =  402
dim 2: [1]: [0 [1 [1, 2] 2] 2]
( 1, 1) =  500
( 2, 2) =  402
  Real, *8, Dim 2, Data values:
--- ESMCI::Array::print end ---
( 2, 1) =  500
( 3, 2) =  403
( 0, 0) =  400
( 3, 1) =  501
( 0, 3) =  402
( 1, 0) =  401
( 0, 2) =  500
( 2, 0) =  401
( 1, 3) =  402
( 1, 2) =  500
  PASS  Example ESMF_ArrayBundleHaloEx, ESMF_ArrayBundleHaloEx.F90, line 172
( 3, 0) =  403
( 2, 3) =  402
( 2, 2) =  500
( 3, 3) =  402
( 0, 1) =  402
( 3, 2) =  501
dim 1: [0]: [0 [1 [1, 2] 2] 3]
( 1, 1) =  403
dim 1: [0]: [0 [1 [1, 2] 2] 3]
dim 2: [1]: [0 [1 [1, 2] 2] 3]
( 2, 1) =  403
dim 2: [1]: [0 [1 [1, 2] 2] 2]
--- ESMCI::Array::print end ---
( 3, 1) =  403
--- ESMCI::Array::print end ---
( 0, 2) =  402
--- ESMCI::Array::print start ---
( 1, 2) =  403
 Base name    = Array006
  PASS  Example ESMF_ArrayBundleHaloEx, ESMF_ArrayBundleHaloEx.F90, line 172
( 2, 2) =  403
 Status: Base = Ready,  object = Ready
( 3, 2) =  403
 Proxy        = no
( 0, 3) =  403
 Root Info (Attributes):
{}( 1, 3) =  403
( 2, 3) =  403
( 3, 3) =  403
Array typekind/rank: Real*8 / 2 
dim 1: [0]: [0 [1 [1, 2] 2] 3]
~ lower class' values ~
DistGrid dimCount = 2
dim 2: [1]: [0 [1 [1, 2] 2] 3]
--- ESMCI::Array::print end ---
--- ESMCI::Array::print start ---
deCount = 4
localDeCount = 1
 Base name    = Array006
~ local data in LocalArray for DE 2 ~
LocalArrayPrint: Array at address 0x127a0b420:
 Status: Base = Ready,  object = Ready
            rank = 2, typekind = 6, base_addr = 0x6000035b0360
 Proxy        = no
 Root Info (Attributes):
            dim[0] = 4  dim[1] = 3  
  Real, *8, Dim 2, Data values:
( 0, 0) =  502
{}Array typekind/rank: Real*8 / 2 
( 1, 0) =  500
~ lower class' values ~
( 2, 0) =  500
DistGrid dimCount = 2
( 3, 0) =  501
deCount = 4
localDeCount = 1
( 0, 1) =  502
~ local data in LocalArray for DE 3 ~
( 1, 1) =  502
( 2, 1) =  502
LocalArrayPrint: Array at address 0x14d0095f0:
            rank = 2, typekind = 6, base_addr = 0x600001d18360
( 3, 1) =  503
( 0, 2) =  502
            dim[0] = 4  dim[1] = 3  
( 1, 2) =  502
  Real, *8, Dim 2, Data values:
( 2, 2) =  502
( 0, 0) =  500
( 3, 2) =  503
( 1, 0) =  501
( 2, 0) =  501
dim 1: [0]: [0 [1 [1, 2] 2] 3]
( 3, 0) =  503
dim 2: [1]: [0 [1 [1, 2] 2] 2]
( 0, 1) =  502
--- ESMCI::Array::print end ---
( 1, 1) =  503
( 2, 1) =  503
( 3, 1) =  503
( 0, 2) =  502
( 1, 2) =  503
( 2, 2) =  503
  PASS  Example ESMF_ArrayBundleHaloEx, ESMF_ArrayBundleHaloEx.F90, line 172
( 3, 2) =  503
dim 1: [0]: [0 [1 [1, 2] 2] 3]
dim 2: [1]: [0 [1 [1, 2] 2] 2]
--- ESMCI::Array::print end ---
  PASS  Example ESMF_ArrayBundleHaloEx, ESMF_ArrayBundleHaloEx.F90, line 172
 PASS: ESMF_ArrayBundleHaloEx.F90
 PASS: ESMF_ArrayBundleHaloEx.F90
 PASS: ESMF_ArrayBundleHaloEx.F90
 PASS: ESMF_ArrayBundleHaloEx.F90
