2024-07-22 21:00:20
--- ESMCI::Array::print start ---
 Base name    = Array008
 Status: Base = Ready,  object = Ready
 Proxy        = no
 Root Info (Attributes):
--- ESMCI::Array::print start ---
 Base name    = Array008
 Status: Base = Ready,  object = Ready
 Proxy        = no
 Root Info (Attributes):
--- ESMCI::Array::print start ---
 Base name    = Array008
 Status: Base = Ready,  object = Ready
 Proxy        = no
 Root Info (Attributes):
{}Array typekind/rank: Real*8 / 2 
~ lower class' values ~
{}Array typekind/rank: Real*8 / 2 
~ lower class' values ~
DistGrid dimCount = 2
deCount = 4
DistGrid dimCount = 2
deCount = 4
localDeCount = 1
localDeCount = 1
~ local data in LocalArray for DE 1 ~
{}~ local data in LocalArray for DE 0 ~
Array typekind/rank: Real*8 / 2 
~ lower class' values ~
LocalArrayPrint: Array at address 0x11670ac20:
            rank = 2, typekind = 6, base_addr = 0x6000033c0c30
LocalArrayPrint: Array at address 0x139e0a890:
            rank = 2, typekind = 6, base_addr = 0x600003fac780
DistGrid dimCount = 2
            dim[0] = 3  dim[1] = 10  
            dim[0] = 3  dim[1] = 10  
  Real, *8, Dim 2, Data values:
deCount = 4
localDeCount = 1
  Real, *8, Dim 2, Data values:
( 1, 1) =  1.2345
( 1, 1) =  513.58
~ local data in LocalArray for DE 2 ~
--- ESMCI::Array::print start ---
( 2, 1) =  613.58
( 2, 1) =  1.2345
LocalArrayPrint: Array at address 0x156309ca0:
( 3, 1) =  1.2345
( 3, 1) =  713.58
 Base name    = Array008
 Status: Base = Ready,  object = Ready
( 1, 2) =  1.2345
( 1, 2) =  514.814
            rank = 2, typekind = 6, base_addr = 0x6000014b04b0
( 2, 2) =  1.2345
            dim[0] = 3  dim[1] = 10  
 Proxy        = no
( 2, 2) =  614.814
( 3, 2) =  1.2345
( 1, 3) =  1.2345
  Real, *8, Dim 2, Data values:
 Root Info (Attributes):
( 3, 2) =  714.814
( 1, 3) =  516.048
( 2, 3) =  1.2345
( 3, 3) =  1.2345
( 1, 1) =  513.58
( 1, 4) =  1.2345
( 2, 3) =  616.048
{}( 2, 1) =  613.58
  skipping to end ...
( 3, 3) =  716.048
Array typekind/rank: Real*8 / 2 
( 3, 1) =  713.58
~ lower class' values ~
( 1, 4) =  517.283
( 3, 7) =  1.2345
( 1, 2) =  514.814
DistGrid dimCount = 2
( 1, 8) =  1.2345
  skipping to end ...
( 2, 2) =  614.814
( 2, 8) =  1.2345
( 3, 7) =  720.986
deCount = 4
( 3, 2) =  714.814
localDeCount = 1
( 3, 8) =  1.2345
( 1, 8) =  522.221
( 1, 3) =  516.048
~ local data in LocalArray for DE 3 ~
( 1, 9) =  1.2345
( 2, 8) =  622.221
( 3, 8) =  722.221
( 2, 3) =  616.048
( 1, 9) =  523.456
LocalArrayPrint: Array at address 0x12ce07470:
( 2, 9) =  1.2345
( 3, 3) =  716.048
            rank = 2, typekind = 6, base_addr = 0x600003cb42d0
( 2, 9) =  623.456
( 3, 9) =  1.2345
( 1, 4) =  517.283
            dim[0] = 3  dim[1] = 10  
( 1,10) =  1.2345
( 3, 9) =  723.456
  skipping to end ...
  Real, *8, Dim 2, Data values:
( 2,10) =  1.2345
( 1,10) =  524.69
( 3, 7) =  720.986
( 1, 1) =  513.58
( 3,10) =  1.2345
( 2,10) =  624.69
( 1, 8) =  522.221
( 2, 1) =  613.58
( 3,10) =  724.69
dim 1: undistLBound[0]=1            undistUBound[0]=3
( 2, 8) =  622.221
( 3, 1) =  713.58
dim 2: [0]: [1 [1 [1, 10] 10] 10]
dim 1: undistLBound[0]=1            undistUBound[0]=3
( 3, 8) =  722.221
dim 2: [0]: [1 [1 [1, 10] 10] 10]
--- ESMCI::Array::print end ---
( 1, 2) =  514.814
--- ESMCI::Array::print end ---
( 1, 9) =  523.456
( 2, 2) =  614.814
( 3, 2) =  714.814
( 2, 9) =  623.456
 localPet =            1 myFarray2D2:    0.0000000000000000        0.0000000000000000        0.0000000000000000        0.0000000000000000        0.0000000000000000        0.0000000000000000        0.0000000000000000        0.0000000000000000        0.0000000000000000        0.0000000000000000        0.0000000000000000        0.0000000000000000        0.0000000000000000        0.0000000000000000        0.0000000000000000        0.0000000000000000        0.0000000000000000        0.0000000000000000        0.0000000000000000        0.0000000000000000        0.0000000000000000        0.0000000000000000        0.0000000000000000        0.0000000000000000        0.0000000000000000        0.0000000000000000        0.0000000000000000        0.0000000000000000        0.0000000000000000        0.0000000000000000     
( 1, 3) =  516.048
( 3, 9) =  723.456
--- ESMCI::Array::print start ---
( 1,10) =  524.69
 Base name    = Array008
( 2, 3) =  616.048
 Status: Base = Ready,  object = Ready
( 2,10) =  624.69
 Proxy        = no
( 3,10) =  724.69
( 3, 3) =  716.048
 Root Info (Attributes):
dim 1: undistLBound[0]=1            undistUBound[0]=3
( 1, 4) =  517.283
  skipping to end ...
dim 2: [0]: [1 [1 [1, 10] 10] 10]
--- ESMCI::Array::print end ---
{}Array typekind/rank: Real*8 / 2 
( 3, 7) =  720.986
~ lower class' values ~
( 1, 8) =  522.221
( 2, 8) =  622.221
DistGrid dimCount = 2
deCount = 4
 localPet =            2 myFarray2D2:    0.0000000000000000        0.0000000000000000        0.0000000000000000        0.0000000000000000        0.0000000000000000        0.0000000000000000        0.0000000000000000        0.0000000000000000        0.0000000000000000        0.0000000000000000        0.0000000000000000        0.0000000000000000        0.0000000000000000        0.0000000000000000        0.0000000000000000        0.0000000000000000        0.0000000000000000        0.0000000000000000        0.0000000000000000        0.0000000000000000        0.0000000000000000        0.0000000000000000        0.0000000000000000        0.0000000000000000        0.0000000000000000        0.0000000000000000        0.0000000000000000        0.0000000000000000        0.0000000000000000        0.0000000000000000     
--- ESMCI::Array::print start ---
( 3, 8) =  722.221
localDeCount = 1
~ local data in LocalArray for DE 1 ~
 Base name    = Array008
( 1, 9) =  523.456
( 2, 9) =  623.456
 Status: Base = Ready,  object = Ready
 Proxy        = no
LocalArrayPrint: Array at address 0x139e0a890:
            rank = 2, typekind = 6, base_addr = 0x600003fac780
( 3, 9) =  723.456
            dim[0] = 3  dim[1] = 10  
 Root Info (Attributes):
( 1,10) =  524.69
  Real, *8, Dim 2, Data values:
( 2,10) =  624.69
( 3,10) =  724.69
( 1, 1) =  1.2345
( 2, 1) =  1.2345
{}Array typekind/rank: Real*8 / 2 
dim 1: undistLBound[0]=1            undistUBound[0]=3
~ lower class' values ~
DistGrid dimCount = 2
( 3, 1) =  1.2345
( 1, 2) =  1.2345
dim 2: [0]: [1 [1 [1, 10] 10] 10]
--- ESMCI::Array::print end ---
deCount = 4
localDeCount = 1
( 2, 2) =  1.2345
( 3, 2) =  1.2345
~ local data in LocalArray for DE 2 ~
( 1, 3) =  1.2345
LocalArrayPrint: Array at address 0x156309ca0:
( 2, 3) =  1.2345
            rank = 2, typekind = 6, base_addr = 0x6000014b04b0
( 3, 3) =  1.2345
( 1, 4) =  1.2345
            dim[0] = 3  dim[1] = 10  
  skipping to end ...
  Real, *8, Dim 2, Data values:
( 3, 7) =  1.2345
( 1, 8) =  1.2345
( 2, 8) =  1.2345
( 1, 1) =  513.58
 localPet =            3 myFarray2D2:    0.0000000000000000        0.0000000000000000        0.0000000000000000        0.0000000000000000        0.0000000000000000        0.0000000000000000        0.0000000000000000        0.0000000000000000        0.0000000000000000        0.0000000000000000        0.0000000000000000        0.0000000000000000        0.0000000000000000        0.0000000000000000        0.0000000000000000        0.0000000000000000        0.0000000000000000        0.0000000000000000        0.0000000000000000        0.0000000000000000        0.0000000000000000        0.0000000000000000        0.0000000000000000        0.0000000000000000        0.0000000000000000        0.0000000000000000        0.0000000000000000        0.0000000000000000        0.0000000000000000        0.0000000000000000     
--- ESMCI::Array::print start ---
( 3, 8) =  1.2345
( 2, 1) =  613.58
( 3, 1) =  713.58
 Base name    = Array008
( 1, 2) =  514.814
 Status: Base = Ready,  object = Ready
 localPet =            0 myFarray2D2:    513.57950000000005        613.57950000000005        713.57950000000005        514.81399999999996        614.81399999999996        714.81399999999996        516.04849999999999        616.04849999999999        716.04849999999999        517.28300000000002        617.28300000000002        717.28300000000002        518.51750000000004        618.51750000000004        718.51750000000004        519.75199999999995        619.75199999999995        719.75199999999995        520.98649999999998        620.98649999999998        720.98649999999998        522.22100000000000        622.22100000000000        722.22100000000000        523.45550000000003        623.45550000000003        723.45550000000003        524.69000000000005        624.69000000000005        724.69000000000005     
( 2, 2) =  614.814
( 1, 9) =  1.2345
 Proxy        = no
--- ESMCI::Array::print start ---
( 3, 2) =  714.814
( 2, 9) =  1.2345
 Root Info (Attributes):
 Base name    = Array008
( 3, 9) =  1.2345
( 1, 3) =  516.048
{} Status: Base = Ready,  object = Ready
( 2, 3) =  616.048
( 1,10) =  1.2345
Array typekind/rank: Real*8 / 2 
 Proxy        = no
( 3, 3) =  716.048
( 2,10) =  1.2345
~ lower class' values ~
 Root Info (Attributes):
( 3,10) =  1.2345
( 1, 4) =  517.283
DistGrid dimCount = 2
  skipping to end ...
dim 1: undistLBound[0]=1            undistUBound[0]=3
{}deCount = 4
dim 2: [0]: [1 [1 [1, 10] 10] 10]
( 3, 7) =  720.986
localDeCount = 1
Array typekind/rank: Real*8 / 2 
( 1, 8) =  522.221
--- ESMCI::Array::print end ---
~ local data in LocalArray for DE 3 ~
~ lower class' values ~
( 2, 8) =  622.221
DistGrid dimCount = 2
LocalArrayPrint: Array at address 0x12ce07470:
( 3, 8) =  722.221
            rank = 2, typekind = 6, base_addr = 0x600003cb42d0
deCount = 4
( 1, 9) =  523.456
( 2, 9) =  623.456
            dim[0] = 3  dim[1] = 10  
localDeCount = 1
  Real, *8, Dim 2, Data values:
~ local data in LocalArray for DE 0 ~
( 3, 9) =  723.456
( 1, 1) =  5.4321
LocalArrayPrint: Array at address 0x11670ac20:
( 1,10) =  524.69
            rank = 2, typekind = 6, base_addr = 0x6000033c0c30
( 2, 1) =  5.4321
( 2,10) =  624.69
            dim[0] = 3  dim[1] = 10  
( 3, 1) =  5.4321
( 3,10) =  724.69
  Real, *8, Dim 2, Data values:
( 1, 2) =  5.4321
dim 1: undistLBound[0]=1            undistUBound[0]=3
( 2, 2) =  5.4321
( 1, 1) =  513.58
dim 2: [0]: [1 [1 [1, 10] 10] 10]
( 3, 2) =  5.4321
( 2, 1) =  613.58
--- ESMCI::Array::print end ---
( 3, 1) =  713.58
( 1, 3) =  5.4321
( 2, 3) =  5.4321
( 3, 3) =  5.4321
( 1, 4) =  5.4321
( 1, 2) =  514.814
( 2, 2) =  614.814
  skipping to end ...
( 3, 2) =  714.814
( 3, 7) =  5.4321
( 1, 3) =  516.048
( 1, 8) =  5.4321
( 2, 3) =  616.048
( 2, 8) =  5.4321
( 3, 3) =  716.048
( 3, 8) =  5.4321
( 1, 4) =  517.283
  skipping to end ...
( 1, 9) =  5.4321
( 2, 9) =  5.4321
( 3, 7) =  720.986
( 3, 9) =  5.4321
( 1, 8) =  522.221
( 2, 8) =  622.221
( 1,10) =  5.4321
( 2,10) =  5.4321
( 3, 8) =  722.221
( 3,10) =  5.4321
( 1, 9) =  523.456
( 2, 9) =  623.456
dim 1: undistLBound[0]=1            undistUBound[0]=3
( 3, 9) =  723.456
dim 2: [0]: [1 [1 [1, 10] 10] 10]
--- ESMCI::Array::print end ---
( 1,10) =  524.69
( 2,10) =  624.69
( 3,10) =  724.69
dim 1: undistLBound[0]=1            undistUBound[0]=3
dim 2: [0]: [1 [1 [1, 10] 10] 10]
--- ESMCI::Array::print end ---
 localPet =            2 myFarray2D2:    0.0000000000000000        0.0000000000000000        0.0000000000000000        0.0000000000000000        0.0000000000000000        0.0000000000000000        0.0000000000000000        0.0000000000000000        0.0000000000000000        0.0000000000000000        0.0000000000000000        0.0000000000000000        0.0000000000000000        0.0000000000000000        0.0000000000000000        0.0000000000000000        0.0000000000000000        0.0000000000000000        0.0000000000000000        0.0000000000000000        0.0000000000000000        0.0000000000000000        0.0000000000000000        0.0000000000000000        0.0000000000000000        0.0000000000000000        0.0000000000000000        0.0000000000000000        0.0000000000000000        0.0000000000000000     
 localPet =            3 myFarray2D2:    0.0000000000000000        0.0000000000000000        0.0000000000000000        0.0000000000000000        0.0000000000000000        0.0000000000000000        0.0000000000000000        0.0000000000000000        0.0000000000000000        0.0000000000000000        0.0000000000000000        0.0000000000000000        0.0000000000000000        0.0000000000000000        0.0000000000000000        0.0000000000000000        0.0000000000000000        0.0000000000000000        0.0000000000000000        0.0000000000000000        0.0000000000000000        0.0000000000000000        0.0000000000000000        0.0000000000000000        0.0000000000000000        0.0000000000000000        0.0000000000000000        0.0000000000000000        0.0000000000000000        0.0000000000000000     
 localPet =            1 myFarray2D2:    0.0000000000000000        0.0000000000000000        0.0000000000000000        0.0000000000000000        0.0000000000000000        0.0000000000000000        0.0000000000000000        0.0000000000000000        0.0000000000000000        0.0000000000000000        0.0000000000000000        0.0000000000000000        0.0000000000000000        0.0000000000000000        0.0000000000000000        0.0000000000000000        0.0000000000000000        0.0000000000000000        0.0000000000000000        0.0000000000000000        0.0000000000000000        0.0000000000000000        0.0000000000000000        0.0000000000000000        0.0000000000000000        0.0000000000000000        0.0000000000000000        0.0000000000000000        0.0000000000000000        0.0000000000000000     
  PASS  Example ESMF_ArrayScatterGatherEx, ESMF_ArrayScatterGatherEx.F90, line 328
  PASS  Example ESMF_ArrayScatterGatherEx, ESMF_ArrayScatterGatherEx.F90, line 328
  PASS  Example ESMF_ArrayScatterGatherEx, ESMF_ArrayScatterGatherEx.F90, line 328
 localPet =            0 myFarray2D2:    5.4320998191833496        5.4320998191833496        5.4320998191833496        5.4320998191833496        5.4320998191833496        5.4320998191833496        5.4320998191833496        5.4320998191833496        5.4320998191833496        5.4320998191833496        5.4320998191833496        5.4320998191833496        5.4320998191833496        5.4320998191833496        5.4320998191833496        5.4320998191833496        5.4320998191833496        5.4320998191833496        5.4320998191833496        5.4320998191833496        5.4320998191833496        5.4320998191833496        5.4320998191833496        5.4320998191833496        5.4320998191833496        5.4320998191833496        5.4320998191833496        5.4320998191833496        5.4320998191833496        5.4320998191833496     
  PASS  Example ESMF_ArrayScatterGatherEx, ESMF_ArrayScatterGatherEx.F90, line 328
 PASS: ESMF_ArrayScatterGatherEx.F90
 PASS: ESMF_ArrayScatterGatherEx.F90
 PASS: ESMF_ArrayScatterGatherEx.F90
 PASS: ESMF_ArrayScatterGatherEx.F90
