2024-07-22 21:00:20
--- ESMCI::Array::print start ---
 Base name    = Array002
 Status: Base = Ready,  object = Ready
 Proxy        = no
 Root Info (Attributes):
--- ESMCI::Array::print start ---
 Base name    = Array002
 Status: Base = Ready,  object = Ready
 Proxy        = no
 Root Info (Attributes):
{}Array typekind/rank: Real*8 / 2 
~ lower class' values ~
--- ESMCI::Array::print start ---
 Base name    = Array002
 Status: Base = Ready,  object = Ready
 Proxy        = no
 Root Info (Attributes):
--- ESMCI::Array::print start ---
 Base name    = Array002
 Status: Base = Ready,  object = Ready
 Proxy        = no
 Root Info (Attributes):
{}Array typekind/rank: Real*8 / 2 
~ lower class' values ~
DistGrid dimCount = 2
deCount = 4
localDeCount = 1
DistGrid dimCount = 2
deCount = 4
localDeCount = 1
~ local data in LocalArray for DE 3 ~
~ local data in LocalArray for DE 0 ~
LocalArrayPrint: Array at address 0x137709c40:
LocalArrayPrint: Array at address 0x12be051c0:
{}Array typekind/rank: Real*8 / 2 
{}Array typekind/rank: Real*8 / 2 
            rank = 2, typekind = 6, base_addr = 0x12c008e00
            dim[0] = 14  dim[1] = 14  
  Real, *8, Dim 2, Data values:
            rank = 2, typekind = 6, base_addr = 0x14001b000
            dim[0] = 14  dim[1] = 14  
  Real, *8, Dim 2, Data values:
~ lower class' values ~
~ lower class' values ~
DistGrid dimCount = 2
DistGrid dimCount = 2
(-1,-1) =  36.71
( 0,-1) =  36.71
(-1,-1) =  36.71
( 0,-1) =  36.71
deCount = 4
localDeCount = 1
deCount = 4
localDeCount = 1
( 1,-1) =  36.71
( 2,-1) =  36.71
( 1,-1) =  36.71
~ local data in LocalArray for DE 1 ~
LocalArrayPrint: Array at address 0x133f19ed0:
( 3,-1) =  36.71
( 4,-1) =  36.71
~ local data in LocalArray for DE 2 ~
LocalArrayPrint: Array at address 0x152f0d280:
( 2,-1) =  36.71
( 3,-1) =  36.71
            rank = 2, typekind = 6, base_addr = 0x134823000
            dim[0] = 14  dim[1] = 14  
( 5,-1) =  36.71
( 6,-1) =  36.71
            rank = 2, typekind = 6, base_addr = 0x15381d400
            dim[0] = 14  dim[1] = 14  
( 4,-1) =  36.71
( 5,-1) =  36.71
( 7,-1) =  36.71
  Real, *8, Dim 2, Data values:
  Real, *8, Dim 2, Data values:
( 8,-1) =  36.71
( 6,-1) =  36.71
(-1,-1) =  36.71
(-1,-1) =  36.71
  skipping to end ...
( 7,-1) =  36.71
( 0,-1) =  36.71
( 0,-1) =  36.71
( 8,-1) =  36.71
( 1,-1) =  36.71
( 2,-1) =  36.71
( 1,-1) =  36.71
( 2,-1) =  36.71
  skipping to end ...
( 3,12) =  36.71
( 3,12) =  36.71
( 3,-1) =  36.71
( 4,-1) =  36.71
( 4,12) =  36.71
( 5,12) =  36.71
( 3,-1) =  36.71
( 4,-1) =  36.71
( 4,12) =  36.71
( 5,12) =  36.71
( 5,-1) =  36.71
( 6,12) =  36.71
( 5,-1) =  36.71
( 6,12) =  36.71
( 6,-1) =  36.71
( 7,12) =  36.71
( 6,-1) =  36.71
( 7,-1) =  36.71
( 7,12) =  36.71
( 8,12) =  36.71
( 7,-1) =  36.71
( 8,12) =  36.71
( 9,12) =  36.71
( 8,-1) =  36.71
  skipping to end ...
( 8,-1) =  36.71
  skipping to end ...
( 9,12) =  36.71
(10,12) =  36.71
(10,12) =  36.71
(11,12) =  36.71
( 3,12) =  36.71
(11,12) =  36.71
( 3,12) =  36.71
(12,12) =  36.71
dim 1: [0]: [-1 [1 [1, 10] 10] 12]
(12,12) =  36.71
dim 1: [0]: [-1 [1 [1, 10] 10] 12]
( 4,12) =  36.71
( 5,12) =  36.71
( 4,12) =  36.71
( 5,12) =  36.71
( 6,12) =  36.71
dim 2: [1]: [-1 [1 [1, 10] 10] 12]
--- ESMCI::Array::print end ---
dim 2: [1]: [-1 [1 [1, 10] 10] 12]
( 6,12) =  36.71
( 7,12) =  36.71
( 7,12) =  36.71
--- ESMCI::Array::print end ---
( 8,12) =  36.71
( 9,12) =  36.71
(10,12) =  36.71
( 8,12) =  36.71
( 9,12) =  36.71
 localSum=   3671.0000000000027     
 localSum=   3671.0000000000027     
  PASS  Example ESMF_ArrayFarrayHaloEx, ESMF_ArrayFarrayHaloEx.F90, line 177
(10,12) =  36.71
(11,12) =  36.71
(11,12) =  36.71
(12,12) =  36.71
  PASS  Example ESMF_ArrayFarrayHaloEx, ESMF_ArrayFarrayHaloEx.F90, line 177
dim 1: [0]: [-1 [1 [1, 10] 10] 12]
dim 2: [1]: [-1 [1 [1, 10] 10] 12]
--- ESMCI::Array::print end ---
(12,12) =  36.71
dim 1: [0]: [-1 [1 [1, 10] 10] 12]
dim 2: [1]: [-1 [1 [1, 10] 10] 12]
--- ESMCI::Array::print end ---
 localSum=   3671.0000000000027     
 localSum=   3671.0000000000027     
  PASS  Example ESMF_ArrayFarrayHaloEx, ESMF_ArrayFarrayHaloEx.F90, line 177
  PASS  Example ESMF_ArrayFarrayHaloEx, ESMF_ArrayFarrayHaloEx.F90, line 177
 PASS: ESMF_ArrayFarrayHaloEx.F90
 PASS: ESMF_ArrayFarrayHaloEx.F90
 PASS: ESMF_ArrayFarrayHaloEx.F90
 PASS: ESMF_ArrayFarrayHaloEx.F90
