2024-06-02 01:46:38
20240602 021539.573 INFO             PET0 !!!!!!!!!!!!!!!!!!!!!!!!!!!!!!!!!!!!!!!!!!!!!!!!!!!!!!
20240602 021539.573 INFO             PET0 !!! THE ESMF_LOG IS SET TO OUTPUT ALL LOG MESSAGES !!!
20240602 021539.573 INFO             PET0 !!!     THIS MAY CAUSE SLOWDOWN IN PERFORMANCE     !!!
20240602 021539.573 INFO             PET0 !!! FOR PRODUCTION RUNS, USE:                      !!!
20240602 021539.573 INFO             PET0 !!!                   ESMF_LOGKIND_Multi_On_Error  !!!
20240602 021539.573 INFO             PET0 !!!!!!!!!!!!!!!!!!!!!!!!!!!!!!!!!!!!!!!!!!!!!!!!!!!!!!
20240602 021539.573 INFO             PET0 Running with ESMF Version   : v8.7.0b06-37-g31f880616f
20240602 021539.573 INFO             PET0 ESMF library build date/time: "Jun  2 2024" "01:44:27"
20240602 021539.573 INFO             PET0 ESMF library build location : /scratch/cluster/theurich/ESMF-Nightly-Testing/nag_7.0_mpiuni_O_develop/esmf
20240602 021539.573 INFO             PET0 ESMF_COMM                   : mpiuni
20240602 021539.573 INFO             PET0 ESMF_MOAB                   : enabled
20240602 021539.573 INFO             PET0 ESMF_LAPACK                 : enabled
20240602 021539.574 INFO             PET0 ESMF_NETCDF                 : enabled
20240602 021539.574 INFO             PET0 ESMF_PNETCDF                : disabled
20240602 021539.574 INFO             PET0 ESMF_PIO                    : disabled
20240602 021539.574 INFO             PET0 ESMF_YAMLCPP                : enabled
20240602 021539.576 INFO             PET0  NUMBER_OF_PROCESSORS 1
20240602 021539.576 INFO             PET0  PASS  Example ESMF_AttachMethodsEx, ESMF_AttachMethodsEx.F90, line 292
20240602 021539.576 INFO             PET0  Finalizing ESMF
