2024-07-21 01:45:23
20240721 021436.285 INFO             PET0 !!!!!!!!!!!!!!!!!!!!!!!!!!!!!!!!!!!!!!!!!!!!!!!!!!!!!!
20240721 021436.285 INFO             PET0 !!! THE ESMF_LOG IS SET TO OUTPUT ALL LOG MESSAGES !!!
20240721 021436.285 INFO             PET0 !!!     THIS MAY CAUSE SLOWDOWN IN PERFORMANCE     !!!
20240721 021436.285 INFO             PET0 !!! FOR PRODUCTION RUNS, USE:                      !!!
20240721 021436.285 INFO             PET0 !!!                   ESMF_LOGKIND_Multi_On_Error  !!!
20240721 021436.285 INFO             PET0 !!!!!!!!!!!!!!!!!!!!!!!!!!!!!!!!!!!!!!!!!!!!!!!!!!!!!!
20240721 021436.285 INFO             PET0 Running with ESMF Version   : v8.7.0b09
20240721 021436.285 INFO             PET0 ESMF library build date/time: "Jul 21 2024" "01:42:38"
20240721 021436.285 INFO             PET0 ESMF library build location : /scratch/cluster/theurich/ESMF-Nightly-Testing/nag_7.0_mpiuni_O_develop/esmf
20240721 021436.285 INFO             PET0 ESMF_COMM                   : mpiuni
20240721 021436.285 INFO             PET0 ESMF_MOAB                   : enabled
20240721 021436.285 INFO             PET0 ESMF_LAPACK                 : enabled
20240721 021436.285 INFO             PET0 ESMF_NETCDF                 : enabled
20240721 021436.285 INFO             PET0 ESMF_PNETCDF                : disabled
20240721 021436.285 INFO             PET0 ESMF_PIO                    : enabled
20240721 021436.286 INFO             PET0 ESMF_YAMLCPP                : enabled
20240721 021436.304 INFO             PET0  NUMBER_OF_PROCESSORS 1
20240721 021436.304 INFO             PET0  PASS  Example ESMF_StateReadWriteEx, ESMF_StateReadWriteEx.F90, line 185
20240721 021436.304 INFO             PET0  Finalizing ESMF
