2024-07-01 01:42:49
20240701 021312.234 INFO             PET0 !!!!!!!!!!!!!!!!!!!!!!!!!!!!!!!!!!!!!!!!!!!!!!!!!!!!!!
20240701 021312.234 INFO             PET0 !!! THE ESMF_LOG IS SET TO OUTPUT ALL LOG MESSAGES !!!
20240701 021312.234 INFO             PET0 !!!     THIS MAY CAUSE SLOWDOWN IN PERFORMANCE     !!!
20240701 021312.234 INFO             PET0 !!! FOR PRODUCTION RUNS, USE:                      !!!
20240701 021312.234 INFO             PET0 !!!                   ESMF_LOGKIND_Multi_On_Error  !!!
20240701 021312.234 INFO             PET0 !!!!!!!!!!!!!!!!!!!!!!!!!!!!!!!!!!!!!!!!!!!!!!!!!!!!!!
20240701 021312.234 INFO             PET0 Running with ESMF Version   : v8.7.0b07-20-g1e77226def
20240701 021312.234 INFO             PET0 ESMF library build date/time: "Jul  1 2024" "01:40:17"
20240701 021312.234 INFO             PET0 ESMF library build location : /scratch/cluster/theurich/ESMF-Nightly-Testing/nag_7.0_mpiuni_O_develop/esmf
20240701 021312.234 INFO             PET0 ESMF_COMM                   : mpiuni
20240701 021312.235 INFO             PET0 ESMF_MOAB                   : enabled
20240701 021312.235 INFO             PET0 ESMF_LAPACK                 : enabled
20240701 021312.235 INFO             PET0 ESMF_NETCDF                 : enabled
20240701 021312.235 INFO             PET0 ESMF_PNETCDF                : disabled
20240701 021312.235 INFO             PET0 ESMF_PIO                    : enabled
20240701 021312.235 INFO             PET0 ESMF_YAMLCPP                : enabled
20240701 021312.356 DEBUG            PET0 about to destroy Grid: 0x1d612e0
20240701 021312.373 DEBUG            PET0 about to destroy Grid: 0x1d638c0
20240701 021312.414 INFO             PET0  NUMBER_OF_PROCESSORS 1
20240701 021312.414 INFO             PET0  PASS  Example ESMF_NUOPCAtmModelEx, ESMF_NUOPCAtmModelEx.F90, line 806
20240701 021312.414 INFO             PET0  Finalizing ESMF
