2024-07-23 01:45:37
20240723 021112.710 INFO             PET0 !!!!!!!!!!!!!!!!!!!!!!!!!!!!!!!!!!!!!!!!!!!!!!!!!!!!!!
20240723 021112.710 INFO             PET0 !!! THE ESMF_LOG IS SET TO OUTPUT ALL LOG MESSAGES !!!
20240723 021112.710 INFO             PET0 !!!     THIS MAY CAUSE SLOWDOWN IN PERFORMANCE     !!!
20240723 021112.710 INFO             PET0 !!! FOR PRODUCTION RUNS, USE:                      !!!
20240723 021112.710 INFO             PET0 !!!                   ESMF_LOGKIND_Multi_On_Error  !!!
20240723 021112.710 INFO             PET0 !!!!!!!!!!!!!!!!!!!!!!!!!!!!!!!!!!!!!!!!!!!!!!!!!!!!!!
20240723 021112.710 INFO             PET0 Running with ESMF Version   : v8.7.0b09-4-g1506816bee
20240723 021112.710 INFO             PET0 ESMF library build date/time: "Jul 23 2024" "01:44:38"
20240723 021112.710 INFO             PET0 ESMF library build location : /scratch/cluster/theurich/ESMF-Nightly-Testing/gfortran_9.3.0_mpiuni_O_feature_numa/esmf
20240723 021112.710 INFO             PET0 ESMF_COMM                   : mpiuni
20240723 021112.710 INFO             PET0 ESMF_MOAB                   : enabled
20240723 021112.710 INFO             PET0 ESMF_LAPACK                 : enabled
20240723 021112.710 INFO             PET0 ESMF_NETCDF                 : enabled
20240723 021112.710 INFO             PET0 ESMF_PNETCDF                : disabled
20240723 021112.710 INFO             PET0 ESMF_PIO                    : enabled
20240723 021112.710 INFO             PET0 ESMF_YAMLCPP                : enabled
20240723 021112.710 INFO             PET0 Log Write 2
20240723 021112.710 ERROR            PET0 Invalid object  - Convergence failure
20240723 021112.711 ERROR            PET0 ESMCI_Time.C:866 ESMCI::Time::syncToRealTime() Wrong argument specified  - ; calkindflag is NOCALENDAR. Only GREGORIAN and JULIAN are supported when syncing to real time.
20240723 021112.711 ERROR            PET0 ESMF_Time.F90:1485 ESMF_TimeSyncToRealTime() Wrong argument specified  - Internal subroutine call returned Error
20240723 021112.711 ERROR            PET0 Wrong argument specified  - getting wall clock time
20240723 021112.714 INFO             PET0  NUMBER_OF_PROCESSORS           1
20240723 021112.714 INFO             PET0  PASS  Example ESMF_LogErrEx, ESMF_LogErrEx.F90, line 186
20240723 021112.714 INFO             PET0  Finalizing ESMF
