2024-07-26 21:48:48
20240726 222326.291 INFO             PET0 !!!!!!!!!!!!!!!!!!!!!!!!!!!!!!!!!!!!!!!!!!!!!!!!!!!!!!
20240726 222326.291 INFO             PET0 !!! THE ESMF_LOG IS SET TO OUTPUT ALL LOG MESSAGES !!!
20240726 222326.291 INFO             PET0 !!!     THIS MAY CAUSE SLOWDOWN IN PERFORMANCE     !!!
20240726 222326.291 INFO             PET0 !!! FOR PRODUCTION RUNS, USE:                      !!!
20240726 222326.291 INFO             PET0 !!!                   ESMF_LOGKIND_Multi_On_Error  !!!
20240726 222326.291 INFO             PET0 !!!!!!!!!!!!!!!!!!!!!!!!!!!!!!!!!!!!!!!!!!!!!!!!!!!!!!
20240726 222326.291 INFO             PET0 Running with ESMF Version   : v8.7.0b09-28-g366ef994ec
20240726 222326.291 INFO             PET0 ESMF library build date/time: "Jul 26 2024" "21:46:22"
20240726 222326.291 INFO             PET0 ESMF library build location : /home/gerhard/ESMF-Nightly-Testing/aocc_4.1.0_mpiuni_g_develop/esmf
20240726 222326.291 INFO             PET0 ESMF_COMM                   : mpiuni
20240726 222326.292 INFO             PET0 ESMF_MOAB                   : enabled
20240726 222326.292 INFO             PET0 ESMF_LAPACK                 : enabled
20240726 222326.292 INFO             PET0 ESMF_NETCDF                 : disabled
20240726 222326.292 INFO             PET0 ESMF_PNETCDF                : disabled
20240726 222326.292 INFO             PET0 ESMF_PIO                    : disabled
20240726 222326.292 INFO             PET0 ESMF_YAMLCPP                : enabled
20240726 222326.292 INFO             PET0  NUMBER_OF_PROCESSORS            1
20240726 222326.292 INFO             PET0  PASS  Example ESMF_StateEx, ESMF_StateEx.F90, line 237
20240726 222326.292 INFO             PET0  Finalizing ESMF
