2024-05-16 23:59:40
20240517 003254.507 INFO             PET0 !!!!!!!!!!!!!!!!!!!!!!!!!!!!!!!!!!!!!!!!!!!!!!!!!!!!!!
20240517 003254.507 INFO             PET0 !!! THE ESMF_LOG IS SET TO OUTPUT ALL LOG MESSAGES !!!
20240517 003254.507 INFO             PET0 !!!     THIS MAY CAUSE SLOWDOWN IN PERFORMANCE     !!!
20240517 003254.507 INFO             PET0 !!! FOR PRODUCTION RUNS, USE:                      !!!
20240517 003254.507 INFO             PET0 !!!                   ESMF_LOGKIND_Multi_On_Error  !!!
20240517 003254.507 INFO             PET0 !!!!!!!!!!!!!!!!!!!!!!!!!!!!!!!!!!!!!!!!!!!!!!!!!!!!!!
20240517 003254.507 INFO             PET0 Running with ESMF Version   : v8.7.0b05-82-gd3465958ff
20240517 003254.507 INFO             PET0 ESMF library build date/time: "May 16 2024" "23:57:18"
20240517 003254.507 INFO             PET0 ESMF library build location : /home/gerhard/ESMF-Nightly-Testing/aocc_4.1.0_mpiuni_g_develop/esmf
20240517 003254.507 INFO             PET0 ESMF_COMM                   : mpiuni
20240517 003254.507 INFO             PET0 ESMF_MOAB                   : enabled
20240517 003254.507 INFO             PET0 ESMF_LAPACK                 : enabled
20240517 003254.507 INFO             PET0 ESMF_NETCDF                 : disabled
20240517 003254.507 INFO             PET0 ESMF_PNETCDF                : disabled
20240517 003254.507 INFO             PET0 ESMF_PIO                    : disabled
20240517 003254.507 INFO             PET0 ESMF_YAMLCPP                : enabled
20240517 003254.518 INFO             PET0  NUMBER_OF_PROCESSORS            1
20240517 003254.518 INFO             PET0  PASS  Example ESMF_LocStreamEx, ESMF_LocStreamEx.F90, line 784
20240517 003254.518 INFO             PET0  Finalizing ESMF
