2024-08-02 23:20:18
20240802 235501.034 INFO             PET0 !!!!!!!!!!!!!!!!!!!!!!!!!!!!!!!!!!!!!!!!!!!!!!!!!!!!!!
20240802 235501.034 INFO             PET0 !!! THE ESMF_LOG IS SET TO OUTPUT ALL LOG MESSAGES !!!
20240802 235501.034 INFO             PET0 !!!     THIS MAY CAUSE SLOWDOWN IN PERFORMANCE     !!!
20240802 235501.034 INFO             PET0 !!! FOR PRODUCTION RUNS, USE:                      !!!
20240802 235501.034 INFO             PET0 !!!                   ESMF_LOGKIND_Multi_On_Error  !!!
20240802 235501.034 INFO             PET0 !!!!!!!!!!!!!!!!!!!!!!!!!!!!!!!!!!!!!!!!!!!!!!!!!!!!!!
20240802 235501.034 INFO             PET0 Running with ESMF Version   : v8.7.0b10-45-g7b36ed9d21
20240802 235501.034 INFO             PET0 ESMF library build date/time: "Aug  2 2024" "23:17:52"
20240802 235501.034 INFO             PET0 ESMF library build location : /home/gerhard/ESMF-Nightly-Testing/aocc_4.1.0_mpiuni_g_develop/esmf
20240802 235501.034 INFO             PET0 ESMF_COMM                   : mpiuni
20240802 235501.034 INFO             PET0 ESMF_MOAB                   : enabled
20240802 235501.034 INFO             PET0 ESMF_LAPACK                 : enabled
20240802 235501.034 INFO             PET0 ESMF_NETCDF                 : disabled
20240802 235501.034 INFO             PET0 ESMF_PNETCDF                : disabled
20240802 235501.034 INFO             PET0 ESMF_PIO                    : disabled
20240802 235501.034 INFO             PET0 ESMF_YAMLCPP                : enabled
20240802 235501.035 INFO             PET0 ESMF Tracing Enabled
20240802 235501.035 INFO             PET0 ESMF Profiling Enabled
20240802 235501.035 INFO             PET0 ESMF Trace/Profile clock: REALTIME
20240802 235501.035 INFO             PET0  NUMBER_OF_PROCESSORS            1
20240802 235501.035 INFO             PET0  PASS  Example ESMF_TraceEx, ESMF_TraceEx.F90, line 178
20240802 235501.035 INFO             PET0  Finalizing ESMF
20240802 235501.035 INFO             PET0 **************** Region Timings *******************
20240802 235501.035 INFO             PET0 Region              Count  Total (s)   Self (s)    Mean (s)    Min (s)     Max (s)
20240802 235501.035 INFO             PET0   [ESMF]            1      0.0006      0.0006      0.0006      0.0006      0.0006
20240802 235501.035 INFO             PET0     [test] Run 1    5      0.0000      0.0000      0.0000      0.0000      0.0000
20240802 235501.035 INFO             PET0     [test] Init 1   1      0.0000      0.0000      0.0000      0.0000      0.0000
20240802 235501.035 INFO             PET0     [test] Final 1  1      0.0000      0.0000      0.0000      0.0000      0.0000
