2024-06-11 07:36:48
20240611 080858.825 INFO             PET0 !!!!!!!!!!!!!!!!!!!!!!!!!!!!!!!!!!!!!!!!!!!!!!!!!!!!!!
20240611 080858.825 INFO             PET0 !!! THE ESMF_LOG IS SET TO OUTPUT ALL LOG MESSAGES !!!
20240611 080858.825 INFO             PET0 !!!     THIS MAY CAUSE SLOWDOWN IN PERFORMANCE     !!!
20240611 080858.825 INFO             PET0 !!! FOR PRODUCTION RUNS, USE:                      !!!
20240611 080858.825 INFO             PET0 !!!                   ESMF_LOGKIND_Multi_On_Error  !!!
20240611 080858.825 INFO             PET0 !!!!!!!!!!!!!!!!!!!!!!!!!!!!!!!!!!!!!!!!!!!!!!!!!!!!!!
20240611 080858.825 INFO             PET0 Running with ESMF Version   : v8.7.0b07
20240611 080858.825 INFO             PET0 ESMF library build date/time: "Jun 11 2024" "07:33:53"
20240611 080858.825 INFO             PET0 ESMF library build location : /scratch2/NCEPDEV/stmp1/Gerhard.Theurich/ESMF-Nightly-Testing/gfortran_13.2.0_openmpi_O_develop/esmf
20240611 080858.825 INFO             PET0 ESMF_COMM                   : openmpi
20240611 080858.826 INFO             PET0 ESMF_MOAB                   : enabled
20240611 080858.826 INFO             PET0 ESMF_LAPACK                 : enabled
20240611 080858.826 INFO             PET0 ESMF_NETCDF                 : disabled
20240611 080858.826 INFO             PET0 ESMF_PNETCDF                : disabled
20240611 080858.826 INFO             PET0 ESMF_PIO                    : disabled
20240611 080858.826 INFO             PET0 ESMF_YAMLCPP                : enabled
20240611 080858.858 INFO             PET0  NUMBER_OF_PROCESSORS           4
20240611 080858.868 INFO             PET0  PASS  Example ESMF_DistGridEx, ESMF_DistGridEx.F90, line 1902
20240611 080858.869 INFO             PET0  Finalizing ESMF
20240611 080858.767 INFO             PET1 !!!!!!!!!!!!!!!!!!!!!!!!!!!!!!!!!!!!!!!!!!!!!!!!!!!!!!
20240611 080858.768 INFO             PET1 !!! THE ESMF_LOG IS SET TO OUTPUT ALL LOG MESSAGES !!!
20240611 080858.768 INFO             PET1 !!!     THIS MAY CAUSE SLOWDOWN IN PERFORMANCE     !!!
20240611 080858.769 INFO             PET1 !!! FOR PRODUCTION RUNS, USE:                      !!!
20240611 080858.769 INFO             PET1 !!!                   ESMF_LOGKIND_Multi_On_Error  !!!
20240611 080858.769 INFO             PET1 !!!!!!!!!!!!!!!!!!!!!!!!!!!!!!!!!!!!!!!!!!!!!!!!!!!!!!
20240611 080858.769 INFO             PET1 Running with ESMF Version   : v8.7.0b07
20240611 080858.771 INFO             PET1 ESMF library build date/time: "Jun 11 2024" "07:33:53"
20240611 080858.771 INFO             PET1 ESMF library build location : /scratch2/NCEPDEV/stmp1/Gerhard.Theurich/ESMF-Nightly-Testing/gfortran_13.2.0_openmpi_O_develop/esmf
20240611 080858.771 INFO             PET1 ESMF_COMM                   : openmpi
20240611 080858.787 INFO             PET1 ESMF_MOAB                   : enabled
20240611 080858.787 INFO             PET1 ESMF_LAPACK                 : enabled
20240611 080858.787 INFO             PET1 ESMF_NETCDF                 : disabled
20240611 080858.787 INFO             PET1 ESMF_PNETCDF                : disabled
20240611 080858.787 INFO             PET1 ESMF_PIO                    : disabled
20240611 080858.787 INFO             PET1 ESMF_YAMLCPP                : enabled
20240611 080858.858 INFO             PET1  NUMBER_OF_PROCESSORS           4
20240611 080858.868 INFO             PET1  PASS  Example ESMF_DistGridEx, ESMF_DistGridEx.F90, line 1902
20240611 080858.869 INFO             PET1  Finalizing ESMF
20240611 080858.767 INFO             PET2 !!!!!!!!!!!!!!!!!!!!!!!!!!!!!!!!!!!!!!!!!!!!!!!!!!!!!!
20240611 080858.768 INFO             PET2 !!! THE ESMF_LOG IS SET TO OUTPUT ALL LOG MESSAGES !!!
20240611 080858.768 INFO             PET2 !!!     THIS MAY CAUSE SLOWDOWN IN PERFORMANCE     !!!
20240611 080858.768 INFO             PET2 !!! FOR PRODUCTION RUNS, USE:                      !!!
20240611 080858.768 INFO             PET2 !!!                   ESMF_LOGKIND_Multi_On_Error  !!!
20240611 080858.768 INFO             PET2 !!!!!!!!!!!!!!!!!!!!!!!!!!!!!!!!!!!!!!!!!!!!!!!!!!!!!!
20240611 080858.768 INFO             PET2 Running with ESMF Version   : v8.7.0b07
20240611 080858.771 INFO             PET2 ESMF library build date/time: "Jun 11 2024" "07:33:53"
20240611 080858.771 INFO             PET2 ESMF library build location : /scratch2/NCEPDEV/stmp1/Gerhard.Theurich/ESMF-Nightly-Testing/gfortran_13.2.0_openmpi_O_develop/esmf
20240611 080858.771 INFO             PET2 ESMF_COMM                   : openmpi
20240611 080858.786 INFO             PET2 ESMF_MOAB                   : enabled
20240611 080858.786 INFO             PET2 ESMF_LAPACK                 : enabled
20240611 080858.786 INFO             PET2 ESMF_NETCDF                 : disabled
20240611 080858.786 INFO             PET2 ESMF_PNETCDF                : disabled
20240611 080858.786 INFO             PET2 ESMF_PIO                    : disabled
20240611 080858.786 INFO             PET2 ESMF_YAMLCPP                : enabled
20240611 080858.858 INFO             PET2  NUMBER_OF_PROCESSORS           4
20240611 080858.868 INFO             PET2  PASS  Example ESMF_DistGridEx, ESMF_DistGridEx.F90, line 1902
20240611 080858.869 INFO             PET2  Finalizing ESMF
20240611 080858.768 INFO             PET3 !!!!!!!!!!!!!!!!!!!!!!!!!!!!!!!!!!!!!!!!!!!!!!!!!!!!!!
20240611 080858.768 INFO             PET3 !!! THE ESMF_LOG IS SET TO OUTPUT ALL LOG MESSAGES !!!
20240611 080858.769 INFO             PET3 !!!     THIS MAY CAUSE SLOWDOWN IN PERFORMANCE     !!!
20240611 080858.769 INFO             PET3 !!! FOR PRODUCTION RUNS, USE:                      !!!
20240611 080858.769 INFO             PET3 !!!                   ESMF_LOGKIND_Multi_On_Error  !!!
20240611 080858.769 INFO             PET3 !!!!!!!!!!!!!!!!!!!!!!!!!!!!!!!!!!!!!!!!!!!!!!!!!!!!!!
20240611 080858.769 INFO             PET3 Running with ESMF Version   : v8.7.0b07
20240611 080858.771 INFO             PET3 ESMF library build date/time: "Jun 11 2024" "07:33:53"
20240611 080858.771 INFO             PET3 ESMF library build location : /scratch2/NCEPDEV/stmp1/Gerhard.Theurich/ESMF-Nightly-Testing/gfortran_13.2.0_openmpi_O_develop/esmf
20240611 080858.771 INFO             PET3 ESMF_COMM                   : openmpi
20240611 080858.786 INFO             PET3 ESMF_MOAB                   : enabled
20240611 080858.786 INFO             PET3 ESMF_LAPACK                 : enabled
20240611 080858.786 INFO             PET3 ESMF_NETCDF                 : disabled
20240611 080858.786 INFO             PET3 ESMF_PNETCDF                : disabled
20240611 080858.786 INFO             PET3 ESMF_PIO                    : disabled
20240611 080858.786 INFO             PET3 ESMF_YAMLCPP                : enabled
20240611 080858.858 INFO             PET3  NUMBER_OF_PROCESSORS           4
20240611 080858.868 INFO             PET3  PASS  Example ESMF_DistGridEx, ESMF_DistGridEx.F90, line 1902
20240611 080858.869 INFO             PET3  Finalizing ESMF
