2024-07-16 07:29:46
20240716 080250.135 INFO             PET0 !!!!!!!!!!!!!!!!!!!!!!!!!!!!!!!!!!!!!!!!!!!!!!!!!!!!!!
20240716 080250.135 INFO             PET0 !!! THE ESMF_LOG IS SET TO OUTPUT ALL LOG MESSAGES !!!
20240716 080250.135 INFO             PET0 !!!     THIS MAY CAUSE SLOWDOWN IN PERFORMANCE     !!!
20240716 080250.135 INFO             PET0 !!! FOR PRODUCTION RUNS, USE:                      !!!
20240716 080250.135 INFO             PET0 !!!                   ESMF_LOGKIND_Multi_On_Error  !!!
20240716 080250.135 INFO             PET0 !!!!!!!!!!!!!!!!!!!!!!!!!!!!!!!!!!!!!!!!!!!!!!!!!!!!!!
20240716 080250.135 INFO             PET0 Running with ESMF Version   : v8.7.0b08-15-g7133ea3e40
20240716 080250.135 INFO             PET0 ESMF library build date/time: "Jul 16 2024" "07:27:21"
20240716 080250.135 INFO             PET0 ESMF library build location : /scratch2/NCEPDEV/stmp1/Gerhard.Theurich/ESMF-Nightly-Testing/gfortran_13.2.0_openmpi_O_develop/esmf
20240716 080250.135 INFO             PET0 ESMF_COMM                   : openmpi
20240716 080250.136 INFO             PET0 ESMF_MOAB                   : enabled
20240716 080250.136 INFO             PET0 ESMF_LAPACK                 : enabled
20240716 080250.136 INFO             PET0 ESMF_NETCDF                 : disabled
20240716 080250.136 INFO             PET0 ESMF_PNETCDF                : disabled
20240716 080250.136 INFO             PET0 ESMF_PIO                    : disabled
20240716 080250.136 INFO             PET0 ESMF_YAMLCPP                : enabled
20240716 080250.182 INFO             PET0  NUMBER_OF_PROCESSORS           4
20240716 080250.182 INFO             PET0  PASS  Example ESMF_FieldRegridMaskEx, ESMF_FieldRegridMaskEx.F90, line 370
20240716 080250.182 INFO             PET0  Finalizing ESMF
20240716 080250.136 INFO             PET1 !!!!!!!!!!!!!!!!!!!!!!!!!!!!!!!!!!!!!!!!!!!!!!!!!!!!!!
20240716 080250.136 INFO             PET1 !!! THE ESMF_LOG IS SET TO OUTPUT ALL LOG MESSAGES !!!
20240716 080250.136 INFO             PET1 !!!     THIS MAY CAUSE SLOWDOWN IN PERFORMANCE     !!!
20240716 080250.136 INFO             PET1 !!! FOR PRODUCTION RUNS, USE:                      !!!
20240716 080250.136 INFO             PET1 !!!                   ESMF_LOGKIND_Multi_On_Error  !!!
20240716 080250.136 INFO             PET1 !!!!!!!!!!!!!!!!!!!!!!!!!!!!!!!!!!!!!!!!!!!!!!!!!!!!!!
20240716 080250.136 INFO             PET1 Running with ESMF Version   : v8.7.0b08-15-g7133ea3e40
20240716 080250.136 INFO             PET1 ESMF library build date/time: "Jul 16 2024" "07:27:21"
20240716 080250.136 INFO             PET1 ESMF library build location : /scratch2/NCEPDEV/stmp1/Gerhard.Theurich/ESMF-Nightly-Testing/gfortran_13.2.0_openmpi_O_develop/esmf
20240716 080250.136 INFO             PET1 ESMF_COMM                   : openmpi
20240716 080250.136 INFO             PET1 ESMF_MOAB                   : enabled
20240716 080250.136 INFO             PET1 ESMF_LAPACK                 : enabled
20240716 080250.136 INFO             PET1 ESMF_NETCDF                 : disabled
20240716 080250.136 INFO             PET1 ESMF_PNETCDF                : disabled
20240716 080250.136 INFO             PET1 ESMF_PIO                    : disabled
20240716 080250.136 INFO             PET1 ESMF_YAMLCPP                : enabled
20240716 080250.182 INFO             PET1  NUMBER_OF_PROCESSORS           4
20240716 080250.182 INFO             PET1  PASS  Example ESMF_FieldRegridMaskEx, ESMF_FieldRegridMaskEx.F90, line 370
20240716 080250.182 INFO             PET1  Finalizing ESMF
20240716 080250.135 INFO             PET2 !!!!!!!!!!!!!!!!!!!!!!!!!!!!!!!!!!!!!!!!!!!!!!!!!!!!!!
20240716 080250.135 INFO             PET2 !!! THE ESMF_LOG IS SET TO OUTPUT ALL LOG MESSAGES !!!
20240716 080250.135 INFO             PET2 !!!     THIS MAY CAUSE SLOWDOWN IN PERFORMANCE     !!!
20240716 080250.135 INFO             PET2 !!! FOR PRODUCTION RUNS, USE:                      !!!
20240716 080250.135 INFO             PET2 !!!                   ESMF_LOGKIND_Multi_On_Error  !!!
20240716 080250.135 INFO             PET2 !!!!!!!!!!!!!!!!!!!!!!!!!!!!!!!!!!!!!!!!!!!!!!!!!!!!!!
20240716 080250.135 INFO             PET2 Running with ESMF Version   : v8.7.0b08-15-g7133ea3e40
20240716 080250.135 INFO             PET2 ESMF library build date/time: "Jul 16 2024" "07:27:21"
20240716 080250.135 INFO             PET2 ESMF library build location : /scratch2/NCEPDEV/stmp1/Gerhard.Theurich/ESMF-Nightly-Testing/gfortran_13.2.0_openmpi_O_develop/esmf
20240716 080250.135 INFO             PET2 ESMF_COMM                   : openmpi
20240716 080250.136 INFO             PET2 ESMF_MOAB                   : enabled
20240716 080250.136 INFO             PET2 ESMF_LAPACK                 : enabled
20240716 080250.136 INFO             PET2 ESMF_NETCDF                 : disabled
20240716 080250.136 INFO             PET2 ESMF_PNETCDF                : disabled
20240716 080250.136 INFO             PET2 ESMF_PIO                    : disabled
20240716 080250.136 INFO             PET2 ESMF_YAMLCPP                : enabled
20240716 080250.182 INFO             PET2  NUMBER_OF_PROCESSORS           4
20240716 080250.182 INFO             PET2  PASS  Example ESMF_FieldRegridMaskEx, ESMF_FieldRegridMaskEx.F90, line 370
20240716 080250.182 INFO             PET2  Finalizing ESMF
20240716 080250.136 INFO             PET3 !!!!!!!!!!!!!!!!!!!!!!!!!!!!!!!!!!!!!!!!!!!!!!!!!!!!!!
20240716 080250.136 INFO             PET3 !!! THE ESMF_LOG IS SET TO OUTPUT ALL LOG MESSAGES !!!
20240716 080250.136 INFO             PET3 !!!     THIS MAY CAUSE SLOWDOWN IN PERFORMANCE     !!!
20240716 080250.136 INFO             PET3 !!! FOR PRODUCTION RUNS, USE:                      !!!
20240716 080250.136 INFO             PET3 !!!                   ESMF_LOGKIND_Multi_On_Error  !!!
20240716 080250.136 INFO             PET3 !!!!!!!!!!!!!!!!!!!!!!!!!!!!!!!!!!!!!!!!!!!!!!!!!!!!!!
20240716 080250.136 INFO             PET3 Running with ESMF Version   : v8.7.0b08-15-g7133ea3e40
20240716 080250.136 INFO             PET3 ESMF library build date/time: "Jul 16 2024" "07:27:21"
20240716 080250.136 INFO             PET3 ESMF library build location : /scratch2/NCEPDEV/stmp1/Gerhard.Theurich/ESMF-Nightly-Testing/gfortran_13.2.0_openmpi_O_develop/esmf
20240716 080250.136 INFO             PET3 ESMF_COMM                   : openmpi
20240716 080250.136 INFO             PET3 ESMF_MOAB                   : enabled
20240716 080250.136 INFO             PET3 ESMF_LAPACK                 : enabled
20240716 080250.136 INFO             PET3 ESMF_NETCDF                 : disabled
20240716 080250.136 INFO             PET3 ESMF_PNETCDF                : disabled
20240716 080250.136 INFO             PET3 ESMF_PIO                    : disabled
20240716 080250.136 INFO             PET3 ESMF_YAMLCPP                : enabled
20240716 080250.182 INFO             PET3  NUMBER_OF_PROCESSORS           4
20240716 080250.182 INFO             PET3  PASS  Example ESMF_FieldRegridMaskEx, ESMF_FieldRegridMaskEx.F90, line 370
20240716 080250.182 INFO             PET3  Finalizing ESMF
