2024-05-21 07:26:49
20240521 080438.432 INFO             PET0 !!!!!!!!!!!!!!!!!!!!!!!!!!!!!!!!!!!!!!!!!!!!!!!!!!!!!!
20240521 080438.432 INFO             PET0 !!! THE ESMF_LOG IS SET TO OUTPUT ALL LOG MESSAGES !!!
20240521 080438.432 INFO             PET0 !!!     THIS MAY CAUSE SLOWDOWN IN PERFORMANCE     !!!
20240521 080438.432 INFO             PET0 !!! FOR PRODUCTION RUNS, USE:                      !!!
20240521 080438.432 INFO             PET0 !!!                   ESMF_LOGKIND_Multi_On_Error  !!!
20240521 080438.432 INFO             PET0 !!!!!!!!!!!!!!!!!!!!!!!!!!!!!!!!!!!!!!!!!!!!!!!!!!!!!!
20240521 080438.432 INFO             PET0 Running with ESMF Version   : v8.7.0b05-86-g6f1fcac0dc
20240521 080438.432 INFO             PET0 ESMF library build date/time: "May 21 2024" "07:24:32"
20240521 080438.432 INFO             PET0 ESMF library build location : /scratch2/NCEPDEV/stmp1/Gerhard.Theurich/ESMF-Nightly-Testing/gfortran_13.2.0_openmpi_O_develop/esmf
20240521 080438.432 INFO             PET0 ESMF_COMM                   : openmpi
20240521 080438.432 INFO             PET0 ESMF_MOAB                   : enabled
20240521 080438.432 INFO             PET0 ESMF_LAPACK                 : enabled
20240521 080438.432 INFO             PET0 ESMF_NETCDF                 : disabled
20240521 080438.432 INFO             PET0 ESMF_PNETCDF                : disabled
20240521 080438.432 INFO             PET0 ESMF_PIO                    : disabled
20240521 080438.432 INFO             PET0 ESMF_YAMLCPP                : enabled
20240521 080438.458 DEBUG            PET0 about to destroy Grid: 0x1c570e0
20240521 080438.460 DEBUG            PET0 about to destroy Grid: 0x1c592f0
20240521 080438.468 INFO             PET0  NUMBER_OF_PROCESSORS           4
20240521 080438.468 INFO             PET0  PASS  Example ESMF_NUOPCAtmModelEx, ESMF_NUOPCAtmModelEx.F90, line 806
20240521 080438.468 INFO             PET0  Finalizing ESMF
20240521 080438.432 INFO             PET1 !!!!!!!!!!!!!!!!!!!!!!!!!!!!!!!!!!!!!!!!!!!!!!!!!!!!!!
20240521 080438.432 INFO             PET1 !!! THE ESMF_LOG IS SET TO OUTPUT ALL LOG MESSAGES !!!
20240521 080438.432 INFO             PET1 !!!     THIS MAY CAUSE SLOWDOWN IN PERFORMANCE     !!!
20240521 080438.432 INFO             PET1 !!! FOR PRODUCTION RUNS, USE:                      !!!
20240521 080438.432 INFO             PET1 !!!                   ESMF_LOGKIND_Multi_On_Error  !!!
20240521 080438.432 INFO             PET1 !!!!!!!!!!!!!!!!!!!!!!!!!!!!!!!!!!!!!!!!!!!!!!!!!!!!!!
20240521 080438.432 INFO             PET1 Running with ESMF Version   : v8.7.0b05-86-g6f1fcac0dc
20240521 080438.432 INFO             PET1 ESMF library build date/time: "May 21 2024" "07:24:32"
20240521 080438.432 INFO             PET1 ESMF library build location : /scratch2/NCEPDEV/stmp1/Gerhard.Theurich/ESMF-Nightly-Testing/gfortran_13.2.0_openmpi_O_develop/esmf
20240521 080438.432 INFO             PET1 ESMF_COMM                   : openmpi
20240521 080438.433 INFO             PET1 ESMF_MOAB                   : enabled
20240521 080438.433 INFO             PET1 ESMF_LAPACK                 : enabled
20240521 080438.433 INFO             PET1 ESMF_NETCDF                 : disabled
20240521 080438.433 INFO             PET1 ESMF_PNETCDF                : disabled
20240521 080438.433 INFO             PET1 ESMF_PIO                    : disabled
20240521 080438.433 INFO             PET1 ESMF_YAMLCPP                : enabled
20240521 080438.458 DEBUG            PET1 about to destroy Grid: 0x1c7f510
20240521 080438.460 DEBUG            PET1 about to destroy Grid: 0x1c80f80
20240521 080438.469 INFO             PET1  NUMBER_OF_PROCESSORS           4
20240521 080438.469 INFO             PET1  PASS  Example ESMF_NUOPCAtmModelEx, ESMF_NUOPCAtmModelEx.F90, line 806
20240521 080438.469 INFO             PET1  Finalizing ESMF
20240521 080438.432 INFO             PET2 !!!!!!!!!!!!!!!!!!!!!!!!!!!!!!!!!!!!!!!!!!!!!!!!!!!!!!
20240521 080438.432 INFO             PET2 !!! THE ESMF_LOG IS SET TO OUTPUT ALL LOG MESSAGES !!!
20240521 080438.432 INFO             PET2 !!!     THIS MAY CAUSE SLOWDOWN IN PERFORMANCE     !!!
20240521 080438.432 INFO             PET2 !!! FOR PRODUCTION RUNS, USE:                      !!!
20240521 080438.432 INFO             PET2 !!!                   ESMF_LOGKIND_Multi_On_Error  !!!
20240521 080438.432 INFO             PET2 !!!!!!!!!!!!!!!!!!!!!!!!!!!!!!!!!!!!!!!!!!!!!!!!!!!!!!
20240521 080438.432 INFO             PET2 Running with ESMF Version   : v8.7.0b05-86-g6f1fcac0dc
20240521 080438.432 INFO             PET2 ESMF library build date/time: "May 21 2024" "07:24:32"
20240521 080438.432 INFO             PET2 ESMF library build location : /scratch2/NCEPDEV/stmp1/Gerhard.Theurich/ESMF-Nightly-Testing/gfortran_13.2.0_openmpi_O_develop/esmf
20240521 080438.432 INFO             PET2 ESMF_COMM                   : openmpi
20240521 080438.432 INFO             PET2 ESMF_MOAB                   : enabled
20240521 080438.432 INFO             PET2 ESMF_LAPACK                 : enabled
20240521 080438.432 INFO             PET2 ESMF_NETCDF                 : disabled
20240521 080438.432 INFO             PET2 ESMF_PNETCDF                : disabled
20240521 080438.432 INFO             PET2 ESMF_PIO                    : disabled
20240521 080438.432 INFO             PET2 ESMF_YAMLCPP                : enabled
20240521 080438.458 DEBUG            PET2 about to destroy Grid: 0x2428390
20240521 080438.460 DEBUG            PET2 about to destroy Grid: 0x2429ab0
20240521 080438.468 INFO             PET2  NUMBER_OF_PROCESSORS           4
20240521 080438.468 INFO             PET2  PASS  Example ESMF_NUOPCAtmModelEx, ESMF_NUOPCAtmModelEx.F90, line 806
20240521 080438.468 INFO             PET2  Finalizing ESMF
20240521 080438.432 INFO             PET3 !!!!!!!!!!!!!!!!!!!!!!!!!!!!!!!!!!!!!!!!!!!!!!!!!!!!!!
20240521 080438.432 INFO             PET3 !!! THE ESMF_LOG IS SET TO OUTPUT ALL LOG MESSAGES !!!
20240521 080438.432 INFO             PET3 !!!     THIS MAY CAUSE SLOWDOWN IN PERFORMANCE     !!!
20240521 080438.432 INFO             PET3 !!! FOR PRODUCTION RUNS, USE:                      !!!
20240521 080438.432 INFO             PET3 !!!                   ESMF_LOGKIND_Multi_On_Error  !!!
20240521 080438.432 INFO             PET3 !!!!!!!!!!!!!!!!!!!!!!!!!!!!!!!!!!!!!!!!!!!!!!!!!!!!!!
20240521 080438.432 INFO             PET3 Running with ESMF Version   : v8.7.0b05-86-g6f1fcac0dc
20240521 080438.432 INFO             PET3 ESMF library build date/time: "May 21 2024" "07:24:32"
20240521 080438.432 INFO             PET3 ESMF library build location : /scratch2/NCEPDEV/stmp1/Gerhard.Theurich/ESMF-Nightly-Testing/gfortran_13.2.0_openmpi_O_develop/esmf
20240521 080438.432 INFO             PET3 ESMF_COMM                   : openmpi
20240521 080438.432 INFO             PET3 ESMF_MOAB                   : enabled
20240521 080438.432 INFO             PET3 ESMF_LAPACK                 : enabled
20240521 080438.432 INFO             PET3 ESMF_NETCDF                 : disabled
20240521 080438.432 INFO             PET3 ESMF_PNETCDF                : disabled
20240521 080438.432 INFO             PET3 ESMF_PIO                    : disabled
20240521 080438.432 INFO             PET3 ESMF_YAMLCPP                : enabled
20240521 080438.458 DEBUG            PET3 about to destroy Grid: 0x20ef3b0
20240521 080438.460 DEBUG            PET3 about to destroy Grid: 0x20f0ad0
20240521 080438.468 INFO             PET3  NUMBER_OF_PROCESSORS           4
20240521 080438.468 INFO             PET3  PASS  Example ESMF_NUOPCAtmModelEx, ESMF_NUOPCAtmModelEx.F90, line 806
20240521 080438.468 INFO             PET3  Finalizing ESMF
