2024-05-29 07:39:29
20240529 082611.598 INFO             PET0 !!!!!!!!!!!!!!!!!!!!!!!!!!!!!!!!!!!!!!!!!!!!!!!!!!!!!!
20240529 082611.598 INFO             PET0 !!! THE ESMF_LOG IS SET TO OUTPUT ALL LOG MESSAGES !!!
20240529 082611.598 INFO             PET0 !!!     THIS MAY CAUSE SLOWDOWN IN PERFORMANCE     !!!
20240529 082611.598 INFO             PET0 !!! FOR PRODUCTION RUNS, USE:                      !!!
20240529 082611.598 INFO             PET0 !!!                   ESMF_LOGKIND_Multi_On_Error  !!!
20240529 082611.598 INFO             PET0 !!!!!!!!!!!!!!!!!!!!!!!!!!!!!!!!!!!!!!!!!!!!!!!!!!!!!!
20240529 082611.598 INFO             PET0 Running with ESMF Version   : v8.7.0b06-6-g5fb1a7b839
20240529 082611.598 INFO             PET0 ESMF library build date/time: "May 29 2024" "07:36:01"
20240529 082611.598 INFO             PET0 ESMF library build location : /scratch2/NCEPDEV/stmp1/Gerhard.Theurich/ESMF-Nightly-Testing/gfortran_13.2.0_openmpi_O_develop/esmf
20240529 082611.598 INFO             PET0 ESMF_COMM                   : openmpi
20240529 082611.598 INFO             PET0 ESMF_MOAB                   : enabled
20240529 082611.598 INFO             PET0 ESMF_LAPACK                 : enabled
20240529 082611.598 INFO             PET0 ESMF_NETCDF                 : disabled
20240529 082611.598 INFO             PET0 ESMF_PNETCDF                : disabled
20240529 082611.598 INFO             PET0 ESMF_PIO                    : disabled
20240529 082611.598 INFO             PET0 ESMF_YAMLCPP                : enabled
20240529 082611.600 INFO             PET0  NUMBER_OF_PROCESSORS           4
20240529 082611.600 INFO             PET0  PASS  Example ESMF_WebServicesEx, ESMF_WebServicesEx.F90, line 227
20240529 082611.600 INFO             PET0  Finalizing ESMF
20240529 082611.599 INFO             PET1 !!!!!!!!!!!!!!!!!!!!!!!!!!!!!!!!!!!!!!!!!!!!!!!!!!!!!!
20240529 082611.599 INFO             PET1 !!! THE ESMF_LOG IS SET TO OUTPUT ALL LOG MESSAGES !!!
20240529 082611.599 INFO             PET1 !!!     THIS MAY CAUSE SLOWDOWN IN PERFORMANCE     !!!
20240529 082611.599 INFO             PET1 !!! FOR PRODUCTION RUNS, USE:                      !!!
20240529 082611.599 INFO             PET1 !!!                   ESMF_LOGKIND_Multi_On_Error  !!!
20240529 082611.599 INFO             PET1 !!!!!!!!!!!!!!!!!!!!!!!!!!!!!!!!!!!!!!!!!!!!!!!!!!!!!!
20240529 082611.599 INFO             PET1 Running with ESMF Version   : v8.7.0b06-6-g5fb1a7b839
20240529 082611.599 INFO             PET1 ESMF library build date/time: "May 29 2024" "07:36:01"
20240529 082611.599 INFO             PET1 ESMF library build location : /scratch2/NCEPDEV/stmp1/Gerhard.Theurich/ESMF-Nightly-Testing/gfortran_13.2.0_openmpi_O_develop/esmf
20240529 082611.599 INFO             PET1 ESMF_COMM                   : openmpi
20240529 082611.599 INFO             PET1 ESMF_MOAB                   : enabled
20240529 082611.599 INFO             PET1 ESMF_LAPACK                 : enabled
20240529 082611.599 INFO             PET1 ESMF_NETCDF                 : disabled
20240529 082611.599 INFO             PET1 ESMF_PNETCDF                : disabled
20240529 082611.599 INFO             PET1 ESMF_PIO                    : disabled
20240529 082611.599 INFO             PET1 ESMF_YAMLCPP                : enabled
20240529 082611.600 INFO             PET1  NUMBER_OF_PROCESSORS           4
20240529 082611.600 INFO             PET1  PASS  Example ESMF_WebServicesEx, ESMF_WebServicesEx.F90, line 227
20240529 082611.600 INFO             PET1  Finalizing ESMF
20240529 082611.598 INFO             PET2 !!!!!!!!!!!!!!!!!!!!!!!!!!!!!!!!!!!!!!!!!!!!!!!!!!!!!!
20240529 082611.598 INFO             PET2 !!! THE ESMF_LOG IS SET TO OUTPUT ALL LOG MESSAGES !!!
20240529 082611.598 INFO             PET2 !!!     THIS MAY CAUSE SLOWDOWN IN PERFORMANCE     !!!
20240529 082611.598 INFO             PET2 !!! FOR PRODUCTION RUNS, USE:                      !!!
20240529 082611.598 INFO             PET2 !!!                   ESMF_LOGKIND_Multi_On_Error  !!!
20240529 082611.598 INFO             PET2 !!!!!!!!!!!!!!!!!!!!!!!!!!!!!!!!!!!!!!!!!!!!!!!!!!!!!!
20240529 082611.598 INFO             PET2 Running with ESMF Version   : v8.7.0b06-6-g5fb1a7b839
20240529 082611.598 INFO             PET2 ESMF library build date/time: "May 29 2024" "07:36:01"
20240529 082611.598 INFO             PET2 ESMF library build location : /scratch2/NCEPDEV/stmp1/Gerhard.Theurich/ESMF-Nightly-Testing/gfortran_13.2.0_openmpi_O_develop/esmf
20240529 082611.598 INFO             PET2 ESMF_COMM                   : openmpi
20240529 082611.599 INFO             PET2 ESMF_MOAB                   : enabled
20240529 082611.599 INFO             PET2 ESMF_LAPACK                 : enabled
20240529 082611.599 INFO             PET2 ESMF_NETCDF                 : disabled
20240529 082611.599 INFO             PET2 ESMF_PNETCDF                : disabled
20240529 082611.599 INFO             PET2 ESMF_PIO                    : disabled
20240529 082611.599 INFO             PET2 ESMF_YAMLCPP                : enabled
20240529 082611.600 INFO             PET2  NUMBER_OF_PROCESSORS           4
20240529 082611.600 INFO             PET2  PASS  Example ESMF_WebServicesEx, ESMF_WebServicesEx.F90, line 227
20240529 082611.600 INFO             PET2  Finalizing ESMF
20240529 082611.598 INFO             PET3 !!!!!!!!!!!!!!!!!!!!!!!!!!!!!!!!!!!!!!!!!!!!!!!!!!!!!!
20240529 082611.598 INFO             PET3 !!! THE ESMF_LOG IS SET TO OUTPUT ALL LOG MESSAGES !!!
20240529 082611.598 INFO             PET3 !!!     THIS MAY CAUSE SLOWDOWN IN PERFORMANCE     !!!
20240529 082611.598 INFO             PET3 !!! FOR PRODUCTION RUNS, USE:                      !!!
20240529 082611.598 INFO             PET3 !!!                   ESMF_LOGKIND_Multi_On_Error  !!!
20240529 082611.598 INFO             PET3 !!!!!!!!!!!!!!!!!!!!!!!!!!!!!!!!!!!!!!!!!!!!!!!!!!!!!!
20240529 082611.598 INFO             PET3 Running with ESMF Version   : v8.7.0b06-6-g5fb1a7b839
20240529 082611.598 INFO             PET3 ESMF library build date/time: "May 29 2024" "07:36:01"
20240529 082611.598 INFO             PET3 ESMF library build location : /scratch2/NCEPDEV/stmp1/Gerhard.Theurich/ESMF-Nightly-Testing/gfortran_13.2.0_openmpi_O_develop/esmf
20240529 082611.598 INFO             PET3 ESMF_COMM                   : openmpi
20240529 082611.599 INFO             PET3 ESMF_MOAB                   : enabled
20240529 082611.599 INFO             PET3 ESMF_LAPACK                 : enabled
20240529 082611.599 INFO             PET3 ESMF_NETCDF                 : disabled
20240529 082611.599 INFO             PET3 ESMF_PNETCDF                : disabled
20240529 082611.599 INFO             PET3 ESMF_PIO                    : disabled
20240529 082611.599 INFO             PET3 ESMF_YAMLCPP                : enabled
20240529 082611.600 INFO             PET3  NUMBER_OF_PROCESSORS           4
20240529 082611.600 INFO             PET3  PASS  Example ESMF_WebServicesEx, ESMF_WebServicesEx.F90, line 227
20240529 082611.600 INFO             PET3  Finalizing ESMF
