2024-07-11 07:25:36
20240711 075436.981 INFO             PET0 !!!!!!!!!!!!!!!!!!!!!!!!!!!!!!!!!!!!!!!!!!!!!!!!!!!!!!
20240711 075436.981 INFO             PET0 !!! THE ESMF_LOG IS SET TO OUTPUT ALL LOG MESSAGES !!!
20240711 075436.981 INFO             PET0 !!!     THIS MAY CAUSE SLOWDOWN IN PERFORMANCE     !!!
20240711 075436.981 INFO             PET0 !!! FOR PRODUCTION RUNS, USE:                      !!!
20240711 075436.981 INFO             PET0 !!!                   ESMF_LOGKIND_Multi_On_Error  !!!
20240711 075436.981 INFO             PET0 !!!!!!!!!!!!!!!!!!!!!!!!!!!!!!!!!!!!!!!!!!!!!!!!!!!!!!
20240711 075436.981 INFO             PET0 Running with ESMF Version   : v8.7.0b08-14-g2afdc553e7
20240711 075436.981 INFO             PET0 ESMF library build date/time: "Jul 11 2024" "07:23:26"
20240711 075436.981 INFO             PET0 ESMF library build location : /scratch2/NCEPDEV/stmp1/Gerhard.Theurich/ESMF-Nightly-Testing/gfortran_13.2.0_openmpi_O_develop/esmf
20240711 075436.981 INFO             PET0 ESMF_COMM                   : openmpi
20240711 075436.982 INFO             PET0 ESMF_MOAB                   : enabled
20240711 075436.982 INFO             PET0 ESMF_LAPACK                 : enabled
20240711 075436.982 INFO             PET0 ESMF_NETCDF                 : disabled
20240711 075436.982 INFO             PET0 ESMF_PNETCDF                : disabled
20240711 075436.982 INFO             PET0 ESMF_PIO                    : disabled
20240711 075436.982 INFO             PET0 ESMF_YAMLCPP                : enabled
20240711 075436.982 INFO             PET0  NUMBER_OF_PROCESSORS           4
20240711 075436.982 INFO             PET0  PASS  Example ESMF_VMUserMpiCommMultiEx, ESMF_VMUserMpiCommMultiEx.F90, line 126
20240711 075436.982 INFO             PET0  Finalizing ESMF with endflag==ESMF_END_KEEPMPI
20240711 075436.982 INFO             PET0 !!!!!!!!!!!!!!!!!!!!!!!!!!!!!!!!!!!!!!!!!!!!!!!!!!!!!!
20240711 075436.982 INFO             PET0 !!! THE ESMF_LOG IS SET TO OUTPUT ALL LOG MESSAGES !!!
20240711 075436.982 INFO             PET0 !!!     THIS MAY CAUSE SLOWDOWN IN PERFORMANCE     !!!
20240711 075436.982 INFO             PET0 !!! FOR PRODUCTION RUNS, USE:                      !!!
20240711 075436.982 INFO             PET0 !!!                   ESMF_LOGKIND_Multi_On_Error  !!!
20240711 075436.982 INFO             PET0 !!!!!!!!!!!!!!!!!!!!!!!!!!!!!!!!!!!!!!!!!!!!!!!!!!!!!!
20240711 075436.982 INFO             PET0 Running with ESMF Version   : v8.7.0b08-14-g2afdc553e7
20240711 075436.982 INFO             PET0 ESMF library build date/time: "Jul 11 2024" "07:23:26"
20240711 075436.982 INFO             PET0 ESMF library build location : /scratch2/NCEPDEV/stmp1/Gerhard.Theurich/ESMF-Nightly-Testing/gfortran_13.2.0_openmpi_O_develop/esmf
20240711 075436.982 INFO             PET0 ESMF_COMM                   : openmpi
20240711 075436.982 INFO             PET0 ESMF_MOAB                   : enabled
20240711 075436.982 INFO             PET0 ESMF_LAPACK                 : enabled
20240711 075436.982 INFO             PET0 ESMF_NETCDF                 : disabled
20240711 075436.982 INFO             PET0 ESMF_PNETCDF                : disabled
20240711 075436.982 INFO             PET0 ESMF_PIO                    : disabled
20240711 075436.982 INFO             PET0 ESMF_YAMLCPP                : enabled
20240711 075436.982 INFO             PET0  NUMBER_OF_PROCESSORS           4
20240711 075436.982 INFO             PET0  PASS  Example ESMF_VMUserMpiCommMultiEx, ESMF_VMUserMpiCommMultiEx.F90, line 154
20240711 075436.983 INFO             PET0  Finalizing ESMF with endflag==ESMF_END_KEEPMPI
20240711 075436.981 INFO             PET1 !!!!!!!!!!!!!!!!!!!!!!!!!!!!!!!!!!!!!!!!!!!!!!!!!!!!!!
20240711 075436.982 INFO             PET1 !!! THE ESMF_LOG IS SET TO OUTPUT ALL LOG MESSAGES !!!
20240711 075436.982 INFO             PET1 !!!     THIS MAY CAUSE SLOWDOWN IN PERFORMANCE     !!!
20240711 075436.982 INFO             PET1 !!! FOR PRODUCTION RUNS, USE:                      !!!
20240711 075436.982 INFO             PET1 !!!                   ESMF_LOGKIND_Multi_On_Error  !!!
20240711 075436.982 INFO             PET1 !!!!!!!!!!!!!!!!!!!!!!!!!!!!!!!!!!!!!!!!!!!!!!!!!!!!!!
20240711 075436.982 INFO             PET1 Running with ESMF Version   : v8.7.0b08-14-g2afdc553e7
20240711 075436.982 INFO             PET1 ESMF library build date/time: "Jul 11 2024" "07:23:26"
20240711 075436.982 INFO             PET1 ESMF library build location : /scratch2/NCEPDEV/stmp1/Gerhard.Theurich/ESMF-Nightly-Testing/gfortran_13.2.0_openmpi_O_develop/esmf
20240711 075436.982 INFO             PET1 ESMF_COMM                   : openmpi
20240711 075436.982 INFO             PET1 ESMF_MOAB                   : enabled
20240711 075436.982 INFO             PET1 ESMF_LAPACK                 : enabled
20240711 075436.982 INFO             PET1 ESMF_NETCDF                 : disabled
20240711 075436.982 INFO             PET1 ESMF_PNETCDF                : disabled
20240711 075436.982 INFO             PET1 ESMF_PIO                    : disabled
20240711 075436.982 INFO             PET1 ESMF_YAMLCPP                : enabled
20240711 075436.982 INFO             PET1  NUMBER_OF_PROCESSORS           4
20240711 075436.982 INFO             PET1  PASS  Example ESMF_VMUserMpiCommMultiEx, ESMF_VMUserMpiCommMultiEx.F90, line 126
20240711 075436.982 INFO             PET1  Finalizing ESMF with endflag==ESMF_END_KEEPMPI
20240711 075436.981 INFO             PET1 !!!!!!!!!!!!!!!!!!!!!!!!!!!!!!!!!!!!!!!!!!!!!!!!!!!!!!
20240711 075436.981 INFO             PET1 !!! THE ESMF_LOG IS SET TO OUTPUT ALL LOG MESSAGES !!!
20240711 075436.981 INFO             PET1 !!!     THIS MAY CAUSE SLOWDOWN IN PERFORMANCE     !!!
20240711 075436.981 INFO             PET1 !!! FOR PRODUCTION RUNS, USE:                      !!!
20240711 075436.981 INFO             PET1 !!!                   ESMF_LOGKIND_Multi_On_Error  !!!
20240711 075436.981 INFO             PET1 !!!!!!!!!!!!!!!!!!!!!!!!!!!!!!!!!!!!!!!!!!!!!!!!!!!!!!
20240711 075436.981 INFO             PET1 Running with ESMF Version   : v8.7.0b08-14-g2afdc553e7
20240711 075436.981 INFO             PET1 ESMF library build date/time: "Jul 11 2024" "07:23:26"
20240711 075436.981 INFO             PET1 ESMF library build location : /scratch2/NCEPDEV/stmp1/Gerhard.Theurich/ESMF-Nightly-Testing/gfortran_13.2.0_openmpi_O_develop/esmf
20240711 075436.981 INFO             PET1 ESMF_COMM                   : openmpi
20240711 075436.982 INFO             PET1 ESMF_MOAB                   : enabled
20240711 075436.982 INFO             PET1 ESMF_LAPACK                 : enabled
20240711 075436.982 INFO             PET1 ESMF_NETCDF                 : disabled
20240711 075436.982 INFO             PET1 ESMF_PNETCDF                : disabled
20240711 075436.982 INFO             PET1 ESMF_PIO                    : disabled
20240711 075436.982 INFO             PET1 ESMF_YAMLCPP                : enabled
20240711 075436.982 INFO             PET1  NUMBER_OF_PROCESSORS           4
20240711 075436.982 INFO             PET1  PASS  Example ESMF_VMUserMpiCommMultiEx, ESMF_VMUserMpiCommMultiEx.F90, line 154
20240711 075436.982 INFO             PET1  Finalizing ESMF with endflag==ESMF_END_KEEPMPI
