2024-08-06 03:26:25
20240806 041316.018 INFO             PET0 !!!!!!!!!!!!!!!!!!!!!!!!!!!!!!!!!!!!!!!!!!!!!!!!!!!!!!
20240806 041316.018 INFO             PET0 !!! THE ESMF_LOG IS SET TO OUTPUT ALL LOG MESSAGES !!!
20240806 041316.018 INFO             PET0 !!!     THIS MAY CAUSE SLOWDOWN IN PERFORMANCE     !!!
20240806 041316.018 INFO             PET0 !!! FOR PRODUCTION RUNS, USE:                      !!!
20240806 041316.019 INFO             PET0 !!!                   ESMF_LOGKIND_Multi_On_Error  !!!
20240806 041316.019 INFO             PET0 !!!!!!!!!!!!!!!!!!!!!!!!!!!!!!!!!!!!!!!!!!!!!!!!!!!!!!
20240806 041316.019 INFO             PET0 Running with ESMF Version   : v8.7.0b11
20240806 041316.019 INFO             PET0 ESMF library build date/time: "Aug  6 2024" "03:23:12"
20240806 041316.019 INFO             PET0 ESMF library build location : /glade/derecho/scratch/sacks/esmf-testing/nvhpc_23.7_mpi_g_develop/esmf
20240806 041316.019 INFO             PET0 ESMF_COMM                   : mpi
20240806 041316.019 INFO             PET0 ESMF_MOAB                   : enabled
20240806 041316.019 INFO             PET0 ESMF_LAPACK                 : enabled
20240806 041316.019 INFO             PET0 ESMF_NETCDF                 : enabled
20240806 041316.019 INFO             PET0 ESMF_PNETCDF                : disabled
20240806 041316.019 INFO             PET0 ESMF_PIO                    : enabled
20240806 041316.019 INFO             PET0 ESMF_YAMLCPP                : enabled
20240806 041316.019 INFO             PET0  NUMBER_OF_PROCESSORS            1
20240806 041316.019 INFO             PET0  PASS  Example ESMF_ClockEx, ESMF_ClockEx.F90, line 220
20240806 041316.019 INFO             PET0  Finalizing ESMF
