2024-06-20 03:38:11
20240620 042547.456 INFO             PET0 !!!!!!!!!!!!!!!!!!!!!!!!!!!!!!!!!!!!!!!!!!!!!!!!!!!!!!
20240620 042547.456 INFO             PET0 !!! THE ESMF_LOG IS SET TO OUTPUT ALL LOG MESSAGES !!!
20240620 042547.456 INFO             PET0 !!!     THIS MAY CAUSE SLOWDOWN IN PERFORMANCE     !!!
20240620 042547.456 INFO             PET0 !!! FOR PRODUCTION RUNS, USE:                      !!!
20240620 042547.456 INFO             PET0 !!!                   ESMF_LOGKIND_Multi_On_Error  !!!
20240620 042547.456 INFO             PET0 !!!!!!!!!!!!!!!!!!!!!!!!!!!!!!!!!!!!!!!!!!!!!!!!!!!!!!
20240620 042547.456 INFO             PET0 Running with ESMF Version   : v8.7.0b07-2-ga1ccd5de8a
20240620 042547.456 INFO             PET0 ESMF library build date/time: "Jun 20 2024" "03:34:56"
20240620 042547.456 INFO             PET0 ESMF library build location : /glade/derecho/scratch/sacks/esmf-testing/nvhpc_23.7_mpi_g_develop/esmf
20240620 042547.456 INFO             PET0 ESMF_COMM                   : mpi
20240620 042547.457 INFO             PET0 ESMF_MOAB                   : enabled
20240620 042547.457 INFO             PET0 ESMF_LAPACK                 : enabled
20240620 042547.457 INFO             PET0 ESMF_NETCDF                 : enabled
20240620 042547.457 INFO             PET0 ESMF_PNETCDF                : disabled
20240620 042547.457 INFO             PET0 ESMF_PIO                    : enabled
20240620 042547.457 INFO             PET0 ESMF_YAMLCPP                : enabled
20240620 042547.489 INFO             PET0 ESMF_FieldRedistStoreNF(): Just entered routine.
20240620 042547.774 INFO             PET0 ESMF_FieldRedistStoreNF(): Leaving routine.
20240620 042547.779 INFO             PET0  NUMBER_OF_PROCESSORS            4
20240620 042547.779 INFO             PET0  PASS  Example ESMF_RHandleFromRHandleEx, ESMF_RHandleFromRHandleEx.F90, line 660
20240620 042547.779 INFO             PET0  Finalizing ESMF
20240620 042547.467 INFO             PET1 !!!!!!!!!!!!!!!!!!!!!!!!!!!!!!!!!!!!!!!!!!!!!!!!!!!!!!
20240620 042547.467 INFO             PET1 !!! THE ESMF_LOG IS SET TO OUTPUT ALL LOG MESSAGES !!!
20240620 042547.467 INFO             PET1 !!!     THIS MAY CAUSE SLOWDOWN IN PERFORMANCE     !!!
20240620 042547.467 INFO             PET1 !!! FOR PRODUCTION RUNS, USE:                      !!!
20240620 042547.467 INFO             PET1 !!!                   ESMF_LOGKIND_Multi_On_Error  !!!
20240620 042547.467 INFO             PET1 !!!!!!!!!!!!!!!!!!!!!!!!!!!!!!!!!!!!!!!!!!!!!!!!!!!!!!
20240620 042547.467 INFO             PET1 Running with ESMF Version   : v8.7.0b07-2-ga1ccd5de8a
20240620 042547.467 INFO             PET1 ESMF library build date/time: "Jun 20 2024" "03:34:56"
20240620 042547.467 INFO             PET1 ESMF library build location : /glade/derecho/scratch/sacks/esmf-testing/nvhpc_23.7_mpi_g_develop/esmf
20240620 042547.467 INFO             PET1 ESMF_COMM                   : mpi
20240620 042547.478 INFO             PET1 ESMF_MOAB                   : enabled
20240620 042547.478 INFO             PET1 ESMF_LAPACK                 : enabled
20240620 042547.478 INFO             PET1 ESMF_NETCDF                 : enabled
20240620 042547.478 INFO             PET1 ESMF_PNETCDF                : disabled
20240620 042547.478 INFO             PET1 ESMF_PIO                    : enabled
20240620 042547.478 INFO             PET1 ESMF_YAMLCPP                : enabled
20240620 042547.489 INFO             PET1 ESMF_FieldRedistStoreNF(): Just entered routine.
20240620 042547.774 INFO             PET1 ESMF_FieldRedistStoreNF(): Leaving routine.
20240620 042547.779 INFO             PET1  NUMBER_OF_PROCESSORS            4
20240620 042547.779 INFO             PET1  PASS  Example ESMF_RHandleFromRHandleEx, ESMF_RHandleFromRHandleEx.F90, line 660
20240620 042547.779 INFO             PET1  Finalizing ESMF
20240620 042547.452 INFO             PET2 !!!!!!!!!!!!!!!!!!!!!!!!!!!!!!!!!!!!!!!!!!!!!!!!!!!!!!
20240620 042547.452 INFO             PET2 !!! THE ESMF_LOG IS SET TO OUTPUT ALL LOG MESSAGES !!!
20240620 042547.452 INFO             PET2 !!!     THIS MAY CAUSE SLOWDOWN IN PERFORMANCE     !!!
20240620 042547.452 INFO             PET2 !!! FOR PRODUCTION RUNS, USE:                      !!!
20240620 042547.452 INFO             PET2 !!!                   ESMF_LOGKIND_Multi_On_Error  !!!
20240620 042547.452 INFO             PET2 !!!!!!!!!!!!!!!!!!!!!!!!!!!!!!!!!!!!!!!!!!!!!!!!!!!!!!
20240620 042547.452 INFO             PET2 Running with ESMF Version   : v8.7.0b07-2-ga1ccd5de8a
20240620 042547.452 INFO             PET2 ESMF library build date/time: "Jun 20 2024" "03:34:56"
20240620 042547.452 INFO             PET2 ESMF library build location : /glade/derecho/scratch/sacks/esmf-testing/nvhpc_23.7_mpi_g_develop/esmf
20240620 042547.452 INFO             PET2 ESMF_COMM                   : mpi
20240620 042547.462 INFO             PET2 ESMF_MOAB                   : enabled
20240620 042547.462 INFO             PET2 ESMF_LAPACK                 : enabled
20240620 042547.462 INFO             PET2 ESMF_NETCDF                 : enabled
20240620 042547.462 INFO             PET2 ESMF_PNETCDF                : disabled
20240620 042547.462 INFO             PET2 ESMF_PIO                    : enabled
20240620 042547.462 INFO             PET2 ESMF_YAMLCPP                : enabled
20240620 042547.489 INFO             PET2 ESMF_FieldRedistStoreNF(): Just entered routine.
20240620 042547.774 INFO             PET2 ESMF_FieldRedistStoreNF(): Leaving routine.
20240620 042547.777 INFO             PET2  NUMBER_OF_PROCESSORS            4
20240620 042547.777 INFO             PET2  PASS  Example ESMF_RHandleFromRHandleEx, ESMF_RHandleFromRHandleEx.F90, line 660
20240620 042547.777 INFO             PET2  Finalizing ESMF
20240620 042547.451 INFO             PET3 !!!!!!!!!!!!!!!!!!!!!!!!!!!!!!!!!!!!!!!!!!!!!!!!!!!!!!
20240620 042547.451 INFO             PET3 !!! THE ESMF_LOG IS SET TO OUTPUT ALL LOG MESSAGES !!!
20240620 042547.451 INFO             PET3 !!!     THIS MAY CAUSE SLOWDOWN IN PERFORMANCE     !!!
20240620 042547.451 INFO             PET3 !!! FOR PRODUCTION RUNS, USE:                      !!!
20240620 042547.451 INFO             PET3 !!!                   ESMF_LOGKIND_Multi_On_Error  !!!
20240620 042547.451 INFO             PET3 !!!!!!!!!!!!!!!!!!!!!!!!!!!!!!!!!!!!!!!!!!!!!!!!!!!!!!
20240620 042547.451 INFO             PET3 Running with ESMF Version   : v8.7.0b07-2-ga1ccd5de8a
20240620 042547.451 INFO             PET3 ESMF library build date/time: "Jun 20 2024" "03:34:56"
20240620 042547.451 INFO             PET3 ESMF library build location : /glade/derecho/scratch/sacks/esmf-testing/nvhpc_23.7_mpi_g_develop/esmf
20240620 042547.451 INFO             PET3 ESMF_COMM                   : mpi
20240620 042547.462 INFO             PET3 ESMF_MOAB                   : enabled
20240620 042547.462 INFO             PET3 ESMF_LAPACK                 : enabled
20240620 042547.462 INFO             PET3 ESMF_NETCDF                 : enabled
20240620 042547.462 INFO             PET3 ESMF_PNETCDF                : disabled
20240620 042547.462 INFO             PET3 ESMF_PIO                    : enabled
20240620 042547.462 INFO             PET3 ESMF_YAMLCPP                : enabled
20240620 042547.489 INFO             PET3 ESMF_FieldRedistStoreNF(): Just entered routine.
20240620 042547.774 INFO             PET3 ESMF_FieldRedistStoreNF(): Leaving routine.
20240620 042547.779 INFO             PET3  NUMBER_OF_PROCESSORS            4
20240620 042547.779 INFO             PET3  PASS  Example ESMF_RHandleFromRHandleEx, ESMF_RHandleFromRHandleEx.F90, line 660
20240620 042547.779 INFO             PET3  Finalizing ESMF
