2024-06-20 03:38:11
20240620 042513.656 INFO             PET0 !!!!!!!!!!!!!!!!!!!!!!!!!!!!!!!!!!!!!!!!!!!!!!!!!!!!!!
20240620 042513.656 INFO             PET0 !!! THE ESMF_LOG IS SET TO OUTPUT ALL LOG MESSAGES !!!
20240620 042513.656 INFO             PET0 !!!     THIS MAY CAUSE SLOWDOWN IN PERFORMANCE     !!!
20240620 042513.656 INFO             PET0 !!! FOR PRODUCTION RUNS, USE:                      !!!
20240620 042513.656 INFO             PET0 !!!                   ESMF_LOGKIND_Multi_On_Error  !!!
20240620 042513.656 INFO             PET0 !!!!!!!!!!!!!!!!!!!!!!!!!!!!!!!!!!!!!!!!!!!!!!!!!!!!!!
20240620 042513.656 INFO             PET0 Running with ESMF Version   : v8.7.0b07-2-ga1ccd5de8a
20240620 042513.656 INFO             PET0 ESMF library build date/time: "Jun 20 2024" "03:34:56"
20240620 042513.656 INFO             PET0 ESMF library build location : /glade/derecho/scratch/sacks/esmf-testing/nvhpc_23.7_mpi_g_develop/esmf
20240620 042513.656 INFO             PET0 ESMF_COMM                   : mpi
20240620 042513.656 INFO             PET0 ESMF_MOAB                   : enabled
20240620 042513.656 INFO             PET0 ESMF_LAPACK                 : enabled
20240620 042513.656 INFO             PET0 ESMF_NETCDF                 : enabled
20240620 042513.656 INFO             PET0 ESMF_PNETCDF                : disabled
20240620 042513.656 INFO             PET0 ESMF_PIO                    : enabled
20240620 042513.656 INFO             PET0 ESMF_YAMLCPP                : enabled
20240620 042513.658 INFO             PET0  NUMBER_OF_PROCESSORS            4
20240620 042513.658 INFO             PET0  PASS  Example ESMF_VMUserMpiCommMultiEx, ESMF_VMUserMpiCommMultiEx.F90, line 126
20240620 042513.658 INFO             PET0  Finalizing ESMF with endflag==ESMF_END_KEEPMPI
20240620 042513.659 INFO             PET0 !!!!!!!!!!!!!!!!!!!!!!!!!!!!!!!!!!!!!!!!!!!!!!!!!!!!!!
20240620 042513.659 INFO             PET0 !!! THE ESMF_LOG IS SET TO OUTPUT ALL LOG MESSAGES !!!
20240620 042513.659 INFO             PET0 !!!     THIS MAY CAUSE SLOWDOWN IN PERFORMANCE     !!!
20240620 042513.659 INFO             PET0 !!! FOR PRODUCTION RUNS, USE:                      !!!
20240620 042513.659 INFO             PET0 !!!                   ESMF_LOGKIND_Multi_On_Error  !!!
20240620 042513.659 INFO             PET0 !!!!!!!!!!!!!!!!!!!!!!!!!!!!!!!!!!!!!!!!!!!!!!!!!!!!!!
20240620 042513.659 INFO             PET0 Running with ESMF Version   : v8.7.0b07-2-ga1ccd5de8a
20240620 042513.659 INFO             PET0 ESMF library build date/time: "Jun 20 2024" "03:34:56"
20240620 042513.659 INFO             PET0 ESMF library build location : /glade/derecho/scratch/sacks/esmf-testing/nvhpc_23.7_mpi_g_develop/esmf
20240620 042513.659 INFO             PET0 ESMF_COMM                   : mpi
20240620 042513.660 INFO             PET0 ESMF_MOAB                   : enabled
20240620 042513.660 INFO             PET0 ESMF_LAPACK                 : enabled
20240620 042513.660 INFO             PET0 ESMF_NETCDF                 : enabled
20240620 042513.660 INFO             PET0 ESMF_PNETCDF                : disabled
20240620 042513.660 INFO             PET0 ESMF_PIO                    : enabled
20240620 042513.660 INFO             PET0 ESMF_YAMLCPP                : enabled
20240620 042513.660 INFO             PET0  NUMBER_OF_PROCESSORS            4
20240620 042513.660 INFO             PET0  PASS  Example ESMF_VMUserMpiCommMultiEx, ESMF_VMUserMpiCommMultiEx.F90, line 154
20240620 042513.660 INFO             PET0  Finalizing ESMF with endflag==ESMF_END_KEEPMPI
20240620 042513.657 INFO             PET1 !!!!!!!!!!!!!!!!!!!!!!!!!!!!!!!!!!!!!!!!!!!!!!!!!!!!!!
20240620 042513.657 INFO             PET1 !!! THE ESMF_LOG IS SET TO OUTPUT ALL LOG MESSAGES !!!
20240620 042513.657 INFO             PET1 !!!     THIS MAY CAUSE SLOWDOWN IN PERFORMANCE     !!!
20240620 042513.657 INFO             PET1 !!! FOR PRODUCTION RUNS, USE:                      !!!
20240620 042513.657 INFO             PET1 !!!                   ESMF_LOGKIND_Multi_On_Error  !!!
20240620 042513.657 INFO             PET1 !!!!!!!!!!!!!!!!!!!!!!!!!!!!!!!!!!!!!!!!!!!!!!!!!!!!!!
20240620 042513.657 INFO             PET1 Running with ESMF Version   : v8.7.0b07-2-ga1ccd5de8a
20240620 042513.657 INFO             PET1 ESMF library build date/time: "Jun 20 2024" "03:34:56"
20240620 042513.657 INFO             PET1 ESMF library build location : /glade/derecho/scratch/sacks/esmf-testing/nvhpc_23.7_mpi_g_develop/esmf
20240620 042513.657 INFO             PET1 ESMF_COMM                   : mpi
20240620 042513.658 INFO             PET1 ESMF_MOAB                   : enabled
20240620 042513.658 INFO             PET1 ESMF_LAPACK                 : enabled
20240620 042513.658 INFO             PET1 ESMF_NETCDF                 : enabled
20240620 042513.658 INFO             PET1 ESMF_PNETCDF                : disabled
20240620 042513.658 INFO             PET1 ESMF_PIO                    : enabled
20240620 042513.658 INFO             PET1 ESMF_YAMLCPP                : enabled
20240620 042513.658 INFO             PET1  NUMBER_OF_PROCESSORS            4
20240620 042513.658 INFO             PET1  PASS  Example ESMF_VMUserMpiCommMultiEx, ESMF_VMUserMpiCommMultiEx.F90, line 126
20240620 042513.658 INFO             PET1  Finalizing ESMF with endflag==ESMF_END_KEEPMPI
20240620 042513.655 INFO             PET1 !!!!!!!!!!!!!!!!!!!!!!!!!!!!!!!!!!!!!!!!!!!!!!!!!!!!!!
20240620 042513.655 INFO             PET1 !!! THE ESMF_LOG IS SET TO OUTPUT ALL LOG MESSAGES !!!
20240620 042513.655 INFO             PET1 !!!     THIS MAY CAUSE SLOWDOWN IN PERFORMANCE     !!!
20240620 042513.655 INFO             PET1 !!! FOR PRODUCTION RUNS, USE:                      !!!
20240620 042513.655 INFO             PET1 !!!                   ESMF_LOGKIND_Multi_On_Error  !!!
20240620 042513.655 INFO             PET1 !!!!!!!!!!!!!!!!!!!!!!!!!!!!!!!!!!!!!!!!!!!!!!!!!!!!!!
20240620 042513.655 INFO             PET1 Running with ESMF Version   : v8.7.0b07-2-ga1ccd5de8a
20240620 042513.655 INFO             PET1 ESMF library build date/time: "Jun 20 2024" "03:34:56"
20240620 042513.655 INFO             PET1 ESMF library build location : /glade/derecho/scratch/sacks/esmf-testing/nvhpc_23.7_mpi_g_develop/esmf
20240620 042513.655 INFO             PET1 ESMF_COMM                   : mpi
20240620 042513.656 INFO             PET1 ESMF_MOAB                   : enabled
20240620 042513.656 INFO             PET1 ESMF_LAPACK                 : enabled
20240620 042513.656 INFO             PET1 ESMF_NETCDF                 : enabled
20240620 042513.656 INFO             PET1 ESMF_PNETCDF                : disabled
20240620 042513.656 INFO             PET1 ESMF_PIO                    : enabled
20240620 042513.656 INFO             PET1 ESMF_YAMLCPP                : enabled
20240620 042513.660 INFO             PET1  NUMBER_OF_PROCESSORS            4
20240620 042513.660 INFO             PET1  PASS  Example ESMF_VMUserMpiCommMultiEx, ESMF_VMUserMpiCommMultiEx.F90, line 154
20240620 042513.660 INFO             PET1  Finalizing ESMF with endflag==ESMF_END_KEEPMPI
