2024-05-23 07:29:50
20240523 080322.315 INFO             PET0 !!!!!!!!!!!!!!!!!!!!!!!!!!!!!!!!!!!!!!!!!!!!!!!!!!!!!!
20240523 080322.315 INFO             PET0 !!! THE ESMF_LOG IS SET TO OUTPUT ALL LOG MESSAGES !!!
20240523 080322.315 INFO             PET0 !!!     THIS MAY CAUSE SLOWDOWN IN PERFORMANCE     !!!
20240523 080322.315 INFO             PET0 !!! FOR PRODUCTION RUNS, USE:                      !!!
20240523 080322.315 INFO             PET0 !!!                   ESMF_LOGKIND_Multi_On_Error  !!!
20240523 080322.315 INFO             PET0 !!!!!!!!!!!!!!!!!!!!!!!!!!!!!!!!!!!!!!!!!!!!!!!!!!!!!!
20240523 080322.315 INFO             PET0 Running with ESMF Version   : v8.7.0b06
20240523 080322.315 INFO             PET0 ESMF library build date/time: "May 23 2024" "07:27:31"
20240523 080322.315 INFO             PET0 ESMF library build location : /scratch2/NCEPDEV/stmp1/Gerhard.Theurich/ESMF-Nightly-Testing/intel_2023.2.0_mpiuni_O_develop/esmf
20240523 080322.315 INFO             PET0 ESMF_COMM                   : mpiuni
20240523 080322.316 INFO             PET0 ESMF_MOAB                   : enabled
20240523 080322.316 INFO             PET0 ESMF_LAPACK                 : enabled
20240523 080322.316 INFO             PET0 ESMF_NETCDF                 : enabled
20240523 080322.316 INFO             PET0 ESMF_PNETCDF                : disabled
20240523 080322.316 INFO             PET0 ESMF_PIO                    : disabled
20240523 080322.316 INFO             PET0 ESMF_YAMLCPP                : enabled
20240523 080322.317 INFO             PET0  NUMBER_OF_PROCESSORS           1
20240523 080322.317 INFO             PET0  PASS  Example ESMF_StateReconcileEx, ESMF_StateReconcileEx.F90, line 294
20240523 080322.317 INFO             PET0  Finalizing ESMF
