2024-05-30 07:26:08
20240530 075344.431 INFO             PET0 !!!!!!!!!!!!!!!!!!!!!!!!!!!!!!!!!!!!!!!!!!!!!!!!!!!!!!
20240530 075344.431 INFO             PET0 !!! THE ESMF_LOG IS SET TO OUTPUT ALL LOG MESSAGES !!!
20240530 075344.431 INFO             PET0 !!!     THIS MAY CAUSE SLOWDOWN IN PERFORMANCE     !!!
20240530 075344.431 INFO             PET0 !!! FOR PRODUCTION RUNS, USE:                      !!!
20240530 075344.431 INFO             PET0 !!!                   ESMF_LOGKIND_Multi_On_Error  !!!
20240530 075344.431 INFO             PET0 !!!!!!!!!!!!!!!!!!!!!!!!!!!!!!!!!!!!!!!!!!!!!!!!!!!!!!
20240530 075344.431 INFO             PET0 Running with ESMF Version   : v8.7.0b06-6-g5fb1a7b839
20240530 075344.431 INFO             PET0 ESMF library build date/time: "May 30 2024" "07:23:55"
20240530 075344.431 INFO             PET0 ESMF library build location : /scratch2/NCEPDEV/stmp1/Gerhard.Theurich/ESMF-Nightly-Testing/intel_2023.2.0_mpiuni_O_develop/esmf
20240530 075344.431 INFO             PET0 ESMF_COMM                   : mpiuni
20240530 075344.431 INFO             PET0 ESMF_MOAB                   : enabled
20240530 075344.431 INFO             PET0 ESMF_LAPACK                 : enabled
20240530 075344.431 INFO             PET0 ESMF_NETCDF                 : enabled
20240530 075344.431 INFO             PET0 ESMF_PNETCDF                : disabled
20240530 075344.431 INFO             PET0 ESMF_PIO                    : disabled
20240530 075344.431 INFO             PET0 ESMF_YAMLCPP                : enabled
20240530 075344.432 INFO             PET0  NUMBER_OF_PROCESSORS           1
20240530 075344.432 INFO             PET0  PASS  Example ESMF_InternalStateEx, ESMF_InternalStateEx.F90, line 132
20240530 075344.432 INFO             PET0  Finalizing ESMF
