2024-05-15 07:38:59
20240515 080759.755 INFO             PET0 !!!!!!!!!!!!!!!!!!!!!!!!!!!!!!!!!!!!!!!!!!!!!!!!!!!!!!
20240515 080759.755 INFO             PET0 !!! THE ESMF_LOG IS SET TO OUTPUT ALL LOG MESSAGES !!!
20240515 080759.755 INFO             PET0 !!!     THIS MAY CAUSE SLOWDOWN IN PERFORMANCE     !!!
20240515 080759.755 INFO             PET0 !!! FOR PRODUCTION RUNS, USE:                      !!!
20240515 080759.755 INFO             PET0 !!!                   ESMF_LOGKIND_Multi_On_Error  !!!
20240515 080759.755 INFO             PET0 !!!!!!!!!!!!!!!!!!!!!!!!!!!!!!!!!!!!!!!!!!!!!!!!!!!!!!
20240515 080759.755 INFO             PET0 Running with ESMF Version   : v8.7.0b05-81-g4bbe0ebe7e
20240515 080759.755 INFO             PET0 ESMF library build date/time: "May 15 2024" "07:36:29"
20240515 080759.755 INFO             PET0 ESMF library build location : /scratch2/NCEPDEV/stmp1/Gerhard.Theurich/ESMF-Nightly-Testing/intel_2023.2.0_mpiuni_O_develop/esmf
20240515 080759.755 INFO             PET0 ESMF_COMM                   : mpiuni
20240515 080759.756 INFO             PET0 ESMF_MOAB                   : enabled
20240515 080759.756 INFO             PET0 ESMF_LAPACK                 : enabled
20240515 080759.756 INFO             PET0 ESMF_NETCDF                 : enabled
20240515 080759.756 INFO             PET0 ESMF_PNETCDF                : disabled
20240515 080759.756 INFO             PET0 ESMF_PIO                    : disabled
20240515 080759.756 INFO             PET0 ESMF_YAMLCPP                : enabled
20240515 080759.757 INFO             PET0  NUMBER_OF_PROCESSORS           1
20240515 080759.757 INFO             PET0  PASS  Example ESMF_VMDefaultBasicsEx, ESMF_VMDefaultBasicsEx.F90, line 107
20240515 080759.757 INFO             PET0  Finalizing ESMF
