2024-07-11 07:28:33
20240711 075848.139 INFO             PET0 !!!!!!!!!!!!!!!!!!!!!!!!!!!!!!!!!!!!!!!!!!!!!!!!!!!!!!
20240711 075848.139 INFO             PET0 !!! THE ESMF_LOG IS SET TO OUTPUT ALL LOG MESSAGES !!!
20240711 075848.139 INFO             PET0 !!!     THIS MAY CAUSE SLOWDOWN IN PERFORMANCE     !!!
20240711 075848.139 INFO             PET0 !!! FOR PRODUCTION RUNS, USE:                      !!!
20240711 075848.139 INFO             PET0 !!!                   ESMF_LOGKIND_Multi_On_Error  !!!
20240711 075848.139 INFO             PET0 !!!!!!!!!!!!!!!!!!!!!!!!!!!!!!!!!!!!!!!!!!!!!!!!!!!!!!
20240711 075848.139 INFO             PET0 Running with ESMF Version   : v8.7.0b08-14-g2afdc553e7
20240711 075848.139 INFO             PET0 ESMF library build date/time: "Jul 11 2024" "07:25:57"
20240711 075848.139 INFO             PET0 ESMF library build location : /scratch2/NCEPDEV/stmp1/Gerhard.Theurich/ESMF-Nightly-Testing/intel_2023.2.0_mpiuni_O_develop/esmf
20240711 075848.139 INFO             PET0 ESMF_COMM                   : mpiuni
20240711 075848.140 INFO             PET0 ESMF_MOAB                   : enabled
20240711 075848.140 INFO             PET0 ESMF_LAPACK                 : enabled
20240711 075848.140 INFO             PET0 ESMF_NETCDF                 : enabled
20240711 075848.140 INFO             PET0 ESMF_PNETCDF                : disabled
20240711 075848.140 INFO             PET0 ESMF_PIO                    : enabled
20240711 075848.140 INFO             PET0 ESMF_YAMLCPP                : enabled
20240711 075848.141 INFO             PET0  NUMBER_OF_PROCESSORS           1
20240711 075848.141 INFO             PET0  PASS  Example ESMF_WebServicesEx, ESMF_WebServicesEx.F90, line 227
20240711 075848.141 INFO             PET0  Finalizing ESMF
