2024-06-08 07:29:44
20240608 075857.313 INFO             PET0 !!!!!!!!!!!!!!!!!!!!!!!!!!!!!!!!!!!!!!!!!!!!!!!!!!!!!!
20240608 075857.313 INFO             PET0 !!! THE ESMF_LOG IS SET TO OUTPUT ALL LOG MESSAGES !!!
20240608 075857.313 INFO             PET0 !!!     THIS MAY CAUSE SLOWDOWN IN PERFORMANCE     !!!
20240608 075857.313 INFO             PET0 !!! FOR PRODUCTION RUNS, USE:                      !!!
20240608 075857.313 INFO             PET0 !!!                   ESMF_LOGKIND_Multi_On_Error  !!!
20240608 075857.313 INFO             PET0 !!!!!!!!!!!!!!!!!!!!!!!!!!!!!!!!!!!!!!!!!!!!!!!!!!!!!!
20240608 075857.313 INFO             PET0 Running with ESMF Version   : v8.7.0b07
20240608 075857.313 INFO             PET0 ESMF library build date/time: "Jun  8 2024" "07:27:00"
20240608 075857.313 INFO             PET0 ESMF library build location : /scratch2/NCEPDEV/stmp1/Gerhard.Theurich/ESMF-Nightly-Testing/intel_2023.2.0_mpiuni_O_develop/esmf
20240608 075857.313 INFO             PET0 ESMF_COMM                   : mpiuni
20240608 075857.314 INFO             PET0 ESMF_MOAB                   : enabled
20240608 075857.314 INFO             PET0 ESMF_LAPACK                 : enabled
20240608 075857.314 INFO             PET0 ESMF_NETCDF                 : enabled
20240608 075857.314 INFO             PET0 ESMF_PNETCDF                : disabled
20240608 075857.314 INFO             PET0 ESMF_PIO                    : disabled
20240608 075857.314 INFO             PET0 ESMF_YAMLCPP                : enabled
20240608 075857.315 INFO             PET0  NUMBER_OF_PROCESSORS           1
20240608 075857.315 INFO             PET0  PASS  Example ESMF_VMUserMpiCommMultiEx, ESMF_VMUserMpiCommMultiEx.F90, line 126
20240608 075857.315 INFO             PET0  Finalizing ESMF with endflag==ESMF_END_KEEPMPI
