2024-05-17 07:29:39
20240517 080012.952 INFO             PET0 !!!!!!!!!!!!!!!!!!!!!!!!!!!!!!!!!!!!!!!!!!!!!!!!!!!!!!
20240517 080012.952 INFO             PET0 !!! THE ESMF_LOG IS SET TO OUTPUT ALL LOG MESSAGES !!!
20240517 080012.952 INFO             PET0 !!!     THIS MAY CAUSE SLOWDOWN IN PERFORMANCE     !!!
20240517 080012.952 INFO             PET0 !!! FOR PRODUCTION RUNS, USE:                      !!!
20240517 080012.952 INFO             PET0 !!!                   ESMF_LOGKIND_Multi_On_Error  !!!
20240517 080012.952 INFO             PET0 !!!!!!!!!!!!!!!!!!!!!!!!!!!!!!!!!!!!!!!!!!!!!!!!!!!!!!
20240517 080012.952 INFO             PET0 Running with ESMF Version   : v8.7.0b05-82-gd3465958ff
20240517 080012.952 INFO             PET0 ESMF library build date/time: "May 17 2024" "07:27:07"
20240517 080012.952 INFO             PET0 ESMF library build location : /scratch2/NCEPDEV/stmp1/Gerhard.Theurich/ESMF-Nightly-Testing/intel_2023.2.0_mpiuni_O_develop/esmf
20240517 080012.952 INFO             PET0 ESMF_COMM                   : mpiuni
20240517 080012.953 INFO             PET0 ESMF_MOAB                   : enabled
20240517 080012.953 INFO             PET0 ESMF_LAPACK                 : enabled
20240517 080012.953 INFO             PET0 ESMF_NETCDF                 : enabled
20240517 080012.953 INFO             PET0 ESMF_PNETCDF                : disabled
20240517 080012.953 INFO             PET0 ESMF_PIO                    : disabled
20240517 080012.953 INFO             PET0 ESMF_YAMLCPP                : enabled
20240517 080012.973 DEBUG            PET0 about to destroy Grid: 0xc49f50
20240517 080012.976 DEBUG            PET0 about to destroy Grid: 0xc4afe0
20240517 080012.983 INFO             PET0  NUMBER_OF_PROCESSORS           1
20240517 080012.983 INFO             PET0  PASS  Example ESMF_NUOPCAtmModelEx, ESMF_NUOPCAtmModelEx.F90, line 806
20240517 080012.983 INFO             PET0  Finalizing ESMF
