2024-07-23 04:43:01
20240723 050234.516 INFO             PET0 !!!!!!!!!!!!!!!!!!!!!!!!!!!!!!!!!!!!!!!!!!!!!!!!!!!!!!
20240723 050234.516 INFO             PET0 !!! THE ESMF_LOG IS SET TO OUTPUT ALL LOG MESSAGES !!!
20240723 050234.516 INFO             PET0 !!!     THIS MAY CAUSE SLOWDOWN IN PERFORMANCE     !!!
20240723 050234.516 INFO             PET0 !!! FOR PRODUCTION RUNS, USE:                      !!!
20240723 050234.516 INFO             PET0 !!!                   ESMF_LOGKIND_Multi_On_Error  !!!
20240723 050234.516 INFO             PET0 !!!!!!!!!!!!!!!!!!!!!!!!!!!!!!!!!!!!!!!!!!!!!!!!!!!!!!
20240723 050234.516 INFO             PET0 Running with ESMF Version   : v8.7.0b09-4-g1506816bee
20240723 050234.516 INFO             PET0 ESMF library build date/time: "Jul 23 2024" "04:41:54"
20240723 050234.516 INFO             PET0 ESMF library build location : /tmp/gfortran_12.2.0_mpiuni_O_feature_numa/esmf
20240723 050234.516 INFO             PET0 ESMF_COMM                   : mpiuni
20240723 050234.516 INFO             PET0 ESMF_MOAB                   : enabled
20240723 050234.516 INFO             PET0 ESMF_LAPACK                 : enabled
20240723 050234.516 INFO             PET0 ESMF_NETCDF                 : enabled
20240723 050234.516 INFO             PET0 ESMF_PNETCDF                : disabled
20240723 050234.516 INFO             PET0 ESMF_PIO                    : enabled
20240723 050234.516 INFO             PET0 ESMF_YAMLCPP                : enabled
20240723 050234.516 INFO             PET0  NUMBER_OF_PROCESSORS           1
20240723 050234.516 INFO             PET0  PASS  Example ESMF_WebServicesEx, ESMF_WebServicesEx.F90, line 227
20240723 050234.516 INFO             PET0  Finalizing ESMF
