2024-05-17 03:55:24
20240517 042849.067 INFO             PET0 !!!!!!!!!!!!!!!!!!!!!!!!!!!!!!!!!!!!!!!!!!!!!!!!!!!!!!
20240517 042849.067 INFO             PET0 !!! THE ESMF_LOG IS SET TO OUTPUT ALL LOG MESSAGES !!!
20240517 042849.067 INFO             PET0 !!!     THIS MAY CAUSE SLOWDOWN IN PERFORMANCE     !!!
20240517 042849.067 INFO             PET0 !!! FOR PRODUCTION RUNS, USE:                      !!!
20240517 042849.067 INFO             PET0 !!!                   ESMF_LOGKIND_Multi_On_Error  !!!
20240517 042849.067 INFO             PET0 !!!!!!!!!!!!!!!!!!!!!!!!!!!!!!!!!!!!!!!!!!!!!!!!!!!!!!
20240517 042849.067 INFO             PET0 Running with ESMF Version   : v8.7.0b05-82-gd3465958ff
20240517 042849.067 INFO             PET0 ESMF library build date/time: "May 17 2024" "03:53:17"
20240517 042849.067 INFO             PET0 ESMF library build location : /glade/derecho/scratch/sacks/esmf-testing/cce_15.0.1_mpi_g_develop/esmf
20240517 042849.067 INFO             PET0 ESMF_COMM                   : mpi
20240517 042849.067 INFO             PET0 ESMF_MOAB                   : enabled
20240517 042849.067 INFO             PET0 ESMF_LAPACK                 : enabled
20240517 042849.067 INFO             PET0 ESMF_NETCDF                 : enabled
20240517 042849.067 INFO             PET0 ESMF_PNETCDF                : disabled
20240517 042849.067 INFO             PET0 ESMF_PIO                    : enabled
20240517 042849.067 INFO             PET0 ESMF_YAMLCPP                : enabled
20240517 042849.068 INFO             PET0  NUMBER_OF_PROCESSORS 1
20240517 042849.068 INFO             PET0  PASS  Example ESMF_TimeIntervalEx, ESMF_TimeIntervalEx.F90, line 176
20240517 042849.068 INFO             PET0  Finalizing ESMF
