2024-05-23 03:29:46
20240523 035938.090 INFO             PET0 !!!!!!!!!!!!!!!!!!!!!!!!!!!!!!!!!!!!!!!!!!!!!!!!!!!!!!
20240523 035938.090 INFO             PET0 !!! THE ESMF_LOG IS SET TO OUTPUT ALL LOG MESSAGES !!!
20240523 035938.090 INFO             PET0 !!!     THIS MAY CAUSE SLOWDOWN IN PERFORMANCE     !!!
20240523 035938.090 INFO             PET0 !!! FOR PRODUCTION RUNS, USE:                      !!!
20240523 035938.090 INFO             PET0 !!!                   ESMF_LOGKIND_Multi_On_Error  !!!
20240523 035938.090 INFO             PET0 !!!!!!!!!!!!!!!!!!!!!!!!!!!!!!!!!!!!!!!!!!!!!!!!!!!!!!
20240523 035938.090 INFO             PET0 Running with ESMF Version   : v8.7.0b06
20240523 035938.090 INFO             PET0 ESMF library build date/time: "May 23 2024" "03:27:57"
20240523 035938.090 INFO             PET0 ESMF library build location : /glade/derecho/scratch/sacks/esmf-testing/cce_15.0.1_mpi_g_develop/esmf
20240523 035938.090 INFO             PET0 ESMF_COMM                   : mpi
20240523 035938.090 INFO             PET0 ESMF_MOAB                   : enabled
20240523 035938.090 INFO             PET0 ESMF_LAPACK                 : enabled
20240523 035938.090 INFO             PET0 ESMF_NETCDF                 : enabled
20240523 035938.090 INFO             PET0 ESMF_PNETCDF                : disabled
20240523 035938.090 INFO             PET0 ESMF_PIO                    : enabled
20240523 035938.090 INFO             PET0 ESMF_YAMLCPP                : enabled
20240523 035938.090 INFO             PET0 ESMF Tracing Enabled
20240523 035938.090 INFO             PET0 ESMF Profiling Enabled
20240523 035938.090 INFO             PET0 ESMF Trace/Profile clock: REALTIME
20240523 035938.099 INFO             PET0  NUMBER_OF_PROCESSORS 4
20240523 035938.099 INFO             PET0  PASS  Example ESMF_TraceUserEx, ESMF_TraceUserEx.F90, line 125
20240523 035938.099 INFO             PET0  Finalizing ESMF
20240523 035938.099 INFO             PET0 **************** Region Timings *******************
20240523 035938.099 INFO             PET0 Region                Count  Total (s)   Self (s)    Mean (s)    Min (s)     Max (s)
20240523 035938.099 INFO             PET0   [ESMF]              1      0.0006      0.0002      0.0006      0.0006      0.0006
20240523 035938.099 INFO             PET0     outer_region      1      0.0004      0.0000      0.0004      0.0004      0.0004
20240523 035938.099 INFO             PET0       inner_region_1  10     0.0002      0.0002      0.0000      0.0000      0.0000
20240523 035938.099 INFO             PET0       inner_region_2  10     0.0001      0.0001      0.0000      0.0000      0.0000
20240523 035938.091 INFO             PET1 !!!!!!!!!!!!!!!!!!!!!!!!!!!!!!!!!!!!!!!!!!!!!!!!!!!!!!
20240523 035938.092 INFO             PET1 !!! THE ESMF_LOG IS SET TO OUTPUT ALL LOG MESSAGES !!!
20240523 035938.092 INFO             PET1 !!!     THIS MAY CAUSE SLOWDOWN IN PERFORMANCE     !!!
20240523 035938.092 INFO             PET1 !!! FOR PRODUCTION RUNS, USE:                      !!!
20240523 035938.092 INFO             PET1 !!!                   ESMF_LOGKIND_Multi_On_Error  !!!
20240523 035938.092 INFO             PET1 !!!!!!!!!!!!!!!!!!!!!!!!!!!!!!!!!!!!!!!!!!!!!!!!!!!!!!
20240523 035938.092 INFO             PET1 Running with ESMF Version   : v8.7.0b06
20240523 035938.092 INFO             PET1 ESMF library build date/time: "May 23 2024" "03:27:57"
20240523 035938.092 INFO             PET1 ESMF library build location : /glade/derecho/scratch/sacks/esmf-testing/cce_15.0.1_mpi_g_develop/esmf
20240523 035938.092 INFO             PET1 ESMF_COMM                   : mpi
20240523 035938.094 INFO             PET1 ESMF_MOAB                   : enabled
20240523 035938.094 INFO             PET1 ESMF_LAPACK                 : enabled
20240523 035938.094 INFO             PET1 ESMF_NETCDF                 : enabled
20240523 035938.094 INFO             PET1 ESMF_PNETCDF                : disabled
20240523 035938.094 INFO             PET1 ESMF_PIO                    : enabled
20240523 035938.094 INFO             PET1 ESMF_YAMLCPP                : enabled
20240523 035938.094 INFO             PET1 ESMF Tracing Enabled
20240523 035938.094 INFO             PET1 ESMF Profiling Enabled
20240523 035938.094 INFO             PET1 ESMF Trace/Profile clock: REALTIME
20240523 035938.099 INFO             PET1  NUMBER_OF_PROCESSORS 4
20240523 035938.099 INFO             PET1  PASS  Example ESMF_TraceUserEx, ESMF_TraceUserEx.F90, line 125
20240523 035938.099 INFO             PET1  Finalizing ESMF
20240523 035938.099 INFO             PET1 **************** Region Timings *******************
20240523 035938.099 INFO             PET1 Region                Count  Total (s)   Self (s)    Mean (s)    Min (s)     Max (s)
20240523 035938.099 INFO             PET1   [ESMF]              1      0.0031      0.0027      0.0031      0.0031      0.0031
20240523 035938.099 INFO             PET1     outer_region      1      0.0003      0.0000      0.0003      0.0003      0.0003
20240523 035938.099 INFO             PET1       inner_region_1  10     0.0002      0.0002      0.0000      0.0000      0.0000
20240523 035938.099 INFO             PET1       inner_region_2  10     0.0001      0.0001      0.0000      0.0000      0.0000
20240523 035938.089 INFO             PET2 !!!!!!!!!!!!!!!!!!!!!!!!!!!!!!!!!!!!!!!!!!!!!!!!!!!!!!
20240523 035938.089 INFO             PET2 !!! THE ESMF_LOG IS SET TO OUTPUT ALL LOG MESSAGES !!!
20240523 035938.089 INFO             PET2 !!!     THIS MAY CAUSE SLOWDOWN IN PERFORMANCE     !!!
20240523 035938.089 INFO             PET2 !!! FOR PRODUCTION RUNS, USE:                      !!!
20240523 035938.089 INFO             PET2 !!!                   ESMF_LOGKIND_Multi_On_Error  !!!
20240523 035938.089 INFO             PET2 !!!!!!!!!!!!!!!!!!!!!!!!!!!!!!!!!!!!!!!!!!!!!!!!!!!!!!
20240523 035938.089 INFO             PET2 Running with ESMF Version   : v8.7.0b06
20240523 035938.089 INFO             PET2 ESMF library build date/time: "May 23 2024" "03:27:57"
20240523 035938.089 INFO             PET2 ESMF library build location : /glade/derecho/scratch/sacks/esmf-testing/cce_15.0.1_mpi_g_develop/esmf
20240523 035938.089 INFO             PET2 ESMF_COMM                   : mpi
20240523 035938.091 INFO             PET2 ESMF_MOAB                   : enabled
20240523 035938.091 INFO             PET2 ESMF_LAPACK                 : enabled
20240523 035938.091 INFO             PET2 ESMF_NETCDF                 : enabled
20240523 035938.091 INFO             PET2 ESMF_PNETCDF                : disabled
20240523 035938.091 INFO             PET2 ESMF_PIO                    : enabled
20240523 035938.091 INFO             PET2 ESMF_YAMLCPP                : enabled
20240523 035938.091 INFO             PET2 ESMF Tracing Enabled
20240523 035938.091 INFO             PET2 ESMF Profiling Enabled
20240523 035938.091 INFO             PET2 ESMF Trace/Profile clock: REALTIME
20240523 035938.099 INFO             PET2  NUMBER_OF_PROCESSORS 4
20240523 035938.099 INFO             PET2  PASS  Example ESMF_TraceUserEx, ESMF_TraceUserEx.F90, line 125
20240523 035938.099 INFO             PET2  Finalizing ESMF
20240523 035938.099 INFO             PET2 **************** Region Timings *******************
20240523 035938.099 INFO             PET2 Region                Count  Total (s)   Self (s)    Mean (s)    Min (s)     Max (s)
20240523 035938.099 INFO             PET2   [ESMF]              1      0.0034      0.0031      0.0034      0.0034      0.0034
20240523 035938.099 INFO             PET2     outer_region      1      0.0003      0.0000      0.0003      0.0003      0.0003
20240523 035938.099 INFO             PET2       inner_region_1  10     0.0002      0.0002      0.0000      0.0000      0.0000
20240523 035938.099 INFO             PET2       inner_region_2  10     0.0001      0.0001      0.0000      0.0000      0.0000
20240523 035938.089 INFO             PET3 !!!!!!!!!!!!!!!!!!!!!!!!!!!!!!!!!!!!!!!!!!!!!!!!!!!!!!
20240523 035938.089 INFO             PET3 !!! THE ESMF_LOG IS SET TO OUTPUT ALL LOG MESSAGES !!!
20240523 035938.089 INFO             PET3 !!!     THIS MAY CAUSE SLOWDOWN IN PERFORMANCE     !!!
20240523 035938.089 INFO             PET3 !!! FOR PRODUCTION RUNS, USE:                      !!!
20240523 035938.089 INFO             PET3 !!!                   ESMF_LOGKIND_Multi_On_Error  !!!
20240523 035938.089 INFO             PET3 !!!!!!!!!!!!!!!!!!!!!!!!!!!!!!!!!!!!!!!!!!!!!!!!!!!!!!
20240523 035938.089 INFO             PET3 Running with ESMF Version   : v8.7.0b06
20240523 035938.089 INFO             PET3 ESMF library build date/time: "May 23 2024" "03:27:57"
20240523 035938.089 INFO             PET3 ESMF library build location : /glade/derecho/scratch/sacks/esmf-testing/cce_15.0.1_mpi_g_develop/esmf
20240523 035938.089 INFO             PET3 ESMF_COMM                   : mpi
20240523 035938.090 INFO             PET3 ESMF_MOAB                   : enabled
20240523 035938.090 INFO             PET3 ESMF_LAPACK                 : enabled
20240523 035938.090 INFO             PET3 ESMF_NETCDF                 : enabled
20240523 035938.090 INFO             PET3 ESMF_PNETCDF                : disabled
20240523 035938.090 INFO             PET3 ESMF_PIO                    : enabled
20240523 035938.090 INFO             PET3 ESMF_YAMLCPP                : enabled
20240523 035938.090 INFO             PET3 ESMF Tracing Enabled
20240523 035938.090 INFO             PET3 ESMF Profiling Enabled
20240523 035938.090 INFO             PET3 ESMF Trace/Profile clock: REALTIME
20240523 035938.099 INFO             PET3  NUMBER_OF_PROCESSORS 4
20240523 035938.099 INFO             PET3  PASS  Example ESMF_TraceUserEx, ESMF_TraceUserEx.F90, line 125
20240523 035938.099 INFO             PET3  Finalizing ESMF
20240523 035938.099 INFO             PET3 **************** Region Timings *******************
20240523 035938.099 INFO             PET3 Region                Count  Total (s)   Self (s)    Mean (s)    Min (s)     Max (s)
20240523 035938.099 INFO             PET3   [ESMF]              1      0.0034      0.0031      0.0034      0.0034      0.0034
20240523 035938.099 INFO             PET3     outer_region      1      0.0003      0.0000      0.0003      0.0003      0.0003
20240523 035938.099 INFO             PET3       inner_region_1  10     0.0002      0.0002      0.0000      0.0000      0.0000
20240523 035938.099 INFO             PET3       inner_region_2  10     0.0001      0.0001      0.0000      0.0000      0.0000
