2024-05-21 03:22:24
20240521 034506.390 INFO             PET0 !!!!!!!!!!!!!!!!!!!!!!!!!!!!!!!!!!!!!!!!!!!!!!!!!!!!!!
20240521 034506.390 INFO             PET0 !!! THE ESMF_LOG IS SET TO OUTPUT ALL LOG MESSAGES !!!
20240521 034506.390 INFO             PET0 !!!     THIS MAY CAUSE SLOWDOWN IN PERFORMANCE     !!!
20240521 034506.390 INFO             PET0 !!! FOR PRODUCTION RUNS, USE:                      !!!
20240521 034506.390 INFO             PET0 !!!                   ESMF_LOGKIND_Multi_On_Error  !!!
20240521 034506.390 INFO             PET0 !!!!!!!!!!!!!!!!!!!!!!!!!!!!!!!!!!!!!!!!!!!!!!!!!!!!!!
20240521 034506.390 INFO             PET0 Running with ESMF Version   : v8.7.0b05-86-g6f1fcac0dc
20240521 034506.390 INFO             PET0 ESMF library build date/time: "May 21 2024" "03:21:12"
20240521 034506.390 INFO             PET0 ESMF library build location : /home/gerhard/ESMF-Nightly-Testing/gfortran_11.2.0_mpich_g_develop/esmf
20240521 034506.390 INFO             PET0 ESMF_COMM                   : mpich
20240521 034506.390 INFO             PET0 ESMF_MOAB                   : enabled
20240521 034506.390 INFO             PET0 ESMF_LAPACK                 : enabled
20240521 034506.390 INFO             PET0 ESMF_NETCDF                 : enabled
20240521 034506.390 INFO             PET0 ESMF_PNETCDF                : disabled
20240521 034506.390 INFO             PET0 ESMF_PIO                    : enabled
20240521 034506.390 INFO             PET0 ESMF_YAMLCPP                : enabled
20240521 034506.464 DEBUG            PET0 about to destroy Grid: 0x1c168d0
20240521 034506.474 DEBUG            PET0 about to destroy Grid: 0x1c18190
20240521 034506.499 INFO             PET0  NUMBER_OF_PROCESSORS           4
20240521 034506.499 INFO             PET0  PASS  Example ESMF_NUOPCAtmModelEx, ESMF_NUOPCAtmModelEx.F90, line 806
20240521 034506.499 INFO             PET0  Finalizing ESMF
20240521 034506.390 INFO             PET1 !!!!!!!!!!!!!!!!!!!!!!!!!!!!!!!!!!!!!!!!!!!!!!!!!!!!!!
20240521 034506.390 INFO             PET1 !!! THE ESMF_LOG IS SET TO OUTPUT ALL LOG MESSAGES !!!
20240521 034506.390 INFO             PET1 !!!     THIS MAY CAUSE SLOWDOWN IN PERFORMANCE     !!!
20240521 034506.390 INFO             PET1 !!! FOR PRODUCTION RUNS, USE:                      !!!
20240521 034506.390 INFO             PET1 !!!                   ESMF_LOGKIND_Multi_On_Error  !!!
20240521 034506.390 INFO             PET1 !!!!!!!!!!!!!!!!!!!!!!!!!!!!!!!!!!!!!!!!!!!!!!!!!!!!!!
20240521 034506.390 INFO             PET1 Running with ESMF Version   : v8.7.0b05-86-g6f1fcac0dc
20240521 034506.390 INFO             PET1 ESMF library build date/time: "May 21 2024" "03:21:12"
20240521 034506.390 INFO             PET1 ESMF library build location : /home/gerhard/ESMF-Nightly-Testing/gfortran_11.2.0_mpich_g_develop/esmf
20240521 034506.390 INFO             PET1 ESMF_COMM                   : mpich
20240521 034506.390 INFO             PET1 ESMF_MOAB                   : enabled
20240521 034506.390 INFO             PET1 ESMF_LAPACK                 : enabled
20240521 034506.390 INFO             PET1 ESMF_NETCDF                 : enabled
20240521 034506.390 INFO             PET1 ESMF_PNETCDF                : disabled
20240521 034506.390 INFO             PET1 ESMF_PIO                    : enabled
20240521 034506.390 INFO             PET1 ESMF_YAMLCPP                : enabled
20240521 034506.464 DEBUG            PET1 about to destroy Grid: 0x18ed790
20240521 034506.474 DEBUG            PET1 about to destroy Grid: 0x18ef1b0
20240521 034506.499 INFO             PET1  NUMBER_OF_PROCESSORS           4
20240521 034506.499 INFO             PET1  PASS  Example ESMF_NUOPCAtmModelEx, ESMF_NUOPCAtmModelEx.F90, line 806
20240521 034506.499 INFO             PET1  Finalizing ESMF
20240521 034506.390 INFO             PET2 !!!!!!!!!!!!!!!!!!!!!!!!!!!!!!!!!!!!!!!!!!!!!!!!!!!!!!
20240521 034506.390 INFO             PET2 !!! THE ESMF_LOG IS SET TO OUTPUT ALL LOG MESSAGES !!!
20240521 034506.390 INFO             PET2 !!!     THIS MAY CAUSE SLOWDOWN IN PERFORMANCE     !!!
20240521 034506.390 INFO             PET2 !!! FOR PRODUCTION RUNS, USE:                      !!!
20240521 034506.390 INFO             PET2 !!!                   ESMF_LOGKIND_Multi_On_Error  !!!
20240521 034506.390 INFO             PET2 !!!!!!!!!!!!!!!!!!!!!!!!!!!!!!!!!!!!!!!!!!!!!!!!!!!!!!
20240521 034506.390 INFO             PET2 Running with ESMF Version   : v8.7.0b05-86-g6f1fcac0dc
20240521 034506.390 INFO             PET2 ESMF library build date/time: "May 21 2024" "03:21:12"
20240521 034506.390 INFO             PET2 ESMF library build location : /home/gerhard/ESMF-Nightly-Testing/gfortran_11.2.0_mpich_g_develop/esmf
20240521 034506.390 INFO             PET2 ESMF_COMM                   : mpich
20240521 034506.390 INFO             PET2 ESMF_MOAB                   : enabled
20240521 034506.390 INFO             PET2 ESMF_LAPACK                 : enabled
20240521 034506.390 INFO             PET2 ESMF_NETCDF                 : enabled
20240521 034506.390 INFO             PET2 ESMF_PNETCDF                : disabled
20240521 034506.390 INFO             PET2 ESMF_PIO                    : enabled
20240521 034506.390 INFO             PET2 ESMF_YAMLCPP                : enabled
20240521 034506.464 DEBUG            PET2 about to destroy Grid: 0x1180e30
20240521 034506.474 DEBUG            PET2 about to destroy Grid: 0x1182850
20240521 034506.499 INFO             PET2  NUMBER_OF_PROCESSORS           4
20240521 034506.499 INFO             PET2  PASS  Example ESMF_NUOPCAtmModelEx, ESMF_NUOPCAtmModelEx.F90, line 806
20240521 034506.499 INFO             PET2  Finalizing ESMF
20240521 034506.390 INFO             PET3 !!!!!!!!!!!!!!!!!!!!!!!!!!!!!!!!!!!!!!!!!!!!!!!!!!!!!!
20240521 034506.390 INFO             PET3 !!! THE ESMF_LOG IS SET TO OUTPUT ALL LOG MESSAGES !!!
20240521 034506.390 INFO             PET3 !!!     THIS MAY CAUSE SLOWDOWN IN PERFORMANCE     !!!
20240521 034506.390 INFO             PET3 !!! FOR PRODUCTION RUNS, USE:                      !!!
20240521 034506.390 INFO             PET3 !!!                   ESMF_LOGKIND_Multi_On_Error  !!!
20240521 034506.390 INFO             PET3 !!!!!!!!!!!!!!!!!!!!!!!!!!!!!!!!!!!!!!!!!!!!!!!!!!!!!!
20240521 034506.390 INFO             PET3 Running with ESMF Version   : v8.7.0b05-86-g6f1fcac0dc
20240521 034506.390 INFO             PET3 ESMF library build date/time: "May 21 2024" "03:21:12"
20240521 034506.390 INFO             PET3 ESMF library build location : /home/gerhard/ESMF-Nightly-Testing/gfortran_11.2.0_mpich_g_develop/esmf
20240521 034506.390 INFO             PET3 ESMF_COMM                   : mpich
20240521 034506.390 INFO             PET3 ESMF_MOAB                   : enabled
20240521 034506.390 INFO             PET3 ESMF_LAPACK                 : enabled
20240521 034506.390 INFO             PET3 ESMF_NETCDF                 : enabled
20240521 034506.390 INFO             PET3 ESMF_PNETCDF                : disabled
20240521 034506.390 INFO             PET3 ESMF_PIO                    : enabled
20240521 034506.390 INFO             PET3 ESMF_YAMLCPP                : enabled
20240521 034506.464 DEBUG            PET3 about to destroy Grid: 0x2469e30
20240521 034506.474 DEBUG            PET3 about to destroy Grid: 0x246b850
20240521 034506.499 INFO             PET3  NUMBER_OF_PROCESSORS           4
20240521 034506.499 INFO             PET3  PASS  Example ESMF_NUOPCAtmModelEx, ESMF_NUOPCAtmModelEx.F90, line 806
20240521 034506.499 INFO             PET3  Finalizing ESMF
