2024-05-12 03:05:34
20240512 032634.077 INFO             PET0 !!!!!!!!!!!!!!!!!!!!!!!!!!!!!!!!!!!!!!!!!!!!!!!!!!!!!!
20240512 032634.077 INFO             PET0 !!! THE ESMF_LOG IS SET TO OUTPUT ALL LOG MESSAGES !!!
20240512 032634.077 INFO             PET0 !!!     THIS MAY CAUSE SLOWDOWN IN PERFORMANCE     !!!
20240512 032634.077 INFO             PET0 !!! FOR PRODUCTION RUNS, USE:                      !!!
20240512 032634.077 INFO             PET0 !!!                   ESMF_LOGKIND_Multi_On_Error  !!!
20240512 032634.077 INFO             PET0 !!!!!!!!!!!!!!!!!!!!!!!!!!!!!!!!!!!!!!!!!!!!!!!!!!!!!!
20240512 032634.077 INFO             PET0 Running with ESMF Version   : v8.7.0b05-64-gacdb5de3ff
20240512 032634.077 INFO             PET0 ESMF library build date/time: "May 12 2024" "03:04:27"
20240512 032634.077 INFO             PET0 ESMF library build location : /home/gerhard/ESMF-Nightly-Testing/gfortran_11.2.0_mpich_g_develop/esmf
20240512 032634.077 INFO             PET0 ESMF_COMM                   : mpich
20240512 032634.077 INFO             PET0 ESMF_MOAB                   : enabled
20240512 032634.077 INFO             PET0 ESMF_LAPACK                 : enabled
20240512 032634.077 INFO             PET0 ESMF_NETCDF                 : enabled
20240512 032634.077 INFO             PET0 ESMF_PNETCDF                : disabled
20240512 032634.077 INFO             PET0 ESMF_PIO                    : enabled
20240512 032634.077 INFO             PET0 ESMF_YAMLCPP                : enabled
20240512 032634.077 INFO             PET0  NUMBER_OF_PROCESSORS           2
20240512 032634.077 INFO             PET0  PASS  Example ESMF_VMUserMpiCommEx, ESMF_VMUserMpiCommEx.F90, line 113
20240512 032634.077 INFO             PET0  Finalizing ESMF with endflag==ESMF_END_KEEPMPI
20240512 032634.077 INFO             PET1 !!!!!!!!!!!!!!!!!!!!!!!!!!!!!!!!!!!!!!!!!!!!!!!!!!!!!!
20240512 032634.077 INFO             PET1 !!! THE ESMF_LOG IS SET TO OUTPUT ALL LOG MESSAGES !!!
20240512 032634.077 INFO             PET1 !!!     THIS MAY CAUSE SLOWDOWN IN PERFORMANCE     !!!
20240512 032634.077 INFO             PET1 !!! FOR PRODUCTION RUNS, USE:                      !!!
20240512 032634.077 INFO             PET1 !!!                   ESMF_LOGKIND_Multi_On_Error  !!!
20240512 032634.077 INFO             PET1 !!!!!!!!!!!!!!!!!!!!!!!!!!!!!!!!!!!!!!!!!!!!!!!!!!!!!!
20240512 032634.077 INFO             PET1 Running with ESMF Version   : v8.7.0b05-64-gacdb5de3ff
20240512 032634.077 INFO             PET1 ESMF library build date/time: "May 12 2024" "03:04:27"
20240512 032634.077 INFO             PET1 ESMF library build location : /home/gerhard/ESMF-Nightly-Testing/gfortran_11.2.0_mpich_g_develop/esmf
20240512 032634.077 INFO             PET1 ESMF_COMM                   : mpich
20240512 032634.077 INFO             PET1 ESMF_MOAB                   : enabled
20240512 032634.077 INFO             PET1 ESMF_LAPACK                 : enabled
20240512 032634.077 INFO             PET1 ESMF_NETCDF                 : enabled
20240512 032634.077 INFO             PET1 ESMF_PNETCDF                : disabled
20240512 032634.077 INFO             PET1 ESMF_PIO                    : enabled
20240512 032634.077 INFO             PET1 ESMF_YAMLCPP                : enabled
20240512 032634.077 INFO             PET1  NUMBER_OF_PROCESSORS           2
20240512 032634.077 INFO             PET1  PASS  Example ESMF_VMUserMpiCommEx, ESMF_VMUserMpiCommEx.F90, line 113
20240512 032634.077 INFO             PET1  Finalizing ESMF with endflag==ESMF_END_KEEPMPI
