2024-07-24 02:29:31
20240724 024717.954 INFO             PET0 !!!!!!!!!!!!!!!!!!!!!!!!!!!!!!!!!!!!!!!!!!!!!!!!!!!!!!
20240724 024717.954 INFO             PET0 !!! THE ESMF_LOG IS SET TO OUTPUT ALL LOG MESSAGES !!!
20240724 024717.954 INFO             PET0 !!!     THIS MAY CAUSE SLOWDOWN IN PERFORMANCE     !!!
20240724 024717.954 INFO             PET0 !!! FOR PRODUCTION RUNS, USE:                      !!!
20240724 024717.954 INFO             PET0 !!!                   ESMF_LOGKIND_Multi_On_Error  !!!
20240724 024717.954 INFO             PET0 !!!!!!!!!!!!!!!!!!!!!!!!!!!!!!!!!!!!!!!!!!!!!!!!!!!!!!
20240724 024717.954 INFO             PET0 Running with ESMF Version   : v8.7.0b09-5-g5845ab67f6
20240724 024717.954 INFO             PET0 ESMF library build date/time: "Jul 24 2024" "02:28:35"
20240724 024717.954 INFO             PET0 ESMF library build location : /discover/nobackup/projects/sbu/mpotts/esmf-test/gfortran_8.3.0_intelmpi_O_feature_numa/esmf
20240724 024717.954 INFO             PET0 ESMF_COMM                   : intelmpi
20240724 024717.954 INFO             PET0 ESMF_MOAB                   : enabled
20240724 024717.954 INFO             PET0 ESMF_LAPACK                 : enabled
20240724 024717.954 INFO             PET0 ESMF_NETCDF                 : disabled
20240724 024717.954 INFO             PET0 ESMF_PNETCDF                : disabled
20240724 024717.954 INFO             PET0 ESMF_PIO                    : disabled
20240724 024717.954 INFO             PET0 ESMF_YAMLCPP                : enabled
20240724 024717.954 INFO             PET0  NUMBER_OF_PROCESSORS           1
20240724 024717.954 INFO             PET0  PASS  Example ESMF_TimeEx, ESMF_TimeEx.F90, line 141
20240724 024717.954 INFO             PET0  Finalizing ESMF
