2024-06-05 01:54:18
20240605 022601.616 INFO             PET0 !!!!!!!!!!!!!!!!!!!!!!!!!!!!!!!!!!!!!!!!!!!!!!!!!!!!!!
20240605 022601.616 INFO             PET0 !!! THE ESMF_LOG IS SET TO OUTPUT ALL LOG MESSAGES !!!
20240605 022601.616 INFO             PET0 !!!     THIS MAY CAUSE SLOWDOWN IN PERFORMANCE     !!!
20240605 022601.616 INFO             PET0 !!! FOR PRODUCTION RUNS, USE:                      !!!
20240605 022601.616 INFO             PET0 !!!                   ESMF_LOGKIND_Multi_On_Error  !!!
20240605 022601.616 INFO             PET0 !!!!!!!!!!!!!!!!!!!!!!!!!!!!!!!!!!!!!!!!!!!!!!!!!!!!!!
20240605 022601.616 INFO             PET0 Running with ESMF Version   : v8.7.0b06-37-g31f880616f
20240605 022601.616 INFO             PET0 ESMF library build date/time: "Jun  5 2024" "01:51:59"
20240605 022601.616 INFO             PET0 ESMF library build location : /scratch/cluster/theurich/ESMF-Nightly-Testing/intel_20.0.1_mpiuni_O_develop/esmf
20240605 022601.616 INFO             PET0 ESMF_COMM                   : mpiuni
20240605 022601.619 INFO             PET0 ESMF_MOAB                   : enabled
20240605 022601.619 INFO             PET0 ESMF_LAPACK                 : enabled
20240605 022601.619 INFO             PET0 ESMF_NETCDF                 : enabled
20240605 022601.619 INFO             PET0 ESMF_PNETCDF                : disabled
20240605 022601.619 INFO             PET0 ESMF_PIO                    : disabled
20240605 022601.619 INFO             PET0 ESMF_YAMLCPP                : enabled
20240605 022601.718 INFO             PET0  NUMBER_OF_PROCESSORS           1
20240605 022601.720 INFO             PET0  PASS  Example ESMF_RHandleDynamicMaskingEx, ESMF_RHandleDynamicMaskingEx.F90, line 1116
20240605 022601.720 INFO             PET0  Finalizing ESMF
