2024-06-26 01:52:37
20240626 022529.139 INFO             PET0 !!!!!!!!!!!!!!!!!!!!!!!!!!!!!!!!!!!!!!!!!!!!!!!!!!!!!!
20240626 022529.139 INFO             PET0 !!! THE ESMF_LOG IS SET TO OUTPUT ALL LOG MESSAGES !!!
20240626 022529.139 INFO             PET0 !!!     THIS MAY CAUSE SLOWDOWN IN PERFORMANCE     !!!
20240626 022529.139 INFO             PET0 !!! FOR PRODUCTION RUNS, USE:                      !!!
20240626 022529.139 INFO             PET0 !!!                   ESMF_LOGKIND_Multi_On_Error  !!!
20240626 022529.139 INFO             PET0 !!!!!!!!!!!!!!!!!!!!!!!!!!!!!!!!!!!!!!!!!!!!!!!!!!!!!!
20240626 022529.139 INFO             PET0 Running with ESMF Version   : v8.7.0b07-3-g03d0eb5fc0
20240626 022529.139 INFO             PET0 ESMF library build date/time: "Jun 26 2024" "01:50:19"
20240626 022529.139 INFO             PET0 ESMF library build location : /scratch/cluster/theurich/ESMF-Nightly-Testing/intel_20.0.1_mpiuni_O_develop/esmf
20240626 022529.139 INFO             PET0 ESMF_COMM                   : mpiuni
20240626 022529.143 INFO             PET0 ESMF_MOAB                   : enabled
20240626 022529.143 INFO             PET0 ESMF_LAPACK                 : enabled
20240626 022529.143 INFO             PET0 ESMF_NETCDF                 : enabled
20240626 022529.143 INFO             PET0 ESMF_PNETCDF                : disabled
20240626 022529.143 INFO             PET0 ESMF_PIO                    : disabled
20240626 022529.143 INFO             PET0 ESMF_YAMLCPP                : enabled
20240626 022529.147 INFO             PET0  NUMBER_OF_PROCESSORS           1
20240626 022529.147 INFO             PET0  PASS  Example ESMF_InternalStateModEx, ESMF_InternalStateModEx.F90, line 239
20240626 022529.147 INFO             PET0  Finalizing ESMF
