2024-05-18 01:56:51
20240518 022658.542 INFO             PET0 !!!!!!!!!!!!!!!!!!!!!!!!!!!!!!!!!!!!!!!!!!!!!!!!!!!!!!
20240518 022658.542 INFO             PET0 !!! THE ESMF_LOG IS SET TO OUTPUT ALL LOG MESSAGES !!!
20240518 022658.542 INFO             PET0 !!!     THIS MAY CAUSE SLOWDOWN IN PERFORMANCE     !!!
20240518 022658.542 INFO             PET0 !!! FOR PRODUCTION RUNS, USE:                      !!!
20240518 022658.542 INFO             PET0 !!!                   ESMF_LOGKIND_Multi_On_Error  !!!
20240518 022658.542 INFO             PET0 !!!!!!!!!!!!!!!!!!!!!!!!!!!!!!!!!!!!!!!!!!!!!!!!!!!!!!
20240518 022658.542 INFO             PET0 Running with ESMF Version   : v8.7.0b05-86-g6f1fcac0dc
20240518 022658.542 INFO             PET0 ESMF library build date/time: "May 18 2024" "01:54:07"
20240518 022658.542 INFO             PET0 ESMF library build location : /scratch/cluster/theurich/ESMF-Nightly-Testing/intel_20.0.1_mpiuni_O_develop/esmf
20240518 022658.542 INFO             PET0 ESMF_COMM                   : mpiuni
20240518 022658.546 INFO             PET0 ESMF_MOAB                   : enabled
20240518 022658.546 INFO             PET0 ESMF_LAPACK                 : enabled
20240518 022658.546 INFO             PET0 ESMF_NETCDF                 : enabled
20240518 022658.546 INFO             PET0 ESMF_PNETCDF                : disabled
20240518 022658.546 INFO             PET0 ESMF_PIO                    : disabled
20240518 022658.546 INFO             PET0 ESMF_YAMLCPP                : enabled
20240518 022658.551 INFO             PET0  NUMBER_OF_PROCESSORS           1
20240518 022658.551 INFO             PET0  PASS  Example ESMF_VMDefaultBasicsEx, ESMF_VMDefaultBasicsEx.F90, line 107
20240518 022658.551 INFO             PET0  Finalizing ESMF
