2024-07-13 01:57:24
20240713 022831.207 INFO             PET0 !!!!!!!!!!!!!!!!!!!!!!!!!!!!!!!!!!!!!!!!!!!!!!!!!!!!!!
20240713 022831.207 INFO             PET0 !!! THE ESMF_LOG IS SET TO OUTPUT ALL LOG MESSAGES !!!
20240713 022831.207 INFO             PET0 !!!     THIS MAY CAUSE SLOWDOWN IN PERFORMANCE     !!!
20240713 022831.207 INFO             PET0 !!! FOR PRODUCTION RUNS, USE:                      !!!
20240713 022831.207 INFO             PET0 !!!                   ESMF_LOGKIND_Multi_On_Error  !!!
20240713 022831.207 INFO             PET0 !!!!!!!!!!!!!!!!!!!!!!!!!!!!!!!!!!!!!!!!!!!!!!!!!!!!!!
20240713 022831.207 INFO             PET0 Running with ESMF Version   : v8.7.0b08-15-g7133ea3e40
20240713 022831.207 INFO             PET0 ESMF library build date/time: "Jul 13 2024" "01:54:50"
20240713 022831.207 INFO             PET0 ESMF library build location : /scratch/cluster/theurich/ESMF-Nightly-Testing/intel_20.0.1_mpiuni_O_develop/esmf
20240713 022831.207 INFO             PET0 ESMF_COMM                   : mpiuni
20240713 022831.210 INFO             PET0 ESMF_MOAB                   : enabled
20240713 022831.211 INFO             PET0 ESMF_LAPACK                 : enabled
20240713 022831.211 INFO             PET0 ESMF_NETCDF                 : enabled
20240713 022831.211 INFO             PET0 ESMF_PNETCDF                : disabled
20240713 022831.211 INFO             PET0 ESMF_PIO                    : enabled
20240713 022831.211 INFO             PET0 ESMF_YAMLCPP                : enabled
20240713 022831.214 INFO             PET0  NUMBER_OF_PROCESSORS           1
20240713 022831.214 INFO             PET0  PASS  Example ESMF_VMUserMpiCommMultiEx, ESMF_VMUserMpiCommMultiEx.F90, line 126
20240713 022831.214 INFO             PET0  Finalizing ESMF with endflag==ESMF_END_KEEPMPI
