2024-06-20 01:55:47
20240620 022720.794 INFO             PET0 !!!!!!!!!!!!!!!!!!!!!!!!!!!!!!!!!!!!!!!!!!!!!!!!!!!!!!
20240620 022720.795 INFO             PET0 !!! THE ESMF_LOG IS SET TO OUTPUT ALL LOG MESSAGES !!!
20240620 022720.795 INFO             PET0 !!!     THIS MAY CAUSE SLOWDOWN IN PERFORMANCE     !!!
20240620 022720.795 INFO             PET0 !!! FOR PRODUCTION RUNS, USE:                      !!!
20240620 022720.795 INFO             PET0 !!!                   ESMF_LOGKIND_Multi_On_Error  !!!
20240620 022720.795 INFO             PET0 !!!!!!!!!!!!!!!!!!!!!!!!!!!!!!!!!!!!!!!!!!!!!!!!!!!!!!
20240620 022720.795 INFO             PET0 Running with ESMF Version   : v8.7.0b07-2-ga1ccd5de8a
20240620 022720.795 INFO             PET0 ESMF library build date/time: "Jun 20 2024" "01:53:27"
20240620 022720.795 INFO             PET0 ESMF library build location : /scratch/cluster/theurich/ESMF-Nightly-Testing/intel_20.0.1_mpiuni_O_develop/esmf
20240620 022720.795 INFO             PET0 ESMF_COMM                   : mpiuni
20240620 022720.798 INFO             PET0 ESMF_MOAB                   : enabled
20240620 022720.798 INFO             PET0 ESMF_LAPACK                 : enabled
20240620 022720.798 INFO             PET0 ESMF_NETCDF                 : enabled
20240620 022720.798 INFO             PET0 ESMF_PNETCDF                : disabled
20240620 022720.798 INFO             PET0 ESMF_PIO                    : disabled
20240620 022720.798 INFO             PET0 ESMF_YAMLCPP                : enabled
20240620 022720.802 INFO             PET0  NUMBER_OF_PROCESSORS           1
20240620 022720.802 INFO             PET0  PASS  Example ESMF_StateReconcileEx, ESMF_StateReconcileEx.F90, line 294
20240620 022720.802 INFO             PET0  Finalizing ESMF
