2024-06-07 02:03:25
20240607 023708.872 INFO             PET0 !!!!!!!!!!!!!!!!!!!!!!!!!!!!!!!!!!!!!!!!!!!!!!!!!!!!!!
20240607 023708.872 INFO             PET0 !!! THE ESMF_LOG IS SET TO OUTPUT ALL LOG MESSAGES !!!
20240607 023708.872 INFO             PET0 !!!     THIS MAY CAUSE SLOWDOWN IN PERFORMANCE     !!!
20240607 023708.872 INFO             PET0 !!! FOR PRODUCTION RUNS, USE:                      !!!
20240607 023708.872 INFO             PET0 !!!                   ESMF_LOGKIND_Multi_On_Error  !!!
20240607 023708.872 INFO             PET0 !!!!!!!!!!!!!!!!!!!!!!!!!!!!!!!!!!!!!!!!!!!!!!!!!!!!!!
20240607 023708.872 INFO             PET0 Running with ESMF Version   : v8.7.0b06-42-g13be2f7f6d
20240607 023708.873 INFO             PET0 ESMF library build date/time: "Jun  7 2024" "02:01:12"
20240607 023708.873 INFO             PET0 ESMF library build location : /scratch/cluster/theurich/ESMF-Nightly-Testing/intel_20.0.1_mpiuni_O_develop/esmf
20240607 023708.873 INFO             PET0 ESMF_COMM                   : mpiuni
20240607 023708.876 INFO             PET0 ESMF_MOAB                   : enabled
20240607 023708.876 INFO             PET0 ESMF_LAPACK                 : enabled
20240607 023708.876 INFO             PET0 ESMF_NETCDF                 : enabled
20240607 023708.876 INFO             PET0 ESMF_PNETCDF                : disabled
20240607 023708.876 INFO             PET0 ESMF_PIO                    : disabled
20240607 023708.876 INFO             PET0 ESMF_YAMLCPP                : enabled
20240607 023708.930 DEBUG            PET0 about to destroy Grid: 0xcf31e0
20240607 023708.935 DEBUG            PET0 about to destroy Grid: 0xcf5050
20240607 023708.950 INFO             PET0  NUMBER_OF_PROCESSORS           1
20240607 023708.950 INFO             PET0  PASS  Example ESMF_NUOPCAtmModelEx, ESMF_NUOPCAtmModelEx.F90, line 806
20240607 023708.950 INFO             PET0  Finalizing ESMF
