2024-07-23 01:44:57
20240723 022517.993 INFO             PET0 !!!!!!!!!!!!!!!!!!!!!!!!!!!!!!!!!!!!!!!!!!!!!!!!!!!!!!
20240723 022517.993 INFO             PET0 !!! THE ESMF_LOG IS SET TO OUTPUT ALL LOG MESSAGES !!!
20240723 022517.993 INFO             PET0 !!!     THIS MAY CAUSE SLOWDOWN IN PERFORMANCE     !!!
20240723 022517.993 INFO             PET0 !!! FOR PRODUCTION RUNS, USE:                      !!!
20240723 022517.993 INFO             PET0 !!!                   ESMF_LOGKIND_Multi_On_Error  !!!
20240723 022517.993 INFO             PET0 !!!!!!!!!!!!!!!!!!!!!!!!!!!!!!!!!!!!!!!!!!!!!!!!!!!!!!
20240723 022517.993 INFO             PET0 Running with ESMF Version   : v8.7.0b09-4-g1506816bee
20240723 022517.993 INFO             PET0 ESMF library build date/time: "Jul 23 2024" "01:42:28"
20240723 022517.993 INFO             PET0 ESMF library build location : /glade/derecho/scratch/sacks/esmf-testing/gfortran_12.2.0_pio2.5.10_mpi_O_feature_numa/esmf
20240723 022517.993 INFO             PET0 ESMF_COMM                   : mpi
20240723 022517.994 INFO             PET0 ESMF_MOAB                   : enabled
20240723 022517.994 INFO             PET0 ESMF_LAPACK                 : enabled
20240723 022517.994 INFO             PET0 ESMF_NETCDF                 : enabled
20240723 022517.994 INFO             PET0 ESMF_PNETCDF                : disabled
20240723 022517.994 INFO             PET0 ESMF_PIO                    : enabled
20240723 022517.994 INFO             PET0 ESMF_YAMLCPP                : enabled
20240723 022518.023 DEBUG            PET0 about to destroy Grid: 0x78e800
20240723 022518.025 DEBUG            PET0 about to destroy Grid: 0x790770
20240723 022518.033 INFO             PET0  NUMBER_OF_PROCESSORS           4
20240723 022518.033 INFO             PET0  PASS  Example ESMF_NUOPCAtmModelEx, ESMF_NUOPCAtmModelEx.F90, line 806
20240723 022518.033 INFO             PET0  Finalizing ESMF
20240723 022517.994 INFO             PET1 !!!!!!!!!!!!!!!!!!!!!!!!!!!!!!!!!!!!!!!!!!!!!!!!!!!!!!
20240723 022517.994 INFO             PET1 !!! THE ESMF_LOG IS SET TO OUTPUT ALL LOG MESSAGES !!!
20240723 022517.994 INFO             PET1 !!!     THIS MAY CAUSE SLOWDOWN IN PERFORMANCE     !!!
20240723 022517.994 INFO             PET1 !!! FOR PRODUCTION RUNS, USE:                      !!!
20240723 022517.994 INFO             PET1 !!!                   ESMF_LOGKIND_Multi_On_Error  !!!
20240723 022517.994 INFO             PET1 !!!!!!!!!!!!!!!!!!!!!!!!!!!!!!!!!!!!!!!!!!!!!!!!!!!!!!
20240723 022517.994 INFO             PET1 Running with ESMF Version   : v8.7.0b09-4-g1506816bee
20240723 022517.994 INFO             PET1 ESMF library build date/time: "Jul 23 2024" "01:42:28"
20240723 022517.994 INFO             PET1 ESMF library build location : /glade/derecho/scratch/sacks/esmf-testing/gfortran_12.2.0_pio2.5.10_mpi_O_feature_numa/esmf
20240723 022517.994 INFO             PET1 ESMF_COMM                   : mpi
20240723 022517.994 INFO             PET1 ESMF_MOAB                   : enabled
20240723 022517.994 INFO             PET1 ESMF_LAPACK                 : enabled
20240723 022517.994 INFO             PET1 ESMF_NETCDF                 : enabled
20240723 022517.994 INFO             PET1 ESMF_PNETCDF                : disabled
20240723 022517.994 INFO             PET1 ESMF_PIO                    : enabled
20240723 022517.994 INFO             PET1 ESMF_YAMLCPP                : enabled
20240723 022518.023 DEBUG            PET1 about to destroy Grid: 0x788850
20240723 022518.025 DEBUG            PET1 about to destroy Grid: 0x789da0
20240723 022518.033 INFO             PET1  NUMBER_OF_PROCESSORS           4
20240723 022518.033 INFO             PET1  PASS  Example ESMF_NUOPCAtmModelEx, ESMF_NUOPCAtmModelEx.F90, line 806
20240723 022518.033 INFO             PET1  Finalizing ESMF
20240723 022517.994 INFO             PET2 !!!!!!!!!!!!!!!!!!!!!!!!!!!!!!!!!!!!!!!!!!!!!!!!!!!!!!
20240723 022517.994 INFO             PET2 !!! THE ESMF_LOG IS SET TO OUTPUT ALL LOG MESSAGES !!!
20240723 022517.994 INFO             PET2 !!!     THIS MAY CAUSE SLOWDOWN IN PERFORMANCE     !!!
20240723 022517.994 INFO             PET2 !!! FOR PRODUCTION RUNS, USE:                      !!!
20240723 022517.994 INFO             PET2 !!!                   ESMF_LOGKIND_Multi_On_Error  !!!
20240723 022517.994 INFO             PET2 !!!!!!!!!!!!!!!!!!!!!!!!!!!!!!!!!!!!!!!!!!!!!!!!!!!!!!
20240723 022517.994 INFO             PET2 Running with ESMF Version   : v8.7.0b09-4-g1506816bee
20240723 022517.994 INFO             PET2 ESMF library build date/time: "Jul 23 2024" "01:42:28"
20240723 022517.994 INFO             PET2 ESMF library build location : /glade/derecho/scratch/sacks/esmf-testing/gfortran_12.2.0_pio2.5.10_mpi_O_feature_numa/esmf
20240723 022517.994 INFO             PET2 ESMF_COMM                   : mpi
20240723 022517.994 INFO             PET2 ESMF_MOAB                   : enabled
20240723 022517.994 INFO             PET2 ESMF_LAPACK                 : enabled
20240723 022517.994 INFO             PET2 ESMF_NETCDF                 : enabled
20240723 022517.994 INFO             PET2 ESMF_PNETCDF                : disabled
20240723 022517.994 INFO             PET2 ESMF_PIO                    : enabled
20240723 022517.994 INFO             PET2 ESMF_YAMLCPP                : enabled
20240723 022518.023 DEBUG            PET2 about to destroy Grid: 0x787c80
20240723 022518.025 DEBUG            PET2 about to destroy Grid: 0x7891d0
20240723 022518.033 INFO             PET2  NUMBER_OF_PROCESSORS           4
20240723 022518.033 INFO             PET2  PASS  Example ESMF_NUOPCAtmModelEx, ESMF_NUOPCAtmModelEx.F90, line 806
20240723 022518.033 INFO             PET2  Finalizing ESMF
20240723 022517.994 INFO             PET3 !!!!!!!!!!!!!!!!!!!!!!!!!!!!!!!!!!!!!!!!!!!!!!!!!!!!!!
20240723 022517.995 INFO             PET3 !!! THE ESMF_LOG IS SET TO OUTPUT ALL LOG MESSAGES !!!
20240723 022517.995 INFO             PET3 !!!     THIS MAY CAUSE SLOWDOWN IN PERFORMANCE     !!!
20240723 022517.995 INFO             PET3 !!! FOR PRODUCTION RUNS, USE:                      !!!
20240723 022517.995 INFO             PET3 !!!                   ESMF_LOGKIND_Multi_On_Error  !!!
20240723 022517.995 INFO             PET3 !!!!!!!!!!!!!!!!!!!!!!!!!!!!!!!!!!!!!!!!!!!!!!!!!!!!!!
20240723 022517.995 INFO             PET3 Running with ESMF Version   : v8.7.0b09-4-g1506816bee
20240723 022517.995 INFO             PET3 ESMF library build date/time: "Jul 23 2024" "01:42:28"
20240723 022517.995 INFO             PET3 ESMF library build location : /glade/derecho/scratch/sacks/esmf-testing/gfortran_12.2.0_pio2.5.10_mpi_O_feature_numa/esmf
20240723 022517.995 INFO             PET3 ESMF_COMM                   : mpi
20240723 022517.996 INFO             PET3 ESMF_MOAB                   : enabled
20240723 022517.996 INFO             PET3 ESMF_LAPACK                 : enabled
20240723 022517.996 INFO             PET3 ESMF_NETCDF                 : enabled
20240723 022517.996 INFO             PET3 ESMF_PNETCDF                : disabled
20240723 022517.996 INFO             PET3 ESMF_PIO                    : enabled
20240723 022517.996 INFO             PET3 ESMF_YAMLCPP                : enabled
20240723 022518.023 DEBUG            PET3 about to destroy Grid: 0x787c90
20240723 022518.025 DEBUG            PET3 about to destroy Grid: 0x7891e0
20240723 022518.033 INFO             PET3  NUMBER_OF_PROCESSORS           4
20240723 022518.033 INFO             PET3  PASS  Example ESMF_NUOPCAtmModelEx, ESMF_NUOPCAtmModelEx.F90, line 806
20240723 022518.033 INFO             PET3  Finalizing ESMF
