Processing /Users/sacks/projects/scratch/esmf-testing/gfortranclang_12.2.0_14.0.0_openmpi_g_feature_numa/esmf/src/addon/esmpy
  Installing build dependencies: started
  Installing build dependencies: finished with status 'done'
  Getting requirements to build wheel: started
  Getting requirements to build wheel: finished with status 'done'
  Preparing metadata (pyproject.toml): started
  Preparing metadata (pyproject.toml): finished with status 'done'
Requirement already satisfied: numpy in /Users/sacks/projects/scratch/esmf-testing/conda_environments/esmf-test-scripts-environment-python3.11/lib/python3.11/site-packages (from esmpy==8.7.0b9) (1.24.3)
Collecting setuptools-git-versioning (from esmpy==8.7.0b9)
  Obtaining dependency information for setuptools-git-versioning from https://files.pythonhosted.org/packages/2d/15/37202ca349df8056d67c29a7b4bf27daae22dcb5ce7d7e21f4db1f2b6f34/setuptools_git_versioning-2.0.0-py3-none-any.whl.metadata
  Using cached setuptools_git_versioning-2.0.0-py3-none-any.whl.metadata (5.8 kB)
Requirement already satisfied: packaging in /Users/sacks/projects/scratch/esmf-testing/conda_environments/esmf-test-scripts-environment-python3.11/lib/python3.11/site-packages (from setuptools-git-versioning->esmpy==8.7.0b9) (24.0)
Requirement already satisfied: setuptools in /Users/sacks/projects/scratch/esmf-testing/gfortranclang_12.2.0_14.0.0_openmpi_g_feature_numa/esmpy_venv/lib/python3.11/site-packages (from setuptools-git-versioning->esmpy==8.7.0b9) (65.5.0)
Using cached setuptools_git_versioning-2.0.0-py3-none-any.whl (10 kB)
Building wheels for collected packages: esmpy
  Building wheel for esmpy (pyproject.toml): started
  Building wheel for esmpy (pyproject.toml): finished with status 'done'
  Created wheel for esmpy: filename=esmpy-8.7.0b9-py3-none-any.whl size=120794 sha256=7f044da0714a95023101460a229aa0081b17515ffa0b7dc58e9b914e6d9c3e22
  Stored in directory: /private/tmp/pip-ephem-wheel-cache-pbaeoqcu/wheels/cf/1d/5b/e8ded93d790bc6d6cf8b366ea68645572fe3b6a400b797931f
Successfully built esmpy
Installing collected packages: setuptools-git-versioning, esmpy
Successfully installed esmpy-8.7.0b9 setuptools-git-versioning-2.0.0

[notice] A new release of pip is available: 23.2.1 -> 24.1.2
[notice] To update, run: pip install --upgrade pip
