2024-07-24 07:40:35
20240724 082856.439 INFO             PET0 !!!!!!!!!!!!!!!!!!!!!!!!!!!!!!!!!!!!!!!!!!!!!!!!!!!!!!
20240724 082856.440 INFO             PET0 !!! THE ESMF_LOG IS SET TO OUTPUT ALL LOG MESSAGES !!!
20240724 082856.440 INFO             PET0 !!!     THIS MAY CAUSE SLOWDOWN IN PERFORMANCE     !!!
20240724 082856.440 INFO             PET0 !!! FOR PRODUCTION RUNS, USE:                      !!!
20240724 082856.440 INFO             PET0 !!!                   ESMF_LOGKIND_Multi_On_Error  !!!
20240724 082856.440 INFO             PET0 !!!!!!!!!!!!!!!!!!!!!!!!!!!!!!!!!!!!!!!!!!!!!!!!!!!!!!
20240724 082856.440 INFO             PET0 Running with ESMF Version   : v8.7.0b09-5-g5845ab67f6
20240724 082856.440 INFO             PET0 ESMF library build date/time: "Jul 24 2024" "07:36:51"
20240724 082856.440 INFO             PET0 ESMF library build location : /scratch2/NCEPDEV/stmp1/Gerhard.Theurich/ESMF-Nightly-Testing/nvhpc_24.1_mpiuni_O_feature_numa/esmf
20240724 082856.440 INFO             PET0 ESMF_COMM                   : mpiuni
20240724 082856.440 INFO             PET0 ESMF_MOAB                   : enabled
20240724 082856.440 INFO             PET0 ESMF_LAPACK                 : enabled
20240724 082856.440 INFO             PET0 ESMF_NETCDF                 : disabled
20240724 082856.440 INFO             PET0 ESMF_PNETCDF                : disabled
20240724 082856.440 INFO             PET0 ESMF_PIO                    : disabled
20240724 082856.440 INFO             PET0 ESMF_YAMLCPP                : enabled
20240724 082856.464 DEBUG            PET0 about to destroy Grid: 0x24e1480
20240724 082856.466 DEBUG            PET0 about to destroy Grid: 0x24e2960
20240724 082856.474 INFO             PET0  NUMBER_OF_PROCESSORS            1
20240724 082856.474 INFO             PET0  PASS  Example ESMF_NUOPCAtmModelEx, ESMF_NUOPCAtmModelEx.F90, line 806
20240724 082856.474 INFO             PET0  Finalizing ESMF
