2024-07-23 07:34:29
20240723 081845.615 INFO             PET0 !!!!!!!!!!!!!!!!!!!!!!!!!!!!!!!!!!!!!!!!!!!!!!!!!!!!!!
20240723 081845.615 INFO             PET0 !!! THE ESMF_LOG IS SET TO OUTPUT ALL LOG MESSAGES !!!
20240723 081845.615 INFO             PET0 !!!     THIS MAY CAUSE SLOWDOWN IN PERFORMANCE     !!!
20240723 081845.615 INFO             PET0 !!! FOR PRODUCTION RUNS, USE:                      !!!
20240723 081845.615 INFO             PET0 !!!                   ESMF_LOGKIND_Multi_On_Error  !!!
20240723 081845.615 INFO             PET0 !!!!!!!!!!!!!!!!!!!!!!!!!!!!!!!!!!!!!!!!!!!!!!!!!!!!!!
20240723 081845.615 INFO             PET0 Running with ESMF Version   : v8.7.0b09-4-g1506816bee
20240723 081845.615 INFO             PET0 ESMF library build date/time: "Jul 23 2024" "07:31:15"
20240723 081845.615 INFO             PET0 ESMF library build location : /scratch2/NCEPDEV/stmp1/Gerhard.Theurich/ESMF-Nightly-Testing/intel_2023.2.0-oneAPI_intelmpi_O_feature_numa/esmf
20240723 081845.615 INFO             PET0 ESMF_COMM                   : intelmpi
20240723 081845.616 INFO             PET0 ESMF_MOAB                   : enabled
20240723 081845.616 INFO             PET0 ESMF_LAPACK                 : enabled
20240723 081845.616 INFO             PET0 ESMF_NETCDF                 : enabled
20240723 081845.616 INFO             PET0 ESMF_PNETCDF                : disabled
20240723 081845.616 INFO             PET0 ESMF_PIO                    : enabled
20240723 081845.616 INFO             PET0 ESMF_YAMLCPP                : enabled
20240723 081845.741 DEBUG            PET0 about to destroy Grid: 0x20fbb60
20240723 081845.744 DEBUG            PET0 about to destroy Grid: 0x20fc990
20240723 081845.788 INFO             PET0  NUMBER_OF_PROCESSORS           4
20240723 081845.788 INFO             PET0  PASS  Example ESMF_NUOPCAtmModelEx, ESMF_NUOPCAtmModelEx.F90, line 806
20240723 081845.788 INFO             PET0  Finalizing ESMF
20240723 081845.615 INFO             PET1 !!!!!!!!!!!!!!!!!!!!!!!!!!!!!!!!!!!!!!!!!!!!!!!!!!!!!!
20240723 081845.615 INFO             PET1 !!! THE ESMF_LOG IS SET TO OUTPUT ALL LOG MESSAGES !!!
20240723 081845.615 INFO             PET1 !!!     THIS MAY CAUSE SLOWDOWN IN PERFORMANCE     !!!
20240723 081845.615 INFO             PET1 !!! FOR PRODUCTION RUNS, USE:                      !!!
20240723 081845.615 INFO             PET1 !!!                   ESMF_LOGKIND_Multi_On_Error  !!!
20240723 081845.615 INFO             PET1 !!!!!!!!!!!!!!!!!!!!!!!!!!!!!!!!!!!!!!!!!!!!!!!!!!!!!!
20240723 081845.615 INFO             PET1 Running with ESMF Version   : v8.7.0b09-4-g1506816bee
20240723 081845.615 INFO             PET1 ESMF library build date/time: "Jul 23 2024" "07:31:15"
20240723 081845.615 INFO             PET1 ESMF library build location : /scratch2/NCEPDEV/stmp1/Gerhard.Theurich/ESMF-Nightly-Testing/intel_2023.2.0-oneAPI_intelmpi_O_feature_numa/esmf
20240723 081845.615 INFO             PET1 ESMF_COMM                   : intelmpi
20240723 081845.615 INFO             PET1 ESMF_MOAB                   : enabled
20240723 081845.615 INFO             PET1 ESMF_LAPACK                 : enabled
20240723 081845.615 INFO             PET1 ESMF_NETCDF                 : enabled
20240723 081845.615 INFO             PET1 ESMF_PNETCDF                : disabled
20240723 081845.615 INFO             PET1 ESMF_PIO                    : enabled
20240723 081845.615 INFO             PET1 ESMF_YAMLCPP                : enabled
20240723 081845.741 DEBUG            PET1 about to destroy Grid: 0x26ed520
20240723 081845.744 DEBUG            PET1 about to destroy Grid: 0x26eddc0
20240723 081845.788 INFO             PET1  NUMBER_OF_PROCESSORS           4
20240723 081845.788 INFO             PET1  PASS  Example ESMF_NUOPCAtmModelEx, ESMF_NUOPCAtmModelEx.F90, line 806
20240723 081845.788 INFO             PET1  Finalizing ESMF
20240723 081845.615 INFO             PET2 !!!!!!!!!!!!!!!!!!!!!!!!!!!!!!!!!!!!!!!!!!!!!!!!!!!!!!
20240723 081845.615 INFO             PET2 !!! THE ESMF_LOG IS SET TO OUTPUT ALL LOG MESSAGES !!!
20240723 081845.615 INFO             PET2 !!!     THIS MAY CAUSE SLOWDOWN IN PERFORMANCE     !!!
20240723 081845.615 INFO             PET2 !!! FOR PRODUCTION RUNS, USE:                      !!!
20240723 081845.615 INFO             PET2 !!!                   ESMF_LOGKIND_Multi_On_Error  !!!
20240723 081845.615 INFO             PET2 !!!!!!!!!!!!!!!!!!!!!!!!!!!!!!!!!!!!!!!!!!!!!!!!!!!!!!
20240723 081845.615 INFO             PET2 Running with ESMF Version   : v8.7.0b09-4-g1506816bee
20240723 081845.615 INFO             PET2 ESMF library build date/time: "Jul 23 2024" "07:31:15"
20240723 081845.615 INFO             PET2 ESMF library build location : /scratch2/NCEPDEV/stmp1/Gerhard.Theurich/ESMF-Nightly-Testing/intel_2023.2.0-oneAPI_intelmpi_O_feature_numa/esmf
20240723 081845.615 INFO             PET2 ESMF_COMM                   : intelmpi
20240723 081845.616 INFO             PET2 ESMF_MOAB                   : enabled
20240723 081845.616 INFO             PET2 ESMF_LAPACK                 : enabled
20240723 081845.616 INFO             PET2 ESMF_NETCDF                 : enabled
20240723 081845.616 INFO             PET2 ESMF_PNETCDF                : disabled
20240723 081845.616 INFO             PET2 ESMF_PIO                    : enabled
20240723 081845.616 INFO             PET2 ESMF_YAMLCPP                : enabled
20240723 081845.741 DEBUG            PET2 about to destroy Grid: 0x110b340
20240723 081845.744 DEBUG            PET2 about to destroy Grid: 0x110bbe0
20240723 081845.788 INFO             PET2  NUMBER_OF_PROCESSORS           4
20240723 081845.788 INFO             PET2  PASS  Example ESMF_NUOPCAtmModelEx, ESMF_NUOPCAtmModelEx.F90, line 806
20240723 081845.788 INFO             PET2  Finalizing ESMF
20240723 081845.614 INFO             PET3 !!!!!!!!!!!!!!!!!!!!!!!!!!!!!!!!!!!!!!!!!!!!!!!!!!!!!!
20240723 081845.615 INFO             PET3 !!! THE ESMF_LOG IS SET TO OUTPUT ALL LOG MESSAGES !!!
20240723 081845.615 INFO             PET3 !!!     THIS MAY CAUSE SLOWDOWN IN PERFORMANCE     !!!
20240723 081845.615 INFO             PET3 !!! FOR PRODUCTION RUNS, USE:                      !!!
20240723 081845.615 INFO             PET3 !!!                   ESMF_LOGKIND_Multi_On_Error  !!!
20240723 081845.615 INFO             PET3 !!!!!!!!!!!!!!!!!!!!!!!!!!!!!!!!!!!!!!!!!!!!!!!!!!!!!!
20240723 081845.615 INFO             PET3 Running with ESMF Version   : v8.7.0b09-4-g1506816bee
20240723 081845.615 INFO             PET3 ESMF library build date/time: "Jul 23 2024" "07:31:15"
20240723 081845.615 INFO             PET3 ESMF library build location : /scratch2/NCEPDEV/stmp1/Gerhard.Theurich/ESMF-Nightly-Testing/intel_2023.2.0-oneAPI_intelmpi_O_feature_numa/esmf
20240723 081845.615 INFO             PET3 ESMF_COMM                   : intelmpi
20240723 081845.616 INFO             PET3 ESMF_MOAB                   : enabled
20240723 081845.616 INFO             PET3 ESMF_LAPACK                 : enabled
20240723 081845.616 INFO             PET3 ESMF_NETCDF                 : enabled
20240723 081845.616 INFO             PET3 ESMF_PNETCDF                : disabled
20240723 081845.616 INFO             PET3 ESMF_PIO                    : enabled
20240723 081845.616 INFO             PET3 ESMF_YAMLCPP                : enabled
20240723 081845.741 DEBUG            PET3 about to destroy Grid: 0x15b35b0
20240723 081845.744 DEBUG            PET3 about to destroy Grid: 0x15b3e50
20240723 081845.788 INFO             PET3  NUMBER_OF_PROCESSORS           4
20240723 081845.788 INFO             PET3  PASS  Example ESMF_NUOPCAtmModelEx, ESMF_NUOPCAtmModelEx.F90, line 806
20240723 081845.788 INFO             PET3  Finalizing ESMF
