2024-05-16 10:55:25
20240516 112937.705 INFO             PET0 !!!!!!!!!!!!!!!!!!!!!!!!!!!!!!!!!!!!!!!!!!!!!!!!!!!!!!
20240516 112937.705 INFO             PET0 !!! THE ESMF_LOG IS SET TO OUTPUT ALL LOG MESSAGES !!!
20240516 112937.705 INFO             PET0 !!!     THIS MAY CAUSE SLOWDOWN IN PERFORMANCE     !!!
20240516 112937.705 INFO             PET0 !!! FOR PRODUCTION RUNS, USE:                      !!!
20240516 112937.705 INFO             PET0 !!!                   ESMF_LOGKIND_Multi_On_Error  !!!
20240516 112937.705 INFO             PET0 !!!!!!!!!!!!!!!!!!!!!!!!!!!!!!!!!!!!!!!!!!!!!!!!!!!!!!
20240516 112937.705 INFO             PET0 Running with ESMF Version   : v8.7.0b05-82-gd3465958ff
20240516 112937.705 INFO             PET0 ESMF library build date/time: "May 16 2024" "10:52:44"
20240516 112937.705 INFO             PET0 ESMF library build location : /glade/derecho/scratch/sacks/esmf-testing/gfortran_12.2.0_pio2.5.10_mpi_O_develop/esmf
20240516 112937.705 INFO             PET0 ESMF_COMM                   : mpi
20240516 112937.707 INFO             PET0 ESMF_MOAB                   : enabled
20240516 112937.707 INFO             PET0 ESMF_LAPACK                 : enabled
20240516 112937.707 INFO             PET0 ESMF_NETCDF                 : enabled
20240516 112937.707 INFO             PET0 ESMF_PNETCDF                : disabled
20240516 112937.707 INFO             PET0 ESMF_PIO                    : enabled
20240516 112937.707 INFO             PET0 ESMF_YAMLCPP                : enabled
20240516 112937.714 INFO             PET0  NUMBER_OF_PROCESSORS           4
20240516 112937.714 INFO             PET0  PASS  Example ESMF_FieldMeshRegridEx, ESMF_FieldMeshRegridEx.F90, line 807
20240516 112937.714 INFO             PET0  Finalizing ESMF
20240516 112937.500 INFO             PET1 !!!!!!!!!!!!!!!!!!!!!!!!!!!!!!!!!!!!!!!!!!!!!!!!!!!!!!
20240516 112937.500 INFO             PET1 !!! THE ESMF_LOG IS SET TO OUTPUT ALL LOG MESSAGES !!!
20240516 112937.500 INFO             PET1 !!!     THIS MAY CAUSE SLOWDOWN IN PERFORMANCE     !!!
20240516 112937.500 INFO             PET1 !!! FOR PRODUCTION RUNS, USE:                      !!!
20240516 112937.500 INFO             PET1 !!!                   ESMF_LOGKIND_Multi_On_Error  !!!
20240516 112937.500 INFO             PET1 !!!!!!!!!!!!!!!!!!!!!!!!!!!!!!!!!!!!!!!!!!!!!!!!!!!!!!
20240516 112937.500 INFO             PET1 Running with ESMF Version   : v8.7.0b05-82-gd3465958ff
20240516 112937.500 INFO             PET1 ESMF library build date/time: "May 16 2024" "10:52:44"
20240516 112937.500 INFO             PET1 ESMF library build location : /glade/derecho/scratch/sacks/esmf-testing/gfortran_12.2.0_pio2.5.10_mpi_O_develop/esmf
20240516 112937.500 INFO             PET1 ESMF_COMM                   : mpi
20240516 112937.502 INFO             PET1 ESMF_MOAB                   : enabled
20240516 112937.502 INFO             PET1 ESMF_LAPACK                 : enabled
20240516 112937.502 INFO             PET1 ESMF_NETCDF                 : enabled
20240516 112937.502 INFO             PET1 ESMF_PNETCDF                : disabled
20240516 112937.502 INFO             PET1 ESMF_PIO                    : enabled
20240516 112937.502 INFO             PET1 ESMF_YAMLCPP                : enabled
20240516 112937.714 INFO             PET1  NUMBER_OF_PROCESSORS           4
20240516 112937.714 INFO             PET1  PASS  Example ESMF_FieldMeshRegridEx, ESMF_FieldMeshRegridEx.F90, line 807
20240516 112937.714 INFO             PET1  Finalizing ESMF
20240516 112937.498 INFO             PET2 !!!!!!!!!!!!!!!!!!!!!!!!!!!!!!!!!!!!!!!!!!!!!!!!!!!!!!
20240516 112937.498 INFO             PET2 !!! THE ESMF_LOG IS SET TO OUTPUT ALL LOG MESSAGES !!!
20240516 112937.498 INFO             PET2 !!!     THIS MAY CAUSE SLOWDOWN IN PERFORMANCE     !!!
20240516 112937.498 INFO             PET2 !!! FOR PRODUCTION RUNS, USE:                      !!!
20240516 112937.498 INFO             PET2 !!!                   ESMF_LOGKIND_Multi_On_Error  !!!
20240516 112937.498 INFO             PET2 !!!!!!!!!!!!!!!!!!!!!!!!!!!!!!!!!!!!!!!!!!!!!!!!!!!!!!
20240516 112937.498 INFO             PET2 Running with ESMF Version   : v8.7.0b05-82-gd3465958ff
20240516 112937.498 INFO             PET2 ESMF library build date/time: "May 16 2024" "10:52:44"
20240516 112937.498 INFO             PET2 ESMF library build location : /glade/derecho/scratch/sacks/esmf-testing/gfortran_12.2.0_pio2.5.10_mpi_O_develop/esmf
20240516 112937.498 INFO             PET2 ESMF_COMM                   : mpi
20240516 112937.499 INFO             PET2 ESMF_MOAB                   : enabled
20240516 112937.499 INFO             PET2 ESMF_LAPACK                 : enabled
20240516 112937.499 INFO             PET2 ESMF_NETCDF                 : enabled
20240516 112937.499 INFO             PET2 ESMF_PNETCDF                : disabled
20240516 112937.499 INFO             PET2 ESMF_PIO                    : enabled
20240516 112937.499 INFO             PET2 ESMF_YAMLCPP                : enabled
20240516 112937.714 INFO             PET2  NUMBER_OF_PROCESSORS           4
20240516 112937.714 INFO             PET2  PASS  Example ESMF_FieldMeshRegridEx, ESMF_FieldMeshRegridEx.F90, line 807
20240516 112937.714 INFO             PET2  Finalizing ESMF
20240516 112937.499 INFO             PET3 !!!!!!!!!!!!!!!!!!!!!!!!!!!!!!!!!!!!!!!!!!!!!!!!!!!!!!
20240516 112937.499 INFO             PET3 !!! THE ESMF_LOG IS SET TO OUTPUT ALL LOG MESSAGES !!!
20240516 112937.499 INFO             PET3 !!!     THIS MAY CAUSE SLOWDOWN IN PERFORMANCE     !!!
20240516 112937.499 INFO             PET3 !!! FOR PRODUCTION RUNS, USE:                      !!!
20240516 112937.499 INFO             PET3 !!!                   ESMF_LOGKIND_Multi_On_Error  !!!
20240516 112937.499 INFO             PET3 !!!!!!!!!!!!!!!!!!!!!!!!!!!!!!!!!!!!!!!!!!!!!!!!!!!!!!
20240516 112937.499 INFO             PET3 Running with ESMF Version   : v8.7.0b05-82-gd3465958ff
20240516 112937.499 INFO             PET3 ESMF library build date/time: "May 16 2024" "10:52:44"
20240516 112937.499 INFO             PET3 ESMF library build location : /glade/derecho/scratch/sacks/esmf-testing/gfortran_12.2.0_pio2.5.10_mpi_O_develop/esmf
20240516 112937.499 INFO             PET3 ESMF_COMM                   : mpi
20240516 112937.501 INFO             PET3 ESMF_MOAB                   : enabled
20240516 112937.501 INFO             PET3 ESMF_LAPACK                 : enabled
20240516 112937.501 INFO             PET3 ESMF_NETCDF                 : enabled
20240516 112937.501 INFO             PET3 ESMF_PNETCDF                : disabled
20240516 112937.501 INFO             PET3 ESMF_PIO                    : enabled
20240516 112937.501 INFO             PET3 ESMF_YAMLCPP                : enabled
20240516 112937.714 INFO             PET3  NUMBER_OF_PROCESSORS           4
20240516 112937.714 INFO             PET3  PASS  Example ESMF_FieldMeshRegridEx, ESMF_FieldMeshRegridEx.F90, line 807
20240516 112937.714 INFO             PET3  Finalizing ESMF
