2024-05-18 01:49:52
20240518 022105.265 INFO             PET0 !!!!!!!!!!!!!!!!!!!!!!!!!!!!!!!!!!!!!!!!!!!!!!!!!!!!!!
20240518 022105.265 INFO             PET0 !!! THE ESMF_LOG IS SET TO OUTPUT ALL LOG MESSAGES !!!
20240518 022105.265 INFO             PET0 !!!     THIS MAY CAUSE SLOWDOWN IN PERFORMANCE     !!!
20240518 022105.265 INFO             PET0 !!! FOR PRODUCTION RUNS, USE:                      !!!
20240518 022105.265 INFO             PET0 !!!                   ESMF_LOGKIND_Multi_On_Error  !!!
20240518 022105.265 INFO             PET0 !!!!!!!!!!!!!!!!!!!!!!!!!!!!!!!!!!!!!!!!!!!!!!!!!!!!!!
20240518 022105.265 INFO             PET0 Running with ESMF Version   : v8.7.0b05-86-g6f1fcac0dc
20240518 022105.265 INFO             PET0 ESMF library build date/time: "May 18 2024" "01:47:23"
20240518 022105.265 INFO             PET0 ESMF library build location : /glade/derecho/scratch/sacks/esmf-testing/gfortran_12.2.0_pio2.5.10_mpi_O_develop/esmf
20240518 022105.265 INFO             PET0 ESMF_COMM                   : mpi
20240518 022105.267 INFO             PET0 ESMF_MOAB                   : enabled
20240518 022105.267 INFO             PET0 ESMF_LAPACK                 : enabled
20240518 022105.267 INFO             PET0 ESMF_NETCDF                 : enabled
20240518 022105.267 INFO             PET0 ESMF_PNETCDF                : disabled
20240518 022105.267 INFO             PET0 ESMF_PIO                    : enabled
20240518 022105.267 INFO             PET0 ESMF_YAMLCPP                : enabled
20240518 022105.269 INFO             PET0 ESMF_FieldRedistStoreNF(): Just entered routine.
20240518 022105.302 INFO             PET0 ESMF_FieldRedistStoreNF(): Leaving routine.
20240518 022105.331 INFO             PET0  NUMBER_OF_PROCESSORS           4
20240518 022105.331 INFO             PET0  PASS  Example ESMF_RHandleFromFileEx, ESMF_RHandleFromFileEx.F90, line 192
20240518 022105.331 INFO             PET0  Finalizing ESMF
20240518 022105.264 INFO             PET1 !!!!!!!!!!!!!!!!!!!!!!!!!!!!!!!!!!!!!!!!!!!!!!!!!!!!!!
20240518 022105.264 INFO             PET1 !!! THE ESMF_LOG IS SET TO OUTPUT ALL LOG MESSAGES !!!
20240518 022105.264 INFO             PET1 !!!     THIS MAY CAUSE SLOWDOWN IN PERFORMANCE     !!!
20240518 022105.264 INFO             PET1 !!! FOR PRODUCTION RUNS, USE:                      !!!
20240518 022105.264 INFO             PET1 !!!                   ESMF_LOGKIND_Multi_On_Error  !!!
20240518 022105.264 INFO             PET1 !!!!!!!!!!!!!!!!!!!!!!!!!!!!!!!!!!!!!!!!!!!!!!!!!!!!!!
20240518 022105.264 INFO             PET1 Running with ESMF Version   : v8.7.0b05-86-g6f1fcac0dc
20240518 022105.264 INFO             PET1 ESMF library build date/time: "May 18 2024" "01:47:23"
20240518 022105.264 INFO             PET1 ESMF library build location : /glade/derecho/scratch/sacks/esmf-testing/gfortran_12.2.0_pio2.5.10_mpi_O_develop/esmf
20240518 022105.264 INFO             PET1 ESMF_COMM                   : mpi
20240518 022105.265 INFO             PET1 ESMF_MOAB                   : enabled
20240518 022105.265 INFO             PET1 ESMF_LAPACK                 : enabled
20240518 022105.265 INFO             PET1 ESMF_NETCDF                 : enabled
20240518 022105.265 INFO             PET1 ESMF_PNETCDF                : disabled
20240518 022105.265 INFO             PET1 ESMF_PIO                    : enabled
20240518 022105.265 INFO             PET1 ESMF_YAMLCPP                : enabled
20240518 022105.269 INFO             PET1 ESMF_FieldRedistStoreNF(): Just entered routine.
20240518 022105.302 INFO             PET1 ESMF_FieldRedistStoreNF(): Leaving routine.
20240518 022105.331 INFO             PET1  NUMBER_OF_PROCESSORS           4
20240518 022105.331 INFO             PET1  PASS  Example ESMF_RHandleFromFileEx, ESMF_RHandleFromFileEx.F90, line 192
20240518 022105.331 INFO             PET1  Finalizing ESMF
20240518 022105.263 INFO             PET2 !!!!!!!!!!!!!!!!!!!!!!!!!!!!!!!!!!!!!!!!!!!!!!!!!!!!!!
20240518 022105.263 INFO             PET2 !!! THE ESMF_LOG IS SET TO OUTPUT ALL LOG MESSAGES !!!
20240518 022105.263 INFO             PET2 !!!     THIS MAY CAUSE SLOWDOWN IN PERFORMANCE     !!!
20240518 022105.263 INFO             PET2 !!! FOR PRODUCTION RUNS, USE:                      !!!
20240518 022105.263 INFO             PET2 !!!                   ESMF_LOGKIND_Multi_On_Error  !!!
20240518 022105.263 INFO             PET2 !!!!!!!!!!!!!!!!!!!!!!!!!!!!!!!!!!!!!!!!!!!!!!!!!!!!!!
20240518 022105.263 INFO             PET2 Running with ESMF Version   : v8.7.0b05-86-g6f1fcac0dc
20240518 022105.263 INFO             PET2 ESMF library build date/time: "May 18 2024" "01:47:23"
20240518 022105.263 INFO             PET2 ESMF library build location : /glade/derecho/scratch/sacks/esmf-testing/gfortran_12.2.0_pio2.5.10_mpi_O_develop/esmf
20240518 022105.263 INFO             PET2 ESMF_COMM                   : mpi
20240518 022105.268 INFO             PET2 ESMF_MOAB                   : enabled
20240518 022105.268 INFO             PET2 ESMF_LAPACK                 : enabled
20240518 022105.268 INFO             PET2 ESMF_NETCDF                 : enabled
20240518 022105.268 INFO             PET2 ESMF_PNETCDF                : disabled
20240518 022105.268 INFO             PET2 ESMF_PIO                    : enabled
20240518 022105.268 INFO             PET2 ESMF_YAMLCPP                : enabled
20240518 022105.269 INFO             PET2 ESMF_FieldRedistStoreNF(): Just entered routine.
20240518 022105.302 INFO             PET2 ESMF_FieldRedistStoreNF(): Leaving routine.
20240518 022105.331 INFO             PET2  NUMBER_OF_PROCESSORS           4
20240518 022105.331 INFO             PET2  PASS  Example ESMF_RHandleFromFileEx, ESMF_RHandleFromFileEx.F90, line 192
20240518 022105.331 INFO             PET2  Finalizing ESMF
20240518 022105.265 INFO             PET3 !!!!!!!!!!!!!!!!!!!!!!!!!!!!!!!!!!!!!!!!!!!!!!!!!!!!!!
20240518 022105.265 INFO             PET3 !!! THE ESMF_LOG IS SET TO OUTPUT ALL LOG MESSAGES !!!
20240518 022105.265 INFO             PET3 !!!     THIS MAY CAUSE SLOWDOWN IN PERFORMANCE     !!!
20240518 022105.265 INFO             PET3 !!! FOR PRODUCTION RUNS, USE:                      !!!
20240518 022105.265 INFO             PET3 !!!                   ESMF_LOGKIND_Multi_On_Error  !!!
20240518 022105.265 INFO             PET3 !!!!!!!!!!!!!!!!!!!!!!!!!!!!!!!!!!!!!!!!!!!!!!!!!!!!!!
20240518 022105.265 INFO             PET3 Running with ESMF Version   : v8.7.0b05-86-g6f1fcac0dc
20240518 022105.265 INFO             PET3 ESMF library build date/time: "May 18 2024" "01:47:23"
20240518 022105.265 INFO             PET3 ESMF library build location : /glade/derecho/scratch/sacks/esmf-testing/gfortran_12.2.0_pio2.5.10_mpi_O_develop/esmf
20240518 022105.265 INFO             PET3 ESMF_COMM                   : mpi
20240518 022105.266 INFO             PET3 ESMF_MOAB                   : enabled
20240518 022105.266 INFO             PET3 ESMF_LAPACK                 : enabled
20240518 022105.266 INFO             PET3 ESMF_NETCDF                 : enabled
20240518 022105.266 INFO             PET3 ESMF_PNETCDF                : disabled
20240518 022105.266 INFO             PET3 ESMF_PIO                    : enabled
20240518 022105.266 INFO             PET3 ESMF_YAMLCPP                : enabled
20240518 022105.269 INFO             PET3 ESMF_FieldRedistStoreNF(): Just entered routine.
20240518 022105.302 INFO             PET3 ESMF_FieldRedistStoreNF(): Leaving routine.
20240518 022105.331 INFO             PET3  NUMBER_OF_PROCESSORS           4
20240518 022105.331 INFO             PET3  PASS  Example ESMF_RHandleFromFileEx, ESMF_RHandleFromFileEx.F90, line 192
20240518 022105.331 INFO             PET3  Finalizing ESMF
