2024-08-02 04:03:16

mainApp:204669 terminated with signal 11 at PC=43e700 SP=7ffd01d8aa00.  Backtrace:

mainApp:204670 terminated with signal 11 at PC=43e717 SP=7ffdb72e81c0.  Backtrace:

mainApp:204671 terminated with signal 11 at PC=43e717 SP=7fffca0c4190.  Backtrace:
/tmp/intel_2023.1.0-oneAPI_mpi_O_nrl_work-esmx/nuopc-app-prototypes/NamespaceProto/./mainApp[0x43e700]
/tmp/intel_2023.1.0-oneAPI_mpi_O_nrl_work-esmx/nuopc-app-prototypes/NamespaceProto/./mainApp[0x43f700]
/tmp/intel_2023.1.0-oneAPI_mpi_O_nrl_work-esmx/nuopc-app-prototypes/NamespaceProto/./mainApp[0x43e8a5]
/tmp/intel_2023.1.0-oneAPI_mpi_O_nrl_work-esmx/nuopc-app-prototypes/NamespaceProto/./mainApp[0x43e717]
/tmp/intel_2023.1.0-oneAPI_mpi_O_nrl_work-esmx/nuopc-app-prototypes/NamespaceProto/./mainApp[0x43f700]
/tmp/intel_2023.1.0-oneAPI_mpi_O_nrl_work-esmx/nuopc-app-prototypes/NamespaceProto/./mainApp[0x43e8a5]
/tmp/intel_2023.1.0-oneAPI_mpi_O_nrl_work-esmx/nuopc-app-prototypes/NamespaceProto/./mainApp[0x43e717]
/tmp/intel_2023.1.0-oneAPI_mpi_O_nrl_work-esmx/nuopc-app-prototypes/NamespaceProto/./mainApp[0x43f700]
/tmp/intel_2023.1.0-oneAPI_mpi_O_nrl_work-esmx/nuopc-app-prototypes/NamespaceProto/./mainApp[0x43e8a5]
/tmp/intel_2023.1.0-oneAPI_mpi_O_nrl_work-esmx/esmf/DEFAULTINSTALLDIR/lib/libO/Unicos.intel.64.mpi.default/libesmf.so(f_esmf_compcollectgarbage2_+0x2f1)[0x7f397cbae181]
/tmp/intel_2023.1.0-oneAPI_mpi_O_nrl_work-esmx/esmf/DEFAULTINSTALLDIR/lib/libO/Unicos.intel.64.mpi.default/libesmf.so(f_esmf_compcollectgarbage2_+0x2f1)[0x7fadbf1cd181]
/tmp/intel_2023.1.0-oneAPI_mpi_O_nrl_work-esmx/esmf/DEFAULTINSTALLDIR/lib/libO/Unicos.intel.64.mpi.default/libesmf.so(f_esmf_compcollectgarbage2_+0x2f1)[0x7f85c51cb181]
/tmp/intel_2023.1.0-oneAPI_mpi_O_nrl_work-esmx/esmf/DEFAULTINSTALLDIR/lib/libO/Unicos.intel.64.mpi.default/libesmf.so(_ZN5ESMCI2VM8finalizeEP12ESMC_LogicalPi+0x34f)[0x7fadbf025e9f]
/tmp/intel_2023.1.0-oneAPI_mpi_O_nrl_work-esmx/esmf/DEFAULTINSTALLDIR/lib/libO/Unicos.intel.64.mpi.default/libesmf.so(_ZN5ESMCI2VM8finalizeEP12ESMC_LogicalPi+0x34f)[0x7f85c5023e9f]
/tmp/intel_2023.1.0-oneAPI_mpi_O_nrl_work-esmx/esmf/DEFAULTINSTALLDIR/lib/libO/Unicos.intel.64.mpi.default/libesmf.so(_ZN5ESMCI2VM8finalizeEP12ESMC_LogicalPi+0x34f)[0x7f397ca06e9f]
/tmp/intel_2023.1.0-oneAPI_mpi_O_nrl_work-esmx/esmf/DEFAULTINSTALLDIR/lib/libO/Unicos.intel.64.mpi.default/libesmf.so(c_esmc_vmfinalize_+0x25)[0x7f85c5001b15]
/tmp/intel_2023.1.0-oneAPI_mpi_O_nrl_work-esmx/esmf/DEFAULTINSTALLDIR/lib/libO/Unicos.intel.64.mpi.default/libesmf.so(c_esmc_vmfinalize_+0x25)[0x7fadbf003b15]
/tmp/intel_2023.1.0-oneAPI_mpi_O_nrl_work-esmx/esmf/DEFAULTINSTALLDIR/lib/libO/Unicos.intel.64.mpi.default/libesmf.so(c_esmc_vmfinalize_+0x25)[0x7f397c9e4b15]
/tmp/intel_2023.1.0-oneAPI_mpi_O_nrl_work-esmx/esmf/DEFAULTINSTALLDIR/lib/libO/Unicos.intel.64.mpi.default/libesmf.so(esmf_vmmod_mp_esmf_vmfinalize_+0x1c)[0x7fadbf7237bc]
/tmp/intel_2023.1.0-oneAPI_mpi_O_nrl_work-esmx/esmf/DEFAULTINSTALLDIR/lib/libO/Unicos.intel.64.mpi.default/libesmf.so(esmf_vmmod_mp_esmf_vmfinalize_+0x1c)[0x7f85c57217bc]
/tmp/intel_2023.1.0-oneAPI_mpi_O_nrl_work-esmx/esmf/DEFAULTINSTALLDIR/lib/libO/Unicos.intel.64.mpi.default/libesmf.so(esmf_vmmod_mp_esmf_vmfinalize_+0x1c)[0x7f397d1047bc]
/tmp/intel_2023.1.0-oneAPI_mpi_O_nrl_work-esmx/esmf/DEFAULTINSTALLDIR/lib/libO/Unicos.intel.64.mpi.default/libesmf.so(esmf_initmod_mp_esmf_finalize_+0x66b)[0x7f85c5529a0b]
/tmp/intel_2023.1.0-oneAPI_mpi_O_nrl_work-esmx/esmf/DEFAULTINSTALLDIR/lib/libO/Unicos.intel.64.mpi.default/libesmf.so(esmf_initmod_mp_esmf_finalize_+0x66b)[0x7fadbf52ba0b]
/tmp/intel_2023.1.0-oneAPI_mpi_O_nrl_work-esmx/nuopc-app-prototypes/NamespaceProto/./mainApp[0x41679b]
/tmp/intel_2023.1.0-oneAPI_mpi_O_nrl_work-esmx/nuopc-app-prototypes/NamespaceProto/./mainApp[0x41617d]
/tmp/intel_2023.1.0-oneAPI_mpi_O_nrl_work-esmx/nuopc-app-prototypes/NamespaceProto/./mainApp[0x41679b]
/tmp/intel_2023.1.0-oneAPI_mpi_O_nrl_work-esmx/nuopc-app-prototypes/NamespaceProto/./mainApp[0x41617d]
/lib64/libc.so.6(__libc_start_main+0xef)[0x7f85c043e24d]
/tmp/intel_2023.1.0-oneAPI_mpi_O_nrl_work-esmx/nuopc-app-prototypes/NamespaceProto/./mainApp[0x4160aa]
/tmp/intel_2023.1.0-oneAPI_mpi_O_nrl_work-esmx/esmf/DEFAULTINSTALLDIR/lib/libO/Unicos.intel.64.mpi.default/libesmf.so(esmf_initmod_mp_esmf_finalize_+0x66b)[0x7f397cf0ca0b]
/lib64/libc.so.6(__libc_start_main+0xef)[0x7fadba43e24d]
/tmp/intel_2023.1.0-oneAPI_mpi_O_nrl_work-esmx/nuopc-app-prototypes/NamespaceProto/./mainApp[0x4160aa]
/tmp/intel_2023.1.0-oneAPI_mpi_O_nrl_work-esmx/nuopc-app-prototypes/NamespaceProto/./mainApp[0x41679b]
/tmp/intel_2023.1.0-oneAPI_mpi_O_nrl_work-esmx/nuopc-app-prototypes/NamespaceProto/./mainApp[0x41617d]
/lib64/libc.so.6(__libc_start_main+0xef)[0x7f3977e3e24d]
/tmp/intel_2023.1.0-oneAPI_mpi_O_nrl_work-esmx/nuopc-app-prototypes/NamespaceProto/./mainApp[0x4160aa]
srun: error: c5n0947: tasks 1-3: Exited with exit code 1
srun: Terminating StepId=135098032.386
slurmstepd: error: *** STEP 135098032.386 ON c5n0947 CANCELLED AT 2024-08-02T04:29:43 ***
forrtl: error (78): process killed (SIGTERM)
Image              PC                Routine            Line        Source             
libpthread-2.31.s  00007F2DC4618910  Unknown               Unknown  Unknown
libc-2.31.so       00007F2DC0D05B57  __sched_yield         Unknown  Unknown
libmpi_intel.so.1  00007F2DC2901ADE  Unknown               Unknown  Unknown
libmpi_intel.so.1  00007F2DC369DA16  Unknown               Unknown  Unknown
libmpi_intel.so.1  00007F2DC36B0169  Unknown               Unknown  Unknown
libmpi_intel.so.1  00007F2DC35B858C  Unknown               Unknown  Unknown
libmpi_intel.so.1  00007F2DC1BA3D11  Unknown               Unknown  Unknown
libmpi_intel.so.1  00007F2DC1BA3EF5  Unknown               Unknown  Unknown
libmpi_intel.so.1  00007F2DC389D5F0  Unknown               Unknown  Unknown
libmpi_intel.so.1  00007F2DC36DD0FC  Unknown               Unknown  Unknown
libmpi_intel.so.1  00007F2DC36DB00C  Unknown               Unknown  Unknown
libmpi_intel.so.1  00007F2DC1E67C01  Unknown               Unknown  Unknown
libmpi_intel.so.1  00007F2DC36DF380  Unknown               Unknown  Unknown
libmpi_intel.so.1  00007F2DC389E3D3  Unknown               Unknown  Unknown
libmpi_intel.so.1  00007F2DC1C91200  Unknown               Unknown  Unknown
libmpi_intel.so.1  00007F2DC1C9173F  PMPI_Barrier          Unknown  Unknown
libdarshan.so.0.0  00007F2DC48095A7  darshan_core_shut     Unknown  Unknown
libdarshan.so.0.0  00007F2DC480823E  MPI_Finalize          Unknown  Unknown
libesmf.so         00007F2DC57D4E7F  _ZN5ESMCI3VMK8fin     Unknown  Unknown
libesmf.so         00007F2DC57F1F92  _ZN5ESMCI2VM8fina     Unknown  Unknown
libesmf.so         00007F2DC57CFB15  c_esmc_vmfinalize     Unknown  Unknown
libesmf.so         00007F2DC5EEF7BC  esmf_vmmod_mp_esm     Unknown  Unknown
libesmf.so         00007F2DC5CF7A0B  esmf_initmod_mp_e     Unknown  Unknown
mainApp            000000000041679B  Unknown               Unknown  Unknown
mainApp            000000000041617D  Unknown               Unknown  Unknown
libc-2.31.so       00007F2DC0C3E24D  __libc_start_main     Unknown  Unknown
mainApp            00000000004160AA  Unknown               Unknown  Unknown
srun: error: c5n0947: task 0: Killed
srun: Force Terminated StepId=135098032.386
