2024-08-02 04:03:16

mainApp:205128 terminated with signal 11 at PC=440ba9 SP=7ffefd705030.  Backtrace:

mainApp:205127 terminated with signal 11 at PC=440bc1 SP=7ffe117eda80.  Backtrace:
/tmp/intel_2023.1.0-oneAPI_mpi_O_nrl_work-esmx/nuopc-app-prototypes/NestingSingleProto/./mainApp[0x440ba9]
/tmp/intel_2023.1.0-oneAPI_mpi_O_nrl_work-esmx/nuopc-app-prototypes/NestingSingleProto/./mainApp[0x441b80]
/tmp/intel_2023.1.0-oneAPI_mpi_O_nrl_work-esmx/nuopc-app-prototypes/NestingSingleProto/./mainApp[0x440d25]
/tmp/intel_2023.1.0-oneAPI_mpi_O_nrl_work-esmx/nuopc-app-prototypes/NestingSingleProto/./mainApp[0x440bc1]
/tmp/intel_2023.1.0-oneAPI_mpi_O_nrl_work-esmx/nuopc-app-prototypes/NestingSingleProto/./mainApp[0x441b80]
/tmp/intel_2023.1.0-oneAPI_mpi_O_nrl_work-esmx/nuopc-app-prototypes/NestingSingleProto/./mainApp[0x440d25]

mainApp:205126 terminated with signal 11 at PC=440b82 SP=7fff9062af60.  Backtrace:
/tmp/intel_2023.1.0-oneAPI_mpi_O_nrl_work-esmx/esmf/DEFAULTINSTALLDIR/lib/libO/Unicos.intel.64.mpi.default/libesmf.so(f_esmf_compcollectgarbage2_+0x2f1)[0x7f0ba544e181]
/tmp/intel_2023.1.0-oneAPI_mpi_O_nrl_work-esmx/nuopc-app-prototypes/NestingSingleProto/./mainApp[0x440b82]
/tmp/intel_2023.1.0-oneAPI_mpi_O_nrl_work-esmx/nuopc-app-prototypes/NestingSingleProto/./mainApp[0x441b80]
/tmp/intel_2023.1.0-oneAPI_mpi_O_nrl_work-esmx/nuopc-app-prototypes/NestingSingleProto/./mainApp[0x440d25]
/tmp/intel_2023.1.0-oneAPI_mpi_O_nrl_work-esmx/esmf/DEFAULTINSTALLDIR/lib/libO/Unicos.intel.64.mpi.default/libesmf.so(f_esmf_compcollectgarbage2_+0x2f1)[0x7f2d6a667181]
/tmp/intel_2023.1.0-oneAPI_mpi_O_nrl_work-esmx/esmf/DEFAULTINSTALLDIR/lib/libO/Unicos.intel.64.mpi.default/libesmf.so(_ZN5ESMCI2VM8finalizeEP12ESMC_LogicalPi+0x34f)[0x7f0ba52a6e9f]
/tmp/intel_2023.1.0-oneAPI_mpi_O_nrl_work-esmx/esmf/DEFAULTINSTALLDIR/lib/libO/Unicos.intel.64.mpi.default/libesmf.so(f_esmf_compcollectgarbage2_+0x2f1)[0x7f032d612181]
/tmp/intel_2023.1.0-oneAPI_mpi_O_nrl_work-esmx/esmf/DEFAULTINSTALLDIR/lib/libO/Unicos.intel.64.mpi.default/libesmf.so(_ZN5ESMCI2VM8finalizeEP12ESMC_LogicalPi+0x34f)[0x7f2d6a4bfe9f]
/tmp/intel_2023.1.0-oneAPI_mpi_O_nrl_work-esmx/esmf/DEFAULTINSTALLDIR/lib/libO/Unicos.intel.64.mpi.default/libesmf.so(c_esmc_vmfinalize_+0x25)[0x7f0ba5284b15]
/tmp/intel_2023.1.0-oneAPI_mpi_O_nrl_work-esmx/esmf/DEFAULTINSTALLDIR/lib/libO/Unicos.intel.64.mpi.default/libesmf.so(c_esmc_vmfinalize_+0x25)[0x7f2d6a49db15]
/tmp/intel_2023.1.0-oneAPI_mpi_O_nrl_work-esmx/esmf/DEFAULTINSTALLDIR/lib/libO/Unicos.intel.64.mpi.default/libesmf.so(_ZN5ESMCI2VM8finalizeEP12ESMC_LogicalPi+0x34f)[0x7f032d46ae9f]
/tmp/intel_2023.1.0-oneAPI_mpi_O_nrl_work-esmx/esmf/DEFAULTINSTALLDIR/lib/libO/Unicos.intel.64.mpi.default/libesmf.so(esmf_vmmod_mp_esmf_vmfinalize_+0x1c)[0x7f0ba59a47bc]
/tmp/intel_2023.1.0-oneAPI_mpi_O_nrl_work-esmx/esmf/DEFAULTINSTALLDIR/lib/libO/Unicos.intel.64.mpi.default/libesmf.so(esmf_vmmod_mp_esmf_vmfinalize_+0x1c)[0x7f2d6abbd7bc]
/tmp/intel_2023.1.0-oneAPI_mpi_O_nrl_work-esmx/esmf/DEFAULTINSTALLDIR/lib/libO/Unicos.intel.64.mpi.default/libesmf.so(c_esmc_vmfinalize_+0x25)[0x7f032d448b15]
/tmp/intel_2023.1.0-oneAPI_mpi_O_nrl_work-esmx/esmf/DEFAULTINSTALLDIR/lib/libO/Unicos.intel.64.mpi.default/libesmf.so(esmf_initmod_mp_esmf_finalize_+0x66b)[0x7f0ba57aca0b]
/tmp/intel_2023.1.0-oneAPI_mpi_O_nrl_work-esmx/nuopc-app-prototypes/NestingSingleProto/./mainApp[0x4171d3]
/tmp/intel_2023.1.0-oneAPI_mpi_O_nrl_work-esmx/nuopc-app-prototypes/NestingSingleProto/./mainApp[0x416b3d]
/lib64/libc.so.6(__libc_start_main+0xef)[0x7f0ba063e24d]
/tmp/intel_2023.1.0-oneAPI_mpi_O_nrl_work-esmx/nuopc-app-prototypes/NestingSingleProto/./mainApp[0x416a6a]
/tmp/intel_2023.1.0-oneAPI_mpi_O_nrl_work-esmx/esmf/DEFAULTINSTALLDIR/lib/libO/Unicos.intel.64.mpi.default/libesmf.so(esmf_initmod_mp_esmf_finalize_+0x66b)[0x7f2d6a9c5a0b]
/tmp/intel_2023.1.0-oneAPI_mpi_O_nrl_work-esmx/nuopc-app-prototypes/NestingSingleProto/./mainApp[0x4171d3]
/tmp/intel_2023.1.0-oneAPI_mpi_O_nrl_work-esmx/nuopc-app-prototypes/NestingSingleProto/./mainApp[0x416b3d]
/tmp/intel_2023.1.0-oneAPI_mpi_O_nrl_work-esmx/esmf/DEFAULTINSTALLDIR/lib/libO/Unicos.intel.64.mpi.default/libesmf.so(esmf_vmmod_mp_esmf_vmfinalize_+0x1c)[0x7f032db687bc]
/lib64/libc.so.6(__libc_start_main+0xef)[0x7f2d6583e24d]
/tmp/intel_2023.1.0-oneAPI_mpi_O_nrl_work-esmx/nuopc-app-prototypes/NestingSingleProto/./mainApp[0x416a6a]
/tmp/intel_2023.1.0-oneAPI_mpi_O_nrl_work-esmx/esmf/DEFAULTINSTALLDIR/lib/libO/Unicos.intel.64.mpi.default/libesmf.so(esmf_initmod_mp_esmf_finalize_+0x66b)[0x7f032d970a0b]
/tmp/intel_2023.1.0-oneAPI_mpi_O_nrl_work-esmx/nuopc-app-prototypes/NestingSingleProto/./mainApp[0x4171d3]
/tmp/intel_2023.1.0-oneAPI_mpi_O_nrl_work-esmx/nuopc-app-prototypes/NestingSingleProto/./mainApp[0x416b3d]
/lib64/libc.so.6(__libc_start_main+0xef)[0x7f032883e24d]
/tmp/intel_2023.1.0-oneAPI_mpi_O_nrl_work-esmx/nuopc-app-prototypes/NestingSingleProto/./mainApp[0x416a6a]
srun: error: c5n0947: tasks 1-3: Exited with exit code 1
srun: Terminating StepId=135098032.388
slurmstepd: error: *** STEP 135098032.388 ON c5n0947 CANCELLED AT 2024-08-02T04:30:49 ***
forrtl: error (78): process killed (SIGTERM)
Image              PC                Routine            Line        Source             
libpthread-2.31.s  00007FC96BF08910  Unknown               Unknown  Unknown
libc-2.31.so       00007FC968105B57  __sched_yield         Unknown  Unknown
libmpi_intel.so.1  00007FC969D01ADE  Unknown               Unknown  Unknown
libmpi_intel.so.1  00007FC96AA9DA16  Unknown               Unknown  Unknown
libmpi_intel.so.1  00007FC96AAB0169  Unknown               Unknown  Unknown
libmpi_intel.so.1  00007FC96A9B858C  Unknown               Unknown  Unknown
libmpi_intel.so.1  00007FC968FA3D11  Unknown               Unknown  Unknown
libmpi_intel.so.1  00007FC968FA3EF5  Unknown               Unknown  Unknown
libmpi_intel.so.1  00007FC96AC9D5F0  Unknown               Unknown  Unknown
libmpi_intel.so.1  00007FC96AADD0FC  Unknown               Unknown  Unknown
libmpi_intel.so.1  00007FC96AADB00C  Unknown               Unknown  Unknown
libmpi_intel.so.1  00007FC969267C01  Unknown               Unknown  Unknown
libmpi_intel.so.1  00007FC96AADF380  Unknown               Unknown  Unknown
libmpi_intel.so.1  00007FC96AC9E3D3  Unknown               Unknown  Unknown
libmpi_intel.so.1  00007FC969091200  Unknown               Unknown  Unknown
libmpi_intel.so.1  00007FC96909173F  PMPI_Barrier          Unknown  Unknown
libdarshan.so.0.0  00007FC96BC095A7  darshan_core_shut     Unknown  Unknown
libdarshan.so.0.0  00007FC96BC0823E  MPI_Finalize          Unknown  Unknown
libesmf.so         00007FC96CCB9E7F  _ZN5ESMCI3VMK8fin     Unknown  Unknown
libesmf.so         00007FC96CCD6F92  _ZN5ESMCI2VM8fina     Unknown  Unknown
libesmf.so         00007FC96CCB4B15  c_esmc_vmfinalize     Unknown  Unknown
libesmf.so         00007FC96D3D47BC  esmf_vmmod_mp_esm     Unknown  Unknown
libesmf.so         00007FC96D1DCA0B  esmf_initmod_mp_e     Unknown  Unknown
mainApp            00000000004171D3  Unknown               Unknown  Unknown
mainApp            0000000000416B3D  Unknown               Unknown  Unknown
libc-2.31.so       00007FC96803E24D  __libc_start_main     Unknown  Unknown
mainApp            0000000000416A6A  Unknown               Unknown  Unknown
srun: error: c5n0947: task 0: Killed
srun: Force Terminated StepId=135098032.388
