2024-08-02 04:03:16

mainApp:205029 terminated with signal 11 at PC=441df3 SP=7ffdb56cc1a0.  Backtrace:

mainApp:205031 terminated with signal 11 at PC=441dd7 SP=7fff520b30d0.  Backtrace:
/tmp/intel_2023.1.0-oneAPI_mpi_O_nrl_work-esmx/nuopc-app-prototypes/NestingMultipleProto/./mainApp[0x441df3]
/tmp/intel_2023.1.0-oneAPI_mpi_O_nrl_work-esmx/nuopc-app-prototypes/NestingMultipleProto/./mainApp[0x442dc0]
/tmp/intel_2023.1.0-oneAPI_mpi_O_nrl_work-esmx/nuopc-app-prototypes/NestingMultipleProto/./mainApp[0x441f65]

mainApp:205030 terminated with signal 11 at PC=441e13 SP=7ffe6c156cb0.  Backtrace:
/tmp/intel_2023.1.0-oneAPI_mpi_O_nrl_work-esmx/nuopc-app-prototypes/NestingMultipleProto/./mainApp[0x441dd7]
/tmp/intel_2023.1.0-oneAPI_mpi_O_nrl_work-esmx/nuopc-app-prototypes/NestingMultipleProto/./mainApp[0x442dc0]
/tmp/intel_2023.1.0-oneAPI_mpi_O_nrl_work-esmx/nuopc-app-prototypes/NestingMultipleProto/./mainApp[0x441f65]
/tmp/intel_2023.1.0-oneAPI_mpi_O_nrl_work-esmx/nuopc-app-prototypes/NestingMultipleProto/./mainApp[0x441e13]
/tmp/intel_2023.1.0-oneAPI_mpi_O_nrl_work-esmx/nuopc-app-prototypes/NestingMultipleProto/./mainApp[0x442dc0]
/tmp/intel_2023.1.0-oneAPI_mpi_O_nrl_work-esmx/nuopc-app-prototypes/NestingMultipleProto/./mainApp[0x441f65]
/tmp/intel_2023.1.0-oneAPI_mpi_O_nrl_work-esmx/esmf/DEFAULTINSTALLDIR/lib/libO/Unicos.intel.64.mpi.default/libesmf.so(f_esmf_compcollectgarbage2_+0x2f1)[0x7f5114072181]
/tmp/intel_2023.1.0-oneAPI_mpi_O_nrl_work-esmx/esmf/DEFAULTINSTALLDIR/lib/libO/Unicos.intel.64.mpi.default/libesmf.so(f_esmf_compcollectgarbage2_+0x2f1)[0x7fb9b2c21181]
/tmp/intel_2023.1.0-oneAPI_mpi_O_nrl_work-esmx/esmf/DEFAULTINSTALLDIR/lib/libO/Unicos.intel.64.mpi.default/libesmf.so(f_esmf_compcollectgarbage2_+0x2f1)[0x7fdbd70ef181]
/tmp/intel_2023.1.0-oneAPI_mpi_O_nrl_work-esmx/esmf/DEFAULTINSTALLDIR/lib/libO/Unicos.intel.64.mpi.default/libesmf.so(_ZN5ESMCI2VM8finalizeEP12ESMC_LogicalPi+0x34f)[0x7f5113ecae9f]
/tmp/intel_2023.1.0-oneAPI_mpi_O_nrl_work-esmx/esmf/DEFAULTINSTALLDIR/lib/libO/Unicos.intel.64.mpi.default/libesmf.so(_ZN5ESMCI2VM8finalizeEP12ESMC_LogicalPi+0x34f)[0x7fb9b2a79e9f]
/tmp/intel_2023.1.0-oneAPI_mpi_O_nrl_work-esmx/esmf/DEFAULTINSTALLDIR/lib/libO/Unicos.intel.64.mpi.default/libesmf.so(_ZN5ESMCI2VM8finalizeEP12ESMC_LogicalPi+0x34f)[0x7fdbd6f47e9f]
/tmp/intel_2023.1.0-oneAPI_mpi_O_nrl_work-esmx/esmf/DEFAULTINSTALLDIR/lib/libO/Unicos.intel.64.mpi.default/libesmf.so(c_esmc_vmfinalize_+0x25)[0x7f5113ea8b15]
/tmp/intel_2023.1.0-oneAPI_mpi_O_nrl_work-esmx/esmf/DEFAULTINSTALLDIR/lib/libO/Unicos.intel.64.mpi.default/libesmf.so(c_esmc_vmfinalize_+0x25)[0x7fb9b2a57b15]
/tmp/intel_2023.1.0-oneAPI_mpi_O_nrl_work-esmx/esmf/DEFAULTINSTALLDIR/lib/libO/Unicos.intel.64.mpi.default/libesmf.so(c_esmc_vmfinalize_+0x25)[0x7fdbd6f25b15]
/tmp/intel_2023.1.0-oneAPI_mpi_O_nrl_work-esmx/esmf/DEFAULTINSTALLDIR/lib/libO/Unicos.intel.64.mpi.default/libesmf.so(esmf_vmmod_mp_esmf_vmfinalize_+0x1c)[0x7f51145c87bc]
/tmp/intel_2023.1.0-oneAPI_mpi_O_nrl_work-esmx/esmf/DEFAULTINSTALLDIR/lib/libO/Unicos.intel.64.mpi.default/libesmf.so(esmf_vmmod_mp_esmf_vmfinalize_+0x1c)[0x7fb9b31777bc]
/tmp/intel_2023.1.0-oneAPI_mpi_O_nrl_work-esmx/esmf/DEFAULTINSTALLDIR/lib/libO/Unicos.intel.64.mpi.default/libesmf.so(esmf_vmmod_mp_esmf_vmfinalize_+0x1c)[0x7fdbd76457bc]
/tmp/intel_2023.1.0-oneAPI_mpi_O_nrl_work-esmx/esmf/DEFAULTINSTALLDIR/lib/libO/Unicos.intel.64.mpi.default/libesmf.so(esmf_initmod_mp_esmf_finalize_+0x66b)[0x7f51143d0a0b]
/tmp/intel_2023.1.0-oneAPI_mpi_O_nrl_work-esmx/nuopc-app-prototypes/NestingMultipleProto/./mainApp[0x4171d3]
/tmp/intel_2023.1.0-oneAPI_mpi_O_nrl_work-esmx/nuopc-app-prototypes/NestingMultipleProto/./mainApp[0x416b3d]
/tmp/intel_2023.1.0-oneAPI_mpi_O_nrl_work-esmx/esmf/DEFAULTINSTALLDIR/lib/libO/Unicos.intel.64.mpi.default/libesmf.so(esmf_initmod_mp_esmf_finalize_+0x66b)[0x7fdbd744da0b]
/tmp/intel_2023.1.0-oneAPI_mpi_O_nrl_work-esmx/esmf/DEFAULTINSTALLDIR/lib/libO/Unicos.intel.64.mpi.default/libesmf.so(esmf_initmod_mp_esmf_finalize_+0x66b)[0x7fb9b2f7fa0b]
/tmp/intel_2023.1.0-oneAPI_mpi_O_nrl_work-esmx/nuopc-app-prototypes/NestingMultipleProto/./mainApp[0x4171d3]
/tmp/intel_2023.1.0-oneAPI_mpi_O_nrl_work-esmx/nuopc-app-prototypes/NestingMultipleProto/./mainApp[0x416b3d]
/lib64/libc.so.6(__libc_start_main+0xef)[0x7f510f23e24d]
/tmp/intel_2023.1.0-oneAPI_mpi_O_nrl_work-esmx/nuopc-app-prototypes/NestingMultipleProto/./mainApp[0x416a6a]
/tmp/intel_2023.1.0-oneAPI_mpi_O_nrl_work-esmx/nuopc-app-prototypes/NestingMultipleProto/./mainApp[0x4171d3]
/tmp/intel_2023.1.0-oneAPI_mpi_O_nrl_work-esmx/nuopc-app-prototypes/NestingMultipleProto/./mainApp[0x416b3d]
/lib64/libc.so.6(__libc_start_main+0xef)[0x7fdbd223e24d]
/lib64/libc.so.6(__libc_start_main+0xef)[0x7fb9ade3e24d]
/tmp/intel_2023.1.0-oneAPI_mpi_O_nrl_work-esmx/nuopc-app-prototypes/NestingMultipleProto/./mainApp[0x416a6a]
/tmp/intel_2023.1.0-oneAPI_mpi_O_nrl_work-esmx/nuopc-app-prototypes/NestingMultipleProto/./mainApp[0x416a6a]
srun: error: c5n0947: tasks 1-3: Exited with exit code 1
srun: Terminating StepId=135098032.387
slurmstepd: error: *** STEP 135098032.387 ON c5n0947 CANCELLED AT 2024-08-02T04:30:16 ***
forrtl: error (78): process killed (SIGTERM)
Image              PC                Routine            Line        Source             
libpthread-2.31.s  00007FDDA55CE910  Unknown               Unknown  Unknown
libc-2.31.so       00007FDDA1D05B57  __sched_yield         Unknown  Unknown
libmpi_intel.so.1  00007FDDA3901ADE  Unknown               Unknown  Unknown
libmpi_intel.so.1  00007FDDA469DA16  Unknown               Unknown  Unknown
libmpi_intel.so.1  00007FDDA46B0169  Unknown               Unknown  Unknown
libmpi_intel.so.1  00007FDDA45B858C  Unknown               Unknown  Unknown
libmpi_intel.so.1  00007FDDA2BA3D11  Unknown               Unknown  Unknown
libmpi_intel.so.1  00007FDDA2BA3EF5  Unknown               Unknown  Unknown
libmpi_intel.so.1  00007FDDA489D5F0  Unknown               Unknown  Unknown
libmpi_intel.so.1  00007FDDA46DD0FC  Unknown               Unknown  Unknown
libmpi_intel.so.1  00007FDDA46DB00C  Unknown               Unknown  Unknown
libmpi_intel.so.1  00007FDDA2E67C01  Unknown               Unknown  Unknown
libmpi_intel.so.1  00007FDDA46DF380  Unknown               Unknown  Unknown
libmpi_intel.so.1  00007FDDA489E3D3  Unknown               Unknown  Unknown
libmpi_intel.so.1  00007FDDA2C91200  Unknown               Unknown  Unknown
libmpi_intel.so.1  00007FDDA2C9173F  PMPI_Barrier          Unknown  Unknown
libdarshan.so.0.0  00007FDDA56095A7  darshan_core_shut     Unknown  Unknown
libdarshan.so.0.0  00007FDDA560823E  MPI_Finalize          Unknown  Unknown
libesmf.so         00007FDDA6794E7F  _ZN5ESMCI3VMK8fin     Unknown  Unknown
libesmf.so         00007FDDA67B1F92  _ZN5ESMCI2VM8fina     Unknown  Unknown
libesmf.so         00007FDDA678FB15  c_esmc_vmfinalize     Unknown  Unknown
libesmf.so         00007FDDA6EAF7BC  esmf_vmmod_mp_esm     Unknown  Unknown
libesmf.so         00007FDDA6CB7A0B  esmf_initmod_mp_e     Unknown  Unknown
mainApp            00000000004171D3  Unknown               Unknown  Unknown
mainApp            0000000000416B3D  Unknown               Unknown  Unknown
libc-2.31.so       00007FDDA1C3E24D  __libc_start_main     Unknown  Unknown
mainApp            0000000000416A6A  Unknown               Unknown  Unknown
srun: error: c5n0947: task 0: Killed
srun: Force Terminated StepId=135098032.387
