2024-08-02 04:03:16

mainApp:205770 terminated with signal 11 at PC=43d660 SP=7ffcede6cd40.  Backtrace:

mainApp:205771 terminated with signal 11 at PC=43d677 SP=7ffdfc9b7b40.  Backtrace:
/tmp/intel_2023.1.0-oneAPI_mpi_O_nrl_work-esmx/nuopc-app-prototypes/SingleModelOpenMPUnawareProto/./mainApp[0x43d660]
/tmp/intel_2023.1.0-oneAPI_mpi_O_nrl_work-esmx/nuopc-app-prototypes/SingleModelOpenMPUnawareProto/./mainApp[0x43e660]
/tmp/intel_2023.1.0-oneAPI_mpi_O_nrl_work-esmx/nuopc-app-prototypes/SingleModelOpenMPUnawareProto/./mainApp[0x43d805]

mainApp:205772 terminated with signal 11 at PC=43d6a1 SP=7ffc903a2300.  Backtrace:
/tmp/intel_2023.1.0-oneAPI_mpi_O_nrl_work-esmx/nuopc-app-prototypes/SingleModelOpenMPUnawareProto/./mainApp[0x43d677]
/tmp/intel_2023.1.0-oneAPI_mpi_O_nrl_work-esmx/nuopc-app-prototypes/SingleModelOpenMPUnawareProto/./mainApp[0x43e660]
/tmp/intel_2023.1.0-oneAPI_mpi_O_nrl_work-esmx/nuopc-app-prototypes/SingleModelOpenMPUnawareProto/./mainApp[0x43d805]
/tmp/intel_2023.1.0-oneAPI_mpi_O_nrl_work-esmx/nuopc-app-prototypes/SingleModelOpenMPUnawareProto/./mainApp[0x43d6a1]
/tmp/intel_2023.1.0-oneAPI_mpi_O_nrl_work-esmx/nuopc-app-prototypes/SingleModelOpenMPUnawareProto/./mainApp[0x43e660]
/tmp/intel_2023.1.0-oneAPI_mpi_O_nrl_work-esmx/nuopc-app-prototypes/SingleModelOpenMPUnawareProto/./mainApp[0x43d805]
/tmp/intel_2023.1.0-oneAPI_mpi_O_nrl_work-esmx/esmf/DEFAULTINSTALLDIR/lib/libO/Unicos.intel.64.mpi.default/libesmf.so(f_esmf_compcollectgarbage2_+0x2f1)[0x7f9b67c5c181]
/tmp/intel_2023.1.0-oneAPI_mpi_O_nrl_work-esmx/esmf/DEFAULTINSTALLDIR/lib/libO/Unicos.intel.64.mpi.default/libesmf.so(f_esmf_compcollectgarbage2_+0x2f1)[0x7fcd8a42d181]
/tmp/intel_2023.1.0-oneAPI_mpi_O_nrl_work-esmx/esmf/DEFAULTINSTALLDIR/lib/libO/Unicos.intel.64.mpi.default/libesmf.so(_ZN5ESMCI2VM8finalizeEP12ESMC_LogicalPi+0x34f)[0x7f9b67ab4e9f]
/tmp/intel_2023.1.0-oneAPI_mpi_O_nrl_work-esmx/esmf/DEFAULTINSTALLDIR/lib/libO/Unicos.intel.64.mpi.default/libesmf.so(f_esmf_compcollectgarbage2_+0x2f1)[0x7fa90761b181]
/tmp/intel_2023.1.0-oneAPI_mpi_O_nrl_work-esmx/esmf/DEFAULTINSTALLDIR/lib/libO/Unicos.intel.64.mpi.default/libesmf.so(c_esmc_vmfinalize_+0x25)[0x7f9b67a92b15]
/tmp/intel_2023.1.0-oneAPI_mpi_O_nrl_work-esmx/esmf/DEFAULTINSTALLDIR/lib/libO/Unicos.intel.64.mpi.default/libesmf.so(_ZN5ESMCI2VM8finalizeEP12ESMC_LogicalPi+0x34f)[0x7fa907473e9f]
/tmp/intel_2023.1.0-oneAPI_mpi_O_nrl_work-esmx/esmf/DEFAULTINSTALLDIR/lib/libO/Unicos.intel.64.mpi.default/libesmf.so(_ZN5ESMCI2VM8finalizeEP12ESMC_LogicalPi+0x34f)[0x7fcd8a285e9f]
/tmp/intel_2023.1.0-oneAPI_mpi_O_nrl_work-esmx/esmf/DEFAULTINSTALLDIR/lib/libO/Unicos.intel.64.mpi.default/libesmf.so(esmf_vmmod_mp_esmf_vmfinalize_+0x1c)[0x7f9b681b27bc]
/tmp/intel_2023.1.0-oneAPI_mpi_O_nrl_work-esmx/esmf/DEFAULTINSTALLDIR/lib/libO/Unicos.intel.64.mpi.default/libesmf.so(c_esmc_vmfinalize_+0x25)[0x7fa907451b15]
/tmp/intel_2023.1.0-oneAPI_mpi_O_nrl_work-esmx/esmf/DEFAULTINSTALLDIR/lib/libO/Unicos.intel.64.mpi.default/libesmf.so(c_esmc_vmfinalize_+0x25)[0x7fcd8a263b15]
/tmp/intel_2023.1.0-oneAPI_mpi_O_nrl_work-esmx/esmf/DEFAULTINSTALLDIR/lib/libO/Unicos.intel.64.mpi.default/libesmf.so(esmf_initmod_mp_esmf_finalize_+0x66b)[0x7f9b67fbaa0b]
/tmp/intel_2023.1.0-oneAPI_mpi_O_nrl_work-esmx/nuopc-app-prototypes/SingleModelOpenMPUnawareProto/./mainApp[0x416d24]
/tmp/intel_2023.1.0-oneAPI_mpi_O_nrl_work-esmx/nuopc-app-prototypes/SingleModelOpenMPUnawareProto/./mainApp[0x41667d]
/lib64/libc.so.6(__libc_start_main+0xef)[0x7f9b62a3e24d]
/tmp/intel_2023.1.0-oneAPI_mpi_O_nrl_work-esmx/nuopc-app-prototypes/SingleModelOpenMPUnawareProto/./mainApp[0x4165aa]
/tmp/intel_2023.1.0-oneAPI_mpi_O_nrl_work-esmx/esmf/DEFAULTINSTALLDIR/lib/libO/Unicos.intel.64.mpi.default/libesmf.so(esmf_vmmod_mp_esmf_vmfinalize_+0x1c)[0x7fa907b717bc]
/tmp/intel_2023.1.0-oneAPI_mpi_O_nrl_work-esmx/esmf/DEFAULTINSTALLDIR/lib/libO/Unicos.intel.64.mpi.default/libesmf.so(esmf_vmmod_mp_esmf_vmfinalize_+0x1c)[0x7fcd8a9837bc]
/tmp/intel_2023.1.0-oneAPI_mpi_O_nrl_work-esmx/esmf/DEFAULTINSTALLDIR/lib/libO/Unicos.intel.64.mpi.default/libesmf.so(esmf_initmod_mp_esmf_finalize_+0x66b)[0x7fa907979a0b]
/tmp/intel_2023.1.0-oneAPI_mpi_O_nrl_work-esmx/nuopc-app-prototypes/SingleModelOpenMPUnawareProto/./mainApp[0x416d24]
/tmp/intel_2023.1.0-oneAPI_mpi_O_nrl_work-esmx/nuopc-app-prototypes/SingleModelOpenMPUnawareProto/./mainApp[0x41667d]
/lib64/libc.so.6(__libc_start_main+0xef)[0x7fa90243e24d]
/tmp/intel_2023.1.0-oneAPI_mpi_O_nrl_work-esmx/nuopc-app-prototypes/SingleModelOpenMPUnawareProto/./mainApp[0x4165aa]
/tmp/intel_2023.1.0-oneAPI_mpi_O_nrl_work-esmx/esmf/DEFAULTINSTALLDIR/lib/libO/Unicos.intel.64.mpi.default/libesmf.so(esmf_initmod_mp_esmf_finalize_+0x66b)[0x7fcd8a78ba0b]
/tmp/intel_2023.1.0-oneAPI_mpi_O_nrl_work-esmx/nuopc-app-prototypes/SingleModelOpenMPUnawareProto/./mainApp[0x416d24]
/tmp/intel_2023.1.0-oneAPI_mpi_O_nrl_work-esmx/nuopc-app-prototypes/SingleModelOpenMPUnawareProto/./mainApp[0x41667d]
/lib64/libc.so.6(__libc_start_main+0xef)[0x7fcd8523e24d]
/tmp/intel_2023.1.0-oneAPI_mpi_O_nrl_work-esmx/nuopc-app-prototypes/SingleModelOpenMPUnawareProto/./mainApp[0x4165aa]
srun: error: c5n0947: tasks 1-3: Exited with exit code 1
srun: Terminating StepId=135098032.392
slurmstepd: error: *** STEP 135098032.392 ON c5n0947 CANCELLED AT 2024-08-02T04:33:00 ***
forrtl: error (78): process killed (SIGTERM)
Image              PC                Routine            Line        Source             
libpthread-2.31.s  00007FE973AF6910  Unknown               Unknown  Unknown
libc-2.31.so       00007FE96F905B57  __sched_yield         Unknown  Unknown
libmpi_intel.so.1  00007FE971501ADE  Unknown               Unknown  Unknown
libmpi_intel.so.1  00007FE97229DA16  Unknown               Unknown  Unknown
libmpi_intel.so.1  00007FE9722B0169  Unknown               Unknown  Unknown
libmpi_intel.so.1  00007FE9721B858C  Unknown               Unknown  Unknown
libmpi_intel.so.1  00007FE9707A3D11  Unknown               Unknown  Unknown
libmpi_intel.so.1  00007FE9707A3EF5  Unknown               Unknown  Unknown
libmpi_intel.so.1  00007FE97249D5F0  Unknown               Unknown  Unknown
libmpi_intel.so.1  00007FE9722DD0FC  Unknown               Unknown  Unknown
libmpi_intel.so.1  00007FE9722DB00C  Unknown               Unknown  Unknown
libmpi_intel.so.1  00007FE970A67C01  Unknown               Unknown  Unknown
libmpi_intel.so.1  00007FE9722DF380  Unknown               Unknown  Unknown
libmpi_intel.so.1  00007FE97249E3D3  Unknown               Unknown  Unknown
libmpi_intel.so.1  00007FE970891200  Unknown               Unknown  Unknown
libmpi_intel.so.1  00007FE97089173F  PMPI_Barrier          Unknown  Unknown
libdarshan.so.0.0  00007FE9738095A7  darshan_core_shut     Unknown  Unknown
libdarshan.so.0.0  00007FE97380823E  MPI_Finalize          Unknown  Unknown
libesmf.so         00007FE9748A7E7F  _ZN5ESMCI3VMK8fin     Unknown  Unknown
libesmf.so         00007FE9748C4F92  _ZN5ESMCI2VM8fina     Unknown  Unknown
libesmf.so         00007FE9748A2B15  c_esmc_vmfinalize     Unknown  Unknown
libesmf.so         00007FE974FC27BC  esmf_vmmod_mp_esm     Unknown  Unknown
libesmf.so         00007FE974DCAA0B  esmf_initmod_mp_e     Unknown  Unknown
mainApp            0000000000416D24  Unknown               Unknown  Unknown
mainApp            000000000041667D  Unknown               Unknown  Unknown
libc-2.31.so       00007FE96F83E24D  __libc_start_main     Unknown  Unknown
mainApp            00000000004165AA  Unknown               Unknown  Unknown
srun: error: c5n0947: task 0: Killed
srun: Force Terminated StepId=135098032.392
