2024-08-01 04:12:59

mainApp:251854 terminated with signal 11 at PC=43d850 SP=7ffcb1a3e3f0.  Backtrace:
/tmp/intel_2023.1.0-oneAPI_mpi_O_nrl_work-esmx/nuopc-app-prototypes/SingleModelOpenMPProto/./mainApp[0x43d850]
/tmp/intel_2023.1.0-oneAPI_mpi_O_nrl_work-esmx/nuopc-app-prototypes/SingleModelOpenMPProto/./mainApp[0x43e850]
/tmp/intel_2023.1.0-oneAPI_mpi_O_nrl_work-esmx/nuopc-app-prototypes/SingleModelOpenMPProto/./mainApp[0x43d9f5]
/tmp/intel_2023.1.0-oneAPI_mpi_O_nrl_work-esmx/esmf/DEFAULTINSTALLDIR/lib/libO/Unicos.intel.64.mpi.default/libesmf.so(f_esmf_compcollectgarbage2_+0x2f1)[0x7f4177a4a181]
/tmp/intel_2023.1.0-oneAPI_mpi_O_nrl_work-esmx/esmf/DEFAULTINSTALLDIR/lib/libO/Unicos.intel.64.mpi.default/libesmf.so(_ZN5ESMCI2VM8finalizeEP12ESMC_LogicalPi+0x34f)[0x7f41778a2e9f]

mainApp:251855 terminated with signal 11 at PC=43d850 SP=7ffd0402b880.  Backtrace:

mainApp:251856 terminated with signal 11 at PC=43d8b0 SP=7ffd53e99bd0.  Backtrace:
/tmp/intel_2023.1.0-oneAPI_mpi_O_nrl_work-esmx/nuopc-app-prototypes/SingleModelOpenMPProto/./mainApp[0x43d8b0]
/tmp/intel_2023.1.0-oneAPI_mpi_O_nrl_work-esmx/nuopc-app-prototypes/SingleModelOpenMPProto/./mainApp[0x43e850]
/tmp/intel_2023.1.0-oneAPI_mpi_O_nrl_work-esmx/nuopc-app-prototypes/SingleModelOpenMPProto/./mainApp[0x43d9f5]
/tmp/intel_2023.1.0-oneAPI_mpi_O_nrl_work-esmx/nuopc-app-prototypes/SingleModelOpenMPProto/./mainApp[0x43d850]
/tmp/intel_2023.1.0-oneAPI_mpi_O_nrl_work-esmx/nuopc-app-prototypes/SingleModelOpenMPProto/./mainApp[0x43e850]
/tmp/intel_2023.1.0-oneAPI_mpi_O_nrl_work-esmx/nuopc-app-prototypes/SingleModelOpenMPProto/./mainApp[0x43d9f5]
/tmp/intel_2023.1.0-oneAPI_mpi_O_nrl_work-esmx/esmf/DEFAULTINSTALLDIR/lib/libO/Unicos.intel.64.mpi.default/libesmf.so(c_esmc_vmfinalize_+0x25)[0x7f4177880b15]
/tmp/intel_2023.1.0-oneAPI_mpi_O_nrl_work-esmx/esmf/DEFAULTINSTALLDIR/lib/libO/Unicos.intel.64.mpi.default/libesmf.so(f_esmf_compcollectgarbage2_+0x2f1)[0x7fb48cada181]
/tmp/intel_2023.1.0-oneAPI_mpi_O_nrl_work-esmx/esmf/DEFAULTINSTALLDIR/lib/libO/Unicos.intel.64.mpi.default/libesmf.so(esmf_vmmod_mp_esmf_vmfinalize_+0x1c)[0x7f4177fa07bc]
/tmp/intel_2023.1.0-oneAPI_mpi_O_nrl_work-esmx/esmf/DEFAULTINSTALLDIR/lib/libO/Unicos.intel.64.mpi.default/libesmf.so(f_esmf_compcollectgarbage2_+0x2f1)[0x7f2ef6a70181]
/tmp/intel_2023.1.0-oneAPI_mpi_O_nrl_work-esmx/esmf/DEFAULTINSTALLDIR/lib/libO/Unicos.intel.64.mpi.default/libesmf.so(_ZN5ESMCI2VM8finalizeEP12ESMC_LogicalPi+0x34f)[0x7fb48c932e9f]
/tmp/intel_2023.1.0-oneAPI_mpi_O_nrl_work-esmx/esmf/DEFAULTINSTALLDIR/lib/libO/Unicos.intel.64.mpi.default/libesmf.so(esmf_initmod_mp_esmf_finalize_+0x66b)[0x7f4177da8a0b]
/tmp/intel_2023.1.0-oneAPI_mpi_O_nrl_work-esmx/nuopc-app-prototypes/SingleModelOpenMPProto/./mainApp[0x416e24]
/tmp/intel_2023.1.0-oneAPI_mpi_O_nrl_work-esmx/nuopc-app-prototypes/SingleModelOpenMPProto/./mainApp[0x41677d]
/lib64/libc.so.6(__libc_start_main+0xef)[0x7f417283e24d]
/tmp/intel_2023.1.0-oneAPI_mpi_O_nrl_work-esmx/esmf/DEFAULTINSTALLDIR/lib/libO/Unicos.intel.64.mpi.default/libesmf.so(_ZN5ESMCI2VM8finalizeEP12ESMC_LogicalPi+0x34f)[0x7f2ef68c8e9f]
/tmp/intel_2023.1.0-oneAPI_mpi_O_nrl_work-esmx/nuopc-app-prototypes/SingleModelOpenMPProto/./mainApp[0x4166aa]
/tmp/intel_2023.1.0-oneAPI_mpi_O_nrl_work-esmx/esmf/DEFAULTINSTALLDIR/lib/libO/Unicos.intel.64.mpi.default/libesmf.so(c_esmc_vmfinalize_+0x25)[0x7fb48c910b15]
/tmp/intel_2023.1.0-oneAPI_mpi_O_nrl_work-esmx/esmf/DEFAULTINSTALLDIR/lib/libO/Unicos.intel.64.mpi.default/libesmf.so(c_esmc_vmfinalize_+0x25)[0x7f2ef68a6b15]
/tmp/intel_2023.1.0-oneAPI_mpi_O_nrl_work-esmx/esmf/DEFAULTINSTALLDIR/lib/libO/Unicos.intel.64.mpi.default/libesmf.so(esmf_vmmod_mp_esmf_vmfinalize_+0x1c)[0x7fb48d0307bc]
/tmp/intel_2023.1.0-oneAPI_mpi_O_nrl_work-esmx/esmf/DEFAULTINSTALLDIR/lib/libO/Unicos.intel.64.mpi.default/libesmf.so(esmf_vmmod_mp_esmf_vmfinalize_+0x1c)[0x7f2ef6fc67bc]
/tmp/intel_2023.1.0-oneAPI_mpi_O_nrl_work-esmx/esmf/DEFAULTINSTALLDIR/lib/libO/Unicos.intel.64.mpi.default/libesmf.so(esmf_initmod_mp_esmf_finalize_+0x66b)[0x7fb48ce38a0b]
/tmp/intel_2023.1.0-oneAPI_mpi_O_nrl_work-esmx/nuopc-app-prototypes/SingleModelOpenMPProto/./mainApp[0x416e24]
/tmp/intel_2023.1.0-oneAPI_mpi_O_nrl_work-esmx/nuopc-app-prototypes/SingleModelOpenMPProto/./mainApp[0x41677d]
/lib64/libc.so.6(__libc_start_main+0xef)[0x7fb48783e24d]
/tmp/intel_2023.1.0-oneAPI_mpi_O_nrl_work-esmx/nuopc-app-prototypes/SingleModelOpenMPProto/./mainApp[0x4166aa]
/tmp/intel_2023.1.0-oneAPI_mpi_O_nrl_work-esmx/esmf/DEFAULTINSTALLDIR/lib/libO/Unicos.intel.64.mpi.default/libesmf.so(esmf_initmod_mp_esmf_finalize_+0x66b)[0x7f2ef6dcea0b]
/tmp/intel_2023.1.0-oneAPI_mpi_O_nrl_work-esmx/nuopc-app-prototypes/SingleModelOpenMPProto/./mainApp[0x416e24]
/tmp/intel_2023.1.0-oneAPI_mpi_O_nrl_work-esmx/nuopc-app-prototypes/SingleModelOpenMPProto/./mainApp[0x41677d]
/lib64/libc.so.6(__libc_start_main+0xef)[0x7f2ef183e24d]
/tmp/intel_2023.1.0-oneAPI_mpi_O_nrl_work-esmx/nuopc-app-prototypes/SingleModelOpenMPProto/./mainApp[0x4166aa]
srun: error: c5n1677: tasks 1-3: Exited with exit code 1
srun: Terminating StepId=135095297.391
slurmstepd: error: *** STEP 135095297.391 ON c5n1677 CANCELLED AT 2024-08-01T04:43:14 ***
forrtl: error (78): process killed (SIGTERM)
Image              PC                Routine            Line        Source             
libpthread-2.31.s  00007F283003C910  Unknown               Unknown  Unknown
libc-2.31.so       00007F282C305B57  __sched_yield         Unknown  Unknown
libmpi_intel.so.1  00007F282DF01ADE  Unknown               Unknown  Unknown
libmpi_intel.so.1  00007F282EC9DA16  Unknown               Unknown  Unknown
libmpi_intel.so.1  00007F282ECB0169  Unknown               Unknown  Unknown
libmpi_intel.so.1  00007F282EBB858C  Unknown               Unknown  Unknown
libmpi_intel.so.1  00007F282D1A3D11  Unknown               Unknown  Unknown
libmpi_intel.so.1  00007F282D1A3EF5  Unknown               Unknown  Unknown
libmpi_intel.so.1  00007F282EE9D5F0  Unknown               Unknown  Unknown
libmpi_intel.so.1  00007F282ECDD0FC  Unknown               Unknown  Unknown
libmpi_intel.so.1  00007F282ECDB00C  Unknown               Unknown  Unknown
libmpi_intel.so.1  00007F282D467C01  Unknown               Unknown  Unknown
libmpi_intel.so.1  00007F282ECDF380  Unknown               Unknown  Unknown
libmpi_intel.so.1  00007F282EE9E3D3  Unknown               Unknown  Unknown
libmpi_intel.so.1  00007F282D291200  Unknown               Unknown  Unknown
libmpi_intel.so.1  00007F282D29173F  PMPI_Barrier          Unknown  Unknown
libdarshan.so.0.0  00007F28302095A7  darshan_core_shut     Unknown  Unknown
libdarshan.so.0.0  00007F283020823E  MPI_Finalize          Unknown  Unknown
libesmf.so         00007F2831350E7F  _ZN5ESMCI3VMK8fin     Unknown  Unknown
libesmf.so         00007F283136DF92  _ZN5ESMCI2VM8fina     Unknown  Unknown
libesmf.so         00007F283134BB15  c_esmc_vmfinalize     Unknown  Unknown
libesmf.so         00007F2831A6B7BC  esmf_vmmod_mp_esm     Unknown  Unknown
libesmf.so         00007F2831873A0B  esmf_initmod_mp_e     Unknown  Unknown
mainApp            0000000000416E24  Unknown               Unknown  Unknown
mainApp            000000000041677D  Unknown               Unknown  Unknown
libc-2.31.so       00007F282C23E24D  __libc_start_main     Unknown  Unknown
mainApp            00000000004166AA  Unknown               Unknown  Unknown
srun: error: c5n1677: task 0: Killed
srun: Force Terminated StepId=135095297.391
