2024-07-29 18:28:19
20240729 184456.935 INFO             PET0 !!!!!!!!!!!!!!!!!!!!!!!!!!!!!!!!!!!!!!!!!!!!!!!!!!!!!!
20240729 184456.935 INFO             PET0 !!! THE ESMF_LOG IS SET TO OUTPUT ALL LOG MESSAGES !!!
20240729 184456.935 INFO             PET0 !!!     THIS MAY CAUSE SLOWDOWN IN PERFORMANCE     !!!
20240729 184456.935 INFO             PET0 !!! FOR PRODUCTION RUNS, USE:                      !!!
20240729 184456.935 INFO             PET0 !!!                   ESMF_LOGKIND_Multi_On_Error  !!!
20240729 184456.935 INFO             PET0 !!!!!!!!!!!!!!!!!!!!!!!!!!!!!!!!!!!!!!!!!!!!!!!!!!!!!!
20240729 184456.935 INFO             PET0 Running with ESMF Version   : v8.7.0b10-23-ge8332f8778
20240729 184456.935 INFO             PET0 ESMF library build date/time: "Jul 29 2024" "18:27:23"
20240729 184456.935 INFO             PET0 ESMF library build location : /Users/oehmke/ESMF_AutoTest/gfortranclang_12.2.0_14.0.0_mpich_O_develop/esmf
20240729 184456.935 INFO             PET0 ESMF_COMM                   : mpich
20240729 184456.936 INFO             PET0 ESMF_MOAB                   : enabled
20240729 184456.936 INFO             PET0 ESMF_LAPACK                 : enabled
20240729 184456.936 INFO             PET0 ESMF_NETCDF                 : enabled
20240729 184456.936 INFO             PET0 ESMF_PNETCDF                : disabled
20240729 184456.936 INFO             PET0 ESMF_PIO                    : enabled
20240729 184456.936 INFO             PET0 ESMF_YAMLCPP                : enabled
20240729 184456.971 DEBUG            PET0 about to destroy Grid: 0x125008200
20240729 184456.974 DEBUG            PET0 about to destroy Grid: 0x125012e00
20240729 184456.983 INFO             PET0  NUMBER_OF_PROCESSORS           4
20240729 184456.983 INFO             PET0  PASS  Example ESMF_NUOPCAtmModelEx, ESMF_NUOPCAtmModelEx.F90, line 806
20240729 184456.983 INFO             PET0  Finalizing ESMF
20240729 184456.983 INFO             PET0 ESMCI_IO_Handler.C:335 ESMCI::IO_Handler::finalize() 
20240729 184456.983 INFO             PET0 ESMCI_PIO_Handler.C:356 ESMCI::PIO_Handler::finalize() 
20240729 184456.983 INFO             PET0 ESMCI_IO_Handler.C:337 ESMCI::IO_Handler::finalize() after finalize, localrc = 0
20240729 184456.983 INFO             PET0 ESMCI_IO_Handler.C:360 ESMCI::IO_Handler::finalize() before return, localrc = 0
20240729 184456.935 INFO             PET1 !!!!!!!!!!!!!!!!!!!!!!!!!!!!!!!!!!!!!!!!!!!!!!!!!!!!!!
20240729 184456.935 INFO             PET1 !!! THE ESMF_LOG IS SET TO OUTPUT ALL LOG MESSAGES !!!
20240729 184456.935 INFO             PET1 !!!     THIS MAY CAUSE SLOWDOWN IN PERFORMANCE     !!!
20240729 184456.936 INFO             PET1 !!! FOR PRODUCTION RUNS, USE:                      !!!
20240729 184456.936 INFO             PET1 !!!                   ESMF_LOGKIND_Multi_On_Error  !!!
20240729 184456.936 INFO             PET1 !!!!!!!!!!!!!!!!!!!!!!!!!!!!!!!!!!!!!!!!!!!!!!!!!!!!!!
20240729 184456.936 INFO             PET1 Running with ESMF Version   : v8.7.0b10-23-ge8332f8778
20240729 184456.936 INFO             PET1 ESMF library build date/time: "Jul 29 2024" "18:27:23"
20240729 184456.936 INFO             PET1 ESMF library build location : /Users/oehmke/ESMF_AutoTest/gfortranclang_12.2.0_14.0.0_mpich_O_develop/esmf
20240729 184456.936 INFO             PET1 ESMF_COMM                   : mpich
20240729 184456.936 INFO             PET1 ESMF_MOAB                   : enabled
20240729 184456.936 INFO             PET1 ESMF_LAPACK                 : enabled
20240729 184456.936 INFO             PET1 ESMF_NETCDF                 : enabled
20240729 184456.936 INFO             PET1 ESMF_PNETCDF                : disabled
20240729 184456.936 INFO             PET1 ESMF_PIO                    : enabled
20240729 184456.936 INFO             PET1 ESMF_YAMLCPP                : enabled
20240729 184456.971 DEBUG            PET1 about to destroy Grid: 0x157008800
20240729 184456.974 DEBUG            PET1 about to destroy Grid: 0x157017400
20240729 184456.983 INFO             PET1  NUMBER_OF_PROCESSORS           4
20240729 184456.983 INFO             PET1  PASS  Example ESMF_NUOPCAtmModelEx, ESMF_NUOPCAtmModelEx.F90, line 806
20240729 184456.983 INFO             PET1  Finalizing ESMF
20240729 184456.983 INFO             PET1 ESMCI_IO_Handler.C:335 ESMCI::IO_Handler::finalize() 
20240729 184456.983 INFO             PET1 ESMCI_PIO_Handler.C:356 ESMCI::PIO_Handler::finalize() 
20240729 184456.983 INFO             PET1 ESMCI_IO_Handler.C:337 ESMCI::IO_Handler::finalize() after finalize, localrc = 0
20240729 184456.983 INFO             PET1 ESMCI_IO_Handler.C:360 ESMCI::IO_Handler::finalize() before return, localrc = 0
20240729 184456.935 INFO             PET2 !!!!!!!!!!!!!!!!!!!!!!!!!!!!!!!!!!!!!!!!!!!!!!!!!!!!!!
20240729 184456.935 INFO             PET2 !!! THE ESMF_LOG IS SET TO OUTPUT ALL LOG MESSAGES !!!
20240729 184456.935 INFO             PET2 !!!     THIS MAY CAUSE SLOWDOWN IN PERFORMANCE     !!!
20240729 184456.935 INFO             PET2 !!! FOR PRODUCTION RUNS, USE:                      !!!
20240729 184456.935 INFO             PET2 !!!                   ESMF_LOGKIND_Multi_On_Error  !!!
20240729 184456.935 INFO             PET2 !!!!!!!!!!!!!!!!!!!!!!!!!!!!!!!!!!!!!!!!!!!!!!!!!!!!!!
20240729 184456.935 INFO             PET2 Running with ESMF Version   : v8.7.0b10-23-ge8332f8778
20240729 184456.935 INFO             PET2 ESMF library build date/time: "Jul 29 2024" "18:27:23"
20240729 184456.935 INFO             PET2 ESMF library build location : /Users/oehmke/ESMF_AutoTest/gfortranclang_12.2.0_14.0.0_mpich_O_develop/esmf
20240729 184456.935 INFO             PET2 ESMF_COMM                   : mpich
20240729 184456.936 INFO             PET2 ESMF_MOAB                   : enabled
20240729 184456.936 INFO             PET2 ESMF_LAPACK                 : enabled
20240729 184456.936 INFO             PET2 ESMF_NETCDF                 : enabled
20240729 184456.936 INFO             PET2 ESMF_PNETCDF                : disabled
20240729 184456.936 INFO             PET2 ESMF_PIO                    : enabled
20240729 184456.936 INFO             PET2 ESMF_YAMLCPP                : enabled
20240729 184456.971 DEBUG            PET2 about to destroy Grid: 0x1498a1600
20240729 184456.974 DEBUG            PET2 about to destroy Grid: 0x1498a2200
20240729 184456.983 INFO             PET2  NUMBER_OF_PROCESSORS           4
20240729 184456.983 INFO             PET2  PASS  Example ESMF_NUOPCAtmModelEx, ESMF_NUOPCAtmModelEx.F90, line 806
20240729 184456.983 INFO             PET2  Finalizing ESMF
20240729 184456.983 INFO             PET2 ESMCI_IO_Handler.C:335 ESMCI::IO_Handler::finalize() 
20240729 184456.983 INFO             PET2 ESMCI_PIO_Handler.C:356 ESMCI::PIO_Handler::finalize() 
20240729 184456.983 INFO             PET2 ESMCI_IO_Handler.C:337 ESMCI::IO_Handler::finalize() after finalize, localrc = 0
20240729 184456.983 INFO             PET2 ESMCI_IO_Handler.C:360 ESMCI::IO_Handler::finalize() before return, localrc = 0
20240729 184456.935 INFO             PET3 !!!!!!!!!!!!!!!!!!!!!!!!!!!!!!!!!!!!!!!!!!!!!!!!!!!!!!
20240729 184456.936 INFO             PET3 !!! THE ESMF_LOG IS SET TO OUTPUT ALL LOG MESSAGES !!!
20240729 184456.936 INFO             PET3 !!!     THIS MAY CAUSE SLOWDOWN IN PERFORMANCE     !!!
20240729 184456.936 INFO             PET3 !!! FOR PRODUCTION RUNS, USE:                      !!!
20240729 184456.936 INFO             PET3 !!!                   ESMF_LOGKIND_Multi_On_Error  !!!
20240729 184456.936 INFO             PET3 !!!!!!!!!!!!!!!!!!!!!!!!!!!!!!!!!!!!!!!!!!!!!!!!!!!!!!
20240729 184456.936 INFO             PET3 Running with ESMF Version   : v8.7.0b10-23-ge8332f8778
20240729 184456.936 INFO             PET3 ESMF library build date/time: "Jul 29 2024" "18:27:23"
20240729 184456.936 INFO             PET3 ESMF library build location : /Users/oehmke/ESMF_AutoTest/gfortranclang_12.2.0_14.0.0_mpich_O_develop/esmf
20240729 184456.936 INFO             PET3 ESMF_COMM                   : mpich
20240729 184456.936 INFO             PET3 ESMF_MOAB                   : enabled
20240729 184456.936 INFO             PET3 ESMF_LAPACK                 : enabled
20240729 184456.936 INFO             PET3 ESMF_NETCDF                 : enabled
20240729 184456.936 INFO             PET3 ESMF_PNETCDF                : disabled
20240729 184456.936 INFO             PET3 ESMF_PIO                    : enabled
20240729 184456.936 INFO             PET3 ESMF_YAMLCPP                : enabled
20240729 184456.971 DEBUG            PET3 about to destroy Grid: 0x13902fe00
20240729 184456.974 DEBUG            PET3 about to destroy Grid: 0x139030a00
20240729 184456.983 INFO             PET3  NUMBER_OF_PROCESSORS           4
20240729 184456.983 INFO             PET3  PASS  Example ESMF_NUOPCAtmModelEx, ESMF_NUOPCAtmModelEx.F90, line 806
20240729 184456.983 INFO             PET3  Finalizing ESMF
20240729 184456.983 INFO             PET3 ESMCI_IO_Handler.C:335 ESMCI::IO_Handler::finalize() 
20240729 184456.983 INFO             PET3 ESMCI_PIO_Handler.C:356 ESMCI::PIO_Handler::finalize() 
20240729 184456.983 INFO             PET3 ESMCI_IO_Handler.C:337 ESMCI::IO_Handler::finalize() after finalize, localrc = 0
20240729 184456.983 INFO             PET3 ESMCI_IO_Handler.C:360 ESMCI::IO_Handler::finalize() before return, localrc = 0
