2024-06-27 03:56:59
20240627 041824.987 INFO             PET0 !!!!!!!!!!!!!!!!!!!!!!!!!!!!!!!!!!!!!!!!!!!!!!!!!!!!!!
20240627 041824.987 INFO             PET0 !!! THE ESMF_LOG IS SET TO OUTPUT ALL LOG MESSAGES !!!
20240627 041824.987 INFO             PET0 !!!     THIS MAY CAUSE SLOWDOWN IN PERFORMANCE     !!!
20240627 041824.987 INFO             PET0 !!! FOR PRODUCTION RUNS, USE:                      !!!
20240627 041824.987 INFO             PET0 !!!                   ESMF_LOGKIND_Multi_On_Error  !!!
20240627 041824.987 INFO             PET0 !!!!!!!!!!!!!!!!!!!!!!!!!!!!!!!!!!!!!!!!!!!!!!!!!!!!!!
20240627 041824.987 INFO             PET0 Running with ESMF Version   : v8.7.0b07-3-g03d0eb5fc0
20240627 041824.987 INFO             PET0 ESMF library build date/time: "Jun 27 2024" "03:55:58"
20240627 041824.987 INFO             PET0 ESMF library build location : /tmp/intel_2023.1.0-classic_mpiuni_g_develop/esmf
20240627 041824.987 INFO             PET0 ESMF_COMM                   : mpiuni
20240627 041824.987 INFO             PET0 ESMF_MOAB                   : enabled
20240627 041824.987 INFO             PET0 ESMF_LAPACK                 : enabled
20240627 041824.987 INFO             PET0 ESMF_NETCDF                 : enabled
20240627 041824.987 INFO             PET0 ESMF_PNETCDF                : disabled
20240627 041824.987 INFO             PET0 ESMF_PIO                    : disabled
20240627 041824.987 INFO             PET0 ESMF_YAMLCPP                : enabled
20240627 041824.998 INFO             PET0  NUMBER_OF_PROCESSORS           1
20240627 041824.998 INFO             PET0  PASS  Example ESMF_FieldArbGridEx, ESMF_FieldArbGridEx.F90, line 243
20240627 041824.998 INFO             PET0  Finalizing ESMF
