2024-06-10 03:50:53
20240610 041230.461 INFO             PET0 !!!!!!!!!!!!!!!!!!!!!!!!!!!!!!!!!!!!!!!!!!!!!!!!!!!!!!
20240610 041230.461 INFO             PET0 !!! THE ESMF_LOG IS SET TO OUTPUT ALL LOG MESSAGES !!!
20240610 041230.461 INFO             PET0 !!!     THIS MAY CAUSE SLOWDOWN IN PERFORMANCE     !!!
20240610 041230.461 INFO             PET0 !!! FOR PRODUCTION RUNS, USE:                      !!!
20240610 041230.461 INFO             PET0 !!!                   ESMF_LOGKIND_Multi_On_Error  !!!
20240610 041230.461 INFO             PET0 !!!!!!!!!!!!!!!!!!!!!!!!!!!!!!!!!!!!!!!!!!!!!!!!!!!!!!
20240610 041230.461 INFO             PET0 Running with ESMF Version   : v8.7.0b07
20240610 041230.461 INFO             PET0 ESMF library build date/time: "Jun 10 2024" "03:49:54"
20240610 041230.461 INFO             PET0 ESMF library build location : /tmp/intel_2023.1.0-classic_mpiuni_g_develop/esmf
20240610 041230.461 INFO             PET0 ESMF_COMM                   : mpiuni
20240610 041230.461 INFO             PET0 ESMF_MOAB                   : enabled
20240610 041230.461 INFO             PET0 ESMF_LAPACK                 : enabled
20240610 041230.461 INFO             PET0 ESMF_NETCDF                 : enabled
20240610 041230.461 INFO             PET0 ESMF_PNETCDF                : disabled
20240610 041230.461 INFO             PET0 ESMF_PIO                    : disabled
20240610 041230.461 INFO             PET0 ESMF_YAMLCPP                : enabled
20240610 041230.462 INFO             PET0  NUMBER_OF_PROCESSORS           1
20240610 041230.462 INFO             PET0  PASS  Example ESMF_WebServicesEx, ESMF_WebServicesEx.F90, line 227
20240610 041230.462 INFO             PET0  Finalizing ESMF
