2024-06-25 02:34:04
20240625 030045.514 INFO             PET0 !!!!!!!!!!!!!!!!!!!!!!!!!!!!!!!!!!!!!!!!!!!!!!!!!!!!!!
20240625 030045.514 INFO             PET0 !!! THE ESMF_LOG IS SET TO OUTPUT ALL LOG MESSAGES !!!
20240625 030045.514 INFO             PET0 !!!     THIS MAY CAUSE SLOWDOWN IN PERFORMANCE     !!!
20240625 030045.514 INFO             PET0 !!! FOR PRODUCTION RUNS, USE:                      !!!
20240625 030045.514 INFO             PET0 !!!                   ESMF_LOGKIND_Multi_On_Error  !!!
20240625 030045.514 INFO             PET0 !!!!!!!!!!!!!!!!!!!!!!!!!!!!!!!!!!!!!!!!!!!!!!!!!!!!!!
20240625 030045.514 INFO             PET0 Running with ESMF Version   : v8.7.0b07-2-ga1ccd5de8a
20240625 030045.514 INFO             PET0 ESMF library build date/time: "Jun 25 2024" "02:32:17"
20240625 030045.514 INFO             PET0 ESMF library build location : /glade/derecho/scratch/sacks/esmf-testing/intel_2023.2.1-oneAPI_mpiuni_g_develop/esmf
20240625 030045.514 INFO             PET0 ESMF_COMM                   : mpiuni
20240625 030045.514 INFO             PET0 ESMF_MOAB                   : enabled
20240625 030045.514 INFO             PET0 ESMF_LAPACK                 : enabled
20240625 030045.514 INFO             PET0 ESMF_NETCDF                 : enabled
20240625 030045.514 INFO             PET0 ESMF_PNETCDF                : disabled
20240625 030045.514 INFO             PET0 ESMF_PIO                    : disabled
20240625 030045.514 INFO             PET0 ESMF_YAMLCPP                : enabled
20240625 030045.514 INFO             PET0 Log Write 2
20240625 030045.514 ERROR            PET0 Invalid object  - Convergence failure
20240625 030045.515 ERROR            PET0 ESMCI_Time.C:866 ESMCI::Time::syncToRealTime() Wrong argument specified  - ; calkindflag is NOCALENDAR. Only GREGORIAN and JULIAN are supported when syncing to real time.
20240625 030045.515 ERROR            PET0 ESMF_Time.F90:1485 ESMF_TimeSyncToRealTime() Wrong argument specified  - Internal subroutine call returned Error
20240625 030045.515 ERROR            PET0 Wrong argument specified  - getting wall clock time
20240625 030045.516 INFO             PET0  NUMBER_OF_PROCESSORS           1
20240625 030045.516 INFO             PET0  PASS  Example ESMF_LogErrEx, ESMF_LogErrEx.F90, line 186
20240625 030045.516 INFO             PET0  Finalizing ESMF
