2024-07-16 02:58:39
20240716 033509.662 INFO             PET0 !!!!!!!!!!!!!!!!!!!!!!!!!!!!!!!!!!!!!!!!!!!!!!!!!!!!!!
20240716 033509.662 INFO             PET0 !!! THE ESMF_LOG IS SET TO OUTPUT ALL LOG MESSAGES !!!
20240716 033509.662 INFO             PET0 !!!     THIS MAY CAUSE SLOWDOWN IN PERFORMANCE     !!!
20240716 033509.662 INFO             PET0 !!! FOR PRODUCTION RUNS, USE:                      !!!
20240716 033509.662 INFO             PET0 !!!                   ESMF_LOGKIND_Multi_On_Error  !!!
20240716 033509.662 INFO             PET0 !!!!!!!!!!!!!!!!!!!!!!!!!!!!!!!!!!!!!!!!!!!!!!!!!!!!!!
20240716 033509.662 INFO             PET0 Running with ESMF Version   : v8.7.0b08-15-g7133ea3e40
20240716 033509.663 INFO             PET0 ESMF library build date/time: "Jul 16 2024" "02:56:21"
20240716 033509.663 INFO             PET0 ESMF library build location : /glade/derecho/scratch/sacks/esmf-testing/intel_2023.2.1-oneAPI_mpiuni_g_develop/esmf
20240716 033509.663 INFO             PET0 ESMF_COMM                   : mpiuni
20240716 033509.663 INFO             PET0 ESMF_MOAB                   : enabled
20240716 033509.663 INFO             PET0 ESMF_LAPACK                 : enabled
20240716 033509.663 INFO             PET0 ESMF_NETCDF                 : enabled
20240716 033509.663 INFO             PET0 ESMF_PNETCDF                : disabled
20240716 033509.663 INFO             PET0 ESMF_PIO                    : enabled
20240716 033509.663 INFO             PET0 ESMF_YAMLCPP                : enabled
20240716 033509.668 INFO             PET0  NUMBER_OF_PROCESSORS           1
20240716 033509.668 INFO             PET0  PASS  Example ESMF_AppMainEx, ESMF_AppMainEx.F90, line 486
20240716 033509.668 INFO             PET0  Finalizing ESMF
