2024-05-14 02:33:49
20240514 030151.381 INFO             PET0 !!!!!!!!!!!!!!!!!!!!!!!!!!!!!!!!!!!!!!!!!!!!!!!!!!!!!!
20240514 030151.381 INFO             PET0 !!! THE ESMF_LOG IS SET TO OUTPUT ALL LOG MESSAGES !!!
20240514 030151.381 INFO             PET0 !!!     THIS MAY CAUSE SLOWDOWN IN PERFORMANCE     !!!
20240514 030151.381 INFO             PET0 !!! FOR PRODUCTION RUNS, USE:                      !!!
20240514 030151.381 INFO             PET0 !!!                   ESMF_LOGKIND_Multi_On_Error  !!!
20240514 030151.381 INFO             PET0 !!!!!!!!!!!!!!!!!!!!!!!!!!!!!!!!!!!!!!!!!!!!!!!!!!!!!!
20240514 030151.381 INFO             PET0 Running with ESMF Version   : v8.7.0b05-79-ga8d1e7bca1
20240514 030151.381 INFO             PET0 ESMF library build date/time: "May 14 2024" "02:32:08"
20240514 030151.381 INFO             PET0 ESMF library build location : /glade/derecho/scratch/theurich/ESMF-Nightly-Testing/intel_2023.2.1-oneAPI_mpiuni_g_develop/esmf
20240514 030151.381 INFO             PET0 ESMF_COMM                   : mpiuni
20240514 030151.381 INFO             PET0 ESMF_MOAB                   : enabled
20240514 030151.381 INFO             PET0 ESMF_LAPACK                 : enabled
20240514 030151.381 INFO             PET0 ESMF_NETCDF                 : enabled
20240514 030151.381 INFO             PET0 ESMF_PNETCDF                : disabled
20240514 030151.381 INFO             PET0 ESMF_PIO                    : disabled
20240514 030151.381 INFO             PET0 ESMF_YAMLCPP                : enabled
20240514 030151.437 DEBUG            PET0 about to destroy Grid: 0x7b21a0
20240514 030151.449 DEBUG            PET0 about to destroy Grid: 0x7b3230
20240514 030151.478 INFO             PET0  NUMBER_OF_PROCESSORS           1
20240514 030151.478 INFO             PET0  PASS  Example ESMF_NUOPCAtmModelEx, ESMF_NUOPCAtmModelEx.F90, line 806
20240514 030151.478 INFO             PET0  Finalizing ESMF
