2024-07-14 02:43:45
20240714 031605.535 INFO             PET0 !!!!!!!!!!!!!!!!!!!!!!!!!!!!!!!!!!!!!!!!!!!!!!!!!!!!!!
20240714 031605.535 INFO             PET0 !!! THE ESMF_LOG IS SET TO OUTPUT ALL LOG MESSAGES !!!
20240714 031605.535 INFO             PET0 !!!     THIS MAY CAUSE SLOWDOWN IN PERFORMANCE     !!!
20240714 031605.535 INFO             PET0 !!! FOR PRODUCTION RUNS, USE:                      !!!
20240714 031605.535 INFO             PET0 !!!                   ESMF_LOGKIND_Multi_On_Error  !!!
20240714 031605.535 INFO             PET0 !!!!!!!!!!!!!!!!!!!!!!!!!!!!!!!!!!!!!!!!!!!!!!!!!!!!!!
20240714 031605.535 INFO             PET0 Running with ESMF Version   : v8.7.0b08-15-g7133ea3e40
20240714 031605.535 INFO             PET0 ESMF library build date/time: "Jul 14 2024" "02:41:45"
20240714 031605.535 INFO             PET0 ESMF library build location : /glade/derecho/scratch/sacks/esmf-testing/intel_2023.2.1-oneAPI_mpiuni_g_develop/esmf
20240714 031605.535 INFO             PET0 ESMF_COMM                   : mpiuni
20240714 031605.536 INFO             PET0 ESMF_MOAB                   : enabled
20240714 031605.536 INFO             PET0 ESMF_LAPACK                 : enabled
20240714 031605.536 INFO             PET0 ESMF_NETCDF                 : enabled
20240714 031605.536 INFO             PET0 ESMF_PNETCDF                : disabled
20240714 031605.536 INFO             PET0 ESMF_PIO                    : enabled
20240714 031605.536 INFO             PET0 ESMF_YAMLCPP                : enabled
20240714 031605.539 INFO             PET0  NUMBER_OF_PROCESSORS           1
20240714 031605.539 INFO             PET0  PASS  Example ESMF_CplEx, ESMF_CplEx.F90, line 457
20240714 031605.539 INFO             PET0  Finalizing ESMF
