2024-05-31 02:36:13
20240531 030720.642 INFO             PET0 !!!!!!!!!!!!!!!!!!!!!!!!!!!!!!!!!!!!!!!!!!!!!!!!!!!!!!
20240531 030720.642 INFO             PET0 !!! THE ESMF_LOG IS SET TO OUTPUT ALL LOG MESSAGES !!!
20240531 030720.642 INFO             PET0 !!!     THIS MAY CAUSE SLOWDOWN IN PERFORMANCE     !!!
20240531 030720.642 INFO             PET0 !!! FOR PRODUCTION RUNS, USE:                      !!!
20240531 030720.642 INFO             PET0 !!!                   ESMF_LOGKIND_Multi_On_Error  !!!
20240531 030720.642 INFO             PET0 !!!!!!!!!!!!!!!!!!!!!!!!!!!!!!!!!!!!!!!!!!!!!!!!!!!!!!
20240531 030720.642 INFO             PET0 Running with ESMF Version   : v8.7.0b06-37-g31f880616f
20240531 030720.642 INFO             PET0 ESMF library build date/time: "May 31 2024" "02:34:21"
20240531 030720.642 INFO             PET0 ESMF library build location : /glade/derecho/scratch/sacks/esmf-testing/intel_2023.2.1-classic_mpi_O_develop/esmf
20240531 030720.642 INFO             PET0 ESMF_COMM                   : mpi
20240531 030720.643 INFO             PET0 ESMF_MOAB                   : enabled
20240531 030720.643 INFO             PET0 ESMF_LAPACK                 : enabled
20240531 030720.643 INFO             PET0 ESMF_NETCDF                 : enabled
20240531 030720.643 INFO             PET0 ESMF_PNETCDF                : disabled
20240531 030720.643 INFO             PET0 ESMF_PIO                    : enabled
20240531 030720.643 INFO             PET0 ESMF_YAMLCPP                : enabled
20240531 030720.671 DEBUG            PET0 about to destroy Grid: 0x8e5090
20240531 030720.673 DEBUG            PET0 about to destroy Grid: 0x8e92d0
20240531 030720.681 INFO             PET0  NUMBER_OF_PROCESSORS           4
20240531 030720.681 INFO             PET0  PASS  Example ESMF_NUOPCAtmModelEx, ESMF_NUOPCAtmModelEx.F90, line 806
20240531 030720.681 INFO             PET0  Finalizing ESMF
20240531 030720.642 INFO             PET1 !!!!!!!!!!!!!!!!!!!!!!!!!!!!!!!!!!!!!!!!!!!!!!!!!!!!!!
20240531 030720.642 INFO             PET1 !!! THE ESMF_LOG IS SET TO OUTPUT ALL LOG MESSAGES !!!
20240531 030720.642 INFO             PET1 !!!     THIS MAY CAUSE SLOWDOWN IN PERFORMANCE     !!!
20240531 030720.642 INFO             PET1 !!! FOR PRODUCTION RUNS, USE:                      !!!
20240531 030720.642 INFO             PET1 !!!                   ESMF_LOGKIND_Multi_On_Error  !!!
20240531 030720.642 INFO             PET1 !!!!!!!!!!!!!!!!!!!!!!!!!!!!!!!!!!!!!!!!!!!!!!!!!!!!!!
20240531 030720.642 INFO             PET1 Running with ESMF Version   : v8.7.0b06-37-g31f880616f
20240531 030720.642 INFO             PET1 ESMF library build date/time: "May 31 2024" "02:34:21"
20240531 030720.642 INFO             PET1 ESMF library build location : /glade/derecho/scratch/sacks/esmf-testing/intel_2023.2.1-classic_mpi_O_develop/esmf
20240531 030720.642 INFO             PET1 ESMF_COMM                   : mpi
20240531 030720.643 INFO             PET1 ESMF_MOAB                   : enabled
20240531 030720.643 INFO             PET1 ESMF_LAPACK                 : enabled
20240531 030720.643 INFO             PET1 ESMF_NETCDF                 : enabled
20240531 030720.643 INFO             PET1 ESMF_PNETCDF                : disabled
20240531 030720.643 INFO             PET1 ESMF_PIO                    : enabled
20240531 030720.643 INFO             PET1 ESMF_YAMLCPP                : enabled
20240531 030720.671 DEBUG            PET1 about to destroy Grid: 0x8e50f0
20240531 030720.673 DEBUG            PET1 about to destroy Grid: 0x8e6190
20240531 030720.681 INFO             PET1  NUMBER_OF_PROCESSORS           4
20240531 030720.681 INFO             PET1  PASS  Example ESMF_NUOPCAtmModelEx, ESMF_NUOPCAtmModelEx.F90, line 806
20240531 030720.681 INFO             PET1  Finalizing ESMF
20240531 030720.642 INFO             PET2 !!!!!!!!!!!!!!!!!!!!!!!!!!!!!!!!!!!!!!!!!!!!!!!!!!!!!!
20240531 030720.642 INFO             PET2 !!! THE ESMF_LOG IS SET TO OUTPUT ALL LOG MESSAGES !!!
20240531 030720.642 INFO             PET2 !!!     THIS MAY CAUSE SLOWDOWN IN PERFORMANCE     !!!
20240531 030720.642 INFO             PET2 !!! FOR PRODUCTION RUNS, USE:                      !!!
20240531 030720.642 INFO             PET2 !!!                   ESMF_LOGKIND_Multi_On_Error  !!!
20240531 030720.642 INFO             PET2 !!!!!!!!!!!!!!!!!!!!!!!!!!!!!!!!!!!!!!!!!!!!!!!!!!!!!!
20240531 030720.642 INFO             PET2 Running with ESMF Version   : v8.7.0b06-37-g31f880616f
20240531 030720.642 INFO             PET2 ESMF library build date/time: "May 31 2024" "02:34:21"
20240531 030720.642 INFO             PET2 ESMF library build location : /glade/derecho/scratch/sacks/esmf-testing/intel_2023.2.1-classic_mpi_O_develop/esmf
20240531 030720.642 INFO             PET2 ESMF_COMM                   : mpi
20240531 030720.643 INFO             PET2 ESMF_MOAB                   : enabled
20240531 030720.643 INFO             PET2 ESMF_LAPACK                 : enabled
20240531 030720.643 INFO             PET2 ESMF_NETCDF                 : enabled
20240531 030720.643 INFO             PET2 ESMF_PNETCDF                : disabled
20240531 030720.643 INFO             PET2 ESMF_PIO                    : enabled
20240531 030720.643 INFO             PET2 ESMF_YAMLCPP                : enabled
20240531 030720.671 DEBUG            PET2 about to destroy Grid: 0x8e5630
20240531 030720.673 DEBUG            PET2 about to destroy Grid: 0x8e66d0
20240531 030720.681 INFO             PET2  NUMBER_OF_PROCESSORS           4
20240531 030720.681 INFO             PET2  PASS  Example ESMF_NUOPCAtmModelEx, ESMF_NUOPCAtmModelEx.F90, line 806
20240531 030720.681 INFO             PET2  Finalizing ESMF
20240531 030720.642 INFO             PET3 !!!!!!!!!!!!!!!!!!!!!!!!!!!!!!!!!!!!!!!!!!!!!!!!!!!!!!
20240531 030720.642 INFO             PET3 !!! THE ESMF_LOG IS SET TO OUTPUT ALL LOG MESSAGES !!!
20240531 030720.642 INFO             PET3 !!!     THIS MAY CAUSE SLOWDOWN IN PERFORMANCE     !!!
20240531 030720.642 INFO             PET3 !!! FOR PRODUCTION RUNS, USE:                      !!!
20240531 030720.642 INFO             PET3 !!!                   ESMF_LOGKIND_Multi_On_Error  !!!
20240531 030720.642 INFO             PET3 !!!!!!!!!!!!!!!!!!!!!!!!!!!!!!!!!!!!!!!!!!!!!!!!!!!!!!
20240531 030720.642 INFO             PET3 Running with ESMF Version   : v8.7.0b06-37-g31f880616f
20240531 030720.642 INFO             PET3 ESMF library build date/time: "May 31 2024" "02:34:21"
20240531 030720.642 INFO             PET3 ESMF library build location : /glade/derecho/scratch/sacks/esmf-testing/intel_2023.2.1-classic_mpi_O_develop/esmf
20240531 030720.642 INFO             PET3 ESMF_COMM                   : mpi
20240531 030720.643 INFO             PET3 ESMF_MOAB                   : enabled
20240531 030720.643 INFO             PET3 ESMF_LAPACK                 : enabled
20240531 030720.643 INFO             PET3 ESMF_NETCDF                 : enabled
20240531 030720.643 INFO             PET3 ESMF_PNETCDF                : disabled
20240531 030720.643 INFO             PET3 ESMF_PIO                    : enabled
20240531 030720.643 INFO             PET3 ESMF_YAMLCPP                : enabled
20240531 030720.671 DEBUG            PET3 about to destroy Grid: 0x8e5210
20240531 030720.673 DEBUG            PET3 about to destroy Grid: 0x8e62b0
20240531 030720.681 INFO             PET3  NUMBER_OF_PROCESSORS           4
20240531 030720.681 INFO             PET3  PASS  Example ESMF_NUOPCAtmModelEx, ESMF_NUOPCAtmModelEx.F90, line 806
20240531 030720.681 INFO             PET3  Finalizing ESMF
