2024-07-24 02:46:42
20240724 031742.687 INFO             PET0 !!!!!!!!!!!!!!!!!!!!!!!!!!!!!!!!!!!!!!!!!!!!!!!!!!!!!!
20240724 031742.687 INFO             PET0 !!! THE ESMF_LOG IS SET TO OUTPUT ALL LOG MESSAGES !!!
20240724 031742.687 INFO             PET0 !!!     THIS MAY CAUSE SLOWDOWN IN PERFORMANCE     !!!
20240724 031742.687 INFO             PET0 !!! FOR PRODUCTION RUNS, USE:                      !!!
20240724 031742.687 INFO             PET0 !!!                   ESMF_LOGKIND_Multi_On_Error  !!!
20240724 031742.687 INFO             PET0 !!!!!!!!!!!!!!!!!!!!!!!!!!!!!!!!!!!!!!!!!!!!!!!!!!!!!!
20240724 031742.687 INFO             PET0 Running with ESMF Version   : v8.7.0b09-5-g5845ab67f6
20240724 031742.687 INFO             PET0 ESMF library build date/time: "Jul 24 2024" "02:44:49"
20240724 031742.687 INFO             PET0 ESMF library build location : /glade/derecho/scratch/sacks/esmf-testing/intel_2023.2.1-oneAPI_mpi_g_feature_numa/esmf
20240724 031742.687 INFO             PET0 ESMF_COMM                   : mpi
20240724 031742.687 INFO             PET0 ESMF_MOAB                   : enabled
20240724 031742.687 INFO             PET0 ESMF_LAPACK                 : enabled
20240724 031742.687 INFO             PET0 ESMF_NETCDF                 : enabled
20240724 031742.687 INFO             PET0 ESMF_PNETCDF                : disabled
20240724 031742.687 INFO             PET0 ESMF_PIO                    : enabled
20240724 031742.687 INFO             PET0 ESMF_YAMLCPP                : enabled
20240724 031742.754 DEBUG            PET0 about to destroy Grid: 0x858340
20240724 031742.763 DEBUG            PET0 about to destroy Grid: 0x85b590
20240724 031742.786 INFO             PET0  NUMBER_OF_PROCESSORS           4
20240724 031742.786 INFO             PET0  PASS  Example ESMF_NUOPCAtmModelEx, ESMF_NUOPCAtmModelEx.F90, line 806
20240724 031742.786 INFO             PET0  Finalizing ESMF
20240724 031742.687 INFO             PET1 !!!!!!!!!!!!!!!!!!!!!!!!!!!!!!!!!!!!!!!!!!!!!!!!!!!!!!
20240724 031742.687 INFO             PET1 !!! THE ESMF_LOG IS SET TO OUTPUT ALL LOG MESSAGES !!!
20240724 031742.687 INFO             PET1 !!!     THIS MAY CAUSE SLOWDOWN IN PERFORMANCE     !!!
20240724 031742.687 INFO             PET1 !!! FOR PRODUCTION RUNS, USE:                      !!!
20240724 031742.687 INFO             PET1 !!!                   ESMF_LOGKIND_Multi_On_Error  !!!
20240724 031742.687 INFO             PET1 !!!!!!!!!!!!!!!!!!!!!!!!!!!!!!!!!!!!!!!!!!!!!!!!!!!!!!
20240724 031742.687 INFO             PET1 Running with ESMF Version   : v8.7.0b09-5-g5845ab67f6
20240724 031742.687 INFO             PET1 ESMF library build date/time: "Jul 24 2024" "02:44:49"
20240724 031742.687 INFO             PET1 ESMF library build location : /glade/derecho/scratch/sacks/esmf-testing/intel_2023.2.1-oneAPI_mpi_g_feature_numa/esmf
20240724 031742.687 INFO             PET1 ESMF_COMM                   : mpi
20240724 031742.688 INFO             PET1 ESMF_MOAB                   : enabled
20240724 031742.688 INFO             PET1 ESMF_LAPACK                 : enabled
20240724 031742.688 INFO             PET1 ESMF_NETCDF                 : enabled
20240724 031742.688 INFO             PET1 ESMF_PNETCDF                : disabled
20240724 031742.688 INFO             PET1 ESMF_PIO                    : enabled
20240724 031742.688 INFO             PET1 ESMF_YAMLCPP                : enabled
20240724 031742.754 DEBUG            PET1 about to destroy Grid: 0x8572b0
20240724 031742.763 DEBUG            PET1 about to destroy Grid: 0x857f90
20240724 031742.786 INFO             PET1  NUMBER_OF_PROCESSORS           4
20240724 031742.786 INFO             PET1  PASS  Example ESMF_NUOPCAtmModelEx, ESMF_NUOPCAtmModelEx.F90, line 806
20240724 031742.786 INFO             PET1  Finalizing ESMF
20240724 031742.687 INFO             PET2 !!!!!!!!!!!!!!!!!!!!!!!!!!!!!!!!!!!!!!!!!!!!!!!!!!!!!!
20240724 031742.687 INFO             PET2 !!! THE ESMF_LOG IS SET TO OUTPUT ALL LOG MESSAGES !!!
20240724 031742.687 INFO             PET2 !!!     THIS MAY CAUSE SLOWDOWN IN PERFORMANCE     !!!
20240724 031742.687 INFO             PET2 !!! FOR PRODUCTION RUNS, USE:                      !!!
20240724 031742.687 INFO             PET2 !!!                   ESMF_LOGKIND_Multi_On_Error  !!!
20240724 031742.687 INFO             PET2 !!!!!!!!!!!!!!!!!!!!!!!!!!!!!!!!!!!!!!!!!!!!!!!!!!!!!!
20240724 031742.687 INFO             PET2 Running with ESMF Version   : v8.7.0b09-5-g5845ab67f6
20240724 031742.687 INFO             PET2 ESMF library build date/time: "Jul 24 2024" "02:44:49"
20240724 031742.687 INFO             PET2 ESMF library build location : /glade/derecho/scratch/sacks/esmf-testing/intel_2023.2.1-oneAPI_mpi_g_feature_numa/esmf
20240724 031742.687 INFO             PET2 ESMF_COMM                   : mpi
20240724 031742.687 INFO             PET2 ESMF_MOAB                   : enabled
20240724 031742.687 INFO             PET2 ESMF_LAPACK                 : enabled
20240724 031742.687 INFO             PET2 ESMF_NETCDF                 : enabled
20240724 031742.687 INFO             PET2 ESMF_PNETCDF                : disabled
20240724 031742.687 INFO             PET2 ESMF_PIO                    : enabled
20240724 031742.687 INFO             PET2 ESMF_YAMLCPP                : enabled
20240724 031742.754 DEBUG            PET2 about to destroy Grid: 0x857280
20240724 031742.763 DEBUG            PET2 about to destroy Grid: 0x858260
20240724 031742.786 INFO             PET2  NUMBER_OF_PROCESSORS           4
20240724 031742.786 INFO             PET2  PASS  Example ESMF_NUOPCAtmModelEx, ESMF_NUOPCAtmModelEx.F90, line 806
20240724 031742.786 INFO             PET2  Finalizing ESMF
20240724 031742.687 INFO             PET3 !!!!!!!!!!!!!!!!!!!!!!!!!!!!!!!!!!!!!!!!!!!!!!!!!!!!!!
20240724 031742.687 INFO             PET3 !!! THE ESMF_LOG IS SET TO OUTPUT ALL LOG MESSAGES !!!
20240724 031742.687 INFO             PET3 !!!     THIS MAY CAUSE SLOWDOWN IN PERFORMANCE     !!!
20240724 031742.687 INFO             PET3 !!! FOR PRODUCTION RUNS, USE:                      !!!
20240724 031742.687 INFO             PET3 !!!                   ESMF_LOGKIND_Multi_On_Error  !!!
20240724 031742.687 INFO             PET3 !!!!!!!!!!!!!!!!!!!!!!!!!!!!!!!!!!!!!!!!!!!!!!!!!!!!!!
20240724 031742.687 INFO             PET3 Running with ESMF Version   : v8.7.0b09-5-g5845ab67f6
20240724 031742.687 INFO             PET3 ESMF library build date/time: "Jul 24 2024" "02:44:49"
20240724 031742.687 INFO             PET3 ESMF library build location : /glade/derecho/scratch/sacks/esmf-testing/intel_2023.2.1-oneAPI_mpi_g_feature_numa/esmf
20240724 031742.687 INFO             PET3 ESMF_COMM                   : mpi
20240724 031742.688 INFO             PET3 ESMF_MOAB                   : enabled
20240724 031742.688 INFO             PET3 ESMF_LAPACK                 : enabled
20240724 031742.688 INFO             PET3 ESMF_NETCDF                 : enabled
20240724 031742.688 INFO             PET3 ESMF_PNETCDF                : disabled
20240724 031742.688 INFO             PET3 ESMF_PIO                    : enabled
20240724 031742.688 INFO             PET3 ESMF_YAMLCPP                : enabled
20240724 031742.754 DEBUG            PET3 about to destroy Grid: 0x857270
20240724 031742.763 DEBUG            PET3 about to destroy Grid: 0x858250
20240724 031742.786 INFO             PET3  NUMBER_OF_PROCESSORS           4
20240724 031742.786 INFO             PET3  PASS  Example ESMF_NUOPCAtmModelEx, ESMF_NUOPCAtmModelEx.F90, line 806
20240724 031742.786 INFO             PET3  Finalizing ESMF
