2024-06-12 01:38:48
20240612 020932.569 INFO             PET0 !!!!!!!!!!!!!!!!!!!!!!!!!!!!!!!!!!!!!!!!!!!!!!!!!!!!!!
20240612 020932.569 INFO             PET0 !!! THE ESMF_LOG IS SET TO OUTPUT ALL LOG MESSAGES !!!
20240612 020932.569 INFO             PET0 !!!     THIS MAY CAUSE SLOWDOWN IN PERFORMANCE     !!!
20240612 020932.569 INFO             PET0 !!! FOR PRODUCTION RUNS, USE:                      !!!
20240612 020932.569 INFO             PET0 !!!                   ESMF_LOGKIND_Multi_On_Error  !!!
20240612 020932.569 INFO             PET0 !!!!!!!!!!!!!!!!!!!!!!!!!!!!!!!!!!!!!!!!!!!!!!!!!!!!!!
20240612 020932.569 INFO             PET0 Running with ESMF Version   : v8.7.0b07
20240612 020932.569 INFO             PET0 ESMF library build date/time: "Jun 12 2024" "01:37:12"
20240612 020932.569 INFO             PET0 ESMF library build location : /glade/derecho/scratch/sacks/esmf-testing/intel_2023.2.1_mpi_g_develop/esmf
20240612 020932.569 INFO             PET0 ESMF_COMM                   : mpi
20240612 020932.570 INFO             PET0 ESMF_MOAB                   : enabled
20240612 020932.570 INFO             PET0 ESMF_LAPACK                 : enabled
20240612 020932.570 INFO             PET0 ESMF_NETCDF                 : enabled
20240612 020932.570 INFO             PET0 ESMF_PNETCDF                : disabled
20240612 020932.570 INFO             PET0 ESMF_PIO                    : enabled
20240612 020932.570 INFO             PET0 ESMF_YAMLCPP                : enabled
20240612 020932.573 INFO             PET0 ESMF_FieldRedistStoreNF(): Just entered routine.
20240612 020932.575 INFO             PET0 ESMF_FieldRedistStoreNF(): Leaving routine.
20240612 020932.579 INFO             PET0 ESMF_FieldRedistStoreNF(): Just entered routine.
20240612 020932.580 INFO             PET0 ESMF_FieldRedistStoreNF(): Leaving routine.
20240612 020932.580 INFO             PET0 ESMF_FieldRedistStoreNF(): Just entered routine.
20240612 020932.581 INFO             PET0 ESMF_FieldRedistStoreNF(): Leaving routine.
20240612 020932.581 INFO             PET0  NUMBER_OF_PROCESSORS           4
20240612 020932.582 INFO             PET0  PASS  Example ESMF_FieldRedistEx, ESMF_FieldRedistEx.F90, line 521
20240612 020932.582 INFO             PET0  Finalizing ESMF
20240612 020932.569 INFO             PET1 !!!!!!!!!!!!!!!!!!!!!!!!!!!!!!!!!!!!!!!!!!!!!!!!!!!!!!
20240612 020932.569 INFO             PET1 !!! THE ESMF_LOG IS SET TO OUTPUT ALL LOG MESSAGES !!!
20240612 020932.569 INFO             PET1 !!!     THIS MAY CAUSE SLOWDOWN IN PERFORMANCE     !!!
20240612 020932.569 INFO             PET1 !!! FOR PRODUCTION RUNS, USE:                      !!!
20240612 020932.569 INFO             PET1 !!!                   ESMF_LOGKIND_Multi_On_Error  !!!
20240612 020932.569 INFO             PET1 !!!!!!!!!!!!!!!!!!!!!!!!!!!!!!!!!!!!!!!!!!!!!!!!!!!!!!
20240612 020932.569 INFO             PET1 Running with ESMF Version   : v8.7.0b07
20240612 020932.569 INFO             PET1 ESMF library build date/time: "Jun 12 2024" "01:37:12"
20240612 020932.569 INFO             PET1 ESMF library build location : /glade/derecho/scratch/sacks/esmf-testing/intel_2023.2.1_mpi_g_develop/esmf
20240612 020932.569 INFO             PET1 ESMF_COMM                   : mpi
20240612 020932.570 INFO             PET1 ESMF_MOAB                   : enabled
20240612 020932.570 INFO             PET1 ESMF_LAPACK                 : enabled
20240612 020932.570 INFO             PET1 ESMF_NETCDF                 : enabled
20240612 020932.570 INFO             PET1 ESMF_PNETCDF                : disabled
20240612 020932.570 INFO             PET1 ESMF_PIO                    : enabled
20240612 020932.570 INFO             PET1 ESMF_YAMLCPP                : enabled
20240612 020932.573 INFO             PET1 ESMF_FieldRedistStoreNF(): Just entered routine.
20240612 020932.575 INFO             PET1 ESMF_FieldRedistStoreNF(): Leaving routine.
20240612 020932.579 INFO             PET1 ESMF_FieldRedistStoreNF(): Just entered routine.
20240612 020932.580 INFO             PET1 ESMF_FieldRedistStoreNF(): Leaving routine.
20240612 020932.580 INFO             PET1 ESMF_FieldRedistStoreNF(): Just entered routine.
20240612 020932.581 INFO             PET1 ESMF_FieldRedistStoreNF(): Leaving routine.
20240612 020932.581 INFO             PET1  NUMBER_OF_PROCESSORS           4
20240612 020932.582 INFO             PET1  PASS  Example ESMF_FieldRedistEx, ESMF_FieldRedistEx.F90, line 521
20240612 020932.582 INFO             PET1  Finalizing ESMF
20240612 020932.570 INFO             PET2 !!!!!!!!!!!!!!!!!!!!!!!!!!!!!!!!!!!!!!!!!!!!!!!!!!!!!!
20240612 020932.570 INFO             PET2 !!! THE ESMF_LOG IS SET TO OUTPUT ALL LOG MESSAGES !!!
20240612 020932.570 INFO             PET2 !!!     THIS MAY CAUSE SLOWDOWN IN PERFORMANCE     !!!
20240612 020932.570 INFO             PET2 !!! FOR PRODUCTION RUNS, USE:                      !!!
20240612 020932.570 INFO             PET2 !!!                   ESMF_LOGKIND_Multi_On_Error  !!!
20240612 020932.570 INFO             PET2 !!!!!!!!!!!!!!!!!!!!!!!!!!!!!!!!!!!!!!!!!!!!!!!!!!!!!!
20240612 020932.570 INFO             PET2 Running with ESMF Version   : v8.7.0b07
20240612 020932.570 INFO             PET2 ESMF library build date/time: "Jun 12 2024" "01:37:12"
20240612 020932.570 INFO             PET2 ESMF library build location : /glade/derecho/scratch/sacks/esmf-testing/intel_2023.2.1_mpi_g_develop/esmf
20240612 020932.570 INFO             PET2 ESMF_COMM                   : mpi
20240612 020932.570 INFO             PET2 ESMF_MOAB                   : enabled
20240612 020932.570 INFO             PET2 ESMF_LAPACK                 : enabled
20240612 020932.570 INFO             PET2 ESMF_NETCDF                 : enabled
20240612 020932.570 INFO             PET2 ESMF_PNETCDF                : disabled
20240612 020932.570 INFO             PET2 ESMF_PIO                    : enabled
20240612 020932.570 INFO             PET2 ESMF_YAMLCPP                : enabled
20240612 020932.573 INFO             PET2 ESMF_FieldRedistStoreNF(): Just entered routine.
20240612 020932.575 INFO             PET2 ESMF_FieldRedistStoreNF(): Leaving routine.
20240612 020932.579 INFO             PET2 ESMF_FieldRedistStoreNF(): Just entered routine.
20240612 020932.580 INFO             PET2 ESMF_FieldRedistStoreNF(): Leaving routine.
20240612 020932.580 INFO             PET2 ESMF_FieldRedistStoreNF(): Just entered routine.
20240612 020932.581 INFO             PET2 ESMF_FieldRedistStoreNF(): Leaving routine.
20240612 020932.581 INFO             PET2  NUMBER_OF_PROCESSORS           4
20240612 020932.582 INFO             PET2  PASS  Example ESMF_FieldRedistEx, ESMF_FieldRedistEx.F90, line 521
20240612 020932.582 INFO             PET2  Finalizing ESMF
20240612 020932.569 INFO             PET3 !!!!!!!!!!!!!!!!!!!!!!!!!!!!!!!!!!!!!!!!!!!!!!!!!!!!!!
20240612 020932.569 INFO             PET3 !!! THE ESMF_LOG IS SET TO OUTPUT ALL LOG MESSAGES !!!
20240612 020932.569 INFO             PET3 !!!     THIS MAY CAUSE SLOWDOWN IN PERFORMANCE     !!!
20240612 020932.569 INFO             PET3 !!! FOR PRODUCTION RUNS, USE:                      !!!
20240612 020932.569 INFO             PET3 !!!                   ESMF_LOGKIND_Multi_On_Error  !!!
20240612 020932.569 INFO             PET3 !!!!!!!!!!!!!!!!!!!!!!!!!!!!!!!!!!!!!!!!!!!!!!!!!!!!!!
20240612 020932.569 INFO             PET3 Running with ESMF Version   : v8.7.0b07
20240612 020932.569 INFO             PET3 ESMF library build date/time: "Jun 12 2024" "01:37:12"
20240612 020932.569 INFO             PET3 ESMF library build location : /glade/derecho/scratch/sacks/esmf-testing/intel_2023.2.1_mpi_g_develop/esmf
20240612 020932.569 INFO             PET3 ESMF_COMM                   : mpi
20240612 020932.570 INFO             PET3 ESMF_MOAB                   : enabled
20240612 020932.570 INFO             PET3 ESMF_LAPACK                 : enabled
20240612 020932.570 INFO             PET3 ESMF_NETCDF                 : enabled
20240612 020932.570 INFO             PET3 ESMF_PNETCDF                : disabled
20240612 020932.570 INFO             PET3 ESMF_PIO                    : enabled
20240612 020932.570 INFO             PET3 ESMF_YAMLCPP                : enabled
20240612 020932.573 INFO             PET3 ESMF_FieldRedistStoreNF(): Just entered routine.
20240612 020932.575 INFO             PET3 ESMF_FieldRedistStoreNF(): Leaving routine.
20240612 020932.579 INFO             PET3 ESMF_FieldRedistStoreNF(): Just entered routine.
20240612 020932.580 INFO             PET3 ESMF_FieldRedistStoreNF(): Leaving routine.
20240612 020932.580 INFO             PET3 ESMF_FieldRedistStoreNF(): Just entered routine.
20240612 020932.581 INFO             PET3 ESMF_FieldRedistStoreNF(): Leaving routine.
20240612 020932.581 INFO             PET3  NUMBER_OF_PROCESSORS           4
20240612 020932.582 INFO             PET3  PASS  Example ESMF_FieldRedistEx, ESMF_FieldRedistEx.F90, line 521
20240612 020932.582 INFO             PET3  Finalizing ESMF
