2024-06-27 01:41:15
20240627 021436.926 INFO             PET0 !!!!!!!!!!!!!!!!!!!!!!!!!!!!!!!!!!!!!!!!!!!!!!!!!!!!!!
20240627 021436.926 INFO             PET0 !!! THE ESMF_LOG IS SET TO OUTPUT ALL LOG MESSAGES !!!
20240627 021436.926 INFO             PET0 !!!     THIS MAY CAUSE SLOWDOWN IN PERFORMANCE     !!!
20240627 021436.926 INFO             PET0 !!! FOR PRODUCTION RUNS, USE:                      !!!
20240627 021436.926 INFO             PET0 !!!                   ESMF_LOGKIND_Multi_On_Error  !!!
20240627 021436.926 INFO             PET0 !!!!!!!!!!!!!!!!!!!!!!!!!!!!!!!!!!!!!!!!!!!!!!!!!!!!!!
20240627 021436.926 INFO             PET0 Running with ESMF Version   : v8.7.0b07-3-g03d0eb5fc0
20240627 021436.926 INFO             PET0 ESMF library build date/time: "Jun 27 2024" "01:39:25"
20240627 021436.926 INFO             PET0 ESMF library build location : /glade/derecho/scratch/sacks/esmf-testing/intel_2023.2.1_mpi_g_develop/esmf
20240627 021436.926 INFO             PET0 ESMF_COMM                   : mpi
20240627 021436.927 INFO             PET0 ESMF_MOAB                   : enabled
20240627 021436.927 INFO             PET0 ESMF_LAPACK                 : enabled
20240627 021436.927 INFO             PET0 ESMF_NETCDF                 : enabled
20240627 021436.927 INFO             PET0 ESMF_PNETCDF                : disabled
20240627 021436.927 INFO             PET0 ESMF_PIO                    : enabled
20240627 021436.927 INFO             PET0 ESMF_YAMLCPP                : enabled
20240627 021436.927 INFO             PET0  NUMBER_OF_PROCESSORS           1
20240627 021436.927 INFO             PET0  PASS  Example ESMF_AlarmEx, ESMF_AlarmEx.F90, line 244
20240627 021436.927 INFO             PET0  Finalizing ESMF
