2024-07-20 01:47:59
20240720 022653.309 INFO             PET0 !!!!!!!!!!!!!!!!!!!!!!!!!!!!!!!!!!!!!!!!!!!!!!!!!!!!!!
20240720 022653.309 INFO             PET0 !!! THE ESMF_LOG IS SET TO OUTPUT ALL LOG MESSAGES !!!
20240720 022653.309 INFO             PET0 !!!     THIS MAY CAUSE SLOWDOWN IN PERFORMANCE     !!!
20240720 022653.309 INFO             PET0 !!! FOR PRODUCTION RUNS, USE:                      !!!
20240720 022653.309 INFO             PET0 !!!                   ESMF_LOGKIND_Multi_On_Error  !!!
20240720 022653.309 INFO             PET0 !!!!!!!!!!!!!!!!!!!!!!!!!!!!!!!!!!!!!!!!!!!!!!!!!!!!!!
20240720 022653.309 INFO             PET0 Running with ESMF Version   : v8.7.0b08-22-g7e6ffb30d3
20240720 022653.309 INFO             PET0 ESMF library build date/time: "Jul 20 2024" "01:45:56"
20240720 022653.309 INFO             PET0 ESMF library build location : /glade/derecho/scratch/sacks/esmf-testing/intel_2023.2.1_mpi_g_develop/esmf
20240720 022653.310 INFO             PET0 ESMF_COMM                   : mpi
20240720 022653.316 INFO             PET0 ESMF_MOAB                   : enabled
20240720 022653.316 INFO             PET0 ESMF_LAPACK                 : enabled
20240720 022653.316 INFO             PET0 ESMF_NETCDF                 : enabled
20240720 022653.316 INFO             PET0 ESMF_PNETCDF                : disabled
20240720 022653.316 INFO             PET0 ESMF_PIO                    : enabled
20240720 022653.316 INFO             PET0 ESMF_YAMLCPP                : enabled
20240720 022653.358 INFO             PET0  NUMBER_OF_PROCESSORS           4
20240720 022653.358 INFO             PET0  PASS  Example ESMF_LocStreamEx, ESMF_LocStreamEx.F90, line 784
20240720 022653.358 INFO             PET0  Finalizing ESMF
20240720 022653.316 INFO             PET1 !!!!!!!!!!!!!!!!!!!!!!!!!!!!!!!!!!!!!!!!!!!!!!!!!!!!!!
20240720 022653.316 INFO             PET1 !!! THE ESMF_LOG IS SET TO OUTPUT ALL LOG MESSAGES !!!
20240720 022653.316 INFO             PET1 !!!     THIS MAY CAUSE SLOWDOWN IN PERFORMANCE     !!!
20240720 022653.316 INFO             PET1 !!! FOR PRODUCTION RUNS, USE:                      !!!
20240720 022653.316 INFO             PET1 !!!                   ESMF_LOGKIND_Multi_On_Error  !!!
20240720 022653.316 INFO             PET1 !!!!!!!!!!!!!!!!!!!!!!!!!!!!!!!!!!!!!!!!!!!!!!!!!!!!!!
20240720 022653.316 INFO             PET1 Running with ESMF Version   : v8.7.0b08-22-g7e6ffb30d3
20240720 022653.316 INFO             PET1 ESMF library build date/time: "Jul 20 2024" "01:45:56"
20240720 022653.316 INFO             PET1 ESMF library build location : /glade/derecho/scratch/sacks/esmf-testing/intel_2023.2.1_mpi_g_develop/esmf
20240720 022653.316 INFO             PET1 ESMF_COMM                   : mpi
20240720 022653.320 INFO             PET1 ESMF_MOAB                   : enabled
20240720 022653.320 INFO             PET1 ESMF_LAPACK                 : enabled
20240720 022653.320 INFO             PET1 ESMF_NETCDF                 : enabled
20240720 022653.320 INFO             PET1 ESMF_PNETCDF                : disabled
20240720 022653.320 INFO             PET1 ESMF_PIO                    : enabled
20240720 022653.320 INFO             PET1 ESMF_YAMLCPP                : enabled
20240720 022653.358 INFO             PET1  NUMBER_OF_PROCESSORS           4
20240720 022653.358 INFO             PET1  PASS  Example ESMF_LocStreamEx, ESMF_LocStreamEx.F90, line 784
20240720 022653.358 INFO             PET1  Finalizing ESMF
20240720 022653.319 INFO             PET2 !!!!!!!!!!!!!!!!!!!!!!!!!!!!!!!!!!!!!!!!!!!!!!!!!!!!!!
20240720 022653.319 INFO             PET2 !!! THE ESMF_LOG IS SET TO OUTPUT ALL LOG MESSAGES !!!
20240720 022653.319 INFO             PET2 !!!     THIS MAY CAUSE SLOWDOWN IN PERFORMANCE     !!!
20240720 022653.319 INFO             PET2 !!! FOR PRODUCTION RUNS, USE:                      !!!
20240720 022653.319 INFO             PET2 !!!                   ESMF_LOGKIND_Multi_On_Error  !!!
20240720 022653.319 INFO             PET2 !!!!!!!!!!!!!!!!!!!!!!!!!!!!!!!!!!!!!!!!!!!!!!!!!!!!!!
20240720 022653.319 INFO             PET2 Running with ESMF Version   : v8.7.0b08-22-g7e6ffb30d3
20240720 022653.319 INFO             PET2 ESMF library build date/time: "Jul 20 2024" "01:45:56"
20240720 022653.319 INFO             PET2 ESMF library build location : /glade/derecho/scratch/sacks/esmf-testing/intel_2023.2.1_mpi_g_develop/esmf
20240720 022653.319 INFO             PET2 ESMF_COMM                   : mpi
20240720 022653.323 INFO             PET2 ESMF_MOAB                   : enabled
20240720 022653.323 INFO             PET2 ESMF_LAPACK                 : enabled
20240720 022653.323 INFO             PET2 ESMF_NETCDF                 : enabled
20240720 022653.323 INFO             PET2 ESMF_PNETCDF                : disabled
20240720 022653.323 INFO             PET2 ESMF_PIO                    : enabled
20240720 022653.323 INFO             PET2 ESMF_YAMLCPP                : enabled
20240720 022653.358 INFO             PET2  NUMBER_OF_PROCESSORS           4
20240720 022653.358 INFO             PET2  PASS  Example ESMF_LocStreamEx, ESMF_LocStreamEx.F90, line 784
20240720 022653.358 INFO             PET2  Finalizing ESMF
20240720 022653.309 INFO             PET3 !!!!!!!!!!!!!!!!!!!!!!!!!!!!!!!!!!!!!!!!!!!!!!!!!!!!!!
20240720 022653.309 INFO             PET3 !!! THE ESMF_LOG IS SET TO OUTPUT ALL LOG MESSAGES !!!
20240720 022653.309 INFO             PET3 !!!     THIS MAY CAUSE SLOWDOWN IN PERFORMANCE     !!!
20240720 022653.309 INFO             PET3 !!! FOR PRODUCTION RUNS, USE:                      !!!
20240720 022653.309 INFO             PET3 !!!                   ESMF_LOGKIND_Multi_On_Error  !!!
20240720 022653.309 INFO             PET3 !!!!!!!!!!!!!!!!!!!!!!!!!!!!!!!!!!!!!!!!!!!!!!!!!!!!!!
20240720 022653.309 INFO             PET3 Running with ESMF Version   : v8.7.0b08-22-g7e6ffb30d3
20240720 022653.309 INFO             PET3 ESMF library build date/time: "Jul 20 2024" "01:45:56"
20240720 022653.309 INFO             PET3 ESMF library build location : /glade/derecho/scratch/sacks/esmf-testing/intel_2023.2.1_mpi_g_develop/esmf
20240720 022653.309 INFO             PET3 ESMF_COMM                   : mpi
20240720 022653.315 INFO             PET3 ESMF_MOAB                   : enabled
20240720 022653.315 INFO             PET3 ESMF_LAPACK                 : enabled
20240720 022653.315 INFO             PET3 ESMF_NETCDF                 : enabled
20240720 022653.315 INFO             PET3 ESMF_PNETCDF                : disabled
20240720 022653.315 INFO             PET3 ESMF_PIO                    : enabled
20240720 022653.315 INFO             PET3 ESMF_YAMLCPP                : enabled
20240720 022653.358 INFO             PET3  NUMBER_OF_PROCESSORS           4
20240720 022653.358 INFO             PET3  PASS  Example ESMF_LocStreamEx, ESMF_LocStreamEx.F90, line 784
20240720 022653.358 INFO             PET3  Finalizing ESMF
