2024-06-07 01:45:46
20240607 022339.015 INFO             PET0 !!!!!!!!!!!!!!!!!!!!!!!!!!!!!!!!!!!!!!!!!!!!!!!!!!!!!!
20240607 022339.015 INFO             PET0 !!! THE ESMF_LOG IS SET TO OUTPUT ALL LOG MESSAGES !!!
20240607 022339.015 INFO             PET0 !!!     THIS MAY CAUSE SLOWDOWN IN PERFORMANCE     !!!
20240607 022339.015 INFO             PET0 !!! FOR PRODUCTION RUNS, USE:                      !!!
20240607 022339.015 INFO             PET0 !!!                   ESMF_LOGKIND_Multi_On_Error  !!!
20240607 022339.015 INFO             PET0 !!!!!!!!!!!!!!!!!!!!!!!!!!!!!!!!!!!!!!!!!!!!!!!!!!!!!!
20240607 022339.015 INFO             PET0 Running with ESMF Version   : v8.7.0b06-42-g13be2f7f6d
20240607 022339.015 INFO             PET0 ESMF library build date/time: "Jun  7 2024" "01:43:38"
20240607 022339.015 INFO             PET0 ESMF library build location : /glade/derecho/scratch/sacks/esmf-testing/intel_2023.2.1_mpi_g_develop/esmf
20240607 022339.015 INFO             PET0 ESMF_COMM                   : mpi
20240607 022339.016 INFO             PET0 ESMF_MOAB                   : enabled
20240607 022339.016 INFO             PET0 ESMF_LAPACK                 : enabled
20240607 022339.016 INFO             PET0 ESMF_NETCDF                 : enabled
20240607 022339.016 INFO             PET0 ESMF_PNETCDF                : disabled
20240607 022339.016 INFO             PET0 ESMF_PIO                    : enabled
20240607 022339.016 INFO             PET0 ESMF_YAMLCPP                : enabled
20240607 022339.110 DEBUG            PET0 about to destroy Grid: 0x889fe0
20240607 022339.121 DEBUG            PET0 about to destroy Grid: 0x88d530
20240607 022339.150 INFO             PET0  NUMBER_OF_PROCESSORS           4
20240607 022339.150 INFO             PET0  PASS  Example ESMF_NUOPCAtmModelEx, ESMF_NUOPCAtmModelEx.F90, line 806
20240607 022339.150 INFO             PET0  Finalizing ESMF
20240607 022339.015 INFO             PET1 !!!!!!!!!!!!!!!!!!!!!!!!!!!!!!!!!!!!!!!!!!!!!!!!!!!!!!
20240607 022339.015 INFO             PET1 !!! THE ESMF_LOG IS SET TO OUTPUT ALL LOG MESSAGES !!!
20240607 022339.015 INFO             PET1 !!!     THIS MAY CAUSE SLOWDOWN IN PERFORMANCE     !!!
20240607 022339.015 INFO             PET1 !!! FOR PRODUCTION RUNS, USE:                      !!!
20240607 022339.015 INFO             PET1 !!!                   ESMF_LOGKIND_Multi_On_Error  !!!
20240607 022339.015 INFO             PET1 !!!!!!!!!!!!!!!!!!!!!!!!!!!!!!!!!!!!!!!!!!!!!!!!!!!!!!
20240607 022339.015 INFO             PET1 Running with ESMF Version   : v8.7.0b06-42-g13be2f7f6d
20240607 022339.015 INFO             PET1 ESMF library build date/time: "Jun  7 2024" "01:43:38"
20240607 022339.015 INFO             PET1 ESMF library build location : /glade/derecho/scratch/sacks/esmf-testing/intel_2023.2.1_mpi_g_develop/esmf
20240607 022339.015 INFO             PET1 ESMF_COMM                   : mpi
20240607 022339.021 INFO             PET1 ESMF_MOAB                   : enabled
20240607 022339.021 INFO             PET1 ESMF_LAPACK                 : enabled
20240607 022339.021 INFO             PET1 ESMF_NETCDF                 : enabled
20240607 022339.021 INFO             PET1 ESMF_PNETCDF                : disabled
20240607 022339.021 INFO             PET1 ESMF_PIO                    : enabled
20240607 022339.021 INFO             PET1 ESMF_YAMLCPP                : enabled
20240607 022339.110 DEBUG            PET1 about to destroy Grid: 0x889180
20240607 022339.121 DEBUG            PET1 about to destroy Grid: 0x88a160
20240607 022339.150 INFO             PET1  NUMBER_OF_PROCESSORS           4
20240607 022339.150 INFO             PET1  PASS  Example ESMF_NUOPCAtmModelEx, ESMF_NUOPCAtmModelEx.F90, line 806
20240607 022339.150 INFO             PET1  Finalizing ESMF
20240607 022339.016 INFO             PET2 !!!!!!!!!!!!!!!!!!!!!!!!!!!!!!!!!!!!!!!!!!!!!!!!!!!!!!
20240607 022339.016 INFO             PET2 !!! THE ESMF_LOG IS SET TO OUTPUT ALL LOG MESSAGES !!!
20240607 022339.016 INFO             PET2 !!!     THIS MAY CAUSE SLOWDOWN IN PERFORMANCE     !!!
20240607 022339.016 INFO             PET2 !!! FOR PRODUCTION RUNS, USE:                      !!!
20240607 022339.016 INFO             PET2 !!!                   ESMF_LOGKIND_Multi_On_Error  !!!
20240607 022339.016 INFO             PET2 !!!!!!!!!!!!!!!!!!!!!!!!!!!!!!!!!!!!!!!!!!!!!!!!!!!!!!
20240607 022339.016 INFO             PET2 Running with ESMF Version   : v8.7.0b06-42-g13be2f7f6d
20240607 022339.016 INFO             PET2 ESMF library build date/time: "Jun  7 2024" "01:43:38"
20240607 022339.016 INFO             PET2 ESMF library build location : /glade/derecho/scratch/sacks/esmf-testing/intel_2023.2.1_mpi_g_develop/esmf
20240607 022339.016 INFO             PET2 ESMF_COMM                   : mpi
20240607 022339.032 INFO             PET2 ESMF_MOAB                   : enabled
20240607 022339.032 INFO             PET2 ESMF_LAPACK                 : enabled
20240607 022339.032 INFO             PET2 ESMF_NETCDF                 : enabled
20240607 022339.032 INFO             PET2 ESMF_PNETCDF                : disabled
20240607 022339.032 INFO             PET2 ESMF_PIO                    : enabled
20240607 022339.032 INFO             PET2 ESMF_YAMLCPP                : enabled
20240607 022339.110 DEBUG            PET2 about to destroy Grid: 0x889230
20240607 022339.121 DEBUG            PET2 about to destroy Grid: 0x889f10
20240607 022339.150 INFO             PET2  NUMBER_OF_PROCESSORS           4
20240607 022339.150 INFO             PET2  PASS  Example ESMF_NUOPCAtmModelEx, ESMF_NUOPCAtmModelEx.F90, line 806
20240607 022339.150 INFO             PET2  Finalizing ESMF
20240607 022339.016 INFO             PET3 !!!!!!!!!!!!!!!!!!!!!!!!!!!!!!!!!!!!!!!!!!!!!!!!!!!!!!
20240607 022339.016 INFO             PET3 !!! THE ESMF_LOG IS SET TO OUTPUT ALL LOG MESSAGES !!!
20240607 022339.016 INFO             PET3 !!!     THIS MAY CAUSE SLOWDOWN IN PERFORMANCE     !!!
20240607 022339.016 INFO             PET3 !!! FOR PRODUCTION RUNS, USE:                      !!!
20240607 022339.016 INFO             PET3 !!!                   ESMF_LOGKIND_Multi_On_Error  !!!
20240607 022339.016 INFO             PET3 !!!!!!!!!!!!!!!!!!!!!!!!!!!!!!!!!!!!!!!!!!!!!!!!!!!!!!
20240607 022339.016 INFO             PET3 Running with ESMF Version   : v8.7.0b06-42-g13be2f7f6d
20240607 022339.016 INFO             PET3 ESMF library build date/time: "Jun  7 2024" "01:43:38"
20240607 022339.016 INFO             PET3 ESMF library build location : /glade/derecho/scratch/sacks/esmf-testing/intel_2023.2.1_mpi_g_develop/esmf
20240607 022339.016 INFO             PET3 ESMF_COMM                   : mpi
20240607 022339.032 INFO             PET3 ESMF_MOAB                   : enabled
20240607 022339.032 INFO             PET3 ESMF_LAPACK                 : enabled
20240607 022339.032 INFO             PET3 ESMF_NETCDF                 : enabled
20240607 022339.032 INFO             PET3 ESMF_PNETCDF                : disabled
20240607 022339.032 INFO             PET3 ESMF_PIO                    : enabled
20240607 022339.032 INFO             PET3 ESMF_YAMLCPP                : enabled
20240607 022339.110 DEBUG            PET3 about to destroy Grid: 0x8890e0
20240607 022339.121 DEBUG            PET3 about to destroy Grid: 0x88a090
20240607 022339.150 INFO             PET3  NUMBER_OF_PROCESSORS           4
20240607 022339.150 INFO             PET3  PASS  Example ESMF_NUOPCAtmModelEx, ESMF_NUOPCAtmModelEx.F90, line 806
20240607 022339.150 INFO             PET3  Finalizing ESMF
