2024-07-25 03:33:23
20240725 042443.869 INFO             PET0 !!!!!!!!!!!!!!!!!!!!!!!!!!!!!!!!!!!!!!!!!!!!!!!!!!!!!!
20240725 042443.869 INFO             PET0 !!! THE ESMF_LOG IS SET TO OUTPUT ALL LOG MESSAGES !!!
20240725 042443.869 INFO             PET0 !!!     THIS MAY CAUSE SLOWDOWN IN PERFORMANCE     !!!
20240725 042443.869 INFO             PET0 !!! FOR PRODUCTION RUNS, USE:                      !!!
20240725 042443.869 INFO             PET0 !!!                   ESMF_LOGKIND_Multi_On_Error  !!!
20240725 042443.869 INFO             PET0 !!!!!!!!!!!!!!!!!!!!!!!!!!!!!!!!!!!!!!!!!!!!!!!!!!!!!!
20240725 042443.869 INFO             PET0 Running with ESMF Version   : v8.7.0b09-26-g87e00d02ff
20240725 042443.869 INFO             PET0 ESMF library build date/time: "Jul 25 2024" "03:30:03"
20240725 042443.869 INFO             PET0 ESMF library build location : /glade/derecho/scratch/sacks/esmf-testing/nvhpc_23.7_mpi_g_feature_hconfig-extras/esmf
20240725 042443.869 INFO             PET0 ESMF_COMM                   : mpi
20240725 042443.877 INFO             PET0 ESMF_MOAB                   : enabled
20240725 042443.877 INFO             PET0 ESMF_LAPACK                 : enabled
20240725 042443.877 INFO             PET0 ESMF_NETCDF                 : enabled
20240725 042443.877 INFO             PET0 ESMF_PNETCDF                : disabled
20240725 042443.877 INFO             PET0 ESMF_PIO                    : enabled
20240725 042443.877 INFO             PET0 ESMF_YAMLCPP                : enabled
20240725 042443.882 INFO             PET0 ESMF_FieldRedistStoreNF(): Just entered routine.
20240725 042444.072 INFO             PET0 ESMF_FieldRedistStoreNF(): Leaving routine.
20240725 042444.085 INFO             PET0  NUMBER_OF_PROCESSORS            4
20240725 042444.085 INFO             PET0  PASS  Example ESMF_RHandleFromFileEx, ESMF_RHandleFromFileEx.F90, line 192
20240725 042444.085 INFO             PET0  Finalizing ESMF
20240725 042443.658 INFO             PET1 !!!!!!!!!!!!!!!!!!!!!!!!!!!!!!!!!!!!!!!!!!!!!!!!!!!!!!
20240725 042443.658 INFO             PET1 !!! THE ESMF_LOG IS SET TO OUTPUT ALL LOG MESSAGES !!!
20240725 042443.658 INFO             PET1 !!!     THIS MAY CAUSE SLOWDOWN IN PERFORMANCE     !!!
20240725 042443.658 INFO             PET1 !!! FOR PRODUCTION RUNS, USE:                      !!!
20240725 042443.658 INFO             PET1 !!!                   ESMF_LOGKIND_Multi_On_Error  !!!
20240725 042443.658 INFO             PET1 !!!!!!!!!!!!!!!!!!!!!!!!!!!!!!!!!!!!!!!!!!!!!!!!!!!!!!
20240725 042443.658 INFO             PET1 Running with ESMF Version   : v8.7.0b09-26-g87e00d02ff
20240725 042443.658 INFO             PET1 ESMF library build date/time: "Jul 25 2024" "03:30:03"
20240725 042443.658 INFO             PET1 ESMF library build location : /glade/derecho/scratch/sacks/esmf-testing/nvhpc_23.7_mpi_g_feature_hconfig-extras/esmf
20240725 042443.658 INFO             PET1 ESMF_COMM                   : mpi
20240725 042443.665 INFO             PET1 ESMF_MOAB                   : enabled
20240725 042443.665 INFO             PET1 ESMF_LAPACK                 : enabled
20240725 042443.665 INFO             PET1 ESMF_NETCDF                 : enabled
20240725 042443.665 INFO             PET1 ESMF_PNETCDF                : disabled
20240725 042443.665 INFO             PET1 ESMF_PIO                    : enabled
20240725 042443.665 INFO             PET1 ESMF_YAMLCPP                : enabled
20240725 042443.881 INFO             PET1 ESMF_FieldRedistStoreNF(): Just entered routine.
20240725 042444.072 INFO             PET1 ESMF_FieldRedistStoreNF(): Leaving routine.
20240725 042444.085 INFO             PET1  NUMBER_OF_PROCESSORS            4
20240725 042444.085 INFO             PET1  PASS  Example ESMF_RHandleFromFileEx, ESMF_RHandleFromFileEx.F90, line 192
20240725 042444.085 INFO             PET1  Finalizing ESMF
20240725 042443.867 INFO             PET2 !!!!!!!!!!!!!!!!!!!!!!!!!!!!!!!!!!!!!!!!!!!!!!!!!!!!!!
20240725 042443.868 INFO             PET2 !!! THE ESMF_LOG IS SET TO OUTPUT ALL LOG MESSAGES !!!
20240725 042443.868 INFO             PET2 !!!     THIS MAY CAUSE SLOWDOWN IN PERFORMANCE     !!!
20240725 042443.868 INFO             PET2 !!! FOR PRODUCTION RUNS, USE:                      !!!
20240725 042443.868 INFO             PET2 !!!                   ESMF_LOGKIND_Multi_On_Error  !!!
20240725 042443.868 INFO             PET2 !!!!!!!!!!!!!!!!!!!!!!!!!!!!!!!!!!!!!!!!!!!!!!!!!!!!!!
20240725 042443.868 INFO             PET2 Running with ESMF Version   : v8.7.0b09-26-g87e00d02ff
20240725 042443.868 INFO             PET2 ESMF library build date/time: "Jul 25 2024" "03:30:03"
20240725 042443.868 INFO             PET2 ESMF library build location : /glade/derecho/scratch/sacks/esmf-testing/nvhpc_23.7_mpi_g_feature_hconfig-extras/esmf
20240725 042443.868 INFO             PET2 ESMF_COMM                   : mpi
20240725 042443.871 INFO             PET2 ESMF_MOAB                   : enabled
20240725 042443.871 INFO             PET2 ESMF_LAPACK                 : enabled
20240725 042443.871 INFO             PET2 ESMF_NETCDF                 : enabled
20240725 042443.871 INFO             PET2 ESMF_PNETCDF                : disabled
20240725 042443.871 INFO             PET2 ESMF_PIO                    : enabled
20240725 042443.871 INFO             PET2 ESMF_YAMLCPP                : enabled
20240725 042443.881 INFO             PET2 ESMF_FieldRedistStoreNF(): Just entered routine.
20240725 042444.072 INFO             PET2 ESMF_FieldRedistStoreNF(): Leaving routine.
20240725 042444.085 INFO             PET2  NUMBER_OF_PROCESSORS            4
20240725 042444.085 INFO             PET2  PASS  Example ESMF_RHandleFromFileEx, ESMF_RHandleFromFileEx.F90, line 192
20240725 042444.085 INFO             PET2  Finalizing ESMF
20240725 042443.868 INFO             PET3 !!!!!!!!!!!!!!!!!!!!!!!!!!!!!!!!!!!!!!!!!!!!!!!!!!!!!!
20240725 042443.868 INFO             PET3 !!! THE ESMF_LOG IS SET TO OUTPUT ALL LOG MESSAGES !!!
20240725 042443.868 INFO             PET3 !!!     THIS MAY CAUSE SLOWDOWN IN PERFORMANCE     !!!
20240725 042443.868 INFO             PET3 !!! FOR PRODUCTION RUNS, USE:                      !!!
20240725 042443.868 INFO             PET3 !!!                   ESMF_LOGKIND_Multi_On_Error  !!!
20240725 042443.868 INFO             PET3 !!!!!!!!!!!!!!!!!!!!!!!!!!!!!!!!!!!!!!!!!!!!!!!!!!!!!!
20240725 042443.868 INFO             PET3 Running with ESMF Version   : v8.7.0b09-26-g87e00d02ff
20240725 042443.868 INFO             PET3 ESMF library build date/time: "Jul 25 2024" "03:30:03"
20240725 042443.868 INFO             PET3 ESMF library build location : /glade/derecho/scratch/sacks/esmf-testing/nvhpc_23.7_mpi_g_feature_hconfig-extras/esmf
20240725 042443.868 INFO             PET3 ESMF_COMM                   : mpi
20240725 042443.870 INFO             PET3 ESMF_MOAB                   : enabled
20240725 042443.870 INFO             PET3 ESMF_LAPACK                 : enabled
20240725 042443.870 INFO             PET3 ESMF_NETCDF                 : enabled
20240725 042443.870 INFO             PET3 ESMF_PNETCDF                : disabled
20240725 042443.870 INFO             PET3 ESMF_PIO                    : enabled
20240725 042443.870 INFO             PET3 ESMF_YAMLCPP                : enabled
20240725 042443.882 INFO             PET3 ESMF_FieldRedistStoreNF(): Just entered routine.
20240725 042444.072 INFO             PET3 ESMF_FieldRedistStoreNF(): Leaving routine.
20240725 042444.085 INFO             PET3  NUMBER_OF_PROCESSORS            4
20240725 042444.085 INFO             PET3  PASS  Example ESMF_RHandleFromFileEx, ESMF_RHandleFromFileEx.F90, line 192
20240725 042444.085 INFO             PET3  Finalizing ESMF
