2024-07-26 03:43:00
20240726 042513.506 INFO             PET0 !!!!!!!!!!!!!!!!!!!!!!!!!!!!!!!!!!!!!!!!!!!!!!!!!!!!!!
20240726 042513.506 INFO             PET0 !!! THE ESMF_LOG IS SET TO OUTPUT ALL LOG MESSAGES !!!
20240726 042513.506 INFO             PET0 !!!     THIS MAY CAUSE SLOWDOWN IN PERFORMANCE     !!!
20240726 042513.506 INFO             PET0 !!! FOR PRODUCTION RUNS, USE:                      !!!
20240726 042513.506 INFO             PET0 !!!                   ESMF_LOGKIND_Multi_On_Error  !!!
20240726 042513.506 INFO             PET0 !!!!!!!!!!!!!!!!!!!!!!!!!!!!!!!!!!!!!!!!!!!!!!!!!!!!!!
20240726 042513.506 INFO             PET0 Running with ESMF Version   : v8.7.0b09-27-geb8bb37dac
20240726 042513.506 INFO             PET0 ESMF library build date/time: "Jul 26 2024" "03:40:28"
20240726 042513.506 INFO             PET0 ESMF library build location : /glade/derecho/scratch/sacks/esmf-testing/cce_15.0.1_mpi_O_feature_hconfig-extras/esmf
20240726 042513.506 INFO             PET0 ESMF_COMM                   : mpi
20240726 042513.507 INFO             PET0 ESMF_MOAB                   : enabled
20240726 042513.507 INFO             PET0 ESMF_LAPACK                 : enabled
20240726 042513.507 INFO             PET0 ESMF_NETCDF                 : enabled
20240726 042513.507 INFO             PET0 ESMF_PNETCDF                : disabled
20240726 042513.507 INFO             PET0 ESMF_PIO                    : enabled
20240726 042513.507 INFO             PET0 ESMF_YAMLCPP                : enabled
20240726 042513.547 DEBUG            PET0 about to destroy Grid: 0x809d5d0
20240726 042513.551 DEBUG            PET0 about to destroy Grid: 0x80a1d10
20240726 042513.562 INFO             PET0  NUMBER_OF_PROCESSORS 4
20240726 042513.562 INFO             PET0  PASS  Example ESMF_NUOPCAtmModelEx, ESMF_NUOPCAtmModelEx.F90, line 806
20240726 042513.562 INFO             PET0  Finalizing ESMF
20240726 042513.506 INFO             PET1 !!!!!!!!!!!!!!!!!!!!!!!!!!!!!!!!!!!!!!!!!!!!!!!!!!!!!!
20240726 042513.506 INFO             PET1 !!! THE ESMF_LOG IS SET TO OUTPUT ALL LOG MESSAGES !!!
20240726 042513.506 INFO             PET1 !!!     THIS MAY CAUSE SLOWDOWN IN PERFORMANCE     !!!
20240726 042513.506 INFO             PET1 !!! FOR PRODUCTION RUNS, USE:                      !!!
20240726 042513.506 INFO             PET1 !!!                   ESMF_LOGKIND_Multi_On_Error  !!!
20240726 042513.506 INFO             PET1 !!!!!!!!!!!!!!!!!!!!!!!!!!!!!!!!!!!!!!!!!!!!!!!!!!!!!!
20240726 042513.506 INFO             PET1 Running with ESMF Version   : v8.7.0b09-27-geb8bb37dac
20240726 042513.506 INFO             PET1 ESMF library build date/time: "Jul 26 2024" "03:40:28"
20240726 042513.506 INFO             PET1 ESMF library build location : /glade/derecho/scratch/sacks/esmf-testing/cce_15.0.1_mpi_O_feature_hconfig-extras/esmf
20240726 042513.506 INFO             PET1 ESMF_COMM                   : mpi
20240726 042513.507 INFO             PET1 ESMF_MOAB                   : enabled
20240726 042513.507 INFO             PET1 ESMF_LAPACK                 : enabled
20240726 042513.507 INFO             PET1 ESMF_NETCDF                 : enabled
20240726 042513.507 INFO             PET1 ESMF_PNETCDF                : disabled
20240726 042513.507 INFO             PET1 ESMF_PIO                    : enabled
20240726 042513.507 INFO             PET1 ESMF_YAMLCPP                : enabled
20240726 042513.547 DEBUG            PET1 about to destroy Grid: 0x809a890
20240726 042513.551 DEBUG            PET1 about to destroy Grid: 0x809c470
20240726 042513.562 INFO             PET1  NUMBER_OF_PROCESSORS 4
20240726 042513.562 INFO             PET1  PASS  Example ESMF_NUOPCAtmModelEx, ESMF_NUOPCAtmModelEx.F90, line 806
20240726 042513.562 INFO             PET1  Finalizing ESMF
20240726 042513.506 INFO             PET2 !!!!!!!!!!!!!!!!!!!!!!!!!!!!!!!!!!!!!!!!!!!!!!!!!!!!!!
20240726 042513.506 INFO             PET2 !!! THE ESMF_LOG IS SET TO OUTPUT ALL LOG MESSAGES !!!
20240726 042513.506 INFO             PET2 !!!     THIS MAY CAUSE SLOWDOWN IN PERFORMANCE     !!!
20240726 042513.506 INFO             PET2 !!! FOR PRODUCTION RUNS, USE:                      !!!
20240726 042513.506 INFO             PET2 !!!                   ESMF_LOGKIND_Multi_On_Error  !!!
20240726 042513.506 INFO             PET2 !!!!!!!!!!!!!!!!!!!!!!!!!!!!!!!!!!!!!!!!!!!!!!!!!!!!!!
20240726 042513.506 INFO             PET2 Running with ESMF Version   : v8.7.0b09-27-geb8bb37dac
20240726 042513.506 INFO             PET2 ESMF library build date/time: "Jul 26 2024" "03:40:28"
20240726 042513.506 INFO             PET2 ESMF library build location : /glade/derecho/scratch/sacks/esmf-testing/cce_15.0.1_mpi_O_feature_hconfig-extras/esmf
20240726 042513.506 INFO             PET2 ESMF_COMM                   : mpi
20240726 042513.507 INFO             PET2 ESMF_MOAB                   : enabled
20240726 042513.507 INFO             PET2 ESMF_LAPACK                 : enabled
20240726 042513.507 INFO             PET2 ESMF_NETCDF                 : enabled
20240726 042513.507 INFO             PET2 ESMF_PNETCDF                : disabled
20240726 042513.507 INFO             PET2 ESMF_PIO                    : enabled
20240726 042513.507 INFO             PET2 ESMF_YAMLCPP                : enabled
20240726 042513.547 DEBUG            PET2 about to destroy Grid: 0x8099640
20240726 042513.551 DEBUG            PET2 about to destroy Grid: 0x809b790
20240726 042513.562 INFO             PET2  NUMBER_OF_PROCESSORS 4
20240726 042513.562 INFO             PET2  PASS  Example ESMF_NUOPCAtmModelEx, ESMF_NUOPCAtmModelEx.F90, line 806
20240726 042513.562 INFO             PET2  Finalizing ESMF
20240726 042513.507 INFO             PET3 !!!!!!!!!!!!!!!!!!!!!!!!!!!!!!!!!!!!!!!!!!!!!!!!!!!!!!
20240726 042513.507 INFO             PET3 !!! THE ESMF_LOG IS SET TO OUTPUT ALL LOG MESSAGES !!!
20240726 042513.507 INFO             PET3 !!!     THIS MAY CAUSE SLOWDOWN IN PERFORMANCE     !!!
20240726 042513.507 INFO             PET3 !!! FOR PRODUCTION RUNS, USE:                      !!!
20240726 042513.507 INFO             PET3 !!!                   ESMF_LOGKIND_Multi_On_Error  !!!
20240726 042513.507 INFO             PET3 !!!!!!!!!!!!!!!!!!!!!!!!!!!!!!!!!!!!!!!!!!!!!!!!!!!!!!
20240726 042513.507 INFO             PET3 Running with ESMF Version   : v8.7.0b09-27-geb8bb37dac
20240726 042513.507 INFO             PET3 ESMF library build date/time: "Jul 26 2024" "03:40:28"
20240726 042513.507 INFO             PET3 ESMF library build location : /glade/derecho/scratch/sacks/esmf-testing/cce_15.0.1_mpi_O_feature_hconfig-extras/esmf
20240726 042513.507 INFO             PET3 ESMF_COMM                   : mpi
20240726 042513.507 INFO             PET3 ESMF_MOAB                   : enabled
20240726 042513.507 INFO             PET3 ESMF_LAPACK                 : enabled
20240726 042513.507 INFO             PET3 ESMF_NETCDF                 : enabled
20240726 042513.507 INFO             PET3 ESMF_PNETCDF                : disabled
20240726 042513.507 INFO             PET3 ESMF_PIO                    : enabled
20240726 042513.507 INFO             PET3 ESMF_YAMLCPP                : enabled
20240726 042513.547 DEBUG            PET3 about to destroy Grid: 0x80951d0
20240726 042513.551 DEBUG            PET3 about to destroy Grid: 0x809bad0
20240726 042513.562 INFO             PET3  NUMBER_OF_PROCESSORS 4
20240726 042513.562 INFO             PET3  PASS  Example ESMF_NUOPCAtmModelEx, ESMF_NUOPCAtmModelEx.F90, line 806
20240726 042513.562 INFO             PET3  Finalizing ESMF
