2024-07-26 07:32:51
20240726 080121.289 INFO             PET0 !!!!!!!!!!!!!!!!!!!!!!!!!!!!!!!!!!!!!!!!!!!!!!!!!!!!!!
20240726 080121.290 INFO             PET0 !!! THE ESMF_LOG IS SET TO OUTPUT ALL LOG MESSAGES !!!
20240726 080121.290 INFO             PET0 !!!     THIS MAY CAUSE SLOWDOWN IN PERFORMANCE     !!!
20240726 080121.290 INFO             PET0 !!! FOR PRODUCTION RUNS, USE:                      !!!
20240726 080121.290 INFO             PET0 !!!                   ESMF_LOGKIND_Multi_On_Error  !!!
20240726 080121.290 INFO             PET0 !!!!!!!!!!!!!!!!!!!!!!!!!!!!!!!!!!!!!!!!!!!!!!!!!!!!!!
20240726 080121.290 INFO             PET0 Running with ESMF Version   : v8.7.0b09-27-geb8bb37dac
20240726 080121.290 INFO             PET0 ESMF library build date/time: "Jul 26 2024" "07:29:56"
20240726 080121.290 INFO             PET0 ESMF library build location : /scratch2/NCEPDEV/stmp1/Gerhard.Theurich/ESMF-Nightly-Testing/intel_2023.2.0_mpiuni_O_feature_hconfig-extras/esmf
20240726 080121.290 INFO             PET0 ESMF_COMM                   : mpiuni
20240726 080121.290 INFO             PET0 ESMF_MOAB                   : enabled
20240726 080121.290 INFO             PET0 ESMF_LAPACK                 : enabled
20240726 080121.290 INFO             PET0 ESMF_NETCDF                 : enabled
20240726 080121.290 INFO             PET0 ESMF_PNETCDF                : disabled
20240726 080121.290 INFO             PET0 ESMF_PIO                    : enabled
20240726 080121.290 INFO             PET0 ESMF_YAMLCPP                : enabled
20240726 080121.291 INFO             PET0  NUMBER_OF_PROCESSORS           1
20240726 080121.291 INFO             PET0  PASS  Example ESMF_VMAllFullReduceEx, ESMF_VMAllFullReduceEx.F90, line 113
20240726 080121.291 INFO             PET0  Finalizing ESMF
