2024-06-02 04:00:59
20240602 042630.957 INFO             PET0 !!!!!!!!!!!!!!!!!!!!!!!!!!!!!!!!!!!!!!!!!!!!!!!!!!!!!!
20240602 042630.957 INFO             PET0 !!! THE ESMF_LOG IS SET TO OUTPUT ALL LOG MESSAGES !!!
20240602 042630.957 INFO             PET0 !!!     THIS MAY CAUSE SLOWDOWN IN PERFORMANCE     !!!
20240602 042630.957 INFO             PET0 !!! FOR PRODUCTION RUNS, USE:                      !!!
20240602 042630.957 INFO             PET0 !!!                   ESMF_LOGKIND_Multi_On_Error  !!!
20240602 042630.957 INFO             PET0 !!!!!!!!!!!!!!!!!!!!!!!!!!!!!!!!!!!!!!!!!!!!!!!!!!!!!!
20240602 042630.957 INFO             PET0 Running with ESMF Version   : v8.7.0b06-37-g31f880616f
20240602 042630.957 INFO             PET0 ESMF library build date/time: "Jun  2 2024" "03:59:48"
20240602 042630.957 INFO             PET0 ESMF library build location : /tmp/intel_2023.1.0-classic_mpi_O_develop/esmf
20240602 042630.957 INFO             PET0 ESMF_COMM                   : mpi
20240602 042630.957 INFO             PET0 ESMF_MOAB                   : enabled
20240602 042630.957 INFO             PET0 ESMF_LAPACK                 : enabled
20240602 042630.957 INFO             PET0 ESMF_NETCDF                 : enabled
20240602 042630.957 INFO             PET0 ESMF_PNETCDF                : disabled
20240602 042630.957 INFO             PET0 ESMF_PIO                    : enabled
20240602 042630.957 INFO             PET0 ESMF_YAMLCPP                : enabled
20240602 042630.986 DEBUG            PET0 about to destroy Grid: 0x6c5b60
20240602 042630.989 DEBUG            PET0 about to destroy Grid: 0x6c9cb0
20240602 042630.998 INFO             PET0  NUMBER_OF_PROCESSORS           4
20240602 042630.998 INFO             PET0  PASS  Example ESMF_NUOPCAtmModelEx, ESMF_NUOPCAtmModelEx.F90, line 806
20240602 042630.998 INFO             PET0  Finalizing ESMF
20240602 042630.957 INFO             PET1 !!!!!!!!!!!!!!!!!!!!!!!!!!!!!!!!!!!!!!!!!!!!!!!!!!!!!!
20240602 042630.957 INFO             PET1 !!! THE ESMF_LOG IS SET TO OUTPUT ALL LOG MESSAGES !!!
20240602 042630.957 INFO             PET1 !!!     THIS MAY CAUSE SLOWDOWN IN PERFORMANCE     !!!
20240602 042630.957 INFO             PET1 !!! FOR PRODUCTION RUNS, USE:                      !!!
20240602 042630.957 INFO             PET1 !!!                   ESMF_LOGKIND_Multi_On_Error  !!!
20240602 042630.957 INFO             PET1 !!!!!!!!!!!!!!!!!!!!!!!!!!!!!!!!!!!!!!!!!!!!!!!!!!!!!!
20240602 042630.957 INFO             PET1 Running with ESMF Version   : v8.7.0b06-37-g31f880616f
20240602 042630.957 INFO             PET1 ESMF library build date/time: "Jun  2 2024" "03:59:48"
20240602 042630.957 INFO             PET1 ESMF library build location : /tmp/intel_2023.1.0-classic_mpi_O_develop/esmf
20240602 042630.957 INFO             PET1 ESMF_COMM                   : mpi
20240602 042630.957 INFO             PET1 ESMF_MOAB                   : enabled
20240602 042630.957 INFO             PET1 ESMF_LAPACK                 : enabled
20240602 042630.957 INFO             PET1 ESMF_NETCDF                 : enabled
20240602 042630.957 INFO             PET1 ESMF_PNETCDF                : disabled
20240602 042630.957 INFO             PET1 ESMF_PIO                    : enabled
20240602 042630.957 INFO             PET1 ESMF_YAMLCPP                : enabled
20240602 042630.986 DEBUG            PET1 about to destroy Grid: 0x6c5b50
20240602 042630.989 DEBUG            PET1 about to destroy Grid: 0x6c69e0
20240602 042630.998 INFO             PET1  NUMBER_OF_PROCESSORS           4
20240602 042630.998 INFO             PET1  PASS  Example ESMF_NUOPCAtmModelEx, ESMF_NUOPCAtmModelEx.F90, line 806
20240602 042630.998 INFO             PET1  Finalizing ESMF
20240602 042630.957 INFO             PET2 !!!!!!!!!!!!!!!!!!!!!!!!!!!!!!!!!!!!!!!!!!!!!!!!!!!!!!
20240602 042630.957 INFO             PET2 !!! THE ESMF_LOG IS SET TO OUTPUT ALL LOG MESSAGES !!!
20240602 042630.957 INFO             PET2 !!!     THIS MAY CAUSE SLOWDOWN IN PERFORMANCE     !!!
20240602 042630.957 INFO             PET2 !!! FOR PRODUCTION RUNS, USE:                      !!!
20240602 042630.957 INFO             PET2 !!!                   ESMF_LOGKIND_Multi_On_Error  !!!
20240602 042630.957 INFO             PET2 !!!!!!!!!!!!!!!!!!!!!!!!!!!!!!!!!!!!!!!!!!!!!!!!!!!!!!
20240602 042630.957 INFO             PET2 Running with ESMF Version   : v8.7.0b06-37-g31f880616f
20240602 042630.957 INFO             PET2 ESMF library build date/time: "Jun  2 2024" "03:59:48"
20240602 042630.957 INFO             PET2 ESMF library build location : /tmp/intel_2023.1.0-classic_mpi_O_develop/esmf
20240602 042630.957 INFO             PET2 ESMF_COMM                   : mpi
20240602 042630.957 INFO             PET2 ESMF_MOAB                   : enabled
20240602 042630.957 INFO             PET2 ESMF_LAPACK                 : enabled
20240602 042630.957 INFO             PET2 ESMF_NETCDF                 : enabled
20240602 042630.957 INFO             PET2 ESMF_PNETCDF                : disabled
20240602 042630.957 INFO             PET2 ESMF_PIO                    : enabled
20240602 042630.957 INFO             PET2 ESMF_YAMLCPP                : enabled
20240602 042630.986 DEBUG            PET2 about to destroy Grid: 0x6c5d50
20240602 042630.989 DEBUG            PET2 about to destroy Grid: 0x6c6cd0
20240602 042630.998 INFO             PET2  NUMBER_OF_PROCESSORS           4
20240602 042630.998 INFO             PET2  PASS  Example ESMF_NUOPCAtmModelEx, ESMF_NUOPCAtmModelEx.F90, line 806
20240602 042630.998 INFO             PET2  Finalizing ESMF
20240602 042630.957 INFO             PET3 !!!!!!!!!!!!!!!!!!!!!!!!!!!!!!!!!!!!!!!!!!!!!!!!!!!!!!
20240602 042630.957 INFO             PET3 !!! THE ESMF_LOG IS SET TO OUTPUT ALL LOG MESSAGES !!!
20240602 042630.957 INFO             PET3 !!!     THIS MAY CAUSE SLOWDOWN IN PERFORMANCE     !!!
20240602 042630.957 INFO             PET3 !!! FOR PRODUCTION RUNS, USE:                      !!!
20240602 042630.957 INFO             PET3 !!!                   ESMF_LOGKIND_Multi_On_Error  !!!
20240602 042630.957 INFO             PET3 !!!!!!!!!!!!!!!!!!!!!!!!!!!!!!!!!!!!!!!!!!!!!!!!!!!!!!
20240602 042630.957 INFO             PET3 Running with ESMF Version   : v8.7.0b06-37-g31f880616f
20240602 042630.957 INFO             PET3 ESMF library build date/time: "Jun  2 2024" "03:59:48"
20240602 042630.957 INFO             PET3 ESMF library build location : /tmp/intel_2023.1.0-classic_mpi_O_develop/esmf
20240602 042630.957 INFO             PET3 ESMF_COMM                   : mpi
20240602 042630.957 INFO             PET3 ESMF_MOAB                   : enabled
20240602 042630.957 INFO             PET3 ESMF_LAPACK                 : enabled
20240602 042630.957 INFO             PET3 ESMF_NETCDF                 : enabled
20240602 042630.957 INFO             PET3 ESMF_PNETCDF                : disabled
20240602 042630.957 INFO             PET3 ESMF_PIO                    : enabled
20240602 042630.957 INFO             PET3 ESMF_YAMLCPP                : enabled
20240602 042630.986 DEBUG            PET3 about to destroy Grid: 0x6c5840
20240602 042630.989 DEBUG            PET3 about to destroy Grid: 0x6c67c0
20240602 042630.998 INFO             PET3  NUMBER_OF_PROCESSORS           4
20240602 042630.998 INFO             PET3  PASS  Example ESMF_NUOPCAtmModelEx, ESMF_NUOPCAtmModelEx.F90, line 806
20240602 042630.998 INFO             PET3  Finalizing ESMF
