2024-06-08 09:59:59
20240608 103707.645 INFO             PET0 !!!!!!!!!!!!!!!!!!!!!!!!!!!!!!!!!!!!!!!!!!!!!!!!!!!!!!
20240608 103707.645 INFO             PET0 !!! THE ESMF_LOG IS SET TO OUTPUT ALL LOG MESSAGES !!!
20240608 103707.645 INFO             PET0 !!!     THIS MAY CAUSE SLOWDOWN IN PERFORMANCE     !!!
20240608 103707.645 INFO             PET0 !!! FOR PRODUCTION RUNS, USE:                      !!!
20240608 103707.645 INFO             PET0 !!!                   ESMF_LOGKIND_Multi_On_Error  !!!
20240608 103707.645 INFO             PET0 !!!!!!!!!!!!!!!!!!!!!!!!!!!!!!!!!!!!!!!!!!!!!!!!!!!!!!
20240608 103707.645 INFO             PET0 Running with ESMF Version   : v8.7.0b07
20240608 103707.645 INFO             PET0 ESMF library build date/time: "Jun  8 2024" "09:58:46"
20240608 103707.645 INFO             PET0 ESMF library build location : /tmp/intel_2023.1.0-classic_mpi_O_develop/esmf
20240608 103707.645 INFO             PET0 ESMF_COMM                   : mpi
20240608 103707.645 INFO             PET0 ESMF_MOAB                   : enabled
20240608 103707.645 INFO             PET0 ESMF_LAPACK                 : enabled
20240608 103707.645 INFO             PET0 ESMF_NETCDF                 : enabled
20240608 103707.645 INFO             PET0 ESMF_PNETCDF                : disabled
20240608 103707.645 INFO             PET0 ESMF_PIO                    : enabled
20240608 103707.645 INFO             PET0 ESMF_YAMLCPP                : enabled
20240608 103707.647 INFO             PET0  NUMBER_OF_PROCESSORS           1
20240608 103707.647 INFO             PET0  PASS  Example ESMF_XGridSparseMatEx, ESMF_XGridSparseMatEx.F90, line 642
20240608 103707.647 INFO             PET0  Finalizing ESMF
