2024-07-25 01:39:58
20240725 021457.423 INFO             PET0 !!!!!!!!!!!!!!!!!!!!!!!!!!!!!!!!!!!!!!!!!!!!!!!!!!!!!!
20240725 021457.423 INFO             PET0 !!! THE ESMF_LOG IS SET TO OUTPUT ALL LOG MESSAGES !!!
20240725 021457.423 INFO             PET0 !!!     THIS MAY CAUSE SLOWDOWN IN PERFORMANCE     !!!
20240725 021457.423 INFO             PET0 !!! FOR PRODUCTION RUNS, USE:                      !!!
20240725 021457.423 INFO             PET0 !!!                   ESMF_LOGKIND_Multi_On_Error  !!!
20240725 021457.423 INFO             PET0 !!!!!!!!!!!!!!!!!!!!!!!!!!!!!!!!!!!!!!!!!!!!!!!!!!!!!!
20240725 021457.423 INFO             PET0 Running with ESMF Version   : v8.7.0b09-26-g87e00d02ff
20240725 021457.423 INFO             PET0 ESMF library build date/time: "Jul 25 2024" "01:38:16"
20240725 021457.423 INFO             PET0 ESMF library build location : /glade/derecho/scratch/sacks/esmf-testing/intel_2023.2.1_mpiuni_g_feature_hconfig-extras/esmf
20240725 021457.423 INFO             PET0 ESMF_COMM                   : mpiuni
20240725 021457.424 INFO             PET0 ESMF_MOAB                   : enabled
20240725 021457.424 INFO             PET0 ESMF_LAPACK                 : enabled
20240725 021457.424 INFO             PET0 ESMF_NETCDF                 : enabled
20240725 021457.424 INFO             PET0 ESMF_PNETCDF                : disabled
20240725 021457.424 INFO             PET0 ESMF_PIO                    : enabled
20240725 021457.424 INFO             PET0 ESMF_YAMLCPP                : enabled
20240725 021457.424 INFO             PET0  NUMBER_OF_PROCESSORS           1
20240725 021457.424 INFO             PET0  PASS  Example ESMF_VMAllFullReduceEx, ESMF_VMAllFullReduceEx.F90, line 113
20240725 021457.424 INFO             PET0  Finalizing ESMF
