2024-05-20 02:17:43
20240520 030646.652 INFO             PET0 !!!!!!!!!!!!!!!!!!!!!!!!!!!!!!!!!!!!!!!!!!!!!!!!!!!!!!
20240520 030646.652 INFO             PET0 !!! THE ESMF_LOG IS SET TO OUTPUT ALL LOG MESSAGES !!!
20240520 030646.652 INFO             PET0 !!!     THIS MAY CAUSE SLOWDOWN IN PERFORMANCE     !!!
20240520 030646.652 INFO             PET0 !!! FOR PRODUCTION RUNS, USE:                      !!!
20240520 030646.652 INFO             PET0 !!!                   ESMF_LOGKIND_Multi_On_Error  !!!
20240520 030646.652 INFO             PET0 !!!!!!!!!!!!!!!!!!!!!!!!!!!!!!!!!!!!!!!!!!!!!!!!!!!!!!
20240520 030646.652 INFO             PET0 Running with ESMF Version   : v8.7.0b05-86-g6f1fcac0dc
20240520 030646.652 INFO             PET0 ESMF library build date/time: "May 20 2024" "02:16:47"
20240520 030646.652 INFO             PET0 ESMF library build location : /discover/nobackup/projects/sbu/mpotts/esmf-test/gfortran_8.3.0_intelmpi_O_develop/esmf
20240520 030646.652 INFO             PET0 ESMF_COMM                   : intelmpi
20240520 030646.652 INFO             PET0 ESMF_MOAB                   : enabled
20240520 030646.652 INFO             PET0 ESMF_LAPACK                 : enabled
20240520 030646.652 INFO             PET0 ESMF_NETCDF                 : disabled
20240520 030646.652 INFO             PET0 ESMF_PNETCDF                : disabled
20240520 030646.652 INFO             PET0 ESMF_PIO                    : disabled
20240520 030646.652 INFO             PET0 ESMF_YAMLCPP                : enabled
20240520 030646.679 DEBUG            PET0 about to destroy Grid: 0xca8100
20240520 030646.682 DEBUG            PET0 about to destroy Grid: 0xca98d0
20240520 030646.690 INFO             PET0  NUMBER_OF_PROCESSORS           4
20240520 030646.690 INFO             PET0  PASS  Example ESMF_NUOPCAtmModelEx, ESMF_NUOPCAtmModelEx.F90, line 806
20240520 030646.690 INFO             PET0  Finalizing ESMF
20240520 030646.651 INFO             PET1 !!!!!!!!!!!!!!!!!!!!!!!!!!!!!!!!!!!!!!!!!!!!!!!!!!!!!!
20240520 030646.652 INFO             PET1 !!! THE ESMF_LOG IS SET TO OUTPUT ALL LOG MESSAGES !!!
20240520 030646.652 INFO             PET1 !!!     THIS MAY CAUSE SLOWDOWN IN PERFORMANCE     !!!
20240520 030646.652 INFO             PET1 !!! FOR PRODUCTION RUNS, USE:                      !!!
20240520 030646.652 INFO             PET1 !!!                   ESMF_LOGKIND_Multi_On_Error  !!!
20240520 030646.652 INFO             PET1 !!!!!!!!!!!!!!!!!!!!!!!!!!!!!!!!!!!!!!!!!!!!!!!!!!!!!!
20240520 030646.652 INFO             PET1 Running with ESMF Version   : v8.7.0b05-86-g6f1fcac0dc
20240520 030646.652 INFO             PET1 ESMF library build date/time: "May 20 2024" "02:16:47"
20240520 030646.652 INFO             PET1 ESMF library build location : /discover/nobackup/projects/sbu/mpotts/esmf-test/gfortran_8.3.0_intelmpi_O_develop/esmf
20240520 030646.652 INFO             PET1 ESMF_COMM                   : intelmpi
20240520 030646.652 INFO             PET1 ESMF_MOAB                   : enabled
20240520 030646.652 INFO             PET1 ESMF_LAPACK                 : enabled
20240520 030646.652 INFO             PET1 ESMF_NETCDF                 : disabled
20240520 030646.652 INFO             PET1 ESMF_PNETCDF                : disabled
20240520 030646.652 INFO             PET1 ESMF_PIO                    : disabled
20240520 030646.652 INFO             PET1 ESMF_YAMLCPP                : enabled
20240520 030646.679 DEBUG            PET1 about to destroy Grid: 0x1dd2c70
20240520 030646.682 DEBUG            PET1 about to destroy Grid: 0x1dd3950
20240520 030646.690 INFO             PET1  NUMBER_OF_PROCESSORS           4
20240520 030646.690 INFO             PET1  PASS  Example ESMF_NUOPCAtmModelEx, ESMF_NUOPCAtmModelEx.F90, line 806
20240520 030646.690 INFO             PET1  Finalizing ESMF
20240520 030646.652 INFO             PET2 !!!!!!!!!!!!!!!!!!!!!!!!!!!!!!!!!!!!!!!!!!!!!!!!!!!!!!
20240520 030646.652 INFO             PET2 !!! THE ESMF_LOG IS SET TO OUTPUT ALL LOG MESSAGES !!!
20240520 030646.652 INFO             PET2 !!!     THIS MAY CAUSE SLOWDOWN IN PERFORMANCE     !!!
20240520 030646.652 INFO             PET2 !!! FOR PRODUCTION RUNS, USE:                      !!!
20240520 030646.652 INFO             PET2 !!!                   ESMF_LOGKIND_Multi_On_Error  !!!
20240520 030646.652 INFO             PET2 !!!!!!!!!!!!!!!!!!!!!!!!!!!!!!!!!!!!!!!!!!!!!!!!!!!!!!
20240520 030646.652 INFO             PET2 Running with ESMF Version   : v8.7.0b05-86-g6f1fcac0dc
20240520 030646.652 INFO             PET2 ESMF library build date/time: "May 20 2024" "02:16:47"
20240520 030646.652 INFO             PET2 ESMF library build location : /discover/nobackup/projects/sbu/mpotts/esmf-test/gfortran_8.3.0_intelmpi_O_develop/esmf
20240520 030646.652 INFO             PET2 ESMF_COMM                   : intelmpi
20240520 030646.652 INFO             PET2 ESMF_MOAB                   : enabled
20240520 030646.652 INFO             PET2 ESMF_LAPACK                 : enabled
20240520 030646.652 INFO             PET2 ESMF_NETCDF                 : disabled
20240520 030646.652 INFO             PET2 ESMF_PNETCDF                : disabled
20240520 030646.652 INFO             PET2 ESMF_PIO                    : disabled
20240520 030646.652 INFO             PET2 ESMF_YAMLCPP                : enabled
20240520 030646.679 DEBUG            PET2 about to destroy Grid: 0xeeb720
20240520 030646.682 DEBUG            PET2 about to destroy Grid: 0xeec160
20240520 030646.690 INFO             PET2  NUMBER_OF_PROCESSORS           4
20240520 030646.690 INFO             PET2  PASS  Example ESMF_NUOPCAtmModelEx, ESMF_NUOPCAtmModelEx.F90, line 806
20240520 030646.690 INFO             PET2  Finalizing ESMF
20240520 030646.651 INFO             PET3 !!!!!!!!!!!!!!!!!!!!!!!!!!!!!!!!!!!!!!!!!!!!!!!!!!!!!!
20240520 030646.651 INFO             PET3 !!! THE ESMF_LOG IS SET TO OUTPUT ALL LOG MESSAGES !!!
20240520 030646.651 INFO             PET3 !!!     THIS MAY CAUSE SLOWDOWN IN PERFORMANCE     !!!
20240520 030646.651 INFO             PET3 !!! FOR PRODUCTION RUNS, USE:                      !!!
20240520 030646.651 INFO             PET3 !!!                   ESMF_LOGKIND_Multi_On_Error  !!!
20240520 030646.651 INFO             PET3 !!!!!!!!!!!!!!!!!!!!!!!!!!!!!!!!!!!!!!!!!!!!!!!!!!!!!!
20240520 030646.651 INFO             PET3 Running with ESMF Version   : v8.7.0b05-86-g6f1fcac0dc
20240520 030646.651 INFO             PET3 ESMF library build date/time: "May 20 2024" "02:16:47"
20240520 030646.651 INFO             PET3 ESMF library build location : /discover/nobackup/projects/sbu/mpotts/esmf-test/gfortran_8.3.0_intelmpi_O_develop/esmf
20240520 030646.651 INFO             PET3 ESMF_COMM                   : intelmpi
20240520 030646.651 INFO             PET3 ESMF_MOAB                   : enabled
20240520 030646.651 INFO             PET3 ESMF_LAPACK                 : enabled
20240520 030646.651 INFO             PET3 ESMF_NETCDF                 : disabled
20240520 030646.651 INFO             PET3 ESMF_PNETCDF                : disabled
20240520 030646.651 INFO             PET3 ESMF_PIO                    : disabled
20240520 030646.651 INFO             PET3 ESMF_YAMLCPP                : enabled
20240520 030646.679 DEBUG            PET3 about to destroy Grid: 0xd55830
20240520 030646.682 DEBUG            PET3 about to destroy Grid: 0xd56270
20240520 030646.690 INFO             PET3  NUMBER_OF_PROCESSORS           4
20240520 030646.690 INFO             PET3  PASS  Example ESMF_NUOPCAtmModelEx, ESMF_NUOPCAtmModelEx.F90, line 806
20240520 030646.690 INFO             PET3  Finalizing ESMF
