2024-07-15 01:24:50
20240715 015853.949 INFO             PET0 !!!!!!!!!!!!!!!!!!!!!!!!!!!!!!!!!!!!!!!!!!!!!!!!!!!!!!
20240715 015853.949 INFO             PET0 !!! THE ESMF_LOG IS SET TO OUTPUT ALL LOG MESSAGES !!!
20240715 015853.949 INFO             PET0 !!!     THIS MAY CAUSE SLOWDOWN IN PERFORMANCE     !!!
20240715 015853.949 INFO             PET0 !!! FOR PRODUCTION RUNS, USE:                      !!!
20240715 015853.949 INFO             PET0 !!!                   ESMF_LOGKIND_Multi_On_Error  !!!
20240715 015853.949 INFO             PET0 !!!!!!!!!!!!!!!!!!!!!!!!!!!!!!!!!!!!!!!!!!!!!!!!!!!!!!
20240715 015853.949 INFO             PET0 Running with ESMF Version   : v8.7.0b08-15-g7133ea3e40
20240715 015853.949 INFO             PET0 ESMF library build date/time: "Jul 15 2024" "01:23:37"
20240715 015853.949 INFO             PET0 ESMF library build location : /discover/nobackup/projects/sbu/mpotts/esmf-test/gfortran_8.3.0_intelmpi_O_develop/esmf
20240715 015853.949 INFO             PET0 ESMF_COMM                   : intelmpi
20240715 015853.949 INFO             PET0 ESMF_MOAB                   : enabled
20240715 015853.949 INFO             PET0 ESMF_LAPACK                 : enabled
20240715 015853.949 INFO             PET0 ESMF_NETCDF                 : disabled
20240715 015853.949 INFO             PET0 ESMF_PNETCDF                : disabled
20240715 015853.949 INFO             PET0 ESMF_PIO                    : disabled
20240715 015853.949 INFO             PET0 ESMF_YAMLCPP                : enabled
20240715 015853.950 INFO             PET0  NUMBER_OF_PROCESSORS           4
20240715 015853.950 INFO             PET0  PASS  Example ESMF_VMScatterVMGatherEx, ESMF_VMScatterVMGatherEx.F90, line 120
20240715 015853.950 INFO             PET0  Finalizing ESMF
20240715 015853.950 INFO             PET1 !!!!!!!!!!!!!!!!!!!!!!!!!!!!!!!!!!!!!!!!!!!!!!!!!!!!!!
20240715 015853.950 INFO             PET1 !!! THE ESMF_LOG IS SET TO OUTPUT ALL LOG MESSAGES !!!
20240715 015853.950 INFO             PET1 !!!     THIS MAY CAUSE SLOWDOWN IN PERFORMANCE     !!!
20240715 015853.950 INFO             PET1 !!! FOR PRODUCTION RUNS, USE:                      !!!
20240715 015853.950 INFO             PET1 !!!                   ESMF_LOGKIND_Multi_On_Error  !!!
20240715 015853.950 INFO             PET1 !!!!!!!!!!!!!!!!!!!!!!!!!!!!!!!!!!!!!!!!!!!!!!!!!!!!!!
20240715 015853.950 INFO             PET1 Running with ESMF Version   : v8.7.0b08-15-g7133ea3e40
20240715 015853.950 INFO             PET1 ESMF library build date/time: "Jul 15 2024" "01:23:37"
20240715 015853.950 INFO             PET1 ESMF library build location : /discover/nobackup/projects/sbu/mpotts/esmf-test/gfortran_8.3.0_intelmpi_O_develop/esmf
20240715 015853.950 INFO             PET1 ESMF_COMM                   : intelmpi
20240715 015853.950 INFO             PET1 ESMF_MOAB                   : enabled
20240715 015853.950 INFO             PET1 ESMF_LAPACK                 : enabled
20240715 015853.950 INFO             PET1 ESMF_NETCDF                 : disabled
20240715 015853.950 INFO             PET1 ESMF_PNETCDF                : disabled
20240715 015853.950 INFO             PET1 ESMF_PIO                    : disabled
20240715 015853.950 INFO             PET1 ESMF_YAMLCPP                : enabled
20240715 015853.950 INFO             PET1  NUMBER_OF_PROCESSORS           4
20240715 015853.950 INFO             PET1  PASS  Example ESMF_VMScatterVMGatherEx, ESMF_VMScatterVMGatherEx.F90, line 120
20240715 015853.950 INFO             PET1  Finalizing ESMF
20240715 015853.949 INFO             PET2 !!!!!!!!!!!!!!!!!!!!!!!!!!!!!!!!!!!!!!!!!!!!!!!!!!!!!!
20240715 015853.949 INFO             PET2 !!! THE ESMF_LOG IS SET TO OUTPUT ALL LOG MESSAGES !!!
20240715 015853.949 INFO             PET2 !!!     THIS MAY CAUSE SLOWDOWN IN PERFORMANCE     !!!
20240715 015853.949 INFO             PET2 !!! FOR PRODUCTION RUNS, USE:                      !!!
20240715 015853.949 INFO             PET2 !!!                   ESMF_LOGKIND_Multi_On_Error  !!!
20240715 015853.949 INFO             PET2 !!!!!!!!!!!!!!!!!!!!!!!!!!!!!!!!!!!!!!!!!!!!!!!!!!!!!!
20240715 015853.949 INFO             PET2 Running with ESMF Version   : v8.7.0b08-15-g7133ea3e40
20240715 015853.949 INFO             PET2 ESMF library build date/time: "Jul 15 2024" "01:23:37"
20240715 015853.949 INFO             PET2 ESMF library build location : /discover/nobackup/projects/sbu/mpotts/esmf-test/gfortran_8.3.0_intelmpi_O_develop/esmf
20240715 015853.949 INFO             PET2 ESMF_COMM                   : intelmpi
20240715 015853.950 INFO             PET2 ESMF_MOAB                   : enabled
20240715 015853.950 INFO             PET2 ESMF_LAPACK                 : enabled
20240715 015853.950 INFO             PET2 ESMF_NETCDF                 : disabled
20240715 015853.950 INFO             PET2 ESMF_PNETCDF                : disabled
20240715 015853.950 INFO             PET2 ESMF_PIO                    : disabled
20240715 015853.950 INFO             PET2 ESMF_YAMLCPP                : enabled
20240715 015853.950 INFO             PET2  NUMBER_OF_PROCESSORS           4
20240715 015853.950 INFO             PET2  PASS  Example ESMF_VMScatterVMGatherEx, ESMF_VMScatterVMGatherEx.F90, line 120
20240715 015853.950 INFO             PET2  Finalizing ESMF
20240715 015853.949 INFO             PET3 !!!!!!!!!!!!!!!!!!!!!!!!!!!!!!!!!!!!!!!!!!!!!!!!!!!!!!
20240715 015853.949 INFO             PET3 !!! THE ESMF_LOG IS SET TO OUTPUT ALL LOG MESSAGES !!!
20240715 015853.949 INFO             PET3 !!!     THIS MAY CAUSE SLOWDOWN IN PERFORMANCE     !!!
20240715 015853.949 INFO             PET3 !!! FOR PRODUCTION RUNS, USE:                      !!!
20240715 015853.949 INFO             PET3 !!!                   ESMF_LOGKIND_Multi_On_Error  !!!
20240715 015853.949 INFO             PET3 !!!!!!!!!!!!!!!!!!!!!!!!!!!!!!!!!!!!!!!!!!!!!!!!!!!!!!
20240715 015853.949 INFO             PET3 Running with ESMF Version   : v8.7.0b08-15-g7133ea3e40
20240715 015853.949 INFO             PET3 ESMF library build date/time: "Jul 15 2024" "01:23:37"
20240715 015853.949 INFO             PET3 ESMF library build location : /discover/nobackup/projects/sbu/mpotts/esmf-test/gfortran_8.3.0_intelmpi_O_develop/esmf
20240715 015853.949 INFO             PET3 ESMF_COMM                   : intelmpi
20240715 015853.949 INFO             PET3 ESMF_MOAB                   : enabled
20240715 015853.949 INFO             PET3 ESMF_LAPACK                 : enabled
20240715 015853.949 INFO             PET3 ESMF_NETCDF                 : disabled
20240715 015853.949 INFO             PET3 ESMF_PNETCDF                : disabled
20240715 015853.949 INFO             PET3 ESMF_PIO                    : disabled
20240715 015853.949 INFO             PET3 ESMF_YAMLCPP                : enabled
20240715 015853.950 INFO             PET3  NUMBER_OF_PROCESSORS           4
20240715 015853.950 INFO             PET3  PASS  Example ESMF_VMScatterVMGatherEx, ESMF_VMScatterVMGatherEx.F90, line 120
20240715 015853.950 INFO             PET3  Finalizing ESMF
