2024-05-21 01:24:00
20240521 014347.594 INFO             PET0 !!!!!!!!!!!!!!!!!!!!!!!!!!!!!!!!!!!!!!!!!!!!!!!!!!!!!!
20240521 014347.594 INFO             PET0 !!! THE ESMF_LOG IS SET TO OUTPUT ALL LOG MESSAGES !!!
20240521 014347.594 INFO             PET0 !!!     THIS MAY CAUSE SLOWDOWN IN PERFORMANCE     !!!
20240521 014347.594 INFO             PET0 !!! FOR PRODUCTION RUNS, USE:                      !!!
20240521 014347.594 INFO             PET0 !!!                   ESMF_LOGKIND_Multi_On_Error  !!!
20240521 014347.594 INFO             PET0 !!!!!!!!!!!!!!!!!!!!!!!!!!!!!!!!!!!!!!!!!!!!!!!!!!!!!!
20240521 014347.594 INFO             PET0 Running with ESMF Version   : v8.7.0b05-86-g6f1fcac0dc
20240521 014347.594 INFO             PET0 ESMF library build date/time: "May 21 2024" "01:22:57"
20240521 014347.594 INFO             PET0 ESMF library build location : /discover/nobackup/projects/sbu/mpotts/esmf-test/gfortran_8.3.0_intelmpi_O_develop/esmf
20240521 014347.594 INFO             PET0 ESMF_COMM                   : intelmpi
20240521 014347.594 INFO             PET0 ESMF_MOAB                   : enabled
20240521 014347.594 INFO             PET0 ESMF_LAPACK                 : enabled
20240521 014347.594 INFO             PET0 ESMF_NETCDF                 : disabled
20240521 014347.594 INFO             PET0 ESMF_PNETCDF                : disabled
20240521 014347.594 INFO             PET0 ESMF_PIO                    : disabled
20240521 014347.594 INFO             PET0 ESMF_YAMLCPP                : enabled
20240521 014347.594 INFO             PET0  NUMBER_OF_PROCESSORS           1
20240521 014347.594 INFO             PET0  PASS  Example ESMF_TimeEx, ESMF_TimeEx.F90, line 141
20240521 014347.594 INFO             PET0  Finalizing ESMF
