2024-07-11 02:35:08
20240711 030722.645 INFO             PET0 !!!!!!!!!!!!!!!!!!!!!!!!!!!!!!!!!!!!!!!!!!!!!!!!!!!!!!
20240711 030722.646 INFO             PET0 !!! THE ESMF_LOG IS SET TO OUTPUT ALL LOG MESSAGES !!!
20240711 030722.646 INFO             PET0 !!!     THIS MAY CAUSE SLOWDOWN IN PERFORMANCE     !!!
20240711 030722.646 INFO             PET0 !!! FOR PRODUCTION RUNS, USE:                      !!!
20240711 030722.646 INFO             PET0 !!!                   ESMF_LOGKIND_Multi_On_Error  !!!
20240711 030722.646 INFO             PET0 !!!!!!!!!!!!!!!!!!!!!!!!!!!!!!!!!!!!!!!!!!!!!!!!!!!!!!
20240711 030722.646 INFO             PET0 Running with ESMF Version   : v8.7.0b08-14-g2afdc553e7
20240711 030722.646 INFO             PET0 ESMF library build date/time: "Jul 11 2024" "02:34:04"
20240711 030722.646 INFO             PET0 ESMF library build location : /discover/nobackup/projects/sbu/mpotts/esmf-test/gfortran_8.3.0_mpiuni_O_develop/esmf
20240711 030722.646 INFO             PET0 ESMF_COMM                   : mpiuni
20240711 030722.646 INFO             PET0 ESMF_MOAB                   : enabled
20240711 030722.646 INFO             PET0 ESMF_LAPACK                 : enabled
20240711 030722.646 INFO             PET0 ESMF_NETCDF                 : disabled
20240711 030722.646 INFO             PET0 ESMF_PNETCDF                : disabled
20240711 030722.646 INFO             PET0 ESMF_PIO                    : disabled
20240711 030722.646 INFO             PET0 ESMF_YAMLCPP                : enabled
20240711 030722.646 ERROR            PET0 ESMCI_State.C:982 ESMCI::State::read() Library needed by ESMF not present  - Internal subroutine call returned Error
20240711 030722.646 ERROR            PET0 ESMF_StateAPI.cppF90:3445 ESMF_StateRead Library needed by ESMF not present  - Internal subroutine call returned Error
20240711 030722.646 INFO             PET0  NUMBER_OF_PROCESSORS           1
20240711 030722.646 INFO             PET0  PASS  Example ESMF_StateReadWriteEx, ESMF_StateReadWriteEx.F90, line 185
20240711 030722.646 INFO             PET0  Finalizing ESMF
