2024-05-26 02:39:49
20240526 030220.980 INFO             PET0 !!!!!!!!!!!!!!!!!!!!!!!!!!!!!!!!!!!!!!!!!!!!!!!!!!!!!!
20240526 030220.980 INFO             PET0 !!! THE ESMF_LOG IS SET TO OUTPUT ALL LOG MESSAGES !!!
20240526 030220.980 INFO             PET0 !!!     THIS MAY CAUSE SLOWDOWN IN PERFORMANCE     !!!
20240526 030220.980 INFO             PET0 !!! FOR PRODUCTION RUNS, USE:                      !!!
20240526 030220.980 INFO             PET0 !!!                   ESMF_LOGKIND_Multi_On_Error  !!!
20240526 030220.980 INFO             PET0 !!!!!!!!!!!!!!!!!!!!!!!!!!!!!!!!!!!!!!!!!!!!!!!!!!!!!!
20240526 030220.980 INFO             PET0 Running with ESMF Version   : v8.7.0b06-6-g5fb1a7b
20240526 030220.980 INFO             PET0 ESMF library build date/time: "May 26 2024" "02:37:23"
20240526 030220.980 INFO             PET0 ESMF library build location : /work/noaa/da/mpotts/sandbox/gfortran_8.3.0_mpiuni_O_develop/esmf
20240526 030220.980 INFO             PET0 ESMF_COMM                   : mpiuni
20240526 030220.980 INFO             PET0 ESMF_MOAB                   : enabled
20240526 030220.980 INFO             PET0 ESMF_LAPACK                 : enabled
20240526 030220.980 INFO             PET0 ESMF_NETCDF                 : enabled
20240526 030220.980 INFO             PET0 ESMF_PNETCDF                : disabled
20240526 030220.980 INFO             PET0 ESMF_PIO                    : disabled
20240526 030220.980 INFO             PET0 ESMF_YAMLCPP                : enabled
20240526 030220.980 INFO             PET0  NUMBER_OF_PROCESSORS           1
20240526 030220.980 INFO             PET0  PASS  Example ESMF_VMScatterVMGatherEx, ESMF_VMScatterVMGatherEx.F90, line 120
20240526 030220.980 INFO             PET0  Finalizing ESMF
