2024-05-31 03:17:47
20240531 034908.987 INFO             PET0 !!!!!!!!!!!!!!!!!!!!!!!!!!!!!!!!!!!!!!!!!!!!!!!!!!!!!!
20240531 034908.987 INFO             PET0 !!! THE ESMF_LOG IS SET TO OUTPUT ALL LOG MESSAGES !!!
20240531 034908.987 INFO             PET0 !!!     THIS MAY CAUSE SLOWDOWN IN PERFORMANCE     !!!
20240531 034908.987 INFO             PET0 !!! FOR PRODUCTION RUNS, USE:                      !!!
20240531 034908.987 INFO             PET0 !!!                   ESMF_LOGKIND_Multi_On_Error  !!!
20240531 034908.987 INFO             PET0 !!!!!!!!!!!!!!!!!!!!!!!!!!!!!!!!!!!!!!!!!!!!!!!!!!!!!!
20240531 034908.987 INFO             PET0 Running with ESMF Version   : v8.7.0b06-37-g31f8806
20240531 034908.987 INFO             PET0 ESMF library build date/time: "May 31 2024" "03:16:05"
20240531 034908.987 INFO             PET0 ESMF library build location : /work/noaa/da/mpotts/sandbox/gfortran_8.3.0_mpiuni_O_develop/esmf
20240531 034908.987 INFO             PET0 ESMF_COMM                   : mpiuni
20240531 034908.988 INFO             PET0 ESMF_MOAB                   : enabled
20240531 034908.988 INFO             PET0 ESMF_LAPACK                 : enabled
20240531 034908.988 INFO             PET0 ESMF_NETCDF                 : enabled
20240531 034908.988 INFO             PET0 ESMF_PNETCDF                : disabled
20240531 034908.988 INFO             PET0 ESMF_PIO                    : disabled
20240531 034908.988 INFO             PET0 ESMF_YAMLCPP                : enabled
20240531 034908.989 INFO             PET0  NUMBER_OF_PROCESSORS           1
20240531 034908.989 INFO             PET0  PASS  Example ESMF_WebServicesEx, ESMF_WebServicesEx.F90, line 227
20240531 034908.989 INFO             PET0  Finalizing ESMF
