2024-06-01 02:35:27
20240601 030520.186 INFO             PET0 !!!!!!!!!!!!!!!!!!!!!!!!!!!!!!!!!!!!!!!!!!!!!!!!!!!!!!
20240601 030520.186 INFO             PET0 !!! THE ESMF_LOG IS SET TO OUTPUT ALL LOG MESSAGES !!!
20240601 030520.186 INFO             PET0 !!!     THIS MAY CAUSE SLOWDOWN IN PERFORMANCE     !!!
20240601 030520.186 INFO             PET0 !!! FOR PRODUCTION RUNS, USE:                      !!!
20240601 030520.186 INFO             PET0 !!!                   ESMF_LOGKIND_Multi_On_Error  !!!
20240601 030520.186 INFO             PET0 !!!!!!!!!!!!!!!!!!!!!!!!!!!!!!!!!!!!!!!!!!!!!!!!!!!!!!
20240601 030520.186 INFO             PET0 Running with ESMF Version   : v8.7.0b06-37-g31f8806
20240601 030520.186 INFO             PET0 ESMF library build date/time: "Jun  1 2024" "02:33:24"
20240601 030520.186 INFO             PET0 ESMF library build location : /work/noaa/da/mpotts/sandbox/gfortran_8.3.0_mpiuni_O_develop/esmf
20240601 030520.186 INFO             PET0 ESMF_COMM                   : mpiuni
20240601 030520.186 INFO             PET0 ESMF_MOAB                   : enabled
20240601 030520.186 INFO             PET0 ESMF_LAPACK                 : enabled
20240601 030520.186 INFO             PET0 ESMF_NETCDF                 : enabled
20240601 030520.186 INFO             PET0 ESMF_PNETCDF                : disabled
20240601 030520.186 INFO             PET0 ESMF_PIO                    : disabled
20240601 030520.186 INFO             PET0 ESMF_YAMLCPP                : enabled
20240601 030520.187 INFO             PET0  NUMBER_OF_PROCESSORS           1
20240601 030520.187 INFO             PET0  PASS  Example ESMF_VMDefaultBasicsEx, ESMF_VMDefaultBasicsEx.F90, line 107
20240601 030520.187 INFO             PET0  Finalizing ESMF
