2024-05-18 02:39:46
[1716020559.693288] [Orion-04-54:262270:0]       ib_verbs.h:84   UCX  ERROR ibv_exp_query_device(mlx5_0) returned 38: No space left on device
[1716020559.693236] [Orion-04-54:262272:0]       ib_verbs.h:84   UCX  ERROR ibv_exp_query_device(mlx5_0) returned 38: No space left on device
[1716020559.696676] [Orion-04-54:262269:0]       ib_verbs.h:84   UCX  ERROR ibv_exp_query_device(mlx5_0) returned 38: No space left on device
[1716020559.696782] [Orion-04-54:262271:0]       ib_verbs.h:84   UCX  ERROR ibv_exp_query_device(mlx5_0) returned 38: No space left on device
 NUOPC_DriverPrint for PET:           0
   Model, Mediator, and Driver components, in the order
   that they were added to the Driver:
           1 :  ATM
           2 :  OCN
           3 :  MED
   Connector components, in the order
   that they were added to the Driver:
           1 :  OCN-TO-MED
           2 :  MED-TO-OCN
           3 :  MED-TO-ATM
           4 :  ATM-TO-MED
NUOPC_RunSequenceArrayPrint: element     1 out of      2
runSeq::
 runElementPrint:      2     3     1 F T
 runElementPrint:      3    -1     1 F T
 runElementPrint:      3     2     1 F T
 runElementPrint:      2    -1     1 F T
 runElementPrint:     -2     0     0 F T
 runElementPrint:     -1    -1     0 F F
::
NUOPC_RunSequenceArrayPrint: element     2 out of      2
runSeq::
 runElementPrint:      3     1     1 F T
 runElementPrint:      1    -1     1 F T
 runElementPrint:      1     3     1 F T
 runElementPrint:      3    -1     2 F T
 runElementPrint:     -2    -1     0 F F
::
 NUOPC_DriverPrint for PET:           1
   Model, Mediator, and Driver components, in the order
   that they were added to the Driver:
           1 :  ATM
           2 :  OCN
           3 :  MED
   Connector components, in the order
   that they were added to the Driver:
           1 :  OCN-TO-MED
           2 :  MED-TO-OCN
           3 :  MED-TO-ATM
           4 :  ATM-TO-MED
NUOPC_RunSequenceArrayPrint: element     1 out of      2
runSeq::
 runElementPrint:      2     3     1 F T
 runElementPrint:      3    -1     1 F T
 runElementPrint:      3     2     1 F T
 runElementPrint:      2    -1     1 F T
 runElementPrint:     -2     0     0 F T
 runElementPrint:     -1    -1     0 F F
::
NUOPC_RunSequenceArrayPrint: element     2 out of      2
runSeq::
 runElementPrint:      3     1     1 F T
 runElementPrint:      1    -1     1 F T
 runElementPrint:      1     3     1 F T
 runElementPrint:      3    -1     2 F T
 runElementPrint:     -2    -1     0 F F
::
 NUOPC_DriverPrint for PET:           2
   Model, Mediator, and Driver components, in the order
   that they were added to the Driver:
           1 :  ATM
           2 :  OCN
           3 :  MED
   Connector components, in the order
   that they were added to the Driver:
           1 :  OCN-TO-MED
           2 :  MED-TO-OCN
           3 :  MED-TO-ATM
           4 :  ATM-TO-MED
NUOPC_RunSequenceArrayPrint: element     1 out of      2
runSeq::
 runElementPrint:      2     3     1 F T
 runElementPrint:      3    -1     1 F T
 runElementPrint:      3     2     1 F T
 runElementPrint:      2    -1     1 F T
 runElementPrint:     -2     0     0 F T
 runElementPrint:     -1    -1     0 F F
::
NUOPC_RunSequenceArrayPrint: element     2 out of      2
runSeq::
 runElementPrint:      3     1     1 F T
 runElementPrint:      1    -1     1 F T
 runElementPrint:      1     3     1 F T
 runElementPrint:      3    -1     2 F T
 runElementPrint:     -2    -1     0 F F
::
 NUOPC_DriverPrint for PET:           3
   Model, Mediator, and Driver components, in the order
   that they were added to the Driver:
           1 :  ATM
           2 :  OCN
           3 :  MED
   Connector components, in the order
   that they were added to the Driver:
           1 :  OCN-TO-MED
           2 :  MED-TO-OCN
           3 :  MED-TO-ATM
           4 :  ATM-TO-MED
NUOPC_RunSequenceArrayPrint: element     1 out of      2
runSeq::
 runElementPrint:      2     3     1 F T
 runElementPrint:      3    -1     1 F T
 runElementPrint:      3     2     1 F T
 runElementPrint:      2    -1     1 F T
 runElementPrint:     -2     0     0 F T
 runElementPrint:     -1    -1     0 F F
::
NUOPC_RunSequenceArrayPrint: element     2 out of      2
runSeq::
 runElementPrint:      3     1     1 F T
 runElementPrint:      1    -1     1 F T
 runElementPrint:      1     3     1 F T
 runElementPrint:      3    -1     2 F T
 runElementPrint:     -2    -1     0 F F
::
