2024-05-19 02:32:54
[1716106085.771812] [Orion-01-63:411610:0]       ib_verbs.h:84   UCX  ERROR ibv_exp_query_device(mlx5_0) returned 38: No space left on device
[1716106085.777868] [Orion-01-63:411612:0]       ib_verbs.h:84   UCX  ERROR ibv_exp_query_device(mlx5_0) returned 38: No space left on device
[1716106085.779284] [Orion-01-63:411611:0]       ib_verbs.h:84   UCX  ERROR ibv_exp_query_device(mlx5_0) returned 38: No space left on device
[1716106085.779319] [Orion-01-63:411613:0]       ib_verbs.h:84   UCX  ERROR ibv_exp_query_device(mlx5_0) returned 38: No space left on device
ATM: Model Advance 2012 10 24 18  0  0   0
ATM: Import Fields
ATM:                     FIELD     COUNT      MEAN       MIN       MAX OKAY
ATM:   sea_surface_temperature      1000  0.96E+02  0.00E+00  0.10E+03    T
ATM:      sea_surface_salinity      1000  0.20E+03  0.20E+03  0.20E+03    T
ATM: Export Fields
ATM:                     FIELD     COUNT      MEAN       MIN       MAX
ATM: air_pressure_at_sea_level      1000  0.25E+01  0.25E+01  0.25E+01
ATM:        precipitation_flux      1000  0.35E+01  0.35E+01  0.35E+01
ATM: surface_net_downward_shor      1000  0.45E+01  0.45E+01  0.45E+01
ATM: Model Advance 2012 10 24 18 15  0   0
ATM: Import Fields
ATM:                     FIELD     COUNT      MEAN       MIN       MAX OKAY
ATM:   sea_surface_temperature      1000  0.96E+02  0.00E+00  0.10E+03    T
ATM:      sea_surface_salinity      1000  0.20E+03  0.20E+03  0.20E+03    T
ATM: Export Fields
ATM:                     FIELD     COUNT      MEAN       MIN       MAX
ATM: air_pressure_at_sea_level      1000  0.25E+01  0.25E+01  0.25E+01
ATM:        precipitation_flux      1000  0.35E+01  0.35E+01  0.35E+01
ATM: surface_net_downward_shor      1000  0.45E+01  0.45E+01  0.45E+01
ATM: Model Advance 2012 10 24 18 30  0   0
ATM: Import Fields
ATM:                     FIELD     COUNT      MEAN       MIN       MAX OKAY
ATM:   sea_surface_temperature      1000  0.96E+02  0.00E+00  0.10E+03    T
ATM:      sea_surface_salinity      1000  0.20E+03  0.20E+03  0.20E+03    T
ATM: Export Fields
ATM:                     FIELD     COUNT      MEAN       MIN       MAX
ATM: air_pressure_at_sea_level      1000  0.25E+01  0.25E+01  0.25E+01
ATM:        precipitation_flux      1000  0.35E+01  0.35E+01  0.35E+01
ATM: surface_net_downward_shor      1000  0.45E+01  0.45E+01  0.45E+01
ATM: Model Advance 2012 10 24 18 45  0   0
ATM: Import Fields
ATM:                     FIELD     COUNT      MEAN       MIN       MAX OKAY
ATM:   sea_surface_temperature      1000  0.96E+02  0.00E+00  0.10E+03    T
ATM:      sea_surface_salinity      1000  0.20E+03  0.20E+03  0.20E+03    T
ATM: Export Fields
ATM:                     FIELD     COUNT      MEAN       MIN       MAX
ATM: air_pressure_at_sea_level      1000  0.25E+01  0.25E+01  0.25E+01
ATM:        precipitation_flux      1000  0.35E+01  0.35E+01  0.35E+01
ATM: surface_net_downward_shor      1000  0.45E+01  0.45E+01  0.45E+01
