2024-07-18 04:41:28

mainApp:238114 terminated with signal 11 at PC=43cfd1 SP=7ffdb2c63c00.  Backtrace:

mainApp:238115 terminated with signal 11 at PC=43cf92 SP=7ffec981ec20.  Backtrace:

mainApp:238116 terminated with signal 11 at PC=43cf90 SP=7ffe18a23b70.  Backtrace:
/tmp/intel_2023.1.0-oneAPI_mpi_O_feature_smm_store_search/nuopc-app-prototypes/CustomFieldDictionaryProto/./mainApp[0x43cfd1]
/tmp/intel_2023.1.0-oneAPI_mpi_O_feature_smm_store_search/nuopc-app-prototypes/CustomFieldDictionaryProto/./mainApp[0x43df90]
/tmp/intel_2023.1.0-oneAPI_mpi_O_feature_smm_store_search/nuopc-app-prototypes/CustomFieldDictionaryProto/./mainApp[0x43d135]
/tmp/intel_2023.1.0-oneAPI_mpi_O_feature_smm_store_search/nuopc-app-prototypes/CustomFieldDictionaryProto/./mainApp[0x43cf92]
/tmp/intel_2023.1.0-oneAPI_mpi_O_feature_smm_store_search/nuopc-app-prototypes/CustomFieldDictionaryProto/./mainApp[0x43df90]
/tmp/intel_2023.1.0-oneAPI_mpi_O_feature_smm_store_search/nuopc-app-prototypes/CustomFieldDictionaryProto/./mainApp[0x43d135]
/tmp/intel_2023.1.0-oneAPI_mpi_O_feature_smm_store_search/nuopc-app-prototypes/CustomFieldDictionaryProto/./mainApp[0x43cf90]
/tmp/intel_2023.1.0-oneAPI_mpi_O_feature_smm_store_search/nuopc-app-prototypes/CustomFieldDictionaryProto/./mainApp[0x43df90]
/tmp/intel_2023.1.0-oneAPI_mpi_O_feature_smm_store_search/nuopc-app-prototypes/CustomFieldDictionaryProto/./mainApp[0x43d135]
/tmp/intel_2023.1.0-oneAPI_mpi_O_feature_smm_store_search/esmf/DEFAULTINSTALLDIR/lib/libO/Unicos.intel.64.mpi.default/libesmf.so(f_esmf_compcollectgarbage2_+0x2f1)[0x7fd8c0df5dd1]
/tmp/intel_2023.1.0-oneAPI_mpi_O_feature_smm_store_search/esmf/DEFAULTINSTALLDIR/lib/libO/Unicos.intel.64.mpi.default/libesmf.so(f_esmf_compcollectgarbage2_+0x2f1)[0x7f843e861dd1]
/tmp/intel_2023.1.0-oneAPI_mpi_O_feature_smm_store_search/esmf/DEFAULTINSTALLDIR/lib/libO/Unicos.intel.64.mpi.default/libesmf.so(f_esmf_compcollectgarbage2_+0x2f1)[0x7fd6fe5f9dd1]
/tmp/intel_2023.1.0-oneAPI_mpi_O_feature_smm_store_search/esmf/DEFAULTINSTALLDIR/lib/libO/Unicos.intel.64.mpi.default/libesmf.so(_ZN5ESMCI2VM8finalizeEP12ESMC_LogicalPi+0x34f)[0x7f843e6bae6f]
/tmp/intel_2023.1.0-oneAPI_mpi_O_feature_smm_store_search/esmf/DEFAULTINSTALLDIR/lib/libO/Unicos.intel.64.mpi.default/libesmf.so(_ZN5ESMCI2VM8finalizeEP12ESMC_LogicalPi+0x34f)[0x7fd6fe452e6f]
/tmp/intel_2023.1.0-oneAPI_mpi_O_feature_smm_store_search/esmf/DEFAULTINSTALLDIR/lib/libO/Unicos.intel.64.mpi.default/libesmf.so(_ZN5ESMCI2VM8finalizeEP12ESMC_LogicalPi+0x34f)[0x7fd8c0c4ee6f]
/tmp/intel_2023.1.0-oneAPI_mpi_O_feature_smm_store_search/esmf/DEFAULTINSTALLDIR/lib/libO/Unicos.intel.64.mpi.default/libesmf.so(c_esmc_vmfinalize_+0x25)[0x7f843e698dd5]
/tmp/intel_2023.1.0-oneAPI_mpi_O_feature_smm_store_search/esmf/DEFAULTINSTALLDIR/lib/libO/Unicos.intel.64.mpi.default/libesmf.so(c_esmc_vmfinalize_+0x25)[0x7fd6fe430dd5]
/tmp/intel_2023.1.0-oneAPI_mpi_O_feature_smm_store_search/esmf/DEFAULTINSTALLDIR/lib/libO/Unicos.intel.64.mpi.default/libesmf.so(c_esmc_vmfinalize_+0x25)[0x7fd8c0c2cdd5]
/tmp/intel_2023.1.0-oneAPI_mpi_O_feature_smm_store_search/esmf/DEFAULTINSTALLDIR/lib/libO/Unicos.intel.64.mpi.default/libesmf.so(esmf_vmmod_mp_esmf_vmfinalize_+0x1c)[0x7f843edb688c]
/tmp/intel_2023.1.0-oneAPI_mpi_O_feature_smm_store_search/esmf/DEFAULTINSTALLDIR/lib/libO/Unicos.intel.64.mpi.default/libesmf.so(esmf_vmmod_mp_esmf_vmfinalize_+0x1c)[0x7fd6feb4e88c]
/tmp/intel_2023.1.0-oneAPI_mpi_O_feature_smm_store_search/esmf/DEFAULTINSTALLDIR/lib/libO/Unicos.intel.64.mpi.default/libesmf.so(esmf_vmmod_mp_esmf_vmfinalize_+0x1c)[0x7fd8c134a88c]
/tmp/intel_2023.1.0-oneAPI_mpi_O_feature_smm_store_search/esmf/DEFAULTINSTALLDIR/lib/libO/Unicos.intel.64.mpi.default/libesmf.so(esmf_initmod_mp_esmf_finalize_+0x66b)[0x7f843ebbecbb]
/tmp/intel_2023.1.0-oneAPI_mpi_O_feature_smm_store_search/nuopc-app-prototypes/CustomFieldDictionaryProto/./mainApp[0x4168d7]
/tmp/intel_2023.1.0-oneAPI_mpi_O_feature_smm_store_search/esmf/DEFAULTINSTALLDIR/lib/libO/Unicos.intel.64.mpi.default/libesmf.so(esmf_initmod_mp_esmf_finalize_+0x66b)[0x7fd6fe956cbb]
/tmp/intel_2023.1.0-oneAPI_mpi_O_feature_smm_store_search/nuopc-app-prototypes/CustomFieldDictionaryProto/./mainApp[0x4168d7]
/tmp/intel_2023.1.0-oneAPI_mpi_O_feature_smm_store_search/nuopc-app-prototypes/CustomFieldDictionaryProto/./mainApp[0x41607d]
/tmp/intel_2023.1.0-oneAPI_mpi_O_feature_smm_store_search/nuopc-app-prototypes/CustomFieldDictionaryProto/./mainApp[0x41607d]
/lib64/libc.so.6(__libc_start_main+0xef)[0x7f8439a3e24d]
/lib64/libc.so.6(__libc_start_main+0xef)[0x7fd6f983e24d]
/tmp/intel_2023.1.0-oneAPI_mpi_O_feature_smm_store_search/esmf/DEFAULTINSTALLDIR/lib/libO/Unicos.intel.64.mpi.default/libesmf.so(esmf_initmod_mp_esmf_finalize_+0x66b)[0x7fd8c1152cbb]
/tmp/intel_2023.1.0-oneAPI_mpi_O_feature_smm_store_search/nuopc-app-prototypes/CustomFieldDictionaryProto/./mainApp[0x4168d7]
/tmp/intel_2023.1.0-oneAPI_mpi_O_feature_smm_store_search/nuopc-app-prototypes/CustomFieldDictionaryProto/./mainApp[0x41607d]
/tmp/intel_2023.1.0-oneAPI_mpi_O_feature_smm_store_search/nuopc-app-prototypes/CustomFieldDictionaryProto/./mainApp[0x415faa]
/tmp/intel_2023.1.0-oneAPI_mpi_O_feature_smm_store_search/nuopc-app-prototypes/CustomFieldDictionaryProto/./mainApp[0x415faa]
/lib64/libc.so.6(__libc_start_main+0xef)[0x7fd8bc03e24d]
/tmp/intel_2023.1.0-oneAPI_mpi_O_feature_smm_store_search/nuopc-app-prototypes/CustomFieldDictionaryProto/./mainApp[0x415faa]
srun: error: c5n0536: tasks 1-3: Exited with exit code 1
srun: Terminating StepId=135074579.377
slurmstepd: error: *** STEP 135074579.377 ON c5n0536 CANCELLED AT 2024-07-18T05:04:33 ***
forrtl: error (78): process killed (SIGTERM)
Image              PC                Routine            Line        Source             
libpthread-2.31.s  00007FB8C5E63910  Unknown               Unknown  Unknown
libc-2.31.so       00007FB8C2105B57  __sched_yield         Unknown  Unknown
libmpi_intel.so.1  00007FB8C3D01ADE  Unknown               Unknown  Unknown
libmpi_intel.so.1  00007FB8C4A9DA16  Unknown               Unknown  Unknown
libmpi_intel.so.1  00007FB8C4AB0169  Unknown               Unknown  Unknown
libmpi_intel.so.1  00007FB8C49B858C  Unknown               Unknown  Unknown
libmpi_intel.so.1  00007FB8C2FA3D11  Unknown               Unknown  Unknown
libmpi_intel.so.1  00007FB8C2FA3EF5  Unknown               Unknown  Unknown
libmpi_intel.so.1  00007FB8C4C9D5F0  Unknown               Unknown  Unknown
libmpi_intel.so.1  00007FB8C4ADD0FC  Unknown               Unknown  Unknown
libmpi_intel.so.1  00007FB8C4ADB00C  Unknown               Unknown  Unknown
libmpi_intel.so.1  00007FB8C3267C01  Unknown               Unknown  Unknown
libmpi_intel.so.1  00007FB8C4ADF380  Unknown               Unknown  Unknown
libmpi_intel.so.1  00007FB8C4C9E3D3  Unknown               Unknown  Unknown
libmpi_intel.so.1  00007FB8C3091200  Unknown               Unknown  Unknown
libmpi_intel.so.1  00007FB8C309173F  PMPI_Barrier          Unknown  Unknown
libdarshan.so.0.0  00007FB8C5C095A7  darshan_core_shut     Unknown  Unknown
libdarshan.so.0.0  00007FB8C5C0823E  MPI_Finalize          Unknown  Unknown
libesmf.so         00007FB8C6C0F12F  _ZN5ESMCI3VMK8fin     Unknown  Unknown
libesmf.so         00007FB8C6C2BF62  _ZN5ESMCI2VM8fina     Unknown  Unknown
libesmf.so         00007FB8C6C09DD5  c_esmc_vmfinalize     Unknown  Unknown
libesmf.so         00007FB8C732788C  esmf_vmmod_mp_esm     Unknown  Unknown
libesmf.so         00007FB8C712FCBB  esmf_initmod_mp_e     Unknown  Unknown
mainApp            00000000004168D7  Unknown               Unknown  Unknown
mainApp            000000000041607D  Unknown               Unknown  Unknown
libc-2.31.so       00007FB8C203E24D  __libc_start_main     Unknown  Unknown
mainApp            0000000000415FAA  Unknown               Unknown  Unknown
srun: error: c5n0536: task 0: Killed
srun: Force Terminated StepId=135074579.377
