2024-07-18 04:41:28

mainApp:238636 terminated with signal 11 at PC=43e013 SP=7ffc35ad3160.  Backtrace:

mainApp:238635 terminated with signal 11 at PC=43e013 SP=7ffcb61de260.  Backtrace:
/tmp/intel_2023.1.0-oneAPI_mpi_O_feature_smm_store_search/nuopc-app-prototypes/DriverInDriverProto/./mainApp[0x43e013]
/tmp/intel_2023.1.0-oneAPI_mpi_O_feature_smm_store_search/nuopc-app-prototypes/DriverInDriverProto/./mainApp[0x43efe0]
/tmp/intel_2023.1.0-oneAPI_mpi_O_feature_smm_store_search/nuopc-app-prototypes/DriverInDriverProto/./mainApp[0x43e013]
/tmp/intel_2023.1.0-oneAPI_mpi_O_feature_smm_store_search/nuopc-app-prototypes/DriverInDriverProto/./mainApp[0x43efe0]
/tmp/intel_2023.1.0-oneAPI_mpi_O_feature_smm_store_search/nuopc-app-prototypes/DriverInDriverProto/./mainApp[0x43e185]
/tmp/intel_2023.1.0-oneAPI_mpi_O_feature_smm_store_search/nuopc-app-prototypes/DriverInDriverProto/./mainApp[0x43e185]
/tmp/intel_2023.1.0-oneAPI_mpi_O_feature_smm_store_search/esmf/DEFAULTINSTALLDIR/lib/libO/Unicos.intel.64.mpi.default/libesmf.so(f_esmf_compcollectgarbage2_+0x2f1)[0x7fa80cb4fdd1]
/tmp/intel_2023.1.0-oneAPI_mpi_O_feature_smm_store_search/esmf/DEFAULTINSTALLDIR/lib/libO/Unicos.intel.64.mpi.default/libesmf.so(f_esmf_compcollectgarbage2_+0x2f1)[0x7fb1a1d1edd1]
/tmp/intel_2023.1.0-oneAPI_mpi_O_feature_smm_store_search/esmf/DEFAULTINSTALLDIR/lib/libO/Unicos.intel.64.mpi.default/libesmf.so(_ZN5ESMCI2VM8finalizeEP12ESMC_LogicalPi+0x34f)[0x7fa80c9a8e6f]
/tmp/intel_2023.1.0-oneAPI_mpi_O_feature_smm_store_search/esmf/DEFAULTINSTALLDIR/lib/libO/Unicos.intel.64.mpi.default/libesmf.so(_ZN5ESMCI2VM8finalizeEP12ESMC_LogicalPi+0x34f)[0x7fb1a1b77e6f]
/tmp/intel_2023.1.0-oneAPI_mpi_O_feature_smm_store_search/esmf/DEFAULTINSTALLDIR/lib/libO/Unicos.intel.64.mpi.default/libesmf.so(c_esmc_vmfinalize_+0x25)[0x7fa80c986dd5]
/tmp/intel_2023.1.0-oneAPI_mpi_O_feature_smm_store_search/esmf/DEFAULTINSTALLDIR/lib/libO/Unicos.intel.64.mpi.default/libesmf.so(c_esmc_vmfinalize_+0x25)[0x7fb1a1b55dd5]
/tmp/intel_2023.1.0-oneAPI_mpi_O_feature_smm_store_search/esmf/DEFAULTINSTALLDIR/lib/libO/Unicos.intel.64.mpi.default/libesmf.so(esmf_vmmod_mp_esmf_vmfinalize_+0x1c)[0x7fa80d0a488c]
/tmp/intel_2023.1.0-oneAPI_mpi_O_feature_smm_store_search/esmf/DEFAULTINSTALLDIR/lib/libO/Unicos.intel.64.mpi.default/libesmf.so(esmf_vmmod_mp_esmf_vmfinalize_+0x1c)[0x7fb1a227388c]
/tmp/intel_2023.1.0-oneAPI_mpi_O_feature_smm_store_search/esmf/DEFAULTINSTALLDIR/lib/libO/Unicos.intel.64.mpi.default/libesmf.so(esmf_initmod_mp_esmf_finalize_+0x66b)[0x7fa80ceaccbb]
/tmp/intel_2023.1.0-oneAPI_mpi_O_feature_smm_store_search/nuopc-app-prototypes/DriverInDriverProto/./mainApp[0x416795]
/tmp/intel_2023.1.0-oneAPI_mpi_O_feature_smm_store_search/nuopc-app-prototypes/DriverInDriverProto/./mainApp[0x41617d]
/lib64/libc.so.6(__libc_start_main+0xef)[0x7fa807e3e24d]
/tmp/intel_2023.1.0-oneAPI_mpi_O_feature_smm_store_search/nuopc-app-prototypes/DriverInDriverProto/./mainApp[0x4160aa]
/tmp/intel_2023.1.0-oneAPI_mpi_O_feature_smm_store_search/esmf/DEFAULTINSTALLDIR/lib/libO/Unicos.intel.64.mpi.default/libesmf.so(esmf_initmod_mp_esmf_finalize_+0x66b)[0x7fb1a207bcbb]
/tmp/intel_2023.1.0-oneAPI_mpi_O_feature_smm_store_search/nuopc-app-prototypes/DriverInDriverProto/./mainApp[0x416795]
/tmp/intel_2023.1.0-oneAPI_mpi_O_feature_smm_store_search/nuopc-app-prototypes/DriverInDriverProto/./mainApp[0x41617d]
/lib64/libc.so.6(__libc_start_main+0xef)[0x7fb19ce3e24d]
/tmp/intel_2023.1.0-oneAPI_mpi_O_feature_smm_store_search/nuopc-app-prototypes/DriverInDriverProto/./mainApp[0x4160aa]

mainApp:238634 terminated with signal 11 at PC=43e040 SP=7ffe521fbf90.  Backtrace:
/tmp/intel_2023.1.0-oneAPI_mpi_O_feature_smm_store_search/nuopc-app-prototypes/DriverInDriverProto/./mainApp[0x43e040]
/tmp/intel_2023.1.0-oneAPI_mpi_O_feature_smm_store_search/nuopc-app-prototypes/DriverInDriverProto/./mainApp[0x43efe0]
/tmp/intel_2023.1.0-oneAPI_mpi_O_feature_smm_store_search/nuopc-app-prototypes/DriverInDriverProto/./mainApp[0x43e185]
/tmp/intel_2023.1.0-oneAPI_mpi_O_feature_smm_store_search/esmf/DEFAULTINSTALLDIR/lib/libO/Unicos.intel.64.mpi.default/libesmf.so(f_esmf_compcollectgarbage2_+0x2f1)[0x7efca6a72dd1]
/tmp/intel_2023.1.0-oneAPI_mpi_O_feature_smm_store_search/esmf/DEFAULTINSTALLDIR/lib/libO/Unicos.intel.64.mpi.default/libesmf.so(_ZN5ESMCI2VM8finalizeEP12ESMC_LogicalPi+0x34f)[0x7efca68cbe6f]
/tmp/intel_2023.1.0-oneAPI_mpi_O_feature_smm_store_search/esmf/DEFAULTINSTALLDIR/lib/libO/Unicos.intel.64.mpi.default/libesmf.so(c_esmc_vmfinalize_+0x25)[0x7efca68a9dd5]
/tmp/intel_2023.1.0-oneAPI_mpi_O_feature_smm_store_search/esmf/DEFAULTINSTALLDIR/lib/libO/Unicos.intel.64.mpi.default/libesmf.so(esmf_vmmod_mp_esmf_vmfinalize_+0x1c)[0x7efca6fc788c]
/tmp/intel_2023.1.0-oneAPI_mpi_O_feature_smm_store_search/esmf/DEFAULTINSTALLDIR/lib/libO/Unicos.intel.64.mpi.default/libesmf.so(esmf_initmod_mp_esmf_finalize_+0x66b)[0x7efca6dcfcbb]
/tmp/intel_2023.1.0-oneAPI_mpi_O_feature_smm_store_search/nuopc-app-prototypes/DriverInDriverProto/./mainApp[0x416795]
/tmp/intel_2023.1.0-oneAPI_mpi_O_feature_smm_store_search/nuopc-app-prototypes/DriverInDriverProto/./mainApp[0x41617d]
/lib64/libc.so.6(__libc_start_main+0xef)[0x7efca1c3e24d]
/tmp/intel_2023.1.0-oneAPI_mpi_O_feature_smm_store_search/nuopc-app-prototypes/DriverInDriverProto/./mainApp[0x4160aa]
srun: error: c5n0536: tasks 1-3: Exited with exit code 1
srun: Terminating StepId=135074579.379
slurmstepd: error: *** STEP 135074579.379 ON c5n0536 CANCELLED AT 2024-07-18T05:05:39 ***
forrtl: error (78): process killed (SIGTERM)
Image              PC                Routine            Line        Source             
libpthread-2.31.s  00007F4C831CE910  Unknown               Unknown  Unknown
libc-2.31.so       00007F4C7F905B57  __sched_yield         Unknown  Unknown
libmpi_intel.so.1  00007F4C81501ADE  Unknown               Unknown  Unknown
libmpi_intel.so.1  00007F4C8229DA16  Unknown               Unknown  Unknown
libmpi_intel.so.1  00007F4C822B0169  Unknown               Unknown  Unknown
libmpi_intel.so.1  00007F4C821B858C  Unknown               Unknown  Unknown
libmpi_intel.so.1  00007F4C807A3D11  Unknown               Unknown  Unknown
libmpi_intel.so.1  00007F4C807A3EF5  Unknown               Unknown  Unknown
libmpi_intel.so.1  00007F4C8249D5F0  Unknown               Unknown  Unknown
libmpi_intel.so.1  00007F4C822DD0FC  Unknown               Unknown  Unknown
libmpi_intel.so.1  00007F4C822DB00C  Unknown               Unknown  Unknown
libmpi_intel.so.1  00007F4C80A67C01  Unknown               Unknown  Unknown
libmpi_intel.so.1  00007F4C822DF380  Unknown               Unknown  Unknown
libmpi_intel.so.1  00007F4C8249E3D3  Unknown               Unknown  Unknown
libmpi_intel.so.1  00007F4C80891200  Unknown               Unknown  Unknown
libmpi_intel.so.1  00007F4C8089173F  PMPI_Barrier          Unknown  Unknown
libdarshan.so.0.0  00007F4C832095A7  darshan_core_shut     Unknown  Unknown
libdarshan.so.0.0  00007F4C8320823E  MPI_Finalize          Unknown  Unknown
libesmf.so         00007F4C8439D12F  _ZN5ESMCI3VMK8fin     Unknown  Unknown
libesmf.so         00007F4C843B9F62  _ZN5ESMCI2VM8fina     Unknown  Unknown
libesmf.so         00007F4C84397DD5  c_esmc_vmfinalize     Unknown  Unknown
libesmf.so         00007F4C84AB588C  esmf_vmmod_mp_esm     Unknown  Unknown
libesmf.so         00007F4C848BDCBB  esmf_initmod_mp_e     Unknown  Unknown
mainApp            0000000000416795  Unknown               Unknown  Unknown
mainApp            000000000041617D  Unknown               Unknown  Unknown
libc-2.31.so       00007F4C7F83E24D  __libc_start_main     Unknown  Unknown
mainApp            00000000004160AA  Unknown               Unknown  Unknown
srun: error: c5n0536: task 0: Killed
srun: Force Terminated StepId=135074579.379
