2024-07-18 04:41:28

mainApp:238258 terminated with signal 11 at PC=43ee33 SP=7ffeb466cfe0.  Backtrace:

mainApp:238259 terminated with signal 11 at PC=43ee13 SP=7ffec7f21810.  Backtrace:
/tmp/intel_2023.1.0-oneAPI_mpi_O_feature_smm_store_search/nuopc-app-prototypes/DriverInDriverDataDepProto/./mainApp[0x43ee33]
/tmp/intel_2023.1.0-oneAPI_mpi_O_feature_smm_store_search/nuopc-app-prototypes/DriverInDriverDataDepProto/./mainApp[0x43fde0]
/tmp/intel_2023.1.0-oneAPI_mpi_O_feature_smm_store_search/nuopc-app-prototypes/DriverInDriverDataDepProto/./mainApp[0x43ef85]
/tmp/intel_2023.1.0-oneAPI_mpi_O_feature_smm_store_search/nuopc-app-prototypes/DriverInDriverDataDepProto/./mainApp[0x43ee13]
/tmp/intel_2023.1.0-oneAPI_mpi_O_feature_smm_store_search/nuopc-app-prototypes/DriverInDriverDataDepProto/./mainApp[0x43fde0]
/tmp/intel_2023.1.0-oneAPI_mpi_O_feature_smm_store_search/nuopc-app-prototypes/DriverInDriverDataDepProto/./mainApp[0x43ef85]
/tmp/intel_2023.1.0-oneAPI_mpi_O_feature_smm_store_search/esmf/DEFAULTINSTALLDIR/lib/libO/Unicos.intel.64.mpi.default/libesmf.so(f_esmf_compcollectgarbage2_+0x2f1)[0x7f88b9ddcdd1]
/tmp/intel_2023.1.0-oneAPI_mpi_O_feature_smm_store_search/esmf/DEFAULTINSTALLDIR/lib/libO/Unicos.intel.64.mpi.default/libesmf.so(f_esmf_compcollectgarbage2_+0x2f1)[0x7f2de2f34dd1]
/tmp/intel_2023.1.0-oneAPI_mpi_O_feature_smm_store_search/esmf/DEFAULTINSTALLDIR/lib/libO/Unicos.intel.64.mpi.default/libesmf.so(_ZN5ESMCI2VM8finalizeEP12ESMC_LogicalPi+0x34f)[0x7f88b9c35e6f]
/tmp/intel_2023.1.0-oneAPI_mpi_O_feature_smm_store_search/esmf/DEFAULTINSTALLDIR/lib/libO/Unicos.intel.64.mpi.default/libesmf.so(_ZN5ESMCI2VM8finalizeEP12ESMC_LogicalPi+0x34f)[0x7f2de2d8de6f]
/tmp/intel_2023.1.0-oneAPI_mpi_O_feature_smm_store_search/esmf/DEFAULTINSTALLDIR/lib/libO/Unicos.intel.64.mpi.default/libesmf.so(c_esmc_vmfinalize_+0x25)[0x7f2de2d6bdd5]
/tmp/intel_2023.1.0-oneAPI_mpi_O_feature_smm_store_search/esmf/DEFAULTINSTALLDIR/lib/libO/Unicos.intel.64.mpi.default/libesmf.so(c_esmc_vmfinalize_+0x25)[0x7f88b9c13dd5]
/tmp/intel_2023.1.0-oneAPI_mpi_O_feature_smm_store_search/esmf/DEFAULTINSTALLDIR/lib/libO/Unicos.intel.64.mpi.default/libesmf.so(esmf_vmmod_mp_esmf_vmfinalize_+0x1c)[0x7f2de348988c]
/tmp/intel_2023.1.0-oneAPI_mpi_O_feature_smm_store_search/esmf/DEFAULTINSTALLDIR/lib/libO/Unicos.intel.64.mpi.default/libesmf.so(esmf_vmmod_mp_esmf_vmfinalize_+0x1c)[0x7f88ba33188c]
/tmp/intel_2023.1.0-oneAPI_mpi_O_feature_smm_store_search/esmf/DEFAULTINSTALLDIR/lib/libO/Unicos.intel.64.mpi.default/libesmf.so(esmf_initmod_mp_esmf_finalize_+0x66b)[0x7f2de3291cbb]
/tmp/intel_2023.1.0-oneAPI_mpi_O_feature_smm_store_search/esmf/DEFAULTINSTALLDIR/lib/libO/Unicos.intel.64.mpi.default/libesmf.so(esmf_initmod_mp_esmf_finalize_+0x66b)[0x7f88ba139cbb]
/tmp/intel_2023.1.0-oneAPI_mpi_O_feature_smm_store_search/nuopc-app-prototypes/DriverInDriverDataDepProto/./mainApp[0x416a95]
/tmp/intel_2023.1.0-oneAPI_mpi_O_feature_smm_store_search/nuopc-app-prototypes/DriverInDriverDataDepProto/./mainApp[0x41647d]
/tmp/intel_2023.1.0-oneAPI_mpi_O_feature_smm_store_search/nuopc-app-prototypes/DriverInDriverDataDepProto/./mainApp[0x416a95]
/tmp/intel_2023.1.0-oneAPI_mpi_O_feature_smm_store_search/nuopc-app-prototypes/DriverInDriverDataDepProto/./mainApp[0x41647d]
/lib64/libc.so.6(__libc_start_main+0xef)[0x7f2dde03e24d]
/lib64/libc.so.6(__libc_start_main+0xef)[0x7f88b503e24d]
/tmp/intel_2023.1.0-oneAPI_mpi_O_feature_smm_store_search/nuopc-app-prototypes/DriverInDriverDataDepProto/./mainApp[0x4163aa]
/tmp/intel_2023.1.0-oneAPI_mpi_O_feature_smm_store_search/nuopc-app-prototypes/DriverInDriverDataDepProto/./mainApp[0x4163aa]

mainApp:238257 terminated with signal 11 at PC=43ee33 SP=7ffe2aaf6b20.  Backtrace:
/tmp/intel_2023.1.0-oneAPI_mpi_O_feature_smm_store_search/nuopc-app-prototypes/DriverInDriverDataDepProto/./mainApp[0x43ee33]
/tmp/intel_2023.1.0-oneAPI_mpi_O_feature_smm_store_search/nuopc-app-prototypes/DriverInDriverDataDepProto/./mainApp[0x43fde0]
/tmp/intel_2023.1.0-oneAPI_mpi_O_feature_smm_store_search/nuopc-app-prototypes/DriverInDriverDataDepProto/./mainApp[0x43ef85]
/tmp/intel_2023.1.0-oneAPI_mpi_O_feature_smm_store_search/esmf/DEFAULTINSTALLDIR/lib/libO/Unicos.intel.64.mpi.default/libesmf.so(f_esmf_compcollectgarbage2_+0x2f1)[0x7f42698b8dd1]
/tmp/intel_2023.1.0-oneAPI_mpi_O_feature_smm_store_search/esmf/DEFAULTINSTALLDIR/lib/libO/Unicos.intel.64.mpi.default/libesmf.so(_ZN5ESMCI2VM8finalizeEP12ESMC_LogicalPi+0x34f)[0x7f4269711e6f]
/tmp/intel_2023.1.0-oneAPI_mpi_O_feature_smm_store_search/esmf/DEFAULTINSTALLDIR/lib/libO/Unicos.intel.64.mpi.default/libesmf.so(c_esmc_vmfinalize_+0x25)[0x7f42696efdd5]
/tmp/intel_2023.1.0-oneAPI_mpi_O_feature_smm_store_search/esmf/DEFAULTINSTALLDIR/lib/libO/Unicos.intel.64.mpi.default/libesmf.so(esmf_vmmod_mp_esmf_vmfinalize_+0x1c)[0x7f4269e0d88c]
/tmp/intel_2023.1.0-oneAPI_mpi_O_feature_smm_store_search/esmf/DEFAULTINSTALLDIR/lib/libO/Unicos.intel.64.mpi.default/libesmf.so(esmf_initmod_mp_esmf_finalize_+0x66b)[0x7f4269c15cbb]
/tmp/intel_2023.1.0-oneAPI_mpi_O_feature_smm_store_search/nuopc-app-prototypes/DriverInDriverDataDepProto/./mainApp[0x416a95]
/tmp/intel_2023.1.0-oneAPI_mpi_O_feature_smm_store_search/nuopc-app-prototypes/DriverInDriverDataDepProto/./mainApp[0x41647d]
/lib64/libc.so.6(__libc_start_main+0xef)[0x7f4264a3e24d]
/tmp/intel_2023.1.0-oneAPI_mpi_O_feature_smm_store_search/nuopc-app-prototypes/DriverInDriverDataDepProto/./mainApp[0x4163aa]
srun: error: c5n0536: tasks 1-3: Exited with exit code 1
srun: Terminating StepId=135074579.378
slurmstepd: error: *** STEP 135074579.378 ON c5n0536 CANCELLED AT 2024-07-18T05:05:06 ***
forrtl: error (78): process killed (SIGTERM)
Image              PC                Routine            Line        Source             
libpthread-2.31.s  00007FBD12929910  Unknown               Unknown  Unknown
libc-2.31.so       00007FBD0EB05B57  __sched_yield         Unknown  Unknown
libmpi_intel.so.1  00007FBD10701ADE  Unknown               Unknown  Unknown
libmpi_intel.so.1  00007FBD1149DA16  Unknown               Unknown  Unknown
libmpi_intel.so.1  00007FBD114B0169  Unknown               Unknown  Unknown
libmpi_intel.so.1  00007FBD113B858C  Unknown               Unknown  Unknown
libmpi_intel.so.1  00007FBD0F9A3D11  Unknown               Unknown  Unknown
libmpi_intel.so.1  00007FBD0F9A3EF5  Unknown               Unknown  Unknown
libmpi_intel.so.1  00007FBD1169D5F0  Unknown               Unknown  Unknown
libmpi_intel.so.1  00007FBD114DD0FC  Unknown               Unknown  Unknown
libmpi_intel.so.1  00007FBD114DB00C  Unknown               Unknown  Unknown
libmpi_intel.so.1  00007FBD0FC67C01  Unknown               Unknown  Unknown
libmpi_intel.so.1  00007FBD114DF380  Unknown               Unknown  Unknown
libmpi_intel.so.1  00007FBD1169E3D3  Unknown               Unknown  Unknown
libmpi_intel.so.1  00007FBD0FA91200  Unknown               Unknown  Unknown
libmpi_intel.so.1  00007FBD0FA9173F  PMPI_Barrier          Unknown  Unknown
libdarshan.so.0.0  00007FBD126095A7  darshan_core_shut     Unknown  Unknown
libdarshan.so.0.0  00007FBD1260823E  MPI_Finalize          Unknown  Unknown
libesmf.so         00007FBD136D512F  _ZN5ESMCI3VMK8fin     Unknown  Unknown
libesmf.so         00007FBD136F1F62  _ZN5ESMCI2VM8fina     Unknown  Unknown
libesmf.so         00007FBD136CFDD5  c_esmc_vmfinalize     Unknown  Unknown
libesmf.so         00007FBD13DED88C  esmf_vmmod_mp_esm     Unknown  Unknown
libesmf.so         00007FBD13BF5CBB  esmf_initmod_mp_e     Unknown  Unknown
mainApp            0000000000416A95  Unknown               Unknown  Unknown
mainApp            000000000041647D  Unknown               Unknown  Unknown
libc-2.31.so       00007FBD0EA3E24D  __libc_start_main     Unknown  Unknown
mainApp            00000000004163AA  Unknown               Unknown  Unknown
srun: error: c5n0536: task 0: Killed
srun: Force Terminated StepId=135074579.378
