2024-07-18 04:41:28

mainApp:239289 terminated with signal 11 at PC=43e6d9 SP=7ffc0acd9270.  Backtrace:

mainApp:239290 terminated with signal 11 at PC=43e703 SP=7ffeb985c160.  Backtrace:

mainApp:239288 terminated with signal 11 at PC=43e6d9 SP=7fff814d5170.  Backtrace:
/tmp/intel_2023.1.0-oneAPI_mpi_O_feature_smm_store_search/nuopc-app-prototypes/NamespaceProto/./mainApp[0x43e6d9]
/tmp/intel_2023.1.0-oneAPI_mpi_O_feature_smm_store_search/nuopc-app-prototypes/NamespaceProto/./mainApp[0x43f6b0]
/tmp/intel_2023.1.0-oneAPI_mpi_O_feature_smm_store_search/nuopc-app-prototypes/NamespaceProto/./mainApp[0x43e855]
/tmp/intel_2023.1.0-oneAPI_mpi_O_feature_smm_store_search/nuopc-app-prototypes/NamespaceProto/./mainApp[0x43e6d9]
/tmp/intel_2023.1.0-oneAPI_mpi_O_feature_smm_store_search/nuopc-app-prototypes/NamespaceProto/./mainApp[0x43f6b0]
/tmp/intel_2023.1.0-oneAPI_mpi_O_feature_smm_store_search/nuopc-app-prototypes/NamespaceProto/./mainApp[0x43e855]
/tmp/intel_2023.1.0-oneAPI_mpi_O_feature_smm_store_search/nuopc-app-prototypes/NamespaceProto/./mainApp[0x43e703]
/tmp/intel_2023.1.0-oneAPI_mpi_O_feature_smm_store_search/nuopc-app-prototypes/NamespaceProto/./mainApp[0x43f6b0]
/tmp/intel_2023.1.0-oneAPI_mpi_O_feature_smm_store_search/nuopc-app-prototypes/NamespaceProto/./mainApp[0x43e855]
/tmp/intel_2023.1.0-oneAPI_mpi_O_feature_smm_store_search/esmf/DEFAULTINSTALLDIR/lib/libO/Unicos.intel.64.mpi.default/libesmf.so(f_esmf_compcollectgarbage2_+0x2f1)[0x7f4066997dd1]
/tmp/intel_2023.1.0-oneAPI_mpi_O_feature_smm_store_search/esmf/DEFAULTINSTALLDIR/lib/libO/Unicos.intel.64.mpi.default/libesmf.so(f_esmf_compcollectgarbage2_+0x2f1)[0x7fdf2e9c9dd1]
/tmp/intel_2023.1.0-oneAPI_mpi_O_feature_smm_store_search/esmf/DEFAULTINSTALLDIR/lib/libO/Unicos.intel.64.mpi.default/libesmf.so(f_esmf_compcollectgarbage2_+0x2f1)[0x7fe5242c0dd1]
/tmp/intel_2023.1.0-oneAPI_mpi_O_feature_smm_store_search/esmf/DEFAULTINSTALLDIR/lib/libO/Unicos.intel.64.mpi.default/libesmf.so(_ZN5ESMCI2VM8finalizeEP12ESMC_LogicalPi+0x34f)[0x7f40667f0e6f]
/tmp/intel_2023.1.0-oneAPI_mpi_O_feature_smm_store_search/esmf/DEFAULTINSTALLDIR/lib/libO/Unicos.intel.64.mpi.default/libesmf.so(_ZN5ESMCI2VM8finalizeEP12ESMC_LogicalPi+0x34f)[0x7fdf2e822e6f]
/tmp/intel_2023.1.0-oneAPI_mpi_O_feature_smm_store_search/esmf/DEFAULTINSTALLDIR/lib/libO/Unicos.intel.64.mpi.default/libesmf.so(_ZN5ESMCI2VM8finalizeEP12ESMC_LogicalPi+0x34f)[0x7fe524119e6f]
/tmp/intel_2023.1.0-oneAPI_mpi_O_feature_smm_store_search/esmf/DEFAULTINSTALLDIR/lib/libO/Unicos.intel.64.mpi.default/libesmf.so(c_esmc_vmfinalize_+0x25)[0x7f40667cedd5]
/tmp/intel_2023.1.0-oneAPI_mpi_O_feature_smm_store_search/esmf/DEFAULTINSTALLDIR/lib/libO/Unicos.intel.64.mpi.default/libesmf.so(c_esmc_vmfinalize_+0x25)[0x7fdf2e800dd5]
/tmp/intel_2023.1.0-oneAPI_mpi_O_feature_smm_store_search/esmf/DEFAULTINSTALLDIR/lib/libO/Unicos.intel.64.mpi.default/libesmf.so(c_esmc_vmfinalize_+0x25)[0x7fe5240f7dd5]
/tmp/intel_2023.1.0-oneAPI_mpi_O_feature_smm_store_search/esmf/DEFAULTINSTALLDIR/lib/libO/Unicos.intel.64.mpi.default/libesmf.so(esmf_vmmod_mp_esmf_vmfinalize_+0x1c)[0x7f4066eec88c]
/tmp/intel_2023.1.0-oneAPI_mpi_O_feature_smm_store_search/esmf/DEFAULTINSTALLDIR/lib/libO/Unicos.intel.64.mpi.default/libesmf.so(esmf_vmmod_mp_esmf_vmfinalize_+0x1c)[0x7fdf2ef1e88c]
/tmp/intel_2023.1.0-oneAPI_mpi_O_feature_smm_store_search/esmf/DEFAULTINSTALLDIR/lib/libO/Unicos.intel.64.mpi.default/libesmf.so(esmf_vmmod_mp_esmf_vmfinalize_+0x1c)[0x7fe52481588c]
/tmp/intel_2023.1.0-oneAPI_mpi_O_feature_smm_store_search/esmf/DEFAULTINSTALLDIR/lib/libO/Unicos.intel.64.mpi.default/libesmf.so(esmf_initmod_mp_esmf_finalize_+0x66b)[0x7f4066cf4cbb]
/tmp/intel_2023.1.0-oneAPI_mpi_O_feature_smm_store_search/nuopc-app-prototypes/NamespaceProto/./mainApp[0x416795]
/tmp/intel_2023.1.0-oneAPI_mpi_O_feature_smm_store_search/esmf/DEFAULTINSTALLDIR/lib/libO/Unicos.intel.64.mpi.default/libesmf.so(esmf_initmod_mp_esmf_finalize_+0x66b)[0x7fdf2ed26cbb]
/tmp/intel_2023.1.0-oneAPI_mpi_O_feature_smm_store_search/nuopc-app-prototypes/NamespaceProto/./mainApp[0x41617d]
/tmp/intel_2023.1.0-oneAPI_mpi_O_feature_smm_store_search/nuopc-app-prototypes/NamespaceProto/./mainApp[0x416795]
/tmp/intel_2023.1.0-oneAPI_mpi_O_feature_smm_store_search/nuopc-app-prototypes/NamespaceProto/./mainApp[0x41617d]
/lib64/libc.so.6(__libc_start_main+0xef)[0x7f4061c3e24d]
/tmp/intel_2023.1.0-oneAPI_mpi_O_feature_smm_store_search/nuopc-app-prototypes/NamespaceProto/./mainApp[0x4160aa]
/lib64/libc.so.6(__libc_start_main+0xef)[0x7fdf29c3e24d]
/tmp/intel_2023.1.0-oneAPI_mpi_O_feature_smm_store_search/nuopc-app-prototypes/NamespaceProto/./mainApp[0x4160aa]
/tmp/intel_2023.1.0-oneAPI_mpi_O_feature_smm_store_search/esmf/DEFAULTINSTALLDIR/lib/libO/Unicos.intel.64.mpi.default/libesmf.so(esmf_initmod_mp_esmf_finalize_+0x66b)[0x7fe52461dcbb]
/tmp/intel_2023.1.0-oneAPI_mpi_O_feature_smm_store_search/nuopc-app-prototypes/NamespaceProto/./mainApp[0x416795]
/tmp/intel_2023.1.0-oneAPI_mpi_O_feature_smm_store_search/nuopc-app-prototypes/NamespaceProto/./mainApp[0x41617d]
/lib64/libc.so.6(__libc_start_main+0xef)[0x7fe51f43e24d]
/tmp/intel_2023.1.0-oneAPI_mpi_O_feature_smm_store_search/nuopc-app-prototypes/NamespaceProto/./mainApp[0x4160aa]
srun: error: c5n0536: tasks 1-3: Exited with exit code 1
srun: Terminating StepId=135074579.385
slurmstepd: error: *** STEP 135074579.385 ON c5n0536 CANCELLED AT 2024-07-18T05:06:28 ***
forrtl: error (78): process killed (SIGTERM)
Image              PC                Routine            Line        Source             
libpthread-2.31.s  00007F8461BCE910  Unknown               Unknown  Unknown
libc-2.31.so       00007F845E305B57  __sched_yield         Unknown  Unknown
libmpi_intel.so.1  00007F845FF01ADE  Unknown               Unknown  Unknown
libmpi_intel.so.1  00007F8460C9DA16  Unknown               Unknown  Unknown
libmpi_intel.so.1  00007F8460CB0169  Unknown               Unknown  Unknown
libmpi_intel.so.1  00007F8460BB858C  Unknown               Unknown  Unknown
libmpi_intel.so.1  00007F845F1A3D11  Unknown               Unknown  Unknown
libmpi_intel.so.1  00007F845F1A3EF5  Unknown               Unknown  Unknown
libmpi_intel.so.1  00007F8460E9D5F0  Unknown               Unknown  Unknown
libmpi_intel.so.1  00007F8460CDD0FC  Unknown               Unknown  Unknown
libmpi_intel.so.1  00007F8460CDB00C  Unknown               Unknown  Unknown
libmpi_intel.so.1  00007F845F467C01  Unknown               Unknown  Unknown
libmpi_intel.so.1  00007F8460CDF380  Unknown               Unknown  Unknown
libmpi_intel.so.1  00007F8460E9E3D3  Unknown               Unknown  Unknown
libmpi_intel.so.1  00007F845F291200  Unknown               Unknown  Unknown
libmpi_intel.so.1  00007F845F29173F  PMPI_Barrier          Unknown  Unknown
libdarshan.so.0.0  00007F8461C095A7  darshan_core_shut     Unknown  Unknown
libdarshan.so.0.0  00007F8461C0823E  MPI_Finalize          Unknown  Unknown
libesmf.so         00007F8462D8E12F  _ZN5ESMCI3VMK8fin     Unknown  Unknown
libesmf.so         00007F8462DAAF62  _ZN5ESMCI2VM8fina     Unknown  Unknown
libesmf.so         00007F8462D88DD5  c_esmc_vmfinalize     Unknown  Unknown
libesmf.so         00007F84634A688C  esmf_vmmod_mp_esm     Unknown  Unknown
libesmf.so         00007F84632AECBB  esmf_initmod_mp_e     Unknown  Unknown
mainApp            0000000000416795  Unknown               Unknown  Unknown
mainApp            000000000041617D  Unknown               Unknown  Unknown
libc-2.31.so       00007F845E23E24D  __libc_start_main     Unknown  Unknown
mainApp            00000000004160AA  Unknown               Unknown  Unknown
srun: error: c5n0536: task 0: Killed
srun: Force Terminated StepId=135074579.385
