2024-07-18 04:41:28

mainApp:239394 terminated with signal 11 at PC=441dc3 SP=7ffcb2b68f20.  Backtrace:

mainApp:239396 terminated with signal 11 at PC=441d90 SP=7fff7676d9f0.  Backtrace:
/tmp/intel_2023.1.0-oneAPI_mpi_O_feature_smm_store_search/nuopc-app-prototypes/NestingMultipleProto/./mainApp[0x441dc3]
/tmp/intel_2023.1.0-oneAPI_mpi_O_feature_smm_store_search/nuopc-app-prototypes/NestingMultipleProto/./mainApp[0x442d90]
/tmp/intel_2023.1.0-oneAPI_mpi_O_feature_smm_store_search/nuopc-app-prototypes/NestingMultipleProto/./mainApp[0x441f35]
/tmp/intel_2023.1.0-oneAPI_mpi_O_feature_smm_store_search/nuopc-app-prototypes/NestingMultipleProto/./mainApp[0x441d90]
/tmp/intel_2023.1.0-oneAPI_mpi_O_feature_smm_store_search/nuopc-app-prototypes/NestingMultipleProto/./mainApp[0x442d90]
/tmp/intel_2023.1.0-oneAPI_mpi_O_feature_smm_store_search/nuopc-app-prototypes/NestingMultipleProto/./mainApp[0x441f35]

mainApp:239395 terminated with signal 11 at PC=441dc3 SP=7ffedbe1ac20.  Backtrace:
/tmp/intel_2023.1.0-oneAPI_mpi_O_feature_smm_store_search/nuopc-app-prototypes/NestingMultipleProto/./mainApp[0x441dc3]
/tmp/intel_2023.1.0-oneAPI_mpi_O_feature_smm_store_search/nuopc-app-prototypes/NestingMultipleProto/./mainApp[0x442d90]
/tmp/intel_2023.1.0-oneAPI_mpi_O_feature_smm_store_search/nuopc-app-prototypes/NestingMultipleProto/./mainApp[0x441f35]
/tmp/intel_2023.1.0-oneAPI_mpi_O_feature_smm_store_search/esmf/DEFAULTINSTALLDIR/lib/libO/Unicos.intel.64.mpi.default/libesmf.so(f_esmf_compcollectgarbage2_+0x2f1)[0x7f5bc3edbdd1]
/tmp/intel_2023.1.0-oneAPI_mpi_O_feature_smm_store_search/esmf/DEFAULTINSTALLDIR/lib/libO/Unicos.intel.64.mpi.default/libesmf.so(f_esmf_compcollectgarbage2_+0x2f1)[0x7fcc7ed04dd1]
/tmp/intel_2023.1.0-oneAPI_mpi_O_feature_smm_store_search/esmf/DEFAULTINSTALLDIR/lib/libO/Unicos.intel.64.mpi.default/libesmf.so(f_esmf_compcollectgarbage2_+0x2f1)[0x7f8de1933dd1]
/tmp/intel_2023.1.0-oneAPI_mpi_O_feature_smm_store_search/esmf/DEFAULTINSTALLDIR/lib/libO/Unicos.intel.64.mpi.default/libesmf.so(_ZN5ESMCI2VM8finalizeEP12ESMC_LogicalPi+0x34f)[0x7f5bc3d34e6f]
/tmp/intel_2023.1.0-oneAPI_mpi_O_feature_smm_store_search/esmf/DEFAULTINSTALLDIR/lib/libO/Unicos.intel.64.mpi.default/libesmf.so(_ZN5ESMCI2VM8finalizeEP12ESMC_LogicalPi+0x34f)[0x7fcc7eb5de6f]
/tmp/intel_2023.1.0-oneAPI_mpi_O_feature_smm_store_search/esmf/DEFAULTINSTALLDIR/lib/libO/Unicos.intel.64.mpi.default/libesmf.so(_ZN5ESMCI2VM8finalizeEP12ESMC_LogicalPi+0x34f)[0x7f8de178ce6f]
/tmp/intel_2023.1.0-oneAPI_mpi_O_feature_smm_store_search/esmf/DEFAULTINSTALLDIR/lib/libO/Unicos.intel.64.mpi.default/libesmf.so(c_esmc_vmfinalize_+0x25)[0x7fcc7eb3bdd5]
/tmp/intel_2023.1.0-oneAPI_mpi_O_feature_smm_store_search/esmf/DEFAULTINSTALLDIR/lib/libO/Unicos.intel.64.mpi.default/libesmf.so(c_esmc_vmfinalize_+0x25)[0x7f5bc3d12dd5]
/tmp/intel_2023.1.0-oneAPI_mpi_O_feature_smm_store_search/esmf/DEFAULTINSTALLDIR/lib/libO/Unicos.intel.64.mpi.default/libesmf.so(c_esmc_vmfinalize_+0x25)[0x7f8de176add5]
/tmp/intel_2023.1.0-oneAPI_mpi_O_feature_smm_store_search/esmf/DEFAULTINSTALLDIR/lib/libO/Unicos.intel.64.mpi.default/libesmf.so(esmf_vmmod_mp_esmf_vmfinalize_+0x1c)[0x7fcc7f25988c]
/tmp/intel_2023.1.0-oneAPI_mpi_O_feature_smm_store_search/esmf/DEFAULTINSTALLDIR/lib/libO/Unicos.intel.64.mpi.default/libesmf.so(esmf_vmmod_mp_esmf_vmfinalize_+0x1c)[0x7f5bc443088c]
/tmp/intel_2023.1.0-oneAPI_mpi_O_feature_smm_store_search/esmf/DEFAULTINSTALLDIR/lib/libO/Unicos.intel.64.mpi.default/libesmf.so(esmf_vmmod_mp_esmf_vmfinalize_+0x1c)[0x7f8de1e8888c]
/tmp/intel_2023.1.0-oneAPI_mpi_O_feature_smm_store_search/esmf/DEFAULTINSTALLDIR/lib/libO/Unicos.intel.64.mpi.default/libesmf.so(esmf_initmod_mp_esmf_finalize_+0x66b)[0x7fcc7f061cbb]
/tmp/intel_2023.1.0-oneAPI_mpi_O_feature_smm_store_search/nuopc-app-prototypes/NestingMultipleProto/./mainApp[0x4171cd]
/tmp/intel_2023.1.0-oneAPI_mpi_O_feature_smm_store_search/nuopc-app-prototypes/NestingMultipleProto/./mainApp[0x416b3d]
/tmp/intel_2023.1.0-oneAPI_mpi_O_feature_smm_store_search/esmf/DEFAULTINSTALLDIR/lib/libO/Unicos.intel.64.mpi.default/libesmf.so(esmf_initmod_mp_esmf_finalize_+0x66b)[0x7f5bc4238cbb]
/tmp/intel_2023.1.0-oneAPI_mpi_O_feature_smm_store_search/nuopc-app-prototypes/NestingMultipleProto/./mainApp[0x4171cd]
/tmp/intel_2023.1.0-oneAPI_mpi_O_feature_smm_store_search/nuopc-app-prototypes/NestingMultipleProto/./mainApp[0x416b3d]
/lib64/libc.so.6(__libc_start_main+0xef)[0x7fcc79e3e24d]
/tmp/intel_2023.1.0-oneAPI_mpi_O_feature_smm_store_search/nuopc-app-prototypes/NestingMultipleProto/./mainApp[0x416a6a]
/lib64/libc.so.6(__libc_start_main+0xef)[0x7f5bbf03e24d]
/tmp/intel_2023.1.0-oneAPI_mpi_O_feature_smm_store_search/nuopc-app-prototypes/NestingMultipleProto/./mainApp[0x416a6a]
/tmp/intel_2023.1.0-oneAPI_mpi_O_feature_smm_store_search/esmf/DEFAULTINSTALLDIR/lib/libO/Unicos.intel.64.mpi.default/libesmf.so(esmf_initmod_mp_esmf_finalize_+0x66b)[0x7f8de1c90cbb]
/tmp/intel_2023.1.0-oneAPI_mpi_O_feature_smm_store_search/nuopc-app-prototypes/NestingMultipleProto/./mainApp[0x4171cd]
/tmp/intel_2023.1.0-oneAPI_mpi_O_feature_smm_store_search/nuopc-app-prototypes/NestingMultipleProto/./mainApp[0x416b3d]
/lib64/libc.so.6(__libc_start_main+0xef)[0x7f8ddca3e24d]
/tmp/intel_2023.1.0-oneAPI_mpi_O_feature_smm_store_search/nuopc-app-prototypes/NestingMultipleProto/./mainApp[0x416a6a]
srun: error: c5n0536: tasks 1-3: Exited with exit code 1
srun: Terminating StepId=135074579.386
slurmstepd: error: *** STEP 135074579.386 ON c5n0536 CANCELLED AT 2024-07-18T05:07:01 ***
forrtl: error (78): process killed (SIGTERM)
Image              PC                Routine            Line        Source             
libpthread-2.31.s  00007F61BDC75910  Unknown               Unknown  Unknown
libc-2.31.so       00007F61B9F05B57  __sched_yield         Unknown  Unknown
libmpi_intel.so.1  00007F61BBB01ADE  Unknown               Unknown  Unknown
libmpi_intel.so.1  00007F61BC89DA16  Unknown               Unknown  Unknown
libmpi_intel.so.1  00007F61BC8B0169  Unknown               Unknown  Unknown
libmpi_intel.so.1  00007F61BC7B858C  Unknown               Unknown  Unknown
libmpi_intel.so.1  00007F61BADA3D11  Unknown               Unknown  Unknown
libmpi_intel.so.1  00007F61BADA3EF5  Unknown               Unknown  Unknown
libmpi_intel.so.1  00007F61BCA9D5F0  Unknown               Unknown  Unknown
libmpi_intel.so.1  00007F61BC8DD0FC  Unknown               Unknown  Unknown
libmpi_intel.so.1  00007F61BC8DB00C  Unknown               Unknown  Unknown
libmpi_intel.so.1  00007F61BB067C01  Unknown               Unknown  Unknown
libmpi_intel.so.1  00007F61BC8DF380  Unknown               Unknown  Unknown
libmpi_intel.so.1  00007F61BCA9E3D3  Unknown               Unknown  Unknown
libmpi_intel.so.1  00007F61BAE91200  Unknown               Unknown  Unknown
libmpi_intel.so.1  00007F61BAE9173F  PMPI_Barrier          Unknown  Unknown
libdarshan.so.0.0  00007F61BDA095A7  darshan_core_shut     Unknown  Unknown
libdarshan.so.0.0  00007F61BDA0823E  MPI_Finalize          Unknown  Unknown
libesmf.so         00007F61BEB6D12F  _ZN5ESMCI3VMK8fin     Unknown  Unknown
libesmf.so         00007F61BEB89F62  _ZN5ESMCI2VM8fina     Unknown  Unknown
libesmf.so         00007F61BEB67DD5  c_esmc_vmfinalize     Unknown  Unknown
libesmf.so         00007F61BF28588C  esmf_vmmod_mp_esm     Unknown  Unknown
libesmf.so         00007F61BF08DCBB  esmf_initmod_mp_e     Unknown  Unknown
mainApp            00000000004171CD  Unknown               Unknown  Unknown
mainApp            0000000000416B3D  Unknown               Unknown  Unknown
libc-2.31.so       00007F61B9E3E24D  __libc_start_main     Unknown  Unknown
mainApp            0000000000416A6A  Unknown               Unknown  Unknown
srun: error: c5n0536: task 0: Killed
srun: Force Terminated StepId=135074579.386
