2024-07-19 04:16:27

mainApp:41254 terminated with signal 11 at PC=43c2c3 SP=7ffe34d596a0.  Backtrace:

mainApp:41256 terminated with signal 11 at PC=43c272 SP=7fff23110620.  Backtrace:
/tmp/intel_2023.1.0-oneAPI_mpi_O_feature_smm_store_search/nuopc-app-prototypes/SingleModelProto/./mainApp[0x43c2c3]
/tmp/intel_2023.1.0-oneAPI_mpi_O_feature_smm_store_search/nuopc-app-prototypes/SingleModelProto/./mainApp[0x43d270]
/tmp/intel_2023.1.0-oneAPI_mpi_O_feature_smm_store_search/nuopc-app-prototypes/SingleModelProto/./mainApp[0x43c415]

mainApp:41255 terminated with signal 11 at PC=43c287 SP=7ffec8f21710.  Backtrace:
/tmp/intel_2023.1.0-oneAPI_mpi_O_feature_smm_store_search/nuopc-app-prototypes/SingleModelProto/./mainApp[0x43c272]
/tmp/intel_2023.1.0-oneAPI_mpi_O_feature_smm_store_search/nuopc-app-prototypes/SingleModelProto/./mainApp[0x43d270]
/tmp/intel_2023.1.0-oneAPI_mpi_O_feature_smm_store_search/nuopc-app-prototypes/SingleModelProto/./mainApp[0x43c415]
/tmp/intel_2023.1.0-oneAPI_mpi_O_feature_smm_store_search/nuopc-app-prototypes/SingleModelProto/./mainApp[0x43c287]
/tmp/intel_2023.1.0-oneAPI_mpi_O_feature_smm_store_search/nuopc-app-prototypes/SingleModelProto/./mainApp[0x43d270]
/tmp/intel_2023.1.0-oneAPI_mpi_O_feature_smm_store_search/nuopc-app-prototypes/SingleModelProto/./mainApp[0x43c415]
/tmp/intel_2023.1.0-oneAPI_mpi_O_feature_smm_store_search/esmf/DEFAULTINSTALLDIR/lib/libO/Unicos.intel.64.mpi.default/libesmf.so(f_esmf_compcollectgarbage2_+0x2f1)[0x7f011f6a1de1]
/tmp/intel_2023.1.0-oneAPI_mpi_O_feature_smm_store_search/esmf/DEFAULTINSTALLDIR/lib/libO/Unicos.intel.64.mpi.default/libesmf.so(f_esmf_compcollectgarbage2_+0x2f1)[0x7fd80d4b5de1]
/tmp/intel_2023.1.0-oneAPI_mpi_O_feature_smm_store_search/esmf/DEFAULTINSTALLDIR/lib/libO/Unicos.intel.64.mpi.default/libesmf.so(f_esmf_compcollectgarbage2_+0x2f1)[0x7f64a1062de1]
/tmp/intel_2023.1.0-oneAPI_mpi_O_feature_smm_store_search/esmf/DEFAULTINSTALLDIR/lib/libO/Unicos.intel.64.mpi.default/libesmf.so(_ZN5ESMCI2VM8finalizeEP12ESMC_LogicalPi+0x34f)[0x7f011f4fae7f]
/tmp/intel_2023.1.0-oneAPI_mpi_O_feature_smm_store_search/esmf/DEFAULTINSTALLDIR/lib/libO/Unicos.intel.64.mpi.default/libesmf.so(_ZN5ESMCI2VM8finalizeEP12ESMC_LogicalPi+0x34f)[0x7fd80d30ee7f]
/tmp/intel_2023.1.0-oneAPI_mpi_O_feature_smm_store_search/esmf/DEFAULTINSTALLDIR/lib/libO/Unicos.intel.64.mpi.default/libesmf.so(_ZN5ESMCI2VM8finalizeEP12ESMC_LogicalPi+0x34f)[0x7f64a0ebbe7f]
/tmp/intel_2023.1.0-oneAPI_mpi_O_feature_smm_store_search/esmf/DEFAULTINSTALLDIR/lib/libO/Unicos.intel.64.mpi.default/libesmf.so(c_esmc_vmfinalize_+0x25)[0x7f011f4d8de5]
/tmp/intel_2023.1.0-oneAPI_mpi_O_feature_smm_store_search/esmf/DEFAULTINSTALLDIR/lib/libO/Unicos.intel.64.mpi.default/libesmf.so(c_esmc_vmfinalize_+0x25)[0x7fd80d2ecde5]
/tmp/intel_2023.1.0-oneAPI_mpi_O_feature_smm_store_search/esmf/DEFAULTINSTALLDIR/lib/libO/Unicos.intel.64.mpi.default/libesmf.so(c_esmc_vmfinalize_+0x25)[0x7f64a0e99de5]
/tmp/intel_2023.1.0-oneAPI_mpi_O_feature_smm_store_search/esmf/DEFAULTINSTALLDIR/lib/libO/Unicos.intel.64.mpi.default/libesmf.so(esmf_vmmod_mp_esmf_vmfinalize_+0x1c)[0x7f011fbf689c]
/tmp/intel_2023.1.0-oneAPI_mpi_O_feature_smm_store_search/esmf/DEFAULTINSTALLDIR/lib/libO/Unicos.intel.64.mpi.default/libesmf.so(esmf_vmmod_mp_esmf_vmfinalize_+0x1c)[0x7fd80da0a89c]
/tmp/intel_2023.1.0-oneAPI_mpi_O_feature_smm_store_search/esmf/DEFAULTINSTALLDIR/lib/libO/Unicos.intel.64.mpi.default/libesmf.so(esmf_vmmod_mp_esmf_vmfinalize_+0x1c)[0x7f64a15b789c]
/tmp/intel_2023.1.0-oneAPI_mpi_O_feature_smm_store_search/esmf/DEFAULTINSTALLDIR/lib/libO/Unicos.intel.64.mpi.default/libesmf.so(esmf_initmod_mp_esmf_finalize_+0x66b)[0x7f011f9feccb]
/tmp/intel_2023.1.0-oneAPI_mpi_O_feature_smm_store_search/nuopc-app-prototypes/SingleModelProto/./mainApp[0x4164d5]
/tmp/intel_2023.1.0-oneAPI_mpi_O_feature_smm_store_search/nuopc-app-prototypes/SingleModelProto/./mainApp[0x415ebd]
/lib64/libc.so.6(__libc_start_main+0xef)[0x7f011a83e24d]
/tmp/intel_2023.1.0-oneAPI_mpi_O_feature_smm_store_search/nuopc-app-prototypes/SingleModelProto/./mainApp[0x415dea]
/tmp/intel_2023.1.0-oneAPI_mpi_O_feature_smm_store_search/esmf/DEFAULTINSTALLDIR/lib/libO/Unicos.intel.64.mpi.default/libesmf.so(esmf_initmod_mp_esmf_finalize_+0x66b)[0x7fd80d812ccb]
/tmp/intel_2023.1.0-oneAPI_mpi_O_feature_smm_store_search/nuopc-app-prototypes/SingleModelProto/./mainApp[0x4164d5]
/tmp/intel_2023.1.0-oneAPI_mpi_O_feature_smm_store_search/nuopc-app-prototypes/SingleModelProto/./mainApp[0x415ebd]
/lib64/libc.so.6(__libc_start_main+0xef)[0x7fd80863e24d]
/tmp/intel_2023.1.0-oneAPI_mpi_O_feature_smm_store_search/nuopc-app-prototypes/SingleModelProto/./mainApp[0x415dea]
/tmp/intel_2023.1.0-oneAPI_mpi_O_feature_smm_store_search/esmf/DEFAULTINSTALLDIR/lib/libO/Unicos.intel.64.mpi.default/libesmf.so(esmf_initmod_mp_esmf_finalize_+0x66b)[0x7f64a13bfccb]
/tmp/intel_2023.1.0-oneAPI_mpi_O_feature_smm_store_search/nuopc-app-prototypes/SingleModelProto/./mainApp[0x4164d5]
/tmp/intel_2023.1.0-oneAPI_mpi_O_feature_smm_store_search/nuopc-app-prototypes/SingleModelProto/./mainApp[0x415ebd]
/lib64/libc.so.6(__libc_start_main+0xef)[0x7f649c23e24d]
/tmp/intel_2023.1.0-oneAPI_mpi_O_feature_smm_store_search/nuopc-app-prototypes/SingleModelProto/./mainApp[0x415dea]
srun: error: c5n1360: tasks 1-3: Exited with exit code 1
srun: Terminating StepId=135076456.389
slurmstepd: error: *** STEP 135076456.389 ON c5n1360 CANCELLED AT 2024-07-19T04:44:25 ***
forrtl: error (78): process killed (SIGTERM)
Image              PC                Routine            Line        Source             
libpthread-2.31.s  00007FEAC1726910  Unknown               Unknown  Unknown
libc-2.31.so       00007FEABD905B57  __sched_yield         Unknown  Unknown
libmpi_intel.so.1  00007FEABF501ADE  Unknown               Unknown  Unknown
libmpi_intel.so.1  00007FEAC029DA16  Unknown               Unknown  Unknown
libmpi_intel.so.1  00007FEAC02B0169  Unknown               Unknown  Unknown
libmpi_intel.so.1  00007FEAC01B858C  Unknown               Unknown  Unknown
libmpi_intel.so.1  00007FEABE7A3D11  Unknown               Unknown  Unknown
libmpi_intel.so.1  00007FEABE7A3EF5  Unknown               Unknown  Unknown
libmpi_intel.so.1  00007FEAC049D5F0  Unknown               Unknown  Unknown
libmpi_intel.so.1  00007FEAC02DD0FC  Unknown               Unknown  Unknown
libmpi_intel.so.1  00007FEAC02DB00C  Unknown               Unknown  Unknown
libmpi_intel.so.1  00007FEABEA67C01  Unknown               Unknown  Unknown
libmpi_intel.so.1  00007FEAC02DF380  Unknown               Unknown  Unknown
libmpi_intel.so.1  00007FEAC049E3D3  Unknown               Unknown  Unknown
libmpi_intel.so.1  00007FEABE891200  Unknown               Unknown  Unknown
libmpi_intel.so.1  00007FEABE89173F  PMPI_Barrier          Unknown  Unknown
libdarshan.so.0.0  00007FEAC14095A7  darshan_core_shut     Unknown  Unknown
libdarshan.so.0.0  00007FEAC140823E  MPI_Finalize          Unknown  Unknown
libesmf.so         00007FEAC24D213F  _ZN5ESMCI3VMK8fin     Unknown  Unknown
libesmf.so         00007FEAC24EEF72  _ZN5ESMCI2VM8fina     Unknown  Unknown
libesmf.so         00007FEAC24CCDE5  c_esmc_vmfinalize     Unknown  Unknown
libesmf.so         00007FEAC2BEA89C  esmf_vmmod_mp_esm     Unknown  Unknown
libesmf.so         00007FEAC29F2CCB  esmf_initmod_mp_e     Unknown  Unknown
mainApp            00000000004164D5  Unknown               Unknown  Unknown
mainApp            0000000000415EBD  Unknown               Unknown  Unknown
libc-2.31.so       00007FEABD83E24D  __libc_start_main     Unknown  Unknown
mainApp            0000000000415DEA  Unknown               Unknown  Unknown
srun: error: c5n1360: task 0: Killed
srun: Force Terminated StepId=135076456.389
