2024-07-19 04:16:27

mainApp:41357 terminated with signal 11 at PC=43d871 SP=7ffe8fc26600.  Backtrace:
/tmp/intel_2023.1.0-oneAPI_mpi_O_feature_smm_store_search/nuopc-app-prototypes/SingleModelOpenMPProto/./mainApp[0x43d871]
/tmp/intel_2023.1.0-oneAPI_mpi_O_feature_smm_store_search/nuopc-app-prototypes/SingleModelOpenMPProto/./mainApp[0x43e830]
/tmp/intel_2023.1.0-oneAPI_mpi_O_feature_smm_store_search/nuopc-app-prototypes/SingleModelOpenMPProto/./mainApp[0x43d9d5]
/tmp/intel_2023.1.0-oneAPI_mpi_O_feature_smm_store_search/esmf/DEFAULTINSTALLDIR/lib/libO/Unicos.intel.64.mpi.default/libesmf.so(f_esmf_compcollectgarbage2_+0x2f1)[0x7fd7be9a9de1]
/tmp/intel_2023.1.0-oneAPI_mpi_O_feature_smm_store_search/esmf/DEFAULTINSTALLDIR/lib/libO/Unicos.intel.64.mpi.default/libesmf.so(_ZN5ESMCI2VM8finalizeEP12ESMC_LogicalPi+0x34f)[0x7fd7be802e7f]

mainApp:41358 terminated with signal 11 at PC=43d883 SP=7fffcda9d8e0.  Backtrace:

mainApp:41359 terminated with signal 11 at PC=43d830 SP=7ffdc5dc22c0.  Backtrace:
/tmp/intel_2023.1.0-oneAPI_mpi_O_feature_smm_store_search/nuopc-app-prototypes/SingleModelOpenMPProto/./mainApp[0x43d830]
/tmp/intel_2023.1.0-oneAPI_mpi_O_feature_smm_store_search/nuopc-app-prototypes/SingleModelOpenMPProto/./mainApp[0x43d883]
/tmp/intel_2023.1.0-oneAPI_mpi_O_feature_smm_store_search/nuopc-app-prototypes/SingleModelOpenMPProto/./mainApp[0x43e830]
/tmp/intel_2023.1.0-oneAPI_mpi_O_feature_smm_store_search/nuopc-app-prototypes/SingleModelOpenMPProto/./mainApp[0x43d9d5]
/tmp/intel_2023.1.0-oneAPI_mpi_O_feature_smm_store_search/nuopc-app-prototypes/SingleModelOpenMPProto/./mainApp[0x43e830]
/tmp/intel_2023.1.0-oneAPI_mpi_O_feature_smm_store_search/nuopc-app-prototypes/SingleModelOpenMPProto/./mainApp[0x43d9d5]
/tmp/intel_2023.1.0-oneAPI_mpi_O_feature_smm_store_search/esmf/DEFAULTINSTALLDIR/lib/libO/Unicos.intel.64.mpi.default/libesmf.so(c_esmc_vmfinalize_+0x25)[0x7fd7be7e0de5]
/tmp/intel_2023.1.0-oneAPI_mpi_O_feature_smm_store_search/esmf/DEFAULTINSTALLDIR/lib/libO/Unicos.intel.64.mpi.default/libesmf.so(f_esmf_compcollectgarbage2_+0x2f1)[0x7fea81423de1]
/tmp/intel_2023.1.0-oneAPI_mpi_O_feature_smm_store_search/esmf/DEFAULTINSTALLDIR/lib/libO/Unicos.intel.64.mpi.default/libesmf.so(f_esmf_compcollectgarbage2_+0x2f1)[0x7fef4a66cde1]
/tmp/intel_2023.1.0-oneAPI_mpi_O_feature_smm_store_search/esmf/DEFAULTINSTALLDIR/lib/libO/Unicos.intel.64.mpi.default/libesmf.so(esmf_vmmod_mp_esmf_vmfinalize_+0x1c)[0x7fd7beefe89c]
/tmp/intel_2023.1.0-oneAPI_mpi_O_feature_smm_store_search/esmf/DEFAULTINSTALLDIR/lib/libO/Unicos.intel.64.mpi.default/libesmf.so(_ZN5ESMCI2VM8finalizeEP12ESMC_LogicalPi+0x34f)[0x7fea8127ce7f]
/tmp/intel_2023.1.0-oneAPI_mpi_O_feature_smm_store_search/esmf/DEFAULTINSTALLDIR/lib/libO/Unicos.intel.64.mpi.default/libesmf.so(_ZN5ESMCI2VM8finalizeEP12ESMC_LogicalPi+0x34f)[0x7fef4a4c5e7f]
/tmp/intel_2023.1.0-oneAPI_mpi_O_feature_smm_store_search/esmf/DEFAULTINSTALLDIR/lib/libO/Unicos.intel.64.mpi.default/libesmf.so(esmf_initmod_mp_esmf_finalize_+0x66b)[0x7fd7bed06ccb]
/tmp/intel_2023.1.0-oneAPI_mpi_O_feature_smm_store_search/nuopc-app-prototypes/SingleModelOpenMPProto/./mainApp[0x416e1e]
/tmp/intel_2023.1.0-oneAPI_mpi_O_feature_smm_store_search/nuopc-app-prototypes/SingleModelOpenMPProto/./mainApp[0x41677d]
/lib64/libc.so.6(__libc_start_main+0xef)[0x7fd7b983e24d]
/tmp/intel_2023.1.0-oneAPI_mpi_O_feature_smm_store_search/nuopc-app-prototypes/SingleModelOpenMPProto/./mainApp[0x4166aa]
/tmp/intel_2023.1.0-oneAPI_mpi_O_feature_smm_store_search/esmf/DEFAULTINSTALLDIR/lib/libO/Unicos.intel.64.mpi.default/libesmf.so(c_esmc_vmfinalize_+0x25)[0x7fea8125ade5]
/tmp/intel_2023.1.0-oneAPI_mpi_O_feature_smm_store_search/esmf/DEFAULTINSTALLDIR/lib/libO/Unicos.intel.64.mpi.default/libesmf.so(c_esmc_vmfinalize_+0x25)[0x7fef4a4a3de5]
/tmp/intel_2023.1.0-oneAPI_mpi_O_feature_smm_store_search/esmf/DEFAULTINSTALLDIR/lib/libO/Unicos.intel.64.mpi.default/libesmf.so(esmf_vmmod_mp_esmf_vmfinalize_+0x1c)[0x7fea8197889c]
/tmp/intel_2023.1.0-oneAPI_mpi_O_feature_smm_store_search/esmf/DEFAULTINSTALLDIR/lib/libO/Unicos.intel.64.mpi.default/libesmf.so(esmf_vmmod_mp_esmf_vmfinalize_+0x1c)[0x7fef4abc189c]
/tmp/intel_2023.1.0-oneAPI_mpi_O_feature_smm_store_search/esmf/DEFAULTINSTALLDIR/lib/libO/Unicos.intel.64.mpi.default/libesmf.so(esmf_initmod_mp_esmf_finalize_+0x66b)[0x7fea81780ccb]
/tmp/intel_2023.1.0-oneAPI_mpi_O_feature_smm_store_search/nuopc-app-prototypes/SingleModelOpenMPProto/./mainApp[0x416e1e]
/tmp/intel_2023.1.0-oneAPI_mpi_O_feature_smm_store_search/nuopc-app-prototypes/SingleModelOpenMPProto/./mainApp[0x41677d]
/lib64/libc.so.6(__libc_start_main+0xef)[0x7fea7c23e24d]
/tmp/intel_2023.1.0-oneAPI_mpi_O_feature_smm_store_search/nuopc-app-prototypes/SingleModelOpenMPProto/./mainApp[0x4166aa]
/tmp/intel_2023.1.0-oneAPI_mpi_O_feature_smm_store_search/esmf/DEFAULTINSTALLDIR/lib/libO/Unicos.intel.64.mpi.default/libesmf.so(esmf_initmod_mp_esmf_finalize_+0x66b)[0x7fef4a9c9ccb]
/tmp/intel_2023.1.0-oneAPI_mpi_O_feature_smm_store_search/nuopc-app-prototypes/SingleModelOpenMPProto/./mainApp[0x416e1e]
/tmp/intel_2023.1.0-oneAPI_mpi_O_feature_smm_store_search/nuopc-app-prototypes/SingleModelOpenMPProto/./mainApp[0x41677d]
/lib64/libc.so.6(__libc_start_main+0xef)[0x7fef4543e24d]
/tmp/intel_2023.1.0-oneAPI_mpi_O_feature_smm_store_search/nuopc-app-prototypes/SingleModelOpenMPProto/./mainApp[0x4166aa]
srun: error: c5n1360: tasks 1-3: Exited with exit code 1
srun: Terminating StepId=135076456.390
slurmstepd: error: *** STEP 135076456.390 ON c5n1360 CANCELLED AT 2024-07-19T04:44:57 ***
forrtl: error (78): process killed (SIGTERM)
Image              PC                Routine            Line        Source             
libpthread-2.31.s  00007F4639ACC910  Unknown               Unknown  Unknown
libc-2.31.so       00007F4635F05B57  __sched_yield         Unknown  Unknown
libmpi_intel.so.1  00007F4637B01ADE  Unknown               Unknown  Unknown
libmpi_intel.so.1  00007F463889DA16  Unknown               Unknown  Unknown
libmpi_intel.so.1  00007F46388B0169  Unknown               Unknown  Unknown
libmpi_intel.so.1  00007F46387B858C  Unknown               Unknown  Unknown
libmpi_intel.so.1  00007F4636DA3D11  Unknown               Unknown  Unknown
libmpi_intel.so.1  00007F4636DA3EF5  Unknown               Unknown  Unknown
libmpi_intel.so.1  00007F4638A9D5F0  Unknown               Unknown  Unknown
libmpi_intel.so.1  00007F46388DD0FC  Unknown               Unknown  Unknown
libmpi_intel.so.1  00007F46388DB00C  Unknown               Unknown  Unknown
libmpi_intel.so.1  00007F4637067C01  Unknown               Unknown  Unknown
libmpi_intel.so.1  00007F46388DF380  Unknown               Unknown  Unknown
libmpi_intel.so.1  00007F4638A9E3D3  Unknown               Unknown  Unknown
libmpi_intel.so.1  00007F4636E91200  Unknown               Unknown  Unknown
libmpi_intel.so.1  00007F4636E9173F  PMPI_Barrier          Unknown  Unknown
libdarshan.so.0.0  00007F4639E095A7  darshan_core_shut     Unknown  Unknown
libdarshan.so.0.0  00007F4639E0823E  MPI_Finalize          Unknown  Unknown
libesmf.so         00007F463ADE313F  _ZN5ESMCI3VMK8fin     Unknown  Unknown
libesmf.so         00007F463ADFFF72  _ZN5ESMCI2VM8fina     Unknown  Unknown
libesmf.so         00007F463ADDDDE5  c_esmc_vmfinalize     Unknown  Unknown
libesmf.so         00007F463B4FB89C  esmf_vmmod_mp_esm     Unknown  Unknown
libesmf.so         00007F463B303CCB  esmf_initmod_mp_e     Unknown  Unknown
mainApp            0000000000416E1E  Unknown               Unknown  Unknown
mainApp            000000000041677D  Unknown               Unknown  Unknown
libc-2.31.so       00007F4635E3E24D  __libc_start_main     Unknown  Unknown
mainApp            00000000004166AA  Unknown               Unknown  Unknown
srun: error: c5n1360: task 0: Killed
srun: Force Terminated StepId=135076456.390
