2024-07-24 02:29:33
20240724 024519.425 INFO             PET0 !!!!!!!!!!!!!!!!!!!!!!!!!!!!!!!!!!!!!!!!!!!!!!!!!!!!!!
20240724 024519.425 INFO             PET0 !!! THE ESMF_LOG IS SET TO OUTPUT ALL LOG MESSAGES !!!
20240724 024519.425 INFO             PET0 !!!     THIS MAY CAUSE SLOWDOWN IN PERFORMANCE     !!!
20240724 024519.425 INFO             PET0 !!! FOR PRODUCTION RUNS, USE:                      !!!
20240724 024519.425 INFO             PET0 !!!                   ESMF_LOGKIND_Multi_On_Error  !!!
20240724 024519.425 INFO             PET0 !!!!!!!!!!!!!!!!!!!!!!!!!!!!!!!!!!!!!!!!!!!!!!!!!!!!!!
20240724 024519.425 INFO             PET0 Running with ESMF Version   : v8.7.0b09-5-g5845ab67f6
20240724 024519.425 INFO             PET0 ESMF library build date/time: "Jul 24 2024" "02:28:39"
20240724 024519.425 INFO             PET0 ESMF library build location : /discover/nobackup/projects/sbu/mpotts/esmf-test/gfortran_8.3.0_mpiuni_O_feature_numa/esmf
20240724 024519.425 INFO             PET0 ESMF_COMM                   : mpiuni
20240724 024519.426 INFO             PET0 ESMF_MOAB                   : enabled
20240724 024519.426 INFO             PET0 ESMF_LAPACK                 : enabled
20240724 024519.426 INFO             PET0 ESMF_NETCDF                 : disabled
20240724 024519.426 INFO             PET0 ESMF_PNETCDF                : disabled
20240724 024519.426 INFO             PET0 ESMF_PIO                    : disabled
20240724 024519.426 INFO             PET0 ESMF_YAMLCPP                : enabled
20240724 024519.427 INFO             PET0 ESMF_FieldRedistStoreNF(): Just entered routine.
20240724 024519.530 INFO             PET0 ESMF_FieldRedistStoreNF(): Leaving routine.
20240724 024519.563 INFO             PET0  NUMBER_OF_PROCESSORS           1
20240724 024519.563 INFO             PET0  PASS  Example ESMF_RHandleFromFileEx, ESMF_RHandleFromFileEx.F90, line 192
20240724 024519.563 INFO             PET0  Finalizing ESMF
