2024-08-01 04:12:59
20240801 043653.063 INFO             PET0 !!!!!!!!!!!!!!!!!!!!!!!!!!!!!!!!!!!!!!!!!!!!!!!!!!!!!!
20240801 043653.063 INFO             PET0 !!! THE ESMF_LOG IS SET TO OUTPUT ALL LOG MESSAGES !!!
20240801 043653.063 INFO             PET0 !!!     THIS MAY CAUSE SLOWDOWN IN PERFORMANCE     !!!
20240801 043653.063 INFO             PET0 !!! FOR PRODUCTION RUNS, USE:                      !!!
20240801 043653.063 INFO             PET0 !!!                   ESMF_LOGKIND_Multi_On_Error  !!!
20240801 043653.063 INFO             PET0 !!!!!!!!!!!!!!!!!!!!!!!!!!!!!!!!!!!!!!!!!!!!!!!!!!!!!!
20240801 043653.063 INFO             PET0 Running with ESMF Version   : v8.7.0b10-21-g6127c6256e
20240801 043653.063 INFO             PET0 ESMF library build date/time: "Aug  1 2024" "04:12:04"
20240801 043653.063 INFO             PET0 ESMF library build location : /tmp/intel_2023.1.0-oneAPI_mpi_O_nrl_work-esmx/esmf
20240801 043653.063 INFO             PET0 ESMF_COMM                   : mpi
20240801 043653.063 INFO             PET0 ESMF_MOAB                   : enabled
20240801 043653.063 INFO             PET0 ESMF_LAPACK                 : enabled
20240801 043653.063 INFO             PET0 ESMF_NETCDF                 : enabled
20240801 043653.063 INFO             PET0 ESMF_PNETCDF                : disabled
20240801 043653.063 INFO             PET0 ESMF_PIO                    : enabled
20240801 043653.063 INFO             PET0 ESMF_YAMLCPP                : enabled
20240801 043653.093 DEBUG            PET0 about to destroy Grid: 0x68fb80
20240801 043653.096 DEBUG            PET0 about to destroy Grid: 0x692e30
20240801 043653.104 INFO             PET0  NUMBER_OF_PROCESSORS           4
20240801 043653.104 INFO             PET0  PASS  Example ESMF_NUOPCAtmModelEx, ESMF_NUOPCAtmModelEx.F90, line 806
20240801 043653.104 INFO             PET0  Finalizing ESMF
20240801 043653.063 INFO             PET1 !!!!!!!!!!!!!!!!!!!!!!!!!!!!!!!!!!!!!!!!!!!!!!!!!!!!!!
20240801 043653.063 INFO             PET1 !!! THE ESMF_LOG IS SET TO OUTPUT ALL LOG MESSAGES !!!
20240801 043653.063 INFO             PET1 !!!     THIS MAY CAUSE SLOWDOWN IN PERFORMANCE     !!!
20240801 043653.063 INFO             PET1 !!! FOR PRODUCTION RUNS, USE:                      !!!
20240801 043653.063 INFO             PET1 !!!                   ESMF_LOGKIND_Multi_On_Error  !!!
20240801 043653.063 INFO             PET1 !!!!!!!!!!!!!!!!!!!!!!!!!!!!!!!!!!!!!!!!!!!!!!!!!!!!!!
20240801 043653.063 INFO             PET1 Running with ESMF Version   : v8.7.0b10-21-g6127c6256e
20240801 043653.063 INFO             PET1 ESMF library build date/time: "Aug  1 2024" "04:12:04"
20240801 043653.063 INFO             PET1 ESMF library build location : /tmp/intel_2023.1.0-oneAPI_mpi_O_nrl_work-esmx/esmf
20240801 043653.063 INFO             PET1 ESMF_COMM                   : mpi
20240801 043653.063 INFO             PET1 ESMF_MOAB                   : enabled
20240801 043653.063 INFO             PET1 ESMF_LAPACK                 : enabled
20240801 043653.063 INFO             PET1 ESMF_NETCDF                 : enabled
20240801 043653.063 INFO             PET1 ESMF_PNETCDF                : disabled
20240801 043653.063 INFO             PET1 ESMF_PIO                    : enabled
20240801 043653.063 INFO             PET1 ESMF_YAMLCPP                : enabled
20240801 043653.093 DEBUG            PET1 about to destroy Grid: 0x68ebb0
20240801 043653.096 DEBUG            PET1 about to destroy Grid: 0x68fc20
20240801 043653.104 INFO             PET1  NUMBER_OF_PROCESSORS           4
20240801 043653.104 INFO             PET1  PASS  Example ESMF_NUOPCAtmModelEx, ESMF_NUOPCAtmModelEx.F90, line 806
20240801 043653.104 INFO             PET1  Finalizing ESMF
20240801 043653.063 INFO             PET2 !!!!!!!!!!!!!!!!!!!!!!!!!!!!!!!!!!!!!!!!!!!!!!!!!!!!!!
20240801 043653.063 INFO             PET2 !!! THE ESMF_LOG IS SET TO OUTPUT ALL LOG MESSAGES !!!
20240801 043653.063 INFO             PET2 !!!     THIS MAY CAUSE SLOWDOWN IN PERFORMANCE     !!!
20240801 043653.063 INFO             PET2 !!! FOR PRODUCTION RUNS, USE:                      !!!
20240801 043653.063 INFO             PET2 !!!                   ESMF_LOGKIND_Multi_On_Error  !!!
20240801 043653.063 INFO             PET2 !!!!!!!!!!!!!!!!!!!!!!!!!!!!!!!!!!!!!!!!!!!!!!!!!!!!!!
20240801 043653.063 INFO             PET2 Running with ESMF Version   : v8.7.0b10-21-g6127c6256e
20240801 043653.063 INFO             PET2 ESMF library build date/time: "Aug  1 2024" "04:12:04"
20240801 043653.063 INFO             PET2 ESMF library build location : /tmp/intel_2023.1.0-oneAPI_mpi_O_nrl_work-esmx/esmf
20240801 043653.063 INFO             PET2 ESMF_COMM                   : mpi
20240801 043653.063 INFO             PET2 ESMF_MOAB                   : enabled
20240801 043653.063 INFO             PET2 ESMF_LAPACK                 : enabled
20240801 043653.063 INFO             PET2 ESMF_NETCDF                 : enabled
20240801 043653.063 INFO             PET2 ESMF_PNETCDF                : disabled
20240801 043653.063 INFO             PET2 ESMF_PIO                    : enabled
20240801 043653.063 INFO             PET2 ESMF_YAMLCPP                : enabled
20240801 043653.093 DEBUG            PET2 about to destroy Grid: 0x68ec00
20240801 043653.096 DEBUG            PET2 about to destroy Grid: 0x68fc70
20240801 043653.104 INFO             PET2  NUMBER_OF_PROCESSORS           4
20240801 043653.104 INFO             PET2  PASS  Example ESMF_NUOPCAtmModelEx, ESMF_NUOPCAtmModelEx.F90, line 806
20240801 043653.104 INFO             PET2  Finalizing ESMF
20240801 043653.063 INFO             PET3 !!!!!!!!!!!!!!!!!!!!!!!!!!!!!!!!!!!!!!!!!!!!!!!!!!!!!!
20240801 043653.063 INFO             PET3 !!! THE ESMF_LOG IS SET TO OUTPUT ALL LOG MESSAGES !!!
20240801 043653.063 INFO             PET3 !!!     THIS MAY CAUSE SLOWDOWN IN PERFORMANCE     !!!
20240801 043653.063 INFO             PET3 !!! FOR PRODUCTION RUNS, USE:                      !!!
20240801 043653.063 INFO             PET3 !!!                   ESMF_LOGKIND_Multi_On_Error  !!!
20240801 043653.063 INFO             PET3 !!!!!!!!!!!!!!!!!!!!!!!!!!!!!!!!!!!!!!!!!!!!!!!!!!!!!!
20240801 043653.063 INFO             PET3 Running with ESMF Version   : v8.7.0b10-21-g6127c6256e
20240801 043653.063 INFO             PET3 ESMF library build date/time: "Aug  1 2024" "04:12:04"
20240801 043653.063 INFO             PET3 ESMF library build location : /tmp/intel_2023.1.0-oneAPI_mpi_O_nrl_work-esmx/esmf
20240801 043653.063 INFO             PET3 ESMF_COMM                   : mpi
20240801 043653.063 INFO             PET3 ESMF_MOAB                   : enabled
20240801 043653.063 INFO             PET3 ESMF_LAPACK                 : enabled
20240801 043653.063 INFO             PET3 ESMF_NETCDF                 : enabled
20240801 043653.063 INFO             PET3 ESMF_PNETCDF                : disabled
20240801 043653.063 INFO             PET3 ESMF_PIO                    : enabled
20240801 043653.063 INFO             PET3 ESMF_YAMLCPP                : enabled
20240801 043653.093 DEBUG            PET3 about to destroy Grid: 0x68e810
20240801 043653.096 DEBUG            PET3 about to destroy Grid: 0x68f8c0
20240801 043653.104 INFO             PET3  NUMBER_OF_PROCESSORS           4
20240801 043653.104 INFO             PET3  PASS  Example ESMF_NUOPCAtmModelEx, ESMF_NUOPCAtmModelEx.F90, line 806
20240801 043653.104 INFO             PET3  Finalizing ESMF
