2024-07-30 04:00:34
20240730 042647.127 INFO             PET0 !!!!!!!!!!!!!!!!!!!!!!!!!!!!!!!!!!!!!!!!!!!!!!!!!!!!!!
20240730 042647.128 INFO             PET0 !!! THE ESMF_LOG IS SET TO OUTPUT ALL LOG MESSAGES !!!
20240730 042647.128 INFO             PET0 !!!     THIS MAY CAUSE SLOWDOWN IN PERFORMANCE     !!!
20240730 042647.128 INFO             PET0 !!! FOR PRODUCTION RUNS, USE:                      !!!
20240730 042647.128 INFO             PET0 !!!                   ESMF_LOGKIND_Multi_On_Error  !!!
20240730 042647.128 INFO             PET0 !!!!!!!!!!!!!!!!!!!!!!!!!!!!!!!!!!!!!!!!!!!!!!!!!!!!!!
20240730 042647.128 INFO             PET0 Running with ESMF Version   : v8.7.0b10-23-ge8332f8778
20240730 042647.128 INFO             PET0 ESMF library build date/time: "Jul 30 2024" "03:59:22"
20240730 042647.128 INFO             PET0 ESMF library build location : /tmp/gfortran_12.2.0_mpi_g_develop/esmf
20240730 042647.128 INFO             PET0 ESMF_COMM                   : mpi
20240730 042647.128 INFO             PET0 ESMF_MOAB                   : enabled
20240730 042647.128 INFO             PET0 ESMF_LAPACK                 : enabled
20240730 042647.128 INFO             PET0 ESMF_NETCDF                 : enabled
20240730 042647.128 INFO             PET0 ESMF_PNETCDF                : disabled
20240730 042647.128 INFO             PET0 ESMF_PIO                    : enabled
20240730 042647.128 INFO             PET0 ESMF_YAMLCPP                : enabled
20240730 042647.137 INFO             PET0 ESMF_FieldRedistStoreNF(): Just entered routine.
20240730 042647.490 INFO             PET0 ESMF_FieldRedistStoreNF(): Leaving routine.
20240730 042647.494 INFO             PET0  NUMBER_OF_PROCESSORS           4
20240730 042647.494 INFO             PET0  PASS  Example ESMF_RHandleFromRHandleEx, ESMF_RHandleFromRHandleEx.F90, line 660
20240730 042647.494 INFO             PET0  Finalizing ESMF
20240730 042647.127 INFO             PET1 !!!!!!!!!!!!!!!!!!!!!!!!!!!!!!!!!!!!!!!!!!!!!!!!!!!!!!
20240730 042647.128 INFO             PET1 !!! THE ESMF_LOG IS SET TO OUTPUT ALL LOG MESSAGES !!!
20240730 042647.128 INFO             PET1 !!!     THIS MAY CAUSE SLOWDOWN IN PERFORMANCE     !!!
20240730 042647.128 INFO             PET1 !!! FOR PRODUCTION RUNS, USE:                      !!!
20240730 042647.128 INFO             PET1 !!!                   ESMF_LOGKIND_Multi_On_Error  !!!
20240730 042647.128 INFO             PET1 !!!!!!!!!!!!!!!!!!!!!!!!!!!!!!!!!!!!!!!!!!!!!!!!!!!!!!
20240730 042647.128 INFO             PET1 Running with ESMF Version   : v8.7.0b10-23-ge8332f8778
20240730 042647.128 INFO             PET1 ESMF library build date/time: "Jul 30 2024" "03:59:22"
20240730 042647.128 INFO             PET1 ESMF library build location : /tmp/gfortran_12.2.0_mpi_g_develop/esmf
20240730 042647.128 INFO             PET1 ESMF_COMM                   : mpi
20240730 042647.128 INFO             PET1 ESMF_MOAB                   : enabled
20240730 042647.128 INFO             PET1 ESMF_LAPACK                 : enabled
20240730 042647.128 INFO             PET1 ESMF_NETCDF                 : enabled
20240730 042647.128 INFO             PET1 ESMF_PNETCDF                : disabled
20240730 042647.128 INFO             PET1 ESMF_PIO                    : enabled
20240730 042647.128 INFO             PET1 ESMF_YAMLCPP                : enabled
20240730 042647.137 INFO             PET1 ESMF_FieldRedistStoreNF(): Just entered routine.
20240730 042647.490 INFO             PET1 ESMF_FieldRedistStoreNF(): Leaving routine.
20240730 042647.494 INFO             PET1  NUMBER_OF_PROCESSORS           4
20240730 042647.494 INFO             PET1  PASS  Example ESMF_RHandleFromRHandleEx, ESMF_RHandleFromRHandleEx.F90, line 660
20240730 042647.494 INFO             PET1  Finalizing ESMF
20240730 042647.127 INFO             PET2 !!!!!!!!!!!!!!!!!!!!!!!!!!!!!!!!!!!!!!!!!!!!!!!!!!!!!!
20240730 042647.128 INFO             PET2 !!! THE ESMF_LOG IS SET TO OUTPUT ALL LOG MESSAGES !!!
20240730 042647.128 INFO             PET2 !!!     THIS MAY CAUSE SLOWDOWN IN PERFORMANCE     !!!
20240730 042647.128 INFO             PET2 !!! FOR PRODUCTION RUNS, USE:                      !!!
20240730 042647.128 INFO             PET2 !!!                   ESMF_LOGKIND_Multi_On_Error  !!!
20240730 042647.128 INFO             PET2 !!!!!!!!!!!!!!!!!!!!!!!!!!!!!!!!!!!!!!!!!!!!!!!!!!!!!!
20240730 042647.128 INFO             PET2 Running with ESMF Version   : v8.7.0b10-23-ge8332f8778
20240730 042647.128 INFO             PET2 ESMF library build date/time: "Jul 30 2024" "03:59:22"
20240730 042647.128 INFO             PET2 ESMF library build location : /tmp/gfortran_12.2.0_mpi_g_develop/esmf
20240730 042647.128 INFO             PET2 ESMF_COMM                   : mpi
20240730 042647.128 INFO             PET2 ESMF_MOAB                   : enabled
20240730 042647.128 INFO             PET2 ESMF_LAPACK                 : enabled
20240730 042647.128 INFO             PET2 ESMF_NETCDF                 : enabled
20240730 042647.128 INFO             PET2 ESMF_PNETCDF                : disabled
20240730 042647.128 INFO             PET2 ESMF_PIO                    : enabled
20240730 042647.128 INFO             PET2 ESMF_YAMLCPP                : enabled
20240730 042647.137 INFO             PET2 ESMF_FieldRedistStoreNF(): Just entered routine.
20240730 042647.490 INFO             PET2 ESMF_FieldRedistStoreNF(): Leaving routine.
20240730 042647.493 INFO             PET2  NUMBER_OF_PROCESSORS           4
20240730 042647.493 INFO             PET2  PASS  Example ESMF_RHandleFromRHandleEx, ESMF_RHandleFromRHandleEx.F90, line 660
20240730 042647.493 INFO             PET2  Finalizing ESMF
20240730 042647.127 INFO             PET3 !!!!!!!!!!!!!!!!!!!!!!!!!!!!!!!!!!!!!!!!!!!!!!!!!!!!!!
20240730 042647.128 INFO             PET3 !!! THE ESMF_LOG IS SET TO OUTPUT ALL LOG MESSAGES !!!
20240730 042647.128 INFO             PET3 !!!     THIS MAY CAUSE SLOWDOWN IN PERFORMANCE     !!!
20240730 042647.128 INFO             PET3 !!! FOR PRODUCTION RUNS, USE:                      !!!
20240730 042647.128 INFO             PET3 !!!                   ESMF_LOGKIND_Multi_On_Error  !!!
20240730 042647.128 INFO             PET3 !!!!!!!!!!!!!!!!!!!!!!!!!!!!!!!!!!!!!!!!!!!!!!!!!!!!!!
20240730 042647.128 INFO             PET3 Running with ESMF Version   : v8.7.0b10-23-ge8332f8778
20240730 042647.128 INFO             PET3 ESMF library build date/time: "Jul 30 2024" "03:59:22"
20240730 042647.128 INFO             PET3 ESMF library build location : /tmp/gfortran_12.2.0_mpi_g_develop/esmf
20240730 042647.128 INFO             PET3 ESMF_COMM                   : mpi
20240730 042647.128 INFO             PET3 ESMF_MOAB                   : enabled
20240730 042647.128 INFO             PET3 ESMF_LAPACK                 : enabled
20240730 042647.128 INFO             PET3 ESMF_NETCDF                 : enabled
20240730 042647.128 INFO             PET3 ESMF_PNETCDF                : disabled
20240730 042647.128 INFO             PET3 ESMF_PIO                    : enabled
20240730 042647.128 INFO             PET3 ESMF_YAMLCPP                : enabled
20240730 042647.137 INFO             PET3 ESMF_FieldRedistStoreNF(): Just entered routine.
20240730 042647.489 INFO             PET3 ESMF_FieldRedistStoreNF(): Leaving routine.
20240730 042647.494 INFO             PET3  NUMBER_OF_PROCESSORS           4
20240730 042647.494 INFO             PET3  PASS  Example ESMF_RHandleFromRHandleEx, ESMF_RHandleFromRHandleEx.F90, line 660
20240730 042647.494 INFO             PET3  Finalizing ESMF
