2024-07-27 07:27:37
20240727 080838.450 INFO             PET0 !!!!!!!!!!!!!!!!!!!!!!!!!!!!!!!!!!!!!!!!!!!!!!!!!!!!!!
20240727 080838.451 INFO             PET0 !!! THE ESMF_LOG IS SET TO OUTPUT ALL LOG MESSAGES !!!
20240727 080838.451 INFO             PET0 !!!     THIS MAY CAUSE SLOWDOWN IN PERFORMANCE     !!!
20240727 080838.451 INFO             PET0 !!! FOR PRODUCTION RUNS, USE:                      !!!
20240727 080838.451 INFO             PET0 !!!                   ESMF_LOGKIND_Multi_On_Error  !!!
20240727 080838.451 INFO             PET0 !!!!!!!!!!!!!!!!!!!!!!!!!!!!!!!!!!!!!!!!!!!!!!!!!!!!!!
20240727 080838.451 INFO             PET0 Running with ESMF Version   : v8.7.0b09-28-g366ef994ec
20240727 080838.451 INFO             PET0 ESMF library build date/time: "Jul 27 2024" "07:24:41"
20240727 080838.451 INFO             PET0 ESMF library build location : /scratch2/NCEPDEV/stmp1/Gerhard.Theurich/ESMF-Nightly-Testing/intel_2023.2.0_intelmpi_g_develop/esmf
20240727 080838.451 INFO             PET0 ESMF_COMM                   : intelmpi
20240727 080838.452 INFO             PET0 ESMF_MOAB                   : enabled
20240727 080838.452 INFO             PET0 ESMF_LAPACK                 : enabled
20240727 080838.452 INFO             PET0 ESMF_NETCDF                 : enabled
20240727 080838.452 INFO             PET0 ESMF_PNETCDF                : disabled
20240727 080838.452 INFO             PET0 ESMF_PIO                    : enabled
20240727 080838.452 INFO             PET0 ESMF_YAMLCPP                : enabled
20240727 080838.453 INFO             PET0  NUMBER_OF_PROCESSORS           1
20240727 080838.453 INFO             PET0  PASS  Example ESMF_TimeIntervalEx, ESMF_TimeIntervalEx.F90, line 176
20240727 080838.453 INFO             PET0  Finalizing ESMF
