2024-05-20 07:27:18
20240520 081049.515 INFO             PET0 !!!!!!!!!!!!!!!!!!!!!!!!!!!!!!!!!!!!!!!!!!!!!!!!!!!!!!
20240520 081049.515 INFO             PET0 !!! THE ESMF_LOG IS SET TO OUTPUT ALL LOG MESSAGES !!!
20240520 081049.515 INFO             PET0 !!!     THIS MAY CAUSE SLOWDOWN IN PERFORMANCE     !!!
20240520 081049.515 INFO             PET0 !!! FOR PRODUCTION RUNS, USE:                      !!!
20240520 081049.515 INFO             PET0 !!!                   ESMF_LOGKIND_Multi_On_Error  !!!
20240520 081049.515 INFO             PET0 !!!!!!!!!!!!!!!!!!!!!!!!!!!!!!!!!!!!!!!!!!!!!!!!!!!!!!
20240520 081049.515 INFO             PET0 Running with ESMF Version   : v8.7.0b05-86-g6f1fcac0dc
20240520 081049.515 INFO             PET0 ESMF library build date/time: "May 20 2024" "07:24:47"
20240520 081049.515 INFO             PET0 ESMF library build location : /scratch2/NCEPDEV/stmp1/Gerhard.Theurich/ESMF-Nightly-Testing/intel_2023.2.0_intelmpi_g_develop/esmf
20240520 081049.515 INFO             PET0 ESMF_COMM                   : intelmpi
20240520 081049.516 INFO             PET0 ESMF_MOAB                   : enabled
20240520 081049.516 INFO             PET0 ESMF_LAPACK                 : enabled
20240520 081049.516 INFO             PET0 ESMF_NETCDF                 : enabled
20240520 081049.516 INFO             PET0 ESMF_PNETCDF                : disabled
20240520 081049.516 INFO             PET0 ESMF_PIO                    : enabled
20240520 081049.516 INFO             PET0 ESMF_YAMLCPP                : enabled
20240520 081049.527 INFO             PET0  NUMBER_OF_PROCESSORS           1
20240520 081049.528 INFO             PET0  PASS  Example ESMF_XGridSparseMatEx, ESMF_XGridSparseMatEx.F90, line 642
20240520 081049.528 INFO             PET0  Finalizing ESMF
