2024-06-19 07:32:37
20240619 081110.750 INFO             PET0 !!!!!!!!!!!!!!!!!!!!!!!!!!!!!!!!!!!!!!!!!!!!!!!!!!!!!!
20240619 081110.750 INFO             PET0 !!! THE ESMF_LOG IS SET TO OUTPUT ALL LOG MESSAGES !!!
20240619 081110.750 INFO             PET0 !!!     THIS MAY CAUSE SLOWDOWN IN PERFORMANCE     !!!
20240619 081110.750 INFO             PET0 !!! FOR PRODUCTION RUNS, USE:                      !!!
20240619 081110.750 INFO             PET0 !!!                   ESMF_LOGKIND_Multi_On_Error  !!!
20240619 081110.750 INFO             PET0 !!!!!!!!!!!!!!!!!!!!!!!!!!!!!!!!!!!!!!!!!!!!!!!!!!!!!!
20240619 081110.750 INFO             PET0 Running with ESMF Version   : v8.7.0b07-2-ga1ccd5de8a
20240619 081110.750 INFO             PET0 ESMF library build date/time: "Jun 19 2024" "07:30:12"
20240619 081110.750 INFO             PET0 ESMF library build location : /scratch2/NCEPDEV/stmp1/Gerhard.Theurich/ESMF-Nightly-Testing/intel_2023.2.0_intelmpi_g_develop/esmf
20240619 081110.750 INFO             PET0 ESMF_COMM                   : intelmpi
20240619 081110.751 INFO             PET0 ESMF_MOAB                   : enabled
20240619 081110.751 INFO             PET0 ESMF_LAPACK                 : enabled
20240619 081110.751 INFO             PET0 ESMF_NETCDF                 : enabled
20240619 081110.751 INFO             PET0 ESMF_PNETCDF                : disabled
20240619 081110.751 INFO             PET0 ESMF_PIO                    : enabled
20240619 081110.751 INFO             PET0 ESMF_YAMLCPP                : enabled
20240619 081110.753 INFO             PET0  NUMBER_OF_PROCESSORS           1
20240619 081110.753 INFO             PET0  PASS  Example ESMF_AlarmEx, ESMF_AlarmEx.F90, line 244
20240619 081110.753 INFO             PET0  Finalizing ESMF
