2024-07-25 07:38:14
20240725 083234.462 INFO             PET0 !!!!!!!!!!!!!!!!!!!!!!!!!!!!!!!!!!!!!!!!!!!!!!!!!!!!!!
20240725 083234.462 INFO             PET0 !!! THE ESMF_LOG IS SET TO OUTPUT ALL LOG MESSAGES !!!
20240725 083234.462 INFO             PET0 !!!     THIS MAY CAUSE SLOWDOWN IN PERFORMANCE     !!!
20240725 083234.462 INFO             PET0 !!! FOR PRODUCTION RUNS, USE:                      !!!
20240725 083234.462 INFO             PET0 !!!                   ESMF_LOGKIND_Multi_On_Error  !!!
20240725 083234.462 INFO             PET0 !!!!!!!!!!!!!!!!!!!!!!!!!!!!!!!!!!!!!!!!!!!!!!!!!!!!!!
20240725 083234.462 INFO             PET0 Running with ESMF Version   : v8.7.0b09-26-g87e00d02ff
20240725 083234.462 INFO             PET0 ESMF library build date/time: "Jul 25 2024" "07:34:13"
20240725 083234.463 INFO             PET0 ESMF library build location : /scratch2/NCEPDEV/stmp1/Gerhard.Theurich/ESMF-Nightly-Testing/nvhpc_24.1_mpiuni_g_feature_hconfig-extras/esmf
20240725 083234.463 INFO             PET0 ESMF_COMM                   : mpiuni
20240725 083234.463 INFO             PET0 ESMF_MOAB                   : enabled
20240725 083234.463 INFO             PET0 ESMF_LAPACK                 : enabled
20240725 083234.463 INFO             PET0 ESMF_NETCDF                 : disabled
20240725 083234.463 INFO             PET0 ESMF_PNETCDF                : disabled
20240725 083234.463 INFO             PET0 ESMF_PIO                    : disabled
20240725 083234.463 INFO             PET0 ESMF_YAMLCPP                : enabled
20240725 083234.464 ERROR            PET0 ESMCI_State.C:982 ESMCI::State::read() Library needed by ESMF not present  - Internal subroutine call returned Error
20240725 083234.464 ERROR            PET0 ESMF_StateAPI.cppF90:3445 ESMF_StateRead Library needed by ESMF not present  - Internal subroutine call returned Error
20240725 083234.464 INFO             PET0  NUMBER_OF_PROCESSORS            1
20240725 083234.464 INFO             PET0  PASS  Example ESMF_StateReadWriteEx, ESMF_StateReadWriteEx.F90, line 185
20240725 083234.464 INFO             PET0  Finalizing ESMF
