2024-06-15 01:45:32
20240615 021649.158 INFO             PET0 !!!!!!!!!!!!!!!!!!!!!!!!!!!!!!!!!!!!!!!!!!!!!!!!!!!!!!
20240615 021649.158 INFO             PET0 !!! THE ESMF_LOG IS SET TO OUTPUT ALL LOG MESSAGES !!!
20240615 021649.158 INFO             PET0 !!!     THIS MAY CAUSE SLOWDOWN IN PERFORMANCE     !!!
20240615 021649.158 INFO             PET0 !!! FOR PRODUCTION RUNS, USE:                      !!!
20240615 021649.158 INFO             PET0 !!!                   ESMF_LOGKIND_Multi_On_Error  !!!
20240615 021649.158 INFO             PET0 !!!!!!!!!!!!!!!!!!!!!!!!!!!!!!!!!!!!!!!!!!!!!!!!!!!!!!
20240615 021649.158 INFO             PET0 Running with ESMF Version   : v8.7.0b07-2-ga1ccd5de8a
20240615 021649.158 INFO             PET0 ESMF library build date/time: "Jun 15 2024" "01:43:07"
20240615 021649.158 INFO             PET0 ESMF library build location : /glade/derecho/scratch/sacks/esmf-testing/gfortran_12.2.0_pio2.6.2_mpi_g_develop/esmf
20240615 021649.158 INFO             PET0 ESMF_COMM                   : mpi
20240615 021649.162 INFO             PET0 ESMF_MOAB                   : enabled
20240615 021649.162 INFO             PET0 ESMF_LAPACK                 : enabled
20240615 021649.162 INFO             PET0 ESMF_NETCDF                 : enabled
20240615 021649.162 INFO             PET0 ESMF_PNETCDF                : disabled
20240615 021649.162 INFO             PET0 ESMF_PIO                    : enabled
20240615 021649.162 INFO             PET0 ESMF_YAMLCPP                : enabled
20240615 021649.163 INFO             PET0  NUMBER_OF_PROCESSORS           1
20240615 021649.163 INFO             PET0  PASS  Example CalendarEx, ESMF_CalendarEx.F90, line 217
20240615 021649.163 INFO             PET0  Finalizing ESMF
