2024-05-29 01:52:43
20240529 022617.818 INFO             PET0 !!!!!!!!!!!!!!!!!!!!!!!!!!!!!!!!!!!!!!!!!!!!!!!!!!!!!!
20240529 022617.818 INFO             PET0 !!! THE ESMF_LOG IS SET TO OUTPUT ALL LOG MESSAGES !!!
20240529 022617.818 INFO             PET0 !!!     THIS MAY CAUSE SLOWDOWN IN PERFORMANCE     !!!
20240529 022617.818 INFO             PET0 !!! FOR PRODUCTION RUNS, USE:                      !!!
20240529 022617.818 INFO             PET0 !!!                   ESMF_LOGKIND_Multi_On_Error  !!!
20240529 022617.818 INFO             PET0 !!!!!!!!!!!!!!!!!!!!!!!!!!!!!!!!!!!!!!!!!!!!!!!!!!!!!!
20240529 022617.818 INFO             PET0 Running with ESMF Version   : v8.7.0b06-6-g5fb1a7b839
20240529 022617.818 INFO             PET0 ESMF library build date/time: "May 29 2024" "01:50:11"
20240529 022617.818 INFO             PET0 ESMF library build location : /glade/derecho/scratch/sacks/esmf-testing/gfortran_12.2.0_pio2.6.2_mpi_g_develop/esmf
20240529 022617.818 INFO             PET0 ESMF_COMM                   : mpi
20240529 022617.819 INFO             PET0 ESMF_MOAB                   : enabled
20240529 022617.819 INFO             PET0 ESMF_LAPACK                 : enabled
20240529 022617.819 INFO             PET0 ESMF_NETCDF                 : enabled
20240529 022617.819 INFO             PET0 ESMF_PNETCDF                : disabled
20240529 022617.819 INFO             PET0 ESMF_PIO                    : enabled
20240529 022617.819 INFO             PET0 ESMF_YAMLCPP                : enabled
20240529 022617.836 INFO             PET0 ESMF_FieldRedistStoreNF(): Just entered routine.
20240529 022618.113 INFO             PET0 ESMF_FieldRedistStoreNF(): Leaving routine.
20240529 022618.117 INFO             PET0  NUMBER_OF_PROCESSORS           4
20240529 022618.117 INFO             PET0  PASS  Example ESMF_RHandleFromRHandleEx, ESMF_RHandleFromRHandleEx.F90, line 660
20240529 022618.117 INFO             PET0  Finalizing ESMF
20240529 022617.826 INFO             PET1 !!!!!!!!!!!!!!!!!!!!!!!!!!!!!!!!!!!!!!!!!!!!!!!!!!!!!!
20240529 022617.826 INFO             PET1 !!! THE ESMF_LOG IS SET TO OUTPUT ALL LOG MESSAGES !!!
20240529 022617.826 INFO             PET1 !!!     THIS MAY CAUSE SLOWDOWN IN PERFORMANCE     !!!
20240529 022617.826 INFO             PET1 !!! FOR PRODUCTION RUNS, USE:                      !!!
20240529 022617.826 INFO             PET1 !!!                   ESMF_LOGKIND_Multi_On_Error  !!!
20240529 022617.826 INFO             PET1 !!!!!!!!!!!!!!!!!!!!!!!!!!!!!!!!!!!!!!!!!!!!!!!!!!!!!!
20240529 022617.826 INFO             PET1 Running with ESMF Version   : v8.7.0b06-6-g5fb1a7b839
20240529 022617.826 INFO             PET1 ESMF library build date/time: "May 29 2024" "01:50:11"
20240529 022617.826 INFO             PET1 ESMF library build location : /glade/derecho/scratch/sacks/esmf-testing/gfortran_12.2.0_pio2.6.2_mpi_g_develop/esmf
20240529 022617.826 INFO             PET1 ESMF_COMM                   : mpi
20240529 022617.827 INFO             PET1 ESMF_MOAB                   : enabled
20240529 022617.827 INFO             PET1 ESMF_LAPACK                 : enabled
20240529 022617.827 INFO             PET1 ESMF_NETCDF                 : enabled
20240529 022617.827 INFO             PET1 ESMF_PNETCDF                : disabled
20240529 022617.827 INFO             PET1 ESMF_PIO                    : enabled
20240529 022617.827 INFO             PET1 ESMF_YAMLCPP                : enabled
20240529 022617.836 INFO             PET1 ESMF_FieldRedistStoreNF(): Just entered routine.
20240529 022618.113 INFO             PET1 ESMF_FieldRedistStoreNF(): Leaving routine.
20240529 022618.117 INFO             PET1  NUMBER_OF_PROCESSORS           4
20240529 022618.117 INFO             PET1  PASS  Example ESMF_RHandleFromRHandleEx, ESMF_RHandleFromRHandleEx.F90, line 660
20240529 022618.117 INFO             PET1  Finalizing ESMF
20240529 022617.818 INFO             PET2 !!!!!!!!!!!!!!!!!!!!!!!!!!!!!!!!!!!!!!!!!!!!!!!!!!!!!!
20240529 022617.818 INFO             PET2 !!! THE ESMF_LOG IS SET TO OUTPUT ALL LOG MESSAGES !!!
20240529 022617.818 INFO             PET2 !!!     THIS MAY CAUSE SLOWDOWN IN PERFORMANCE     !!!
20240529 022617.818 INFO             PET2 !!! FOR PRODUCTION RUNS, USE:                      !!!
20240529 022617.818 INFO             PET2 !!!                   ESMF_LOGKIND_Multi_On_Error  !!!
20240529 022617.818 INFO             PET2 !!!!!!!!!!!!!!!!!!!!!!!!!!!!!!!!!!!!!!!!!!!!!!!!!!!!!!
20240529 022617.818 INFO             PET2 Running with ESMF Version   : v8.7.0b06-6-g5fb1a7b839
20240529 022617.818 INFO             PET2 ESMF library build date/time: "May 29 2024" "01:50:11"
20240529 022617.818 INFO             PET2 ESMF library build location : /glade/derecho/scratch/sacks/esmf-testing/gfortran_12.2.0_pio2.6.2_mpi_g_develop/esmf
20240529 022617.818 INFO             PET2 ESMF_COMM                   : mpi
20240529 022617.820 INFO             PET2 ESMF_MOAB                   : enabled
20240529 022617.820 INFO             PET2 ESMF_LAPACK                 : enabled
20240529 022617.820 INFO             PET2 ESMF_NETCDF                 : enabled
20240529 022617.820 INFO             PET2 ESMF_PNETCDF                : disabled
20240529 022617.820 INFO             PET2 ESMF_PIO                    : enabled
20240529 022617.820 INFO             PET2 ESMF_YAMLCPP                : enabled
20240529 022617.836 INFO             PET2 ESMF_FieldRedistStoreNF(): Just entered routine.
20240529 022618.113 INFO             PET2 ESMF_FieldRedistStoreNF(): Leaving routine.
20240529 022618.115 INFO             PET2  NUMBER_OF_PROCESSORS           4
20240529 022618.115 INFO             PET2  PASS  Example ESMF_RHandleFromRHandleEx, ESMF_RHandleFromRHandleEx.F90, line 660
20240529 022618.115 INFO             PET2  Finalizing ESMF
20240529 022617.819 INFO             PET3 !!!!!!!!!!!!!!!!!!!!!!!!!!!!!!!!!!!!!!!!!!!!!!!!!!!!!!
20240529 022617.819 INFO             PET3 !!! THE ESMF_LOG IS SET TO OUTPUT ALL LOG MESSAGES !!!
20240529 022617.819 INFO             PET3 !!!     THIS MAY CAUSE SLOWDOWN IN PERFORMANCE     !!!
20240529 022617.819 INFO             PET3 !!! FOR PRODUCTION RUNS, USE:                      !!!
20240529 022617.819 INFO             PET3 !!!                   ESMF_LOGKIND_Multi_On_Error  !!!
20240529 022617.819 INFO             PET3 !!!!!!!!!!!!!!!!!!!!!!!!!!!!!!!!!!!!!!!!!!!!!!!!!!!!!!
20240529 022617.819 INFO             PET3 Running with ESMF Version   : v8.7.0b06-6-g5fb1a7b839
20240529 022617.819 INFO             PET3 ESMF library build date/time: "May 29 2024" "01:50:11"
20240529 022617.819 INFO             PET3 ESMF library build location : /glade/derecho/scratch/sacks/esmf-testing/gfortran_12.2.0_pio2.6.2_mpi_g_develop/esmf
20240529 022617.819 INFO             PET3 ESMF_COMM                   : mpi
20240529 022617.821 INFO             PET3 ESMF_MOAB                   : enabled
20240529 022617.821 INFO             PET3 ESMF_LAPACK                 : enabled
20240529 022617.821 INFO             PET3 ESMF_NETCDF                 : enabled
20240529 022617.821 INFO             PET3 ESMF_PNETCDF                : disabled
20240529 022617.821 INFO             PET3 ESMF_PIO                    : enabled
20240529 022617.821 INFO             PET3 ESMF_YAMLCPP                : enabled
20240529 022617.836 INFO             PET3 ESMF_FieldRedistStoreNF(): Just entered routine.
20240529 022618.112 INFO             PET3 ESMF_FieldRedistStoreNF(): Leaving routine.
20240529 022618.117 INFO             PET3  NUMBER_OF_PROCESSORS           4
20240529 022618.117 INFO             PET3  PASS  Example ESMF_RHandleFromRHandleEx, ESMF_RHandleFromRHandleEx.F90, line 660
20240529 022618.117 INFO             PET3  Finalizing ESMF
