2024-06-10 01:51:15
20240610 022412.515 INFO             PET0 !!!!!!!!!!!!!!!!!!!!!!!!!!!!!!!!!!!!!!!!!!!!!!!!!!!!!!
20240610 022412.516 INFO             PET0 !!! THE ESMF_LOG IS SET TO OUTPUT ALL LOG MESSAGES !!!
20240610 022412.516 INFO             PET0 !!!     THIS MAY CAUSE SLOWDOWN IN PERFORMANCE     !!!
20240610 022412.516 INFO             PET0 !!! FOR PRODUCTION RUNS, USE:                      !!!
20240610 022412.516 INFO             PET0 !!!                   ESMF_LOGKIND_Multi_On_Error  !!!
20240610 022412.516 INFO             PET0 !!!!!!!!!!!!!!!!!!!!!!!!!!!!!!!!!!!!!!!!!!!!!!!!!!!!!!
20240610 022412.516 INFO             PET0 Running with ESMF Version   : v8.7.0b07
20240610 022412.516 INFO             PET0 ESMF library build date/time: "Jun 10 2024" "01:48:40"
20240610 022412.516 INFO             PET0 ESMF library build location : /glade/derecho/scratch/sacks/esmf-testing/gfortran_12.2.0_pio2.6.2_mpi_g_develop/esmf
20240610 022412.516 INFO             PET0 ESMF_COMM                   : mpi
20240610 022412.520 INFO             PET0 ESMF_MOAB                   : enabled
20240610 022412.520 INFO             PET0 ESMF_LAPACK                 : enabled
20240610 022412.520 INFO             PET0 ESMF_NETCDF                 : enabled
20240610 022412.520 INFO             PET0 ESMF_PNETCDF                : disabled
20240610 022412.520 INFO             PET0 ESMF_PIO                    : enabled
20240610 022412.520 INFO             PET0 ESMF_YAMLCPP                : enabled
20240610 022412.521 INFO             PET0  NUMBER_OF_PROCESSORS           1
20240610 022412.521 INFO             PET0  PASS  Example ESMF_ClockEx, ESMF_ClockEx.F90, line 220
20240610 022412.521 INFO             PET0  Finalizing ESMF
