2024-06-21 01:45:33
20240621 021735.935 INFO             PET0 !!!!!!!!!!!!!!!!!!!!!!!!!!!!!!!!!!!!!!!!!!!!!!!!!!!!!!
20240621 021735.935 INFO             PET0 !!! THE ESMF_LOG IS SET TO OUTPUT ALL LOG MESSAGES !!!
20240621 021735.935 INFO             PET0 !!!     THIS MAY CAUSE SLOWDOWN IN PERFORMANCE     !!!
20240621 021735.935 INFO             PET0 !!! FOR PRODUCTION RUNS, USE:                      !!!
20240621 021735.935 INFO             PET0 !!!                   ESMF_LOGKIND_Multi_On_Error  !!!
20240621 021735.935 INFO             PET0 !!!!!!!!!!!!!!!!!!!!!!!!!!!!!!!!!!!!!!!!!!!!!!!!!!!!!!
20240621 021735.935 INFO             PET0 Running with ESMF Version   : v8.7.0b07-2-ga1ccd5de8a
20240621 021735.935 INFO             PET0 ESMF library build date/time: "Jun 21 2024" "01:43:10"
20240621 021735.935 INFO             PET0 ESMF library build location : /glade/derecho/scratch/sacks/esmf-testing/gfortran_12.2.0_pio2.6.2_mpi_g_develop/esmf
20240621 021735.935 INFO             PET0 ESMF_COMM                   : mpi
20240621 021735.935 INFO             PET0 ESMF_MOAB                   : enabled
20240621 021735.935 INFO             PET0 ESMF_LAPACK                 : enabled
20240621 021735.935 INFO             PET0 ESMF_NETCDF                 : enabled
20240621 021735.935 INFO             PET0 ESMF_PNETCDF                : disabled
20240621 021735.935 INFO             PET0 ESMF_PIO                    : enabled
20240621 021735.935 INFO             PET0 ESMF_YAMLCPP                : enabled
20240621 021735.936 INFO             PET0  NUMBER_OF_PROCESSORS           2
20240621 021735.936 INFO             PET0  PASS  Example ESMF_VMUserMpiCommEx, ESMF_VMUserMpiCommEx.F90, line 113
20240621 021735.936 INFO             PET0  Finalizing ESMF with endflag==ESMF_END_KEEPMPI
20240621 021735.935 INFO             PET1 !!!!!!!!!!!!!!!!!!!!!!!!!!!!!!!!!!!!!!!!!!!!!!!!!!!!!!
20240621 021735.935 INFO             PET1 !!! THE ESMF_LOG IS SET TO OUTPUT ALL LOG MESSAGES !!!
20240621 021735.935 INFO             PET1 !!!     THIS MAY CAUSE SLOWDOWN IN PERFORMANCE     !!!
20240621 021735.935 INFO             PET1 !!! FOR PRODUCTION RUNS, USE:                      !!!
20240621 021735.935 INFO             PET1 !!!                   ESMF_LOGKIND_Multi_On_Error  !!!
20240621 021735.935 INFO             PET1 !!!!!!!!!!!!!!!!!!!!!!!!!!!!!!!!!!!!!!!!!!!!!!!!!!!!!!
20240621 021735.935 INFO             PET1 Running with ESMF Version   : v8.7.0b07-2-ga1ccd5de8a
20240621 021735.935 INFO             PET1 ESMF library build date/time: "Jun 21 2024" "01:43:10"
20240621 021735.935 INFO             PET1 ESMF library build location : /glade/derecho/scratch/sacks/esmf-testing/gfortran_12.2.0_pio2.6.2_mpi_g_develop/esmf
20240621 021735.935 INFO             PET1 ESMF_COMM                   : mpi
20240621 021735.936 INFO             PET1 ESMF_MOAB                   : enabled
20240621 021735.936 INFO             PET1 ESMF_LAPACK                 : enabled
20240621 021735.936 INFO             PET1 ESMF_NETCDF                 : enabled
20240621 021735.936 INFO             PET1 ESMF_PNETCDF                : disabled
20240621 021735.936 INFO             PET1 ESMF_PIO                    : enabled
20240621 021735.936 INFO             PET1 ESMF_YAMLCPP                : enabled
20240621 021735.936 INFO             PET1  NUMBER_OF_PROCESSORS           2
20240621 021735.936 INFO             PET1  PASS  Example ESMF_VMUserMpiCommEx, ESMF_VMUserMpiCommEx.F90, line 113
20240621 021735.936 INFO             PET1  Finalizing ESMF with endflag==ESMF_END_KEEPMPI
