2024-06-08 01:44:32
20240608 021858.295 INFO             PET0 !!!!!!!!!!!!!!!!!!!!!!!!!!!!!!!!!!!!!!!!!!!!!!!!!!!!!!
20240608 021858.296 INFO             PET0 !!! THE ESMF_LOG IS SET TO OUTPUT ALL LOG MESSAGES !!!
20240608 021858.296 INFO             PET0 !!!     THIS MAY CAUSE SLOWDOWN IN PERFORMANCE     !!!
20240608 021858.296 INFO             PET0 !!! FOR PRODUCTION RUNS, USE:                      !!!
20240608 021858.296 INFO             PET0 !!!                   ESMF_LOGKIND_Multi_On_Error  !!!
20240608 021858.296 INFO             PET0 !!!!!!!!!!!!!!!!!!!!!!!!!!!!!!!!!!!!!!!!!!!!!!!!!!!!!!
20240608 021858.296 INFO             PET0 Running with ESMF Version   : v8.7.0b07
20240608 021858.296 INFO             PET0 ESMF library build date/time: "Jun  8 2024" "01:42:15"
20240608 021858.296 INFO             PET0 ESMF library build location : /glade/derecho/scratch/sacks/esmf-testing/gfortran_12.2.0_pio2.6.2_mpi_g_develop/esmf
20240608 021858.296 INFO             PET0 ESMF_COMM                   : mpi
20240608 021858.296 INFO             PET0 ESMF_MOAB                   : enabled
20240608 021858.296 INFO             PET0 ESMF_LAPACK                 : enabled
20240608 021858.296 INFO             PET0 ESMF_NETCDF                 : enabled
20240608 021858.296 INFO             PET0 ESMF_PNETCDF                : disabled
20240608 021858.296 INFO             PET0 ESMF_PIO                    : enabled
20240608 021858.296 INFO             PET0 ESMF_YAMLCPP                : enabled
20240608 021858.365 DEBUG            PET0 about to destroy Grid: 0x71c410
20240608 021858.374 DEBUG            PET0 about to destroy Grid: 0x71e190
20240608 021858.399 INFO             PET0  NUMBER_OF_PROCESSORS           4
20240608 021858.399 INFO             PET0  PASS  Example ESMF_NUOPCAtmModelEx, ESMF_NUOPCAtmModelEx.F90, line 806
20240608 021858.399 INFO             PET0  Finalizing ESMF
20240608 021858.296 INFO             PET1 !!!!!!!!!!!!!!!!!!!!!!!!!!!!!!!!!!!!!!!!!!!!!!!!!!!!!!
20240608 021858.296 INFO             PET1 !!! THE ESMF_LOG IS SET TO OUTPUT ALL LOG MESSAGES !!!
20240608 021858.296 INFO             PET1 !!!     THIS MAY CAUSE SLOWDOWN IN PERFORMANCE     !!!
20240608 021858.296 INFO             PET1 !!! FOR PRODUCTION RUNS, USE:                      !!!
20240608 021858.296 INFO             PET1 !!!                   ESMF_LOGKIND_Multi_On_Error  !!!
20240608 021858.296 INFO             PET1 !!!!!!!!!!!!!!!!!!!!!!!!!!!!!!!!!!!!!!!!!!!!!!!!!!!!!!
20240608 021858.296 INFO             PET1 Running with ESMF Version   : v8.7.0b07
20240608 021858.296 INFO             PET1 ESMF library build date/time: "Jun  8 2024" "01:42:15"
20240608 021858.296 INFO             PET1 ESMF library build location : /glade/derecho/scratch/sacks/esmf-testing/gfortran_12.2.0_pio2.6.2_mpi_g_develop/esmf
20240608 021858.296 INFO             PET1 ESMF_COMM                   : mpi
20240608 021858.296 INFO             PET1 ESMF_MOAB                   : enabled
20240608 021858.296 INFO             PET1 ESMF_LAPACK                 : enabled
20240608 021858.296 INFO             PET1 ESMF_NETCDF                 : enabled
20240608 021858.296 INFO             PET1 ESMF_PNETCDF                : disabled
20240608 021858.296 INFO             PET1 ESMF_PIO                    : enabled
20240608 021858.296 INFO             PET1 ESMF_YAMLCPP                : enabled
20240608 021858.365 DEBUG            PET1 about to destroy Grid: 0x719430
20240608 021858.374 DEBUG            PET1 about to destroy Grid: 0x71b110
20240608 021858.399 INFO             PET1  NUMBER_OF_PROCESSORS           4
20240608 021858.399 INFO             PET1  PASS  Example ESMF_NUOPCAtmModelEx, ESMF_NUOPCAtmModelEx.F90, line 806
20240608 021858.399 INFO             PET1  Finalizing ESMF
20240608 021858.296 INFO             PET2 !!!!!!!!!!!!!!!!!!!!!!!!!!!!!!!!!!!!!!!!!!!!!!!!!!!!!!
20240608 021858.296 INFO             PET2 !!! THE ESMF_LOG IS SET TO OUTPUT ALL LOG MESSAGES !!!
20240608 021858.296 INFO             PET2 !!!     THIS MAY CAUSE SLOWDOWN IN PERFORMANCE     !!!
20240608 021858.296 INFO             PET2 !!! FOR PRODUCTION RUNS, USE:                      !!!
20240608 021858.296 INFO             PET2 !!!                   ESMF_LOGKIND_Multi_On_Error  !!!
20240608 021858.296 INFO             PET2 !!!!!!!!!!!!!!!!!!!!!!!!!!!!!!!!!!!!!!!!!!!!!!!!!!!!!!
20240608 021858.296 INFO             PET2 Running with ESMF Version   : v8.7.0b07
20240608 021858.296 INFO             PET2 ESMF library build date/time: "Jun  8 2024" "01:42:15"
20240608 021858.296 INFO             PET2 ESMF library build location : /glade/derecho/scratch/sacks/esmf-testing/gfortran_12.2.0_pio2.6.2_mpi_g_develop/esmf
20240608 021858.296 INFO             PET2 ESMF_COMM                   : mpi
20240608 021858.297 INFO             PET2 ESMF_MOAB                   : enabled
20240608 021858.297 INFO             PET2 ESMF_LAPACK                 : enabled
20240608 021858.297 INFO             PET2 ESMF_NETCDF                 : enabled
20240608 021858.297 INFO             PET2 ESMF_PNETCDF                : disabled
20240608 021858.297 INFO             PET2 ESMF_PIO                    : enabled
20240608 021858.297 INFO             PET2 ESMF_YAMLCPP                : enabled
20240608 021858.365 DEBUG            PET2 about to destroy Grid: 0x718bc0
20240608 021858.374 DEBUG            PET2 about to destroy Grid: 0x71a6e0
20240608 021858.399 INFO             PET2  NUMBER_OF_PROCESSORS           4
20240608 021858.399 INFO             PET2  PASS  Example ESMF_NUOPCAtmModelEx, ESMF_NUOPCAtmModelEx.F90, line 806
20240608 021858.399 INFO             PET2  Finalizing ESMF
20240608 021858.296 INFO             PET3 !!!!!!!!!!!!!!!!!!!!!!!!!!!!!!!!!!!!!!!!!!!!!!!!!!!!!!
20240608 021858.296 INFO             PET3 !!! THE ESMF_LOG IS SET TO OUTPUT ALL LOG MESSAGES !!!
20240608 021858.296 INFO             PET3 !!!     THIS MAY CAUSE SLOWDOWN IN PERFORMANCE     !!!
20240608 021858.296 INFO             PET3 !!! FOR PRODUCTION RUNS, USE:                      !!!
20240608 021858.296 INFO             PET3 !!!                   ESMF_LOGKIND_Multi_On_Error  !!!
20240608 021858.296 INFO             PET3 !!!!!!!!!!!!!!!!!!!!!!!!!!!!!!!!!!!!!!!!!!!!!!!!!!!!!!
20240608 021858.296 INFO             PET3 Running with ESMF Version   : v8.7.0b07
20240608 021858.296 INFO             PET3 ESMF library build date/time: "Jun  8 2024" "01:42:15"
20240608 021858.296 INFO             PET3 ESMF library build location : /glade/derecho/scratch/sacks/esmf-testing/gfortran_12.2.0_pio2.6.2_mpi_g_develop/esmf
20240608 021858.296 INFO             PET3 ESMF_COMM                   : mpi
20240608 021858.297 INFO             PET3 ESMF_MOAB                   : enabled
20240608 021858.297 INFO             PET3 ESMF_LAPACK                 : enabled
20240608 021858.297 INFO             PET3 ESMF_NETCDF                 : enabled
20240608 021858.297 INFO             PET3 ESMF_PNETCDF                : disabled
20240608 021858.297 INFO             PET3 ESMF_PIO                    : enabled
20240608 021858.297 INFO             PET3 ESMF_YAMLCPP                : enabled
20240608 021858.365 DEBUG            PET3 about to destroy Grid: 0x718ad0
20240608 021858.374 DEBUG            PET3 about to destroy Grid: 0x71a7b0
20240608 021858.399 INFO             PET3  NUMBER_OF_PROCESSORS           4
20240608 021858.399 INFO             PET3  PASS  Example ESMF_NUOPCAtmModelEx, ESMF_NUOPCAtmModelEx.F90, line 806
20240608 021858.399 INFO             PET3  Finalizing ESMF
