2024-06-26 01:44:37
20240626 021728.888 INFO             PET0 !!!!!!!!!!!!!!!!!!!!!!!!!!!!!!!!!!!!!!!!!!!!!!!!!!!!!!
20240626 021728.888 INFO             PET0 !!! THE ESMF_LOG IS SET TO OUTPUT ALL LOG MESSAGES !!!
20240626 021728.888 INFO             PET0 !!!     THIS MAY CAUSE SLOWDOWN IN PERFORMANCE     !!!
20240626 021728.888 INFO             PET0 !!! FOR PRODUCTION RUNS, USE:                      !!!
20240626 021728.888 INFO             PET0 !!!                   ESMF_LOGKIND_Multi_On_Error  !!!
20240626 021728.888 INFO             PET0 !!!!!!!!!!!!!!!!!!!!!!!!!!!!!!!!!!!!!!!!!!!!!!!!!!!!!!
20240626 021728.888 INFO             PET0 Running with ESMF Version   : v8.7.0b07-3-g03d0eb5fc0
20240626 021728.888 INFO             PET0 ESMF library build date/time: "Jun 26 2024" "01:42:11"
20240626 021728.888 INFO             PET0 ESMF library build location : /glade/derecho/scratch/sacks/esmf-testing/gfortran_12.2.0_pio2.6.2_mpi_g_develop/esmf
20240626 021728.888 INFO             PET0 ESMF_COMM                   : mpi
20240626 021728.889 INFO             PET0 ESMF_MOAB                   : enabled
20240626 021728.889 INFO             PET0 ESMF_LAPACK                 : enabled
20240626 021728.889 INFO             PET0 ESMF_NETCDF                 : enabled
20240626 021728.889 INFO             PET0 ESMF_PNETCDF                : disabled
20240626 021728.889 INFO             PET0 ESMF_PIO                    : enabled
20240626 021728.889 INFO             PET0 ESMF_YAMLCPP                : enabled
20240626 021728.895 INFO             PET0  NUMBER_OF_PROCESSORS           1
20240626 021728.895 INFO             PET0  PASS  Example ESMF_XGridSparseMatEx, ESMF_XGridSparseMatEx.F90, line 642
20240626 021728.895 INFO             PET0  Finalizing ESMF
