2024-06-02 01:46:26
20240602 021809.831 INFO             PET0 !!!!!!!!!!!!!!!!!!!!!!!!!!!!!!!!!!!!!!!!!!!!!!!!!!!!!!
20240602 021809.831 INFO             PET0 !!! THE ESMF_LOG IS SET TO OUTPUT ALL LOG MESSAGES !!!
20240602 021809.831 INFO             PET0 !!!     THIS MAY CAUSE SLOWDOWN IN PERFORMANCE     !!!
20240602 021809.831 INFO             PET0 !!! FOR PRODUCTION RUNS, USE:                      !!!
20240602 021809.831 INFO             PET0 !!!                   ESMF_LOGKIND_Multi_On_Error  !!!
20240602 021809.831 INFO             PET0 !!!!!!!!!!!!!!!!!!!!!!!!!!!!!!!!!!!!!!!!!!!!!!!!!!!!!!
20240602 021809.831 INFO             PET0 Running with ESMF Version   : v8.7.0b06-37-g31f880616f
20240602 021809.831 INFO             PET0 ESMF library build date/time: "Jun  2 2024" "01:43:57"
20240602 021809.831 INFO             PET0 ESMF library build location : /glade/derecho/scratch/sacks/esmf-testing/gfortran_12.2.0_pio2.6.2_mpi_g_develop/esmf
20240602 021809.831 INFO             PET0 ESMF_COMM                   : mpi
20240602 021809.833 INFO             PET0 ESMF_MOAB                   : enabled
20240602 021809.833 INFO             PET0 ESMF_LAPACK                 : enabled
20240602 021809.833 INFO             PET0 ESMF_NETCDF                 : enabled
20240602 021809.833 INFO             PET0 ESMF_PNETCDF                : disabled
20240602 021809.833 INFO             PET0 ESMF_PIO                    : enabled
20240602 021809.833 INFO             PET0 ESMF_YAMLCPP                : enabled
20240602 021809.833 INFO             PET0  NUMBER_OF_PROCESSORS           4
20240602 021809.833 INFO             PET0  PASS  Example ESMF_VMUserMpiCommMultiEx, ESMF_VMUserMpiCommMultiEx.F90, line 126
20240602 021809.833 INFO             PET0  Finalizing ESMF with endflag==ESMF_END_KEEPMPI
20240602 021809.828 INFO             PET0 !!!!!!!!!!!!!!!!!!!!!!!!!!!!!!!!!!!!!!!!!!!!!!!!!!!!!!
20240602 021809.829 INFO             PET0 !!! THE ESMF_LOG IS SET TO OUTPUT ALL LOG MESSAGES !!!
20240602 021809.829 INFO             PET0 !!!     THIS MAY CAUSE SLOWDOWN IN PERFORMANCE     !!!
20240602 021809.829 INFO             PET0 !!! FOR PRODUCTION RUNS, USE:                      !!!
20240602 021809.829 INFO             PET0 !!!                   ESMF_LOGKIND_Multi_On_Error  !!!
20240602 021809.829 INFO             PET0 !!!!!!!!!!!!!!!!!!!!!!!!!!!!!!!!!!!!!!!!!!!!!!!!!!!!!!
20240602 021809.829 INFO             PET0 Running with ESMF Version   : v8.7.0b06-37-g31f880616f
20240602 021809.829 INFO             PET0 ESMF library build date/time: "Jun  2 2024" "01:43:57"
20240602 021809.829 INFO             PET0 ESMF library build location : /glade/derecho/scratch/sacks/esmf-testing/gfortran_12.2.0_pio2.6.2_mpi_g_develop/esmf
20240602 021809.829 INFO             PET0 ESMF_COMM                   : mpi
20240602 021809.830 INFO             PET0 ESMF_MOAB                   : enabled
20240602 021809.830 INFO             PET0 ESMF_LAPACK                 : enabled
20240602 021809.830 INFO             PET0 ESMF_NETCDF                 : enabled
20240602 021809.830 INFO             PET0 ESMF_PNETCDF                : disabled
20240602 021809.830 INFO             PET0 ESMF_PIO                    : enabled
20240602 021809.830 INFO             PET0 ESMF_YAMLCPP                : enabled
20240602 021809.834 INFO             PET0  NUMBER_OF_PROCESSORS           4
20240602 021809.834 INFO             PET0  PASS  Example ESMF_VMUserMpiCommMultiEx, ESMF_VMUserMpiCommMultiEx.F90, line 154
20240602 021809.834 INFO             PET0  Finalizing ESMF with endflag==ESMF_END_KEEPMPI
20240602 021809.830 INFO             PET1 !!!!!!!!!!!!!!!!!!!!!!!!!!!!!!!!!!!!!!!!!!!!!!!!!!!!!!
20240602 021809.830 INFO             PET1 !!! THE ESMF_LOG IS SET TO OUTPUT ALL LOG MESSAGES !!!
20240602 021809.830 INFO             PET1 !!!     THIS MAY CAUSE SLOWDOWN IN PERFORMANCE     !!!
20240602 021809.830 INFO             PET1 !!! FOR PRODUCTION RUNS, USE:                      !!!
20240602 021809.830 INFO             PET1 !!!                   ESMF_LOGKIND_Multi_On_Error  !!!
20240602 021809.830 INFO             PET1 !!!!!!!!!!!!!!!!!!!!!!!!!!!!!!!!!!!!!!!!!!!!!!!!!!!!!!
20240602 021809.830 INFO             PET1 Running with ESMF Version   : v8.7.0b06-37-g31f880616f
20240602 021809.830 INFO             PET1 ESMF library build date/time: "Jun  2 2024" "01:43:57"
20240602 021809.830 INFO             PET1 ESMF library build location : /glade/derecho/scratch/sacks/esmf-testing/gfortran_12.2.0_pio2.6.2_mpi_g_develop/esmf
20240602 021809.830 INFO             PET1 ESMF_COMM                   : mpi
20240602 021809.833 INFO             PET1 ESMF_MOAB                   : enabled
20240602 021809.833 INFO             PET1 ESMF_LAPACK                 : enabled
20240602 021809.833 INFO             PET1 ESMF_NETCDF                 : enabled
20240602 021809.833 INFO             PET1 ESMF_PNETCDF                : disabled
20240602 021809.833 INFO             PET1 ESMF_PIO                    : enabled
20240602 021809.833 INFO             PET1 ESMF_YAMLCPP                : enabled
20240602 021809.833 INFO             PET1  NUMBER_OF_PROCESSORS           4
20240602 021809.833 INFO             PET1  PASS  Example ESMF_VMUserMpiCommMultiEx, ESMF_VMUserMpiCommMultiEx.F90, line 126
20240602 021809.833 INFO             PET1  Finalizing ESMF with endflag==ESMF_END_KEEPMPI
20240602 021809.830 INFO             PET1 !!!!!!!!!!!!!!!!!!!!!!!!!!!!!!!!!!!!!!!!!!!!!!!!!!!!!!
20240602 021809.830 INFO             PET1 !!! THE ESMF_LOG IS SET TO OUTPUT ALL LOG MESSAGES !!!
20240602 021809.830 INFO             PET1 !!!     THIS MAY CAUSE SLOWDOWN IN PERFORMANCE     !!!
20240602 021809.830 INFO             PET1 !!! FOR PRODUCTION RUNS, USE:                      !!!
20240602 021809.830 INFO             PET1 !!!                   ESMF_LOGKIND_Multi_On_Error  !!!
20240602 021809.830 INFO             PET1 !!!!!!!!!!!!!!!!!!!!!!!!!!!!!!!!!!!!!!!!!!!!!!!!!!!!!!
20240602 021809.830 INFO             PET1 Running with ESMF Version   : v8.7.0b06-37-g31f880616f
20240602 021809.830 INFO             PET1 ESMF library build date/time: "Jun  2 2024" "01:43:57"
20240602 021809.830 INFO             PET1 ESMF library build location : /glade/derecho/scratch/sacks/esmf-testing/gfortran_12.2.0_pio2.6.2_mpi_g_develop/esmf
20240602 021809.830 INFO             PET1 ESMF_COMM                   : mpi
20240602 021809.834 INFO             PET1 ESMF_MOAB                   : enabled
20240602 021809.834 INFO             PET1 ESMF_LAPACK                 : enabled
20240602 021809.834 INFO             PET1 ESMF_NETCDF                 : enabled
20240602 021809.834 INFO             PET1 ESMF_PNETCDF                : disabled
20240602 021809.834 INFO             PET1 ESMF_PIO                    : enabled
20240602 021809.834 INFO             PET1 ESMF_YAMLCPP                : enabled
20240602 021809.834 INFO             PET1  NUMBER_OF_PROCESSORS           4
20240602 021809.834 INFO             PET1  PASS  Example ESMF_VMUserMpiCommMultiEx, ESMF_VMUserMpiCommMultiEx.F90, line 154
20240602 021809.834 INFO             PET1  Finalizing ESMF with endflag==ESMF_END_KEEPMPI
