2024-07-26 01:17:38
20240726 014426.044 INFO             PET0 !!!!!!!!!!!!!!!!!!!!!!!!!!!!!!!!!!!!!!!!!!!!!!!!!!!!!!
20240726 014426.045 INFO             PET0 !!! THE ESMF_LOG IS SET TO OUTPUT ALL LOG MESSAGES !!!
20240726 014426.045 INFO             PET0 !!!     THIS MAY CAUSE SLOWDOWN IN PERFORMANCE     !!!
20240726 014426.045 INFO             PET0 !!! FOR PRODUCTION RUNS, USE:                      !!!
20240726 014426.045 INFO             PET0 !!!                   ESMF_LOGKIND_Multi_On_Error  !!!
20240726 014426.045 INFO             PET0 !!!!!!!!!!!!!!!!!!!!!!!!!!!!!!!!!!!!!!!!!!!!!!!!!!!!!!
20240726 014426.045 INFO             PET0 Running with ESMF Version   : v8.7.0b09-27-geb8bb37dac
20240726 014426.045 INFO             PET0 ESMF library build date/time: "Jul 26 2024" "01:15:44"
20240726 014426.045 INFO             PET0 ESMF library build location : /project/esmf/sacks/esmf-testing/gfortran_11.2.0_openmpi_O_feature_hconfig-extras/esmf
20240726 014426.045 INFO             PET0 ESMF_COMM                   : openmpi
20240726 014426.045 INFO             PET0 ESMF_MOAB                   : enabled
20240726 014426.045 INFO             PET0 ESMF_LAPACK                 : enabled
20240726 014426.045 INFO             PET0 ESMF_NETCDF                 : enabled
20240726 014426.045 INFO             PET0 ESMF_PNETCDF                : disabled
20240726 014426.045 INFO             PET0 ESMF_PIO                    : enabled
20240726 014426.045 INFO             PET0 ESMF_YAMLCPP                : enabled
20240726 014426.046 INFO             PET0  NUMBER_OF_PROCESSORS           1
20240726 014426.046 INFO             PET0  PASS  Example ESMF_ClockEx, ESMF_ClockEx.F90, line 220
20240726 014426.046 INFO             PET0  Finalizing ESMF
