2024-07-24 16:37:06
20240724 170047.309 INFO             PET0 !!!!!!!!!!!!!!!!!!!!!!!!!!!!!!!!!!!!!!!!!!!!!!!!!!!!!!
20240724 170047.309 INFO             PET0 !!! THE ESMF_LOG IS SET TO OUTPUT ALL LOG MESSAGES !!!
20240724 170047.309 INFO             PET0 !!!     THIS MAY CAUSE SLOWDOWN IN PERFORMANCE     !!!
20240724 170047.309 INFO             PET0 !!! FOR PRODUCTION RUNS, USE:                      !!!
20240724 170047.309 INFO             PET0 !!!                   ESMF_LOGKIND_Multi_On_Error  !!!
20240724 170047.309 INFO             PET0 !!!!!!!!!!!!!!!!!!!!!!!!!!!!!!!!!!!!!!!!!!!!!!!!!!!!!!
20240724 170047.309 INFO             PET0 Running with ESMF Version   : v8.7.0b09-26-g87e00d02ff
20240724 170047.309 INFO             PET0 ESMF library build date/time: "Jul 24 2024" "16:35:36"
20240724 170047.309 INFO             PET0 ESMF library build location : /project/esmf/sacks/esmf-testing/gfortran_11.2.0_openmpi_O_feature_hconfig-extras/esmf
20240724 170047.309 INFO             PET0 ESMF_COMM                   : openmpi
20240724 170047.309 INFO             PET0 ESMF_MOAB                   : enabled
20240724 170047.309 INFO             PET0 ESMF_LAPACK                 : enabled
20240724 170047.309 INFO             PET0 ESMF_NETCDF                 : enabled
20240724 170047.309 INFO             PET0 ESMF_PNETCDF                : disabled
20240724 170047.309 INFO             PET0 ESMF_PIO                    : enabled
20240724 170047.309 INFO             PET0 ESMF_YAMLCPP                : enabled
20240724 170047.357 DEBUG            PET0 about to destroy Grid: 0x7fc7b5828200
20240724 170047.360 DEBUG            PET0 about to destroy Grid: 0x7fc7b5828e00
20240724 170047.372 INFO             PET0  NUMBER_OF_PROCESSORS           4
20240724 170047.372 INFO             PET0  PASS  Example ESMF_NUOPCAtmModelEx, ESMF_NUOPCAtmModelEx.F90, line 806
20240724 170047.372 INFO             PET0  Finalizing ESMF
20240724 170047.309 INFO             PET1 !!!!!!!!!!!!!!!!!!!!!!!!!!!!!!!!!!!!!!!!!!!!!!!!!!!!!!
20240724 170047.309 INFO             PET1 !!! THE ESMF_LOG IS SET TO OUTPUT ALL LOG MESSAGES !!!
20240724 170047.309 INFO             PET1 !!!     THIS MAY CAUSE SLOWDOWN IN PERFORMANCE     !!!
20240724 170047.309 INFO             PET1 !!! FOR PRODUCTION RUNS, USE:                      !!!
20240724 170047.309 INFO             PET1 !!!                   ESMF_LOGKIND_Multi_On_Error  !!!
20240724 170047.309 INFO             PET1 !!!!!!!!!!!!!!!!!!!!!!!!!!!!!!!!!!!!!!!!!!!!!!!!!!!!!!
20240724 170047.309 INFO             PET1 Running with ESMF Version   : v8.7.0b09-26-g87e00d02ff
20240724 170047.309 INFO             PET1 ESMF library build date/time: "Jul 24 2024" "16:35:36"
20240724 170047.309 INFO             PET1 ESMF library build location : /project/esmf/sacks/esmf-testing/gfortran_11.2.0_openmpi_O_feature_hconfig-extras/esmf
20240724 170047.309 INFO             PET1 ESMF_COMM                   : openmpi
20240724 170047.309 INFO             PET1 ESMF_MOAB                   : enabled
20240724 170047.309 INFO             PET1 ESMF_LAPACK                 : enabled
20240724 170047.309 INFO             PET1 ESMF_NETCDF                 : enabled
20240724 170047.309 INFO             PET1 ESMF_PNETCDF                : disabled
20240724 170047.309 INFO             PET1 ESMF_PIO                    : enabled
20240724 170047.309 INFO             PET1 ESMF_YAMLCPP                : enabled
20240724 170047.357 DEBUG            PET1 about to destroy Grid: 0x7f922a020000
20240724 170047.360 DEBUG            PET1 about to destroy Grid: 0x7f922a026400
20240724 170047.372 INFO             PET1  NUMBER_OF_PROCESSORS           4
20240724 170047.372 INFO             PET1  PASS  Example ESMF_NUOPCAtmModelEx, ESMF_NUOPCAtmModelEx.F90, line 806
20240724 170047.372 INFO             PET1  Finalizing ESMF
20240724 170047.309 INFO             PET2 !!!!!!!!!!!!!!!!!!!!!!!!!!!!!!!!!!!!!!!!!!!!!!!!!!!!!!
20240724 170047.310 INFO             PET2 !!! THE ESMF_LOG IS SET TO OUTPUT ALL LOG MESSAGES !!!
20240724 170047.310 INFO             PET2 !!!     THIS MAY CAUSE SLOWDOWN IN PERFORMANCE     !!!
20240724 170047.310 INFO             PET2 !!! FOR PRODUCTION RUNS, USE:                      !!!
20240724 170047.310 INFO             PET2 !!!                   ESMF_LOGKIND_Multi_On_Error  !!!
20240724 170047.310 INFO             PET2 !!!!!!!!!!!!!!!!!!!!!!!!!!!!!!!!!!!!!!!!!!!!!!!!!!!!!!
20240724 170047.310 INFO             PET2 Running with ESMF Version   : v8.7.0b09-26-g87e00d02ff
20240724 170047.310 INFO             PET2 ESMF library build date/time: "Jul 24 2024" "16:35:36"
20240724 170047.310 INFO             PET2 ESMF library build location : /project/esmf/sacks/esmf-testing/gfortran_11.2.0_openmpi_O_feature_hconfig-extras/esmf
20240724 170047.310 INFO             PET2 ESMF_COMM                   : openmpi
20240724 170047.310 INFO             PET2 ESMF_MOAB                   : enabled
20240724 170047.310 INFO             PET2 ESMF_LAPACK                 : enabled
20240724 170047.310 INFO             PET2 ESMF_NETCDF                 : enabled
20240724 170047.310 INFO             PET2 ESMF_PNETCDF                : disabled
20240724 170047.310 INFO             PET2 ESMF_PIO                    : enabled
20240724 170047.310 INFO             PET2 ESMF_YAMLCPP                : enabled
20240724 170047.357 DEBUG            PET2 about to destroy Grid: 0x7f9eb2016e00
20240724 170047.360 DEBUG            PET2 about to destroy Grid: 0x7f9eb201cc00
20240724 170047.372 INFO             PET2  NUMBER_OF_PROCESSORS           4
20240724 170047.372 INFO             PET2  PASS  Example ESMF_NUOPCAtmModelEx, ESMF_NUOPCAtmModelEx.F90, line 806
20240724 170047.372 INFO             PET2  Finalizing ESMF
20240724 170047.309 INFO             PET3 !!!!!!!!!!!!!!!!!!!!!!!!!!!!!!!!!!!!!!!!!!!!!!!!!!!!!!
20240724 170047.309 INFO             PET3 !!! THE ESMF_LOG IS SET TO OUTPUT ALL LOG MESSAGES !!!
20240724 170047.309 INFO             PET3 !!!     THIS MAY CAUSE SLOWDOWN IN PERFORMANCE     !!!
20240724 170047.309 INFO             PET3 !!! FOR PRODUCTION RUNS, USE:                      !!!
20240724 170047.309 INFO             PET3 !!!                   ESMF_LOGKIND_Multi_On_Error  !!!
20240724 170047.309 INFO             PET3 !!!!!!!!!!!!!!!!!!!!!!!!!!!!!!!!!!!!!!!!!!!!!!!!!!!!!!
20240724 170047.309 INFO             PET3 Running with ESMF Version   : v8.7.0b09-26-g87e00d02ff
20240724 170047.309 INFO             PET3 ESMF library build date/time: "Jul 24 2024" "16:35:36"
20240724 170047.309 INFO             PET3 ESMF library build location : /project/esmf/sacks/esmf-testing/gfortran_11.2.0_openmpi_O_feature_hconfig-extras/esmf
20240724 170047.309 INFO             PET3 ESMF_COMM                   : openmpi
20240724 170047.309 INFO             PET3 ESMF_MOAB                   : enabled
20240724 170047.309 INFO             PET3 ESMF_LAPACK                 : enabled
20240724 170047.309 INFO             PET3 ESMF_NETCDF                 : enabled
20240724 170047.309 INFO             PET3 ESMF_PNETCDF                : disabled
20240724 170047.309 INFO             PET3 ESMF_PIO                    : enabled
20240724 170047.309 INFO             PET3 ESMF_YAMLCPP                : enabled
20240724 170047.357 DEBUG            PET3 about to destroy Grid: 0x7f8301808800
20240724 170047.360 DEBUG            PET3 about to destroy Grid: 0x7f830180d200
20240724 170047.372 INFO             PET3  NUMBER_OF_PROCESSORS           4
20240724 170047.372 INFO             PET3  PASS  Example ESMF_NUOPCAtmModelEx, ESMF_NUOPCAtmModelEx.F90, line 806
20240724 170047.372 INFO             PET3  Finalizing ESMF
