2024-07-24 16:37:06
 localPET=           0  localDE=           0 : array(           1 ,           1 )=   0.0000000000000000     
 localPET=           0  localDE=           0 : array(           1 ,           2 )=   0.0000000000000000     
 localPET=           1  localDE=           0 : array(           1 ,           1 )=   0.0000000000000000     
 localPET=           1  localDE=           0 : array(           1 ,           2 )=   4.2439915834127416E-314
 localPET=           1  localDE=           0 : array(           2 ,           1 )=   8.4879832765080565E-314
 localPET=           2  localDE=           0 : array(           1 ,           1 )=   0.0000000000000000     
 localPET=           2  localDE=           0 : array(           1 ,           2 )=   0.0000000000000000     
 localPET=           2  localDE=           0 : array(           2 ,           1 )=   4.2439916540641289E-314
 localPET=           2  localDE=           0 : array(           2 ,           2 )=   0.0000000000000000     
 localPET=           3  localDE=           0 : array(           1 ,           1 )=   0.0000000000000000     
 localPET=           3  localDE=           0 : array(           1 ,           2 )=   4.2439915834127416E-314
 localPET=           3  localDE=           0 : array(           2 ,           1 )=   8.4879832315480827E-314
 localPET=           3  localDE=           0 : array(           2 ,           2 )=   0.0000000000000000     
 localPET=           0  localDE=           0 : array(           2 ,           1 )=   4.2439916466531442E-314
 localPET=           0  localDE=           0 : array(           2 ,           2 )=   0.0000000000000000     
 localPET=           0  localDE=           0 : array(           3 ,           1 )=   0.0000000000000000     
 localPET=           1  localDE=           0 : array(           2 ,           2 )=   0.0000000000000000     
 localPET=           1  localDE=           1 : array(           1 ,           1 )=   0.0000000000000000     
 localPET=           2  localDE=           0 : array(           3 ,           1 )=   0.0000000000000000     
 localPET=           2  localDE=           0 : array(           3 ,           2 )=   0.0000000000000000     
 localPET=           0  localDE=           0 : array(           3 ,           2 )=   0.0000000000000000     
 localPET=           0  localDE=           1 : array(           1 ,           1 )=   0.0000000000000000     
 localPET=           0  localDE=           1 : array(           2 ,           1 )=   8.4879833916253520E-314
 localPET=           0  localDE=           1 : array(           3 ,           1 )=   4.2439915834127416E-314
 localPET=           1  localDE=           1 : array(           2 ,           1 )=   5.2150189702458465E-310
 localPet:            3 DE            3  [           1           2 ]
 localPet:            2 DE            2  [           1           3 ]
 localPet:            0 DE            0  [           1           3 ]
 localPet:            0 DE            4  [           1           3 ]
 localPet:            1 DE            1  [           1           2 ]
 localPet:            1 DE            5  [           1           2 ]
  PASS  Example ESMF_ArrayEx, ESMF_ArrayEx.F90, line 1901
 PASS: ESMF_ArrayEx.F90
  PASS  Example ESMF_ArrayEx, ESMF_ArrayEx.F90, line 1901
 PASS: ESMF_ArrayEx.F90
  PASS  Example ESMF_ArrayEx, ESMF_ArrayEx.F90, line 1901
 PASS: ESMF_ArrayEx.F90
  PASS  Example ESMF_ArrayEx, ESMF_ArrayEx.F90, line 1901
 PASS: ESMF_ArrayEx.F90
