2024-07-13 07:51:31
20240713 084703.027 INFO             PET0 !!!!!!!!!!!!!!!!!!!!!!!!!!!!!!!!!!!!!!!!!!!!!!!!!!!!!!
20240713 084703.027 INFO             PET0 !!! THE ESMF_LOG IS SET TO OUTPUT ALL LOG MESSAGES !!!
20240713 084703.027 INFO             PET0 !!!     THIS MAY CAUSE SLOWDOWN IN PERFORMANCE     !!!
20240713 084703.027 INFO             PET0 !!! FOR PRODUCTION RUNS, USE:                      !!!
20240713 084703.027 INFO             PET0 !!!                   ESMF_LOGKIND_Multi_On_Error  !!!
20240713 084703.027 INFO             PET0 !!!!!!!!!!!!!!!!!!!!!!!!!!!!!!!!!!!!!!!!!!!!!!!!!!!!!!
20240713 084703.027 INFO             PET0 Running with ESMF Version   : v8.7.0b08-15-g7133ea3e40
20240713 084703.027 INFO             PET0 ESMF library build date/time: "Jul 13 2024" "07:47:50"
20240713 084703.027 INFO             PET0 ESMF library build location : /scratch2/NCEPDEV/stmp1/Gerhard.Theurich/ESMF-Nightly-Testing/nvhpc_24.1_openmpi_O_develop/esmf
20240713 084703.027 INFO             PET0 ESMF_COMM                   : openmpi
20240713 084703.028 INFO             PET0 ESMF_MOAB                   : enabled
20240713 084703.028 INFO             PET0 ESMF_LAPACK                 : enabled
20240713 084703.028 INFO             PET0 ESMF_NETCDF                 : disabled
20240713 084703.028 INFO             PET0 ESMF_PNETCDF                : disabled
20240713 084703.028 INFO             PET0 ESMF_PIO                    : disabled
20240713 084703.028 INFO             PET0 ESMF_YAMLCPP                : enabled
20240713 084703.028 INFO             PET0  NUMBER_OF_PROCESSORS            1
20240713 084703.028 INFO             PET0  PASS  Example CalendarEx, ESMF_CalendarEx.F90, line 217
20240713 084703.028 INFO             PET0  Finalizing ESMF
