2024-06-22 07:45:33
20240622 083946.169 INFO             PET0 !!!!!!!!!!!!!!!!!!!!!!!!!!!!!!!!!!!!!!!!!!!!!!!!!!!!!!
20240622 083946.169 INFO             PET0 !!! THE ESMF_LOG IS SET TO OUTPUT ALL LOG MESSAGES !!!
20240622 083946.169 INFO             PET0 !!!     THIS MAY CAUSE SLOWDOWN IN PERFORMANCE     !!!
20240622 083946.169 INFO             PET0 !!! FOR PRODUCTION RUNS, USE:                      !!!
20240622 083946.169 INFO             PET0 !!!                   ESMF_LOGKIND_Multi_On_Error  !!!
20240622 083946.169 INFO             PET0 !!!!!!!!!!!!!!!!!!!!!!!!!!!!!!!!!!!!!!!!!!!!!!!!!!!!!!
20240622 083946.169 INFO             PET0 Running with ESMF Version   : v8.7.0b07-2-ga1ccd5de8a
20240622 083946.169 INFO             PET0 ESMF library build date/time: "Jun 22 2024" "07:42:05"
20240622 083946.169 INFO             PET0 ESMF library build location : /scratch2/NCEPDEV/stmp1/Gerhard.Theurich/ESMF-Nightly-Testing/nvhpc_24.1_openmpi_O_develop/esmf
20240622 083946.169 INFO             PET0 ESMF_COMM                   : openmpi
20240622 083946.170 INFO             PET0 ESMF_MOAB                   : enabled
20240622 083946.170 INFO             PET0 ESMF_LAPACK                 : enabled
20240622 083946.170 INFO             PET0 ESMF_NETCDF                 : disabled
20240622 083946.170 INFO             PET0 ESMF_PNETCDF                : disabled
20240622 083946.170 INFO             PET0 ESMF_PIO                    : disabled
20240622 083946.170 INFO             PET0 ESMF_YAMLCPP                : enabled
20240622 083946.176 INFO             PET0 ESMF_FieldRedistStoreNF(): Just entered routine.
20240622 083946.223 INFO             PET0 ESMF_FieldRedistStoreNF(): Leaving routine.
20240622 083946.229 INFO             PET0  NUMBER_OF_PROCESSORS            4
20240622 083946.229 INFO             PET0  PASS  Example ESMF_RHandleFromRHandleEx, ESMF_RHandleFromRHandleEx.F90, line 660
20240622 083946.229 INFO             PET0  Finalizing ESMF
20240622 083946.170 INFO             PET1 !!!!!!!!!!!!!!!!!!!!!!!!!!!!!!!!!!!!!!!!!!!!!!!!!!!!!!
20240622 083946.170 INFO             PET1 !!! THE ESMF_LOG IS SET TO OUTPUT ALL LOG MESSAGES !!!
20240622 083946.170 INFO             PET1 !!!     THIS MAY CAUSE SLOWDOWN IN PERFORMANCE     !!!
20240622 083946.170 INFO             PET1 !!! FOR PRODUCTION RUNS, USE:                      !!!
20240622 083946.170 INFO             PET1 !!!                   ESMF_LOGKIND_Multi_On_Error  !!!
20240622 083946.170 INFO             PET1 !!!!!!!!!!!!!!!!!!!!!!!!!!!!!!!!!!!!!!!!!!!!!!!!!!!!!!
20240622 083946.170 INFO             PET1 Running with ESMF Version   : v8.7.0b07-2-ga1ccd5de8a
20240622 083946.170 INFO             PET1 ESMF library build date/time: "Jun 22 2024" "07:42:05"
20240622 083946.170 INFO             PET1 ESMF library build location : /scratch2/NCEPDEV/stmp1/Gerhard.Theurich/ESMF-Nightly-Testing/nvhpc_24.1_openmpi_O_develop/esmf
20240622 083946.170 INFO             PET1 ESMF_COMM                   : openmpi
20240622 083946.171 INFO             PET1 ESMF_MOAB                   : enabled
20240622 083946.171 INFO             PET1 ESMF_LAPACK                 : enabled
20240622 083946.171 INFO             PET1 ESMF_NETCDF                 : disabled
20240622 083946.171 INFO             PET1 ESMF_PNETCDF                : disabled
20240622 083946.171 INFO             PET1 ESMF_PIO                    : disabled
20240622 083946.171 INFO             PET1 ESMF_YAMLCPP                : enabled
20240622 083946.176 INFO             PET1 ESMF_FieldRedistStoreNF(): Just entered routine.
20240622 083946.223 INFO             PET1 ESMF_FieldRedistStoreNF(): Leaving routine.
20240622 083946.229 INFO             PET1  NUMBER_OF_PROCESSORS            4
20240622 083946.229 INFO             PET1  PASS  Example ESMF_RHandleFromRHandleEx, ESMF_RHandleFromRHandleEx.F90, line 660
20240622 083946.229 INFO             PET1  Finalizing ESMF
20240622 083946.169 INFO             PET2 !!!!!!!!!!!!!!!!!!!!!!!!!!!!!!!!!!!!!!!!!!!!!!!!!!!!!!
20240622 083946.169 INFO             PET2 !!! THE ESMF_LOG IS SET TO OUTPUT ALL LOG MESSAGES !!!
20240622 083946.169 INFO             PET2 !!!     THIS MAY CAUSE SLOWDOWN IN PERFORMANCE     !!!
20240622 083946.169 INFO             PET2 !!! FOR PRODUCTION RUNS, USE:                      !!!
20240622 083946.169 INFO             PET2 !!!                   ESMF_LOGKIND_Multi_On_Error  !!!
20240622 083946.169 INFO             PET2 !!!!!!!!!!!!!!!!!!!!!!!!!!!!!!!!!!!!!!!!!!!!!!!!!!!!!!
20240622 083946.169 INFO             PET2 Running with ESMF Version   : v8.7.0b07-2-ga1ccd5de8a
20240622 083946.170 INFO             PET2 ESMF library build date/time: "Jun 22 2024" "07:42:05"
20240622 083946.170 INFO             PET2 ESMF library build location : /scratch2/NCEPDEV/stmp1/Gerhard.Theurich/ESMF-Nightly-Testing/nvhpc_24.1_openmpi_O_develop/esmf
20240622 083946.170 INFO             PET2 ESMF_COMM                   : openmpi
20240622 083946.170 INFO             PET2 ESMF_MOAB                   : enabled
20240622 083946.170 INFO             PET2 ESMF_LAPACK                 : enabled
20240622 083946.170 INFO             PET2 ESMF_NETCDF                 : disabled
20240622 083946.170 INFO             PET2 ESMF_PNETCDF                : disabled
20240622 083946.170 INFO             PET2 ESMF_PIO                    : disabled
20240622 083946.170 INFO             PET2 ESMF_YAMLCPP                : enabled
20240622 083946.176 INFO             PET2 ESMF_FieldRedistStoreNF(): Just entered routine.
20240622 083946.223 INFO             PET2 ESMF_FieldRedistStoreNF(): Leaving routine.
20240622 083946.226 INFO             PET2  NUMBER_OF_PROCESSORS            4
20240622 083946.226 INFO             PET2  PASS  Example ESMF_RHandleFromRHandleEx, ESMF_RHandleFromRHandleEx.F90, line 660
20240622 083946.226 INFO             PET2  Finalizing ESMF
20240622 083946.170 INFO             PET3 !!!!!!!!!!!!!!!!!!!!!!!!!!!!!!!!!!!!!!!!!!!!!!!!!!!!!!
20240622 083946.170 INFO             PET3 !!! THE ESMF_LOG IS SET TO OUTPUT ALL LOG MESSAGES !!!
20240622 083946.170 INFO             PET3 !!!     THIS MAY CAUSE SLOWDOWN IN PERFORMANCE     !!!
20240622 083946.170 INFO             PET3 !!! FOR PRODUCTION RUNS, USE:                      !!!
20240622 083946.170 INFO             PET3 !!!                   ESMF_LOGKIND_Multi_On_Error  !!!
20240622 083946.170 INFO             PET3 !!!!!!!!!!!!!!!!!!!!!!!!!!!!!!!!!!!!!!!!!!!!!!!!!!!!!!
20240622 083946.170 INFO             PET3 Running with ESMF Version   : v8.7.0b07-2-ga1ccd5de8a
20240622 083946.170 INFO             PET3 ESMF library build date/time: "Jun 22 2024" "07:42:05"
20240622 083946.170 INFO             PET3 ESMF library build location : /scratch2/NCEPDEV/stmp1/Gerhard.Theurich/ESMF-Nightly-Testing/nvhpc_24.1_openmpi_O_develop/esmf
20240622 083946.170 INFO             PET3 ESMF_COMM                   : openmpi
20240622 083946.171 INFO             PET3 ESMF_MOAB                   : enabled
20240622 083946.171 INFO             PET3 ESMF_LAPACK                 : enabled
20240622 083946.171 INFO             PET3 ESMF_NETCDF                 : disabled
20240622 083946.171 INFO             PET3 ESMF_PNETCDF                : disabled
20240622 083946.171 INFO             PET3 ESMF_PIO                    : disabled
20240622 083946.171 INFO             PET3 ESMF_YAMLCPP                : enabled
20240622 083946.176 INFO             PET3 ESMF_FieldRedistStoreNF(): Just entered routine.
20240622 083946.223 INFO             PET3 ESMF_FieldRedistStoreNF(): Leaving routine.
20240622 083946.229 INFO             PET3  NUMBER_OF_PROCESSORS            4
20240622 083946.229 INFO             PET3  PASS  Example ESMF_RHandleFromRHandleEx, ESMF_RHandleFromRHandleEx.F90, line 660
20240622 083946.229 INFO             PET3  Finalizing ESMF
