2024-06-30 07:43:23
20240630 083802.827 INFO             PET0 !!!!!!!!!!!!!!!!!!!!!!!!!!!!!!!!!!!!!!!!!!!!!!!!!!!!!!
20240630 083802.828 INFO             PET0 !!! THE ESMF_LOG IS SET TO OUTPUT ALL LOG MESSAGES !!!
20240630 083802.828 INFO             PET0 !!!     THIS MAY CAUSE SLOWDOWN IN PERFORMANCE     !!!
20240630 083802.828 INFO             PET0 !!! FOR PRODUCTION RUNS, USE:                      !!!
20240630 083802.828 INFO             PET0 !!!                   ESMF_LOGKIND_Multi_On_Error  !!!
20240630 083802.828 INFO             PET0 !!!!!!!!!!!!!!!!!!!!!!!!!!!!!!!!!!!!!!!!!!!!!!!!!!!!!!
20240630 083802.828 INFO             PET0 Running with ESMF Version   : v8.7.0b07-20-g1e77226def
20240630 083802.828 INFO             PET0 ESMF library build date/time: "Jun 30 2024" "07:39:34"
20240630 083802.828 INFO             PET0 ESMF library build location : /scratch2/NCEPDEV/stmp1/Gerhard.Theurich/ESMF-Nightly-Testing/nvhpc_24.1_openmpi_O_develop/esmf
20240630 083802.828 INFO             PET0 ESMF_COMM                   : openmpi
20240630 083802.829 INFO             PET0 ESMF_MOAB                   : enabled
20240630 083802.829 INFO             PET0 ESMF_LAPACK                 : enabled
20240630 083802.829 INFO             PET0 ESMF_NETCDF                 : disabled
20240630 083802.829 INFO             PET0 ESMF_PNETCDF                : disabled
20240630 083802.829 INFO             PET0 ESMF_PIO                    : disabled
20240630 083802.829 INFO             PET0 ESMF_YAMLCPP                : enabled
20240630 083802.829 INFO             PET0  NUMBER_OF_PROCESSORS            1
20240630 083802.830 INFO             PET0  PASS  Example ESMF_ClockEx, ESMF_ClockEx.F90, line 220
20240630 083802.830 INFO             PET0  Finalizing ESMF
