2024-07-08 07:25:07
20240708 075916.426 INFO             PET0 !!!!!!!!!!!!!!!!!!!!!!!!!!!!!!!!!!!!!!!!!!!!!!!!!!!!!!
20240708 075916.427 INFO             PET0 !!! THE ESMF_LOG IS SET TO OUTPUT ALL LOG MESSAGES !!!
20240708 075916.427 INFO             PET0 !!!     THIS MAY CAUSE SLOWDOWN IN PERFORMANCE     !!!
20240708 075916.427 INFO             PET0 !!! FOR PRODUCTION RUNS, USE:                      !!!
20240708 075916.427 INFO             PET0 !!!                   ESMF_LOGKIND_Multi_On_Error  !!!
20240708 075916.427 INFO             PET0 !!!!!!!!!!!!!!!!!!!!!!!!!!!!!!!!!!!!!!!!!!!!!!!!!!!!!!
20240708 075916.427 INFO             PET0 Running with ESMF Version   : v8.7.0b08-12-ga4da9b3757
20240708 075916.427 INFO             PET0 ESMF library build date/time: "Jul  8 2024" "07:22:25"
20240708 075916.427 INFO             PET0 ESMF library build location : /scratch2/NCEPDEV/stmp1/Gerhard.Theurich/ESMF-Nightly-Testing/gfortran_13.2.0_openmpi_g_develop/esmf
20240708 075916.427 INFO             PET0 ESMF_COMM                   : openmpi
20240708 075916.427 INFO             PET0 ESMF_MOAB                   : enabled
20240708 075916.427 INFO             PET0 ESMF_LAPACK                 : enabled
20240708 075916.427 INFO             PET0 ESMF_NETCDF                 : disabled
20240708 075916.427 INFO             PET0 ESMF_PNETCDF                : disabled
20240708 075916.427 INFO             PET0 ESMF_PIO                    : disabled
20240708 075916.427 INFO             PET0 ESMF_YAMLCPP                : enabled
20240708 075916.434 INFO             PET0  NUMBER_OF_PROCESSORS           1
20240708 075916.434 INFO             PET0  PASS  Example ESMF_XGridSparseMatEx, ESMF_XGridSparseMatEx.F90, line 642
20240708 075916.434 INFO             PET0  Finalizing ESMF
