2024-05-19 07:29:21
20240519 080535.559 INFO             PET0 !!!!!!!!!!!!!!!!!!!!!!!!!!!!!!!!!!!!!!!!!!!!!!!!!!!!!!
20240519 080535.559 INFO             PET0 !!! THE ESMF_LOG IS SET TO OUTPUT ALL LOG MESSAGES !!!
20240519 080535.559 INFO             PET0 !!!     THIS MAY CAUSE SLOWDOWN IN PERFORMANCE     !!!
20240519 080535.559 INFO             PET0 !!! FOR PRODUCTION RUNS, USE:                      !!!
20240519 080535.559 INFO             PET0 !!!                   ESMF_LOGKIND_Multi_On_Error  !!!
20240519 080535.559 INFO             PET0 !!!!!!!!!!!!!!!!!!!!!!!!!!!!!!!!!!!!!!!!!!!!!!!!!!!!!!
20240519 080535.559 INFO             PET0 Running with ESMF Version   : v8.7.0b05-86-g6f1fcac0dc
20240519 080535.559 INFO             PET0 ESMF library build date/time: "May 19 2024" "07:26:43"
20240519 080535.559 INFO             PET0 ESMF library build location : /scratch2/NCEPDEV/stmp1/Gerhard.Theurich/ESMF-Nightly-Testing/gfortran_13.2.0_openmpi_g_develop/esmf
20240519 080535.559 INFO             PET0 ESMF_COMM                   : openmpi
20240519 080535.560 INFO             PET0 ESMF_MOAB                   : enabled
20240519 080535.560 INFO             PET0 ESMF_LAPACK                 : enabled
20240519 080535.560 INFO             PET0 ESMF_NETCDF                 : disabled
20240519 080535.560 INFO             PET0 ESMF_PNETCDF                : disabled
20240519 080535.560 INFO             PET0 ESMF_PIO                    : disabled
20240519 080535.560 INFO             PET0 ESMF_YAMLCPP                : enabled
20240519 080535.640 DEBUG            PET0 about to destroy Grid: 0x282fea0
20240519 080535.650 DEBUG            PET0 about to destroy Grid: 0x2834230
20240519 080535.677 INFO             PET0  NUMBER_OF_PROCESSORS           4
20240519 080535.677 INFO             PET0  PASS  Example ESMF_NUOPCAtmModelEx, ESMF_NUOPCAtmModelEx.F90, line 806
20240519 080535.677 INFO             PET0  Finalizing ESMF
20240519 080535.560 INFO             PET1 !!!!!!!!!!!!!!!!!!!!!!!!!!!!!!!!!!!!!!!!!!!!!!!!!!!!!!
20240519 080535.560 INFO             PET1 !!! THE ESMF_LOG IS SET TO OUTPUT ALL LOG MESSAGES !!!
20240519 080535.560 INFO             PET1 !!!     THIS MAY CAUSE SLOWDOWN IN PERFORMANCE     !!!
20240519 080535.560 INFO             PET1 !!! FOR PRODUCTION RUNS, USE:                      !!!
20240519 080535.560 INFO             PET1 !!!                   ESMF_LOGKIND_Multi_On_Error  !!!
20240519 080535.560 INFO             PET1 !!!!!!!!!!!!!!!!!!!!!!!!!!!!!!!!!!!!!!!!!!!!!!!!!!!!!!
20240519 080535.560 INFO             PET1 Running with ESMF Version   : v8.7.0b05-86-g6f1fcac0dc
20240519 080535.560 INFO             PET1 ESMF library build date/time: "May 19 2024" "07:26:43"
20240519 080535.560 INFO             PET1 ESMF library build location : /scratch2/NCEPDEV/stmp1/Gerhard.Theurich/ESMF-Nightly-Testing/gfortran_13.2.0_openmpi_g_develop/esmf
20240519 080535.560 INFO             PET1 ESMF_COMM                   : openmpi
20240519 080535.561 INFO             PET1 ESMF_MOAB                   : enabled
20240519 080535.561 INFO             PET1 ESMF_LAPACK                 : enabled
20240519 080535.561 INFO             PET1 ESMF_NETCDF                 : disabled
20240519 080535.561 INFO             PET1 ESMF_PNETCDF                : disabled
20240519 080535.561 INFO             PET1 ESMF_PIO                    : disabled
20240519 080535.561 INFO             PET1 ESMF_YAMLCPP                : enabled
20240519 080535.640 DEBUG            PET1 about to destroy Grid: 0x1815390
20240519 080535.650 DEBUG            PET1 about to destroy Grid: 0x1816fa0
20240519 080535.677 INFO             PET1  NUMBER_OF_PROCESSORS           4
20240519 080535.677 INFO             PET1  PASS  Example ESMF_NUOPCAtmModelEx, ESMF_NUOPCAtmModelEx.F90, line 806
20240519 080535.677 INFO             PET1  Finalizing ESMF
20240519 080535.559 INFO             PET2 !!!!!!!!!!!!!!!!!!!!!!!!!!!!!!!!!!!!!!!!!!!!!!!!!!!!!!
20240519 080535.559 INFO             PET2 !!! THE ESMF_LOG IS SET TO OUTPUT ALL LOG MESSAGES !!!
20240519 080535.559 INFO             PET2 !!!     THIS MAY CAUSE SLOWDOWN IN PERFORMANCE     !!!
20240519 080535.559 INFO             PET2 !!! FOR PRODUCTION RUNS, USE:                      !!!
20240519 080535.559 INFO             PET2 !!!                   ESMF_LOGKIND_Multi_On_Error  !!!
20240519 080535.559 INFO             PET2 !!!!!!!!!!!!!!!!!!!!!!!!!!!!!!!!!!!!!!!!!!!!!!!!!!!!!!
20240519 080535.559 INFO             PET2 Running with ESMF Version   : v8.7.0b05-86-g6f1fcac0dc
20240519 080535.559 INFO             PET2 ESMF library build date/time: "May 19 2024" "07:26:43"
20240519 080535.559 INFO             PET2 ESMF library build location : /scratch2/NCEPDEV/stmp1/Gerhard.Theurich/ESMF-Nightly-Testing/gfortran_13.2.0_openmpi_g_develop/esmf
20240519 080535.559 INFO             PET2 ESMF_COMM                   : openmpi
20240519 080535.560 INFO             PET2 ESMF_MOAB                   : enabled
20240519 080535.560 INFO             PET2 ESMF_LAPACK                 : enabled
20240519 080535.560 INFO             PET2 ESMF_NETCDF                 : disabled
20240519 080535.560 INFO             PET2 ESMF_PNETCDF                : disabled
20240519 080535.560 INFO             PET2 ESMF_PIO                    : disabled
20240519 080535.560 INFO             PET2 ESMF_YAMLCPP                : enabled
20240519 080535.640 DEBUG            PET2 about to destroy Grid: 0x2285d60
20240519 080535.650 DEBUG            PET2 about to destroy Grid: 0x2287ac0
20240519 080535.677 INFO             PET2  NUMBER_OF_PROCESSORS           4
20240519 080535.677 INFO             PET2  PASS  Example ESMF_NUOPCAtmModelEx, ESMF_NUOPCAtmModelEx.F90, line 806
20240519 080535.677 INFO             PET2  Finalizing ESMF
20240519 080535.560 INFO             PET3 !!!!!!!!!!!!!!!!!!!!!!!!!!!!!!!!!!!!!!!!!!!!!!!!!!!!!!
20240519 080535.560 INFO             PET3 !!! THE ESMF_LOG IS SET TO OUTPUT ALL LOG MESSAGES !!!
20240519 080535.560 INFO             PET3 !!!     THIS MAY CAUSE SLOWDOWN IN PERFORMANCE     !!!
20240519 080535.560 INFO             PET3 !!! FOR PRODUCTION RUNS, USE:                      !!!
20240519 080535.560 INFO             PET3 !!!                   ESMF_LOGKIND_Multi_On_Error  !!!
20240519 080535.560 INFO             PET3 !!!!!!!!!!!!!!!!!!!!!!!!!!!!!!!!!!!!!!!!!!!!!!!!!!!!!!
20240519 080535.560 INFO             PET3 Running with ESMF Version   : v8.7.0b05-86-g6f1fcac0dc
20240519 080535.560 INFO             PET3 ESMF library build date/time: "May 19 2024" "07:26:43"
20240519 080535.560 INFO             PET3 ESMF library build location : /scratch2/NCEPDEV/stmp1/Gerhard.Theurich/ESMF-Nightly-Testing/gfortran_13.2.0_openmpi_g_develop/esmf
20240519 080535.560 INFO             PET3 ESMF_COMM                   : openmpi
20240519 080535.561 INFO             PET3 ESMF_MOAB                   : enabled
20240519 080535.561 INFO             PET3 ESMF_LAPACK                 : enabled
20240519 080535.561 INFO             PET3 ESMF_NETCDF                 : disabled
20240519 080535.561 INFO             PET3 ESMF_PNETCDF                : disabled
20240519 080535.561 INFO             PET3 ESMF_PIO                    : disabled
20240519 080535.561 INFO             PET3 ESMF_YAMLCPP                : enabled
20240519 080535.640 DEBUG            PET3 about to destroy Grid: 0x21d03f0
20240519 080535.650 DEBUG            PET3 about to destroy Grid: 0x21d1ec0
20240519 080535.677 INFO             PET3  NUMBER_OF_PROCESSORS           4
20240519 080535.677 INFO             PET3  PASS  Example ESMF_NUOPCAtmModelEx, ESMF_NUOPCAtmModelEx.F90, line 806
20240519 080535.677 INFO             PET3  Finalizing ESMF
