2024-07-24 04:38:40

mainApp:32909 terminated with signal 11 at PC=43cfa0 SP=7ffff8f71ec0.  Backtrace:

mainApp:32910 terminated with signal 11 at PC=43cfb7 SP=7ffe8006ea00.  Backtrace:

mainApp:32911 terminated with signal 11 at PC=43cfd3 SP=7fffbc099190.  Backtrace:
/tmp/intel_2023.1.0-oneAPI_mpi_O_feature_numa/nuopc-app-prototypes/CustomFieldDictionaryProto/./mainApp[0x43cfa0]
/tmp/intel_2023.1.0-oneAPI_mpi_O_feature_numa/nuopc-app-prototypes/CustomFieldDictionaryProto/./mainApp[0x43cfd3]
/tmp/intel_2023.1.0-oneAPI_mpi_O_feature_numa/nuopc-app-prototypes/CustomFieldDictionaryProto/./mainApp[0x43dfa0]
/tmp/intel_2023.1.0-oneAPI_mpi_O_feature_numa/nuopc-app-prototypes/CustomFieldDictionaryProto/./mainApp[0x43dfa0]
/tmp/intel_2023.1.0-oneAPI_mpi_O_feature_numa/nuopc-app-prototypes/CustomFieldDictionaryProto/./mainApp[0x43d145]
/tmp/intel_2023.1.0-oneAPI_mpi_O_feature_numa/nuopc-app-prototypes/CustomFieldDictionaryProto/./mainApp[0x43cfb7]
/tmp/intel_2023.1.0-oneAPI_mpi_O_feature_numa/nuopc-app-prototypes/CustomFieldDictionaryProto/./mainApp[0x43dfa0]
/tmp/intel_2023.1.0-oneAPI_mpi_O_feature_numa/nuopc-app-prototypes/CustomFieldDictionaryProto/./mainApp[0x43d145]
/tmp/intel_2023.1.0-oneAPI_mpi_O_feature_numa/nuopc-app-prototypes/CustomFieldDictionaryProto/./mainApp[0x43d145]
/tmp/intel_2023.1.0-oneAPI_mpi_O_feature_numa/esmf/DEFAULTINSTALLDIR/lib/libO/Unicos.intel.64.mpi.default/libesmf.so(f_esmf_compcollectgarbage2_+0x2f1)[0x7f53c5ccf031]
/tmp/intel_2023.1.0-oneAPI_mpi_O_feature_numa/esmf/DEFAULTINSTALLDIR/lib/libO/Unicos.intel.64.mpi.default/libesmf.so(f_esmf_compcollectgarbage2_+0x2f1)[0x7f4269e92031]
/tmp/intel_2023.1.0-oneAPI_mpi_O_feature_numa/esmf/DEFAULTINSTALLDIR/lib/libO/Unicos.intel.64.mpi.default/libesmf.so(f_esmf_compcollectgarbage2_+0x2f1)[0x7f982a26d031]
/tmp/intel_2023.1.0-oneAPI_mpi_O_feature_numa/esmf/DEFAULTINSTALLDIR/lib/libO/Unicos.intel.64.mpi.default/libesmf.so(_ZN5ESMCI2VM8finalizeEP12ESMC_LogicalPi+0x34f)[0x7f4269ceb02f]
/tmp/intel_2023.1.0-oneAPI_mpi_O_feature_numa/esmf/DEFAULTINSTALLDIR/lib/libO/Unicos.intel.64.mpi.default/libesmf.so(_ZN5ESMCI2VM8finalizeEP12ESMC_LogicalPi+0x34f)[0x7f53c5b2802f]
/tmp/intel_2023.1.0-oneAPI_mpi_O_feature_numa/esmf/DEFAULTINSTALLDIR/lib/libO/Unicos.intel.64.mpi.default/libesmf.so(_ZN5ESMCI2VM8finalizeEP12ESMC_LogicalPi+0x34f)[0x7f982a0c602f]
/tmp/intel_2023.1.0-oneAPI_mpi_O_feature_numa/esmf/DEFAULTINSTALLDIR/lib/libO/Unicos.intel.64.mpi.default/libesmf.so(c_esmc_vmfinalize_+0x25)[0x7f4269cc8ca5]
/tmp/intel_2023.1.0-oneAPI_mpi_O_feature_numa/esmf/DEFAULTINSTALLDIR/lib/libO/Unicos.intel.64.mpi.default/libesmf.so(c_esmc_vmfinalize_+0x25)[0x7f53c5b05ca5]
/tmp/intel_2023.1.0-oneAPI_mpi_O_feature_numa/esmf/DEFAULTINSTALLDIR/lib/libO/Unicos.intel.64.mpi.default/libesmf.so(c_esmc_vmfinalize_+0x25)[0x7f982a0a3ca5]
/tmp/intel_2023.1.0-oneAPI_mpi_O_feature_numa/esmf/DEFAULTINSTALLDIR/lib/libO/Unicos.intel.64.mpi.default/libesmf.so(esmf_vmmod_mp_esmf_vmfinalize_+0x1c)[0x7f426a3e6b1c]
/tmp/intel_2023.1.0-oneAPI_mpi_O_feature_numa/esmf/DEFAULTINSTALLDIR/lib/libO/Unicos.intel.64.mpi.default/libesmf.so(esmf_vmmod_mp_esmf_vmfinalize_+0x1c)[0x7f53c6223b1c]
/tmp/intel_2023.1.0-oneAPI_mpi_O_feature_numa/esmf/DEFAULTINSTALLDIR/lib/libO/Unicos.intel.64.mpi.default/libesmf.so(esmf_vmmod_mp_esmf_vmfinalize_+0x1c)[0x7f982a7c1b1c]
/tmp/intel_2023.1.0-oneAPI_mpi_O_feature_numa/esmf/DEFAULTINSTALLDIR/lib/libO/Unicos.intel.64.mpi.default/libesmf.so(esmf_initmod_mp_esmf_finalize_+0x66b)[0x7f426a1eef4b]
/tmp/intel_2023.1.0-oneAPI_mpi_O_feature_numa/nuopc-app-prototypes/CustomFieldDictionaryProto/./mainApp[0x4168d7]
/tmp/intel_2023.1.0-oneAPI_mpi_O_feature_numa/esmf/DEFAULTINSTALLDIR/lib/libO/Unicos.intel.64.mpi.default/libesmf.so(esmf_initmod_mp_esmf_finalize_+0x66b)[0x7f53c602bf4b]
/tmp/intel_2023.1.0-oneAPI_mpi_O_feature_numa/nuopc-app-prototypes/CustomFieldDictionaryProto/./mainApp[0x41607d]
/tmp/intel_2023.1.0-oneAPI_mpi_O_feature_numa/nuopc-app-prototypes/CustomFieldDictionaryProto/./mainApp[0x4168d7]
/tmp/intel_2023.1.0-oneAPI_mpi_O_feature_numa/nuopc-app-prototypes/CustomFieldDictionaryProto/./mainApp[0x41607d]
/lib64/libc.so.6(__libc_start_main+0xef)[0x7f426503e24d]
/tmp/intel_2023.1.0-oneAPI_mpi_O_feature_numa/nuopc-app-prototypes/CustomFieldDictionaryProto/./mainApp[0x415faa]
/lib64/libc.so.6(__libc_start_main+0xef)[0x7f53c0e3e24d]
/tmp/intel_2023.1.0-oneAPI_mpi_O_feature_numa/nuopc-app-prototypes/CustomFieldDictionaryProto/./mainApp[0x415faa]
/tmp/intel_2023.1.0-oneAPI_mpi_O_feature_numa/esmf/DEFAULTINSTALLDIR/lib/libO/Unicos.intel.64.mpi.default/libesmf.so(esmf_initmod_mp_esmf_finalize_+0x66b)[0x7f982a5c9f4b]
/tmp/intel_2023.1.0-oneAPI_mpi_O_feature_numa/nuopc-app-prototypes/CustomFieldDictionaryProto/./mainApp[0x4168d7]
/tmp/intel_2023.1.0-oneAPI_mpi_O_feature_numa/nuopc-app-prototypes/CustomFieldDictionaryProto/./mainApp[0x41607d]
/lib64/libc.so.6(__libc_start_main+0xef)[0x7f982543e24d]
/tmp/intel_2023.1.0-oneAPI_mpi_O_feature_numa/nuopc-app-prototypes/CustomFieldDictionaryProto/./mainApp[0x415faa]
srun: error: c5n1587: tasks 1-3: Exited with exit code 1
srun: Terminating StepId=135082479.378
slurmstepd: error: *** STEP 135082479.378 ON c5n1587 CANCELLED AT 2024-07-24T05:07:57 ***
forrtl: error (78): process killed (SIGTERM)
Image              PC                Routine            Line        Source             
libpthread-2.31.s  00007F5F86FCE910  Unknown               Unknown  Unknown
libc-2.31.so       00007F5F83705B57  __sched_yield         Unknown  Unknown
libmpi_intel.so.1  00007F5F85301ADE  Unknown               Unknown  Unknown
libmpi_intel.so.1  00007F5F8609DA16  Unknown               Unknown  Unknown
libmpi_intel.so.1  00007F5F860B0169  Unknown               Unknown  Unknown
libmpi_intel.so.1  00007F5F85FB858C  Unknown               Unknown  Unknown
libmpi_intel.so.1  00007F5F845A3D11  Unknown               Unknown  Unknown
libmpi_intel.so.1  00007F5F845A3EF5  Unknown               Unknown  Unknown
libmpi_intel.so.1  00007F5F8629D5F0  Unknown               Unknown  Unknown
libmpi_intel.so.1  00007F5F860DD0FC  Unknown               Unknown  Unknown
libmpi_intel.so.1  00007F5F860DB00C  Unknown               Unknown  Unknown
libmpi_intel.so.1  00007F5F84867C01  Unknown               Unknown  Unknown
libmpi_intel.so.1  00007F5F860DF380  Unknown               Unknown  Unknown
libmpi_intel.so.1  00007F5F8629E3D3  Unknown               Unknown  Unknown
libmpi_intel.so.1  00007F5F84691200  Unknown               Unknown  Unknown
libmpi_intel.so.1  00007F5F8469173F  PMPI_Barrier          Unknown  Unknown
libdarshan.so.0.0  00007F5F870095A7  darshan_core_shut     Unknown  Unknown
libdarshan.so.0.0  00007F5F8700823E  MPI_Finalize          Unknown  Unknown
libesmf.so         00007F5F8819A00F  _ZN5ESMCI3VMK8fin     Unknown  Unknown
libesmf.so         00007F5F881B7122  _ZN5ESMCI2VM8fina     Unknown  Unknown
libesmf.so         00007F5F88194CA5  c_esmc_vmfinalize     Unknown  Unknown
libesmf.so         00007F5F888B2B1C  esmf_vmmod_mp_esm     Unknown  Unknown
libesmf.so         00007F5F886BAF4B  esmf_initmod_mp_e     Unknown  Unknown
mainApp            00000000004168D7  Unknown               Unknown  Unknown
mainApp            000000000041607D  Unknown               Unknown  Unknown
libc-2.31.so       00007F5F8363E24D  __libc_start_main     Unknown  Unknown
mainApp            0000000000415FAA  Unknown               Unknown  Unknown
srun: error: c5n1587: task 0: Killed
srun: Force Terminated StepId=135082479.378
