2024-07-23 04:47:30

mainApp:169717 terminated with signal 11 at PC=43e033 SP=7ffecc05e450.  Backtrace:

mainApp:169718 terminated with signal 11 at PC=43e033 SP=7ffc74e4a9d0.  Backtrace:
/tmp/intel_2023.1.0-oneAPI_mpi_O_feature_numa/nuopc-app-prototypes/DriverInDriverProto/./mainApp[0x43e033]
/tmp/intel_2023.1.0-oneAPI_mpi_O_feature_numa/nuopc-app-prototypes/DriverInDriverProto/./mainApp[0x43f000]
/tmp/intel_2023.1.0-oneAPI_mpi_O_feature_numa/nuopc-app-prototypes/DriverInDriverProto/./mainApp[0x43e1a5]
/tmp/intel_2023.1.0-oneAPI_mpi_O_feature_numa/nuopc-app-prototypes/DriverInDriverProto/./mainApp[0x43e033]
/tmp/intel_2023.1.0-oneAPI_mpi_O_feature_numa/nuopc-app-prototypes/DriverInDriverProto/./mainApp[0x43f000]
/tmp/intel_2023.1.0-oneAPI_mpi_O_feature_numa/nuopc-app-prototypes/DriverInDriverProto/./mainApp[0x43e1a5]
/tmp/intel_2023.1.0-oneAPI_mpi_O_feature_numa/esmf/DEFAULTINSTALLDIR/lib/libO/Unicos.intel.64.mpi.default/libesmf.so(f_esmf_compcollectgarbage2_+0x2f1)[0x7f3838620031]
/tmp/intel_2023.1.0-oneAPI_mpi_O_feature_numa/esmf/DEFAULTINSTALLDIR/lib/libO/Unicos.intel.64.mpi.default/libesmf.so(f_esmf_compcollectgarbage2_+0x2f1)[0x7fc0895dc031]
/tmp/intel_2023.1.0-oneAPI_mpi_O_feature_numa/esmf/DEFAULTINSTALLDIR/lib/libO/Unicos.intel.64.mpi.default/libesmf.so(_ZN5ESMCI2VM8finalizeEP12ESMC_LogicalPi+0x34f)[0x7f383847902f]
/tmp/intel_2023.1.0-oneAPI_mpi_O_feature_numa/esmf/DEFAULTINSTALLDIR/lib/libO/Unicos.intel.64.mpi.default/libesmf.so(_ZN5ESMCI2VM8finalizeEP12ESMC_LogicalPi+0x34f)[0x7fc08943502f]
/tmp/intel_2023.1.0-oneAPI_mpi_O_feature_numa/esmf/DEFAULTINSTALLDIR/lib/libO/Unicos.intel.64.mpi.default/libesmf.so(c_esmc_vmfinalize_+0x25)[0x7f3838456ca5]
/tmp/intel_2023.1.0-oneAPI_mpi_O_feature_numa/esmf/DEFAULTINSTALLDIR/lib/libO/Unicos.intel.64.mpi.default/libesmf.so(c_esmc_vmfinalize_+0x25)[0x7fc089412ca5]
/tmp/intel_2023.1.0-oneAPI_mpi_O_feature_numa/esmf/DEFAULTINSTALLDIR/lib/libO/Unicos.intel.64.mpi.default/libesmf.so(esmf_vmmod_mp_esmf_vmfinalize_+0x1c)[0x7f3838b74b1c]
/tmp/intel_2023.1.0-oneAPI_mpi_O_feature_numa/esmf/DEFAULTINSTALLDIR/lib/libO/Unicos.intel.64.mpi.default/libesmf.so(esmf_vmmod_mp_esmf_vmfinalize_+0x1c)[0x7fc089b30b1c]
/tmp/intel_2023.1.0-oneAPI_mpi_O_feature_numa/esmf/DEFAULTINSTALLDIR/lib/libO/Unicos.intel.64.mpi.default/libesmf.so(esmf_initmod_mp_esmf_finalize_+0x66b)[0x7f383897cf4b]
/tmp/intel_2023.1.0-oneAPI_mpi_O_feature_numa/nuopc-app-prototypes/DriverInDriverProto/./mainApp[0x416795]
/tmp/intel_2023.1.0-oneAPI_mpi_O_feature_numa/esmf/DEFAULTINSTALLDIR/lib/libO/Unicos.intel.64.mpi.default/libesmf.so(esmf_initmod_mp_esmf_finalize_+0x66b)[0x7fc089938f4b]
/tmp/intel_2023.1.0-oneAPI_mpi_O_feature_numa/nuopc-app-prototypes/DriverInDriverProto/./mainApp[0x416795]
/tmp/intel_2023.1.0-oneAPI_mpi_O_feature_numa/nuopc-app-prototypes/DriverInDriverProto/./mainApp[0x41617d]
/tmp/intel_2023.1.0-oneAPI_mpi_O_feature_numa/nuopc-app-prototypes/DriverInDriverProto/./mainApp[0x41617d]
/lib64/libc.so.6(__libc_start_main+0xef)[0x7f383383e24d]
/tmp/intel_2023.1.0-oneAPI_mpi_O_feature_numa/nuopc-app-prototypes/DriverInDriverProto/./mainApp[0x4160aa]
/lib64/libc.so.6(__libc_start_main+0xef)[0x7fc08483e24d]
/tmp/intel_2023.1.0-oneAPI_mpi_O_feature_numa/nuopc-app-prototypes/DriverInDriverProto/./mainApp[0x4160aa]

mainApp:169716 terminated with signal 11 at PC=43e000 SP=7fff331ca580.  Backtrace:
/tmp/intel_2023.1.0-oneAPI_mpi_O_feature_numa/nuopc-app-prototypes/DriverInDriverProto/./mainApp[0x43e000]
/tmp/intel_2023.1.0-oneAPI_mpi_O_feature_numa/nuopc-app-prototypes/DriverInDriverProto/./mainApp[0x43f000]
/tmp/intel_2023.1.0-oneAPI_mpi_O_feature_numa/nuopc-app-prototypes/DriverInDriverProto/./mainApp[0x43e1a5]
/tmp/intel_2023.1.0-oneAPI_mpi_O_feature_numa/esmf/DEFAULTINSTALLDIR/lib/libO/Unicos.intel.64.mpi.default/libesmf.so(f_esmf_compcollectgarbage2_+0x2f1)[0x7fea79648031]
/tmp/intel_2023.1.0-oneAPI_mpi_O_feature_numa/esmf/DEFAULTINSTALLDIR/lib/libO/Unicos.intel.64.mpi.default/libesmf.so(_ZN5ESMCI2VM8finalizeEP12ESMC_LogicalPi+0x34f)[0x7fea794a102f]
/tmp/intel_2023.1.0-oneAPI_mpi_O_feature_numa/esmf/DEFAULTINSTALLDIR/lib/libO/Unicos.intel.64.mpi.default/libesmf.so(c_esmc_vmfinalize_+0x25)[0x7fea7947eca5]
/tmp/intel_2023.1.0-oneAPI_mpi_O_feature_numa/esmf/DEFAULTINSTALLDIR/lib/libO/Unicos.intel.64.mpi.default/libesmf.so(esmf_vmmod_mp_esmf_vmfinalize_+0x1c)[0x7fea79b9cb1c]
/tmp/intel_2023.1.0-oneAPI_mpi_O_feature_numa/esmf/DEFAULTINSTALLDIR/lib/libO/Unicos.intel.64.mpi.default/libesmf.so(esmf_initmod_mp_esmf_finalize_+0x66b)[0x7fea799a4f4b]
/tmp/intel_2023.1.0-oneAPI_mpi_O_feature_numa/nuopc-app-prototypes/DriverInDriverProto/./mainApp[0x416795]
/tmp/intel_2023.1.0-oneAPI_mpi_O_feature_numa/nuopc-app-prototypes/DriverInDriverProto/./mainApp[0x41617d]
/lib64/libc.so.6(__libc_start_main+0xef)[0x7fea7483e24d]
/tmp/intel_2023.1.0-oneAPI_mpi_O_feature_numa/nuopc-app-prototypes/DriverInDriverProto/./mainApp[0x4160aa]
srun: error: c5n0908: tasks 1-3: Exited with exit code 1
srun: Terminating StepId=135081465.380
slurmstepd: error: *** STEP 135081465.380 ON c5n0908 CANCELLED AT 2024-07-23T05:12:59 ***
forrtl: error (78): process killed (SIGTERM)
Image              PC                Routine            Line        Source             
libpthread-2.31.s  00007FB52BFF2910  Unknown               Unknown  Unknown
libc-2.31.so       00007FB528705B57  __sched_yield         Unknown  Unknown
libmpi_intel.so.1  00007FB52A301ADE  Unknown               Unknown  Unknown
libmpi_intel.so.1  00007FB52B09DA16  Unknown               Unknown  Unknown
libmpi_intel.so.1  00007FB52B0B0169  Unknown               Unknown  Unknown
libmpi_intel.so.1  00007FB52AFB858C  Unknown               Unknown  Unknown
libmpi_intel.so.1  00007FB5295A3D11  Unknown               Unknown  Unknown
libmpi_intel.so.1  00007FB5295A3EF5  Unknown               Unknown  Unknown
libmpi_intel.so.1  00007FB52B29D5F0  Unknown               Unknown  Unknown
libmpi_intel.so.1  00007FB52B0DD0FC  Unknown               Unknown  Unknown
libmpi_intel.so.1  00007FB52B0DB00C  Unknown               Unknown  Unknown
libmpi_intel.so.1  00007FB529867C01  Unknown               Unknown  Unknown
libmpi_intel.so.1  00007FB52B0DF380  Unknown               Unknown  Unknown
libmpi_intel.so.1  00007FB52B29E3D3  Unknown               Unknown  Unknown
libmpi_intel.so.1  00007FB529691200  Unknown               Unknown  Unknown
libmpi_intel.so.1  00007FB52969173F  PMPI_Barrier          Unknown  Unknown
libdarshan.so.0.0  00007FB52C0095A7  darshan_core_shut     Unknown  Unknown
libdarshan.so.0.0  00007FB52C00823E  MPI_Finalize          Unknown  Unknown
libesmf.so         00007FB52D1A700F  _ZN5ESMCI3VMK8fin     Unknown  Unknown
libesmf.so         00007FB52D1C4122  _ZN5ESMCI2VM8fina     Unknown  Unknown
libesmf.so         00007FB52D1A1CA5  c_esmc_vmfinalize     Unknown  Unknown
libesmf.so         00007FB52D8BFB1C  esmf_vmmod_mp_esm     Unknown  Unknown
libesmf.so         00007FB52D6C7F4B  esmf_initmod_mp_e     Unknown  Unknown
mainApp            0000000000416795  Unknown               Unknown  Unknown
mainApp            000000000041617D  Unknown               Unknown  Unknown
libc-2.31.so       00007FB52863E24D  __libc_start_main     Unknown  Unknown
mainApp            00000000004160AA  Unknown               Unknown  Unknown
srun: error: c5n0908: task 0: Killed
srun: Force Terminated StepId=135081465.380
