2024-07-23 04:47:30

mainApp:170371 terminated with signal 11 at PC=43e6f3 SP=7ffc439fbce0.  Backtrace:

mainApp:170370 terminated with signal 11 at PC=43e6d7 SP=7ffdd106b0d0.  Backtrace:

mainApp:170372 terminated with signal 11 at PC=43e701 SP=7ffe2cdc38c0.  Backtrace:
/tmp/intel_2023.1.0-oneAPI_mpi_O_feature_numa/nuopc-app-prototypes/NamespaceProto/./mainApp[0x43e6d7]
/tmp/intel_2023.1.0-oneAPI_mpi_O_feature_numa/nuopc-app-prototypes/NamespaceProto/./mainApp[0x43f6c0]
/tmp/intel_2023.1.0-oneAPI_mpi_O_feature_numa/nuopc-app-prototypes/NamespaceProto/./mainApp[0x43e865]
/tmp/intel_2023.1.0-oneAPI_mpi_O_feature_numa/nuopc-app-prototypes/NamespaceProto/./mainApp[0x43e6f3]
/tmp/intel_2023.1.0-oneAPI_mpi_O_feature_numa/nuopc-app-prototypes/NamespaceProto/./mainApp[0x43f6c0]
/tmp/intel_2023.1.0-oneAPI_mpi_O_feature_numa/nuopc-app-prototypes/NamespaceProto/./mainApp[0x43e865]
/tmp/intel_2023.1.0-oneAPI_mpi_O_feature_numa/nuopc-app-prototypes/NamespaceProto/./mainApp[0x43e701]
/tmp/intel_2023.1.0-oneAPI_mpi_O_feature_numa/nuopc-app-prototypes/NamespaceProto/./mainApp[0x43f6c0]
/tmp/intel_2023.1.0-oneAPI_mpi_O_feature_numa/nuopc-app-prototypes/NamespaceProto/./mainApp[0x43e865]
/tmp/intel_2023.1.0-oneAPI_mpi_O_feature_numa/esmf/DEFAULTINSTALLDIR/lib/libO/Unicos.intel.64.mpi.default/libesmf.so(f_esmf_compcollectgarbage2_+0x2f1)[0x7fa9835ea031]
/tmp/intel_2023.1.0-oneAPI_mpi_O_feature_numa/esmf/DEFAULTINSTALLDIR/lib/libO/Unicos.intel.64.mpi.default/libesmf.so(f_esmf_compcollectgarbage2_+0x2f1)[0x7f021324e031]
/tmp/intel_2023.1.0-oneAPI_mpi_O_feature_numa/esmf/DEFAULTINSTALLDIR/lib/libO/Unicos.intel.64.mpi.default/libesmf.so(f_esmf_compcollectgarbage2_+0x2f1)[0x7f005bfe2031]
/tmp/intel_2023.1.0-oneAPI_mpi_O_feature_numa/esmf/DEFAULTINSTALLDIR/lib/libO/Unicos.intel.64.mpi.default/libesmf.so(_ZN5ESMCI2VM8finalizeEP12ESMC_LogicalPi+0x34f)[0x7fa98344302f]
/tmp/intel_2023.1.0-oneAPI_mpi_O_feature_numa/esmf/DEFAULTINSTALLDIR/lib/libO/Unicos.intel.64.mpi.default/libesmf.so(_ZN5ESMCI2VM8finalizeEP12ESMC_LogicalPi+0x34f)[0x7f02130a702f]
/tmp/intel_2023.1.0-oneAPI_mpi_O_feature_numa/esmf/DEFAULTINSTALLDIR/lib/libO/Unicos.intel.64.mpi.default/libesmf.so(_ZN5ESMCI2VM8finalizeEP12ESMC_LogicalPi+0x34f)[0x7f005be3b02f]
/tmp/intel_2023.1.0-oneAPI_mpi_O_feature_numa/esmf/DEFAULTINSTALLDIR/lib/libO/Unicos.intel.64.mpi.default/libesmf.so(c_esmc_vmfinalize_+0x25)[0x7f0213084ca5]
/tmp/intel_2023.1.0-oneAPI_mpi_O_feature_numa/esmf/DEFAULTINSTALLDIR/lib/libO/Unicos.intel.64.mpi.default/libesmf.so(c_esmc_vmfinalize_+0x25)[0x7fa983420ca5]
/tmp/intel_2023.1.0-oneAPI_mpi_O_feature_numa/esmf/DEFAULTINSTALLDIR/lib/libO/Unicos.intel.64.mpi.default/libesmf.so(c_esmc_vmfinalize_+0x25)[0x7f005be18ca5]
/tmp/intel_2023.1.0-oneAPI_mpi_O_feature_numa/esmf/DEFAULTINSTALLDIR/lib/libO/Unicos.intel.64.mpi.default/libesmf.so(esmf_vmmod_mp_esmf_vmfinalize_+0x1c)[0x7f02137a2b1c]
/tmp/intel_2023.1.0-oneAPI_mpi_O_feature_numa/esmf/DEFAULTINSTALLDIR/lib/libO/Unicos.intel.64.mpi.default/libesmf.so(esmf_vmmod_mp_esmf_vmfinalize_+0x1c)[0x7f005c536b1c]
/tmp/intel_2023.1.0-oneAPI_mpi_O_feature_numa/esmf/DEFAULTINSTALLDIR/lib/libO/Unicos.intel.64.mpi.default/libesmf.so(esmf_vmmod_mp_esmf_vmfinalize_+0x1c)[0x7fa983b3eb1c]
/tmp/intel_2023.1.0-oneAPI_mpi_O_feature_numa/esmf/DEFAULTINSTALLDIR/lib/libO/Unicos.intel.64.mpi.default/libesmf.so(esmf_initmod_mp_esmf_finalize_+0x66b)[0x7f02135aaf4b]
/tmp/intel_2023.1.0-oneAPI_mpi_O_feature_numa/nuopc-app-prototypes/NamespaceProto/./mainApp[0x416795]
/tmp/intel_2023.1.0-oneAPI_mpi_O_feature_numa/nuopc-app-prototypes/NamespaceProto/./mainApp[0x41617d]
/lib64/libc.so.6(__libc_start_main+0xef)[0x7f020e43e24d]
/tmp/intel_2023.1.0-oneAPI_mpi_O_feature_numa/nuopc-app-prototypes/NamespaceProto/./mainApp[0x4160aa]
/tmp/intel_2023.1.0-oneAPI_mpi_O_feature_numa/esmf/DEFAULTINSTALLDIR/lib/libO/Unicos.intel.64.mpi.default/libesmf.so(esmf_initmod_mp_esmf_finalize_+0x66b)[0x7f005c33ef4b]
/tmp/intel_2023.1.0-oneAPI_mpi_O_feature_numa/nuopc-app-prototypes/NamespaceProto/./mainApp[0x416795]
/tmp/intel_2023.1.0-oneAPI_mpi_O_feature_numa/nuopc-app-prototypes/NamespaceProto/./mainApp[0x41617d]
/tmp/intel_2023.1.0-oneAPI_mpi_O_feature_numa/esmf/DEFAULTINSTALLDIR/lib/libO/Unicos.intel.64.mpi.default/libesmf.so(esmf_initmod_mp_esmf_finalize_+0x66b)[0x7fa983946f4b]
/lib64/libc.so.6(__libc_start_main+0xef)[0x7f005723e24d]
/tmp/intel_2023.1.0-oneAPI_mpi_O_feature_numa/nuopc-app-prototypes/NamespaceProto/./mainApp[0x416795]
/tmp/intel_2023.1.0-oneAPI_mpi_O_feature_numa/nuopc-app-prototypes/NamespaceProto/./mainApp[0x41617d]
/tmp/intel_2023.1.0-oneAPI_mpi_O_feature_numa/nuopc-app-prototypes/NamespaceProto/./mainApp[0x4160aa]
/lib64/libc.so.6(__libc_start_main+0xef)[0x7fa97e83e24d]
/tmp/intel_2023.1.0-oneAPI_mpi_O_feature_numa/nuopc-app-prototypes/NamespaceProto/./mainApp[0x4160aa]
srun: error: c5n0908: tasks 1-3: Exited with exit code 1
srun: Terminating StepId=135081465.386
slurmstepd: error: *** STEP 135081465.386 ON c5n0908 CANCELLED AT 2024-07-23T05:13:48 ***
forrtl: error (78): process killed (SIGTERM)
Image              PC                Routine            Line        Source             
libpthread-2.31.s  00007F6D385C7910  Unknown               Unknown  Unknown
libc-2.31.so       00007F6D34D05B57  __sched_yield         Unknown  Unknown
libmpi_intel.so.1  00007F6D36901ADE  Unknown               Unknown  Unknown
libmpi_intel.so.1  00007F6D3769DA16  Unknown               Unknown  Unknown
libmpi_intel.so.1  00007F6D376B0169  Unknown               Unknown  Unknown
libmpi_intel.so.1  00007F6D375B858C  Unknown               Unknown  Unknown
libmpi_intel.so.1  00007F6D35BA3D11  Unknown               Unknown  Unknown
libmpi_intel.so.1  00007F6D35BA3EF5  Unknown               Unknown  Unknown
libmpi_intel.so.1  00007F6D3789D5F0  Unknown               Unknown  Unknown
libmpi_intel.so.1  00007F6D376DD0FC  Unknown               Unknown  Unknown
libmpi_intel.so.1  00007F6D376DB00C  Unknown               Unknown  Unknown
libmpi_intel.so.1  00007F6D35E67C01  Unknown               Unknown  Unknown
libmpi_intel.so.1  00007F6D376DF380  Unknown               Unknown  Unknown
libmpi_intel.so.1  00007F6D3789E3D3  Unknown               Unknown  Unknown
libmpi_intel.so.1  00007F6D35C91200  Unknown               Unknown  Unknown
libmpi_intel.so.1  00007F6D35C9173F  PMPI_Barrier          Unknown  Unknown
libdarshan.so.0.0  00007F6D386095A7  darshan_core_shut     Unknown  Unknown
libdarshan.so.0.0  00007F6D3860823E  MPI_Finalize          Unknown  Unknown
libesmf.so         00007F6D3977700F  _ZN5ESMCI3VMK8fin     Unknown  Unknown
libesmf.so         00007F6D39794122  _ZN5ESMCI2VM8fina     Unknown  Unknown
libesmf.so         00007F6D39771CA5  c_esmc_vmfinalize     Unknown  Unknown
libesmf.so         00007F6D39E8FB1C  esmf_vmmod_mp_esm     Unknown  Unknown
libesmf.so         00007F6D39C97F4B  esmf_initmod_mp_e     Unknown  Unknown
mainApp            0000000000416795  Unknown               Unknown  Unknown
mainApp            000000000041617D  Unknown               Unknown  Unknown
libc-2.31.so       00007F6D34C3E24D  __libc_start_main     Unknown  Unknown
mainApp            00000000004160AA  Unknown               Unknown  Unknown
srun: error: c5n0908: task 0: Killed
srun: Force Terminated StepId=135081465.386
