2024-07-23 04:47:30
 NUOPC_DriverPrint for PET:           0
   Model, Mediator, and Driver components, in the order
   that they were added to the Driver:
           1 :  advectDiff_Parent
           2 :  advectDiff_Gen1Nestling0
           3 :  advectDiff_Gen1Nestling1
           4 :  advectDiff_Gen2Nestling0
   Connector components, in the order
   that they were added to the Driver:
           1 :  advectDiff_Parent-TO-advectDiff_Gen1Nestling0
           2 :  advectDiff_Parent-TO-advectDiff_Gen1Nestling1
           3 :  advectDiff_Gen1Nestling0-TO-advectDiff_Gen2Nestling0
NUOPC_RunSequenceArrayPrint: element     1 out of      2
runSeq::
 runElementPrint:      1     2     1 F T
 runElementPrint:      1     3     1 F T
 runElementPrint:      1    -1     1 F T
 runElementPrint:     -2     0     0 F T
 runElementPrint:      3    -1     1 F T
 runElementPrint:     -1    -1     0 F F
::
NUOPC_RunSequenceArrayPrint: element     2 out of      2
runSeq::
 runElementPrint:      2     4     1 F T
 runElementPrint:      2    -1     1 F T
 runElementPrint:      4    -1     1 F T
 runElementPrint:     -2    -1     0 F F
::
 NUOPC_DriverPrint for PET:           1
   Model, Mediator, and Driver components, in the order
   that they were added to the Driver:
           1 :  advectDiff_Parent
           2 :  advectDiff_Gen1Nestling0
           3 :  advectDiff_Gen1Nestling1
           4 :  advectDiff_Gen2Nestling0
   Connector components, in the order
   that they were added to the Driver:
           1 :  advectDiff_Parent-TO-advectDiff_Gen1Nestling0
           2 :  advectDiff_Parent-TO-advectDiff_Gen1Nestling1
           3 :  advectDiff_Gen1Nestling0-TO-advectDiff_Gen2Nestling0
NUOPC_RunSequenceArrayPrint: element     1 out of      2
runSeq::
 runElementPrint:      1     2     1 F T
 runElementPrint:      1     3     1 F T
 runElementPrint:      1    -1     1 F T
 runElementPrint:     -2     0     0 F T
 runElementPrint:      3    -1     1 F T
 runElementPrint:     -1    -1     0 F F
::
NUOPC_RunSequenceArrayPrint: element     2 out of      2
runSeq::
 runElementPrint:      2     4     1 F T
 runElementPrint:      2    -1     1 F T
 runElementPrint:      4    -1     1 F T
 runElementPrint:     -2    -1     0 F F
::
 NUOPC_DriverPrint for PET:           2
   Model, Mediator, and Driver components, in the order
   that they were added to the Driver:
           1 :  advectDiff_Parent
           2 :  advectDiff_Gen1Nestling0
           3 :  advectDiff_Gen1Nestling1
           4 :  advectDiff_Gen2Nestling0
   Connector components, in the order
   that they were added to the Driver:
           1 :  advectDiff_Parent-TO-advectDiff_Gen1Nestling0
           2 :  advectDiff_Parent-TO-advectDiff_Gen1Nestling1
           3 :  advectDiff_Gen1Nestling0-TO-advectDiff_Gen2Nestling0
NUOPC_RunSequenceArrayPrint: element     1 out of      2
runSeq::
 runElementPrint:      1     2     1 F T
 runElementPrint:      1     3     1 F T
 runElementPrint:      1    -1     1 F T
 runElementPrint:     -2     0     0 F T
 runElementPrint:      3    -1     1 F T
 runElementPrint:     -1    -1     0 F F
::
NUOPC_RunSequenceArrayPrint: element     2 out of      2
runSeq::
 runElementPrint:      2     4     1 F T
 runElementPrint:      2    -1     1 F T
 runElementPrint:      4    -1     1 F T
 runElementPrint:     -2    -1     0 F F
::
 NUOPC_DriverPrint for PET:           3
   Model, Mediator, and Driver components, in the order
   that they were added to the Driver:
           1 :  advectDiff_Parent
           2 :  advectDiff_Gen1Nestling0
           3 :  advectDiff_Gen1Nestling1
           4 :  advectDiff_Gen2Nestling0
   Connector components, in the order
   that they were added to the Driver:
           1 :  advectDiff_Parent-TO-advectDiff_Gen1Nestling0
           2 :  advectDiff_Parent-TO-advectDiff_Gen1Nestling1
           3 :  advectDiff_Gen1Nestling0-TO-advectDiff_Gen2Nestling0
NUOPC_RunSequenceArrayPrint: element     1 out of      2
runSeq::
 runElementPrint:      1     2     1 F T
 runElementPrint:      1     3     1 F T
 runElementPrint:      1    -1     1 F T
 runElementPrint:     -2     0     0 F T
 runElementPrint:      3    -1     1 F T
 runElementPrint:     -1    -1     0 F F
::
NUOPC_RunSequenceArrayPrint: element     2 out of      2
runSeq::
 runElementPrint:      2     4     1 F T
 runElementPrint:      2    -1     1 F T
 runElementPrint:      4    -1     1 F T
 runElementPrint:     -2    -1     0 F F
::

mainApp:170715 terminated with signal 11 at PC=443ad9 SP=7ffec77dee70.  Backtrace:

mainApp:170716 terminated with signal 11 at PC=443ac7 SP=7ffd73ab76d0.  Backtrace:
/tmp/intel_2023.1.0-oneAPI_mpi_O_feature_numa/nuopc-app-prototypes/NestingTelescopeMultipleProto/./mainApp[0x443ad9]

mainApp:170717 terminated with signal 11 at PC=443b03 SP=7fff58320c70.  Backtrace:
/tmp/intel_2023.1.0-oneAPI_mpi_O_feature_numa/nuopc-app-prototypes/NestingTelescopeMultipleProto/./mainApp[0x444ab0]
/tmp/intel_2023.1.0-oneAPI_mpi_O_feature_numa/nuopc-app-prototypes/NestingTelescopeMultipleProto/./mainApp[0x443c55]
/tmp/intel_2023.1.0-oneAPI_mpi_O_feature_numa/nuopc-app-prototypes/NestingTelescopeMultipleProto/./mainApp[0x443ac7]
/tmp/intel_2023.1.0-oneAPI_mpi_O_feature_numa/nuopc-app-prototypes/NestingTelescopeMultipleProto/./mainApp[0x444ab0]
/tmp/intel_2023.1.0-oneAPI_mpi_O_feature_numa/nuopc-app-prototypes/NestingTelescopeMultipleProto/./mainApp[0x443c55]
/tmp/intel_2023.1.0-oneAPI_mpi_O_feature_numa/nuopc-app-prototypes/NestingTelescopeMultipleProto/./mainApp[0x443b03]
/tmp/intel_2023.1.0-oneAPI_mpi_O_feature_numa/nuopc-app-prototypes/NestingTelescopeMultipleProto/./mainApp[0x444ab0]
/tmp/intel_2023.1.0-oneAPI_mpi_O_feature_numa/nuopc-app-prototypes/NestingTelescopeMultipleProto/./mainApp[0x443c55]
/tmp/intel_2023.1.0-oneAPI_mpi_O_feature_numa/esmf/DEFAULTINSTALLDIR/lib/libO/Unicos.intel.64.mpi.default/libesmf.so(f_esmf_compcollectgarbage2_+0x2f1)[0x7f7f8aab2031]
/tmp/intel_2023.1.0-oneAPI_mpi_O_feature_numa/esmf/DEFAULTINSTALLDIR/lib/libO/Unicos.intel.64.mpi.default/libesmf.so(f_esmf_compcollectgarbage2_+0x2f1)[0x7fe5982b9031]
/tmp/intel_2023.1.0-oneAPI_mpi_O_feature_numa/esmf/DEFAULTINSTALLDIR/lib/libO/Unicos.intel.64.mpi.default/libesmf.so(f_esmf_compcollectgarbage2_+0x2f1)[0x7f115594f031]
/tmp/intel_2023.1.0-oneAPI_mpi_O_feature_numa/esmf/DEFAULTINSTALLDIR/lib/libO/Unicos.intel.64.mpi.default/libesmf.so(_ZN5ESMCI2VM8finalizeEP12ESMC_LogicalPi+0x34f)[0x7f7f8a90b02f]
/tmp/intel_2023.1.0-oneAPI_mpi_O_feature_numa/esmf/DEFAULTINSTALLDIR/lib/libO/Unicos.intel.64.mpi.default/libesmf.so(_ZN5ESMCI2VM8finalizeEP12ESMC_LogicalPi+0x34f)[0x7fe59811202f]
/tmp/intel_2023.1.0-oneAPI_mpi_O_feature_numa/esmf/DEFAULTINSTALLDIR/lib/libO/Unicos.intel.64.mpi.default/libesmf.so(_ZN5ESMCI2VM8finalizeEP12ESMC_LogicalPi+0x34f)[0x7f11557a802f]
/tmp/intel_2023.1.0-oneAPI_mpi_O_feature_numa/esmf/DEFAULTINSTALLDIR/lib/libO/Unicos.intel.64.mpi.default/libesmf.so(c_esmc_vmfinalize_+0x25)[0x7f7f8a8e8ca5]
/tmp/intel_2023.1.0-oneAPI_mpi_O_feature_numa/esmf/DEFAULTINSTALLDIR/lib/libO/Unicos.intel.64.mpi.default/libesmf.so(c_esmc_vmfinalize_+0x25)[0x7fe5980efca5]
/tmp/intel_2023.1.0-oneAPI_mpi_O_feature_numa/esmf/DEFAULTINSTALLDIR/lib/libO/Unicos.intel.64.mpi.default/libesmf.so(c_esmc_vmfinalize_+0x25)[0x7f1155785ca5]
/tmp/intel_2023.1.0-oneAPI_mpi_O_feature_numa/esmf/DEFAULTINSTALLDIR/lib/libO/Unicos.intel.64.mpi.default/libesmf.so(esmf_vmmod_mp_esmf_vmfinalize_+0x1c)[0x7f7f8b006b1c]
/tmp/intel_2023.1.0-oneAPI_mpi_O_feature_numa/esmf/DEFAULTINSTALLDIR/lib/libO/Unicos.intel.64.mpi.default/libesmf.so(esmf_vmmod_mp_esmf_vmfinalize_+0x1c)[0x7fe59880db1c]
/tmp/intel_2023.1.0-oneAPI_mpi_O_feature_numa/esmf/DEFAULTINSTALLDIR/lib/libO/Unicos.intel.64.mpi.default/libesmf.so(esmf_vmmod_mp_esmf_vmfinalize_+0x1c)[0x7f1155ea3b1c]
/tmp/intel_2023.1.0-oneAPI_mpi_O_feature_numa/esmf/DEFAULTINSTALLDIR/lib/libO/Unicos.intel.64.mpi.default/libesmf.so(esmf_initmod_mp_esmf_finalize_+0x66b)[0x7f7f8ae0ef4b]
/tmp/intel_2023.1.0-oneAPI_mpi_O_feature_numa/esmf/DEFAULTINSTALLDIR/lib/libO/Unicos.intel.64.mpi.default/libesmf.so(esmf_initmod_mp_esmf_finalize_+0x66b)[0x7fe598615f4b]
/tmp/intel_2023.1.0-oneAPI_mpi_O_feature_numa/nuopc-app-prototypes/NestingTelescopeMultipleProto/./mainApp[0x41730d]
/tmp/intel_2023.1.0-oneAPI_mpi_O_feature_numa/nuopc-app-prototypes/NestingTelescopeMultipleProto/./mainApp[0x41730d]
/tmp/intel_2023.1.0-oneAPI_mpi_O_feature_numa/nuopc-app-prototypes/NestingTelescopeMultipleProto/./mainApp[0x416c7d]
/tmp/intel_2023.1.0-oneAPI_mpi_O_feature_numa/nuopc-app-prototypes/NestingTelescopeMultipleProto/./mainApp[0x416c7d]
/lib64/libc.so.6(__libc_start_main+0xef)[0x7f7f85c3e24d]
/lib64/libc.so.6(__libc_start_main+0xef)[0x7fe59343e24d]
/tmp/intel_2023.1.0-oneAPI_mpi_O_feature_numa/nuopc-app-prototypes/NestingTelescopeMultipleProto/./mainApp[0x416baa]
/tmp/intel_2023.1.0-oneAPI_mpi_O_feature_numa/esmf/DEFAULTINSTALLDIR/lib/libO/Unicos.intel.64.mpi.default/libesmf.so(esmf_initmod_mp_esmf_finalize_+0x66b)[0x7f1155cabf4b]
/tmp/intel_2023.1.0-oneAPI_mpi_O_feature_numa/nuopc-app-prototypes/NestingTelescopeMultipleProto/./mainApp[0x41730d]
/tmp/intel_2023.1.0-oneAPI_mpi_O_feature_numa/nuopc-app-prototypes/NestingTelescopeMultipleProto/./mainApp[0x416c7d]
/tmp/intel_2023.1.0-oneAPI_mpi_O_feature_numa/nuopc-app-prototypes/NestingTelescopeMultipleProto/./mainApp[0x416baa]
/lib64/libc.so.6(__libc_start_main+0xef)[0x7f1150c3e24d]
/tmp/intel_2023.1.0-oneAPI_mpi_O_feature_numa/nuopc-app-prototypes/NestingTelescopeMultipleProto/./mainApp[0x416baa]
srun: error: c5n0908: tasks 1-3: Exited with exit code 1
srun: Terminating StepId=135081465.389
slurmstepd: error: *** STEP 135081465.389 ON c5n0908 CANCELLED AT 2024-07-23T05:15:28 ***
forrtl: error (78): process killed (SIGTERM)
Image              PC                Routine            Line        Source             
libpthread-2.31.s  00007FD9498D5910  Unknown               Unknown  Unknown
libc-2.31.so       00007FD945B05B57  __sched_yield         Unknown  Unknown
libmpi_intel.so.1  00007FD947701ADE  Unknown               Unknown  Unknown
libmpi_intel.so.1  00007FD94849DA16  Unknown               Unknown  Unknown
libmpi_intel.so.1  00007FD9484B0169  Unknown               Unknown  Unknown
libmpi_intel.so.1  00007FD9483B858C  Unknown               Unknown  Unknown
libmpi_intel.so.1  00007FD9469A3D11  Unknown               Unknown  Unknown
libmpi_intel.so.1  00007FD9469A3EF5  Unknown               Unknown  Unknown
libmpi_intel.so.1  00007FD94869D5F0  Unknown               Unknown  Unknown
libmpi_intel.so.1  00007FD9484DD0FC  Unknown               Unknown  Unknown
libmpi_intel.so.1  00007FD9484DB00C  Unknown               Unknown  Unknown
libmpi_intel.so.1  00007FD946C67C01  Unknown               Unknown  Unknown
libmpi_intel.so.1  00007FD9484DF380  Unknown               Unknown  Unknown
libmpi_intel.so.1  00007FD94869E3D3  Unknown               Unknown  Unknown
libmpi_intel.so.1  00007FD946A91200  Unknown               Unknown  Unknown
libmpi_intel.so.1  00007FD946A9173F  PMPI_Barrier          Unknown  Unknown
libdarshan.so.0.0  00007FD9496095A7  darshan_core_shut     Unknown  Unknown
libdarshan.so.0.0  00007FD94960823E  MPI_Finalize          Unknown  Unknown
libesmf.so         00007FD94A68300F  _ZN5ESMCI3VMK8fin     Unknown  Unknown
libesmf.so         00007FD94A6A0122  _ZN5ESMCI2VM8fina     Unknown  Unknown
libesmf.so         00007FD94A67DCA5  c_esmc_vmfinalize     Unknown  Unknown
libesmf.so         00007FD94AD9BB1C  esmf_vmmod_mp_esm     Unknown  Unknown
libesmf.so         00007FD94ABA3F4B  esmf_initmod_mp_e     Unknown  Unknown
mainApp            000000000041730D  Unknown               Unknown  Unknown
mainApp            0000000000416C7D  Unknown               Unknown  Unknown
libc-2.31.so       00007FD945A3E24D  __libc_start_main     Unknown  Unknown
mainApp            0000000000416BAA  Unknown               Unknown  Unknown
srun: error: c5n0908: task 0: Killed
srun: Force Terminated StepId=135081465.389
