2024-07-24 04:38:40

mainApp:34347 terminated with signal 11 at PC=440bb1 SP=7fff7b42f240.  Backtrace:

mainApp:34346 terminated with signal 11 at PC=440b70 SP=7ffe7fcf4640.  Backtrace:
/tmp/intel_2023.1.0-oneAPI_mpi_O_feature_numa/nuopc-app-prototypes/NestingSingleProto/./mainApp[0x440b70]
/tmp/intel_2023.1.0-oneAPI_mpi_O_feature_numa/nuopc-app-prototypes/NestingSingleProto/./mainApp[0x441b70]
/tmp/intel_2023.1.0-oneAPI_mpi_O_feature_numa/nuopc-app-prototypes/NestingSingleProto/./mainApp[0x440d15]
/tmp/intel_2023.1.0-oneAPI_mpi_O_feature_numa/nuopc-app-prototypes/NestingSingleProto/./mainApp[0x440bb1]
/tmp/intel_2023.1.0-oneAPI_mpi_O_feature_numa/nuopc-app-prototypes/NestingSingleProto/./mainApp[0x441b70]
/tmp/intel_2023.1.0-oneAPI_mpi_O_feature_numa/nuopc-app-prototypes/NestingSingleProto/./mainApp[0x440d15]

mainApp:34345 terminated with signal 11 at PC=440b87 SP=7ffc0a77ab40.  Backtrace:
/tmp/intel_2023.1.0-oneAPI_mpi_O_feature_numa/nuopc-app-prototypes/NestingSingleProto/./mainApp[0x440b87]
/tmp/intel_2023.1.0-oneAPI_mpi_O_feature_numa/nuopc-app-prototypes/NestingSingleProto/./mainApp[0x441b70]
/tmp/intel_2023.1.0-oneAPI_mpi_O_feature_numa/nuopc-app-prototypes/NestingSingleProto/./mainApp[0x440d15]
/tmp/intel_2023.1.0-oneAPI_mpi_O_feature_numa/esmf/DEFAULTINSTALLDIR/lib/libO/Unicos.intel.64.mpi.default/libesmf.so(f_esmf_compcollectgarbage2_+0x2f1)[0x7f7316c60031]
/tmp/intel_2023.1.0-oneAPI_mpi_O_feature_numa/esmf/DEFAULTINSTALLDIR/lib/libO/Unicos.intel.64.mpi.default/libesmf.so(f_esmf_compcollectgarbage2_+0x2f1)[0x7ff38c6fb031]
/tmp/intel_2023.1.0-oneAPI_mpi_O_feature_numa/esmf/DEFAULTINSTALLDIR/lib/libO/Unicos.intel.64.mpi.default/libesmf.so(f_esmf_compcollectgarbage2_+0x2f1)[0x7fec256f5031]
/tmp/intel_2023.1.0-oneAPI_mpi_O_feature_numa/esmf/DEFAULTINSTALLDIR/lib/libO/Unicos.intel.64.mpi.default/libesmf.so(_ZN5ESMCI2VM8finalizeEP12ESMC_LogicalPi+0x34f)[0x7f7316ab902f]
/tmp/intel_2023.1.0-oneAPI_mpi_O_feature_numa/esmf/DEFAULTINSTALLDIR/lib/libO/Unicos.intel.64.mpi.default/libesmf.so(_ZN5ESMCI2VM8finalizeEP12ESMC_LogicalPi+0x34f)[0x7ff38c55402f]
/tmp/intel_2023.1.0-oneAPI_mpi_O_feature_numa/esmf/DEFAULTINSTALLDIR/lib/libO/Unicos.intel.64.mpi.default/libesmf.so(c_esmc_vmfinalize_+0x25)[0x7f7316a96ca5]
/tmp/intel_2023.1.0-oneAPI_mpi_O_feature_numa/esmf/DEFAULTINSTALLDIR/lib/libO/Unicos.intel.64.mpi.default/libesmf.so(_ZN5ESMCI2VM8finalizeEP12ESMC_LogicalPi+0x34f)[0x7fec2554e02f]
/tmp/intel_2023.1.0-oneAPI_mpi_O_feature_numa/esmf/DEFAULTINSTALLDIR/lib/libO/Unicos.intel.64.mpi.default/libesmf.so(c_esmc_vmfinalize_+0x25)[0x7ff38c531ca5]
/tmp/intel_2023.1.0-oneAPI_mpi_O_feature_numa/esmf/DEFAULTINSTALLDIR/lib/libO/Unicos.intel.64.mpi.default/libesmf.so(esmf_vmmod_mp_esmf_vmfinalize_+0x1c)[0x7f73171b4b1c]
/tmp/intel_2023.1.0-oneAPI_mpi_O_feature_numa/esmf/DEFAULTINSTALLDIR/lib/libO/Unicos.intel.64.mpi.default/libesmf.so(c_esmc_vmfinalize_+0x25)[0x7fec2552bca5]
/tmp/intel_2023.1.0-oneAPI_mpi_O_feature_numa/esmf/DEFAULTINSTALLDIR/lib/libO/Unicos.intel.64.mpi.default/libesmf.so(esmf_vmmod_mp_esmf_vmfinalize_+0x1c)[0x7ff38cc4fb1c]
/tmp/intel_2023.1.0-oneAPI_mpi_O_feature_numa/esmf/DEFAULTINSTALLDIR/lib/libO/Unicos.intel.64.mpi.default/libesmf.so(esmf_vmmod_mp_esmf_vmfinalize_+0x1c)[0x7fec25c49b1c]
/tmp/intel_2023.1.0-oneAPI_mpi_O_feature_numa/esmf/DEFAULTINSTALLDIR/lib/libO/Unicos.intel.64.mpi.default/libesmf.so(esmf_initmod_mp_esmf_finalize_+0x66b)[0x7f7316fbcf4b]
/tmp/intel_2023.1.0-oneAPI_mpi_O_feature_numa/nuopc-app-prototypes/NestingSingleProto/./mainApp[0x4171cd]
/tmp/intel_2023.1.0-oneAPI_mpi_O_feature_numa/nuopc-app-prototypes/NestingSingleProto/./mainApp[0x416b3d]
/lib64/libc.so.6(__libc_start_main+0xef)[0x7f7311e3e24d]
/tmp/intel_2023.1.0-oneAPI_mpi_O_feature_numa/nuopc-app-prototypes/NestingSingleProto/./mainApp[0x416a6a]
/tmp/intel_2023.1.0-oneAPI_mpi_O_feature_numa/esmf/DEFAULTINSTALLDIR/lib/libO/Unicos.intel.64.mpi.default/libesmf.so(esmf_initmod_mp_esmf_finalize_+0x66b)[0x7ff38ca57f4b]
/tmp/intel_2023.1.0-oneAPI_mpi_O_feature_numa/nuopc-app-prototypes/NestingSingleProto/./mainApp[0x4171cd]
/tmp/intel_2023.1.0-oneAPI_mpi_O_feature_numa/nuopc-app-prototypes/NestingSingleProto/./mainApp[0x416b3d]
/lib64/libc.so.6(__libc_start_main+0xef)[0x7ff38783e24d]
/tmp/intel_2023.1.0-oneAPI_mpi_O_feature_numa/nuopc-app-prototypes/NestingSingleProto/./mainApp[0x416a6a]
/tmp/intel_2023.1.0-oneAPI_mpi_O_feature_numa/esmf/DEFAULTINSTALLDIR/lib/libO/Unicos.intel.64.mpi.default/libesmf.so(esmf_initmod_mp_esmf_finalize_+0x66b)[0x7fec25a51f4b]
/tmp/intel_2023.1.0-oneAPI_mpi_O_feature_numa/nuopc-app-prototypes/NestingSingleProto/./mainApp[0x4171cd]
/tmp/intel_2023.1.0-oneAPI_mpi_O_feature_numa/nuopc-app-prototypes/NestingSingleProto/./mainApp[0x416b3d]
/lib64/libc.so.6(__libc_start_main+0xef)[0x7fec2083e24d]
/tmp/intel_2023.1.0-oneAPI_mpi_O_feature_numa/nuopc-app-prototypes/NestingSingleProto/./mainApp[0x416a6a]
srun: error: c5n1587: tasks 1-3: Exited with exit code 1
srun: Terminating StepId=135082479.388
slurmstepd: error: *** STEP 135082479.388 ON c5n1587 CANCELLED AT 2024-07-24T05:10:57 ***
forrtl: error (78): process killed (SIGTERM)
Image              PC                Routine            Line        Source             
libpthread-2.31.s  00007F89FE8E1910  Unknown               Unknown  Unknown
libc-2.31.so       00007F89FAB05B57  __sched_yield         Unknown  Unknown
libmpi_intel.so.1  00007F89FC701ADE  Unknown               Unknown  Unknown
libmpi_intel.so.1  00007F89FD49DA16  Unknown               Unknown  Unknown
libmpi_intel.so.1  00007F89FD4B0169  Unknown               Unknown  Unknown
libmpi_intel.so.1  00007F89FD3B858C  Unknown               Unknown  Unknown
libmpi_intel.so.1  00007F89FB9A3D11  Unknown               Unknown  Unknown
libmpi_intel.so.1  00007F89FB9A3EF5  Unknown               Unknown  Unknown
libmpi_intel.so.1  00007F89FD69D5F0  Unknown               Unknown  Unknown
libmpi_intel.so.1  00007F89FD4DD0FC  Unknown               Unknown  Unknown
libmpi_intel.so.1  00007F89FD4DB00C  Unknown               Unknown  Unknown
libmpi_intel.so.1  00007F89FBC67C01  Unknown               Unknown  Unknown
libmpi_intel.so.1  00007F89FD4DF380  Unknown               Unknown  Unknown
libmpi_intel.so.1  00007F89FD69E3D3  Unknown               Unknown  Unknown
libmpi_intel.so.1  00007F89FBA91200  Unknown               Unknown  Unknown
libmpi_intel.so.1  00007F89FBA9173F  PMPI_Barrier          Unknown  Unknown
libdarshan.so.0.0  00007F89FE6095A7  darshan_core_shut     Unknown  Unknown
libdarshan.so.0.0  00007F89FE60823E  MPI_Finalize          Unknown  Unknown
libesmf.so         00007F89FF68F00F  _ZN5ESMCI3VMK8fin     Unknown  Unknown
libesmf.so         00007F89FF6AC122  _ZN5ESMCI2VM8fina     Unknown  Unknown
libesmf.so         00007F89FF689CA5  c_esmc_vmfinalize     Unknown  Unknown
libesmf.so         00007F89FFDA7B1C  esmf_vmmod_mp_esm     Unknown  Unknown
libesmf.so         00007F89FFBAFF4B  esmf_initmod_mp_e     Unknown  Unknown
mainApp            00000000004171CD  Unknown               Unknown  Unknown
mainApp            0000000000416B3D  Unknown               Unknown  Unknown
libc-2.31.so       00007F89FAA3E24D  __libc_start_main     Unknown  Unknown
mainApp            0000000000416A6A  Unknown               Unknown  Unknown
srun: error: c5n1587: task 0: Killed
srun: Force Terminated StepId=135082479.388
