2024-07-23 04:47:30

mainApp:171259 terminated with signal 11 at PC=43d642 SP=7fff0d47b4a0.  Backtrace:
/tmp/intel_2023.1.0-oneAPI_mpi_O_feature_numa/nuopc-app-prototypes/SingleModelOpenMPUnawareProto/./mainApp[0x43d642]
/tmp/intel_2023.1.0-oneAPI_mpi_O_feature_numa/nuopc-app-prototypes/SingleModelOpenMPUnawareProto/./mainApp[0x43e640]
/tmp/intel_2023.1.0-oneAPI_mpi_O_feature_numa/nuopc-app-prototypes/SingleModelOpenMPUnawareProto/./mainApp[0x43d7e5]

mainApp:171258 terminated with signal 11 at PC=43d640 SP=7ffcd2734940.  Backtrace:

mainApp:171260 terminated with signal 11 at PC=43d640 SP=7fffa756bf80.  Backtrace:
/tmp/intel_2023.1.0-oneAPI_mpi_O_feature_numa/esmf/DEFAULTINSTALLDIR/lib/libO/Unicos.intel.64.mpi.default/libesmf.so(f_esmf_compcollectgarbage2_+0x2f1)[0x7f35b2a0e031]
/tmp/intel_2023.1.0-oneAPI_mpi_O_feature_numa/nuopc-app-prototypes/SingleModelOpenMPUnawareProto/./mainApp[0x43d640]
/tmp/intel_2023.1.0-oneAPI_mpi_O_feature_numa/nuopc-app-prototypes/SingleModelOpenMPUnawareProto/./mainApp[0x43e640]
/tmp/intel_2023.1.0-oneAPI_mpi_O_feature_numa/nuopc-app-prototypes/SingleModelOpenMPUnawareProto/./mainApp[0x43d7e5]
/tmp/intel_2023.1.0-oneAPI_mpi_O_feature_numa/nuopc-app-prototypes/SingleModelOpenMPUnawareProto/./mainApp[0x43d640]
/tmp/intel_2023.1.0-oneAPI_mpi_O_feature_numa/nuopc-app-prototypes/SingleModelOpenMPUnawareProto/./mainApp[0x43e640]
/tmp/intel_2023.1.0-oneAPI_mpi_O_feature_numa/nuopc-app-prototypes/SingleModelOpenMPUnawareProto/./mainApp[0x43d7e5]
/tmp/intel_2023.1.0-oneAPI_mpi_O_feature_numa/esmf/DEFAULTINSTALLDIR/lib/libO/Unicos.intel.64.mpi.default/libesmf.so(_ZN5ESMCI2VM8finalizeEP12ESMC_LogicalPi+0x34f)[0x7f35b286702f]
/tmp/intel_2023.1.0-oneAPI_mpi_O_feature_numa/esmf/DEFAULTINSTALLDIR/lib/libO/Unicos.intel.64.mpi.default/libesmf.so(f_esmf_compcollectgarbage2_+0x2f1)[0x7f4b2b9b8031]
/tmp/intel_2023.1.0-oneAPI_mpi_O_feature_numa/esmf/DEFAULTINSTALLDIR/lib/libO/Unicos.intel.64.mpi.default/libesmf.so(f_esmf_compcollectgarbage2_+0x2f1)[0x7fc8da79a031]
/tmp/intel_2023.1.0-oneAPI_mpi_O_feature_numa/esmf/DEFAULTINSTALLDIR/lib/libO/Unicos.intel.64.mpi.default/libesmf.so(c_esmc_vmfinalize_+0x25)[0x7f35b2844ca5]
/tmp/intel_2023.1.0-oneAPI_mpi_O_feature_numa/esmf/DEFAULTINSTALLDIR/lib/libO/Unicos.intel.64.mpi.default/libesmf.so(_ZN5ESMCI2VM8finalizeEP12ESMC_LogicalPi+0x34f)[0x7f4b2b81102f]
/tmp/intel_2023.1.0-oneAPI_mpi_O_feature_numa/esmf/DEFAULTINSTALLDIR/lib/libO/Unicos.intel.64.mpi.default/libesmf.so(_ZN5ESMCI2VM8finalizeEP12ESMC_LogicalPi+0x34f)[0x7fc8da5f302f]
/tmp/intel_2023.1.0-oneAPI_mpi_O_feature_numa/esmf/DEFAULTINSTALLDIR/lib/libO/Unicos.intel.64.mpi.default/libesmf.so(esmf_vmmod_mp_esmf_vmfinalize_+0x1c)[0x7f35b2f62b1c]
/tmp/intel_2023.1.0-oneAPI_mpi_O_feature_numa/esmf/DEFAULTINSTALLDIR/lib/libO/Unicos.intel.64.mpi.default/libesmf.so(c_esmc_vmfinalize_+0x25)[0x7f4b2b7eeca5]
/tmp/intel_2023.1.0-oneAPI_mpi_O_feature_numa/esmf/DEFAULTINSTALLDIR/lib/libO/Unicos.intel.64.mpi.default/libesmf.so(esmf_initmod_mp_esmf_finalize_+0x66b)[0x7f35b2d6af4b]
/tmp/intel_2023.1.0-oneAPI_mpi_O_feature_numa/nuopc-app-prototypes/SingleModelOpenMPUnawareProto/./mainApp[0x416d1e]
/tmp/intel_2023.1.0-oneAPI_mpi_O_feature_numa/nuopc-app-prototypes/SingleModelOpenMPUnawareProto/./mainApp[0x41667d]
/tmp/intel_2023.1.0-oneAPI_mpi_O_feature_numa/esmf/DEFAULTINSTALLDIR/lib/libO/Unicos.intel.64.mpi.default/libesmf.so(c_esmc_vmfinalize_+0x25)[0x7fc8da5d0ca5]
/lib64/libc.so.6(__libc_start_main+0xef)[0x7f35ad83e24d]
/tmp/intel_2023.1.0-oneAPI_mpi_O_feature_numa/nuopc-app-prototypes/SingleModelOpenMPUnawareProto/./mainApp[0x4165aa]
/tmp/intel_2023.1.0-oneAPI_mpi_O_feature_numa/esmf/DEFAULTINSTALLDIR/lib/libO/Unicos.intel.64.mpi.default/libesmf.so(esmf_vmmod_mp_esmf_vmfinalize_+0x1c)[0x7f4b2bf0cb1c]
/tmp/intel_2023.1.0-oneAPI_mpi_O_feature_numa/esmf/DEFAULTINSTALLDIR/lib/libO/Unicos.intel.64.mpi.default/libesmf.so(esmf_vmmod_mp_esmf_vmfinalize_+0x1c)[0x7fc8daceeb1c]
/tmp/intel_2023.1.0-oneAPI_mpi_O_feature_numa/esmf/DEFAULTINSTALLDIR/lib/libO/Unicos.intel.64.mpi.default/libesmf.so(esmf_initmod_mp_esmf_finalize_+0x66b)[0x7f4b2bd14f4b]
/tmp/intel_2023.1.0-oneAPI_mpi_O_feature_numa/nuopc-app-prototypes/SingleModelOpenMPUnawareProto/./mainApp[0x416d1e]
/tmp/intel_2023.1.0-oneAPI_mpi_O_feature_numa/esmf/DEFAULTINSTALLDIR/lib/libO/Unicos.intel.64.mpi.default/libesmf.so(esmf_initmod_mp_esmf_finalize_+0x66b)[0x7fc8daaf6f4b]
/tmp/intel_2023.1.0-oneAPI_mpi_O_feature_numa/nuopc-app-prototypes/SingleModelOpenMPUnawareProto/./mainApp[0x41667d]
/lib64/libc.so.6(__libc_start_main+0xef)[0x7f4b2683e24d]
/tmp/intel_2023.1.0-oneAPI_mpi_O_feature_numa/nuopc-app-prototypes/SingleModelOpenMPUnawareProto/./mainApp[0x4165aa]
/tmp/intel_2023.1.0-oneAPI_mpi_O_feature_numa/nuopc-app-prototypes/SingleModelOpenMPUnawareProto/./mainApp[0x416d1e]
/tmp/intel_2023.1.0-oneAPI_mpi_O_feature_numa/nuopc-app-prototypes/SingleModelOpenMPUnawareProto/./mainApp[0x41667d]
/lib64/libc.so.6(__libc_start_main+0xef)[0x7fc8d563e24d]
/tmp/intel_2023.1.0-oneAPI_mpi_O_feature_numa/nuopc-app-prototypes/SingleModelOpenMPUnawareProto/./mainApp[0x4165aa]
srun: error: c5n0908: tasks 1-3: Exited with exit code 1
srun: Terminating StepId=135081465.392
slurmstepd: error: *** STEP 135081465.392 ON c5n0908 CANCELLED AT 2024-07-23T05:17:04 ***
forrtl: error (78): process killed (SIGTERM)
Image              PC                Routine            Line        Source             
libpthread-2.31.s  00007F3FD863C910  Unknown               Unknown  Unknown
libc-2.31.so       00007F3FD4905B57  __sched_yield         Unknown  Unknown
libmpi_intel.so.1  00007F3FD6501ADE  Unknown               Unknown  Unknown
libmpi_intel.so.1  00007F3FD729DA16  Unknown               Unknown  Unknown
libmpi_intel.so.1  00007F3FD72B0169  Unknown               Unknown  Unknown
libmpi_intel.so.1  00007F3FD71B858C  Unknown               Unknown  Unknown
libmpi_intel.so.1  00007F3FD57A3D11  Unknown               Unknown  Unknown
libmpi_intel.so.1  00007F3FD57A3EF5  Unknown               Unknown  Unknown
libmpi_intel.so.1  00007F3FD749D5F0  Unknown               Unknown  Unknown
libmpi_intel.so.1  00007F3FD72DD0FC  Unknown               Unknown  Unknown
libmpi_intel.so.1  00007F3FD72DB00C  Unknown               Unknown  Unknown
libmpi_intel.so.1  00007F3FD5A67C01  Unknown               Unknown  Unknown
libmpi_intel.so.1  00007F3FD72DF380  Unknown               Unknown  Unknown
libmpi_intel.so.1  00007F3FD749E3D3  Unknown               Unknown  Unknown
libmpi_intel.so.1  00007F3FD5891200  Unknown               Unknown  Unknown
libmpi_intel.so.1  00007F3FD589173F  PMPI_Barrier          Unknown  Unknown
libdarshan.so.0.0  00007F3FD88095A7  darshan_core_shut     Unknown  Unknown
libdarshan.so.0.0  00007F3FD880823E  MPI_Finalize          Unknown  Unknown
libesmf.so         00007F3FD994B00F  _ZN5ESMCI3VMK8fin     Unknown  Unknown
libesmf.so         00007F3FD9968122  _ZN5ESMCI2VM8fina     Unknown  Unknown
libesmf.so         00007F3FD9945CA5  c_esmc_vmfinalize     Unknown  Unknown
libesmf.so         00007F3FDA063B1C  esmf_vmmod_mp_esm     Unknown  Unknown
libesmf.so         00007F3FD9E6BF4B  esmf_initmod_mp_e     Unknown  Unknown
mainApp            0000000000416D1E  Unknown               Unknown  Unknown
mainApp            000000000041667D  Unknown               Unknown  Unknown
libc-2.31.so       00007F3FD483E24D  __libc_start_main     Unknown  Unknown
mainApp            00000000004165AA  Unknown               Unknown  Unknown
srun: error: c5n0908: task 0: Killed
srun: Force Terminated StepId=135081465.392
