2024-07-23 04:47:30

mainApp:171152 terminated with signal 11 at PC=43d847 SP=7ffdbedef240.  Backtrace:
/tmp/intel_2023.1.0-oneAPI_mpi_O_feature_numa/nuopc-app-prototypes/SingleModelOpenMPProto/./mainApp[0x43d847]
/tmp/intel_2023.1.0-oneAPI_mpi_O_feature_numa/nuopc-app-prototypes/SingleModelOpenMPProto/./mainApp[0x43e830]
/tmp/intel_2023.1.0-oneAPI_mpi_O_feature_numa/nuopc-app-prototypes/SingleModelOpenMPProto/./mainApp[0x43d9d5]
/tmp/intel_2023.1.0-oneAPI_mpi_O_feature_numa/esmf/DEFAULTINSTALLDIR/lib/libO/Unicos.intel.64.mpi.default/libesmf.so(f_esmf_compcollectgarbage2_+0x2f1)[0x7fcde1745031]

mainApp:171153 terminated with signal 11 at PC=43d871 SP=7ffde6f478c0.  Backtrace:

mainApp:171154 terminated with signal 11 at PC=43d883 SP=7ffe5d5d3c70.  Backtrace:
/tmp/intel_2023.1.0-oneAPI_mpi_O_feature_numa/nuopc-app-prototypes/SingleModelOpenMPProto/./mainApp[0x43d883]
/tmp/intel_2023.1.0-oneAPI_mpi_O_feature_numa/nuopc-app-prototypes/SingleModelOpenMPProto/./mainApp[0x43e830]
/tmp/intel_2023.1.0-oneAPI_mpi_O_feature_numa/nuopc-app-prototypes/SingleModelOpenMPProto/./mainApp[0x43d871]
/tmp/intel_2023.1.0-oneAPI_mpi_O_feature_numa/nuopc-app-prototypes/SingleModelOpenMPProto/./mainApp[0x43d9d5]
/tmp/intel_2023.1.0-oneAPI_mpi_O_feature_numa/nuopc-app-prototypes/SingleModelOpenMPProto/./mainApp[0x43e830]
/tmp/intel_2023.1.0-oneAPI_mpi_O_feature_numa/nuopc-app-prototypes/SingleModelOpenMPProto/./mainApp[0x43d9d5]
/tmp/intel_2023.1.0-oneAPI_mpi_O_feature_numa/esmf/DEFAULTINSTALLDIR/lib/libO/Unicos.intel.64.mpi.default/libesmf.so(_ZN5ESMCI2VM8finalizeEP12ESMC_LogicalPi+0x34f)[0x7fcde159e02f]
/tmp/intel_2023.1.0-oneAPI_mpi_O_feature_numa/esmf/DEFAULTINSTALLDIR/lib/libO/Unicos.intel.64.mpi.default/libesmf.so(f_esmf_compcollectgarbage2_+0x2f1)[0x7fd60c15c031]
/tmp/intel_2023.1.0-oneAPI_mpi_O_feature_numa/esmf/DEFAULTINSTALLDIR/lib/libO/Unicos.intel.64.mpi.default/libesmf.so(c_esmc_vmfinalize_+0x25)[0x7fcde157bca5]
/tmp/intel_2023.1.0-oneAPI_mpi_O_feature_numa/esmf/DEFAULTINSTALLDIR/lib/libO/Unicos.intel.64.mpi.default/libesmf.so(f_esmf_compcollectgarbage2_+0x2f1)[0x7fd9923df031]
/tmp/intel_2023.1.0-oneAPI_mpi_O_feature_numa/esmf/DEFAULTINSTALLDIR/lib/libO/Unicos.intel.64.mpi.default/libesmf.so(_ZN5ESMCI2VM8finalizeEP12ESMC_LogicalPi+0x34f)[0x7fd60bfb502f]
/tmp/intel_2023.1.0-oneAPI_mpi_O_feature_numa/esmf/DEFAULTINSTALLDIR/lib/libO/Unicos.intel.64.mpi.default/libesmf.so(esmf_vmmod_mp_esmf_vmfinalize_+0x1c)[0x7fcde1c99b1c]
/tmp/intel_2023.1.0-oneAPI_mpi_O_feature_numa/esmf/DEFAULTINSTALLDIR/lib/libO/Unicos.intel.64.mpi.default/libesmf.so(_ZN5ESMCI2VM8finalizeEP12ESMC_LogicalPi+0x34f)[0x7fd99223802f]
/tmp/intel_2023.1.0-oneAPI_mpi_O_feature_numa/esmf/DEFAULTINSTALLDIR/lib/libO/Unicos.intel.64.mpi.default/libesmf.so(c_esmc_vmfinalize_+0x25)[0x7fd60bf92ca5]
/tmp/intel_2023.1.0-oneAPI_mpi_O_feature_numa/esmf/DEFAULTINSTALLDIR/lib/libO/Unicos.intel.64.mpi.default/libesmf.so(esmf_initmod_mp_esmf_finalize_+0x66b)[0x7fcde1aa1f4b]
/tmp/intel_2023.1.0-oneAPI_mpi_O_feature_numa/nuopc-app-prototypes/SingleModelOpenMPProto/./mainApp[0x416e1e]
/tmp/intel_2023.1.0-oneAPI_mpi_O_feature_numa/nuopc-app-prototypes/SingleModelOpenMPProto/./mainApp[0x41677d]
/lib64/libc.so.6(__libc_start_main+0xef)[0x7fcddc63e24d]
/tmp/intel_2023.1.0-oneAPI_mpi_O_feature_numa/nuopc-app-prototypes/SingleModelOpenMPProto/./mainApp[0x4166aa]
/tmp/intel_2023.1.0-oneAPI_mpi_O_feature_numa/esmf/DEFAULTINSTALLDIR/lib/libO/Unicos.intel.64.mpi.default/libesmf.so(c_esmc_vmfinalize_+0x25)[0x7fd992215ca5]
/tmp/intel_2023.1.0-oneAPI_mpi_O_feature_numa/esmf/DEFAULTINSTALLDIR/lib/libO/Unicos.intel.64.mpi.default/libesmf.so(esmf_vmmod_mp_esmf_vmfinalize_+0x1c)[0x7fd60c6b0b1c]
/tmp/intel_2023.1.0-oneAPI_mpi_O_feature_numa/esmf/DEFAULTINSTALLDIR/lib/libO/Unicos.intel.64.mpi.default/libesmf.so(esmf_vmmod_mp_esmf_vmfinalize_+0x1c)[0x7fd992933b1c]
/tmp/intel_2023.1.0-oneAPI_mpi_O_feature_numa/esmf/DEFAULTINSTALLDIR/lib/libO/Unicos.intel.64.mpi.default/libesmf.so(esmf_initmod_mp_esmf_finalize_+0x66b)[0x7fd60c4b8f4b]
/tmp/intel_2023.1.0-oneAPI_mpi_O_feature_numa/nuopc-app-prototypes/SingleModelOpenMPProto/./mainApp[0x416e1e]
/tmp/intel_2023.1.0-oneAPI_mpi_O_feature_numa/nuopc-app-prototypes/SingleModelOpenMPProto/./mainApp[0x41677d]
/lib64/libc.so.6(__libc_start_main+0xef)[0x7fd60703e24d]
/tmp/intel_2023.1.0-oneAPI_mpi_O_feature_numa/nuopc-app-prototypes/SingleModelOpenMPProto/./mainApp[0x4166aa]
/tmp/intel_2023.1.0-oneAPI_mpi_O_feature_numa/esmf/DEFAULTINSTALLDIR/lib/libO/Unicos.intel.64.mpi.default/libesmf.so(esmf_initmod_mp_esmf_finalize_+0x66b)[0x7fd99273bf4b]
/tmp/intel_2023.1.0-oneAPI_mpi_O_feature_numa/nuopc-app-prototypes/SingleModelOpenMPProto/./mainApp[0x416e1e]
/tmp/intel_2023.1.0-oneAPI_mpi_O_feature_numa/nuopc-app-prototypes/SingleModelOpenMPProto/./mainApp[0x41677d]
/lib64/libc.so.6(__libc_start_main+0xef)[0x7fd98d23e24d]
/tmp/intel_2023.1.0-oneAPI_mpi_O_feature_numa/nuopc-app-prototypes/SingleModelOpenMPProto/./mainApp[0x4166aa]
srun: error: c5n0908: tasks 1-3: Exited with exit code 1
srun: Terminating StepId=135081465.391
slurmstepd: error: *** STEP 135081465.391 ON c5n0908 CANCELLED AT 2024-07-23T05:16:32 ***
forrtl: error (78): process killed (SIGTERM)
Image              PC                Routine            Line        Source             
libpthread-2.31.s  00007F3714E18910  Unknown               Unknown  Unknown
libc-2.31.so       00007F3711105B57  __sched_yield         Unknown  Unknown
libmpi_intel.so.1  00007F3712D01ADE  Unknown               Unknown  Unknown
libmpi_intel.so.1  00007F3713A9DA16  Unknown               Unknown  Unknown
libmpi_intel.so.1  00007F3713AB0169  Unknown               Unknown  Unknown
libmpi_intel.so.1  00007F37139B858C  Unknown               Unknown  Unknown
libmpi_intel.so.1  00007F3711FA3D11  Unknown               Unknown  Unknown
libmpi_intel.so.1  00007F3711FA3EF5  Unknown               Unknown  Unknown
libmpi_intel.so.1  00007F3713C9D5F0  Unknown               Unknown  Unknown
libmpi_intel.so.1  00007F3713ADD0FC  Unknown               Unknown  Unknown
libmpi_intel.so.1  00007F3713ADB00C  Unknown               Unknown  Unknown
libmpi_intel.so.1  00007F3712267C01  Unknown               Unknown  Unknown
libmpi_intel.so.1  00007F3713ADF380  Unknown               Unknown  Unknown
libmpi_intel.so.1  00007F3713C9E3D3  Unknown               Unknown  Unknown
libmpi_intel.so.1  00007F3712091200  Unknown               Unknown  Unknown
libmpi_intel.so.1  00007F371209173F  PMPI_Barrier          Unknown  Unknown
libdarshan.so.0.0  00007F37150095A7  darshan_core_shut     Unknown  Unknown
libdarshan.so.0.0  00007F371500823E  MPI_Finalize          Unknown  Unknown
libesmf.so         00007F371613700F  _ZN5ESMCI3VMK8fin     Unknown  Unknown
libesmf.so         00007F3716154122  _ZN5ESMCI2VM8fina     Unknown  Unknown
libesmf.so         00007F3716131CA5  c_esmc_vmfinalize     Unknown  Unknown
libesmf.so         00007F371684FB1C  esmf_vmmod_mp_esm     Unknown  Unknown
libesmf.so         00007F3716657F4B  esmf_initmod_mp_e     Unknown  Unknown
mainApp            0000000000416E1E  Unknown               Unknown  Unknown
mainApp            000000000041677D  Unknown               Unknown  Unknown
libc-2.31.so       00007F371103E24D  __libc_start_main     Unknown  Unknown
mainApp            00000000004166AA  Unknown               Unknown  Unknown
srun: error: c5n0908: task 0: Killed
srun: Force Terminated StepId=135081465.391
