2024-07-25 01:40:09
20240725 021355.220 INFO             PET0 !!!!!!!!!!!!!!!!!!!!!!!!!!!!!!!!!!!!!!!!!!!!!!!!!!!!!!
20240725 021355.220 INFO             PET0 !!! THE ESMF_LOG IS SET TO OUTPUT ALL LOG MESSAGES !!!
20240725 021355.220 INFO             PET0 !!!     THIS MAY CAUSE SLOWDOWN IN PERFORMANCE     !!!
20240725 021355.220 INFO             PET0 !!! FOR PRODUCTION RUNS, USE:                      !!!
20240725 021355.220 INFO             PET0 !!!                   ESMF_LOGKIND_Multi_On_Error  !!!
20240725 021355.220 INFO             PET0 !!!!!!!!!!!!!!!!!!!!!!!!!!!!!!!!!!!!!!!!!!!!!!!!!!!!!!
20240725 021355.220 INFO             PET0 Running with ESMF Version   : v8.7.0b09-26-g87e00d02ff
20240725 021355.220 INFO             PET0 ESMF library build date/time: "Jul 25 2024" "01:38:24"
20240725 021355.220 INFO             PET0 ESMF library build location : /glade/derecho/scratch/sacks/esmf-testing/intel_2023.2.1_mpi_g_feature_hconfig-extras/esmf
20240725 021355.220 INFO             PET0 ESMF_COMM                   : mpi
20240725 021355.238 INFO             PET0 ESMF_MOAB                   : enabled
20240725 021355.238 INFO             PET0 ESMF_LAPACK                 : enabled
20240725 021355.238 INFO             PET0 ESMF_NETCDF                 : enabled
20240725 021355.238 INFO             PET0 ESMF_PNETCDF                : disabled
20240725 021355.238 INFO             PET0 ESMF_PIO                    : enabled
20240725 021355.238 INFO             PET0 ESMF_YAMLCPP                : enabled
20240725 021355.240 INFO             PET0  NUMBER_OF_PROCESSORS           4
20240725 021355.240 INFO             PET0  PASS  Example ESMF_VMUserMpiCommMultiEx, ESMF_VMUserMpiCommMultiEx.F90, line 126
20240725 021355.240 INFO             PET0  Finalizing ESMF with endflag==ESMF_END_KEEPMPI
20240725 021355.242 INFO             PET0 !!!!!!!!!!!!!!!!!!!!!!!!!!!!!!!!!!!!!!!!!!!!!!!!!!!!!!
20240725 021355.242 INFO             PET0 !!! THE ESMF_LOG IS SET TO OUTPUT ALL LOG MESSAGES !!!
20240725 021355.242 INFO             PET0 !!!     THIS MAY CAUSE SLOWDOWN IN PERFORMANCE     !!!
20240725 021355.242 INFO             PET0 !!! FOR PRODUCTION RUNS, USE:                      !!!
20240725 021355.242 INFO             PET0 !!!                   ESMF_LOGKIND_Multi_On_Error  !!!
20240725 021355.242 INFO             PET0 !!!!!!!!!!!!!!!!!!!!!!!!!!!!!!!!!!!!!!!!!!!!!!!!!!!!!!
20240725 021355.242 INFO             PET0 Running with ESMF Version   : v8.7.0b09-26-g87e00d02ff
20240725 021355.242 INFO             PET0 ESMF library build date/time: "Jul 25 2024" "01:38:24"
20240725 021355.242 INFO             PET0 ESMF library build location : /glade/derecho/scratch/sacks/esmf-testing/intel_2023.2.1_mpi_g_feature_hconfig-extras/esmf
20240725 021355.242 INFO             PET0 ESMF_COMM                   : mpi
20240725 021355.246 INFO             PET0 ESMF_MOAB                   : enabled
20240725 021355.246 INFO             PET0 ESMF_LAPACK                 : enabled
20240725 021355.246 INFO             PET0 ESMF_NETCDF                 : enabled
20240725 021355.246 INFO             PET0 ESMF_PNETCDF                : disabled
20240725 021355.246 INFO             PET0 ESMF_PIO                    : enabled
20240725 021355.246 INFO             PET0 ESMF_YAMLCPP                : enabled
20240725 021355.434 INFO             PET0  NUMBER_OF_PROCESSORS           4
20240725 021355.434 INFO             PET0  PASS  Example ESMF_VMUserMpiCommMultiEx, ESMF_VMUserMpiCommMultiEx.F90, line 154
20240725 021355.434 INFO             PET0  Finalizing ESMF with endflag==ESMF_END_KEEPMPI
20240725 021355.238 INFO             PET1 !!!!!!!!!!!!!!!!!!!!!!!!!!!!!!!!!!!!!!!!!!!!!!!!!!!!!!
20240725 021355.238 INFO             PET1 !!! THE ESMF_LOG IS SET TO OUTPUT ALL LOG MESSAGES !!!
20240725 021355.239 INFO             PET1 !!!     THIS MAY CAUSE SLOWDOWN IN PERFORMANCE     !!!
20240725 021355.239 INFO             PET1 !!! FOR PRODUCTION RUNS, USE:                      !!!
20240725 021355.239 INFO             PET1 !!!                   ESMF_LOGKIND_Multi_On_Error  !!!
20240725 021355.239 INFO             PET1 !!!!!!!!!!!!!!!!!!!!!!!!!!!!!!!!!!!!!!!!!!!!!!!!!!!!!!
20240725 021355.239 INFO             PET1 Running with ESMF Version   : v8.7.0b09-26-g87e00d02ff
20240725 021355.239 INFO             PET1 ESMF library build date/time: "Jul 25 2024" "01:38:24"
20240725 021355.239 INFO             PET1 ESMF library build location : /glade/derecho/scratch/sacks/esmf-testing/intel_2023.2.1_mpi_g_feature_hconfig-extras/esmf
20240725 021355.239 INFO             PET1 ESMF_COMM                   : mpi
20240725 021355.239 INFO             PET1 ESMF_MOAB                   : enabled
20240725 021355.239 INFO             PET1 ESMF_LAPACK                 : enabled
20240725 021355.239 INFO             PET1 ESMF_NETCDF                 : enabled
20240725 021355.239 INFO             PET1 ESMF_PNETCDF                : disabled
20240725 021355.239 INFO             PET1 ESMF_PIO                    : enabled
20240725 021355.239 INFO             PET1 ESMF_YAMLCPP                : enabled
20240725 021355.240 INFO             PET1  NUMBER_OF_PROCESSORS           4
20240725 021355.240 INFO             PET1  PASS  Example ESMF_VMUserMpiCommMultiEx, ESMF_VMUserMpiCommMultiEx.F90, line 126
20240725 021355.240 INFO             PET1  Finalizing ESMF with endflag==ESMF_END_KEEPMPI
20240725 021355.428 INFO             PET1 !!!!!!!!!!!!!!!!!!!!!!!!!!!!!!!!!!!!!!!!!!!!!!!!!!!!!!
20240725 021355.428 INFO             PET1 !!! THE ESMF_LOG IS SET TO OUTPUT ALL LOG MESSAGES !!!
20240725 021355.428 INFO             PET1 !!!     THIS MAY CAUSE SLOWDOWN IN PERFORMANCE     !!!
20240725 021355.428 INFO             PET1 !!! FOR PRODUCTION RUNS, USE:                      !!!
20240725 021355.428 INFO             PET1 !!!                   ESMF_LOGKIND_Multi_On_Error  !!!
20240725 021355.428 INFO             PET1 !!!!!!!!!!!!!!!!!!!!!!!!!!!!!!!!!!!!!!!!!!!!!!!!!!!!!!
20240725 021355.428 INFO             PET1 Running with ESMF Version   : v8.7.0b09-26-g87e00d02ff
20240725 021355.428 INFO             PET1 ESMF library build date/time: "Jul 25 2024" "01:38:24"
20240725 021355.428 INFO             PET1 ESMF library build location : /glade/derecho/scratch/sacks/esmf-testing/intel_2023.2.1_mpi_g_feature_hconfig-extras/esmf
20240725 021355.429 INFO             PET1 ESMF_COMM                   : mpi
20240725 021355.434 INFO             PET1 ESMF_MOAB                   : enabled
20240725 021355.434 INFO             PET1 ESMF_LAPACK                 : enabled
20240725 021355.434 INFO             PET1 ESMF_NETCDF                 : enabled
20240725 021355.434 INFO             PET1 ESMF_PNETCDF                : disabled
20240725 021355.434 INFO             PET1 ESMF_PIO                    : enabled
20240725 021355.434 INFO             PET1 ESMF_YAMLCPP                : enabled
20240725 021355.434 INFO             PET1  NUMBER_OF_PROCESSORS           4
20240725 021355.434 INFO             PET1  PASS  Example ESMF_VMUserMpiCommMultiEx, ESMF_VMUserMpiCommMultiEx.F90, line 154
20240725 021355.434 INFO             PET1  Finalizing ESMF with endflag==ESMF_END_KEEPMPI
