2024-08-02 02:01:29
20240802 021803.242 INFO             PET0 !!!!!!!!!!!!!!!!!!!!!!!!!!!!!!!!!!!!!!!!!!!!!!!!!!!!!!
20240802 021803.242 INFO             PET0 !!! THE ESMF_LOG IS SET TO OUTPUT ALL LOG MESSAGES !!!
20240802 021803.242 INFO             PET0 !!!     THIS MAY CAUSE SLOWDOWN IN PERFORMANCE     !!!
20240802 021803.242 INFO             PET0 !!! FOR PRODUCTION RUNS, USE:                      !!!
20240802 021803.242 INFO             PET0 !!!                   ESMF_LOGKIND_Multi_On_Error  !!!
20240802 021803.242 INFO             PET0 !!!!!!!!!!!!!!!!!!!!!!!!!!!!!!!!!!!!!!!!!!!!!!!!!!!!!!
20240802 021803.242 INFO             PET0 Running with ESMF Version   : v8.7.0b10-21-g6127c6256e
20240802 021803.242 INFO             PET0 ESMF library build date/time: "Aug  2 2024" "02:00:25"
20240802 021803.242 INFO             PET0 ESMF library build location : /home/gerhard/ESMF-Nightly-Testing/gfortran_11.2.0_mpich_O_nrl_work-esmx/esmf
20240802 021803.242 INFO             PET0 ESMF_COMM                   : mpich
20240802 021803.242 INFO             PET0 ESMF_MOAB                   : enabled
20240802 021803.242 INFO             PET0 ESMF_LAPACK                 : enabled
20240802 021803.242 INFO             PET0 ESMF_NETCDF                 : enabled
20240802 021803.242 INFO             PET0 ESMF_PNETCDF                : disabled
20240802 021803.242 INFO             PET0 ESMF_PIO                    : enabled
20240802 021803.242 INFO             PET0 ESMF_YAMLCPP                : enabled
20240802 021803.258 INFO             PET0  NUMBER_OF_PROCESSORS           4
20240802 021803.258 INFO             PET0  PASS  Example ESMF_RHandleBitForBitEx, ESMF_RHandleBitForBitEx.F90, line 1557
20240802 021803.258 INFO             PET0  Finalizing ESMF
20240802 021803.242 INFO             PET1 !!!!!!!!!!!!!!!!!!!!!!!!!!!!!!!!!!!!!!!!!!!!!!!!!!!!!!
20240802 021803.242 INFO             PET1 !!! THE ESMF_LOG IS SET TO OUTPUT ALL LOG MESSAGES !!!
20240802 021803.242 INFO             PET1 !!!     THIS MAY CAUSE SLOWDOWN IN PERFORMANCE     !!!
20240802 021803.242 INFO             PET1 !!! FOR PRODUCTION RUNS, USE:                      !!!
20240802 021803.242 INFO             PET1 !!!                   ESMF_LOGKIND_Multi_On_Error  !!!
20240802 021803.242 INFO             PET1 !!!!!!!!!!!!!!!!!!!!!!!!!!!!!!!!!!!!!!!!!!!!!!!!!!!!!!
20240802 021803.242 INFO             PET1 Running with ESMF Version   : v8.7.0b10-21-g6127c6256e
20240802 021803.242 INFO             PET1 ESMF library build date/time: "Aug  2 2024" "02:00:25"
20240802 021803.242 INFO             PET1 ESMF library build location : /home/gerhard/ESMF-Nightly-Testing/gfortran_11.2.0_mpich_O_nrl_work-esmx/esmf
20240802 021803.242 INFO             PET1 ESMF_COMM                   : mpich
20240802 021803.242 INFO             PET1 ESMF_MOAB                   : enabled
20240802 021803.242 INFO             PET1 ESMF_LAPACK                 : enabled
20240802 021803.242 INFO             PET1 ESMF_NETCDF                 : enabled
20240802 021803.242 INFO             PET1 ESMF_PNETCDF                : disabled
20240802 021803.242 INFO             PET1 ESMF_PIO                    : enabled
20240802 021803.242 INFO             PET1 ESMF_YAMLCPP                : enabled
20240802 021803.258 INFO             PET1  NUMBER_OF_PROCESSORS           4
20240802 021803.258 INFO             PET1  PASS  Example ESMF_RHandleBitForBitEx, ESMF_RHandleBitForBitEx.F90, line 1557
20240802 021803.258 INFO             PET1  Finalizing ESMF
20240802 021803.242 INFO             PET2 !!!!!!!!!!!!!!!!!!!!!!!!!!!!!!!!!!!!!!!!!!!!!!!!!!!!!!
20240802 021803.242 INFO             PET2 !!! THE ESMF_LOG IS SET TO OUTPUT ALL LOG MESSAGES !!!
20240802 021803.242 INFO             PET2 !!!     THIS MAY CAUSE SLOWDOWN IN PERFORMANCE     !!!
20240802 021803.242 INFO             PET2 !!! FOR PRODUCTION RUNS, USE:                      !!!
20240802 021803.242 INFO             PET2 !!!                   ESMF_LOGKIND_Multi_On_Error  !!!
20240802 021803.242 INFO             PET2 !!!!!!!!!!!!!!!!!!!!!!!!!!!!!!!!!!!!!!!!!!!!!!!!!!!!!!
20240802 021803.242 INFO             PET2 Running with ESMF Version   : v8.7.0b10-21-g6127c6256e
20240802 021803.242 INFO             PET2 ESMF library build date/time: "Aug  2 2024" "02:00:25"
20240802 021803.242 INFO             PET2 ESMF library build location : /home/gerhard/ESMF-Nightly-Testing/gfortran_11.2.0_mpich_O_nrl_work-esmx/esmf
20240802 021803.242 INFO             PET2 ESMF_COMM                   : mpich
20240802 021803.242 INFO             PET2 ESMF_MOAB                   : enabled
20240802 021803.242 INFO             PET2 ESMF_LAPACK                 : enabled
20240802 021803.242 INFO             PET2 ESMF_NETCDF                 : enabled
20240802 021803.242 INFO             PET2 ESMF_PNETCDF                : disabled
20240802 021803.242 INFO             PET2 ESMF_PIO                    : enabled
20240802 021803.242 INFO             PET2 ESMF_YAMLCPP                : enabled
20240802 021803.258 INFO             PET2  NUMBER_OF_PROCESSORS           4
20240802 021803.258 INFO             PET2  PASS  Example ESMF_RHandleBitForBitEx, ESMF_RHandleBitForBitEx.F90, line 1557
20240802 021803.258 INFO             PET2  Finalizing ESMF
20240802 021803.242 INFO             PET3 !!!!!!!!!!!!!!!!!!!!!!!!!!!!!!!!!!!!!!!!!!!!!!!!!!!!!!
20240802 021803.242 INFO             PET3 !!! THE ESMF_LOG IS SET TO OUTPUT ALL LOG MESSAGES !!!
20240802 021803.242 INFO             PET3 !!!     THIS MAY CAUSE SLOWDOWN IN PERFORMANCE     !!!
20240802 021803.242 INFO             PET3 !!! FOR PRODUCTION RUNS, USE:                      !!!
20240802 021803.242 INFO             PET3 !!!                   ESMF_LOGKIND_Multi_On_Error  !!!
20240802 021803.242 INFO             PET3 !!!!!!!!!!!!!!!!!!!!!!!!!!!!!!!!!!!!!!!!!!!!!!!!!!!!!!
20240802 021803.242 INFO             PET3 Running with ESMF Version   : v8.7.0b10-21-g6127c6256e
20240802 021803.242 INFO             PET3 ESMF library build date/time: "Aug  2 2024" "02:00:25"
20240802 021803.242 INFO             PET3 ESMF library build location : /home/gerhard/ESMF-Nightly-Testing/gfortran_11.2.0_mpich_O_nrl_work-esmx/esmf
20240802 021803.242 INFO             PET3 ESMF_COMM                   : mpich
20240802 021803.242 INFO             PET3 ESMF_MOAB                   : enabled
20240802 021803.242 INFO             PET3 ESMF_LAPACK                 : enabled
20240802 021803.242 INFO             PET3 ESMF_NETCDF                 : enabled
20240802 021803.242 INFO             PET3 ESMF_PNETCDF                : disabled
20240802 021803.242 INFO             PET3 ESMF_PIO                    : enabled
20240802 021803.242 INFO             PET3 ESMF_YAMLCPP                : enabled
20240802 021803.258 INFO             PET3  NUMBER_OF_PROCESSORS           4
20240802 021803.258 INFO             PET3  PASS  Example ESMF_RHandleBitForBitEx, ESMF_RHandleBitForBitEx.F90, line 1557
20240802 021803.258 INFO             PET3  Finalizing ESMF
