2024-08-01 01:46:31
20240801 022515.582 INFO             PET0 !!!!!!!!!!!!!!!!!!!!!!!!!!!!!!!!!!!!!!!!!!!!!!!!!!!!!!
20240801 022515.582 INFO             PET0 !!! THE ESMF_LOG IS SET TO OUTPUT ALL LOG MESSAGES !!!
20240801 022515.582 INFO             PET0 !!!     THIS MAY CAUSE SLOWDOWN IN PERFORMANCE     !!!
20240801 022515.582 INFO             PET0 !!! FOR PRODUCTION RUNS, USE:                      !!!
20240801 022515.582 INFO             PET0 !!!                   ESMF_LOGKIND_Multi_On_Error  !!!
20240801 022515.582 INFO             PET0 !!!!!!!!!!!!!!!!!!!!!!!!!!!!!!!!!!!!!!!!!!!!!!!!!!!!!!
20240801 022515.582 INFO             PET0 Running with ESMF Version   : v8.7.0b10-21-g6127c6256e
20240801 022515.582 INFO             PET0 ESMF library build date/time: "Aug  1 2024" "01:44:33"
20240801 022515.582 INFO             PET0 ESMF library build location : /scratch/cluster/theurich/ESMF-Nightly-Testing/nag_7.0_mpiuni_g_nrl_work-esmx/esmf
20240801 022515.582 INFO             PET0 ESMF_COMM                   : mpiuni
20240801 022515.582 INFO             PET0 ESMF_MOAB                   : enabled
20240801 022515.582 INFO             PET0 ESMF_LAPACK                 : enabled
20240801 022515.582 INFO             PET0 ESMF_NETCDF                 : enabled
20240801 022515.582 INFO             PET0 ESMF_PNETCDF                : disabled
20240801 022515.582 INFO             PET0 ESMF_PIO                    : enabled
20240801 022515.583 INFO             PET0 ESMF_YAMLCPP                : enabled
20240801 022515.583 INFO             PET0  NUMBER_OF_PROCESSORS 1
20240801 022515.583 INFO             PET0  PASS  Example ESMF_VMAllFullReduceEx, ESMF_VMAllFullReduceEx.F90, line 113
20240801 022515.583 INFO             PET0  Finalizing ESMF
