2024-07-24 01:57:54
20240724 023157.219 INFO             PET0 !!!!!!!!!!!!!!!!!!!!!!!!!!!!!!!!!!!!!!!!!!!!!!!!!!!!!!
20240724 023157.219 INFO             PET0 !!! THE ESMF_LOG IS SET TO OUTPUT ALL LOG MESSAGES !!!
20240724 023157.219 INFO             PET0 !!!     THIS MAY CAUSE SLOWDOWN IN PERFORMANCE     !!!
20240724 023157.219 INFO             PET0 !!! FOR PRODUCTION RUNS, USE:                      !!!
20240724 023157.219 INFO             PET0 !!!                   ESMF_LOGKIND_Multi_On_Error  !!!
20240724 023157.220 INFO             PET0 !!!!!!!!!!!!!!!!!!!!!!!!!!!!!!!!!!!!!!!!!!!!!!!!!!!!!!
20240724 023157.220 INFO             PET0 Running with ESMF Version   : v8.7.0b09-5-g5845ab67f6
20240724 023157.220 INFO             PET0 ESMF library build date/time: "Jul 24 2024" "01:55:24"
20240724 023157.220 INFO             PET0 ESMF library build location : /scratch/cluster/theurich/ESMF-Nightly-Testing/intel_20.0.1_mpiuni_O_feature_numa/esmf
20240724 023157.220 INFO             PET0 ESMF_COMM                   : mpiuni
20240724 023157.222 INFO             PET0 ESMF_MOAB                   : enabled
20240724 023157.222 INFO             PET0 ESMF_LAPACK                 : enabled
20240724 023157.222 INFO             PET0 ESMF_NETCDF                 : enabled
20240724 023157.222 INFO             PET0 ESMF_PNETCDF                : disabled
20240724 023157.222 INFO             PET0 ESMF_PIO                    : enabled
20240724 023157.222 INFO             PET0 ESMF_YAMLCPP                : enabled
20240724 023157.280 DEBUG            PET0 about to destroy Grid: 0x275d690
20240724 023157.286 DEBUG            PET0 about to destroy Grid: 0x275f500
20240724 023157.302 INFO             PET0  NUMBER_OF_PROCESSORS           1
20240724 023157.302 INFO             PET0  PASS  Example ESMF_NUOPCAtmModelEx, ESMF_NUOPCAtmModelEx.F90, line 806
20240724 023157.302 INFO             PET0  Finalizing ESMF
