2024-07-27 04:04:26
20240727 043413.821 INFO             PET0 !!!!!!!!!!!!!!!!!!!!!!!!!!!!!!!!!!!!!!!!!!!!!!!!!!!!!!
20240727 043413.821 INFO             PET0 !!! THE ESMF_LOG IS SET TO OUTPUT ALL LOG MESSAGES !!!
20240727 043413.821 INFO             PET0 !!!     THIS MAY CAUSE SLOWDOWN IN PERFORMANCE     !!!
20240727 043413.821 INFO             PET0 !!! FOR PRODUCTION RUNS, USE:                      !!!
20240727 043413.821 INFO             PET0 !!!                   ESMF_LOGKIND_Multi_On_Error  !!!
20240727 043413.821 INFO             PET0 !!!!!!!!!!!!!!!!!!!!!!!!!!!!!!!!!!!!!!!!!!!!!!!!!!!!!!
20240727 043413.821 INFO             PET0 Running with ESMF Version   : v8.7.0b09-28-g366ef994ec
20240727 043413.822 INFO             PET0 ESMF library build date/time: "Jul 27 2024" "04:03:34"
20240727 043413.822 INFO             PET0 ESMF library build location : /tmp/intel_2023.1.0_mpiuni_g_develop/esmf
20240727 043413.822 INFO             PET0 ESMF_COMM                   : mpiuni
20240727 043413.822 INFO             PET0 ESMF_MOAB                   : enabled
20240727 043413.822 INFO             PET0 ESMF_LAPACK                 : enabled
20240727 043413.822 INFO             PET0 ESMF_NETCDF                 : enabled
20240727 043413.822 INFO             PET0 ESMF_PNETCDF                : disabled
20240727 043413.822 INFO             PET0 ESMF_PIO                    : enabled
20240727 043413.822 INFO             PET0 ESMF_YAMLCPP                : enabled
20240727 043413.900 DEBUG            PET0 about to destroy Grid: 0x5f6d80
20240727 043413.918 DEBUG            PET0 about to destroy Grid: 0x5f7e10
20240727 043413.962 INFO             PET0  NUMBER_OF_PROCESSORS           1
20240727 043413.962 INFO             PET0  PASS  Example ESMF_NUOPCAtmModelEx, ESMF_NUOPCAtmModelEx.F90, line 806
20240727 043413.962 INFO             PET0  Finalizing ESMF
