2024-08-02 05:25:28
20240802 072040.601 INFO             PET0 !!!!!!!!!!!!!!!!!!!!!!!!!!!!!!!!!!!!!!!!!!!!!!!!!!!!!!
20240802 072040.601 INFO             PET0 !!! THE ESMF_LOG IS SET TO OUTPUT ALL LOG MESSAGES !!!
20240802 072040.601 INFO             PET0 !!!     THIS MAY CAUSE SLOWDOWN IN PERFORMANCE     !!!
20240802 072040.601 INFO             PET0 !!! FOR PRODUCTION RUNS, USE:                      !!!
20240802 072040.601 INFO             PET0 !!!                   ESMF_LOGKIND_Multi_On_Error  !!!
20240802 072040.601 INFO             PET0 !!!!!!!!!!!!!!!!!!!!!!!!!!!!!!!!!!!!!!!!!!!!!!!!!!!!!!
20240802 072040.601 INFO             PET0 Running with ESMF Version   : v8.7.0b10-21-g6127c6256e
20240802 072040.601 INFO             PET0 ESMF library build date/time: "Aug  2 2024" "05:24:28"
20240802 072040.601 INFO             PET0 ESMF library build location : /discover/nobackup/projects/sbu/mpotts/esmf-test/gfortran_8.3.0_intelmpi_O_nrl_work-esmx/esmf
20240802 072040.601 INFO             PET0 ESMF_COMM                   : intelmpi
20240802 072040.601 INFO             PET0 ESMF_MOAB                   : enabled
20240802 072040.601 INFO             PET0 ESMF_LAPACK                 : enabled
20240802 072040.601 INFO             PET0 ESMF_NETCDF                 : disabled
20240802 072040.601 INFO             PET0 ESMF_PNETCDF                : disabled
20240802 072040.601 INFO             PET0 ESMF_PIO                    : disabled
20240802 072040.601 INFO             PET0 ESMF_YAMLCPP                : enabled
20240802 072040.603 INFO             PET0 Log Write 2
20240802 072040.603 ERROR            PET0 Invalid object  - Convergence failure
20240802 072040.603 ERROR            PET0 ESMCI_Time.C:866 ESMCI::Time::syncToRealTime() Wrong argument specified  - ; calkindflag is NOCALENDAR. Only GREGORIAN and JULIAN are supported when syncing to real time.
20240802 072040.603 ERROR            PET0 ESMF_Time.F90:1485 ESMF_TimeSyncToRealTime() Wrong argument specified  - Internal subroutine call returned Error
20240802 072040.603 ERROR            PET0 Wrong argument specified  - getting wall clock time
20240802 072040.604 INFO             PET0  NUMBER_OF_PROCESSORS           4
20240802 072040.604 INFO             PET0  PASS  Example ESMF_LogErrEx, ESMF_LogErrEx.F90, line 186
20240802 072040.604 INFO             PET0  Finalizing ESMF
20240802 072040.602 INFO             PET1 !!!!!!!!!!!!!!!!!!!!!!!!!!!!!!!!!!!!!!!!!!!!!!!!!!!!!!
20240802 072040.602 INFO             PET1 !!! THE ESMF_LOG IS SET TO OUTPUT ALL LOG MESSAGES !!!
20240802 072040.602 INFO             PET1 !!!     THIS MAY CAUSE SLOWDOWN IN PERFORMANCE     !!!
20240802 072040.602 INFO             PET1 !!! FOR PRODUCTION RUNS, USE:                      !!!
20240802 072040.602 INFO             PET1 !!!                   ESMF_LOGKIND_Multi_On_Error  !!!
20240802 072040.602 INFO             PET1 !!!!!!!!!!!!!!!!!!!!!!!!!!!!!!!!!!!!!!!!!!!!!!!!!!!!!!
20240802 072040.602 INFO             PET1 Running with ESMF Version   : v8.7.0b10-21-g6127c6256e
20240802 072040.602 INFO             PET1 ESMF library build date/time: "Aug  2 2024" "05:24:28"
20240802 072040.602 INFO             PET1 ESMF library build location : /discover/nobackup/projects/sbu/mpotts/esmf-test/gfortran_8.3.0_intelmpi_O_nrl_work-esmx/esmf
20240802 072040.602 INFO             PET1 ESMF_COMM                   : intelmpi
20240802 072040.602 INFO             PET1 ESMF_MOAB                   : enabled
20240802 072040.602 INFO             PET1 ESMF_LAPACK                 : enabled
20240802 072040.602 INFO             PET1 ESMF_NETCDF                 : disabled
20240802 072040.602 INFO             PET1 ESMF_PNETCDF                : disabled
20240802 072040.602 INFO             PET1 ESMF_PIO                    : disabled
20240802 072040.602 INFO             PET1 ESMF_YAMLCPP                : enabled
20240802 072040.603 INFO             PET1 Log Write 2
20240802 072040.603 ERROR            PET1 Invalid object  - Convergence failure
20240802 072040.603 ERROR            PET1 ESMCI_Time.C:866 ESMCI::Time::syncToRealTime() Wrong argument specified  - ; calkindflag is NOCALENDAR. Only GREGORIAN and JULIAN are supported when syncing to real time.
20240802 072040.603 ERROR            PET1 ESMF_Time.F90:1485 ESMF_TimeSyncToRealTime() Wrong argument specified  - Internal subroutine call returned Error
20240802 072040.603 ERROR            PET1 Wrong argument specified  - getting wall clock time
20240802 072040.605 INFO             PET1  NUMBER_OF_PROCESSORS           4
20240802 072040.605 INFO             PET1  PASS  Example ESMF_LogErrEx, ESMF_LogErrEx.F90, line 186
20240802 072040.605 INFO             PET1  Finalizing ESMF
20240802 072040.603 INFO             PET2 !!!!!!!!!!!!!!!!!!!!!!!!!!!!!!!!!!!!!!!!!!!!!!!!!!!!!!
20240802 072040.603 INFO             PET2 !!! THE ESMF_LOG IS SET TO OUTPUT ALL LOG MESSAGES !!!
20240802 072040.603 INFO             PET2 !!!     THIS MAY CAUSE SLOWDOWN IN PERFORMANCE     !!!
20240802 072040.603 INFO             PET2 !!! FOR PRODUCTION RUNS, USE:                      !!!
20240802 072040.603 INFO             PET2 !!!                   ESMF_LOGKIND_Multi_On_Error  !!!
20240802 072040.603 INFO             PET2 !!!!!!!!!!!!!!!!!!!!!!!!!!!!!!!!!!!!!!!!!!!!!!!!!!!!!!
20240802 072040.603 INFO             PET2 Running with ESMF Version   : v8.7.0b10-21-g6127c6256e
20240802 072040.603 INFO             PET2 ESMF library build date/time: "Aug  2 2024" "05:24:28"
20240802 072040.603 INFO             PET2 ESMF library build location : /discover/nobackup/projects/sbu/mpotts/esmf-test/gfortran_8.3.0_intelmpi_O_nrl_work-esmx/esmf
20240802 072040.603 INFO             PET2 ESMF_COMM                   : intelmpi
20240802 072040.603 INFO             PET2 ESMF_MOAB                   : enabled
20240802 072040.603 INFO             PET2 ESMF_LAPACK                 : enabled
20240802 072040.603 INFO             PET2 ESMF_NETCDF                 : disabled
20240802 072040.603 INFO             PET2 ESMF_PNETCDF                : disabled
20240802 072040.603 INFO             PET2 ESMF_PIO                    : disabled
20240802 072040.603 INFO             PET2 ESMF_YAMLCPP                : enabled
20240802 072040.603 INFO             PET2 Log Write 2
20240802 072040.603 ERROR            PET2 Invalid object  - Convergence failure
20240802 072040.603 ERROR            PET2 ESMCI_Time.C:866 ESMCI::Time::syncToRealTime() Wrong argument specified  - ; calkindflag is NOCALENDAR. Only GREGORIAN and JULIAN are supported when syncing to real time.
20240802 072040.603 ERROR            PET2 ESMF_Time.F90:1485 ESMF_TimeSyncToRealTime() Wrong argument specified  - Internal subroutine call returned Error
20240802 072040.603 ERROR            PET2 Wrong argument specified  - getting wall clock time
20240802 072040.606 INFO             PET2  NUMBER_OF_PROCESSORS           4
20240802 072040.606 INFO             PET2  PASS  Example ESMF_LogErrEx, ESMF_LogErrEx.F90, line 186
20240802 072040.606 INFO             PET2  Finalizing ESMF
20240802 072040.602 INFO             PET3 !!!!!!!!!!!!!!!!!!!!!!!!!!!!!!!!!!!!!!!!!!!!!!!!!!!!!!
20240802 072040.602 INFO             PET3 !!! THE ESMF_LOG IS SET TO OUTPUT ALL LOG MESSAGES !!!
20240802 072040.602 INFO             PET3 !!!     THIS MAY CAUSE SLOWDOWN IN PERFORMANCE     !!!
20240802 072040.602 INFO             PET3 !!! FOR PRODUCTION RUNS, USE:                      !!!
20240802 072040.602 INFO             PET3 !!!                   ESMF_LOGKIND_Multi_On_Error  !!!
20240802 072040.602 INFO             PET3 !!!!!!!!!!!!!!!!!!!!!!!!!!!!!!!!!!!!!!!!!!!!!!!!!!!!!!
20240802 072040.602 INFO             PET3 Running with ESMF Version   : v8.7.0b10-21-g6127c6256e
20240802 072040.602 INFO             PET3 ESMF library build date/time: "Aug  2 2024" "05:24:28"
20240802 072040.602 INFO             PET3 ESMF library build location : /discover/nobackup/projects/sbu/mpotts/esmf-test/gfortran_8.3.0_intelmpi_O_nrl_work-esmx/esmf
20240802 072040.602 INFO             PET3 ESMF_COMM                   : intelmpi
20240802 072040.603 INFO             PET3 ESMF_MOAB                   : enabled
20240802 072040.603 INFO             PET3 ESMF_LAPACK                 : enabled
20240802 072040.603 INFO             PET3 ESMF_NETCDF                 : disabled
20240802 072040.603 INFO             PET3 ESMF_PNETCDF                : disabled
20240802 072040.603 INFO             PET3 ESMF_PIO                    : disabled
20240802 072040.603 INFO             PET3 ESMF_YAMLCPP                : enabled
20240802 072040.603 INFO             PET3 Log Write 2
20240802 072040.603 ERROR            PET3 Invalid object  - Convergence failure
20240802 072040.603 ERROR            PET3 ESMCI_Time.C:866 ESMCI::Time::syncToRealTime() Wrong argument specified  - ; calkindflag is NOCALENDAR. Only GREGORIAN and JULIAN are supported when syncing to real time.
20240802 072040.603 ERROR            PET3 ESMF_Time.F90:1485 ESMF_TimeSyncToRealTime() Wrong argument specified  - Internal subroutine call returned Error
20240802 072040.603 ERROR            PET3 Wrong argument specified  - getting wall clock time
20240802 072040.607 INFO             PET3  NUMBER_OF_PROCESSORS           4
20240802 072040.607 INFO             PET3  PASS  Example ESMF_LogErrEx, ESMF_LogErrEx.F90, line 186
20240802 072040.607 INFO             PET3  Finalizing ESMF
