2024-07-19 01:49:12
20240719 023108.071 INFO             PET0 !!!!!!!!!!!!!!!!!!!!!!!!!!!!!!!!!!!!!!!!!!!!!!!!!!!!!!
20240719 023108.071 INFO             PET0 !!! THE ESMF_LOG IS SET TO OUTPUT ALL LOG MESSAGES !!!
20240719 023108.071 INFO             PET0 !!!     THIS MAY CAUSE SLOWDOWN IN PERFORMANCE     !!!
20240719 023108.071 INFO             PET0 !!! FOR PRODUCTION RUNS, USE:                      !!!
20240719 023108.071 INFO             PET0 !!!                   ESMF_LOGKIND_Multi_On_Error  !!!
20240719 023108.071 INFO             PET0 !!!!!!!!!!!!!!!!!!!!!!!!!!!!!!!!!!!!!!!!!!!!!!!!!!!!!!
20240719 023108.071 INFO             PET0 Running with ESMF Version   : v8.7.0b08-6-g7f6a4f6fe1
20240719 023108.071 INFO             PET0 ESMF library build date/time: "Jul 19 2024" "01:46:59"
20240719 023108.071 INFO             PET0 ESMF library build location : /scratch/cluster/theurich/ESMF-Nightly-Testing/intel_20.0.1_mpiuni_g_feature_smm_store_search/esmf
20240719 023108.071 INFO             PET0 ESMF_COMM                   : mpiuni
20240719 023108.075 INFO             PET0 ESMF_MOAB                   : enabled
20240719 023108.075 INFO             PET0 ESMF_LAPACK                 : enabled
20240719 023108.075 INFO             PET0 ESMF_NETCDF                 : enabled
20240719 023108.075 INFO             PET0 ESMF_PNETCDF                : disabled
20240719 023108.075 INFO             PET0 ESMF_PIO                    : enabled
20240719 023108.075 INFO             PET0 ESMF_YAMLCPP                : enabled
20240719 023108.093 INFO             PET0 ESMF_FieldRedistStoreNF(): Just entered routine.
20240719 023109.126 INFO             PET0 ESMF_FieldRedistStoreNF(): Leaving routine.
20240719 023109.171 INFO             PET0  NUMBER_OF_PROCESSORS           1
20240719 023109.174 INFO             PET0  PASS  Example ESMF_RHandleFromFileEx, ESMF_RHandleFromFileEx.F90, line 192
20240719 023109.175 INFO             PET0  Finalizing ESMF
