2024-05-13 19:32:55
20240513 214143.866 INFO             PET0 !!!!!!!!!!!!!!!!!!!!!!!!!!!!!!!!!!!!!!!!!!!!!!!!!!!!!!
20240513 214143.867 INFO             PET0 !!! THE ESMF_LOG IS SET TO OUTPUT ALL LOG MESSAGES !!!
20240513 214143.867 INFO             PET0 !!!     THIS MAY CAUSE SLOWDOWN IN PERFORMANCE     !!!
20240513 214143.867 INFO             PET0 !!! FOR PRODUCTION RUNS, USE:                      !!!
20240513 214143.867 INFO             PET0 !!!                   ESMF_LOGKIND_Multi_On_Error  !!!
20240513 214143.867 INFO             PET0 !!!!!!!!!!!!!!!!!!!!!!!!!!!!!!!!!!!!!!!!!!!!!!!!!!!!!!
20240513 214143.867 INFO             PET0 Running with ESMF Version   : v8.7.0b05-79-ga8d1e7bca1
20240513 214143.867 INFO             PET0 ESMF library build date/time: "May 13 2024" "19:30:43"
20240513 214143.867 INFO             PET0 ESMF library build location : /Users/sacks/projects/scratch/esmf-testing/gfortranclang_12.2.0_14.0.0_openmpi_g_develop/esmf
20240513 214143.867 INFO             PET0 ESMF_COMM                   : openmpi
20240513 214143.867 INFO             PET0 ESMF_MOAB                   : enabled
20240513 214143.867 INFO             PET0 ESMF_LAPACK                 : enabled
20240513 214143.867 INFO             PET0 ESMF_NETCDF                 : enabled
20240513 214143.867 INFO             PET0 ESMF_PNETCDF                : disabled
20240513 214143.867 INFO             PET0 ESMF_PIO                    : enabled
20240513 214143.867 INFO             PET0 ESMF_YAMLCPP                : enabled
20240513 214143.868 INFO             PET0 =============================================
20240513 214143.868 INFO             PET0 ESMX (Earth System Model eXecutable) STARTING
20240513 214143.868 INFO             PET0 =============================================
20240513 214143.871 INFO             PET0 ESMX_Driver: InitializeGeneric intro.
20240513 214143.871 INFO             PET0   ESMX_Driver: InitializeP0 intro.
20240513 214143.871 INFO             PET0   ESMX_Driver: InitializeP0 extro.
20240513 214143.872 INFO             PET0   ESMX_Driver: InitializeIPDv02p1 intro.
20240513 214143.872 INFO             PET0     >>>ESMX_Driver: entered Initialize (phase=<none>) without valid internal Clock.
20240513 214143.873 INFO             PET0     ESMX_Driver - Creating model component MDL without petList.
20240513 214143.874 ERROR            PET0 ESMCI_FTable.C:254 c_esmc_setvmshobj     Invalid argument  - shared object not found
20240513 214143.874 ERROR            PET0 ESMF_GridComp.F90:3029 ESMF_GridCompSetVMShObj     Invalid argument  - Internal subroutine call returned Error
20240513 214143.874 ERROR            PET0 src/addon/NUOPC/src/NUOPC_Comp.F90:4265     Invalid argument  - Passing error in return code
20240513 214143.874 ERROR            PET0 ESMX_Driver:src/addon/NUOPC/src/NUOPC_Driver.F90:4950     Invalid argument  - Passing error in return code
20240513 214143.874 ERROR            PET0 src/addon/ESMX/Driver/ESMX_Driver.F90:335     Invalid argument  - Unable to add component 'MDL' to driver via shared object: ./install/lib/libSiMoCo.so
20240513 214143.874 ERROR            PET0 ESMX_Driver:src/addon/NUOPC/src/NUOPC_Driver.F90:797     Invalid argument  - Passing error in return code
20240513 214143.874 ERROR            PET0 ESMX_Driver:src/addon/NUOPC/src/NUOPC_Driver.F90:486     Invalid argument  - Passing error in return code
20240513 214143.874 ERROR            PET0 src/addon/ESMX/ESMX_App.F90:216     Invalid argument  - Passing error in return code
20240513 214143.874 INFO             PET0      Finalizing ESMF with endflag==ESMF_END_ABORT
20240513 214143.866 INFO             PET1 !!!!!!!!!!!!!!!!!!!!!!!!!!!!!!!!!!!!!!!!!!!!!!!!!!!!!!
20240513 214143.867 INFO             PET1 !!! THE ESMF_LOG IS SET TO OUTPUT ALL LOG MESSAGES !!!
20240513 214143.867 INFO             PET1 !!!     THIS MAY CAUSE SLOWDOWN IN PERFORMANCE     !!!
20240513 214143.867 INFO             PET1 !!! FOR PRODUCTION RUNS, USE:                      !!!
20240513 214143.867 INFO             PET1 !!!                   ESMF_LOGKIND_Multi_On_Error  !!!
20240513 214143.867 INFO             PET1 !!!!!!!!!!!!!!!!!!!!!!!!!!!!!!!!!!!!!!!!!!!!!!!!!!!!!!
20240513 214143.867 INFO             PET1 Running with ESMF Version   : v8.7.0b05-79-ga8d1e7bca1
20240513 214143.867 INFO             PET1 ESMF library build date/time: "May 13 2024" "19:30:43"
20240513 214143.867 INFO             PET1 ESMF library build location : /Users/sacks/projects/scratch/esmf-testing/gfortranclang_12.2.0_14.0.0_openmpi_g_develop/esmf
20240513 214143.867 INFO             PET1 ESMF_COMM                   : openmpi
20240513 214143.867 INFO             PET1 ESMF_MOAB                   : enabled
20240513 214143.867 INFO             PET1 ESMF_LAPACK                 : enabled
20240513 214143.867 INFO             PET1 ESMF_NETCDF                 : enabled
20240513 214143.867 INFO             PET1 ESMF_PNETCDF                : disabled
20240513 214143.867 INFO             PET1 ESMF_PIO                    : enabled
20240513 214143.867 INFO             PET1 ESMF_YAMLCPP                : enabled
20240513 214143.868 INFO             PET1 =============================================
20240513 214143.868 INFO             PET1 ESMX (Earth System Model eXecutable) STARTING
20240513 214143.868 INFO             PET1 =============================================
20240513 214143.871 INFO             PET1 ESMX_Driver: InitializeGeneric intro.
20240513 214143.871 INFO             PET1   ESMX_Driver: InitializeP0 intro.
20240513 214143.871 INFO             PET1   ESMX_Driver: InitializeP0 extro.
20240513 214143.872 INFO             PET1   ESMX_Driver: InitializeIPDv02p1 intro.
20240513 214143.872 INFO             PET1     >>>ESMX_Driver: entered Initialize (phase=<none>) without valid internal Clock.
20240513 214143.873 INFO             PET1     ESMX_Driver - Creating model component MDL without petList.
20240513 214143.874 ERROR            PET1 ESMCI_FTable.C:254 c_esmc_setvmshobj     Invalid argument  - shared object not found
20240513 214143.874 ERROR            PET1 ESMF_GridComp.F90:3029 ESMF_GridCompSetVMShObj     Invalid argument  - Internal subroutine call returned Error
20240513 214143.874 ERROR            PET1 src/addon/NUOPC/src/NUOPC_Comp.F90:4265     Invalid argument  - Passing error in return code
20240513 214143.874 ERROR            PET1 ESMX_Driver:src/addon/NUOPC/src/NUOPC_Driver.F90:4950     Invalid argument  - Passing error in return code
20240513 214143.874 ERROR            PET1 src/addon/ESMX/Driver/ESMX_Driver.F90:335     Invalid argument  - Unable to add component 'MDL' to driver via shared object: ./install/lib/libSiMoCo.so
20240513 214143.874 ERROR            PET1 ESMX_Driver:src/addon/NUOPC/src/NUOPC_Driver.F90:797     Invalid argument  - Passing error in return code
20240513 214143.874 ERROR            PET1 ESMX_Driver:src/addon/NUOPC/src/NUOPC_Driver.F90:486     Invalid argument  - Passing error in return code
20240513 214143.874 ERROR            PET1 src/addon/ESMX/ESMX_App.F90:216     Invalid argument  - Passing error in return code
20240513 214143.874 INFO             PET1      Finalizing ESMF with endflag==ESMF_END_ABORT
20240513 214143.866 INFO             PET2 !!!!!!!!!!!!!!!!!!!!!!!!!!!!!!!!!!!!!!!!!!!!!!!!!!!!!!
20240513 214143.867 INFO             PET2 !!! THE ESMF_LOG IS SET TO OUTPUT ALL LOG MESSAGES !!!
20240513 214143.867 INFO             PET2 !!!     THIS MAY CAUSE SLOWDOWN IN PERFORMANCE     !!!
20240513 214143.867 INFO             PET2 !!! FOR PRODUCTION RUNS, USE:                      !!!
20240513 214143.867 INFO             PET2 !!!                   ESMF_LOGKIND_Multi_On_Error  !!!
20240513 214143.867 INFO             PET2 !!!!!!!!!!!!!!!!!!!!!!!!!!!!!!!!!!!!!!!!!!!!!!!!!!!!!!
20240513 214143.867 INFO             PET2 Running with ESMF Version   : v8.7.0b05-79-ga8d1e7bca1
20240513 214143.867 INFO             PET2 ESMF library build date/time: "May 13 2024" "19:30:43"
20240513 214143.867 INFO             PET2 ESMF library build location : /Users/sacks/projects/scratch/esmf-testing/gfortranclang_12.2.0_14.0.0_openmpi_g_develop/esmf
20240513 214143.867 INFO             PET2 ESMF_COMM                   : openmpi
20240513 214143.867 INFO             PET2 ESMF_MOAB                   : enabled
20240513 214143.867 INFO             PET2 ESMF_LAPACK                 : enabled
20240513 214143.867 INFO             PET2 ESMF_NETCDF                 : enabled
20240513 214143.867 INFO             PET2 ESMF_PNETCDF                : disabled
20240513 214143.867 INFO             PET2 ESMF_PIO                    : enabled
20240513 214143.867 INFO             PET2 ESMF_YAMLCPP                : enabled
20240513 214143.868 INFO             PET2 =============================================
20240513 214143.868 INFO             PET2 ESMX (Earth System Model eXecutable) STARTING
20240513 214143.868 INFO             PET2 =============================================
20240513 214143.871 INFO             PET2 ESMX_Driver: InitializeGeneric intro.
20240513 214143.871 INFO             PET2   ESMX_Driver: InitializeP0 intro.
20240513 214143.871 INFO             PET2   ESMX_Driver: InitializeP0 extro.
20240513 214143.872 INFO             PET2   ESMX_Driver: InitializeIPDv02p1 intro.
20240513 214143.872 INFO             PET2     >>>ESMX_Driver: entered Initialize (phase=<none>) without valid internal Clock.
20240513 214143.873 INFO             PET2     ESMX_Driver - Creating model component MDL without petList.
20240513 214143.874 ERROR            PET2 ESMCI_FTable.C:254 c_esmc_setvmshobj     Invalid argument  - shared object not found
20240513 214143.874 ERROR            PET2 ESMF_GridComp.F90:3029 ESMF_GridCompSetVMShObj     Invalid argument  - Internal subroutine call returned Error
20240513 214143.874 ERROR            PET2 src/addon/NUOPC/src/NUOPC_Comp.F90:4265     Invalid argument  - Passing error in return code
20240513 214143.874 ERROR            PET2 ESMX_Driver:src/addon/NUOPC/src/NUOPC_Driver.F90:4950     Invalid argument  - Passing error in return code
20240513 214143.874 ERROR            PET2 src/addon/ESMX/Driver/ESMX_Driver.F90:335     Invalid argument  - Unable to add component 'MDL' to driver via shared object: ./install/lib/libSiMoCo.so
20240513 214143.874 ERROR            PET2 ESMX_Driver:src/addon/NUOPC/src/NUOPC_Driver.F90:797     Invalid argument  - Passing error in return code
20240513 214143.874 ERROR            PET2 ESMX_Driver:src/addon/NUOPC/src/NUOPC_Driver.F90:486     Invalid argument  - Passing error in return code
20240513 214143.874 ERROR            PET2 src/addon/ESMX/ESMX_App.F90:216     Invalid argument  - Passing error in return code
20240513 214143.874 INFO             PET2      Finalizing ESMF with endflag==ESMF_END_ABORT
20240513 214143.865 INFO             PET3 !!!!!!!!!!!!!!!!!!!!!!!!!!!!!!!!!!!!!!!!!!!!!!!!!!!!!!
20240513 214143.867 INFO             PET3 !!! THE ESMF_LOG IS SET TO OUTPUT ALL LOG MESSAGES !!!
20240513 214143.867 INFO             PET3 !!!     THIS MAY CAUSE SLOWDOWN IN PERFORMANCE     !!!
20240513 214143.867 INFO             PET3 !!! FOR PRODUCTION RUNS, USE:                      !!!
20240513 214143.867 INFO             PET3 !!!                   ESMF_LOGKIND_Multi_On_Error  !!!
20240513 214143.867 INFO             PET3 !!!!!!!!!!!!!!!!!!!!!!!!!!!!!!!!!!!!!!!!!!!!!!!!!!!!!!
20240513 214143.867 INFO             PET3 Running with ESMF Version   : v8.7.0b05-79-ga8d1e7bca1
20240513 214143.867 INFO             PET3 ESMF library build date/time: "May 13 2024" "19:30:43"
20240513 214143.867 INFO             PET3 ESMF library build location : /Users/sacks/projects/scratch/esmf-testing/gfortranclang_12.2.0_14.0.0_openmpi_g_develop/esmf
20240513 214143.867 INFO             PET3 ESMF_COMM                   : openmpi
20240513 214143.867 INFO             PET3 ESMF_MOAB                   : enabled
20240513 214143.867 INFO             PET3 ESMF_LAPACK                 : enabled
20240513 214143.867 INFO             PET3 ESMF_NETCDF                 : enabled
20240513 214143.867 INFO             PET3 ESMF_PNETCDF                : disabled
20240513 214143.867 INFO             PET3 ESMF_PIO                    : enabled
20240513 214143.867 INFO             PET3 ESMF_YAMLCPP                : enabled
20240513 214143.868 INFO             PET3 =============================================
20240513 214143.868 INFO             PET3 ESMX (Earth System Model eXecutable) STARTING
20240513 214143.868 INFO             PET3 =============================================
20240513 214143.871 INFO             PET3 ESMX_Driver: InitializeGeneric intro.
20240513 214143.871 INFO             PET3   ESMX_Driver: InitializeP0 intro.
20240513 214143.872 INFO             PET3   ESMX_Driver: InitializeP0 extro.
20240513 214143.872 INFO             PET3   ESMX_Driver: InitializeIPDv02p1 intro.
20240513 214143.872 INFO             PET3     >>>ESMX_Driver: entered Initialize (phase=<none>) without valid internal Clock.
20240513 214143.873 INFO             PET3     ESMX_Driver - Creating model component MDL without petList.
20240513 214143.874 ERROR            PET3 ESMCI_FTable.C:254 c_esmc_setvmshobj     Invalid argument  - shared object not found
20240513 214143.874 ERROR            PET3 ESMF_GridComp.F90:3029 ESMF_GridCompSetVMShObj     Invalid argument  - Internal subroutine call returned Error
20240513 214143.874 ERROR            PET3 src/addon/NUOPC/src/NUOPC_Comp.F90:4265     Invalid argument  - Passing error in return code
20240513 214143.874 ERROR            PET3 ESMX_Driver:src/addon/NUOPC/src/NUOPC_Driver.F90:4950     Invalid argument  - Passing error in return code
20240513 214143.874 ERROR            PET3 src/addon/ESMX/Driver/ESMX_Driver.F90:335     Invalid argument  - Unable to add component 'MDL' to driver via shared object: ./install/lib/libSiMoCo.so
20240513 214143.874 ERROR            PET3 ESMX_Driver:src/addon/NUOPC/src/NUOPC_Driver.F90:797     Invalid argument  - Passing error in return code
20240513 214143.874 ERROR            PET3 ESMX_Driver:src/addon/NUOPC/src/NUOPC_Driver.F90:486     Invalid argument  - Passing error in return code
20240513 214143.874 ERROR            PET3 src/addon/ESMX/ESMX_App.F90:216     Invalid argument  - Passing error in return code
20240513 214143.874 INFO             PET3      Finalizing ESMF with endflag==ESMF_END_ABORT
