2024-08-02 19:20:32
20240802 204709.374 INFO             PET0 !!!!!!!!!!!!!!!!!!!!!!!!!!!!!!!!!!!!!!!!!!!!!!!!!!!!!!
20240802 204709.376 INFO             PET0 !!! THE ESMF_LOG IS SET TO OUTPUT ALL LOG MESSAGES !!!
20240802 204709.376 INFO             PET0 !!!     THIS MAY CAUSE SLOWDOWN IN PERFORMANCE     !!!
20240802 204709.376 INFO             PET0 !!! FOR PRODUCTION RUNS, USE:                      !!!
20240802 204709.376 INFO             PET0 !!!                   ESMF_LOGKIND_Multi_On_Error  !!!
20240802 204709.376 INFO             PET0 !!!!!!!!!!!!!!!!!!!!!!!!!!!!!!!!!!!!!!!!!!!!!!!!!!!!!!
20240802 204709.376 INFO             PET0 Running with ESMF Version   : v8.7.0b10-45-g7b36ed9d21
20240802 204709.376 INFO             PET0 ESMF library build date/time: "Aug  2 2024" "19:17:58"
20240802 204709.376 INFO             PET0 ESMF library build location : /Users/sacks/projects/scratch/esmf-testing/gfortranclang_12.2.0_14.0.0_openmpi_g_develop/esmf
20240802 204709.376 INFO             PET0 ESMF_COMM                   : openmpi
20240802 204709.376 INFO             PET0 ESMF_MOAB                   : enabled
20240802 204709.376 INFO             PET0 ESMF_LAPACK                 : enabled
20240802 204709.376 INFO             PET0 ESMF_NETCDF                 : enabled
20240802 204709.376 INFO             PET0 ESMF_PNETCDF                : disabled
20240802 204709.376 INFO             PET0 ESMF_PIO                    : enabled
20240802 204709.376 INFO             PET0 ESMF_YAMLCPP                : enabled
20240802 204709.377 INFO             PET0 =============================================
20240802 204709.377 INFO             PET0 ESMX (Earth System Model eXecutable) STARTING
20240802 204709.377 INFO             PET0 =============================================
20240802 204709.382 INFO             PET0 ESMX_Driver: InitializeGeneric intro.
20240802 204709.382 INFO             PET0   ESMX_Driver: InitializeP0 intro.
20240802 204709.383 INFO             PET0   ESMX_Driver: InitializeP0 extro.
20240802 204709.383 INFO             PET0   ESMX_Driver: InitializeIPDv02p1 intro.
20240802 204709.383 INFO             PET0     >>>ESMX_Driver: entered Initialize (phase=<none>) without valid internal Clock.
20240802 204709.387 INFO             PET0     ESMX_Driver: IInitAdvertise intro.
20240802 204709.387 INFO             PET0     ESMX_Driver: IInitAdvertise extro.
20240802 204709.388 INFO             PET0     ESMX_Driver: IInitAdvertiseFinish intro.
20240802 204709.388 INFO             PET0     ESMX_Driver: IInitAdvertiseFinish extro.
20240802 204709.388 INFO             PET0     ESMX_Driver: IInitModifyCplLists intro.
20240802 204709.388 INFO             PET0     ESMX_Driver: IInitModifyCplLists extro.
20240802 204709.388 INFO             PET0     <<<ESMX_Driver: leaving Initialize (phase=<none>) with current time: 2012 10 24  8  0  0   0
20240802 204709.388 INFO             PET0   ESMX_Driver: InitializeIPDv02p1 extro.
20240802 204709.389 INFO             PET0   ESMX_Driver: InitializeIPDv02p3 intro.
20240802 204709.389 INFO             PET0     >>>ESMX_Driver: entered Initialize (phase=<none>) with current time: 2012 10 24  8  0  0   0
20240802 204709.389 INFO             PET0     ESMX_Driver: IInitCheck intro.
20240802 204709.389 INFO             PET0     ESMX_Driver: IInitCheck extro.
20240802 204709.390 INFO             PET0     ESMX_Driver: IInitRealize intro.
20240802 204709.390 INFO             PET0     ESMX_Driver: IInitRealize extro.
20240802 204709.390 INFO             PET0     <<<ESMX_Driver: leaving Initialize (phase=<none>) with current time: 2012 10 24  8  0  0   0
20240802 204709.390 INFO             PET0   ESMX_Driver: InitializeIPDv02p3 extro.
20240802 204709.390 INFO             PET0   ESMX_Driver: InitializeIPDv02p5 intro.
20240802 204709.390 INFO             PET0     >>>ESMX_Driver: entered Initialize (phase=<none>) with current time: 2012 10 24  8  0  0   0
20240802 204709.391 INFO             PET0     ESMX_Driver: InitializeIPDv02p5Data intro.
20240802 204709.391 INFO             PET0       ESMX_Driver: InternalInitializeComplete intro.
20240802 204709.391 INFO             PET0       ESMX_Driver: InternalInitializeComplete extro.
20240802 204709.392 INFO             PET0       ESMX_Driver: loopDataDependentInitialize intro.
20240802 204709.392 INFO             PET0       ESMX_Driver: loopDataDependentInitialize extro.
20240802 204709.392 INFO             PET0     ESMX_Driver: InitializeIPDv02p5Data extro.
20240802 204709.392 INFO             PET0     <<<ESMX_Driver: leaving Initialize (phase=<none>) with current time: 2012 10 24  8  0  0   0
20240802 204709.392 INFO             PET0   ESMX_Driver: InitializeIPDv02p5 extro.
20240802 204709.392 INFO             PET0 ESMX_Driver: InitializeGeneric extro.
20240802 204709.392 INFO             PET0 ESMX_Driver: Run intro.
20240802 204709.392 INFO             PET0   >>>ESMX_Driver: entered Run (phase=RunPhase1) with current time: 2012 10 24  8  0  0   0
20240802 204709.393 INFO             PET0   >>>ESMX_Driver: leaving Run (phase=RunPhase1) with current time: 2012 10 24  8  0  0   0
20240802 204709.393 INFO             PET0 ESMX_Driver: Run extro.
20240802 204709.393 INFO             PET0 ESMX_Driver: Finalize intro.
20240802 204709.393 INFO             PET0 ESMX_Driver: Finalize extro.
20240802 204709.393 INFO             PET0 =============================================
20240802 204709.393 INFO             PET0 ESMX (Earth System Model eXecutable) FINISHED
20240802 204709.393 INFO             PET0 =============================================
20240802 204709.393 INFO             PET0  Finalizing ESMF
20240802 204709.373 INFO             PET1 !!!!!!!!!!!!!!!!!!!!!!!!!!!!!!!!!!!!!!!!!!!!!!!!!!!!!!
20240802 204709.375 INFO             PET1 !!! THE ESMF_LOG IS SET TO OUTPUT ALL LOG MESSAGES !!!
20240802 204709.375 INFO             PET1 !!!     THIS MAY CAUSE SLOWDOWN IN PERFORMANCE     !!!
20240802 204709.375 INFO             PET1 !!! FOR PRODUCTION RUNS, USE:                      !!!
20240802 204709.375 INFO             PET1 !!!                   ESMF_LOGKIND_Multi_On_Error  !!!
20240802 204709.375 INFO             PET1 !!!!!!!!!!!!!!!!!!!!!!!!!!!!!!!!!!!!!!!!!!!!!!!!!!!!!!
20240802 204709.375 INFO             PET1 Running with ESMF Version   : v8.7.0b10-45-g7b36ed9d21
20240802 204709.375 INFO             PET1 ESMF library build date/time: "Aug  2 2024" "19:17:58"
20240802 204709.375 INFO             PET1 ESMF library build location : /Users/sacks/projects/scratch/esmf-testing/gfortranclang_12.2.0_14.0.0_openmpi_g_develop/esmf
20240802 204709.375 INFO             PET1 ESMF_COMM                   : openmpi
20240802 204709.375 INFO             PET1 ESMF_MOAB                   : enabled
20240802 204709.375 INFO             PET1 ESMF_LAPACK                 : enabled
20240802 204709.375 INFO             PET1 ESMF_NETCDF                 : enabled
20240802 204709.375 INFO             PET1 ESMF_PNETCDF                : disabled
20240802 204709.375 INFO             PET1 ESMF_PIO                    : enabled
20240802 204709.375 INFO             PET1 ESMF_YAMLCPP                : enabled
20240802 204709.377 INFO             PET1 =============================================
20240802 204709.377 INFO             PET1 ESMX (Earth System Model eXecutable) STARTING
20240802 204709.377 INFO             PET1 =============================================
20240802 204709.382 INFO             PET1 ESMX_Driver: InitializeGeneric intro.
20240802 204709.382 INFO             PET1   ESMX_Driver: InitializeP0 intro.
20240802 204709.382 INFO             PET1   ESMX_Driver: InitializeP0 extro.
20240802 204709.383 INFO             PET1   ESMX_Driver: InitializeIPDv02p1 intro.
20240802 204709.383 INFO             PET1     >>>ESMX_Driver: entered Initialize (phase=<none>) without valid internal Clock.
20240802 204709.387 INFO             PET1     ESMX_Driver: IInitAdvertise intro.
20240802 204709.387 INFO             PET1     ESMX_Driver: IInitAdvertise extro.
20240802 204709.387 INFO             PET1     ESMX_Driver: IInitAdvertiseFinish intro.
20240802 204709.388 INFO             PET1     ESMX_Driver: IInitAdvertiseFinish extro.
20240802 204709.388 INFO             PET1     ESMX_Driver: IInitModifyCplLists intro.
20240802 204709.388 INFO             PET1     ESMX_Driver: IInitModifyCplLists extro.
20240802 204709.388 INFO             PET1     <<<ESMX_Driver: leaving Initialize (phase=<none>) with current time: 2012 10 24  8  0  0   0
20240802 204709.388 INFO             PET1   ESMX_Driver: InitializeIPDv02p1 extro.
20240802 204709.388 INFO             PET1   ESMX_Driver: InitializeIPDv02p3 intro.
20240802 204709.389 INFO             PET1     >>>ESMX_Driver: entered Initialize (phase=<none>) with current time: 2012 10 24  8  0  0   0
20240802 204709.389 INFO             PET1     ESMX_Driver: IInitCheck intro.
20240802 204709.389 INFO             PET1     ESMX_Driver: IInitCheck extro.
20240802 204709.390 INFO             PET1     ESMX_Driver: IInitRealize intro.
20240802 204709.390 INFO             PET1     ESMX_Driver: IInitRealize extro.
20240802 204709.390 INFO             PET1     <<<ESMX_Driver: leaving Initialize (phase=<none>) with current time: 2012 10 24  8  0  0   0
20240802 204709.390 INFO             PET1   ESMX_Driver: InitializeIPDv02p3 extro.
20240802 204709.390 INFO             PET1   ESMX_Driver: InitializeIPDv02p5 intro.
20240802 204709.390 INFO             PET1     >>>ESMX_Driver: entered Initialize (phase=<none>) with current time: 2012 10 24  8  0  0   0
20240802 204709.390 INFO             PET1     ESMX_Driver: InitializeIPDv02p5Data intro.
20240802 204709.391 INFO             PET1       ESMX_Driver: InternalInitializeComplete intro.
20240802 204709.391 INFO             PET1       ESMX_Driver: InternalInitializeComplete extro.
20240802 204709.392 INFO             PET1       ESMX_Driver: loopDataDependentInitialize intro.
20240802 204709.392 INFO             PET1       ESMX_Driver: loopDataDependentInitialize extro.
20240802 204709.392 INFO             PET1     ESMX_Driver: InitializeIPDv02p5Data extro.
20240802 204709.392 INFO             PET1     <<<ESMX_Driver: leaving Initialize (phase=<none>) with current time: 2012 10 24  8  0  0   0
20240802 204709.392 INFO             PET1   ESMX_Driver: InitializeIPDv02p5 extro.
20240802 204709.392 INFO             PET1 ESMX_Driver: InitializeGeneric extro.
20240802 204709.392 INFO             PET1 ESMX_Driver: Run intro.
20240802 204709.392 INFO             PET1   >>>ESMX_Driver: entered Run (phase=RunPhase1) with current time: 2012 10 24  8  0  0   0
20240802 204709.393 INFO             PET1   >>>ESMX_Driver: leaving Run (phase=RunPhase1) with current time: 2012 10 24  8  0  0   0
20240802 204709.393 INFO             PET1 ESMX_Driver: Run extro.
20240802 204709.393 INFO             PET1 ESMX_Driver: Finalize intro.
20240802 204709.393 INFO             PET1 ESMX_Driver: Finalize extro.
20240802 204709.393 INFO             PET1 =============================================
20240802 204709.393 INFO             PET1 ESMX (Earth System Model eXecutable) FINISHED
20240802 204709.393 INFO             PET1 =============================================
20240802 204709.393 INFO             PET1  Finalizing ESMF
20240802 204709.374 INFO             PET2 !!!!!!!!!!!!!!!!!!!!!!!!!!!!!!!!!!!!!!!!!!!!!!!!!!!!!!
20240802 204709.375 INFO             PET2 !!! THE ESMF_LOG IS SET TO OUTPUT ALL LOG MESSAGES !!!
20240802 204709.375 INFO             PET2 !!!     THIS MAY CAUSE SLOWDOWN IN PERFORMANCE     !!!
20240802 204709.375 INFO             PET2 !!! FOR PRODUCTION RUNS, USE:                      !!!
20240802 204709.375 INFO             PET2 !!!                   ESMF_LOGKIND_Multi_On_Error  !!!
20240802 204709.375 INFO             PET2 !!!!!!!!!!!!!!!!!!!!!!!!!!!!!!!!!!!!!!!!!!!!!!!!!!!!!!
20240802 204709.375 INFO             PET2 Running with ESMF Version   : v8.7.0b10-45-g7b36ed9d21
20240802 204709.375 INFO             PET2 ESMF library build date/time: "Aug  2 2024" "19:17:58"
20240802 204709.375 INFO             PET2 ESMF library build location : /Users/sacks/projects/scratch/esmf-testing/gfortranclang_12.2.0_14.0.0_openmpi_g_develop/esmf
20240802 204709.375 INFO             PET2 ESMF_COMM                   : openmpi
20240802 204709.375 INFO             PET2 ESMF_MOAB                   : enabled
20240802 204709.375 INFO             PET2 ESMF_LAPACK                 : enabled
20240802 204709.375 INFO             PET2 ESMF_NETCDF                 : enabled
20240802 204709.375 INFO             PET2 ESMF_PNETCDF                : disabled
20240802 204709.375 INFO             PET2 ESMF_PIO                    : enabled
20240802 204709.375 INFO             PET2 ESMF_YAMLCPP                : enabled
20240802 204709.377 INFO             PET2 =============================================
20240802 204709.377 INFO             PET2 ESMX (Earth System Model eXecutable) STARTING
20240802 204709.377 INFO             PET2 =============================================
20240802 204709.382 INFO             PET2 ESMX_Driver: InitializeGeneric intro.
20240802 204709.382 INFO             PET2   ESMX_Driver: InitializeP0 intro.
20240802 204709.383 INFO             PET2   ESMX_Driver: InitializeP0 extro.
20240802 204709.383 INFO             PET2   ESMX_Driver: InitializeIPDv02p1 intro.
20240802 204709.383 INFO             PET2     >>>ESMX_Driver: entered Initialize (phase=<none>) without valid internal Clock.
20240802 204709.387 INFO             PET2     ESMX_Driver: IInitAdvertise intro.
20240802 204709.387 INFO             PET2     ESMX_Driver: IInitAdvertise extro.
20240802 204709.388 INFO             PET2     ESMX_Driver: IInitAdvertiseFinish intro.
20240802 204709.388 INFO             PET2     ESMX_Driver: IInitAdvertiseFinish extro.
20240802 204709.388 INFO             PET2     ESMX_Driver: IInitModifyCplLists intro.
20240802 204709.389 INFO             PET2     ESMX_Driver: IInitModifyCplLists extro.
20240802 204709.389 INFO             PET2     <<<ESMX_Driver: leaving Initialize (phase=<none>) with current time: 2012 10 24  8  0  0   0
20240802 204709.389 INFO             PET2   ESMX_Driver: InitializeIPDv02p1 extro.
20240802 204709.389 INFO             PET2   ESMX_Driver: InitializeIPDv02p3 intro.
20240802 204709.389 INFO             PET2     >>>ESMX_Driver: entered Initialize (phase=<none>) with current time: 2012 10 24  8  0  0   0
20240802 204709.389 INFO             PET2     ESMX_Driver: IInitCheck intro.
20240802 204709.390 INFO             PET2     ESMX_Driver: IInitCheck extro.
20240802 204709.390 INFO             PET2     ESMX_Driver: IInitRealize intro.
20240802 204709.390 INFO             PET2     ESMX_Driver: IInitRealize extro.
20240802 204709.390 INFO             PET2     <<<ESMX_Driver: leaving Initialize (phase=<none>) with current time: 2012 10 24  8  0  0   0
20240802 204709.390 INFO             PET2   ESMX_Driver: InitializeIPDv02p3 extro.
20240802 204709.390 INFO             PET2   ESMX_Driver: InitializeIPDv02p5 intro.
20240802 204709.391 INFO             PET2     >>>ESMX_Driver: entered Initialize (phase=<none>) with current time: 2012 10 24  8  0  0   0
20240802 204709.391 INFO             PET2     ESMX_Driver: InitializeIPDv02p5Data intro.
20240802 204709.391 INFO             PET2       ESMX_Driver: InternalInitializeComplete intro.
20240802 204709.391 INFO             PET2       ESMX_Driver: InternalInitializeComplete extro.
20240802 204709.392 INFO             PET2       ESMX_Driver: loopDataDependentInitialize intro.
20240802 204709.392 INFO             PET2       ESMX_Driver: loopDataDependentInitialize extro.
20240802 204709.392 INFO             PET2     ESMX_Driver: InitializeIPDv02p5Data extro.
20240802 204709.392 INFO             PET2     <<<ESMX_Driver: leaving Initialize (phase=<none>) with current time: 2012 10 24  8  0  0   0
20240802 204709.392 INFO             PET2   ESMX_Driver: InitializeIPDv02p5 extro.
20240802 204709.392 INFO             PET2 ESMX_Driver: InitializeGeneric extro.
20240802 204709.392 INFO             PET2 ESMX_Driver: Run intro.
20240802 204709.392 INFO             PET2   >>>ESMX_Driver: entered Run (phase=RunPhase1) with current time: 2012 10 24  8  0  0   0
20240802 204709.393 INFO             PET2   >>>ESMX_Driver: leaving Run (phase=RunPhase1) with current time: 2012 10 24  8  0  0   0
20240802 204709.393 INFO             PET2 ESMX_Driver: Run extro.
20240802 204709.393 INFO             PET2 ESMX_Driver: Finalize intro.
20240802 204709.393 INFO             PET2 ESMX_Driver: Finalize extro.
20240802 204709.393 INFO             PET2 =============================================
20240802 204709.393 INFO             PET2 ESMX (Earth System Model eXecutable) FINISHED
20240802 204709.393 INFO             PET2 =============================================
20240802 204709.393 INFO             PET2  Finalizing ESMF
20240802 204709.373 INFO             PET3 !!!!!!!!!!!!!!!!!!!!!!!!!!!!!!!!!!!!!!!!!!!!!!!!!!!!!!
20240802 204709.375 INFO             PET3 !!! THE ESMF_LOG IS SET TO OUTPUT ALL LOG MESSAGES !!!
20240802 204709.375 INFO             PET3 !!!     THIS MAY CAUSE SLOWDOWN IN PERFORMANCE     !!!
20240802 204709.375 INFO             PET3 !!! FOR PRODUCTION RUNS, USE:                      !!!
20240802 204709.375 INFO             PET3 !!!                   ESMF_LOGKIND_Multi_On_Error  !!!
20240802 204709.375 INFO             PET3 !!!!!!!!!!!!!!!!!!!!!!!!!!!!!!!!!!!!!!!!!!!!!!!!!!!!!!
20240802 204709.375 INFO             PET3 Running with ESMF Version   : v8.7.0b10-45-g7b36ed9d21
20240802 204709.375 INFO             PET3 ESMF library build date/time: "Aug  2 2024" "19:17:58"
20240802 204709.375 INFO             PET3 ESMF library build location : /Users/sacks/projects/scratch/esmf-testing/gfortranclang_12.2.0_14.0.0_openmpi_g_develop/esmf
20240802 204709.375 INFO             PET3 ESMF_COMM                   : openmpi
20240802 204709.375 INFO             PET3 ESMF_MOAB                   : enabled
20240802 204709.375 INFO             PET3 ESMF_LAPACK                 : enabled
20240802 204709.375 INFO             PET3 ESMF_NETCDF                 : enabled
20240802 204709.375 INFO             PET3 ESMF_PNETCDF                : disabled
20240802 204709.375 INFO             PET3 ESMF_PIO                    : enabled
20240802 204709.375 INFO             PET3 ESMF_YAMLCPP                : enabled
20240802 204709.377 INFO             PET3 =============================================
20240802 204709.377 INFO             PET3 ESMX (Earth System Model eXecutable) STARTING
20240802 204709.377 INFO             PET3 =============================================
20240802 204709.382 INFO             PET3 ESMX_Driver: InitializeGeneric intro.
20240802 204709.382 INFO             PET3   ESMX_Driver: InitializeP0 intro.
20240802 204709.382 INFO             PET3   ESMX_Driver: InitializeP0 extro.
20240802 204709.383 INFO             PET3   ESMX_Driver: InitializeIPDv02p1 intro.
20240802 204709.383 INFO             PET3     >>>ESMX_Driver: entered Initialize (phase=<none>) without valid internal Clock.
20240802 204709.387 INFO             PET3     ESMX_Driver: IInitAdvertise intro.
20240802 204709.387 INFO             PET3     ESMX_Driver: IInitAdvertise extro.
20240802 204709.387 INFO             PET3     ESMX_Driver: IInitAdvertiseFinish intro.
20240802 204709.388 INFO             PET3     ESMX_Driver: IInitAdvertiseFinish extro.
20240802 204709.388 INFO             PET3     ESMX_Driver: IInitModifyCplLists intro.
20240802 204709.388 INFO             PET3     ESMX_Driver: IInitModifyCplLists extro.
20240802 204709.388 INFO             PET3     <<<ESMX_Driver: leaving Initialize (phase=<none>) with current time: 2012 10 24  8  0  0   0
20240802 204709.388 INFO             PET3   ESMX_Driver: InitializeIPDv02p1 extro.
20240802 204709.388 INFO             PET3   ESMX_Driver: InitializeIPDv02p3 intro.
20240802 204709.389 INFO             PET3     >>>ESMX_Driver: entered Initialize (phase=<none>) with current time: 2012 10 24  8  0  0   0
20240802 204709.389 INFO             PET3     ESMX_Driver: IInitCheck intro.
20240802 204709.389 INFO             PET3     ESMX_Driver: IInitCheck extro.
20240802 204709.390 INFO             PET3     ESMX_Driver: IInitRealize intro.
20240802 204709.390 INFO             PET3     ESMX_Driver: IInitRealize extro.
20240802 204709.390 INFO             PET3     <<<ESMX_Driver: leaving Initialize (phase=<none>) with current time: 2012 10 24  8  0  0   0
20240802 204709.390 INFO             PET3   ESMX_Driver: InitializeIPDv02p3 extro.
20240802 204709.390 INFO             PET3   ESMX_Driver: InitializeIPDv02p5 intro.
20240802 204709.390 INFO             PET3     >>>ESMX_Driver: entered Initialize (phase=<none>) with current time: 2012 10 24  8  0  0   0
20240802 204709.391 INFO             PET3     ESMX_Driver: InitializeIPDv02p5Data intro.
20240802 204709.391 INFO             PET3       ESMX_Driver: InternalInitializeComplete intro.
20240802 204709.391 INFO             PET3       ESMX_Driver: InternalInitializeComplete extro.
20240802 204709.392 INFO             PET3       ESMX_Driver: loopDataDependentInitialize intro.
20240802 204709.392 INFO             PET3       ESMX_Driver: loopDataDependentInitialize extro.
20240802 204709.392 INFO             PET3     ESMX_Driver: InitializeIPDv02p5Data extro.
20240802 204709.392 INFO             PET3     <<<ESMX_Driver: leaving Initialize (phase=<none>) with current time: 2012 10 24  8  0  0   0
20240802 204709.392 INFO             PET3   ESMX_Driver: InitializeIPDv02p5 extro.
20240802 204709.392 INFO             PET3 ESMX_Driver: InitializeGeneric extro.
20240802 204709.392 INFO             PET3 ESMX_Driver: Run intro.
20240802 204709.392 INFO             PET3   >>>ESMX_Driver: entered Run (phase=RunPhase1) with current time: 2012 10 24  8  0  0   0
20240802 204709.393 INFO             PET3   >>>ESMX_Driver: leaving Run (phase=RunPhase1) with current time: 2012 10 24  8  0  0   0
20240802 204709.393 INFO             PET3 ESMX_Driver: Run extro.
20240802 204709.393 INFO             PET3 ESMX_Driver: Finalize intro.
20240802 204709.393 INFO             PET3 ESMX_Driver: Finalize extro.
20240802 204709.393 INFO             PET3 =============================================
20240802 204709.393 INFO             PET3 ESMX (Earth System Model eXecutable) FINISHED
20240802 204709.393 INFO             PET3 =============================================
20240802 204709.393 INFO             PET3  Finalizing ESMF
