2024-06-03 02:43:09
20240603 035148.955 INFO             PET0 !!!!!!!!!!!!!!!!!!!!!!!!!!!!!!!!!!!!!!!!!!!!!!!!!!!!!!
20240603 035148.955 INFO             PET0 !!! THE ESMF_LOG IS SET TO OUTPUT ALL LOG MESSAGES !!!
20240603 035148.955 INFO             PET0 !!!     THIS MAY CAUSE SLOWDOWN IN PERFORMANCE     !!!
20240603 035148.955 INFO             PET0 !!! FOR PRODUCTION RUNS, USE:                      !!!
20240603 035148.955 INFO             PET0 !!!                   ESMF_LOGKIND_Multi_On_Error  !!!
20240603 035148.955 INFO             PET0 !!!!!!!!!!!!!!!!!!!!!!!!!!!!!!!!!!!!!!!!!!!!!!!!!!!!!!
20240603 035148.955 INFO             PET0 Running with ESMF Version   : v8.7.0b06-37-g31f8806
20240603 035148.955 INFO             PET0 ESMF library build date/time: "Jun  3 2024" "02:39:20"
20240603 035148.955 INFO             PET0 ESMF library build location : /work/noaa/da/mpotts/sandbox/intel_2020.2_intelmpi_g_develop/esmf
20240603 035148.955 INFO             PET0 ESMF_COMM                   : intelmpi
20240603 035148.957 INFO             PET0 ESMF_MOAB                   : enabled
20240603 035148.957 INFO             PET0 ESMF_LAPACK                 : enabled
20240603 035148.957 INFO             PET0 ESMF_NETCDF                 : enabled
20240603 035148.957 INFO             PET0 ESMF_PNETCDF                : disabled
20240603 035148.957 INFO             PET0 ESMF_PIO                    : enabled
20240603 035148.958 INFO             PET0 ESMF_YAMLCPP                : enabled
20240603 035148.976 INFO             PET0  NUMBER_OF_PROCESSORS           1
20240603 035148.976 INFO             PET0  PASS  Example ESMF_XGridSparseMatEx, ESMF_XGridSparseMatEx.F90, line 642
20240603 035148.976 INFO             PET0  Finalizing ESMF
