2024-05-23 02:44:03
20240523 033248.291 INFO             PET0 !!!!!!!!!!!!!!!!!!!!!!!!!!!!!!!!!!!!!!!!!!!!!!!!!!!!!!
20240523 033248.291 INFO             PET0 !!! THE ESMF_LOG IS SET TO OUTPUT ALL LOG MESSAGES !!!
20240523 033248.291 INFO             PET0 !!!     THIS MAY CAUSE SLOWDOWN IN PERFORMANCE     !!!
20240523 033248.291 INFO             PET0 !!! FOR PRODUCTION RUNS, USE:                      !!!
20240523 033248.291 INFO             PET0 !!!                   ESMF_LOGKIND_Multi_On_Error  !!!
20240523 033248.291 INFO             PET0 !!!!!!!!!!!!!!!!!!!!!!!!!!!!!!!!!!!!!!!!!!!!!!!!!!!!!!
20240523 033248.291 INFO             PET0 Running with ESMF Version   : v8.7.0b06
20240523 033248.291 INFO             PET0 ESMF library build date/time: "May 23 2024" "02:40:44"
20240523 033248.291 INFO             PET0 ESMF library build location : /work/noaa/da/mpotts/sandbox/intel_2020.2_intelmpi_g_develop/esmf
20240523 033248.291 INFO             PET0 ESMF_COMM                   : intelmpi
20240523 033248.293 INFO             PET0 ESMF_MOAB                   : enabled
20240523 033248.293 INFO             PET0 ESMF_LAPACK                 : enabled
20240523 033248.293 INFO             PET0 ESMF_NETCDF                 : enabled
20240523 033248.293 INFO             PET0 ESMF_PNETCDF                : disabled
20240523 033248.293 INFO             PET0 ESMF_PIO                    : enabled
20240523 033248.293 INFO             PET0 ESMF_YAMLCPP                : enabled
20240523 033248.294 INFO             PET0  NUMBER_OF_PROCESSORS           1
20240523 033248.294 INFO             PET0  PASS  Example CalendarEx, ESMF_CalendarEx.F90, line 217
20240523 033248.294 INFO             PET0  Finalizing ESMF
