2024-08-01 07:43:45
20240801 090200.276 INFO             PET0 !!!!!!!!!!!!!!!!!!!!!!!!!!!!!!!!!!!!!!!!!!!!!!!!!!!!!!
20240801 090200.276 INFO             PET0 !!! THE ESMF_LOG IS SET TO OUTPUT ALL LOG MESSAGES !!!
20240801 090200.276 INFO             PET0 !!!     THIS MAY CAUSE SLOWDOWN IN PERFORMANCE     !!!
20240801 090200.276 INFO             PET0 !!! FOR PRODUCTION RUNS, USE:                      !!!
20240801 090200.276 INFO             PET0 !!!                   ESMF_LOGKIND_Multi_On_Error  !!!
20240801 090200.276 INFO             PET0 !!!!!!!!!!!!!!!!!!!!!!!!!!!!!!!!!!!!!!!!!!!!!!!!!!!!!!
20240801 090200.276 INFO             PET0 Running with ESMF Version   : v8.7.0b10-21-g6127c6256e
20240801 090200.276 INFO             PET0 ESMF library build date/time: "Aug  1 2024" "07:39:39"
20240801 090200.276 INFO             PET0 ESMF library build location : /scratch2/NCEPDEV/stmp1/Gerhard.Theurich/ESMF-Nightly-Testing/nvhpc_24.1_openmpi_O_nrl_work-esmx/esmf
20240801 090200.276 INFO             PET0 ESMF_COMM                   : openmpi
20240801 090200.277 INFO             PET0 ESMF_MOAB                   : enabled
20240801 090200.277 INFO             PET0 ESMF_LAPACK                 : enabled
20240801 090200.277 INFO             PET0 ESMF_NETCDF                 : disabled
20240801 090200.277 INFO             PET0 ESMF_PNETCDF                : disabled
20240801 090200.277 INFO             PET0 ESMF_PIO                    : disabled
20240801 090200.277 INFO             PET0 ESMF_YAMLCPP                : enabled
20240801 090200.278 INFO             PET0 =============================================
20240801 090200.278 INFO             PET0 ESMX (Earth System Model eXecutable) STARTING
20240801 090200.278 INFO             PET0 =============================================
20240801 090200.282 INFO             PET0 =============================================
20240801 090200.282 INFO             PET0 ESMX (Earth System Model eXecutable) FINISHED
20240801 090200.282 INFO             PET0 =============================================
20240801 090200.282 INFO             PET0  Finalizing ESMF
20240801 090200.276 INFO             PET1 !!!!!!!!!!!!!!!!!!!!!!!!!!!!!!!!!!!!!!!!!!!!!!!!!!!!!!
20240801 090200.276 INFO             PET1 !!! THE ESMF_LOG IS SET TO OUTPUT ALL LOG MESSAGES !!!
20240801 090200.276 INFO             PET1 !!!     THIS MAY CAUSE SLOWDOWN IN PERFORMANCE     !!!
20240801 090200.276 INFO             PET1 !!! FOR PRODUCTION RUNS, USE:                      !!!
20240801 090200.276 INFO             PET1 !!!                   ESMF_LOGKIND_Multi_On_Error  !!!
20240801 090200.276 INFO             PET1 !!!!!!!!!!!!!!!!!!!!!!!!!!!!!!!!!!!!!!!!!!!!!!!!!!!!!!
20240801 090200.276 INFO             PET1 Running with ESMF Version   : v8.7.0b10-21-g6127c6256e
20240801 090200.276 INFO             PET1 ESMF library build date/time: "Aug  1 2024" "07:39:39"
20240801 090200.276 INFO             PET1 ESMF library build location : /scratch2/NCEPDEV/stmp1/Gerhard.Theurich/ESMF-Nightly-Testing/nvhpc_24.1_openmpi_O_nrl_work-esmx/esmf
20240801 090200.276 INFO             PET1 ESMF_COMM                   : openmpi
20240801 090200.277 INFO             PET1 ESMF_MOAB                   : enabled
20240801 090200.277 INFO             PET1 ESMF_LAPACK                 : enabled
20240801 090200.277 INFO             PET1 ESMF_NETCDF                 : disabled
20240801 090200.277 INFO             PET1 ESMF_PNETCDF                : disabled
20240801 090200.277 INFO             PET1 ESMF_PIO                    : disabled
20240801 090200.277 INFO             PET1 ESMF_YAMLCPP                : enabled
20240801 090200.278 INFO             PET1 =============================================
20240801 090200.278 INFO             PET1 ESMX (Earth System Model eXecutable) STARTING
20240801 090200.278 INFO             PET1 =============================================
20240801 090200.282 INFO             PET1 =============================================
20240801 090200.282 INFO             PET1 ESMX (Earth System Model eXecutable) FINISHED
20240801 090200.282 INFO             PET1 =============================================
20240801 090200.282 INFO             PET1  Finalizing ESMF
20240801 090200.276 INFO             PET2 !!!!!!!!!!!!!!!!!!!!!!!!!!!!!!!!!!!!!!!!!!!!!!!!!!!!!!
20240801 090200.276 INFO             PET2 !!! THE ESMF_LOG IS SET TO OUTPUT ALL LOG MESSAGES !!!
20240801 090200.277 INFO             PET2 !!!     THIS MAY CAUSE SLOWDOWN IN PERFORMANCE     !!!
20240801 090200.277 INFO             PET2 !!! FOR PRODUCTION RUNS, USE:                      !!!
20240801 090200.277 INFO             PET2 !!!                   ESMF_LOGKIND_Multi_On_Error  !!!
20240801 090200.277 INFO             PET2 !!!!!!!!!!!!!!!!!!!!!!!!!!!!!!!!!!!!!!!!!!!!!!!!!!!!!!
20240801 090200.277 INFO             PET2 Running with ESMF Version   : v8.7.0b10-21-g6127c6256e
20240801 090200.277 INFO             PET2 ESMF library build date/time: "Aug  1 2024" "07:39:39"
20240801 090200.277 INFO             PET2 ESMF library build location : /scratch2/NCEPDEV/stmp1/Gerhard.Theurich/ESMF-Nightly-Testing/nvhpc_24.1_openmpi_O_nrl_work-esmx/esmf
20240801 090200.277 INFO             PET2 ESMF_COMM                   : openmpi
20240801 090200.277 INFO             PET2 ESMF_MOAB                   : enabled
20240801 090200.277 INFO             PET2 ESMF_LAPACK                 : enabled
20240801 090200.277 INFO             PET2 ESMF_NETCDF                 : disabled
20240801 090200.277 INFO             PET2 ESMF_PNETCDF                : disabled
20240801 090200.277 INFO             PET2 ESMF_PIO                    : disabled
20240801 090200.277 INFO             PET2 ESMF_YAMLCPP                : enabled
20240801 090200.278 INFO             PET2 =============================================
20240801 090200.278 INFO             PET2 ESMX (Earth System Model eXecutable) STARTING
20240801 090200.278 INFO             PET2 =============================================
20240801 090200.282 INFO             PET2 =============================================
20240801 090200.282 INFO             PET2 ESMX (Earth System Model eXecutable) FINISHED
20240801 090200.282 INFO             PET2 =============================================
20240801 090200.282 INFO             PET2  Finalizing ESMF
20240801 090200.276 INFO             PET3 !!!!!!!!!!!!!!!!!!!!!!!!!!!!!!!!!!!!!!!!!!!!!!!!!!!!!!
20240801 090200.276 INFO             PET3 !!! THE ESMF_LOG IS SET TO OUTPUT ALL LOG MESSAGES !!!
20240801 090200.276 INFO             PET3 !!!     THIS MAY CAUSE SLOWDOWN IN PERFORMANCE     !!!
20240801 090200.276 INFO             PET3 !!! FOR PRODUCTION RUNS, USE:                      !!!
20240801 090200.276 INFO             PET3 !!!                   ESMF_LOGKIND_Multi_On_Error  !!!
20240801 090200.276 INFO             PET3 !!!!!!!!!!!!!!!!!!!!!!!!!!!!!!!!!!!!!!!!!!!!!!!!!!!!!!
20240801 090200.276 INFO             PET3 Running with ESMF Version   : v8.7.0b10-21-g6127c6256e
20240801 090200.276 INFO             PET3 ESMF library build date/time: "Aug  1 2024" "07:39:39"
20240801 090200.276 INFO             PET3 ESMF library build location : /scratch2/NCEPDEV/stmp1/Gerhard.Theurich/ESMF-Nightly-Testing/nvhpc_24.1_openmpi_O_nrl_work-esmx/esmf
20240801 090200.276 INFO             PET3 ESMF_COMM                   : openmpi
20240801 090200.277 INFO             PET3 ESMF_MOAB                   : enabled
20240801 090200.277 INFO             PET3 ESMF_LAPACK                 : enabled
20240801 090200.277 INFO             PET3 ESMF_NETCDF                 : disabled
20240801 090200.277 INFO             PET3 ESMF_PNETCDF                : disabled
20240801 090200.277 INFO             PET3 ESMF_PIO                    : disabled
20240801 090200.277 INFO             PET3 ESMF_YAMLCPP                : enabled
20240801 090200.278 INFO             PET3 =============================================
20240801 090200.278 INFO             PET3 ESMX (Earth System Model eXecutable) STARTING
20240801 090200.278 INFO             PET3 =============================================
20240801 090200.282 INFO             PET3 =============================================
20240801 090200.282 INFO             PET3 ESMX (Earth System Model eXecutable) FINISHED
20240801 090200.282 INFO             PET3 =============================================
20240801 090200.282 INFO             PET3  Finalizing ESMF
