2024-06-16 03:28:13
20240616 035651.294 INFO             PET0 !!!!!!!!!!!!!!!!!!!!!!!!!!!!!!!!!!!!!!!!!!!!!!!!!!!!!!
20240616 035651.294 INFO             PET0 !!! THE ESMF_LOG IS SET TO OUTPUT ALL LOG MESSAGES !!!
20240616 035651.294 INFO             PET0 !!!     THIS MAY CAUSE SLOWDOWN IN PERFORMANCE     !!!
20240616 035651.294 INFO             PET0 !!! FOR PRODUCTION RUNS, USE:                      !!!
20240616 035651.294 INFO             PET0 !!!                   ESMF_LOGKIND_Multi_On_Error  !!!
20240616 035651.294 INFO             PET0 !!!!!!!!!!!!!!!!!!!!!!!!!!!!!!!!!!!!!!!!!!!!!!!!!!!!!!
20240616 035651.294 INFO             PET0 Running with ESMF Version   : v8.7.0b07-2-ga1ccd5de8a
20240616 035651.294 INFO             PET0 ESMF library build date/time: "Jun 16 2024" "03:26:27"
20240616 035651.294 INFO             PET0 ESMF library build location : /glade/derecho/scratch/sacks/esmf-testing/cce_15.0.1_mpiuni_g_develop/esmf
20240616 035651.294 INFO             PET0 ESMF_COMM                   : mpiuni
20240616 035651.295 INFO             PET0 ESMF_MOAB                   : enabled
20240616 035651.295 INFO             PET0 ESMF_LAPACK                 : enabled
20240616 035651.295 INFO             PET0 ESMF_NETCDF                 : enabled
20240616 035651.295 INFO             PET0 ESMF_PNETCDF                : disabled
20240616 035651.295 INFO             PET0 ESMF_PIO                    : disabled
20240616 035651.295 INFO             PET0 ESMF_YAMLCPP                : enabled
20240616 035651.295 INFO             PET0  NUMBER_OF_PROCESSORS 1
20240616 035651.295 INFO             PET0  PASS  Example ESMF_VMScatterVMGatherEx, ESMF_VMScatterVMGatherEx.F90, line 120
20240616 035651.295 INFO             PET0  Finalizing ESMF
