2024-06-03 19:22:08
20240603 195532.720 INFO             PET0 !!!!!!!!!!!!!!!!!!!!!!!!!!!!!!!!!!!!!!!!!!!!!!!!!!!!!!
20240603 195532.720 INFO             PET0 !!! THE ESMF_LOG IS SET TO OUTPUT ALL LOG MESSAGES !!!
20240603 195532.720 INFO             PET0 !!!     THIS MAY CAUSE SLOWDOWN IN PERFORMANCE     !!!
20240603 195532.720 INFO             PET0 !!! FOR PRODUCTION RUNS, USE:                      !!!
20240603 195532.720 INFO             PET0 !!!                   ESMF_LOGKIND_Multi_On_Error  !!!
20240603 195532.720 INFO             PET0 !!!!!!!!!!!!!!!!!!!!!!!!!!!!!!!!!!!!!!!!!!!!!!!!!!!!!!
20240603 195532.720 INFO             PET0 Running with ESMF Version   : v8.7.0b06-37-g31f880616f
20240603 195532.720 INFO             PET0 ESMF library build date/time: "Jun  3 2024" "19:20:09"
20240603 195532.720 INFO             PET0 ESMF library build location : /glade/derecho/scratch/sacks/esmf-testing/cce_15.0.1_mpiuni_g_develop/esmf
20240603 195532.720 INFO             PET0 ESMF_COMM                   : mpiuni
20240603 195532.720 INFO             PET0 ESMF_MOAB                   : enabled
20240603 195532.720 INFO             PET0 ESMF_LAPACK                 : enabled
20240603 195532.720 INFO             PET0 ESMF_NETCDF                 : enabled
20240603 195532.720 INFO             PET0 ESMF_PNETCDF                : disabled
20240603 195532.720 INFO             PET0 ESMF_PIO                    : disabled
20240603 195532.720 INFO             PET0 ESMF_YAMLCPP                : enabled
20240603 195532.787 DEBUG            PET0 about to destroy Grid: 0x76e090
20240603 195532.799 DEBUG            PET0 about to destroy Grid: 0x771000
20240603 195532.832 INFO             PET0  NUMBER_OF_PROCESSORS 1
20240603 195532.832 INFO             PET0  PASS  Example ESMF_NUOPCAtmModelEx, ESMF_NUOPCAtmModelEx.F90, line 806
20240603 195532.832 INFO             PET0  Finalizing ESMF
