2024-06-17 03:42:16
20240617 041309.331 INFO             PET0 !!!!!!!!!!!!!!!!!!!!!!!!!!!!!!!!!!!!!!!!!!!!!!!!!!!!!!
20240617 041309.331 INFO             PET0 !!! THE ESMF_LOG IS SET TO OUTPUT ALL LOG MESSAGES !!!
20240617 041309.331 INFO             PET0 !!!     THIS MAY CAUSE SLOWDOWN IN PERFORMANCE     !!!
20240617 041309.331 INFO             PET0 !!! FOR PRODUCTION RUNS, USE:                      !!!
20240617 041309.331 INFO             PET0 !!!                   ESMF_LOGKIND_Multi_On_Error  !!!
20240617 041309.331 INFO             PET0 !!!!!!!!!!!!!!!!!!!!!!!!!!!!!!!!!!!!!!!!!!!!!!!!!!!!!!
20240617 041309.331 INFO             PET0 Running with ESMF Version   : v8.7.0b07-2-ga1ccd5de8a
20240617 041309.331 INFO             PET0 ESMF library build date/time: "Jun 17 2024" "03:40:22"
20240617 041309.331 INFO             PET0 ESMF library build location : /glade/derecho/scratch/sacks/esmf-testing/cce_15.0.1_mpiuni_g_develop/esmf
20240617 041309.331 INFO             PET0 ESMF_COMM                   : mpiuni
20240617 041309.332 INFO             PET0 ESMF_MOAB                   : enabled
20240617 041309.332 INFO             PET0 ESMF_LAPACK                 : enabled
20240617 041309.332 INFO             PET0 ESMF_NETCDF                 : enabled
20240617 041309.332 INFO             PET0 ESMF_PNETCDF                : disabled
20240617 041309.332 INFO             PET0 ESMF_PIO                    : disabled
20240617 041309.332 INFO             PET0 ESMF_YAMLCPP                : enabled
20240617 041309.332 INFO             PET0  NUMBER_OF_PROCESSORS 1
20240617 041309.332 INFO             PET0  PASS  Example ESMF_InternalStateEx, ESMF_InternalStateEx.F90, line 132
20240617 041309.332 INFO             PET0  Finalizing ESMF
