2024-07-12 03:44:44
20240712 041803.363 INFO             PET0 !!!!!!!!!!!!!!!!!!!!!!!!!!!!!!!!!!!!!!!!!!!!!!!!!!!!!!
20240712 041803.363 INFO             PET0 !!! THE ESMF_LOG IS SET TO OUTPUT ALL LOG MESSAGES !!!
20240712 041803.363 INFO             PET0 !!!     THIS MAY CAUSE SLOWDOWN IN PERFORMANCE     !!!
20240712 041803.363 INFO             PET0 !!! FOR PRODUCTION RUNS, USE:                      !!!
20240712 041803.363 INFO             PET0 !!!                   ESMF_LOGKIND_Multi_On_Error  !!!
20240712 041803.363 INFO             PET0 !!!!!!!!!!!!!!!!!!!!!!!!!!!!!!!!!!!!!!!!!!!!!!!!!!!!!!
20240712 041803.363 INFO             PET0 Running with ESMF Version   : v8.7.0b08-14-g2afdc553e7
20240712 041803.363 INFO             PET0 ESMF library build date/time: "Jul 12 2024" "03:42:42"
20240712 041803.363 INFO             PET0 ESMF library build location : /glade/derecho/scratch/sacks/esmf-testing/cce_15.0.1_mpiuni_g_develop/esmf
20240712 041803.363 INFO             PET0 ESMF_COMM                   : mpiuni
20240712 041803.364 INFO             PET0 ESMF_MOAB                   : enabled
20240712 041803.364 INFO             PET0 ESMF_LAPACK                 : enabled
20240712 041803.364 INFO             PET0 ESMF_NETCDF                 : enabled
20240712 041803.364 INFO             PET0 ESMF_PNETCDF                : disabled
20240712 041803.364 INFO             PET0 ESMF_PIO                    : enabled
20240712 041803.364 INFO             PET0 ESMF_YAMLCPP                : enabled
20240712 041803.364 INFO             PET0 ESMF Tracing Enabled
20240712 041803.364 INFO             PET0 ESMF Profiling Enabled
20240712 041803.364 INFO             PET0 ESMF Trace/Profile clock: REALTIME
20240712 041803.366 INFO             PET0  NUMBER_OF_PROCESSORS 1
20240712 041803.366 INFO             PET0  PASS  Example ESMF_TraceEx, ESMF_TraceEx.F90, line 178
20240712 041803.366 INFO             PET0  Finalizing ESMF
20240712 041803.366 INFO             PET0 **************** Region Timings *******************
20240712 041803.366 INFO             PET0 Region              Count  Total (s)   Self (s)    Mean (s)    Min (s)     Max (s)
20240712 041803.366 INFO             PET0   [ESMF]            1      0.0011      0.0011      0.0011      0.0011      0.0011
20240712 041803.366 INFO             PET0     [test] Run 1    5      0.0000      0.0000      0.0000      0.0000      0.0000
20240712 041803.367 INFO             PET0     [test] Init 1   1      0.0000      0.0000      0.0000      0.0000      0.0000
20240712 041803.367 INFO             PET0     [test] Final 1  1      0.0000      0.0000      0.0000      0.0000      0.0000
