2024-05-22 02:26:08
20240522 025232.407 INFO             PET0 !!!!!!!!!!!!!!!!!!!!!!!!!!!!!!!!!!!!!!!!!!!!!!!!!!!!!!
20240522 025232.407 INFO             PET0 !!! THE ESMF_LOG IS SET TO OUTPUT ALL LOG MESSAGES !!!
20240522 025232.407 INFO             PET0 !!!     THIS MAY CAUSE SLOWDOWN IN PERFORMANCE     !!!
20240522 025232.407 INFO             PET0 !!! FOR PRODUCTION RUNS, USE:                      !!!
20240522 025232.407 INFO             PET0 !!!                   ESMF_LOGKIND_Multi_On_Error  !!!
20240522 025232.407 INFO             PET0 !!!!!!!!!!!!!!!!!!!!!!!!!!!!!!!!!!!!!!!!!!!!!!!!!!!!!!
20240522 025232.407 INFO             PET0 Running with ESMF Version   : v8.7.0b06
20240522 025232.407 INFO             PET0 ESMF library build date/time: "May 22 2024" "02:24:18"
20240522 025232.407 INFO             PET0 ESMF library build location : /glade/derecho/scratch/sacks/esmf-testing/intel_2023.2.1-classic_mpiuni_O_develop/esmf
20240522 025232.407 INFO             PET0 ESMF_COMM                   : mpiuni
20240522 025232.408 INFO             PET0 ESMF_MOAB                   : enabled
20240522 025232.408 INFO             PET0 ESMF_LAPACK                 : enabled
20240522 025232.408 INFO             PET0 ESMF_NETCDF                 : enabled
20240522 025232.408 INFO             PET0 ESMF_PNETCDF                : disabled
20240522 025232.408 INFO             PET0 ESMF_PIO                    : disabled
20240522 025232.408 INFO             PET0 ESMF_YAMLCPP                : enabled
20240522 025232.440 INFO             PET0  NUMBER_OF_PROCESSORS           1
20240522 025232.441 INFO             PET0  PASS  Example ESMF_RHandleDynamicMaskingEx, ESMF_RHandleDynamicMaskingEx.F90, line 1116
20240522 025232.441 INFO             PET0  Finalizing ESMF
