2024-06-14 02:32:15
20240614 025826.021 INFO             PET0 !!!!!!!!!!!!!!!!!!!!!!!!!!!!!!!!!!!!!!!!!!!!!!!!!!!!!!
20240614 025826.021 INFO             PET0 !!! THE ESMF_LOG IS SET TO OUTPUT ALL LOG MESSAGES !!!
20240614 025826.021 INFO             PET0 !!!     THIS MAY CAUSE SLOWDOWN IN PERFORMANCE     !!!
20240614 025826.021 INFO             PET0 !!! FOR PRODUCTION RUNS, USE:                      !!!
20240614 025826.021 INFO             PET0 !!!                   ESMF_LOGKIND_Multi_On_Error  !!!
20240614 025826.021 INFO             PET0 !!!!!!!!!!!!!!!!!!!!!!!!!!!!!!!!!!!!!!!!!!!!!!!!!!!!!!
20240614 025826.021 INFO             PET0 Running with ESMF Version   : v8.7.0b07-2-ga1ccd5de8a
20240614 025826.021 INFO             PET0 ESMF library build date/time: "Jun 14 2024" "02:30:21"
20240614 025826.021 INFO             PET0 ESMF library build location : /glade/derecho/scratch/sacks/esmf-testing/intel_2023.2.1-classic_mpiuni_O_develop/esmf
20240614 025826.021 INFO             PET0 ESMF_COMM                   : mpiuni
20240614 025826.021 INFO             PET0 ESMF_MOAB                   : enabled
20240614 025826.021 INFO             PET0 ESMF_LAPACK                 : enabled
20240614 025826.021 INFO             PET0 ESMF_NETCDF                 : enabled
20240614 025826.021 INFO             PET0 ESMF_PNETCDF                : disabled
20240614 025826.021 INFO             PET0 ESMF_PIO                    : disabled
20240614 025826.021 INFO             PET0 ESMF_YAMLCPP                : enabled
20240614 025826.022 INFO             PET0  NUMBER_OF_PROCESSORS           1
20240614 025826.022 INFO             PET0  PASS  Example ESMF_VMHigherRankDataEx, ESMF_VMHigherRankDataEx.F90, line 140
20240614 025826.022 INFO             PET0  Finalizing ESMF
