2024-07-29 02:30:45
20240729 025844.556 INFO             PET0 !!!!!!!!!!!!!!!!!!!!!!!!!!!!!!!!!!!!!!!!!!!!!!!!!!!!!!
20240729 025844.556 INFO             PET0 !!! THE ESMF_LOG IS SET TO OUTPUT ALL LOG MESSAGES !!!
20240729 025844.556 INFO             PET0 !!!     THIS MAY CAUSE SLOWDOWN IN PERFORMANCE     !!!
20240729 025844.556 INFO             PET0 !!! FOR PRODUCTION RUNS, USE:                      !!!
20240729 025844.556 INFO             PET0 !!!                   ESMF_LOGKIND_Multi_On_Error  !!!
20240729 025844.556 INFO             PET0 !!!!!!!!!!!!!!!!!!!!!!!!!!!!!!!!!!!!!!!!!!!!!!!!!!!!!!
20240729 025844.556 INFO             PET0 Running with ESMF Version   : v8.7.0b10-2-gee9aef261f
20240729 025844.556 INFO             PET0 ESMF library build date/time: "Jul 29 2024" "02:28:50"
20240729 025844.556 INFO             PET0 ESMF library build location : /glade/derecho/scratch/sacks/esmf-testing/intel_2023.2.1-classic_mpiuni_O_develop/esmf
20240729 025844.556 INFO             PET0 ESMF_COMM                   : mpiuni
20240729 025844.557 INFO             PET0 ESMF_MOAB                   : enabled
20240729 025844.557 INFO             PET0 ESMF_LAPACK                 : enabled
20240729 025844.557 INFO             PET0 ESMF_NETCDF                 : enabled
20240729 025844.557 INFO             PET0 ESMF_PNETCDF                : disabled
20240729 025844.557 INFO             PET0 ESMF_PIO                    : enabled
20240729 025844.557 INFO             PET0 ESMF_YAMLCPP                : enabled
20240729 025844.557 INFO             PET0  NUMBER_OF_PROCESSORS           1
20240729 025844.557 INFO             PET0  PASS  Example ESMF_InternalStateEx, ESMF_InternalStateEx.F90, line 132
20240729 025844.557 INFO             PET0  Finalizing ESMF
