2024-07-04 02:25:50
20240704 025153.564 INFO             PET0 !!!!!!!!!!!!!!!!!!!!!!!!!!!!!!!!!!!!!!!!!!!!!!!!!!!!!!
20240704 025153.565 INFO             PET0 !!! THE ESMF_LOG IS SET TO OUTPUT ALL LOG MESSAGES !!!
20240704 025153.565 INFO             PET0 !!!     THIS MAY CAUSE SLOWDOWN IN PERFORMANCE     !!!
20240704 025153.565 INFO             PET0 !!! FOR PRODUCTION RUNS, USE:                      !!!
20240704 025153.565 INFO             PET0 !!!                   ESMF_LOGKIND_Multi_On_Error  !!!
20240704 025153.565 INFO             PET0 !!!!!!!!!!!!!!!!!!!!!!!!!!!!!!!!!!!!!!!!!!!!!!!!!!!!!!
20240704 025153.565 INFO             PET0 Running with ESMF Version   : v8.7.0b08
20240704 025153.565 INFO             PET0 ESMF library build date/time: "Jul  4 2024" "02:24:01"
20240704 025153.565 INFO             PET0 ESMF library build location : /glade/derecho/scratch/sacks/esmf-testing/intel_2023.2.1-classic_mpiuni_O_develop/esmf
20240704 025153.565 INFO             PET0 ESMF_COMM                   : mpiuni
20240704 025153.565 INFO             PET0 ESMF_MOAB                   : enabled
20240704 025153.565 INFO             PET0 ESMF_LAPACK                 : enabled
20240704 025153.565 INFO             PET0 ESMF_NETCDF                 : enabled
20240704 025153.565 INFO             PET0 ESMF_PNETCDF                : disabled
20240704 025153.565 INFO             PET0 ESMF_PIO                    : enabled
20240704 025153.565 INFO             PET0 ESMF_YAMLCPP                : enabled
20240704 025153.565 INFO             PET0  NUMBER_OF_PROCESSORS           1
20240704 025153.566 INFO             PET0  PASS  Example ESMF_VMGetMPICommunicatorEx, ESMF_VMGetMPICommunicatorEx.F90, line 94
20240704 025153.566 INFO             PET0  Finalizing ESMF
