2024-07-21 02:32:50
20240721 030548.756 INFO             PET0 !!!!!!!!!!!!!!!!!!!!!!!!!!!!!!!!!!!!!!!!!!!!!!!!!!!!!!
20240721 030548.756 INFO             PET0 !!! THE ESMF_LOG IS SET TO OUTPUT ALL LOG MESSAGES !!!
20240721 030548.756 INFO             PET0 !!!     THIS MAY CAUSE SLOWDOWN IN PERFORMANCE     !!!
20240721 030548.756 INFO             PET0 !!! FOR PRODUCTION RUNS, USE:                      !!!
20240721 030548.756 INFO             PET0 !!!                   ESMF_LOGKIND_Multi_On_Error  !!!
20240721 030548.756 INFO             PET0 !!!!!!!!!!!!!!!!!!!!!!!!!!!!!!!!!!!!!!!!!!!!!!!!!!!!!!
20240721 030548.756 INFO             PET0 Running with ESMF Version   : v8.7.0b09
20240721 030548.756 INFO             PET0 ESMF library build date/time: "Jul 21 2024" "02:30:50"
20240721 030548.756 INFO             PET0 ESMF library build location : /glade/derecho/scratch/sacks/esmf-testing/intel_2023.2.1-classic_mpiuni_O_develop/esmf
20240721 030548.756 INFO             PET0 ESMF_COMM                   : mpiuni
20240721 030548.756 INFO             PET0 ESMF_MOAB                   : enabled
20240721 030548.756 INFO             PET0 ESMF_LAPACK                 : enabled
20240721 030548.756 INFO             PET0 ESMF_NETCDF                 : enabled
20240721 030548.756 INFO             PET0 ESMF_PNETCDF                : disabled
20240721 030548.756 INFO             PET0 ESMF_PIO                    : enabled
20240721 030548.756 INFO             PET0 ESMF_YAMLCPP                : enabled
20240721 030548.756 INFO             PET0  NUMBER_OF_PROCESSORS           1
20240721 030548.757 INFO             PET0  PASS  Example ESMF_VMUserMpiEx, ESMF_VMUserMpiEx.F90, line 96
20240721 030548.757 INFO             PET0  Finalizing ESMF with endflag==ESMF_END_KEEPMPI
