2024-07-25 01:11:30
--- ESMCI::ArrayBundle::print start ---
ArrayBundle: MyArrayBundle
arrayCount = 3
--- ESMCI::ArrayBundle::print start ---
ArrayBundle: MyArrayBundle
arrayCount = 3
Container::print() multipmap:item=Container::print() multipmap:item=0 key=AonFly value=0x14a09200 key=AonFly value=0x14003d0
Container::print() multipmap:item=1 key=Array002 value=0x14e3f80
Container::print() multipmap:item=2 key=Array003 value=0x14e4e70

Container::print() multipmap:item=1 key=Array002 value=0x1443c40
Container::print() multipmap:item=2 key=Array003Container::print()      list:item=0 key=Array002 value=0x1444950
Container::print()      list:item=0 key= value=0x14e3f80
Container::print()      list:item=1 key=Array003 value=0x14e4e70
Container::print()      list:item=2 key=AonFly value=0x14a0920
Array002 value=0x1443c40
Container::print()      list:item=1 key=Array003 value=--- ESMCI::ArrayBundle::print end ---
0x1444950
Container::print()      list:item=2 key=AonFly value=0x14003d0
--- ESMCI::ArrayBundle::print end ---
--- ESMCI::ArrayBundle::print start ---
ArrayBundle: MyArrayBundle
arrayCount = 3
--- ESMCI::ArrayBundle::print start ---
ArrayBundle: MyArrayBundle
arrayCount = 3
Container::print() multipmap:item=0Container::print() multipmap:item=0 key=AonFly value= key=AonFly value=0x26421d0
Container::print() multipmap:item=1 key=Array002 value=0x26868f0
Container::print() multipmap:item=2 key=Array0030x1182110
Container::print() multipmap:item=1 key=Array002 value=0x11c68f0
Container::print() multipmap:item=2 key=Array003 value=0x11c7190 value=0x26871d0
Container::print()      list:item=0 key=
Container::print()      list:item=0 key=Array002 value=0x26868f0
Container::print()      list:item=1 key=Array003 value=0x26871d0Array002 value=0x11c68f0
Container::print()      list:item=1 key=Array003 value=0x11c7190
Container::print()      list:item=2
Container::print()      list:item=2 key=AonFly value=0x26421d0
--- ESMCI::ArrayBundle::print end ---
 key=AonFly value=0x1182110
--- ESMCI::ArrayBundle::print end ---
--- ESMCI::Array::print start ---
 Base name    = AonFly--- ESMCI::Array::print start ---
 Base name    = AonFly
 Status: Base = Ready,  object = Ready
 Proxy        = no
 Root Info (Attributes):

 Status: Base = Ready,  object = Ready
 Proxy        = no
 Root Info (Attributes):
--- ESMCI::Array::print start ---
 Base name    = AonFly--- ESMCI::Array::print start ---
 Base name    = AonFly
 Status: Base = 
 Status: Base = Ready,  object = Ready
 Proxy        = no
 Root Info (Attributes):Ready,  object = Ready
 Proxy        = no
 Root Info (Attributes):

{}{}Array typekind/rank: Real*4 / 2 
Array typekind/rank: Real*4 / 2 
~ lower class' values ~
DistGrid dimCount = 2
deCount = 6
localDeCount = 2
~ local data in LocalArray for DE 0 ~
LocalArrayPrint: Array at address 0x14a02c0:
~ lower class' values ~
DistGrid dimCount = 2
deCount = 6
localDeCount = 2
~ local data in LocalArray for DE 1 ~
LocalArrayPrint: Array at address 0x13ffd70:
            rank = 2, typekind = 5,             rank = 2, typekind = 5, base_addr = 0x14e3860
            dim[0] = 3  dim[1] = 2  
  Real, *4, Dim 2, Data values:
base_addr = 0x13ee6f0
            dim[0] = 2  dim[1] = 2  
  Real, *4, Dim 2, Data values:
( 1, 1) =  3.78985e-38
( 2, 1) =  0
( 3, 1) =  4.2039e-45
( 1, 2) =  1.4013e-45
( 2, 2) =  0
( 3, 2) =  0
dim 1: [0]: [1 [1 [1, 3] 3] 3]
( 1, 1) =  3.60581e-38
( 2, 1) =  0
dim 2: [1]: [1 [1 [1, 2] 2] 2]
~ local data in LocalArray for DE 4 ~
LocalArrayPrint: Array at address 0x14a05f0:
            rank = 2, typekind = 5, base_addr = 0x14a0200
            dim[0] = 3  dim[1] = 1  
  Real, *4, Dim 2, Data values:
( 1, 2) =  2.8026e-45
( 2, 2) =  1.4013e-45
dim 1: [0]: [1 [1 [1, 2] 2] 2]
dim 2: [1]: [1 [1 [1, 2] 2] 2]
~ local data in LocalArray for DE 5 ~
LocalArrayPrint: Array at address 0x14000a0:
( 1, 1) =  3.71029e-38
( 2, 1) =  0
( 3, 1) =  -1.9378e+30
dim 1: [0]: [1 [1 [1, 3] 3] 3]
dim 2: [1]: [1 [1 [1, 1] 1] 1]
--- ESMCI::Array::print end ---
--- ESMCI::Array::print start ---            rank = 2, typekind = 5, base_addr = 0x13ffcb0
            dim[0] = 2  dim[1] = 1  
  Real, *4, Dim 2, Data values:
{}Array typekind/rank: Real*4 / 2 
~ lower class' values ~
{}Array typekind/rank: Real*4 / 2 
~ lower class' values ~

 Base name    = Array002
 Status: Base = Ready,  object = Ready
 Proxy        = no
 Root Info (Attributes):
( 1, 1) =  3.52624e-38
( 2, 1) =  0
dim 1: [0]: [1 [1 [1, 2] 2] 2]
dim 2: [1]: [1 [1 [1, 1] 1] 1]
--- ESMCI::Array::print end ---
--- ESMCI::Array::print start ---
 Base name    = Array002
 Status: Base = ReadyDistGrid dimCount = 2
deCount = 6
localDeCount = 1
~ local data in LocalArray for DE 2 ~
LocalArrayPrint: Array at address 0x2641ea0:
            rank = 2, typekind = 5, base_addr = 0x2641250
            dim[0] = 3  dim[1] = 2  DistGrid dimCount = 2
deCount = 6
localDeCount = 1
~ local data in LocalArray for DE 3 ~
LocalArrayPrint: Array at address 0x1181de0:
            rank = 2, typekind = 5, base_addr = 0x1181250
            dim[0] = 2  dim[1] = 2  
{}Array typekind/rank: Real*8 / 2 
~ lower class' values ~
DistGrid dimCount = 2
deCount = 6
localDeCount = 2
~ local data in LocalArray for DE 0 ~
LocalArrayPrint: Array at address 0x14e3900:
            rank = 2, typekind = 6, base_addr = 0x149df60
            dim[0] = 3  dim[1] = 2  
  Real, *8, Dim 2, Data values:
,  object = Ready
 Proxy        = no
 Root Info (Attributes):

  Real, *4, Dim 2, Data values:
( 1, 1) =  1.70796e-37
( 2, 1) =  0
  Real, *4, Dim 2, Data values:
( 1, 1) =  2.87395e-38
( 2, 1) =  0
( 1, 2) =  3.05116e-33
( 1, 1) =  1.06811e-316
( 2, 1) =  4.24399e-314
( 3, 1) =  4.24399e-314
( 1, 2) =  4.24399e-314
( 2, 2) =  2.122e-314
( 3, 2) =  2.122e-314
dim 1: [0]: [1 [1 [1, 3] 3] 3]
dim 2: [1]: [1 [1 [1, 2] 2] 2]
~ local data in LocalArray for DE 4 ~
LocalArrayPrint: Array at address 0x14e3c30:
{}Array typekind/rank: Real*8 / 2 
~ lower class' values ~
DistGrid dimCount = 2
deCount = 6
localDeCount = 2
~ local data in LocalArray for DE 1 ~
LocalArrayPrint: Array at address 0x14435c0:
            rank = 2, typekind = 6, base_addr = 0x13fdbc0
            dim[0] = 2  ( 3, 1) =  2.08621e+17
( 1, 2) =  4.56403e-41
( 2, 2) =  0
( 3, 2) =  0
dim 1: [0]: [1 [1 [1, 3] 3] 3]
dim 2: [1]: [1 [1 [1, 2] 2] 2]
--- ESMCI::Array::print end ---
( 2, 2) =  4.58351e-41
dim 1: [0]: [1 [1 [1, 2] 2] 2]
dim 2: [1]: [1 [1 [1, 2] 2] 2]
--- ESMCI::Array::print end ---
--- ESMCI::Array::print start ---
 Base name    = Array002
 Status: Base =             rank = 2, typekind = 6, base_addr = 0x14e3f60
            dim[0] = 3  dim[1] = 1  
  Real, *8, Dim 2, Data values:
( 1, 1) =  6.89966e-310
( 2, 1) =  6.89966e-310
( 3, 1) =  0
dim 1: [0]: [1 [1 [1, 3] 3] 3]
dim 2: [1]: [1 [1 [1, 1] 1] 1]
--- ESMCI::Array::print end ---
--- ESMCI::Array::print start ---
 Base name    = Array003
 Status: Base = Readydim[1] = 2  
  Real, *8, Dim 2, Data values:
( 1, 1) =  1.03567e-316
( 2, 1) =  0
( 1, 2) =  0
( 2, 2) =  0
dim 1: [0]: [1 [1 [1, 2] 2] 2]
dim 2: [1]: [1 [1 [1, 2] 2] 2]
--- ESMCI::Array::print start ---
 Base name    = Array002
 Status: Base = Ready,  object = Ready
 Proxy        = no
 Root Info (Attributes):
Ready,  object = Ready
 Proxy        = no
 Root Info (Attributes):
,  object = Ready
 Proxy        = no
 Root Info (Attributes):
{}Array typekind/rank: Real*8 / 2 
~ lower class' values ~
DistGrid dimCount = 2
deCount = 6
localDeCount = 2
~ local data in LocalArray for DE 0 ~
LocalArrayPrint: Array at address 0x14e47d0:
            rank = 2, typekind = 6, base_addr = 0x14e4b00
            dim[0] = 3  dim[1] = 2  ~ local data in LocalArray for DE 5 ~
LocalArrayPrint: Array at address 0x14438f0:
            rank = 2, typekind = 6, base_addr = 0x1443c20
            dim[0] = 2  dim[1] = 1  
  Real, *8, Dim 2, Data values:
( 1, 1) =  6.91507e-310
( 2, 1) =  6.91507e-310
{}Array typekind/rank: Real*8 / 2 
~ lower class' values ~
DistGrid dimCount = 2
deCount = 6
localDeCount = 1
~ local data in LocalArray for DE 2 ~
LocalArrayPrint: Array at address 0x26865c0:
{}Array typekind/rank: Real*8 / 2 
~ lower class' values ~
DistGrid dimCount = 2
deCount = 6
localDeCount = 1
~ local data in LocalArray for DE 3 ~
LocalArrayPrint: Array at address 0x11c65c0:
            rank = 2, typekind = 6, base_addr = 0x1171750
            
  Real, *8, Dim 2, Data values:
( 1, 1) =  6.89966e-310
( 2, 1) =  6.89966e-310
( 3, 1) =  0
( 1, 2) =  0
( 2, 2) =  0
( 3, 2) =  0
dim 1: [0]: [1 [1 [1, 3] 3] 3]
dim 2: [1]: [1 [1 [1, 2] 2] 2]
~ local data in LocalArray for DE 4 ~
LocalArrayPrint: Array at address 0x14e4b40:
            rank = 2, typekind = 6, base_addr = 0x149df10
            dim 1: [0]: [1 [1 [1, 2] 2] 2]
dim 2: [1]: [1 [1 [1, 1] 1] 1]
--- ESMCI::Array::print end ---
--- ESMCI::Array::print start ---
 Base name    = Array003
 Status: Base = Ready,  object = Ready
 Proxy        = no
 Root Info (Attributes):
            rank = 2, typekind = 6, base_addr = 0x26610c0
            dim[0] = 3  dim[1] = 2  
  Real, *8, Dim 2, Data values:
( 1, 1) =  1.98175e-316
dim[0] = 2  dim[1] = 2  
  Real, *8, Dim 2, Data values:
( 1, 1) =  9.09448e-317
( 2, 1) =  0
( 1, 2) =  0
dim[0] = 3  dim[1] = 1  
  Real, *8, Dim 2, Data values:
( 1, 1) =  1.08217e-316
( 2, 1) =  2.122e-314
( 3, 1) =  0
dim 1: [0]: [1 [1 [1, 3] 3] 3]
dim 2: [1]: [1 [1 [1, 1] 1] 1]
--- ESMCI::Array::print end ---
{}Array typekind/rank: Real*8 / 2 
~ lower class' values ~
DistGrid dimCount = 2
deCount = 6
localDeCount = 2
~ local data in LocalArray for DE 1 ~
LocalArrayPrint: Array at address 0x14442f0:
            rank = 2, typekind = 6, base_addr = 0x13fdb70
            ( 2, 1) =  4.24399e-314
( 3, 1) =  4.24399e-314
( 1, 2) =  4.24399e-314
( 2, 2) =  2.122e-314
( 3, 2) =  2.122e-314
dim 1: [0]: [1 [1 [1, 3] 3] 3]
( 2, 2) =  0
dim 1: [0]: [1 [1 [1, 2] 2] 2]
dim 2: [1]: [1 [1 [1, 2] 2] 2]
--- ESMCI::Array::print end ---
--- ESMCI::Array::print start ---
 Base name    = Array003
 Status: Base = Ready,  object = Ready
 Proxy        = dim[0] = 2  dim[1] = 2  
  Real, *8, Dim 2, Data values:
( 1, 1) =  1.03258e-316
( 2, 1) =  0
( 1, 2) =  0
( 2, 2) =  0
dim 2: [1]: [1 [1 [1, 2] 2] 2]
--- ESMCI::Array::print end ---
--- ESMCI::Array::print start ---
 Base name    = Array003
 Status: Base = Ready,  object = Ready
 Proxy        = no
 Root Info (Attributes):
no
 Root Info (Attributes):
{}Array typekind/rank: Real*8 / 2 
~ lower class' values ~
dim 1: [0]: [1 [1 [1, 2] 2] 2]
dim 2: [1]: [1 [1 [1, 2] 2] 2]
~ local data in LocalArray for DE 5 ~
LocalArrayPrint: Array at address 0x1444620:
            rank = 2, typekind = 6, base_addr = 0x13fdba0
            dim[0] = 2  dim[1] = 1  
{}Array typekind/rank: Real*8 / 2 
~ lower class' values ~
DistGrid dimCount = 2
deCount = 6
localDeCount = 1
DistGrid dimCount = 2
deCount = 6
localDeCount = 1
~ local data in LocalArray for DE 3 ~
LocalArrayPrint: Array at address 0x11c6e60:
            rank = 2, typekind = 6, base_addr = 0x118e010
            dim[0] = 2  dim[1] = 2    Real, *8, Dim 2, Data values:
( 1, 1) =  1.03577e-316
( 2, 1) =  2.122e-314
dim 1: [0]: [1 [1 [1, 2] 2] 2]
dim 2: [1]: [1 [1 [1, 1] 1] 1]
--- ESMCI::Array::print end ---
~ local data in LocalArray for DE 2 ~
LocalArrayPrint: Array at address 0x2686e60:
            rank = 2, typekind = 6, base_addr = 0x2687190
            dim[0] = 3  dim[1] = 2  
  Real, *8, Dim 2, Data values:

  Real, *8, Dim 2, Data values:
( 1, 1) =  9.21587e-317
( 2, 1) =  0
( 1, 2) =  0
( 2, 2) =  0
( 1, 1) =  6.91142e-310
( 2, 1) =  6.91142e-310
( 3, 1) =  0
( 1, 2) =  0
dim 1: [0]: [1 [1 [1, 2] 2] 2]
dim 2: [1]: [1 [1 [1, 2] 2] 2]
--- ESMCI::Array::print end ---
( 2, 2) =  0
( 3, 2) =  0
dim 1: [0]: [1 [1 [1, 3] 3] 3]
dim 2: [1]: [1 [1 [1, 2] 2] 2]
--- ESMCI::Array::print end ---
  PASS  Example ESMF_ArrayBundleEx, ESMF_ArrayBundleEx.F90, line 267
  PASS  Example ESMF_ArrayBundleEx, ESMF_ArrayBundleEx.F90, line 267
  PASS  Example ESMF_ArrayBundleEx, ESMF_ArrayBundleEx.F90, line 267
  PASS  Example ESMF_ArrayBundleEx, ESMF_ArrayBundleEx.F90, line 267
 PASS: ESMF_ArrayBundleEx.F90
 PASS: ESMF_ArrayBundleEx.F90
 PASS: ESMF_ArrayBundleEx.F90
 PASS: ESMF_ArrayBundleEx.F90
