2024-06-08 10:05:36
slurmstepd: error: couldn't chdir to `/tmp/intel_2023.1.0-oneAPI_mpi_g_develop/nuopc-app-prototypes/DriverInDriverProto': No such file or directory: going to /tmp instead
forrtl: severe (174): SIGSEGV, segmentation fault occurred
Image              PC                Routine            Line        Source             
libpthread-2.31.s  0000153F68DF2910  Unknown               Unknown  Unknown
mainApp            000000000044ECA7  Unknown               Unknown  Unknown
mainApp            000000000044FC90  Unknown               Unknown  Unknown
mainApp            000000000044EE35  Unknown               Unknown  Unknown
libesmf.so         0000153F6F28F69C  f_esmf_compcollec         516  ESMF_Comp_C.F90
libesmf.so         0000153F6EE34442  finalize                 3515  ESMCI_VM.C
libesmf.so         0000153F6EDFEDA7  c_esmc_vmfinalize        1241  ESMCI_VM_F.C
libesmf.so         0000153F6FEB696B  c_esmc_vmfinalize           0  ESMF_VM.F90
libesmf.so         0000153F6FEAE532  esmf_vmfinalize          9474  ESMF_VM.F90
libesmf.so         0000153F6F9C51BA  esmf_finalize            1694  ESMF_Init.F90
mainApp            0000000000417BC9  mainapp                   102  mainApp.F90
mainApp            00000000004171BD  Unknown               Unknown  Unknown
libc-2.31.so       0000153F68C1A24D  __libc_start_main     Unknown  Unknown
mainApp            00000000004170EA  Unknown               Unknown  Unknown
forrtl: severe (174): SIGSEGV, segmentation fault occurred
Image              PC                Routine            Line        Source             
libpthread-2.31.s  0000146B2E1F2910  Unknown               Unknown  Unknown
mainApp            000000000044ECE3  Unknown               Unknown  Unknown
mainApp            000000000044FC90  Unknown               Unknown  Unknown
mainApp            000000000044EE35  Unknown               Unknown  Unknown
libesmf.so         0000146B3455969C  f_esmf_compcollec         516  ESMF_Comp_C.F90
libesmf.so         0000146B340FE442  finalize                 3515  ESMCI_VM.C
libesmf.so         0000146B340C8DA7  c_esmc_vmfinalize        1241  ESMCI_VM_F.C
libesmf.so         0000146B3518096B  c_esmc_vmfinalize           0  ESMF_VM.F90
libesmf.so         0000146B35178532  esmf_vmfinalize          9474  ESMF_VM.F90
libesmf.so         0000146B34C8F1BA  esmf_finalize            1694  ESMF_Init.F90
mainApp            0000000000417BC9  mainapp                   102  mainApp.F90
mainApp            00000000004171BD  Unknown               Unknown  Unknown
libc-2.31.so       0000146B2E01A24D  __libc_start_main     Unknown  Unknown
mainApp            00000000004170EA  Unknown               Unknown  Unknown
forrtl: severe (174): SIGSEGV, segmentation fault occurred
Image              PC                Routine            Line        Source             
libpthread-2.31.s  00001507839F2910  Unknown               Unknown  Unknown
mainApp            000000000044ECE3  Unknown               Unknown  Unknown
mainApp            000000000044FC90  Unknown               Unknown  Unknown
mainApp            000000000044EE35  Unknown               Unknown  Unknown
libesmf.so         0000150789EA869C  f_esmf_compcollec         516  ESMF_Comp_C.F90
libesmf.so         0000150789A4D442  finalize                 3515  ESMCI_VM.C
libesmf.so         0000150789A17DA7  c_esmc_vmfinalize        1241  ESMCI_VM_F.C
libesmf.so         000015078AACF96B  c_esmc_vmfinalize           0  ESMF_VM.F90
libesmf.so         000015078AAC7532  esmf_vmfinalize          9474  ESMF_VM.F90
libesmf.so         000015078A5DE1BA  esmf_finalize            1694  ESMF_Init.F90
mainApp            0000000000417BC9  mainapp                   102  mainApp.F90
mainApp            00000000004171BD  Unknown               Unknown  Unknown
libc-2.31.so       000015078381A24D  __libc_start_main     Unknown  Unknown
mainApp            00000000004170EA  Unknown               Unknown  Unknown
forrtl: severe (174): SIGSEGV, segmentation fault occurred
Image              PC                Routine            Line        Source             
libpthread-2.31.s  00001455FCFF2910  Unknown               Unknown  Unknown
mainApp            000000000044ECE3  Unknown               Unknown  Unknown
mainApp            000000000044FC90  Unknown               Unknown  Unknown
mainApp            000000000044EE35  Unknown               Unknown  Unknown
libesmf.so         00001456032DF69C  f_esmf_compcollec         516  ESMF_Comp_C.F90
libesmf.so         0000145602E84442  finalize                 3515  ESMCI_VM.C
libesmf.so         0000145602E4EDA7  c_esmc_vmfinalize        1241  ESMCI_VM_F.C
libesmf.so         0000145603F0696B  c_esmc_vmfinalize           0  ESMF_VM.F90
libesmf.so         0000145603EFE532  esmf_vmfinalize          9474  ESMF_VM.F90
libesmf.so         0000145603A151BA  esmf_finalize            1694  ESMF_Init.F90
mainApp            0000000000417BC9  mainapp                   102  mainApp.F90
mainApp            00000000004171BD  Unknown               Unknown  Unknown
libc-2.31.so       00001455FCE1A24D  __libc_start_main     Unknown  Unknown
mainApp            00000000004170EA  Unknown               Unknown  Unknown
srun: error: nid007035: tasks 0-3: Exited with exit code 174
srun: Terminating StepId=26595335.379
