2024-06-08 10:05:36
slurmstepd: error: couldn't chdir to `/tmp/intel_2023.1.0-oneAPI_mpi_g_develop/nuopc-app-prototypes/DriverInDriverDataDepProto': No such file or directory: going to /tmp instead
forrtl: severe (174): SIGSEGV, segmentation fault occurred
Image              PC                Routine            Line        Source             
libpthread-2.31.s  0000145773DF2910  Unknown               Unknown  Unknown
mainApp            00000000004501F0  Unknown               Unknown  Unknown
mainApp            0000000000451190  Unknown               Unknown  Unknown
mainApp            0000000000450335  Unknown               Unknown  Unknown
libesmf.so         000014577A2BF69C  f_esmf_compcollec         516  ESMF_Comp_C.F90
libesmf.so         0000145779E64442  finalize                 3515  ESMCI_VM.C
libesmf.so         0000145779E2EDA7  c_esmc_vmfinalize        1241  ESMCI_VM_F.C
libesmf.so         000014577AEE696B  c_esmc_vmfinalize           0  ESMF_VM.F90
libesmf.so         000014577AEDE532  esmf_vmfinalize          9474  ESMF_VM.F90
libesmf.so         000014577A9F51BA  esmf_finalize            1694  ESMF_Init.F90
mainApp            0000000000417EC9  mainapp                   102  mainApp.F90
mainApp            00000000004174BD  Unknown               Unknown  Unknown
libc-2.31.so       0000145773C1A24D  __libc_start_main     Unknown  Unknown
mainApp            00000000004173EA  Unknown               Unknown  Unknown
forrtl: severe (174): SIGSEGV, segmentation fault occurred
Image              PC                Routine            Line        Source             
libpthread-2.31.s  000015551E5F2910  Unknown               Unknown  Unknown
mainApp            00000000004501C3  Unknown               Unknown  Unknown
mainApp            0000000000451190  Unknown               Unknown  Unknown
mainApp            0000000000450335  Unknown               Unknown  Unknown
libesmf.so         0000155524A0169C  f_esmf_compcollec         516  ESMF_Comp_C.F90
libesmf.so         00001555245A6442  finalize                 3515  ESMCI_VM.C
libesmf.so         0000155524570DA7  c_esmc_vmfinalize        1241  ESMCI_VM_F.C
libesmf.so         000015552562896B  c_esmc_vmfinalize           0  ESMF_VM.F90
libesmf.so         0000155525620532  esmf_vmfinalize          9474  ESMF_VM.F90
libesmf.so         00001555251371BA  esmf_finalize            1694  ESMF_Init.F90
mainApp            0000000000417EC9  mainapp                   102  mainApp.F90
mainApp            00000000004174BD  Unknown               Unknown  Unknown
libc-2.31.so       000015551E41A24D  __libc_start_main     Unknown  Unknown
mainApp            00000000004173EA  Unknown               Unknown  Unknown
forrtl: severe (174): SIGSEGV, segmentation fault occurred
Image              PC                Routine            Line        Source             
libpthread-2.31.s  0000148B23FF2910  Unknown               Unknown  Unknown
mainApp            00000000004501A7  Unknown               Unknown  Unknown
mainApp            0000000000451190  Unknown               Unknown  Unknown
mainApp            0000000000450335  Unknown               Unknown  Unknown
libesmf.so         0000148B2A46469C  f_esmf_compcollec         516  ESMF_Comp_C.F90
libesmf.so         0000148B2A009442  finalize                 3515  ESMCI_VM.C
libesmf.so         0000148B29FD3DA7  c_esmc_vmfinalize        1241  ESMCI_VM_F.C
libesmf.so         0000148B2B08B96B  c_esmc_vmfinalize           0  ESMF_VM.F90
libesmf.so         0000148B2B083532  esmf_vmfinalize          9474  ESMF_VM.F90
libesmf.so         0000148B2AB9A1BA  esmf_finalize            1694  ESMF_Init.F90
mainApp            0000000000417EC9  mainapp                   102  mainApp.F90
mainApp            00000000004174BD  Unknown               Unknown  Unknown
libc-2.31.so       0000148B23E1A24D  __libc_start_main     Unknown  Unknown
mainApp            00000000004173EA  Unknown               Unknown  Unknown
forrtl: severe (174): SIGSEGV, segmentation fault occurred
Image              PC                Routine            Line        Source             
libpthread-2.31.s  0000149BB53F2910  Unknown               Unknown  Unknown
mainApp            00000000004501E3  Unknown               Unknown  Unknown
mainApp            0000000000451190  Unknown               Unknown  Unknown
mainApp            0000000000450335  Unknown               Unknown  Unknown
libesmf.so         0000149BBB81469C  f_esmf_compcollec         516  ESMF_Comp_C.F90
libesmf.so         0000149BBB3B9442  finalize                 3515  ESMCI_VM.C
libesmf.so         0000149BBB383DA7  c_esmc_vmfinalize        1241  ESMCI_VM_F.C
libesmf.so         0000149BBC43B96B  c_esmc_vmfinalize           0  ESMF_VM.F90
libesmf.so         0000149BBC433532  esmf_vmfinalize          9474  ESMF_VM.F90
libesmf.so         0000149BBBF4A1BA  esmf_finalize            1694  ESMF_Init.F90
mainApp            0000000000417EC9  mainapp                   102  mainApp.F90
mainApp            00000000004174BD  Unknown               Unknown  Unknown
libc-2.31.so       0000149BB521A24D  __libc_start_main     Unknown  Unknown
mainApp            00000000004173EA  Unknown               Unknown  Unknown
srun: error: nid007035: tasks 0-3: Exited with exit code 174
srun: Terminating StepId=26595335.378
