2024-06-08 10:05:36
slurmstepd: error: couldn't chdir to `/tmp/intel_2023.1.0-oneAPI_mpi_g_develop/nuopc-app-prototypes/NamespaceProto': No such file or directory: going to /tmp instead
forrtl: severe (174): SIGSEGV, segmentation fault occurred
Image              PC                Routine            Line        Source             
libpthread-2.31.s  00001549DB7F2910  Unknown               Unknown  Unknown
mainApp            000000000044EF23  Unknown               Unknown  Unknown
mainApp            000000000044FEF0  Unknown               Unknown  Unknown
mainApp            000000000044F095  Unknown               Unknown  Unknown
libesmf.so         00001549E1C0869C  f_esmf_compcollec         516  ESMF_Comp_C.F90
libesmf.so         00001549E17AD442  finalize                 3515  ESMCI_VM.C
libesmf.so         00001549E1777DA7  c_esmc_vmfinalize        1241  ESMCI_VM_F.C
libesmf.so         00001549E282F96B  c_esmc_vmfinalize           0  ESMF_VM.F90
libesmf.so         00001549E2827532  esmf_vmfinalize          9474  ESMF_VM.F90
libesmf.so         00001549E233E1BA  esmf_finalize            1694  ESMF_Init.F90
mainApp            0000000000417BC9  mainapp                   102  mainApp.F90
mainApp            00000000004171BD  Unknown               Unknown  Unknown
libc-2.31.so       00001549DB61A24D  __libc_start_main     Unknown  Unknown
mainApp            00000000004170EA  Unknown               Unknown  Unknown
forrtl: severe (174): SIGSEGV, segmentation fault occurred
Image              PC                Routine            Line        Source             
libpthread-2.31.s  00001514879F2910  Unknown               Unknown  Unknown
mainApp            000000000044EF07  Unknown               Unknown  Unknown
mainApp            000000000044FEF0  Unknown               Unknown  Unknown
mainApp            000000000044F095  Unknown               Unknown  Unknown
libesmf.so         000015148DDEE69C  f_esmf_compcollec         516  ESMF_Comp_C.F90
libesmf.so         000015148D993442  finalize                 3515  ESMCI_VM.C
libesmf.so         000015148D95DDA7  c_esmc_vmfinalize        1241  ESMCI_VM_F.C
libesmf.so         000015148EA1596B  c_esmc_vmfinalize           0  ESMF_VM.F90
libesmf.so         000015148EA0D532  esmf_vmfinalize          9474  ESMF_VM.F90
libesmf.so         000015148E5241BA  esmf_finalize            1694  ESMF_Init.F90
mainApp            0000000000417BC9  mainapp                   102  mainApp.F90
mainApp            00000000004171BD  Unknown               Unknown  Unknown
libc-2.31.so       000015148781A24D  __libc_start_main     Unknown  Unknown
mainApp            00000000004170EA  Unknown               Unknown  Unknown
forrtl: severe (174): SIGSEGV, segmentation fault occurred
Image              PC                Routine            Line        Source             
libpthread-2.31.s  00001494AEFF2910  Unknown               Unknown  Unknown
mainApp            000000000044EF23  Unknown               Unknown  Unknown
mainApp            000000000044FEF0  Unknown               Unknown  Unknown
mainApp            000000000044F095  Unknown               Unknown  Unknown
libesmf.so         00001494B52D669C  f_esmf_compcollec         516  ESMF_Comp_C.F90
libesmf.so         00001494B4E7B442  finalize                 3515  ESMCI_VM.C
libesmf.so         00001494B4E45DA7  c_esmc_vmfinalize        1241  ESMCI_VM_F.C
libesmf.so         00001494B5EFD96B  c_esmc_vmfinalize           0  ESMF_VM.F90
libesmf.so         00001494B5EF5532  esmf_vmfinalize          9474  ESMF_VM.F90
libesmf.so         00001494B5A0C1BA  esmf_finalize            1694  ESMF_Init.F90
mainApp            0000000000417BC9  mainapp                   102  mainApp.F90
mainApp            00000000004171BD  Unknown               Unknown  Unknown
libc-2.31.so       00001494AEE1A24D  __libc_start_main     Unknown  Unknown
mainApp            00000000004170EA  Unknown               Unknown  Unknown
forrtl: severe (174): SIGSEGV, segmentation fault occurred
Image              PC                Routine            Line        Source             
libpthread-2.31.s  000014ED19FF2910  Unknown               Unknown  Unknown
mainApp            000000000044EF31  Unknown               Unknown  Unknown
mainApp            000000000044FEF0  Unknown               Unknown  Unknown
mainApp            000000000044F095  Unknown               Unknown  Unknown
libesmf.so         000014ED2049269C  f_esmf_compcollec         516  ESMF_Comp_C.F90
libesmf.so         000014ED20037442  finalize                 3515  ESMCI_VM.C
libesmf.so         000014ED20001DA7  c_esmc_vmfinalize        1241  ESMCI_VM_F.C
libesmf.so         000014ED210B996B  c_esmc_vmfinalize           0  ESMF_VM.F90
libesmf.so         000014ED210B1532  esmf_vmfinalize          9474  ESMF_VM.F90
libesmf.so         000014ED20BC81BA  esmf_finalize            1694  ESMF_Init.F90
mainApp            0000000000417BC9  mainapp                   102  mainApp.F90
mainApp            00000000004171BD  Unknown               Unknown  Unknown
libc-2.31.so       000014ED19E1A24D  __libc_start_main     Unknown  Unknown
mainApp            00000000004170EA  Unknown               Unknown  Unknown
srun: error: nid007035: tasks 0-3: Exited with exit code 174
srun: Terminating StepId=26595335.385
