2024-06-08 10:05:36
slurmstepd: error: couldn't chdir to `/tmp/intel_2023.1.0-oneAPI_mpi_g_develop/nuopc-app-prototypes/NestingTelescopeMultipleProto': No such file or directory: going to /tmp instead
 NUOPC_DriverPrint for PET:           0
   Model, Mediator, and Driver components, in the order
   that they were added to the Driver:
           1 :  advectDiff_Parent
           2 :  advectDiff_Gen1Nestling0
           3 :  advectDiff_Gen1Nestling1
           4 :  advectDiff_Gen2Nestling0
   Connector components, in the order
   that they were added to the Driver:
           1 :  advectDiff_Parent-TO-advectDiff_Gen1Nestling0
           2 :  advectDiff_Parent-TO-advectDiff_Gen1Nestling1
           3 :  advectDiff_Gen1Nestling0-TO-advectDiff_Gen2Nestling0
NUOPC_RunSequenceArrayPrint: element     1 out of      2
runSeq::
 runElementPrint:      1     2     1 F T
 runElementPrint:      1     3     1 F T
 runElementPrint:      1    -1     1 F T
 runElementPrint:     -2     0     0 F T
 runElementPrint:      3    -1     1 F T
 runElementPrint:     -1    -1     0 F F
::
NUOPC_RunSequenceArrayPrint: element     2 out of      2
runSeq::
 runElementPrint:      2     4     1 F T
 runElementPrint:      2    -1     1 F T
 runElementPrint:      4    -1     1 F T
 runElementPrint:     -2    -1     0 F F
::
 NUOPC_DriverPrint for PET:           1
   Model, Mediator, and Driver components, in the order
   that they were added to the Driver:
           1 :  advectDiff_Parent
           2 :  advectDiff_Gen1Nestling0
           3 :  advectDiff_Gen1Nestling1
           4 :  advectDiff_Gen2Nestling0
   Connector components, in the order
   that they were added to the Driver:
           1 :  advectDiff_Parent-TO-advectDiff_Gen1Nestling0
           2 :  advectDiff_Parent-TO-advectDiff_Gen1Nestling1
           3 :  advectDiff_Gen1Nestling0-TO-advectDiff_Gen2Nestling0
NUOPC_RunSequenceArrayPrint: element     1 out of      2
runSeq::
 runElementPrint:      1     2     1 F T
 runElementPrint:      1     3     1 F T
 runElementPrint:      1    -1     1 F T
 runElementPrint:     -2     0     0 F T
 runElementPrint:      3    -1     1 F T
 runElementPrint:     -1    -1     0 F F
::
NUOPC_RunSequenceArrayPrint: element     2 out of      2
runSeq::
 runElementPrint:      2     4     1 F T
 runElementPrint:      2    -1     1 F T
 runElementPrint:      4    -1     1 F T
 runElementPrint:     -2    -1     0 F F
::
 NUOPC_DriverPrint for PET:           2
   Model, Mediator, and Driver components, in the order
   that they were added to the Driver:
           1 :  advectDiff_Parent
           2 :  advectDiff_Gen1Nestling0
           3 :  advectDiff_Gen1Nestling1
           4 :  advectDiff_Gen2Nestling0
   Connector components, in the order
   that they were added to the Driver:
           1 :  advectDiff_Parent-TO-advectDiff_Gen1Nestling0
           2 :  advectDiff_Parent-TO-advectDiff_Gen1Nestling1
           3 :  advectDiff_Gen1Nestling0-TO-advectDiff_Gen2Nestling0
NUOPC_RunSequenceArrayPrint: element     1 out of      2
runSeq::
 runElementPrint:      1     2     1 F T
 runElementPrint:      1     3     1 F T
 runElementPrint:      1    -1     1 F T
 runElementPrint:     -2     0     0 F T
 runElementPrint:      3    -1     1 F T
 runElementPrint:     -1    -1     0 F F
::
NUOPC_RunSequenceArrayPrint: element     2 out of      2
runSeq::
 runElementPrint:      2     4     1 F T
 runElementPrint:      2    -1     1 F T
 runElementPrint:      4    -1     1 F T
 runElementPrint:     -2    -1     0 F F
::
 NUOPC_DriverPrint for PET:           3
   Model, Mediator, and Driver components, in the order
   that they were added to the Driver:
           1 :  advectDiff_Parent
           2 :  advectDiff_Gen1Nestling0
           3 :  advectDiff_Gen1Nestling1
           4 :  advectDiff_Gen2Nestling0
   Connector components, in the order
   that they were added to the Driver:
           1 :  advectDiff_Parent-TO-advectDiff_Gen1Nestling0
           2 :  advectDiff_Parent-TO-advectDiff_Gen1Nestling1
           3 :  advectDiff_Gen1Nestling0-TO-advectDiff_Gen2Nestling0
NUOPC_RunSequenceArrayPrint: element     1 out of      2
runSeq::
 runElementPrint:      1     2     1 F T
 runElementPrint:      1     3     1 F T
 runElementPrint:      1    -1     1 F T
 runElementPrint:     -2     0     0 F T
 runElementPrint:      3    -1     1 F T
 runElementPrint:     -1    -1     0 F F
::
NUOPC_RunSequenceArrayPrint: element     2 out of      2
runSeq::
 runElementPrint:      2     4     1 F T
 runElementPrint:      2    -1     1 F T
 runElementPrint:      4    -1     1 F T
 runElementPrint:     -2    -1     0 F F
::
forrtl: severe (174): SIGSEGV, segmentation fault occurred
Image              PC                Routine            Line        Source             
libpthread-2.31.s  000014BEFB7F2910  Unknown               Unknown  Unknown
mainApp            0000000000459EC3  Unknown               Unknown  Unknown
mainApp            000000000045AE90  Unknown               Unknown  Unknown
mainApp            000000000045A035  Unknown               Unknown  Unknown
libesmf.so         000014BF01B2F69C  f_esmf_compcollec         516  ESMF_Comp_C.F90
libesmf.so         000014BF016D4442  finalize                 3515  ESMCI_VM.C
libesmf.so         000014BF0169EDA7  c_esmc_vmfinalize        1241  ESMCI_VM_F.C
libesmf.so         000014BF0275696B  c_esmc_vmfinalize           0  ESMF_VM.F90
libesmf.so         000014BF0274E532  esmf_vmfinalize          9474  ESMF_VM.F90
libesmf.so         000014BF022651BA  esmf_finalize            1694  ESMF_Init.F90
mainApp            00000000004186F9  mainapp                   112  mainApp.F90
mainApp            0000000000417C3D  Unknown               Unknown  Unknown
libc-2.31.so       000014BEFB61A24D  __libc_start_main     Unknown  Unknown
mainApp            0000000000417B6A  Unknown               Unknown  Unknown
forrtl: severe (174): SIGSEGV, segmentation fault occurred
Image              PC                Routine            Line        Source             
libpthread-2.31.s  000014D8633F2910  Unknown               Unknown  Unknown
mainApp            0000000000459EC3  Unknown               Unknown  Unknown
mainApp            000000000045AE90  Unknown               Unknown  Unknown
mainApp            000000000045A035  Unknown               Unknown  Unknown
libesmf.so         000014D86985C69C  f_esmf_compcollec         516  ESMF_Comp_C.F90
libesmf.so         000014D869401442  finalize                 3515  ESMCI_VM.C
libesmf.so         000014D8693CBDA7  c_esmc_vmfinalize        1241  ESMCI_VM_F.C
libesmf.so         000014D86A48396B  c_esmc_vmfinalize           0  ESMF_VM.F90
libesmf.so         000014D86A47B532  esmf_vmfinalize          9474  ESMF_VM.F90
libesmf.so         000014D869F921BA  esmf_finalize            1694  ESMF_Init.F90
mainApp            00000000004186F9  mainapp                   112  mainApp.F90
mainApp            0000000000417C3D  Unknown               Unknown  Unknown
libc-2.31.so       000014D86321A24D  __libc_start_main     Unknown  Unknown
mainApp            0000000000417B6A  Unknown               Unknown  Unknown
forrtl: severe (174): SIGSEGV, segmentation fault occurred
Image              PC                Routine            Line        Source             
libpthread-2.31.s  000014FD6F9F2910  Unknown               Unknown  Unknown
mainApp            0000000000459EB9  Unknown               Unknown  Unknown
mainApp            000000000045AE90  Unknown               Unknown  Unknown
mainApp            000000000045A035  Unknown               Unknown  Unknown
libesmf.so         000014FD75D3369C  f_esmf_compcollec         516  ESMF_Comp_C.F90
libesmf.so         000014FD758D8442  finalize                 3515  ESMCI_VM.C
libesmf.so         000014FD758A2DA7  c_esmc_vmfinalize        1241  ESMCI_VM_F.C
libesmf.so         000014FD7695A96B  c_esmc_vmfinalize           0  ESMF_VM.F90
libesmf.so         000014FD76952532  esmf_vmfinalize          9474  ESMF_VM.F90
libesmf.so         000014FD764691BA  esmf_finalize            1694  ESMF_Init.F90
mainApp            00000000004186F9  mainapp                   112  mainApp.F90
mainApp            0000000000417C3D  Unknown               Unknown  Unknown
libc-2.31.so       000014FD6F81A24D  __libc_start_main     Unknown  Unknown
mainApp            0000000000417B6A  Unknown               Unknown  Unknown
forrtl: severe (174): SIGSEGV, segmentation fault occurred
Image              PC                Routine            Line        Source             
libpthread-2.31.s  00001521B7DF2910  Unknown               Unknown  Unknown
mainApp            0000000000459E90  Unknown               Unknown  Unknown
mainApp            000000000045AE90  Unknown               Unknown  Unknown
mainApp            000000000045A035  Unknown               Unknown  Unknown
libesmf.so         00001521BE21269C  f_esmf_compcollec         516  ESMF_Comp_C.F90
libesmf.so         00001521BDDB7442  finalize                 3515  ESMCI_VM.C
libesmf.so         00001521BDD81DA7  c_esmc_vmfinalize        1241  ESMCI_VM_F.C
libesmf.so         00001521BEE3996B  c_esmc_vmfinalize           0  ESMF_VM.F90
libesmf.so         00001521BEE31532  esmf_vmfinalize          9474  ESMF_VM.F90
libesmf.so         00001521BE9481BA  esmf_finalize            1694  ESMF_Init.F90
mainApp            00000000004186F9  mainapp                   112  mainApp.F90
mainApp            0000000000417C3D  Unknown               Unknown  Unknown
libc-2.31.so       00001521B7C1A24D  __libc_start_main     Unknown  Unknown
mainApp            0000000000417B6A  Unknown               Unknown  Unknown
srun: error: nid007035: tasks 0-3: Exited with exit code 174
srun: Terminating StepId=26595335.388
