2024-06-08 10:05:36
slurmstepd: error: couldn't chdir to `/tmp/intel_2023.1.0-oneAPI_mpi_g_develop/nuopc-app-prototypes/NestingSingleProto': No such file or directory: going to /tmp instead
forrtl: severe (174): SIGSEGV, segmentation fault occurred
Image              PC                Routine            Line        Source             
libpthread-2.31.s  000014FBD45F2910  Unknown               Unknown  Unknown
mainApp            0000000000454BA3  Unknown               Unknown  Unknown
mainApp            0000000000455B50  Unknown               Unknown  Unknown
mainApp            0000000000454CF5  Unknown               Unknown  Unknown
libesmf.so         000014FBDA8CC69C  f_esmf_compcollec         516  ESMF_Comp_C.F90
libesmf.so         000014FBDA471442  finalize                 3515  ESMCI_VM.C
libesmf.so         000014FBDA43BDA7  c_esmc_vmfinalize        1241  ESMCI_VM_F.C
libesmf.so         000014FBDB4F396B  c_esmc_vmfinalize           0  ESMF_VM.F90
libesmf.so         000014FBDB4EB532  esmf_vmfinalize          9474  ESMF_VM.F90
libesmf.so         000014FBDB0021BA  esmf_finalize            1694  ESMF_Init.F90
mainApp            00000000004185F9  mainapp                   112  mainApp.F90
mainApp            0000000000417B3D  Unknown               Unknown  Unknown
libc-2.31.so       000014FBD441A24D  __libc_start_main     Unknown  Unknown
mainApp            0000000000417A6A  Unknown               Unknown  Unknown
forrtl: severe (174): SIGSEGV, segmentation fault occurred
Image              PC                Routine            Line        Source             
libpthread-2.31.s  000014E8707F2910  Unknown               Unknown  Unknown
mainApp            0000000000454B83  Unknown               Unknown  Unknown
mainApp            0000000000455B50  Unknown               Unknown  Unknown
mainApp            0000000000454CF5  Unknown               Unknown  Unknown
libesmf.so         000014E876C6D69C  f_esmf_compcollec         516  ESMF_Comp_C.F90
libesmf.so         000014E876812442  finalize                 3515  ESMCI_VM.C
libesmf.so         000014E8767DCDA7  c_esmc_vmfinalize        1241  ESMCI_VM_F.C
libesmf.so         000014E87789496B  c_esmc_vmfinalize           0  ESMF_VM.F90
libesmf.so         000014E87788C532  esmf_vmfinalize          9474  ESMF_VM.F90
libesmf.so         000014E8773A31BA  esmf_finalize            1694  ESMF_Init.F90
mainApp            00000000004185F9  mainapp                   112  mainApp.F90
mainApp            0000000000417B3D  Unknown               Unknown  Unknown
libc-2.31.so       000014E87061A24D  __libc_start_main     Unknown  Unknown
mainApp            0000000000417A6A  Unknown               Unknown  Unknown
forrtl: severe (174): SIGSEGV, segmentation fault occurred
Image              PC                Routine            Line        Source             
libpthread-2.31.s  0000154D1C5F2910  Unknown               Unknown  Unknown
mainApp            0000000000454B79  Unknown               Unknown  Unknown
mainApp            0000000000455B50  Unknown               Unknown  Unknown
mainApp            0000000000454CF5  Unknown               Unknown  Unknown
libesmf.so         0000154D22A1269C  f_esmf_compcollec         516  ESMF_Comp_C.F90
libesmf.so         0000154D225B7442  finalize                 3515  ESMCI_VM.C
libesmf.so         0000154D22581DA7  c_esmc_vmfinalize        1241  ESMCI_VM_F.C
libesmf.so         0000154D2363996B  c_esmc_vmfinalize           0  ESMF_VM.F90
libesmf.so         0000154D23631532  esmf_vmfinalize          9474  ESMF_VM.F90
libesmf.so         0000154D231481BA  esmf_finalize            1694  ESMF_Init.F90
mainApp            00000000004185F9  mainapp                   112  mainApp.F90
mainApp            0000000000417B3D  Unknown               Unknown  Unknown
libc-2.31.so       0000154D1C41A24D  __libc_start_main     Unknown  Unknown
mainApp            0000000000417A6A  Unknown               Unknown  Unknown
forrtl: severe (174): SIGSEGV, segmentation fault occurred
Image              PC                Routine            Line        Source             
libpthread-2.31.s  000014C8903F2910  Unknown               Unknown  Unknown
mainApp            0000000000454BA3  Unknown               Unknown  Unknown
mainApp            0000000000455B50  Unknown               Unknown  Unknown
mainApp            0000000000454CF5  Unknown               Unknown  Unknown
libesmf.so         000014C89679169C  f_esmf_compcollec         516  ESMF_Comp_C.F90
libesmf.so         000014C896336442  finalize                 3515  ESMCI_VM.C
libesmf.so         000014C896300DA7  c_esmc_vmfinalize        1241  ESMCI_VM_F.C
libesmf.so         000014C8973B896B  c_esmc_vmfinalize           0  ESMF_VM.F90
libesmf.so         000014C8973B0532  esmf_vmfinalize          9474  ESMF_VM.F90
libesmf.so         000014C896EC71BA  esmf_finalize            1694  ESMF_Init.F90
mainApp            00000000004185F9  mainapp                   112  mainApp.F90
mainApp            0000000000417B3D  Unknown               Unknown  Unknown
libc-2.31.so       000014C89021A24D  __libc_start_main     Unknown  Unknown
mainApp            0000000000417A6A  Unknown               Unknown  Unknown
srun: error: nid007035: tasks 0-3: Exited with exit code 174
srun: Terminating StepId=26595335.387
