2024-06-08 10:05:36
slurmstepd: error: couldn't chdir to `/tmp/intel_2023.1.0-oneAPI_mpi_g_develop/nuopc-app-prototypes/NestingMultipleProto': No such file or directory: going to /tmp instead
forrtl: severe (174): SIGSEGV, segmentation fault occurred
Image              PC                Routine            Line        Source             
libpthread-2.31.s  000014DEB89F2910  Unknown               Unknown  Unknown
mainApp            0000000000456B92  Unknown               Unknown  Unknown
mainApp            0000000000457B90  Unknown               Unknown  Unknown
mainApp            0000000000456D35  Unknown               Unknown  Unknown
libesmf.so         000014DEBED6269C  f_esmf_compcollec         516  ESMF_Comp_C.F90
libesmf.so         000014DEBE907442  finalize                 3515  ESMCI_VM.C
libesmf.so         000014DEBE8D1DA7  c_esmc_vmfinalize        1241  ESMCI_VM_F.C
libesmf.so         000014DEBF98996B  c_esmc_vmfinalize           0  ESMF_VM.F90
libesmf.so         000014DEBF981532  esmf_vmfinalize          9474  ESMF_VM.F90
libesmf.so         000014DEBF4981BA  esmf_finalize            1694  ESMF_Init.F90
mainApp            00000000004185F9  mainapp                   112  mainApp.F90
mainApp            0000000000417B3D  Unknown               Unknown  Unknown
libc-2.31.so       000014DEB881A24D  __libc_start_main     Unknown  Unknown
mainApp            0000000000417A6A  Unknown               Unknown  Unknown
forrtl: severe (174): SIGSEGV, segmentation fault occurred
Image              PC                Routine            Line        Source             
libpthread-2.31.s  0000152A8E9F2910  Unknown               Unknown  Unknown
mainApp            0000000000456BA7  Unknown               Unknown  Unknown
mainApp            0000000000457B90  Unknown               Unknown  Unknown
mainApp            0000000000456D35  Unknown               Unknown  Unknown
libesmf.so         0000152A94D1469C  f_esmf_compcollec         516  ESMF_Comp_C.F90
libesmf.so         0000152A948B9442  finalize                 3515  ESMCI_VM.C
libesmf.so         0000152A94883DA7  c_esmc_vmfinalize        1241  ESMCI_VM_F.C
libesmf.so         0000152A9593B96B  c_esmc_vmfinalize           0  ESMF_VM.F90
libesmf.so         0000152A95933532  esmf_vmfinalize          9474  ESMF_VM.F90
libesmf.so         0000152A9544A1BA  esmf_finalize            1694  ESMF_Init.F90
mainApp            00000000004185F9  mainapp                   112  mainApp.F90
mainApp            0000000000417B3D  Unknown               Unknown  Unknown
libc-2.31.so       0000152A8E81A24D  __libc_start_main     Unknown  Unknown
mainApp            0000000000417A6A  Unknown               Unknown  Unknown
forrtl: severe (174): SIGSEGV, segmentation fault occurred
Image              PC                Routine            Line        Source             
libpthread-2.31.s  000014F6D9DF2910  Unknown               Unknown  Unknown
mainApp            0000000000456BE3  Unknown               Unknown  Unknown
mainApp            0000000000457B90  Unknown               Unknown  Unknown
mainApp            0000000000456D35  Unknown               Unknown  Unknown
libesmf.so         000014F6E01FC69C  f_esmf_compcollec         516  ESMF_Comp_C.F90
libesmf.so         000014F6DFDA1442  finalize                 3515  ESMCI_VM.C
libesmf.so         000014F6DFD6BDA7  c_esmc_vmfinalize        1241  ESMCI_VM_F.C
libesmf.so         000014F6E0E2396B  c_esmc_vmfinalize           0  ESMF_VM.F90
libesmf.so         000014F6E0E1B532  esmf_vmfinalize          9474  ESMF_VM.F90
libesmf.so         000014F6E09321BA  esmf_finalize            1694  ESMF_Init.F90
mainApp            00000000004185F9  mainapp                   112  mainApp.F90
mainApp            0000000000417B3D  Unknown               Unknown  Unknown
libc-2.31.so       000014F6D9C1A24D  __libc_start_main     Unknown  Unknown
mainApp            0000000000417A6A  Unknown               Unknown  Unknown
forrtl: severe (174): SIGSEGV, segmentation fault occurred
Image              PC                Routine            Line        Source             
libpthread-2.31.s  0000145AC8BF2910  Unknown               Unknown  Unknown
mainApp            0000000000456BE3  Unknown               Unknown  Unknown
mainApp            0000000000457B90  Unknown               Unknown  Unknown
mainApp            0000000000456D35  Unknown               Unknown  Unknown
libesmf.so         0000145ACEFA769C  f_esmf_compcollec         516  ESMF_Comp_C.F90
libesmf.so         0000145ACEB4C442  finalize                 3515  ESMCI_VM.C
libesmf.so         0000145ACEB16DA7  c_esmc_vmfinalize        1241  ESMCI_VM_F.C
libesmf.so         0000145ACFBCE96B  c_esmc_vmfinalize           0  ESMF_VM.F90
libesmf.so         0000145ACFBC6532  esmf_vmfinalize          9474  ESMF_VM.F90
libesmf.so         0000145ACF6DD1BA  esmf_finalize            1694  ESMF_Init.F90
mainApp            00000000004185F9  mainapp                   112  mainApp.F90
mainApp            0000000000417B3D  Unknown               Unknown  Unknown
libc-2.31.so       0000145AC8A1A24D  __libc_start_main     Unknown  Unknown
mainApp            0000000000417A6A  Unknown               Unknown  Unknown
srun: error: nid007035: tasks 0-3: Exited with exit code 174
srun: Terminating StepId=26595335.386
