2024-06-08 10:05:36
slurmstepd: error: couldn't chdir to `/tmp/intel_2023.1.0-oneAPI_mpi_g_develop/nuopc-app-prototypes/SingleModelOpenMPUnawareProto': No such file or directory: going to /tmp instead
forrtl: severe (174): SIGSEGV, segmentation fault occurred
Image              PC                Routine            Line        Source             
libpthread-2.31.s  000015330A7F2910  Unknown               Unknown  Unknown
mainApp            000000000044D772  Unknown               Unknown  Unknown
mainApp            000000000044E770  Unknown               Unknown  Unknown
mainApp            000000000044D915  Unknown               Unknown  Unknown
libesmf.so         0000153310E6F69C  f_esmf_compcollec         516  ESMF_Comp_C.F90
libesmf.so         0000153310A14442  finalize                 3515  ESMCI_VM.C
libesmf.so         00001533109DEDA7  c_esmc_vmfinalize        1241  ESMCI_VM_F.C
libesmf.so         0000153311A9696B  c_esmc_vmfinalize           0  ESMF_VM.F90
libesmf.so         0000153311A8E532  esmf_vmfinalize          9474  ESMF_VM.F90
libesmf.so         00001533115A51BA  esmf_finalize            1694  ESMF_Init.F90
mainApp            000000000041817E  mainapp                   118  mainApp.F90
mainApp            00000000004176BD  Unknown               Unknown  Unknown
libc-2.31.so       000015330A61A24D  __libc_start_main     Unknown  Unknown
mainApp            00000000004175EA  Unknown               Unknown  Unknown
forrtl: severe (174): SIGSEGV, segmentation fault occurred
Image              PC                Routine            Line        Source             
libpthread-2.31.s  0000146E773F2910  Unknown               Unknown  Unknown
mainApp            000000000044D770  Unknown               Unknown  Unknown
mainApp            000000000044E770  Unknown               Unknown  Unknown
mainApp            000000000044D915  Unknown               Unknown  Unknown
libesmf.so         0000146E7DAC069C  f_esmf_compcollec         516  ESMF_Comp_C.F90
libesmf.so         0000146E7D665442  finalize                 3515  ESMCI_VM.C
libesmf.so         0000146E7D62FDA7  c_esmc_vmfinalize        1241  ESMCI_VM_F.C
libesmf.so         0000146E7E6E796B  c_esmc_vmfinalize           0  ESMF_VM.F90
libesmf.so         0000146E7E6DF532  esmf_vmfinalize          9474  ESMF_VM.F90
libesmf.so         0000146E7E1F61BA  esmf_finalize            1694  ESMF_Init.F90
mainApp            000000000041817E  mainapp                   118  mainApp.F90
mainApp            00000000004176BD  Unknown               Unknown  Unknown
libc-2.31.so       0000146E7721A24D  __libc_start_main     Unknown  Unknown
mainApp            00000000004175EA  Unknown               Unknown  Unknown
forrtl: severe (174): SIGSEGV, segmentation fault occurred
Image              PC                Routine            Line        Source             
libpthread-2.31.s  00001528899F2910  Unknown               Unknown  Unknown
mainApp            000000000044D7A3  Unknown               Unknown  Unknown
mainApp            000000000044E770  Unknown               Unknown  Unknown
mainApp            000000000044D915  Unknown               Unknown  Unknown
libesmf.so         000015289013069C  f_esmf_compcollec         516  ESMF_Comp_C.F90
libesmf.so         000015288FCD5442  finalize                 3515  ESMCI_VM.C
libesmf.so         000015288FC9FDA7  c_esmc_vmfinalize        1241  ESMCI_VM_F.C
libesmf.so         0000152890D5796B  c_esmc_vmfinalize           0  ESMF_VM.F90
libesmf.so         0000152890D4F532  esmf_vmfinalize          9474  ESMF_VM.F90
libesmf.so         00001528908661BA  esmf_finalize            1694  ESMF_Init.F90
mainApp            000000000041817E  mainapp                   118  mainApp.F90
mainApp            00000000004176BD  Unknown               Unknown  Unknown
libc-2.31.so       000015288981A24D  __libc_start_main     Unknown  Unknown
mainApp            00000000004175EA  Unknown               Unknown  Unknown
forrtl: severe (174): SIGSEGV, segmentation fault occurred
Image              PC                Routine            Line        Source             
libpthread-2.31.s  000014CB4D3F2910  Unknown               Unknown  Unknown
mainApp            000000000044D787  Unknown               Unknown  Unknown
mainApp            000000000044E770  Unknown               Unknown  Unknown
mainApp            000000000044D915  Unknown               Unknown  Unknown
libesmf.so         000014CB53B8D69C  f_esmf_compcollec         516  ESMF_Comp_C.F90
libesmf.so         000014CB53732442  finalize                 3515  ESMCI_VM.C
libesmf.so         000014CB536FCDA7  c_esmc_vmfinalize        1241  ESMCI_VM_F.C
libesmf.so         000014CB547B496B  c_esmc_vmfinalize           0  ESMF_VM.F90
libesmf.so         000014CB547AC532  esmf_vmfinalize          9474  ESMF_VM.F90
libesmf.so         000014CB542C31BA  esmf_finalize            1694  ESMF_Init.F90
mainApp            000000000041817E  mainapp                   118  mainApp.F90
mainApp            00000000004176BD  Unknown               Unknown  Unknown
libc-2.31.so       000014CB4D21A24D  __libc_start_main     Unknown  Unknown
mainApp            00000000004175EA  Unknown               Unknown  Unknown
srun: error: nid007035: tasks 0-3: Exited with exit code 174
srun: Terminating StepId=26595335.391
