2024-06-08 10:05:36
slurmstepd: error: couldn't chdir to `/tmp/intel_2023.1.0-oneAPI_mpi_g_develop/nuopc-app-prototypes/SingleModelProto': No such file or directory: going to /tmp instead
forrtl: severe (174): SIGSEGV, segmentation fault occurred
Image              PC                Routine            Line        Source             
libpthread-2.31.s  000014EBB37F2910  Unknown               Unknown  Unknown
mainApp            000000000044BC30  Unknown               Unknown  Unknown
mainApp            000000000044CBD0  Unknown               Unknown  Unknown
mainApp            000000000044BD75  Unknown               Unknown  Unknown
libesmf.so         000014EBB9C3769C  f_esmf_compcollec         516  ESMF_Comp_C.F90
libesmf.so         000014EBB97DC442  finalize                 3515  ESMCI_VM.C
libesmf.so         000014EBB97A6DA7  c_esmc_vmfinalize        1241  ESMCI_VM_F.C
libesmf.so         000014EBBA85E96B  c_esmc_vmfinalize           0  ESMF_VM.F90
libesmf.so         000014EBBA856532  esmf_vmfinalize          9474  ESMF_VM.F90
libesmf.so         000014EBBA36D1BA  esmf_finalize            1694  ESMF_Init.F90
mainApp            0000000000417909  mainapp                   102  mainApp.F90
mainApp            0000000000416EFD  Unknown               Unknown  Unknown
libc-2.31.so       000014EBB361A24D  __libc_start_main     Unknown  Unknown
mainApp            0000000000416E2A  Unknown               Unknown  Unknown
forrtl: severe (174): SIGSEGV, segmentation fault occurred
Image              PC                Routine            Line        Source             
libpthread-2.31.s  000015274D9F2910  Unknown               Unknown  Unknown
mainApp            000000000044BC11  Unknown               Unknown  Unknown
mainApp            000000000044CBD0  Unknown               Unknown  Unknown
mainApp            000000000044BD75  Unknown               Unknown  Unknown
libesmf.so         0000152753E0969C  f_esmf_compcollec         516  ESMF_Comp_C.F90
libesmf.so         00001527539AE442  finalize                 3515  ESMCI_VM.C
libesmf.so         0000152753978DA7  c_esmc_vmfinalize        1241  ESMCI_VM_F.C
libesmf.so         0000152754A3096B  c_esmc_vmfinalize           0  ESMF_VM.F90
libesmf.so         0000152754A28532  esmf_vmfinalize          9474  ESMF_VM.F90
libesmf.so         000015275453F1BA  esmf_finalize            1694  ESMF_Init.F90
mainApp            0000000000417909  mainapp                   102  mainApp.F90
mainApp            0000000000416EFD  Unknown               Unknown  Unknown
libc-2.31.so       000015274D81A24D  __libc_start_main     Unknown  Unknown
mainApp            0000000000416E2A  Unknown               Unknown  Unknown
forrtl: severe (174): SIGSEGV, segmentation fault occurred
Image              PC                Routine            Line        Source             
libpthread-2.31.s  000014FE3FBF2910  Unknown               Unknown  Unknown
mainApp            000000000044BC03  Unknown               Unknown  Unknown
mainApp            000000000044CBD0  Unknown               Unknown  Unknown
mainApp            000000000044BD75  Unknown               Unknown  Unknown
libesmf.so         000014FE460A469C  f_esmf_compcollec         516  ESMF_Comp_C.F90
libesmf.so         000014FE45C49442  finalize                 3515  ESMCI_VM.C
libesmf.so         000014FE45C13DA7  c_esmc_vmfinalize        1241  ESMCI_VM_F.C
libesmf.so         000014FE46CCB96B  c_esmc_vmfinalize           0  ESMF_VM.F90
libesmf.so         000014FE46CC3532  esmf_vmfinalize          9474  ESMF_VM.F90
libesmf.so         000014FE467DA1BA  esmf_finalize            1694  ESMF_Init.F90
mainApp            0000000000417909  mainapp                   102  mainApp.F90
mainApp            0000000000416EFD  Unknown               Unknown  Unknown
libc-2.31.so       000014FE3FA1A24D  __libc_start_main     Unknown  Unknown
mainApp            0000000000416E2A  Unknown               Unknown  Unknown
forrtl: severe (174): SIGSEGV, segmentation fault occurred
Image              PC                Routine            Line        Source             
libpthread-2.31.s  000014948F7F2910  Unknown               Unknown  Unknown
mainApp            000000000044BC23  Unknown               Unknown  Unknown
mainApp            000000000044CBD0  Unknown               Unknown  Unknown
mainApp            000000000044BD75  Unknown               Unknown  Unknown
libesmf.so         0000149495BA169C  f_esmf_compcollec         516  ESMF_Comp_C.F90
libesmf.so         0000149495746442  finalize                 3515  ESMCI_VM.C
libesmf.so         0000149495710DA7  c_esmc_vmfinalize        1241  ESMCI_VM_F.C
libesmf.so         00001494967C896B  c_esmc_vmfinalize           0  ESMF_VM.F90
libesmf.so         00001494967C0532  esmf_vmfinalize          9474  ESMF_VM.F90
libesmf.so         00001494962D71BA  esmf_finalize            1694  ESMF_Init.F90
mainApp            0000000000417909  mainapp                   102  mainApp.F90
mainApp            0000000000416EFD  Unknown               Unknown  Unknown
libc-2.31.so       000014948F61A24D  __libc_start_main     Unknown  Unknown
mainApp            0000000000416E2A  Unknown               Unknown  Unknown
srun: error: nid007035: tasks 0-3: Exited with exit code 174
srun: Terminating StepId=26595335.389
