2024-06-08 10:05:36
slurmstepd: error: couldn't chdir to `/tmp/intel_2023.1.0-oneAPI_mpi_g_develop/nuopc-app-prototypes/SingleModelOpenMPProto': No such file or directory: going to /tmp instead
forrtl: severe (174): SIGSEGV, segmentation fault occurred
Image              PC                Routine            Line        Source             
libpthread-2.31.s  000014A761BF2910  Unknown               Unknown  Unknown
mainApp            000000000044DAC3  Unknown               Unknown  Unknown
mainApp            000000000044EA90  Unknown               Unknown  Unknown
mainApp            000000000044DC35  Unknown               Unknown  Unknown
libesmf.so         000014A7682AF69C  f_esmf_compcollec         516  ESMF_Comp_C.F90
libesmf.so         000014A767E54442  finalize                 3515  ESMCI_VM.C
libesmf.so         000014A767E1EDA7  c_esmc_vmfinalize        1241  ESMCI_VM_F.C
libesmf.so         000014A768ED696B  c_esmc_vmfinalize           0  ESMF_VM.F90
libesmf.so         000014A768ECE532  esmf_vmfinalize          9474  ESMF_VM.F90
libesmf.so         000014A7689E51BA  esmf_finalize            1694  ESMF_Init.F90
mainApp            00000000004182FE  mainapp                   118  mainApp.F90
mainApp            000000000041783D  Unknown               Unknown  Unknown
libc-2.31.so       000014A761A1A24D  __libc_start_main     Unknown  Unknown
mainApp            000000000041776A  Unknown               Unknown  Unknown
forrtl: severe (174): SIGSEGV, segmentation fault occurred
Image              PC                Routine            Line        Source             
libpthread-2.31.s  00001455DADF2910  Unknown               Unknown  Unknown
mainApp            000000000044DA92  Unknown               Unknown  Unknown
mainApp            000000000044EA90  Unknown               Unknown  Unknown
mainApp            000000000044DC35  Unknown               Unknown  Unknown
libesmf.so         00001455E13FC69C  f_esmf_compcollec         516  ESMF_Comp_C.F90
libesmf.so         00001455E0FA1442  finalize                 3515  ESMCI_VM.C
libesmf.so         00001455E0F6BDA7  c_esmc_vmfinalize        1241  ESMCI_VM_F.C
libesmf.so         00001455E202396B  c_esmc_vmfinalize           0  ESMF_VM.F90
libesmf.so         00001455E201B532  esmf_vmfinalize          9474  ESMF_VM.F90
libesmf.so         00001455E1B321BA  esmf_finalize            1694  ESMF_Init.F90
mainApp            00000000004182FE  mainapp                   118  mainApp.F90
mainApp            000000000041783D  Unknown               Unknown  Unknown
libc-2.31.so       00001455DAC1A24D  __libc_start_main     Unknown  Unknown
mainApp            000000000041776A  Unknown               Unknown  Unknown
forrtl: severe (174): SIGSEGV, segmentation fault occurred
Image              PC                Routine            Line        Source             
libpthread-2.31.s  000014B782FF2910  Unknown               Unknown  Unknown
mainApp            000000000044DAA7  Unknown               Unknown  Unknown
mainApp            000000000044EA90  Unknown               Unknown  Unknown
mainApp            000000000044DC35  Unknown               Unknown  Unknown
libesmf.so         000014B78963869C  f_esmf_compcollec         516  ESMF_Comp_C.F90
libesmf.so         000014B7891DD442  finalize                 3515  ESMCI_VM.C
libesmf.so         000014B7891A7DA7  c_esmc_vmfinalize        1241  ESMCI_VM_F.C
libesmf.so         000014B78A25F96B  c_esmc_vmfinalize           0  ESMF_VM.F90
libesmf.so         000014B78A257532  esmf_vmfinalize          9474  ESMF_VM.F90
libesmf.so         000014B789D6E1BA  esmf_finalize            1694  ESMF_Init.F90
mainApp            00000000004182FE  mainapp                   118  mainApp.F90
mainApp            000000000041783D  Unknown               Unknown  Unknown
libc-2.31.so       000014B782E1A24D  __libc_start_main     Unknown  Unknown
mainApp            000000000041776A  Unknown               Unknown  Unknown
srun: error: nid007035: tasks 0-2: Exited with exit code 174
srun: Terminating StepId=26595335.390
slurmstepd: error: *** STEP 26595335.390 ON nid007035 CANCELLED AT 2024-06-08T18:06:35 ***
forrtl: error (78): process killed (SIGTERM)
Image              PC                Routine            Line        Source             
libpthread-2.31.s  000014FAC25F2910  Unknown               Unknown  Unknown
libc-2.31.so       000014FAC24E1AF7  __sched_yield         Unknown  Unknown
libmpi_intel.so.1  000014FAC4901ADE  Unknown               Unknown  Unknown
libmpi_intel.so.1  000014FAC569DA16  Unknown               Unknown  Unknown
libmpi_intel.so.1  000014FAC56B0169  Unknown               Unknown  Unknown
libmpi_intel.so.1  000014FAC55BFC82  Unknown               Unknown  Unknown
libmpi_intel.so.1  000014FAC3C91011  Unknown               Unknown  Unknown
libmpi_intel.so.1  000014FAC3C91138  Unknown               Unknown  Unknown
libmpi_intel.so.1  000014FAC589E4CB  Unknown               Unknown  Unknown
libmpi_intel.so.1  000014FAC3C91200  Unknown               Unknown  Unknown
libmpi_intel.so.1  000014FAC58949D2  Unknown               Unknown  Unknown
libmpi_intel.so.1  000014FAC56E0E15  Unknown               Unknown  Unknown
libmpi_intel.so.1  000014FAC5A27EDF  Unknown               Unknown  Unknown
libmpi_intel.so.1  000014FAC41335BC  MPI_Finalize          Unknown  Unknown
libesmf.so         000014FAC87A5EBC  finalize                  816  ESMCI_VMKernel.C
libesmf.so         000014FAC87D35BE  finalize                 3592  ESMCI_VM.C
libesmf.so         000014FAC879DDA7  c_esmc_vmfinalize        1241  ESMCI_VM_F.C
libesmf.so         000014FAC985596B  c_esmc_vmfinalize           0  ESMF_VM.F90
libesmf.so         000014FAC984D532  esmf_vmfinalize          9474  ESMF_VM.F90
libesmf.so         000014FAC93641BA  esmf_finalize            1694  ESMF_Init.F90
mainApp            00000000004182FE  mainapp                   118  mainApp.F90
mainApp            000000000041783D  Unknown               Unknown  Unknown
libc-2.31.so       000014FAC241A24D  __libc_start_main     Unknown  Unknown
mainApp            000000000041776A  Unknown               Unknown  Unknown
srun: error: nid007035: task 3: Exited with exit code 1
