2024-07-26 01:42:27
20240726 020935.724 INFO             PET0 !!!!!!!!!!!!!!!!!!!!!!!!!!!!!!!!!!!!!!!!!!!!!!!!!!!!!!
20240726 020935.724 INFO             PET0 !!! THE ESMF_LOG IS SET TO OUTPUT ALL LOG MESSAGES !!!
20240726 020935.724 INFO             PET0 !!!     THIS MAY CAUSE SLOWDOWN IN PERFORMANCE     !!!
20240726 020935.724 INFO             PET0 !!! FOR PRODUCTION RUNS, USE:                      !!!
20240726 020935.724 INFO             PET0 !!!                   ESMF_LOGKIND_Multi_On_Error  !!!
20240726 020935.724 INFO             PET0 !!!!!!!!!!!!!!!!!!!!!!!!!!!!!!!!!!!!!!!!!!!!!!!!!!!!!!
20240726 020935.724 INFO             PET0 Running with ESMF Version   : v8.7.0b09-27-geb8bb37dac
20240726 020935.724 INFO             PET0 ESMF library build date/time: "Jul 26 2024" "01:40:28"
20240726 020935.724 INFO             PET0 ESMF library build location : /glade/derecho/scratch/sacks/esmf-testing/intel_2023.2.1_mpiuni_O_feature_hconfig-extras/esmf
20240726 020935.724 INFO             PET0 ESMF_COMM                   : mpiuni
20240726 020935.725 INFO             PET0 ESMF_MOAB                   : enabled
20240726 020935.725 INFO             PET0 ESMF_LAPACK                 : enabled
20240726 020935.725 INFO             PET0 ESMF_NETCDF                 : enabled
20240726 020935.725 INFO             PET0 ESMF_PNETCDF                : disabled
20240726 020935.725 INFO             PET0 ESMF_PIO                    : enabled
20240726 020935.725 INFO             PET0 ESMF_YAMLCPP                : enabled
20240726 020935.727 INFO             PET0 ESMF_FieldRedistStoreNF(): Just entered routine.
20240726 020935.802 INFO             PET0 ESMF_FieldRedistStoreNF(): Leaving routine.
20240726 020935.808 INFO             PET0  NUMBER_OF_PROCESSORS           1
20240726 020935.809 INFO             PET0  PASS  Example ESMF_RHandleFromFileEx, ESMF_RHandleFromFileEx.F90, line 192
20240726 020935.809 INFO             PET0  Finalizing ESMF
