2024-08-03 01:47:36
20240803 021014.708 INFO             PET0 !!!!!!!!!!!!!!!!!!!!!!!!!!!!!!!!!!!!!!!!!!!!!!!!!!!!!!
20240803 021014.708 INFO             PET0 !!! THE ESMF_LOG IS SET TO OUTPUT ALL LOG MESSAGES !!!
20240803 021014.708 INFO             PET0 !!!     THIS MAY CAUSE SLOWDOWN IN PERFORMANCE     !!!
20240803 021014.708 INFO             PET0 !!! FOR PRODUCTION RUNS, USE:                      !!!
20240803 021014.708 INFO             PET0 !!!                   ESMF_LOGKIND_Multi_On_Error  !!!
20240803 021014.708 INFO             PET0 !!!!!!!!!!!!!!!!!!!!!!!!!!!!!!!!!!!!!!!!!!!!!!!!!!!!!!
20240803 021014.708 INFO             PET0 Running with ESMF Version   : v8.7.0b10-45-g7b36ed9d21
20240803 021014.708 INFO             PET0 ESMF library build date/time: "Aug  3 2024" "01:44:41"
20240803 021014.708 INFO             PET0 ESMF library build location : /scratch/cluster/theurich/ESMF-Nightly-Testing/gfortran_9.3.0_mpiuni_O_develop/esmf
20240803 021014.708 INFO             PET0 ESMF_COMM                   : mpiuni
20240803 021014.708 INFO             PET0 ESMF_MOAB                   : enabled
20240803 021014.708 INFO             PET0 ESMF_LAPACK                 : enabled
20240803 021014.708 INFO             PET0 ESMF_NETCDF                 : enabled
20240803 021014.708 INFO             PET0 ESMF_PNETCDF                : disabled
20240803 021014.708 INFO             PET0 ESMF_PIO                    : enabled
20240803 021014.708 INFO             PET0 ESMF_YAMLCPP                : enabled
20240803 021014.708 INFO             PET0 ESMF Tracing Enabled
20240803 021014.708 INFO             PET0 ESMF Profiling Enabled
20240803 021014.709 INFO             PET0 ESMF Trace/Profile clock: REALTIME
20240803 021014.716 INFO             PET0  NUMBER_OF_PROCESSORS           1
20240803 021014.716 INFO             PET0  PASS  Example ESMF_TraceUserEx, ESMF_TraceUserEx.F90, line 125
20240803 021014.716 INFO             PET0  Finalizing ESMF
20240803 021014.716 INFO             PET0 **************** Region Timings *******************
20240803 021014.716 INFO             PET0 Region                Count  Total (s)   Self (s)    Mean (s)    Min (s)     Max (s)
20240803 021014.716 INFO             PET0   [ESMF]              1      0.0003      0.0002      0.0003      0.0003      0.0003
20240803 021014.716 INFO             PET0     outer_region      1      0.0001      0.0000      0.0001      0.0001      0.0001
20240803 021014.716 INFO             PET0       inner_region_1  10     0.0001      0.0001      0.0000      0.0000      0.0000
20240803 021014.716 INFO             PET0       inner_region_2  10     0.0000      0.0000      0.0000      0.0000      0.0000
