2024-07-19 01:24:49
--- ESMCI::Array::print start ---
--- ESMCI::Array::print start ---
 Base name    = Array002
 Status: Base = Ready, --- ESMCI::Array::print start ---
 Base name    = Array002
 Status: Base = Ready,  object = Ready
 Proxy        = no
 Root Info (Attributes):
--- ESMCI::Array::print start ---
 Base name    = Array002
 Status: Base = Ready,  object = Ready
 Proxy        = no
 Root Info (Attributes):
 Base name    =  object = Ready
 Proxy        = Array002no
 Root Info (Attributes):

 Status: Base = Ready,  object = Ready{}
 Proxy        = Array typekind/rank: Real*8 / 2 
~ lower class' values ~
DistGrid dimCount = 2
deCount = 4
localDeCount = 1
~ local data in LocalArray for DE 0 ~
LocalArrayPrint: Array at address 0x1a58480:
{}Array typekind/rank: Real*8 / 2 
~ lower class' values ~
DistGrid dimCount = 2
deCount = 4
localDeCount = 1
~ local data in LocalArray for DE 2 ~
no
 Root Info (Attributes):
{}Array typekind/rank: Real*8 / 2 
~ lower class' values ~
DistGrid dimCount = 2
deCount = 4
localDeCount = 1
~ local data in LocalArray for DE 1 ~
LocalArrayPrint: Array at address 0x11533f0:
            rank = 2, typekind = 6, base_addr = 0x7f64f487ffe0
            dim[0] = 2  dim[1] = 2  LocalArrayPrint: Array at address 0x2025370:
            rank = 2, typekind = 6, base_addr = 0x7f30f4737fe0
            dim[0] = 2  dim[1] = 2  
  Real, *8, Dim 2, Data values:

  Real, *8, Dim 2, Data values:
            rank = 2, typekind = 6, base_addr = 0x7f2ae1bf3fe0
            dim[0] = 2  dim[1] = 2  
  Real, *8, Dim 2, Data values:
( 1, 1) =  100
( 1, 1) =  101
( 2, 1) =  101
( 1, 2) =  101
( 2, 2) =  101
dim 1: [0]: [1 [1 [1, 2] 2] 2]
dim 2: [1]: [1 [1 [1, 2] 2] 2]
--- ESMCI::Array::print end ---
--- ESMCI::Array::print start ---
 Base name    = Array003
 Status: Base = Ready,  object = Ready
 Proxy        = no
 Root Info (Attributes):
{}Array typekind/rank: Real*8 / 2 
~ lower class' values ~
DistGrid dimCount = 2
deCount = 4
localDeCount = 1
~ local data in LocalArray for DE 1 ~
LocalArrayPrint: Array at address 0x118cc10:
            rank = 2, typekind = 6, base_addr = 0x7f64f487ffc0
            dim[0] = 2  ( 1, 1) =  102
( 2, 1) =  100
( 1, 2) =  100
( 2, 2) =  100
dim 1: [0]: [1 [1 [1, 2] 2] 2]
dim 2: [1]: [1 [1 [1, 2] 2] 2]
--- ESMCI::Array::print end ---
--- ESMCI::Array::print start ---
 Base name    = Array003
 Status: Base = Ready,  object = Ready
 Proxy        = no
 Root Info (Attributes):
{}Array typekind/rank: Real*8 / 2 
~ lower class' values ~
DistGrid dimCount = 2
deCount = 4
localDeCount = 1
~ local data in LocalArray for DE 0 ~
LocalArrayPrint: Array at address 0x1a91880:
            rank = 2, typekind = 6, base_addr = 0x7f2ae1bf3fc0
            dim[0] = 2  dim[1] = 2  
  Real, *8, Dim 2, Data values:
dim[1] = 2  
  Real, *8, Dim 2, Data values:
( 1, 1) =  201
( 2, 1) =  201
( 1, 2) =  201
( 2, 2) =  201
dim 1: [0]: [1 [1 [1, 2] 2] 2]
dim 2: [1]: [1 [1 [1, 2] 2] 2]
--- ESMCI::Array::print end ---
--- ESMCI::Array::print start ---
 Base name    = Array004
 Status: Base = Ready,  object = Ready
 Proxy        = no
 Root Info (Attributes):
{}Array typekind/rank: Real*8 / 2 
~ lower class' values ~
DistGrid dimCount = 2
deCount = 4
localDeCount = 1
~ local data in LocalArray for DE 1 ~
LocalArrayPrint: Array at address 0x118d790:
            rank = 2, typekind = 6, base_addr = 0x7f64f4883f80
( 1, 1) =  200
( 2, 1) =  200
( 1, 2) =  200
( 2, 2) =  200
dim 1: [0]: [1 [1 [1, 2] 2] 2]
dim 2: [1]: [1 [1 [1, 2] 2] 2]
--- ESMCI::Array::print end ---
--- ESMCI::Array::print start ---
 Base name    = Array004
 Status: Base = Ready,  object = Ready
 Proxy        = no
 Root Info (Attributes):
            dim[0] = 4  dim[1] = 4  
  Real, *8, Dim 2, Data values:
( 0, 0) =  301
( 1, 0) =  301
( 2, 0) =  301
( 3, 0) =  301
( 0, 1) =  300
( 1, 1) =  301
( 2, 1) =  301
( 3, 1) =  301
( 0, 2) =  300
( 1, 2) =  301
( 2, 2) =  301
( 3, 2) =  301
( 0, 3) =  302
{}Array typekind/rank: Real*8 / 2 
~ lower class' values ~
DistGrid dimCount = 2
deCount = 4
localDeCount = 1
~ local data in LocalArray for DE 3 ~
LocalArrayPrint: Array at address 0xdd7680:
            rank = 2, typekind = 6, base_addr = 0x7f09562cffe0
            dim[0] = 2  dim[1] = 2  
  Real, *8, Dim 2, Data values:
( 1, 1) =  103
( 2, 1) =  103
( 1, 2) =  103
{}Array typekind/rank: Real*8 / 2 
~ lower class' values ~
DistGrid dimCount = 2
deCount = 4
localDeCount = 1
~ local data in LocalArray for DE 0 ~
LocalArrayPrint: Array at address 0x1a92400:
            rank = 2, typekind = 6, base_addr = 0x7f2ae1bf7f80
            dim[0] = 4  dim[1] = 4  
  Real, *8, Dim 2, Data values:
( 0, 0) =  300
( 1, 0) =  300
( 2, 0) =  300
( 3, 0) =  300
( 0, 1) =  300
( 1, 1) =  300
( 2, 1) =  300
( 3, 1) =  301
( 0, 2) =  300
( 1, 2) =  300
( 2, 2) =  300
( 3, 2) =  301
( 0, 3) =  300
( 1, 3) =  302
( 2, 3) =  302
( 3, 3) =  303
( 1, 3) =  303
( 2, 3) =  303
( 3, 3) =  301
dim 1: [0]: [0 [1 [1, 2] 2] 3]
dim 2: [1]: [0 [1 [1, 2] 2] 3]
--- ESMCI::Array::print end ---
--- ESMCI::Array::print start ---
 Base name    = Array005
 Status: Base = Ready,  object = Ready
 Proxy        = no
 Root Info (Attributes):
{}Array typekind/rank: Real*8 / 2 
~ lower class' values ~
DistGrid dimCount = 2
deCount = 4
localDeCount = 1
~ local data in LocalArray for DE 1 ~
LocalArrayPrint: Array at address 0x118e4c0:
            rank = 2, typekind = 6, base_addr = 0x7f64f4883f00
            dim[0] = 4  dim[1] = 4  
  Real, *8, Dim 2, Data values:
( 2, 2) =  103
dim 1: [0]: [1 [1 [1, 2] 2] 2]
dim 2: [1]: [1 [1 [1, 2] 2] 2]
--- ESMCI::Array::print end ---
--- ESMCI::Array::print start ---
 Base name    = Array003
 Status: Base = Ready,  object = Ready
 Proxy        = no
 Root Info (Attributes):
{}Array typekind/rank: Real*8 / 2 
~ lower class' values ~
DistGrid dimCount = 2
dim 1: [0]: [0 [1 [1, 2] 2] 3]
dim 2: [1]: [0 [1 [1, 2] 2] 3]
--- ESMCI::Array::print end ---
--- ESMCI::Array::print start ---
 Base name    = Array005
 Status: Base = Ready,  object = Ready
 Proxy        = no
 Root Info (Attributes):
{}Array typekind/rank: Real*8 / 2 
~ lower class' values ~
DistGrid dimCount = 2
deCount = 4
localDeCount = 1
~ local data in LocalArray for DE 0 ~
LocalArrayPrint: Array at address 0x1a93110:
            rank = 2, typekind = 6, base_addr = 0x7f2ae1bf7f00
            dim[0] = 4  dim[1] = 4  
  Real, *8, Dim 2, Data values:
( 0, 0) =  401
( 1, 0) =  401
( 2, 0) =  401
( 3, 0) =  401
( 0, 1) =  400
( 1, 1) =  401
( 2, 1) =  401
( 3, 1) =  401
( 0, 2) =  400
( 1, 2) =  401
( 2, 2) =  401
( 3, 2) =  401
( 0, 3) =  402
( 1, 3) =  403
( 2, 3) =  403
( 3, 3) =  401
dim 1: [0]: [0 [1 [1, 2] 2] 3]
dim 2: [1]: [0 [1 [1, 2] 2] 3]
--- ESMCI::Array::print end ---
--- ESMCI::Array::print start ---
 Base name    = Array006
 Status: Base = Ready,  object = Ready
 Proxy        = nodeCount = 4
localDeCount = 1
~ local data in LocalArray for DE 3 ~
LocalArrayPrint: Array at address 0xde02b0:
            rank = 2, typekind = 6, base_addr = 0x7f09562cffc0
            dim[0] = 2  dim[1] = 2  
  Real, *8, Dim 2, Data values:
( 1, 1) =  203
( 2, 1) =  203
( 1, 2) =  203
( 2, 2) =  203
dim 1: [0]: [1 [1 [1, 2] 2] 2]
dim 2: [1]: [1 [1 [1, 2] 2] 2]
--- ESMCI::Array::print end ---
--- ESMCI::Array::print start ---
 Base name    = Array004
 Status: Base = Ready,  object = Ready
 Proxy        = no
 Root Info (Attributes):
( 0, 0) =  400
( 1, 0) =  400
( 2, 0) =  400
( 3, 0) =  400
( 0, 1) =  400
( 1, 1) =  400
( 2, 1) =  400
( 3, 1) =  401
( 0, 2) =  400
( 1, 2) =  400
( 2, 2) =  400
( 3, 2) =  401
( 0, 3) =  400
( 1, 3) =  402
( 2, 3) =  402
( 3, 3) =  403
dim 1: [0]: [0 [1 [1, 2] 2] 3]
dim 2: [1]: [0 [1 [1, 2] 2] 3]
--- ESMCI::Array::print end ---
--- ESMCI::Array::print start ---
 Base name    = Array006
 Status: Base = Ready,  object = Ready
 Proxy        = 
 Root Info (Attributes):
{}Array typekind/rank: Real*8 / 2 
~ lower class' values ~
DistGrid dimCount = 2
deCount = 4
localDeCount = 1
~ local data in LocalArray for DE 1 ~
LocalArrayPrint: Array at address 0x118f130:
            rank = 2, typekind = 6, base_addr = 0x7f64f4877fa0
            dim[0] = 4  dim[1] = 3  
  Real, *8, Dim 2, Data values:
( 0, 0) =  501
( 1, 0) =  501
( 2, 0) =  501
( 3, 0) =  501
( 0, 1) =  500
( 1, 1) =  501
( 2, 1) =  501
( 3, 1) =  501
( 0, 2) =  500
( 1, 2) =  501
( 2, 2) =  501
( 3, 2) =  501
dim 1: [0]: [0 [1 [1, 2] 2] 3]
dim 2: [1]: [0 [1 [1, 2] 2] 2]
{}Array typekind/rank: Real*8 / 2 
~ lower class' values ~
DistGrid dimCount = 2
deCount = 4
localDeCount = 1
~ local data in LocalArray for DE 3 ~
LocalArrayPrint: Array at address 0xe006b0:
            rank = 2, typekind = 6, base_addr = 0x7f09562d3f80
            dim[0] = 4  dim[1] = 4  
  Real, *8, Dim 2, Data values:
( 0, 0) =  300
( 1, 0) =  301
( 2, 0) =  301
( 3, 0) =  303
( 0, 1) =  302
( 1, 1) =  303
( 2, 1) =  303
( 3, 1) =  303
( 0, 2) =  302
( 1, 2) =  303
( 2, 2) =  303
( 3, 2) =  303
( 0, 3) =  303
( 1, 3) =  303
( 2, 3) =  303
( 3, 3) =  303
dim 1: [0]: [0 [1 [1, 2] 2] 3]
no
 Root Info (Attributes):
{}Array typekind/rank: Real*8 / 2 
~ lower class' values ~
DistGrid dimCount = 2
deCount = 4
localDeCount = 1
~ local data in LocalArray for DE 0 ~
LocalArrayPrint: Array at address 0x1a93d80:
            rank = 2, typekind = 6, base_addr = 0x7f2ae1bebfa0
            dim[0] = 4  dim[1] = 3  
  Real, *8, Dim 2, Data values:
( 0, 0) =  500
( 1, 0) =  500
( 2, 0) =  500
( 3, 0) =  500
( 0, 1) =  500
( 1, 1) =  500
( 2, 1) =  500
( 3, 1) =  501
( 0, 2) =  500
( 1, 2) =  500
--- ESMCI::Array::print end ---
dim 2: [1]: [0 [1 [1, 2] 2] 3]
--- ESMCI::Array::print end ---
--- ESMCI::Array::print start ---
 Base name    = Array005
 Status: Base = Ready,  object = Ready
 Proxy        = no
 Root Info (Attributes):
{}Array typekind/rank: Real*8 / 2 
~ lower class' values ~
DistGrid dimCount = 2
( 2, 2) =  500
( 3, 2) =  501
dim 1: [0]: [0 [1 [1, 2] 2] 3]
dim 2: [1]: [0 [1 [1, 2] 2] 2]
--- ESMCI::Array::print end ---
deCount = 4
localDeCount = 1
~ local data in LocalArray for DE 3 ~
LocalArrayPrint: Array at address 0xe01400:
            rank = 2, typekind = 6, base_addr = 0x7f09562d3f00
            dim[0] = 4  dim[1] = 4  
  Real, *8, Dim 2, Data values:
( 0, 0) =  400
( 1, 0) =  401
( 2, 0) =  401
( 3, 0) =  403
( 0, 1) =  402
( 1, 1) =  403
( 2, 1) =  403
( 3, 1) =  403
( 0, 2) =  402
( 1, 2) =  403
( 2, 2) =  403
( 3, 2) =  403
( 0, 3) =  403
( 1, 3) =  403
( 2, 3) =  403
( 3, 3) =  403
dim 1: [0]: [0 [1 [1, 2] 2] 3]
dim 2: [1]: [0 [1 [1, 2] 2] 3]
--- ESMCI::Array::print end ---
--- ESMCI::Array::print start ---
 Base name    = Array006
 Status: Base = Ready,  object = Ready
 Proxy        = no
 Root Info (Attributes):
{}Array typekind/rank: Real*8 / 2 
~ lower class' values ~
DistGrid dimCount = 2
deCount = 4
localDeCount = 1
~ local data in LocalArray for DE 3 ~
LocalArrayPrint: Array at address 0xe02070:
            rank = 2, typekind = 6, base_addr = 0x7f09562c7fa0
            dim[0] = 4  dim[1] = 3  
  Real, *8, Dim 2, Data values:
( 0, 0) =  500
( 1, 0) =  501
( 2, 0) =  501
( 3, 0) =  503
( 0, 1) =  502
( 1, 1) =  503
( 2, 1) =  503
( 3, 1) =  503
( 0, 2) =  502
( 1, 2) =  503
( 2, 2) =  503
( 3, 2) =  503
dim 1: [0]: [0 [1 [1, 2] 2] 3]
dim 2: [1]: [0 [1 [1, 2] 2] 2]
--- ESMCI::Array::print end ---
( 2, 1) =  102
( 1, 2) =  102
( 2, 2) =  102
dim 1: [0]: [1 [1 [1, 2] 2] 2]
dim 2: [1]: [1 [1 [1, 2] 2] 2]
--- ESMCI::Array::print end ---
--- ESMCI::Array::print start ---
 Base name    = Array003
  PASS  Example ESMF_ArrayBundleHaloEx, ESMF_ArrayBundleHaloEx.F90, line 172
  PASS  Example ESMF_ArrayBundleHaloEx, ESMF_ArrayBundleHaloEx.F90, line 172
 Status: Base = Ready,  object = Ready
 Proxy        = no
 Root Info (Attributes):
{}Array typekind/rank: Real*8 / 2 
~ lower class' values ~
DistGrid dimCount = 2
deCount = 4
localDeCount = 1
~ local data in LocalArray for DE 2 ~
LocalArrayPrint: Array at address 0x205eb20:
            rank = 2, typekind = 6, base_addr = 0x7f30f4737fc0
            dim[0] = 2  dim[1] = 2  
  Real, *8, Dim 2, Data values:
( 1, 1) =  202
( 2, 1) =  202
( 1, 2) =  202
( 2, 2) =  202
dim 1: [0]: [1 [1 [1, 2] 2] 2]
dim 2: [1]: [1 [1 [1, 2] 2] 2]
--- ESMCI::Array::print end ---
--- ESMCI::Array::print start ---
 Base name    = Array004
 Status: Base = Ready,  object = Ready
 Proxy        = no
 Root Info (Attributes):
{}Array typekind/rank: Real*8 / 2 
~ lower class' values ~
DistGrid dimCount = 2
deCount = 4
localDeCount = 1
~ local data in LocalArray for DE 2 ~
LocalArrayPrint: Array at address 0x205f6a0:
            rank = 2, typekind = 6, base_addr = 0x7f30f473bf80
            dim[0] = 4  dim[1] = 4  
  Real, *8, Dim 2, Data values:
( 0, 0) =  302
( 1, 0) =  300
( 2, 0) =  300
( 3, 0) =  301
( 0, 1) =  302
( 1, 1) =  302
( 2, 1) =  302
( 3, 1) =  303
( 0, 2) =  302
( 1, 2) =  302
( 2, 2) =  302
( 3, 2) =  303
( 0, 3) =  302
( 1, 3) =  302
( 2, 3) =  302
( 3, 3) =  302
dim 1: [0]: [0 [1 [1, 2] 2] 3]
dim 2: [1]: [0 [1 [1, 2] 2] 3]
--- ESMCI::Array::print end ---
--- ESMCI::Array::print start ---
 Base name    = Array005
 Status: Base = Ready,  object = Ready
 Proxy        = no
 Root Info (Attributes):
{}Array typekind/rank: Real*8 / 2 
~ lower class' values ~
DistGrid dimCount = 2
deCount = 4
localDeCount = 1
~ local data in LocalArray for DE 2 ~
LocalArrayPrint: Array at address 0x20603f0:
            rank = 2, typekind = 6, base_addr = 0x7f30f473bf00
            dim[0] = 4  dim[1] = 4  
  Real, *8, Dim 2, Data values:
( 0, 0) =  402
( 1, 0) =  400
( 2, 0) =  400
( 3, 0) =  401
( 0, 1) =  402
( 1, 1) =  402
( 2, 1) =  402
( 3, 1) =  403
( 0, 2) =  402
( 1, 2) =  402
( 2, 2) =  402
( 3, 2) =  403
( 0, 3) =  402
( 1, 3) =  402
( 2, 3) =  402
( 3, 3) =  402
dim 1: [0]: [0 [1 [1, 2] 2] 3]
dim 2: [1]: [0 [1 [1, 2] 2] 3]
--- ESMCI::Array::print end ---
--- ESMCI::Array::print start ---
 Base name    = Array006
 Status: Base = Ready,  object = Ready
 Proxy        = no
 Root Info (Attributes):
{}Array typekind/rank: Real*8 / 2 
~ lower class' values ~
DistGrid dimCount = 2
deCount = 4
localDeCount = 1
~ local data in LocalArray for DE 2 ~
LocalArrayPrint: Array at address 0x2061060:
            rank = 2, typekind = 6,   PASS  Example ESMF_ArrayBundleHaloEx, ESMF_ArrayBundleHaloEx.F90, line 172
base_addr = 0x7f30f472ffa0
            dim[0] = 4  dim[1] = 3  
  Real, *8, Dim 2, Data values:
( 0, 0) =  502
( 1, 0) =  500
( 2, 0) =  500
( 3, 0) =  501
( 0, 1) =  502
( 1, 1) =  502
( 2, 1) =  502
( 3, 1) =  503
( 0, 2) =  502
( 1, 2) =  502
( 2, 2) =  502
( 3, 2) =  503
dim 1: [0]: [0 [1 [1, 2] 2] 3]
dim 2: [1]: [0 [1 [1, 2] 2] 2]
--- ESMCI::Array::print end ---
  PASS  Example ESMF_ArrayBundleHaloEx, ESMF_ArrayBundleHaloEx.F90, line 172
 PASS: ESMF_ArrayBundleHaloEx.F90
 PASS: ESMF_ArrayBundleHaloEx.F90
 PASS: ESMF_ArrayBundleHaloEx.F90
 PASS: ESMF_ArrayBundleHaloEx.F90
