2024-06-03 06:43:26
20240603 083131.613 INFO             PET0 !!!!!!!!!!!!!!!!!!!!!!!!!!!!!!!!!!!!!!!!!!!!!!!!!!!!!!
20240603 083131.614 INFO             PET0 !!! THE ESMF_LOG IS SET TO OUTPUT ALL LOG MESSAGES !!!
20240603 083131.614 INFO             PET0 !!!     THIS MAY CAUSE SLOWDOWN IN PERFORMANCE     !!!
20240603 083131.614 INFO             PET0 !!! FOR PRODUCTION RUNS, USE:                      !!!
20240603 083131.614 INFO             PET0 !!!                   ESMF_LOGKIND_Multi_On_Error  !!!
20240603 083131.614 INFO             PET0 !!!!!!!!!!!!!!!!!!!!!!!!!!!!!!!!!!!!!!!!!!!!!!!!!!!!!!
20240603 083131.614 INFO             PET0 Running with ESMF Version   : v8.7.0b06-37-g31f880616f
20240603 083131.614 INFO             PET0 ESMF library build date/time: "Jun  3 2024" "06:42:22"
20240603 083131.614 INFO             PET0 ESMF library build location : /discover/nobackup/projects/sbu/mpotts/esmf-test/gfortran_10.1.0_intelmpi_g_develop/esmf
20240603 083131.614 INFO             PET0 ESMF_COMM                   : intelmpi
20240603 083131.614 INFO             PET0 ESMF_MOAB                   : enabled
20240603 083131.614 INFO             PET0 ESMF_LAPACK                 : enabled
20240603 083131.614 INFO             PET0 ESMF_NETCDF                 : disabled
20240603 083131.614 INFO             PET0 ESMF_PNETCDF                : disabled
20240603 083131.614 INFO             PET0 ESMF_PIO                    : disabled
20240603 083131.614 INFO             PET0 ESMF_YAMLCPP                : enabled
20240603 083131.614 INFO             PET0  NUMBER_OF_PROCESSORS           1
20240603 083131.614 INFO             PET0  PASS  Example ESMF_TimeIntervalEx, ESMF_TimeIntervalEx.F90, line 176
20240603 083131.614 INFO             PET0  Finalizing ESMF
