2024-06-07 08:24:56
--- ESMCI::Array::print start ------ ESMCI::Array::print start ---
 Base name    = Array002
 Status: Base = Ready,  object = Ready
 Proxy        = no
 Root Info (Attributes):
--- ESMCI::Array::print start ---
 Base name    = Array002
 Status: Base = Ready,  object = Ready
 Proxy        = no
 Root Info (Attributes):
--- ESMCI::Array::print start ---
 Base name    = Array002
 Status: Base = Ready,  object = Ready
 Proxy        = no
 Root Info (Attributes):

 Base name    = Array002
 Status: Base = Ready,  object = {}{}Array typekind/rank: Real*8 / 2 
~ lower class' values ~
DistGrid dimCount = 2
deCount = 4
localDeCount = 1
~ local data in LocalArray for DE 1 ~
LocalArrayPrint: Array at address 0x22357d0:
{}Array typekind/rank: Real*8 / 2 
~ lower class' values ~
DistGrid dimCount = 2
deCount = 4
localDeCount = 1
~ local data in LocalArray for DE 2 ~
LocalArrayPrint: Array at address 0x1b28b20:
            rank = 2, typekind = 6, base_addr = 0x1b04e50
Ready
 Proxy        = no
 Root Info (Attributes):
            rank = 2, typekind = 6, base_addr = 0x221a940
            dim[0] = 2  dim[1] = 2  
  Real, *8, Dim 2, Data values:
            dim[0] = 2  dim[1] = 2  
  Real, *8, Dim 2, Data values:
( 1, 1) =  101
( 1, 1) =  102
( 2, 1) =  102
( 1, 2) =  102
( 2, 2) =  102
dim 1: [0]: [1 [1 [1, 2] 2] 2]
dim 2: [1]: [1 [1 [1, 2] 2] 2]
--- ESMCI::Array::print end ---
--- ESMCI::Array::print start ---
 Base name    = Array003
 Status: Base = Ready,  object = Ready
Array typekind/rank: Real*8 / 2 
~ lower class' values ~
DistGrid dimCount = 2
deCount = 4
localDeCount = 1
~ local data in LocalArray for DE 0 ~
LocalArrayPrint: Array at address 0x9be970:
            rank = 2, typekind = 6, base_addr = 0x9815d0
            dim[0] = 2  dim[1] = 2  
  Real, *8, Dim 2, Data values:
 Proxy        = no
 Root Info (Attributes):
{}Array typekind/rank: Real*8 / 2 
~ lower class' values ~( 1, 1) =  100
( 2, 1) =  100

DistGrid dimCount = 2
deCount = 4
localDeCount = 1
~ local data in LocalArray for DE 2 ~
LocalArrayPrint: Array at address 0x1b29640:
( 1, 2) =  100
( 2, 2) =  100
dim 1: [0]: [1 [1 [1, 2] 2] 2]
            rank = 2, typekind = 6, base_addr = 0x1b29970
            dim[0] = 2  dim[1] = 2  
  Real, *8, Dim 2, Data values:
{}dim 2: [1]: [1 [1 [1, 2] 2] 2]
--- ESMCI::Array::print end ---
--- ESMCI::Array::print start ---
 Base name    = Array003
 Status: Base = Ready, ( 1, 1) =  202
( 2, 1) =  202
( 1, 2) =  202
( 2, 2) =  202
dim 1: [0]: [1 [1 [1, 2] 2] 2]
dim 2: [1]: [1 [1 [1, 2] 2] 2]
--- ESMCI::Array::print end ---
 object = Ready
 Proxy        = no
 Root Info (Attributes):
--- ESMCI::Array::print start ---
 Base name    = Array004
 Status: Base = Ready,  object = ReadyArray typekind/rank: Real*8 / 2 
~ lower class' values ~
DistGrid dimCount = 2
deCount = 4
localDeCount = 1
~ local data in LocalArray for DE 3 ~
{}Array typekind/rank: Real*8 / 2 
~ lower class' values ~
DistGrid dimCount = 2
deCount = 4
localDeCount = 1

 Proxy        = no
 Root Info (Attributes):
{}Array typekind/rank: Real*8 / 2 
~ lower class' values ~LocalArrayPrint: Array at address 0x1bb5af0:
            rank = 2, typekind = 6, base_addr = 0x1b91e20
            dim[0] = 2  dim[1] = 2  ~ local data in LocalArray for DE 0 ~
LocalArrayPrint: Array at address 0x9bf490:
            rank = 2, typekind = 6, base_addr = 0x9bf7c0
            dim[0] = 2  dim[1] = 2  
  Real, *8, Dim 2, Data values:
( 1, 1) =  200

DistGrid dimCount = 2
deCount = 4
localDeCount = 1
~ local data in LocalArray for DE 2 ~
LocalArrayPrint: Array at address 0x1b2a1f0:
            rank = 2, typekind = 6, base_addr = 0x1b2a520
            dim[0] = 4  dim[1] = 4  

  Real, *8, Dim 2, Data values:
( 2, 1) =  200
( 1, 2) =  200
( 2, 2) =  200
dim 1: [0]: [1 [1 [1, 2] 2] 2]
dim 2: [1]: [1 [1 [1, 2] 2] 2]
--- ESMCI::Array::print end ---
--- ESMCI::Array::print start ---
 Base name    = Array004
 Status: Base = Ready,  object = Ready
 Proxy        = no
 Root Info (Attributes):
{}Array typekind/rank: Real*8 / 2 
~ lower class' values ~
DistGrid dimCount = 2
deCount = 4
localDeCount = 1
~ local data in LocalArray for DE 0 ~
LocalArrayPrint: Array at address 0x9c0040:
            rank = 2, typekind = 6, base_addr = 0x9c0370
            dim[0] = 4  dim[1] = 4  
  Real, *8, Dim 2, Data values:
( 0, 0) =  300
( 1, 0) =  300
( 2, 0) =  300
( 3, 0) =  300
( 0, 1) =  300
( 1, 1) =  300
( 2, 1) =  300
( 3, 1) =  301
( 0, 2) =  300
( 1, 2) =  300
( 2, 2) =  300
( 3, 2) =  301
  Real, *8, Dim 2, Data values:
( 0, 0) =  302
( 1, 0) =  300
( 2, 0) =  300
( 3, 0) =  301
( 0, 1) =  302
( 1, 1) =  302
( 2, 1) =  302
( 3, 1) =  303
( 0, 2) =  302
( 1, 2) =  302
( 2, 2) =  302
( 3, 2) =  303
( 0, 3) =  302
( 1, 3) =  302
( 2, 3) =  302
( 3, 3) =  302
dim 1: [0]: [0 [1 [1, 2] 2] 3]
dim 2: [1]: [0 [1 [1, 2] 2] 3]
--- ESMCI::Array::print end ---
--- ESMCI::Array::print start ---
 Base name    = Array005
 Status: Base = Ready,  object = Ready
 Proxy        = no
 Root Info (Attributes):
{}Array typekind/rank: Real*8 / 2 
~ lower class' values ~
DistGrid dimCount = 2
deCount = 4
localDeCount = 1
~ local data in LocalArray for DE 2 ~
LocalArrayPrint: Array at address 0x1b2afd0:
            rank = 2, typekind = 6, base_addr = 0x1b2b300
            dim[0] = 4  dim[1] = 4  
  Real, *8, Dim 2, Data values:
( 0, 0) =  402
( 1, 0) =  400
( 2, 0) =  400
( 3, 0) =  401
( 0, 1) =  402
( 1, 1) =  402
( 2, 1) =  402
( 3, 1) =  403
( 1, 1) =  103
( 2, 1) =  103
( 1, 2) =  103
( 2, 2) =  103
dim 1: [0]: [1 [1 [1, 2] 2] 2]
dim 2: [1]: [1 [1 [1, 2] 2] 2]
--- ESMCI::Array::print end ---
--- ESMCI::Array::print start ---
 Base name    = Array003
 Status: Base = Ready,  object = Ready
 Proxy        = no
 Root Info (Attributes):
{}Array typekind/rank: Real*8 / 2 
~ lower class' values ~
DistGrid dimCount = 2
deCount = 4
localDeCount = 1
~ local data in LocalArray for DE 3 ~
LocalArrayPrint: Array at address 0x1bb6610:
            rank = 2, typekind = 6, base_addr = 0x1bb6940
            dim[0] = 2  dim[1] = 2  
  Real, *8, Dim 2, Data values:
( 1, 1) =  203
( 2, 1) =  203
( 1, 2) =  203
( 2, 2) =  203
dim 1: [0]: [1 [1 [1, 2] 2] 2]
dim 2: [1]: [1 [1 [1, 2] 2] 2]
--- ESMCI::Array::print end ---
--- ESMCI::Array::print start ---
 Base name    = Array004
 Status: Base = Ready,  object = Ready
 Proxy        = no
 Root Info (Attributes):
( 0, 3) =  300
( 1, 3) =  302
( 2, 3) =  302
( 3, 3) =  303
dim 1: [0]: [0 [1 [1, 2] 2] 3]
dim 2: [1]: [0 [1 [1, 2] 2] 3]
--- ESMCI::Array::print end ---
--- ESMCI::Array::print start ---
 Base name    = Array005
 Status: Base = Ready,  object = Ready
 Proxy        = no
 Root Info (Attributes):
{}Array typekind/rank: Real*8 / 2 
~ lower class' values ~
DistGrid dimCount = 2
deCount = 4
localDeCount = 1
~ local data in LocalArray for DE 0 ~
LocalArrayPrint: Array at address 0x9c0de0:
            rank = 2, typekind = 6, base_addr = 0x9c1110
            dim[0] = 4  dim[1] = 4  
  Real, *8, Dim 2, Data values:
( 0, 0) =  400
( 1, 0) =  400
( 0, 2) =  402
( 1, 2) =  402
( 2, 2) =  402
( 3, 2) =  403
( 0, 3) =  402
( 1, 3) =  402
( 2, 3) =  402
( 3, 3) =  402
dim 1: [0]: [0 [1 [1, 2] 2] 3]
dim 2: [1]: [0 [1 [1, 2] 2] 3]
--- ESMCI::Array::print end ---
--- ESMCI::Array::print start ---
 Base name    = Array006
 Status: Base = Ready,  object = Ready
 Proxy        = no
 Root Info (Attributes):
{}Array typekind/rank: Real*8 / 2 
~ lower class' values ~
DistGrid dimCount = 2
deCount = 4
localDeCount = 1
~ local data in LocalArray for DE 2 ~
LocalArrayPrint: Array at address 0x1b2bcd0:
{}Array typekind/rank: Real*8 / 2 
~ lower class' values ~
DistGrid dimCount = 2
deCount = 4
localDeCount = 1
~ local data in LocalArray for DE 3 ~
LocalArrayPrint: Array at address 0x1bb71c0:
            rank = 2, typekind = 6, base_addr = 0x1bb74f0
            dim[0] = 4  dim[1] = 4  
  Real, *8, Dim 2, Data values:
( 0, 0) =  300
( 1, 0) =  301
( 2, 0) =  301
( 3, 0) =  303
( 0, 1) =  302
( 1, 1) =  303
( 2, 1) =  303
( 3, 1) =  303
( 0, 2) =  302
( 1, 2) =  303
( 2, 2) =  303
( 3, 2) =  303
( 0, 3) =  303
( 1, 3) =  303
( 2, 3) =  303
( 2, 0) =  400
( 3, 0) =  400
( 0, 1) =  400
( 1, 1) =  400
( 2, 1) =  400
( 3, 1) =  401
( 0, 2) =  400
( 1, 2) =  400
( 2, 2) =  400
( 3, 2) =  401
( 0, 3) =  400
( 1, 3) =  402
( 2, 3) =  402
( 3, 3) =  403
dim 1: [0]: [0 [1 [1, 2] 2] 3]
dim 2: [1]: [0 [1 [1, 2] 2] 3]
--- ESMCI::Array::print end ---
--- ESMCI::Array::print start ---
 Base name    = Array006
 Status: Base = Ready,  object = Ready
 Proxy        = no
 Root Info (Attributes):
{}Array typekind/rank: Real*8 / 2 
~ lower class' values ~
DistGrid dimCount = 2
deCount = 4
localDeCount = 1
~ local data in LocalArray for DE 0 ~
            rank = 2, typekind = 6, base_addr = 0x1b2c000
            dim[0] = 4  dim[1] = 3  
  Real, *8, Dim 2, Data values:
( 0, 0) =  502
( 1, 0) =  500
( 2, 0) =  500
( 3, 0) =  501
( 0, 1) =  502
( 1, 1) =  502
( 2, 1) =  502
( 3, 1) =  503
( 0, 2) =  502
( 1, 2) =  502
( 2, 2) =  502
( 3, 2) =  503
dim 1: [0]: [0 [1 [1, 2] 2] 3]
dim 2: [1]: [0 [1 [1, 2] 2] 2]
--- ESMCI::Array::print end ---
( 3, 3) =  303
dim 1: [0]: [0 [1 [1, 2] 2] 3]
dim 2: [1]: [0 [1 [1, 2] 2] 3]
--- ESMCI::Array::print end ---
--- ESMCI::Array::print start ---
 Base name    = Array005
 Status: Base = Ready,  object = Ready
 Proxy        = no
 Root Info (Attributes):
{}Array typekind/rank: Real*8 / 2 
~ lower class' values ~
DistGrid dimCount = 2
deCount = 4
localDeCount = 1
~ local data in LocalArray for DE 3 ~
LocalArrayPrint: Array at address 0x1bb7fa0:
            rank = 2, typekind = 6, base_addr = 0x1bb82d0
            dim[0] = 4  dim[1] = 4  
  Real, *8, Dim 2, Data values:
( 0, 0) =  400
( 1, 0) =  401
( 2, 0) =  401
( 3, 0) =  403
LocalArrayPrint: Array at address 0x9c1ae0:
            rank = 2, typekind = 6, base_addr = 0x9c1e10
            dim[0] = 4  dim[1] = 3  
  Real, *8, Dim 2, Data values:
( 0, 0) =  500
( 1, 0) =  500
( 2, 0) =  500
( 3, 0) =  500
( 0, 1) =  500
( 1, 1) =  500
( 2, 1) =  500
( 3, 1) =  501
( 0, 2) =  500
( 1, 2) =  500
( 2, 2) =  500
( 3, 2) =  501
dim 1: [0]: [0 [1 [1, 2] 2] 3]
dim 2: [1]: [0 [1 [1, 2] 2] 2]
--- ESMCI::Array::print end ---
( 0, 1) =  402
( 1, 1) =  403
( 2, 1) =  403
( 3, 1) =  403
( 0, 2) =  402
( 1, 2) =  403
( 2, 2) =  403
( 3, 2) =  403
( 0, 3) =  403
( 1, 3) =  403
( 2, 3) =  403
( 3, 3) =  403
dim 1: [0]: [0 [1 [1, 2] 2] 3]
dim 2: [1]: [0 [1 [1, 2] 2] 3]
--- ESMCI::Array::print end ---
--- ESMCI::Array::print start ---
 Base name    = Array006
 Status: Base = Ready,  object = Ready
 Proxy        = no
 Root Info (Attributes):
{}Array typekind/rank: Real*8 / 2 
~ lower class' values ~
DistGrid dimCount = 2
deCount = 4
localDeCount = 1
~ local data in LocalArray for DE 3 ~
LocalArrayPrint: Array at address 0x1bb8ca0:
  PASS  Example ESMF_ArrayBundleHaloEx, ESMF_ArrayBundleHaloEx.F90, line 172
            rank = 2, typekind = 6, base_addr = 0x1bb8fd0
            dim[0] = 4  dim[1] = 3  
  Real, *8, Dim 2, Data values:
( 0, 0) =  500
( 1, 0) =  501
( 2, 0) =  501
( 3, 0) =  503
( 0, 1) =  502
( 1, 1) =  503
( 2, 1) =  503
( 3, 1) =  503
( 0, 2) =  502
( 1, 2) =  503
( 2, 2) =  503
  PASS  Example ESMF_ArrayBundleHaloEx, ESMF_ArrayBundleHaloEx.F90, line 172
( 3, 2) =  503
dim 1: [0]: [0 [1 [1, 2] 2] 3]
dim 2: [1]: [0 [1 [1, 2] 2] 2]
--- ESMCI::Array::print end ---
( 2, 1) =  101
( 1, 2) =  101
  PASS  Example ESMF_ArrayBundleHaloEx, ESMF_ArrayBundleHaloEx.F90, line 172
( 2, 2) =  101
dim 1: [0]: [1 [1 [1, 2] 2] 2]
dim 2: [1]: [1 [1 [1, 2] 2] 2]
--- ESMCI::Array::print end ---
--- ESMCI::Array::print start ---
 Base name    = Array003
 Status: Base = Ready,  object = Ready
 Proxy        = no
 Root Info (Attributes):
{}Array typekind/rank: Real*8 / 2 
~ lower class' values ~
DistGrid dimCount = 2
deCount = 4
localDeCount = 1
~ local data in LocalArray for DE 1 ~
LocalArrayPrint: Array at address 0x22362d0:
            rank = 2, typekind = 6, base_addr = 0x2236600
            dim[0] = 2  dim[1] = 2  
  Real, *8, Dim 2, Data values:
( 1, 1) =  201
( 2, 1) =  201
( 1, 2) =  201
( 2, 2) =  201
dim 1: [0]: [1 [1 [1, 2] 2] 2]
dim 2: [1]: [1 [1 [1, 2] 2] 2]
--- ESMCI::Array::print end ---
--- ESMCI::Array::print start ---
 Base name    = Array004
 Status: Base = Ready,  object = Ready
 Proxy        = no
 Root Info (Attributes):
{}Array typekind/rank: Real*8 / 2 
~ lower class' values ~
DistGrid dimCount = 2
deCount = 4
localDeCount = 1
~ local data in LocalArray for DE 1 ~
LocalArrayPrint: Array at address 0x2236e80:
            rank = 2, typekind = 6, base_addr = 0x22371b0
            dim[0] = 4  dim[1] = 4  
  Real, *8, Dim 2, Data values:
( 0, 0) =  301
( 1, 0) =  301
( 2, 0) =  301
( 3, 0) =  301
( 0, 1) =  300
( 1, 1) =  301
( 2, 1) =  301
( 3, 1) =  301
( 0, 2) =  300
( 1, 2) =  301
( 2, 2) =  301
( 3, 2) =  301
( 0, 3) =  302
( 1, 3) =  303
( 2, 3) =  303
( 3, 3) =  301
dim 1: [0]: [0 [1 [1, 2] 2] 3]
dim 2: [1]: [0 [1 [1, 2] 2] 3]
--- ESMCI::Array::print end ---
--- ESMCI::Array::print start ---
 Base name    = Array005
 Status: Base = Ready,  object = Ready
 Proxy        = no
 Root Info (Attributes):
{}Array typekind/rank: Real*8 / 2 
~ lower class' values ~
DistGrid dimCount = 2
deCount = 4
localDeCount = 1
~ local data in LocalArray for DE 1 ~
LocalArrayPrint: Array at address 0x2237c40:
            rank = 2, typekind = 6, base_addr = 0x2237f70
            dim[0] = 4  dim[1] = 4  
  Real, *8, Dim 2, Data values:
( 0, 0) =  401
( 1, 0) =  401
( 2, 0) =  401
( 3, 0) =  401
( 0, 1) =  400
( 1, 1) =  401
( 2, 1) =  401
( 3, 1) =  401
( 0, 2) =  400
( 1, 2) =  401
( 2, 2) =  401
( 3, 2) =  401
( 0, 3) =  402
( 1, 3) =  403
( 2, 3) =  403
( 3, 3) =  401
dim 1: [0]: [0 [1 [1, 2] 2] 3]
dim 2: [1]: [0 [1 [1, 2] 2] 3]
--- ESMCI::Array::print end ---
--- ESMCI::Array::print start ---
 Base name    = Array006
 Status: Base = Ready,  object = Ready
 Proxy        = no
 Root Info (Attributes):
{}Array typekind/rank: Real*8 / 2 
~ lower class' values ~
DistGrid dimCount = 2
deCount = 4
localDeCount = 1
~ local data in LocalArray for DE 1 ~
LocalArrayPrint: Array at address 0x2238940:
            rank = 2, typekind = 6, base_addr = 0x2238c70
            dim[0] = 4  dim[1] = 3  
  Real, *8, Dim 2, Data values:
( 0, 0) =  501
( 1, 0) =  501
( 2, 0) =  501
( 3, 0) =  501
( 0, 1) =  500
( 1, 1) =  501
( 2, 1) =  501
( 3, 1) =  501
( 0, 2) =  500
( 1, 2) =  501
( 2, 2) =  501
( 3, 2) =  501
dim 1: [0]: [0 [1 [1, 2] 2] 3]
dim 2: [1]: [0 [1 [1, 2] 2] 2]
--- ESMCI::Array::print end ---
  PASS  Example ESMF_ArrayBundleHaloEx, ESMF_ArrayBundleHaloEx.F90, line 172
 PASS: ESMF_ArrayBundleHaloEx.F90
 PASS: ESMF_ArrayBundleHaloEx.F90
 PASS: ESMF_ArrayBundleHaloEx.F90
 PASS: ESMF_ArrayBundleHaloEx.F90
