2024-07-21 01:19:11
20240721 013956.977 INFO             PET0 !!!!!!!!!!!!!!!!!!!!!!!!!!!!!!!!!!!!!!!!!!!!!!!!!!!!!!
20240721 013956.977 INFO             PET0 !!! THE ESMF_LOG IS SET TO OUTPUT ALL LOG MESSAGES !!!
20240721 013956.977 INFO             PET0 !!!     THIS MAY CAUSE SLOWDOWN IN PERFORMANCE     !!!
20240721 013956.977 INFO             PET0 !!! FOR PRODUCTION RUNS, USE:                      !!!
20240721 013956.977 INFO             PET0 !!!                   ESMF_LOGKIND_Multi_On_Error  !!!
20240721 013956.977 INFO             PET0 !!!!!!!!!!!!!!!!!!!!!!!!!!!!!!!!!!!!!!!!!!!!!!!!!!!!!!
20240721 013956.977 INFO             PET0 Running with ESMF Version   : v8.7.0b09
20240721 013956.977 INFO             PET0 ESMF library build date/time: "Jul 21 2024" "01:18:04"
20240721 013956.977 INFO             PET0 ESMF library build location : /discover/nobackup/projects/sbu/mpotts/esmf-test/gfortran_10.1.0_intelmpi_g_develop/esmf
20240721 013956.977 INFO             PET0 ESMF_COMM                   : intelmpi
20240721 013956.978 INFO             PET0 ESMF_MOAB                   : enabled
20240721 013956.978 INFO             PET0 ESMF_LAPACK                 : enabled
20240721 013956.978 INFO             PET0 ESMF_NETCDF                 : disabled
20240721 013956.978 INFO             PET0 ESMF_PNETCDF                : disabled
20240721 013956.978 INFO             PET0 ESMF_PIO                    : disabled
20240721 013956.978 INFO             PET0 ESMF_YAMLCPP                : enabled
20240721 013956.980 INFO             PET0  NUMBER_OF_PROCESSORS           1
20240721 013956.980 INFO             PET0  PASS  Example ESMF_ClockEx, ESMF_ClockEx.F90, line 220
20240721 013956.980 INFO             PET0  Finalizing ESMF
