2024-07-23 03:40:20
20240723 043123.848 INFO             PET0 !!!!!!!!!!!!!!!!!!!!!!!!!!!!!!!!!!!!!!!!!!!!!!!!!!!!!!
20240723 043123.848 INFO             PET0 !!! THE ESMF_LOG IS SET TO OUTPUT ALL LOG MESSAGES !!!
20240723 043123.848 INFO             PET0 !!!     THIS MAY CAUSE SLOWDOWN IN PERFORMANCE     !!!
20240723 043123.848 INFO             PET0 !!! FOR PRODUCTION RUNS, USE:                      !!!
20240723 043123.848 INFO             PET0 !!!                   ESMF_LOGKIND_Multi_On_Error  !!!
20240723 043123.848 INFO             PET0 !!!!!!!!!!!!!!!!!!!!!!!!!!!!!!!!!!!!!!!!!!!!!!!!!!!!!!
20240723 043123.848 INFO             PET0 Running with ESMF Version   : v8.7.0b09-4-g1506816bee
20240723 043123.848 INFO             PET0 ESMF library build date/time: "Jul 23 2024" "03:36:49"
20240723 043123.848 INFO             PET0 ESMF library build location : /glade/derecho/scratch/sacks/esmf-testing/nvhpc_23.7_mpiuni_g_feature_numa/esmf
20240723 043123.848 INFO             PET0 ESMF_COMM                   : mpiuni
20240723 043123.849 INFO             PET0 ESMF_MOAB                   : enabled
20240723 043123.849 INFO             PET0 ESMF_LAPACK                 : enabled
20240723 043123.849 INFO             PET0 ESMF_NETCDF                 : enabled
20240723 043123.849 INFO             PET0 ESMF_PNETCDF                : disabled
20240723 043123.849 INFO             PET0 ESMF_PIO                    : enabled
20240723 043123.849 INFO             PET0 ESMF_YAMLCPP                : enabled
20240723 043123.927 DEBUG            PET0 about to destroy Grid: 0x6fc2a0
20240723 043123.941 DEBUG            PET0 about to destroy Grid: 0x6fdb30
20240723 043123.977 INFO             PET0  NUMBER_OF_PROCESSORS            1
20240723 043123.977 INFO             PET0  PASS  Example ESMF_NUOPCAtmModelEx, ESMF_NUOPCAtmModelEx.F90, line 806
20240723 043123.977 INFO             PET0  Finalizing ESMF
