2024-07-26 04:06:30

mainApp:115963 terminated with signal 11 at PC=43cfe9 SP=7ffd45f866b0.  Backtrace:

mainApp:115964 terminated with signal 11 at PC=43cfe9 SP=7ffcfe27ef30.  Backtrace:

mainApp:115965 terminated with signal 11 at PC=43cff3 SP=7ffc19025750.  Backtrace:
/tmp/intel_2023.1.0-oneAPI_mpi_O_feature_hconfig-extras/nuopc-app-prototypes/CustomFieldDictionaryProto/./mainApp[0x43cfe9]
/tmp/intel_2023.1.0-oneAPI_mpi_O_feature_hconfig-extras/nuopc-app-prototypes/CustomFieldDictionaryProto/./mainApp[0x43dfc0]
/tmp/intel_2023.1.0-oneAPI_mpi_O_feature_hconfig-extras/nuopc-app-prototypes/CustomFieldDictionaryProto/./mainApp[0x43d165]
/tmp/intel_2023.1.0-oneAPI_mpi_O_feature_hconfig-extras/nuopc-app-prototypes/CustomFieldDictionaryProto/./mainApp[0x43cfe9]
/tmp/intel_2023.1.0-oneAPI_mpi_O_feature_hconfig-extras/nuopc-app-prototypes/CustomFieldDictionaryProto/./mainApp[0x43dfc0]
/tmp/intel_2023.1.0-oneAPI_mpi_O_feature_hconfig-extras/nuopc-app-prototypes/CustomFieldDictionaryProto/./mainApp[0x43d165]
/tmp/intel_2023.1.0-oneAPI_mpi_O_feature_hconfig-extras/nuopc-app-prototypes/CustomFieldDictionaryProto/./mainApp[0x43cff3]
/tmp/intel_2023.1.0-oneAPI_mpi_O_feature_hconfig-extras/nuopc-app-prototypes/CustomFieldDictionaryProto/./mainApp[0x43dfc0]
/tmp/intel_2023.1.0-oneAPI_mpi_O_feature_hconfig-extras/nuopc-app-prototypes/CustomFieldDictionaryProto/./mainApp[0x43d165]
/tmp/intel_2023.1.0-oneAPI_mpi_O_feature_hconfig-extras/esmf/DEFAULTINSTALLDIR/lib/libO/Unicos.intel.64.mpi.default/libesmf.so(f_esmf_compcollectgarbage2_+0x2f1)[0x7f93b8feeff1]
/tmp/intel_2023.1.0-oneAPI_mpi_O_feature_hconfig-extras/esmf/DEFAULTINSTALLDIR/lib/libO/Unicos.intel.64.mpi.default/libesmf.so(f_esmf_compcollectgarbage2_+0x2f1)[0x7f0925e91ff1]
/tmp/intel_2023.1.0-oneAPI_mpi_O_feature_hconfig-extras/esmf/DEFAULTINSTALLDIR/lib/libO/Unicos.intel.64.mpi.default/libesmf.so(f_esmf_compcollectgarbage2_+0x2f1)[0x7f1aa7358ff1]
/tmp/intel_2023.1.0-oneAPI_mpi_O_feature_hconfig-extras/esmf/DEFAULTINSTALLDIR/lib/libO/Unicos.intel.64.mpi.default/libesmf.so(_ZN5ESMCI2VM8finalizeEP12ESMC_LogicalPi+0x34f)[0x7f93b8e47f8f]
/tmp/intel_2023.1.0-oneAPI_mpi_O_feature_hconfig-extras/esmf/DEFAULTINSTALLDIR/lib/libO/Unicos.intel.64.mpi.default/libesmf.so(_ZN5ESMCI2VM8finalizeEP12ESMC_LogicalPi+0x34f)[0x7f0925ceaf8f]
/tmp/intel_2023.1.0-oneAPI_mpi_O_feature_hconfig-extras/esmf/DEFAULTINSTALLDIR/lib/libO/Unicos.intel.64.mpi.default/libesmf.so(_ZN5ESMCI2VM8finalizeEP12ESMC_LogicalPi+0x34f)[0x7f1aa71b1f8f]
/tmp/intel_2023.1.0-oneAPI_mpi_O_feature_hconfig-extras/esmf/DEFAULTINSTALLDIR/lib/libO/Unicos.intel.64.mpi.default/libesmf.so(c_esmc_vmfinalize_+0x25)[0x7f93b8e25c05]
/tmp/intel_2023.1.0-oneAPI_mpi_O_feature_hconfig-extras/esmf/DEFAULTINSTALLDIR/lib/libO/Unicos.intel.64.mpi.default/libesmf.so(c_esmc_vmfinalize_+0x25)[0x7f0925cc8c05]
/tmp/intel_2023.1.0-oneAPI_mpi_O_feature_hconfig-extras/esmf/DEFAULTINSTALLDIR/lib/libO/Unicos.intel.64.mpi.default/libesmf.so(c_esmc_vmfinalize_+0x25)[0x7f1aa718fc05]
/tmp/intel_2023.1.0-oneAPI_mpi_O_feature_hconfig-extras/esmf/DEFAULTINSTALLDIR/lib/libO/Unicos.intel.64.mpi.default/libesmf.so(esmf_vmmod_mp_esmf_vmfinalize_+0x1c)[0x7f93b954458c]
/tmp/intel_2023.1.0-oneAPI_mpi_O_feature_hconfig-extras/esmf/DEFAULTINSTALLDIR/lib/libO/Unicos.intel.64.mpi.default/libesmf.so(esmf_vmmod_mp_esmf_vmfinalize_+0x1c)[0x7f09263e758c]
/tmp/intel_2023.1.0-oneAPI_mpi_O_feature_hconfig-extras/esmf/DEFAULTINSTALLDIR/lib/libO/Unicos.intel.64.mpi.default/libesmf.so(esmf_vmmod_mp_esmf_vmfinalize_+0x1c)[0x7f1aa78ae58c]
/tmp/intel_2023.1.0-oneAPI_mpi_O_feature_hconfig-extras/esmf/DEFAULTINSTALLDIR/lib/libO/Unicos.intel.64.mpi.default/libesmf.so(esmf_initmod_mp_esmf_finalize_+0x66b)[0x7f93b934c8fb]
/tmp/intel_2023.1.0-oneAPI_mpi_O_feature_hconfig-extras/nuopc-app-prototypes/CustomFieldDictionaryProto/./mainApp[0x4168dd]
/tmp/intel_2023.1.0-oneAPI_mpi_O_feature_hconfig-extras/esmf/DEFAULTINSTALLDIR/lib/libO/Unicos.intel.64.mpi.default/libesmf.so(esmf_initmod_mp_esmf_finalize_+0x66b)[0x7f09261ef8fb]
/tmp/intel_2023.1.0-oneAPI_mpi_O_feature_hconfig-extras/nuopc-app-prototypes/CustomFieldDictionaryProto/./mainApp[0x4168dd]
/tmp/intel_2023.1.0-oneAPI_mpi_O_feature_hconfig-extras/nuopc-app-prototypes/CustomFieldDictionaryProto/./mainApp[0x41607d]
/tmp/intel_2023.1.0-oneAPI_mpi_O_feature_hconfig-extras/nuopc-app-prototypes/CustomFieldDictionaryProto/./mainApp[0x41607d]
/lib64/libc.so.6(__libc_start_main+0xef)[0x7f93b423e24d]
/tmp/intel_2023.1.0-oneAPI_mpi_O_feature_hconfig-extras/nuopc-app-prototypes/CustomFieldDictionaryProto/./mainApp[0x415faa]
/lib64/libc.so.6(__libc_start_main+0xef)[0x7f092103e24d]
/tmp/intel_2023.1.0-oneAPI_mpi_O_feature_hconfig-extras/nuopc-app-prototypes/CustomFieldDictionaryProto/./mainApp[0x415faa]
/tmp/intel_2023.1.0-oneAPI_mpi_O_feature_hconfig-extras/esmf/DEFAULTINSTALLDIR/lib/libO/Unicos.intel.64.mpi.default/libesmf.so(esmf_initmod_mp_esmf_finalize_+0x66b)[0x7f1aa76b68fb]
/tmp/intel_2023.1.0-oneAPI_mpi_O_feature_hconfig-extras/nuopc-app-prototypes/CustomFieldDictionaryProto/./mainApp[0x4168dd]
/tmp/intel_2023.1.0-oneAPI_mpi_O_feature_hconfig-extras/nuopc-app-prototypes/CustomFieldDictionaryProto/./mainApp[0x41607d]
/lib64/libc.so.6(__libc_start_main+0xef)[0x7f1aa263e24d]
/tmp/intel_2023.1.0-oneAPI_mpi_O_feature_hconfig-extras/nuopc-app-prototypes/CustomFieldDictionaryProto/./mainApp[0x415faa]
srun: error: c5n0780: tasks 1-3: Exited with exit code 1
srun: Terminating StepId=135087153.378
slurmstepd: error: *** STEP 135087153.378 ON c5n0780 CANCELLED AT 2024-07-26T04:31:23 ***
forrtl: error (78): process killed (SIGTERM)
Image              PC                Routine            Line        Source             
libpthread-2.31.s  00007F8C3747C910  Unknown               Unknown  Unknown
libc-2.31.so       00007F8C33705B57  __sched_yield         Unknown  Unknown
libmpi_intel.so.1  00007F8C35301ADE  Unknown               Unknown  Unknown
libmpi_intel.so.1  00007F8C3609DA16  Unknown               Unknown  Unknown
libmpi_intel.so.1  00007F8C360B0169  Unknown               Unknown  Unknown
libmpi_intel.so.1  00007F8C35FB858C  Unknown               Unknown  Unknown
libmpi_intel.so.1  00007F8C345A3D11  Unknown               Unknown  Unknown
libmpi_intel.so.1  00007F8C345A3EF5  Unknown               Unknown  Unknown
libmpi_intel.so.1  00007F8C3629D5F0  Unknown               Unknown  Unknown
libmpi_intel.so.1  00007F8C360DD0FC  Unknown               Unknown  Unknown
libmpi_intel.so.1  00007F8C360DB00C  Unknown               Unknown  Unknown
libmpi_intel.so.1  00007F8C34867C01  Unknown               Unknown  Unknown
libmpi_intel.so.1  00007F8C360DF380  Unknown               Unknown  Unknown
libmpi_intel.so.1  00007F8C3629E3D3  Unknown               Unknown  Unknown
libmpi_intel.so.1  00007F8C34691200  Unknown               Unknown  Unknown
libmpi_intel.so.1  00007F8C3469173F  PMPI_Barrier          Unknown  Unknown
libdarshan.so.0.0  00007F8C372095A7  darshan_core_shut     Unknown  Unknown
libdarshan.so.0.0  00007F8C3720823E  MPI_Finalize          Unknown  Unknown
libesmf.so         00007F8C38377F6F  _ZN5ESMCI3VMK8fin     Unknown  Unknown
libesmf.so         00007F8C38395082  _ZN5ESMCI2VM8fina     Unknown  Unknown
libesmf.so         00007F8C38372C05  c_esmc_vmfinalize     Unknown  Unknown
libesmf.so         00007F8C38A9158C  esmf_vmmod_mp_esm     Unknown  Unknown
libesmf.so         00007F8C388998FB  esmf_initmod_mp_e     Unknown  Unknown
mainApp            00000000004168DD  Unknown               Unknown  Unknown
mainApp            000000000041607D  Unknown               Unknown  Unknown
libc-2.31.so       00007F8C3363E24D  __libc_start_main     Unknown  Unknown
mainApp            0000000000415FAA  Unknown               Unknown  Unknown
srun: error: c5n0780: task 0: Killed
srun: Force Terminated StepId=135087153.378
