2024-07-25 03:51:39

mainApp:12230 terminated with signal 11 at PC=43ee73 SP=7fff9c3fec60.  Backtrace:
/tmp/intel_2023.1.0-oneAPI_mpi_O_feature_hconfig-extras/nuopc-app-prototypes/DriverInDriverDataDepProto/./mainApp[0x43ee73]

mainApp:12231 terminated with signal 11 at PC=43ee20 SP=7fff77085140.  Backtrace:
/tmp/intel_2023.1.0-oneAPI_mpi_O_feature_hconfig-extras/nuopc-app-prototypes/DriverInDriverDataDepProto/./mainApp[0x43fe20]
/tmp/intel_2023.1.0-oneAPI_mpi_O_feature_hconfig-extras/nuopc-app-prototypes/DriverInDriverDataDepProto/./mainApp[0x43efc5]
/tmp/intel_2023.1.0-oneAPI_mpi_O_feature_hconfig-extras/nuopc-app-prototypes/DriverInDriverDataDepProto/./mainApp[0x43ee20]
/tmp/intel_2023.1.0-oneAPI_mpi_O_feature_hconfig-extras/nuopc-app-prototypes/DriverInDriverDataDepProto/./mainApp[0x43fe20]
/tmp/intel_2023.1.0-oneAPI_mpi_O_feature_hconfig-extras/nuopc-app-prototypes/DriverInDriverDataDepProto/./mainApp[0x43efc5]
/tmp/intel_2023.1.0-oneAPI_mpi_O_feature_hconfig-extras/esmf/DEFAULTINSTALLDIR/lib/libO/Unicos.intel.64.mpi.default/libesmf.so(f_esmf_compcollectgarbage2_+0x2f1)[0x7f6f77721ff1]
/tmp/intel_2023.1.0-oneAPI_mpi_O_feature_hconfig-extras/esmf/DEFAULTINSTALLDIR/lib/libO/Unicos.intel.64.mpi.default/libesmf.so(f_esmf_compcollectgarbage2_+0x2f1)[0x7feb7c736ff1]
/tmp/intel_2023.1.0-oneAPI_mpi_O_feature_hconfig-extras/esmf/DEFAULTINSTALLDIR/lib/libO/Unicos.intel.64.mpi.default/libesmf.so(_ZN5ESMCI2VM8finalizeEP12ESMC_LogicalPi+0x34f)[0x7f6f7757af8f]
/tmp/intel_2023.1.0-oneAPI_mpi_O_feature_hconfig-extras/esmf/DEFAULTINSTALLDIR/lib/libO/Unicos.intel.64.mpi.default/libesmf.so(_ZN5ESMCI2VM8finalizeEP12ESMC_LogicalPi+0x34f)[0x7feb7c58ff8f]
/tmp/intel_2023.1.0-oneAPI_mpi_O_feature_hconfig-extras/esmf/DEFAULTINSTALLDIR/lib/libO/Unicos.intel.64.mpi.default/libesmf.so(c_esmc_vmfinalize_+0x25)[0x7f6f77558c05]
/tmp/intel_2023.1.0-oneAPI_mpi_O_feature_hconfig-extras/esmf/DEFAULTINSTALLDIR/lib/libO/Unicos.intel.64.mpi.default/libesmf.so(c_esmc_vmfinalize_+0x25)[0x7feb7c56dc05]
/tmp/intel_2023.1.0-oneAPI_mpi_O_feature_hconfig-extras/esmf/DEFAULTINSTALLDIR/lib/libO/Unicos.intel.64.mpi.default/libesmf.so(esmf_vmmod_mp_esmf_vmfinalize_+0x1c)[0x7f6f77c7758c]
/tmp/intel_2023.1.0-oneAPI_mpi_O_feature_hconfig-extras/esmf/DEFAULTINSTALLDIR/lib/libO/Unicos.intel.64.mpi.default/libesmf.so(esmf_vmmod_mp_esmf_vmfinalize_+0x1c)[0x7feb7cc8c58c]
/tmp/intel_2023.1.0-oneAPI_mpi_O_feature_hconfig-extras/esmf/DEFAULTINSTALLDIR/lib/libO/Unicos.intel.64.mpi.default/libesmf.so(esmf_initmod_mp_esmf_finalize_+0x66b)[0x7f6f77a7f8fb]
/tmp/intel_2023.1.0-oneAPI_mpi_O_feature_hconfig-extras/nuopc-app-prototypes/DriverInDriverDataDepProto/./mainApp[0x416a9b]
/tmp/intel_2023.1.0-oneAPI_mpi_O_feature_hconfig-extras/nuopc-app-prototypes/DriverInDriverDataDepProto/./mainApp[0x41647d]
/lib64/libc.so.6(__libc_start_main+0xef)[0x7f6f7283e24d]
/tmp/intel_2023.1.0-oneAPI_mpi_O_feature_hconfig-extras/nuopc-app-prototypes/DriverInDriverDataDepProto/./mainApp[0x4163aa]
/tmp/intel_2023.1.0-oneAPI_mpi_O_feature_hconfig-extras/esmf/DEFAULTINSTALLDIR/lib/libO/Unicos.intel.64.mpi.default/libesmf.so(esmf_initmod_mp_esmf_finalize_+0x66b)[0x7feb7ca948fb]
/tmp/intel_2023.1.0-oneAPI_mpi_O_feature_hconfig-extras/nuopc-app-prototypes/DriverInDriverDataDepProto/./mainApp[0x416a9b]
/tmp/intel_2023.1.0-oneAPI_mpi_O_feature_hconfig-extras/nuopc-app-prototypes/DriverInDriverDataDepProto/./mainApp[0x41647d]
/lib64/libc.so.6(__libc_start_main+0xef)[0x7feb7783e24d]
/tmp/intel_2023.1.0-oneAPI_mpi_O_feature_hconfig-extras/nuopc-app-prototypes/DriverInDriverDataDepProto/./mainApp[0x4163aa]

mainApp:12229 terminated with signal 11 at PC=43ee73 SP=7ffd95ddde30.  Backtrace:
/tmp/intel_2023.1.0-oneAPI_mpi_O_feature_hconfig-extras/nuopc-app-prototypes/DriverInDriverDataDepProto/./mainApp[0x43ee73]
/tmp/intel_2023.1.0-oneAPI_mpi_O_feature_hconfig-extras/nuopc-app-prototypes/DriverInDriverDataDepProto/./mainApp[0x43fe20]
/tmp/intel_2023.1.0-oneAPI_mpi_O_feature_hconfig-extras/nuopc-app-prototypes/DriverInDriverDataDepProto/./mainApp[0x43efc5]
/tmp/intel_2023.1.0-oneAPI_mpi_O_feature_hconfig-extras/esmf/DEFAULTINSTALLDIR/lib/libO/Unicos.intel.64.mpi.default/libesmf.so(f_esmf_compcollectgarbage2_+0x2f1)[0x7f5984017ff1]
/tmp/intel_2023.1.0-oneAPI_mpi_O_feature_hconfig-extras/esmf/DEFAULTINSTALLDIR/lib/libO/Unicos.intel.64.mpi.default/libesmf.so(_ZN5ESMCI2VM8finalizeEP12ESMC_LogicalPi+0x34f)[0x7f5983e70f8f]
/tmp/intel_2023.1.0-oneAPI_mpi_O_feature_hconfig-extras/esmf/DEFAULTINSTALLDIR/lib/libO/Unicos.intel.64.mpi.default/libesmf.so(c_esmc_vmfinalize_+0x25)[0x7f5983e4ec05]
/tmp/intel_2023.1.0-oneAPI_mpi_O_feature_hconfig-extras/esmf/DEFAULTINSTALLDIR/lib/libO/Unicos.intel.64.mpi.default/libesmf.so(esmf_vmmod_mp_esmf_vmfinalize_+0x1c)[0x7f598456d58c]
/tmp/intel_2023.1.0-oneAPI_mpi_O_feature_hconfig-extras/esmf/DEFAULTINSTALLDIR/lib/libO/Unicos.intel.64.mpi.default/libesmf.so(esmf_initmod_mp_esmf_finalize_+0x66b)[0x7f59843758fb]
/tmp/intel_2023.1.0-oneAPI_mpi_O_feature_hconfig-extras/nuopc-app-prototypes/DriverInDriverDataDepProto/./mainApp[0x416a9b]
/tmp/intel_2023.1.0-oneAPI_mpi_O_feature_hconfig-extras/nuopc-app-prototypes/DriverInDriverDataDepProto/./mainApp[0x41647d]
/lib64/libc.so.6(__libc_start_main+0xef)[0x7f597f23e24d]
/tmp/intel_2023.1.0-oneAPI_mpi_O_feature_hconfig-extras/nuopc-app-prototypes/DriverInDriverDataDepProto/./mainApp[0x4163aa]
srun: error: c5n0507: tasks 1-3: Exited with exit code 1
srun: Terminating StepId=135083991.379
slurmstepd: error: *** STEP 135083991.379 ON c5n0507 CANCELLED AT 2024-07-25T04:34:25 ***
forrtl: error (78): process killed (SIGTERM)
Image              PC                Routine            Line        Source             
libpthread-2.31.s  00007EFF3CC18910  Unknown               Unknown  Unknown
libc-2.31.so       00007EFF39305B57  __sched_yield         Unknown  Unknown
libmpi_intel.so.1  00007EFF3AF01ADE  Unknown               Unknown  Unknown
libmpi_intel.so.1  00007EFF3BC9DA16  Unknown               Unknown  Unknown
libmpi_intel.so.1  00007EFF3BCB0169  Unknown               Unknown  Unknown
libmpi_intel.so.1  00007EFF3BBB858C  Unknown               Unknown  Unknown
libmpi_intel.so.1  00007EFF3A1A3D11  Unknown               Unknown  Unknown
libmpi_intel.so.1  00007EFF3A1A3EF5  Unknown               Unknown  Unknown
libmpi_intel.so.1  00007EFF3BE9D5F0  Unknown               Unknown  Unknown
libmpi_intel.so.1  00007EFF3BCDD0FC  Unknown               Unknown  Unknown
libmpi_intel.so.1  00007EFF3BCDB00C  Unknown               Unknown  Unknown
libmpi_intel.so.1  00007EFF3A467C01  Unknown               Unknown  Unknown
libmpi_intel.so.1  00007EFF3BCDF380  Unknown               Unknown  Unknown
libmpi_intel.so.1  00007EFF3BE9E3D3  Unknown               Unknown  Unknown
libmpi_intel.so.1  00007EFF3A291200  Unknown               Unknown  Unknown
libmpi_intel.so.1  00007EFF3A29173F  PMPI_Barrier          Unknown  Unknown
libdarshan.so.0.0  00007EFF3CE095A7  darshan_core_shut     Unknown  Unknown
libdarshan.so.0.0  00007EFF3CE0823E  MPI_Finalize          Unknown  Unknown
libesmf.so         00007EFF3DDE6F6F  _ZN5ESMCI3VMK8fin     Unknown  Unknown
libesmf.so         00007EFF3DE04082  _ZN5ESMCI2VM8fina     Unknown  Unknown
libesmf.so         00007EFF3DDE1C05  c_esmc_vmfinalize     Unknown  Unknown
libesmf.so         00007EFF3E50058C  esmf_vmmod_mp_esm     Unknown  Unknown
libesmf.so         00007EFF3E3088FB  esmf_initmod_mp_e     Unknown  Unknown
mainApp            0000000000416A9B  Unknown               Unknown  Unknown
mainApp            000000000041647D  Unknown               Unknown  Unknown
libc-2.31.so       00007EFF3923E24D  __libc_start_main     Unknown  Unknown
mainApp            00000000004163AA  Unknown               Unknown  Unknown
srun: error: c5n0507: task 0: Killed
srun: Force Terminated StepId=135083991.379
