2024-07-26 04:06:30

mainApp:116221 terminated with signal 11 at PC=43e063 SP=7ffefeb292e0.  Backtrace:

mainApp:116222 terminated with signal 11 at PC=43e030 SP=7fff610778c0.  Backtrace:
/tmp/intel_2023.1.0-oneAPI_mpi_O_feature_hconfig-extras/nuopc-app-prototypes/DriverInDriverProto/./mainApp[0x43e030]
/tmp/intel_2023.1.0-oneAPI_mpi_O_feature_hconfig-extras/nuopc-app-prototypes/DriverInDriverProto/./mainApp[0x43e063]
/tmp/intel_2023.1.0-oneAPI_mpi_O_feature_hconfig-extras/nuopc-app-prototypes/DriverInDriverProto/./mainApp[0x43f030]
/tmp/intel_2023.1.0-oneAPI_mpi_O_feature_hconfig-extras/nuopc-app-prototypes/DriverInDriverProto/./mainApp[0x43e1d5]
/tmp/intel_2023.1.0-oneAPI_mpi_O_feature_hconfig-extras/nuopc-app-prototypes/DriverInDriverProto/./mainApp[0x43f030]
/tmp/intel_2023.1.0-oneAPI_mpi_O_feature_hconfig-extras/nuopc-app-prototypes/DriverInDriverProto/./mainApp[0x43e1d5]
/tmp/intel_2023.1.0-oneAPI_mpi_O_feature_hconfig-extras/esmf/DEFAULTINSTALLDIR/lib/libO/Unicos.intel.64.mpi.default/libesmf.so(f_esmf_compcollectgarbage2_+0x2f1)[0x7f2fc066dff1]
/tmp/intel_2023.1.0-oneAPI_mpi_O_feature_hconfig-extras/esmf/DEFAULTINSTALLDIR/lib/libO/Unicos.intel.64.mpi.default/libesmf.so(f_esmf_compcollectgarbage2_+0x2f1)[0x7fb91d5fcff1]
/tmp/intel_2023.1.0-oneAPI_mpi_O_feature_hconfig-extras/esmf/DEFAULTINSTALLDIR/lib/libO/Unicos.intel.64.mpi.default/libesmf.so(_ZN5ESMCI2VM8finalizeEP12ESMC_LogicalPi+0x34f)[0x7f2fc04c6f8f]
/tmp/intel_2023.1.0-oneAPI_mpi_O_feature_hconfig-extras/esmf/DEFAULTINSTALLDIR/lib/libO/Unicos.intel.64.mpi.default/libesmf.so(_ZN5ESMCI2VM8finalizeEP12ESMC_LogicalPi+0x34f)[0x7fb91d455f8f]
/tmp/intel_2023.1.0-oneAPI_mpi_O_feature_hconfig-extras/esmf/DEFAULTINSTALLDIR/lib/libO/Unicos.intel.64.mpi.default/libesmf.so(c_esmc_vmfinalize_+0x25)[0x7f2fc04a4c05]
/tmp/intel_2023.1.0-oneAPI_mpi_O_feature_hconfig-extras/esmf/DEFAULTINSTALLDIR/lib/libO/Unicos.intel.64.mpi.default/libesmf.so(c_esmc_vmfinalize_+0x25)[0x7fb91d433c05]
/tmp/intel_2023.1.0-oneAPI_mpi_O_feature_hconfig-extras/esmf/DEFAULTINSTALLDIR/lib/libO/Unicos.intel.64.mpi.default/libesmf.so(esmf_vmmod_mp_esmf_vmfinalize_+0x1c)[0x7f2fc0bc358c]
/tmp/intel_2023.1.0-oneAPI_mpi_O_feature_hconfig-extras/esmf/DEFAULTINSTALLDIR/lib/libO/Unicos.intel.64.mpi.default/libesmf.so(esmf_vmmod_mp_esmf_vmfinalize_+0x1c)[0x7fb91db5258c]
/tmp/intel_2023.1.0-oneAPI_mpi_O_feature_hconfig-extras/esmf/DEFAULTINSTALLDIR/lib/libO/Unicos.intel.64.mpi.default/libesmf.so(esmf_initmod_mp_esmf_finalize_+0x66b)[0x7f2fc09cb8fb]
/tmp/intel_2023.1.0-oneAPI_mpi_O_feature_hconfig-extras/nuopc-app-prototypes/DriverInDriverProto/./mainApp[0x41679b]
/tmp/intel_2023.1.0-oneAPI_mpi_O_feature_hconfig-extras/esmf/DEFAULTINSTALLDIR/lib/libO/Unicos.intel.64.mpi.default/libesmf.so(esmf_initmod_mp_esmf_finalize_+0x66b)[0x7fb91d95a8fb]
/tmp/intel_2023.1.0-oneAPI_mpi_O_feature_hconfig-extras/nuopc-app-prototypes/DriverInDriverProto/./mainApp[0x41679b]
/tmp/intel_2023.1.0-oneAPI_mpi_O_feature_hconfig-extras/nuopc-app-prototypes/DriverInDriverProto/./mainApp[0x41617d]
/lib64/libc.so.6(__libc_start_main+0xef)[0x7f2fbb83e24d]
/tmp/intel_2023.1.0-oneAPI_mpi_O_feature_hconfig-extras/nuopc-app-prototypes/DriverInDriverProto/./mainApp[0x41617d]
/lib64/libc.so.6(__libc_start_main+0xef)[0x7fb91883e24d]
/tmp/intel_2023.1.0-oneAPI_mpi_O_feature_hconfig-extras/nuopc-app-prototypes/DriverInDriverProto/./mainApp[0x4160aa]
/tmp/intel_2023.1.0-oneAPI_mpi_O_feature_hconfig-extras/nuopc-app-prototypes/DriverInDriverProto/./mainApp[0x4160aa]

mainApp:116220 terminated with signal 11 at PC=43e047 SP=7ffd48319c10.  Backtrace:
/tmp/intel_2023.1.0-oneAPI_mpi_O_feature_hconfig-extras/nuopc-app-prototypes/DriverInDriverProto/./mainApp[0x43e047]
/tmp/intel_2023.1.0-oneAPI_mpi_O_feature_hconfig-extras/nuopc-app-prototypes/DriverInDriverProto/./mainApp[0x43f030]
/tmp/intel_2023.1.0-oneAPI_mpi_O_feature_hconfig-extras/nuopc-app-prototypes/DriverInDriverProto/./mainApp[0x43e1d5]
/tmp/intel_2023.1.0-oneAPI_mpi_O_feature_hconfig-extras/esmf/DEFAULTINSTALLDIR/lib/libO/Unicos.intel.64.mpi.default/libesmf.so(f_esmf_compcollectgarbage2_+0x2f1)[0x7ff131295ff1]
/tmp/intel_2023.1.0-oneAPI_mpi_O_feature_hconfig-extras/esmf/DEFAULTINSTALLDIR/lib/libO/Unicos.intel.64.mpi.default/libesmf.so(_ZN5ESMCI2VM8finalizeEP12ESMC_LogicalPi+0x34f)[0x7ff1310eef8f]
/tmp/intel_2023.1.0-oneAPI_mpi_O_feature_hconfig-extras/esmf/DEFAULTINSTALLDIR/lib/libO/Unicos.intel.64.mpi.default/libesmf.so(c_esmc_vmfinalize_+0x25)[0x7ff1310ccc05]
/tmp/intel_2023.1.0-oneAPI_mpi_O_feature_hconfig-extras/esmf/DEFAULTINSTALLDIR/lib/libO/Unicos.intel.64.mpi.default/libesmf.so(esmf_vmmod_mp_esmf_vmfinalize_+0x1c)[0x7ff1317eb58c]
/tmp/intel_2023.1.0-oneAPI_mpi_O_feature_hconfig-extras/esmf/DEFAULTINSTALLDIR/lib/libO/Unicos.intel.64.mpi.default/libesmf.so(esmf_initmod_mp_esmf_finalize_+0x66b)[0x7ff1315f38fb]
/tmp/intel_2023.1.0-oneAPI_mpi_O_feature_hconfig-extras/nuopc-app-prototypes/DriverInDriverProto/./mainApp[0x41679b]
/tmp/intel_2023.1.0-oneAPI_mpi_O_feature_hconfig-extras/nuopc-app-prototypes/DriverInDriverProto/./mainApp[0x41617d]
/lib64/libc.so.6(__libc_start_main+0xef)[0x7ff12c43e24d]
/tmp/intel_2023.1.0-oneAPI_mpi_O_feature_hconfig-extras/nuopc-app-prototypes/DriverInDriverProto/./mainApp[0x4160aa]
srun: error: c5n0780: tasks 1-3: Exited with exit code 1
srun: Terminating StepId=135087153.380
slurmstepd: error: *** STEP 135087153.380 ON c5n0780 CANCELLED AT 2024-07-26T04:32:29 ***
forrtl: error (78): process killed (SIGTERM)
Image              PC                Routine            Line        Source             
libpthread-2.31.s  00007F62091CE910  Unknown               Unknown  Unknown
libc-2.31.so       00007F6205905B57  __sched_yield         Unknown  Unknown
libmpi_intel.so.1  00007F6207501ADE  Unknown               Unknown  Unknown
libmpi_intel.so.1  00007F620829DA16  Unknown               Unknown  Unknown
libmpi_intel.so.1  00007F62082B0169  Unknown               Unknown  Unknown
libmpi_intel.so.1  00007F62081B858C  Unknown               Unknown  Unknown
libmpi_intel.so.1  00007F62067A3D11  Unknown               Unknown  Unknown
libmpi_intel.so.1  00007F62067A3EF5  Unknown               Unknown  Unknown
libmpi_intel.so.1  00007F620849D5F0  Unknown               Unknown  Unknown
libmpi_intel.so.1  00007F62082DD0FC  Unknown               Unknown  Unknown
libmpi_intel.so.1  00007F62082DB00C  Unknown               Unknown  Unknown
libmpi_intel.so.1  00007F6206A67C01  Unknown               Unknown  Unknown
libmpi_intel.so.1  00007F62082DF380  Unknown               Unknown  Unknown
libmpi_intel.so.1  00007F620849E3D3  Unknown               Unknown  Unknown
libmpi_intel.so.1  00007F6206891200  Unknown               Unknown  Unknown
libmpi_intel.so.1  00007F620689173F  PMPI_Barrier          Unknown  Unknown
libdarshan.so.0.0  00007F62092095A7  darshan_core_shut     Unknown  Unknown
libdarshan.so.0.0  00007F620920823E  MPI_Finalize          Unknown  Unknown
libesmf.so         00007F620A392F6F  _ZN5ESMCI3VMK8fin     Unknown  Unknown
libesmf.so         00007F620A3B0082  _ZN5ESMCI2VM8fina     Unknown  Unknown
libesmf.so         00007F620A38DC05  c_esmc_vmfinalize     Unknown  Unknown
libesmf.so         00007F620AAAC58C  esmf_vmmod_mp_esm     Unknown  Unknown
libesmf.so         00007F620A8B48FB  esmf_initmod_mp_e     Unknown  Unknown
mainApp            000000000041679B  Unknown               Unknown  Unknown
mainApp            000000000041617D  Unknown               Unknown  Unknown
libc-2.31.so       00007F620583E24D  __libc_start_main     Unknown  Unknown
mainApp            00000000004160AA  Unknown               Unknown  Unknown
srun: error: c5n0780: task 0: Killed
srun: Force Terminated StepId=135087153.380
