2024-07-25 03:51:39

mainApp:13041 terminated with signal 11 at PC=43e702 SP=7ffeb8ddb360.  Backtrace:

mainApp:13043 terminated with signal 11 at PC=43e741 SP=7ffe732e6e00.  Backtrace:

mainApp:13042 terminated with signal 11 at PC=43e700 SP=7ffcf4427080.  Backtrace:
/tmp/intel_2023.1.0-oneAPI_mpi_O_feature_hconfig-extras/nuopc-app-prototypes/NamespaceProto/./mainApp[0x43e702]
/tmp/intel_2023.1.0-oneAPI_mpi_O_feature_hconfig-extras/nuopc-app-prototypes/NamespaceProto/./mainApp[0x43f700]
/tmp/intel_2023.1.0-oneAPI_mpi_O_feature_hconfig-extras/nuopc-app-prototypes/NamespaceProto/./mainApp[0x43e8a5]
/tmp/intel_2023.1.0-oneAPI_mpi_O_feature_hconfig-extras/nuopc-app-prototypes/NamespaceProto/./mainApp[0x43e741]
/tmp/intel_2023.1.0-oneAPI_mpi_O_feature_hconfig-extras/nuopc-app-prototypes/NamespaceProto/./mainApp[0x43f700]
/tmp/intel_2023.1.0-oneAPI_mpi_O_feature_hconfig-extras/nuopc-app-prototypes/NamespaceProto/./mainApp[0x43e8a5]
/tmp/intel_2023.1.0-oneAPI_mpi_O_feature_hconfig-extras/nuopc-app-prototypes/NamespaceProto/./mainApp[0x43e700]
/tmp/intel_2023.1.0-oneAPI_mpi_O_feature_hconfig-extras/nuopc-app-prototypes/NamespaceProto/./mainApp[0x43f700]
/tmp/intel_2023.1.0-oneAPI_mpi_O_feature_hconfig-extras/nuopc-app-prototypes/NamespaceProto/./mainApp[0x43e8a5]
/tmp/intel_2023.1.0-oneAPI_mpi_O_feature_hconfig-extras/esmf/DEFAULTINSTALLDIR/lib/libO/Unicos.intel.64.mpi.default/libesmf.so(f_esmf_compcollectgarbage2_+0x2f1)[0x7f8f40e4dff1]
/tmp/intel_2023.1.0-oneAPI_mpi_O_feature_hconfig-extras/esmf/DEFAULTINSTALLDIR/lib/libO/Unicos.intel.64.mpi.default/libesmf.so(f_esmf_compcollectgarbage2_+0x2f1)[0x7f5afc209ff1]
/tmp/intel_2023.1.0-oneAPI_mpi_O_feature_hconfig-extras/esmf/DEFAULTINSTALLDIR/lib/libO/Unicos.intel.64.mpi.default/libesmf.so(f_esmf_compcollectgarbage2_+0x2f1)[0x7f037b238ff1]
/tmp/intel_2023.1.0-oneAPI_mpi_O_feature_hconfig-extras/esmf/DEFAULTINSTALLDIR/lib/libO/Unicos.intel.64.mpi.default/libesmf.so(_ZN5ESMCI2VM8finalizeEP12ESMC_LogicalPi+0x34f)[0x7f8f40ca6f8f]
/tmp/intel_2023.1.0-oneAPI_mpi_O_feature_hconfig-extras/esmf/DEFAULTINSTALLDIR/lib/libO/Unicos.intel.64.mpi.default/libesmf.so(_ZN5ESMCI2VM8finalizeEP12ESMC_LogicalPi+0x34f)[0x7f5afc062f8f]
/tmp/intel_2023.1.0-oneAPI_mpi_O_feature_hconfig-extras/esmf/DEFAULTINSTALLDIR/lib/libO/Unicos.intel.64.mpi.default/libesmf.so(_ZN5ESMCI2VM8finalizeEP12ESMC_LogicalPi+0x34f)[0x7f037b091f8f]
/tmp/intel_2023.1.0-oneAPI_mpi_O_feature_hconfig-extras/esmf/DEFAULTINSTALLDIR/lib/libO/Unicos.intel.64.mpi.default/libesmf.so(c_esmc_vmfinalize_+0x25)[0x7f8f40c84c05]
/tmp/intel_2023.1.0-oneAPI_mpi_O_feature_hconfig-extras/esmf/DEFAULTINSTALLDIR/lib/libO/Unicos.intel.64.mpi.default/libesmf.so(c_esmc_vmfinalize_+0x25)[0x7f5afc040c05]
/tmp/intel_2023.1.0-oneAPI_mpi_O_feature_hconfig-extras/esmf/DEFAULTINSTALLDIR/lib/libO/Unicos.intel.64.mpi.default/libesmf.so(c_esmc_vmfinalize_+0x25)[0x7f037b06fc05]
/tmp/intel_2023.1.0-oneAPI_mpi_O_feature_hconfig-extras/esmf/DEFAULTINSTALLDIR/lib/libO/Unicos.intel.64.mpi.default/libesmf.so(esmf_vmmod_mp_esmf_vmfinalize_+0x1c)[0x7f8f413a358c]
/tmp/intel_2023.1.0-oneAPI_mpi_O_feature_hconfig-extras/esmf/DEFAULTINSTALLDIR/lib/libO/Unicos.intel.64.mpi.default/libesmf.so(esmf_vmmod_mp_esmf_vmfinalize_+0x1c)[0x7f5afc75f58c]
/tmp/intel_2023.1.0-oneAPI_mpi_O_feature_hconfig-extras/esmf/DEFAULTINSTALLDIR/lib/libO/Unicos.intel.64.mpi.default/libesmf.so(esmf_vmmod_mp_esmf_vmfinalize_+0x1c)[0x7f037b78e58c]
/tmp/intel_2023.1.0-oneAPI_mpi_O_feature_hconfig-extras/esmf/DEFAULTINSTALLDIR/lib/libO/Unicos.intel.64.mpi.default/libesmf.so(esmf_initmod_mp_esmf_finalize_+0x66b)[0x7f8f411ab8fb]
/tmp/intel_2023.1.0-oneAPI_mpi_O_feature_hconfig-extras/nuopc-app-prototypes/NamespaceProto/./mainApp[0x41679b]
/tmp/intel_2023.1.0-oneAPI_mpi_O_feature_hconfig-extras/nuopc-app-prototypes/NamespaceProto/./mainApp[0x41617d]
/lib64/libc.so.6(__libc_start_main+0xef)[0x7f8f3c03e24d]
/tmp/intel_2023.1.0-oneAPI_mpi_O_feature_hconfig-extras/nuopc-app-prototypes/NamespaceProto/./mainApp[0x4160aa]
/tmp/intel_2023.1.0-oneAPI_mpi_O_feature_hconfig-extras/esmf/DEFAULTINSTALLDIR/lib/libO/Unicos.intel.64.mpi.default/libesmf.so(esmf_initmod_mp_esmf_finalize_+0x66b)[0x7f5afc5678fb]
/tmp/intel_2023.1.0-oneAPI_mpi_O_feature_hconfig-extras/nuopc-app-prototypes/NamespaceProto/./mainApp[0x41679b]
/tmp/intel_2023.1.0-oneAPI_mpi_O_feature_hconfig-extras/nuopc-app-prototypes/NamespaceProto/./mainApp[0x41617d]
/lib64/libc.so.6(__libc_start_main+0xef)[0x7f5af743e24d]
/tmp/intel_2023.1.0-oneAPI_mpi_O_feature_hconfig-extras/nuopc-app-prototypes/NamespaceProto/./mainApp[0x4160aa]
/tmp/intel_2023.1.0-oneAPI_mpi_O_feature_hconfig-extras/esmf/DEFAULTINSTALLDIR/lib/libO/Unicos.intel.64.mpi.default/libesmf.so(esmf_initmod_mp_esmf_finalize_+0x66b)[0x7f037b5968fb]
/tmp/intel_2023.1.0-oneAPI_mpi_O_feature_hconfig-extras/nuopc-app-prototypes/NamespaceProto/./mainApp[0x41679b]
/tmp/intel_2023.1.0-oneAPI_mpi_O_feature_hconfig-extras/nuopc-app-prototypes/NamespaceProto/./mainApp[0x41617d]
/lib64/libc.so.6(__libc_start_main+0xef)[0x7f037643e24d]
/tmp/intel_2023.1.0-oneAPI_mpi_O_feature_hconfig-extras/nuopc-app-prototypes/NamespaceProto/./mainApp[0x4160aa]
srun: error: c5n0507: tasks 1-3: Exited with exit code 1
srun: Terminating StepId=135083991.386
slurmstepd: error: *** STEP 135083991.386 ON c5n0507 CANCELLED AT 2024-07-25T04:35:46 ***
forrtl: error (78): process killed (SIGTERM)
Image              PC                Routine            Line        Source             
libpthread-2.31.s  00007F1BEDA78910  Unknown               Unknown  Unknown
libc-2.31.so       00007F1BE9D05B57  __sched_yield         Unknown  Unknown
libmpi_intel.so.1  00007F1BEB901ADE  Unknown               Unknown  Unknown
libmpi_intel.so.1  00007F1BEC69DA16  Unknown               Unknown  Unknown
libmpi_intel.so.1  00007F1BEC6B0169  Unknown               Unknown  Unknown
libmpi_intel.so.1  00007F1BEC5B858C  Unknown               Unknown  Unknown
libmpi_intel.so.1  00007F1BEABA3D11  Unknown               Unknown  Unknown
libmpi_intel.so.1  00007F1BEABA3EF5  Unknown               Unknown  Unknown
libmpi_intel.so.1  00007F1BEC89D5F0  Unknown               Unknown  Unknown
libmpi_intel.so.1  00007F1BEC6DD0FC  Unknown               Unknown  Unknown
libmpi_intel.so.1  00007F1BEC6DB00C  Unknown               Unknown  Unknown
libmpi_intel.so.1  00007F1BEAE67C01  Unknown               Unknown  Unknown
libmpi_intel.so.1  00007F1BEC6DF380  Unknown               Unknown  Unknown
libmpi_intel.so.1  00007F1BEC89E3D3  Unknown               Unknown  Unknown
libmpi_intel.so.1  00007F1BEAC91200  Unknown               Unknown  Unknown
libmpi_intel.so.1  00007F1BEAC9173F  PMPI_Barrier          Unknown  Unknown
libdarshan.so.0.0  00007F1BED8095A7  darshan_core_shut     Unknown  Unknown
libdarshan.so.0.0  00007F1BED80823E  MPI_Finalize          Unknown  Unknown
libesmf.so         00007F1BEE827F6F  _ZN5ESMCI3VMK8fin     Unknown  Unknown
libesmf.so         00007F1BEE845082  _ZN5ESMCI2VM8fina     Unknown  Unknown
libesmf.so         00007F1BEE822C05  c_esmc_vmfinalize     Unknown  Unknown
libesmf.so         00007F1BEEF4158C  esmf_vmmod_mp_esm     Unknown  Unknown
libesmf.so         00007F1BEED498FB  esmf_initmod_mp_e     Unknown  Unknown
mainApp            000000000041679B  Unknown               Unknown  Unknown
mainApp            000000000041617D  Unknown               Unknown  Unknown
libc-2.31.so       00007F1BE9C3E24D  __libc_start_main     Unknown  Unknown
mainApp            00000000004160AA  Unknown               Unknown  Unknown
srun: error: c5n0507: task 0: Killed
srun: Force Terminated StepId=135083991.386
