2024-07-26 04:06:30

mainApp:117231 terminated with signal 11 at PC=441df3 SP=7ffc7e7e9ca0.  Backtrace:

mainApp:117233 terminated with signal 11 at PC=441dd7 SP=7ffc36cc5f40.  Backtrace:
/tmp/intel_2023.1.0-oneAPI_mpi_O_feature_hconfig-extras/nuopc-app-prototypes/NestingMultipleProto/./mainApp[0x441df3]
/tmp/intel_2023.1.0-oneAPI_mpi_O_feature_hconfig-extras/nuopc-app-prototypes/NestingMultipleProto/./mainApp[0x442dc0]
/tmp/intel_2023.1.0-oneAPI_mpi_O_feature_hconfig-extras/nuopc-app-prototypes/NestingMultipleProto/./mainApp[0x441f65]

mainApp:117232 terminated with signal 11 at PC=441de9 SP=7ffdddd3e170.  Backtrace:
/tmp/intel_2023.1.0-oneAPI_mpi_O_feature_hconfig-extras/nuopc-app-prototypes/NestingMultipleProto/./mainApp[0x441dd7]
/tmp/intel_2023.1.0-oneAPI_mpi_O_feature_hconfig-extras/nuopc-app-prototypes/NestingMultipleProto/./mainApp[0x442dc0]
/tmp/intel_2023.1.0-oneAPI_mpi_O_feature_hconfig-extras/nuopc-app-prototypes/NestingMultipleProto/./mainApp[0x441f65]
/tmp/intel_2023.1.0-oneAPI_mpi_O_feature_hconfig-extras/nuopc-app-prototypes/NestingMultipleProto/./mainApp[0x441de9]
/tmp/intel_2023.1.0-oneAPI_mpi_O_feature_hconfig-extras/nuopc-app-prototypes/NestingMultipleProto/./mainApp[0x442dc0]
/tmp/intel_2023.1.0-oneAPI_mpi_O_feature_hconfig-extras/nuopc-app-prototypes/NestingMultipleProto/./mainApp[0x441f65]
/tmp/intel_2023.1.0-oneAPI_mpi_O_feature_hconfig-extras/esmf/DEFAULTINSTALLDIR/lib/libO/Unicos.intel.64.mpi.default/libesmf.so(f_esmf_compcollectgarbage2_+0x2f1)[0x7f71984b7ff1]
/tmp/intel_2023.1.0-oneAPI_mpi_O_feature_hconfig-extras/esmf/DEFAULTINSTALLDIR/lib/libO/Unicos.intel.64.mpi.default/libesmf.so(f_esmf_compcollectgarbage2_+0x2f1)[0x7fdbc2d29ff1]
/tmp/intel_2023.1.0-oneAPI_mpi_O_feature_hconfig-extras/esmf/DEFAULTINSTALLDIR/lib/libO/Unicos.intel.64.mpi.default/libesmf.so(f_esmf_compcollectgarbage2_+0x2f1)[0x7f9128a74ff1]
/tmp/intel_2023.1.0-oneAPI_mpi_O_feature_hconfig-extras/esmf/DEFAULTINSTALLDIR/lib/libO/Unicos.intel.64.mpi.default/libesmf.so(_ZN5ESMCI2VM8finalizeEP12ESMC_LogicalPi+0x34f)[0x7f7198310f8f]
/tmp/intel_2023.1.0-oneAPI_mpi_O_feature_hconfig-extras/esmf/DEFAULTINSTALLDIR/lib/libO/Unicos.intel.64.mpi.default/libesmf.so(_ZN5ESMCI2VM8finalizeEP12ESMC_LogicalPi+0x34f)[0x7fdbc2b82f8f]
/tmp/intel_2023.1.0-oneAPI_mpi_O_feature_hconfig-extras/esmf/DEFAULTINSTALLDIR/lib/libO/Unicos.intel.64.mpi.default/libesmf.so(_ZN5ESMCI2VM8finalizeEP12ESMC_LogicalPi+0x34f)[0x7f91288cdf8f]
/tmp/intel_2023.1.0-oneAPI_mpi_O_feature_hconfig-extras/esmf/DEFAULTINSTALLDIR/lib/libO/Unicos.intel.64.mpi.default/libesmf.so(c_esmc_vmfinalize_+0x25)[0x7f71982eec05]
/tmp/intel_2023.1.0-oneAPI_mpi_O_feature_hconfig-extras/esmf/DEFAULTINSTALLDIR/lib/libO/Unicos.intel.64.mpi.default/libesmf.so(c_esmc_vmfinalize_+0x25)[0x7fdbc2b60c05]
/tmp/intel_2023.1.0-oneAPI_mpi_O_feature_hconfig-extras/esmf/DEFAULTINSTALLDIR/lib/libO/Unicos.intel.64.mpi.default/libesmf.so(c_esmc_vmfinalize_+0x25)[0x7f91288abc05]
/tmp/intel_2023.1.0-oneAPI_mpi_O_feature_hconfig-extras/esmf/DEFAULTINSTALLDIR/lib/libO/Unicos.intel.64.mpi.default/libesmf.so(esmf_vmmod_mp_esmf_vmfinalize_+0x1c)[0x7f7198a0d58c]
/tmp/intel_2023.1.0-oneAPI_mpi_O_feature_hconfig-extras/esmf/DEFAULTINSTALLDIR/lib/libO/Unicos.intel.64.mpi.default/libesmf.so(esmf_vmmod_mp_esmf_vmfinalize_+0x1c)[0x7fdbc327f58c]
/tmp/intel_2023.1.0-oneAPI_mpi_O_feature_hconfig-extras/esmf/DEFAULTINSTALLDIR/lib/libO/Unicos.intel.64.mpi.default/libesmf.so(esmf_vmmod_mp_esmf_vmfinalize_+0x1c)[0x7f9128fca58c]
/tmp/intel_2023.1.0-oneAPI_mpi_O_feature_hconfig-extras/esmf/DEFAULTINSTALLDIR/lib/libO/Unicos.intel.64.mpi.default/libesmf.so(esmf_initmod_mp_esmf_finalize_+0x66b)[0x7f71988158fb]
/tmp/intel_2023.1.0-oneAPI_mpi_O_feature_hconfig-extras/nuopc-app-prototypes/NestingMultipleProto/./mainApp[0x4171d3]
/tmp/intel_2023.1.0-oneAPI_mpi_O_feature_hconfig-extras/nuopc-app-prototypes/NestingMultipleProto/./mainApp[0x416b3d]
/lib64/libc.so.6(__libc_start_main+0xef)[0x7f719363e24d]
/tmp/intel_2023.1.0-oneAPI_mpi_O_feature_hconfig-extras/nuopc-app-prototypes/NestingMultipleProto/./mainApp[0x416a6a]
/tmp/intel_2023.1.0-oneAPI_mpi_O_feature_hconfig-extras/esmf/DEFAULTINSTALLDIR/lib/libO/Unicos.intel.64.mpi.default/libesmf.so(esmf_initmod_mp_esmf_finalize_+0x66b)[0x7fdbc30878fb]
/tmp/intel_2023.1.0-oneAPI_mpi_O_feature_hconfig-extras/nuopc-app-prototypes/NestingMultipleProto/./mainApp[0x4171d3]
/tmp/intel_2023.1.0-oneAPI_mpi_O_feature_hconfig-extras/nuopc-app-prototypes/NestingMultipleProto/./mainApp[0x416b3d]
/lib64/libc.so.6(__libc_start_main+0xef)[0x7fdbbde3e24d]
/tmp/intel_2023.1.0-oneAPI_mpi_O_feature_hconfig-extras/nuopc-app-prototypes/NestingMultipleProto/./mainApp[0x416a6a]
/tmp/intel_2023.1.0-oneAPI_mpi_O_feature_hconfig-extras/esmf/DEFAULTINSTALLDIR/lib/libO/Unicos.intel.64.mpi.default/libesmf.so(esmf_initmod_mp_esmf_finalize_+0x66b)[0x7f9128dd28fb]
/tmp/intel_2023.1.0-oneAPI_mpi_O_feature_hconfig-extras/nuopc-app-prototypes/NestingMultipleProto/./mainApp[0x4171d3]
/tmp/intel_2023.1.0-oneAPI_mpi_O_feature_hconfig-extras/nuopc-app-prototypes/NestingMultipleProto/./mainApp[0x416b3d]
/lib64/libc.so.6(__libc_start_main+0xef)[0x7f9123c3e24d]
/tmp/intel_2023.1.0-oneAPI_mpi_O_feature_hconfig-extras/nuopc-app-prototypes/NestingMultipleProto/./mainApp[0x416a6a]
srun: error: c5n0780: tasks 1-3: Exited with exit code 1
srun: Terminating StepId=135087153.387
slurmstepd: error: *** STEP 135087153.387 ON c5n0780 CANCELLED AT 2024-07-26T04:33:51 ***
forrtl: error (78): process killed (SIGTERM)
Image              PC                Routine            Line        Source             
libpthread-2.31.s  00007F28D0C18910  Unknown               Unknown  Unknown
libc-2.31.so       00007F28CD305B57  __sched_yield         Unknown  Unknown
libmpi_intel.so.1  00007F28CEF01ADE  Unknown               Unknown  Unknown
libmpi_intel.so.1  00007F28CFC9DA16  Unknown               Unknown  Unknown
libmpi_intel.so.1  00007F28CFCB0169  Unknown               Unknown  Unknown
libmpi_intel.so.1  00007F28CFBB858C  Unknown               Unknown  Unknown
libmpi_intel.so.1  00007F28CE1A3D11  Unknown               Unknown  Unknown
libmpi_intel.so.1  00007F28CE1A3EF5  Unknown               Unknown  Unknown
libmpi_intel.so.1  00007F28CFE9D5F0  Unknown               Unknown  Unknown
libmpi_intel.so.1  00007F28CFCDD0FC  Unknown               Unknown  Unknown
libmpi_intel.so.1  00007F28CFCDB00C  Unknown               Unknown  Unknown
libmpi_intel.so.1  00007F28CE467C01  Unknown               Unknown  Unknown
libmpi_intel.so.1  00007F28CFCDF380  Unknown               Unknown  Unknown
libmpi_intel.so.1  00007F28CFE9E3D3  Unknown               Unknown  Unknown
libmpi_intel.so.1  00007F28CE291200  Unknown               Unknown  Unknown
libmpi_intel.so.1  00007F28CE29173F  PMPI_Barrier          Unknown  Unknown
libdarshan.so.0.0  00007F28D0E095A7  darshan_core_shut     Unknown  Unknown
libdarshan.so.0.0  00007F28D0E0823E  MPI_Finalize          Unknown  Unknown
libesmf.so         00007F28D1DCFF6F  _ZN5ESMCI3VMK8fin     Unknown  Unknown
libesmf.so         00007F28D1DED082  _ZN5ESMCI2VM8fina     Unknown  Unknown
libesmf.so         00007F28D1DCAC05  c_esmc_vmfinalize     Unknown  Unknown
libesmf.so         00007F28D24E958C  esmf_vmmod_mp_esm     Unknown  Unknown
libesmf.so         00007F28D22F18FB  esmf_initmod_mp_e     Unknown  Unknown
mainApp            00000000004171D3  Unknown               Unknown  Unknown
mainApp            0000000000416B3D  Unknown               Unknown  Unknown
libc-2.31.so       00007F28CD23E24D  __libc_start_main     Unknown  Unknown
mainApp            0000000000416A6A  Unknown               Unknown  Unknown
srun: error: c5n0780: task 0: Killed
srun: Force Terminated StepId=135087153.387
