2024-07-26 04:06:30

mainApp:117554 terminated with signal 11 at PC=43c2e3 SP=7ffea3fcc320.  Backtrace:

mainApp:117556 terminated with signal 11 at PC=43c2b0 SP=7ffda63a0940.  Backtrace:
/tmp/intel_2023.1.0-oneAPI_mpi_O_feature_hconfig-extras/nuopc-app-prototypes/SingleModelProto/./mainApp[0x43c2e3]
/tmp/intel_2023.1.0-oneAPI_mpi_O_feature_hconfig-extras/nuopc-app-prototypes/SingleModelProto/./mainApp[0x43d2b0]

mainApp:117555 terminated with signal 11 at PC=43c2b0 SP=7ffce3f2f5c0.  Backtrace:
/tmp/intel_2023.1.0-oneAPI_mpi_O_feature_hconfig-extras/nuopc-app-prototypes/SingleModelProto/./mainApp[0x43c2b0]
/tmp/intel_2023.1.0-oneAPI_mpi_O_feature_hconfig-extras/nuopc-app-prototypes/SingleModelProto/./mainApp[0x43d2b0]
/tmp/intel_2023.1.0-oneAPI_mpi_O_feature_hconfig-extras/nuopc-app-prototypes/SingleModelProto/./mainApp[0x43c455]
/tmp/intel_2023.1.0-oneAPI_mpi_O_feature_hconfig-extras/nuopc-app-prototypes/SingleModelProto/./mainApp[0x43c455]
/tmp/intel_2023.1.0-oneAPI_mpi_O_feature_hconfig-extras/nuopc-app-prototypes/SingleModelProto/./mainApp[0x43c2b0]
/tmp/intel_2023.1.0-oneAPI_mpi_O_feature_hconfig-extras/nuopc-app-prototypes/SingleModelProto/./mainApp[0x43d2b0]
/tmp/intel_2023.1.0-oneAPI_mpi_O_feature_hconfig-extras/nuopc-app-prototypes/SingleModelProto/./mainApp[0x43c455]
/tmp/intel_2023.1.0-oneAPI_mpi_O_feature_hconfig-extras/esmf/DEFAULTINSTALLDIR/lib/libO/Unicos.intel.64.mpi.default/libesmf.so(f_esmf_compcollectgarbage2_+0x2f1)[0x7fa0091bcff1]
/tmp/intel_2023.1.0-oneAPI_mpi_O_feature_hconfig-extras/esmf/DEFAULTINSTALLDIR/lib/libO/Unicos.intel.64.mpi.default/libesmf.so(f_esmf_compcollectgarbage2_+0x2f1)[0x7fa00cef0ff1]
/tmp/intel_2023.1.0-oneAPI_mpi_O_feature_hconfig-extras/esmf/DEFAULTINSTALLDIR/lib/libO/Unicos.intel.64.mpi.default/libesmf.so(f_esmf_compcollectgarbage2_+0x2f1)[0x7f5df728eff1]
/tmp/intel_2023.1.0-oneAPI_mpi_O_feature_hconfig-extras/esmf/DEFAULTINSTALLDIR/lib/libO/Unicos.intel.64.mpi.default/libesmf.so(_ZN5ESMCI2VM8finalizeEP12ESMC_LogicalPi+0x34f)[0x7fa009015f8f]
/tmp/intel_2023.1.0-oneAPI_mpi_O_feature_hconfig-extras/esmf/DEFAULTINSTALLDIR/lib/libO/Unicos.intel.64.mpi.default/libesmf.so(_ZN5ESMCI2VM8finalizeEP12ESMC_LogicalPi+0x34f)[0x7fa00cd49f8f]
/tmp/intel_2023.1.0-oneAPI_mpi_O_feature_hconfig-extras/esmf/DEFAULTINSTALLDIR/lib/libO/Unicos.intel.64.mpi.default/libesmf.so(_ZN5ESMCI2VM8finalizeEP12ESMC_LogicalPi+0x34f)[0x7f5df70e7f8f]
/tmp/intel_2023.1.0-oneAPI_mpi_O_feature_hconfig-extras/esmf/DEFAULTINSTALLDIR/lib/libO/Unicos.intel.64.mpi.default/libesmf.so(c_esmc_vmfinalize_+0x25)[0x7fa008ff3c05]
/tmp/intel_2023.1.0-oneAPI_mpi_O_feature_hconfig-extras/esmf/DEFAULTINSTALLDIR/lib/libO/Unicos.intel.64.mpi.default/libesmf.so(c_esmc_vmfinalize_+0x25)[0x7f5df70c5c05]
/tmp/intel_2023.1.0-oneAPI_mpi_O_feature_hconfig-extras/esmf/DEFAULTINSTALLDIR/lib/libO/Unicos.intel.64.mpi.default/libesmf.so(c_esmc_vmfinalize_+0x25)[0x7fa00cd27c05]
/tmp/intel_2023.1.0-oneAPI_mpi_O_feature_hconfig-extras/esmf/DEFAULTINSTALLDIR/lib/libO/Unicos.intel.64.mpi.default/libesmf.so(esmf_vmmod_mp_esmf_vmfinalize_+0x1c)[0x7fa00971258c]
/tmp/intel_2023.1.0-oneAPI_mpi_O_feature_hconfig-extras/esmf/DEFAULTINSTALLDIR/lib/libO/Unicos.intel.64.mpi.default/libesmf.so(esmf_vmmod_mp_esmf_vmfinalize_+0x1c)[0x7f5df77e458c]
/tmp/intel_2023.1.0-oneAPI_mpi_O_feature_hconfig-extras/esmf/DEFAULTINSTALLDIR/lib/libO/Unicos.intel.64.mpi.default/libesmf.so(esmf_vmmod_mp_esmf_vmfinalize_+0x1c)[0x7fa00d44658c]
/tmp/intel_2023.1.0-oneAPI_mpi_O_feature_hconfig-extras/esmf/DEFAULTINSTALLDIR/lib/libO/Unicos.intel.64.mpi.default/libesmf.so(esmf_initmod_mp_esmf_finalize_+0x66b)[0x7f5df75ec8fb]
/tmp/intel_2023.1.0-oneAPI_mpi_O_feature_hconfig-extras/esmf/DEFAULTINSTALLDIR/lib/libO/Unicos.intel.64.mpi.default/libesmf.so(esmf_initmod_mp_esmf_finalize_+0x66b)[0x7fa00951a8fb]
/tmp/intel_2023.1.0-oneAPI_mpi_O_feature_hconfig-extras/nuopc-app-prototypes/SingleModelProto/./mainApp[0x4164db]
/tmp/intel_2023.1.0-oneAPI_mpi_O_feature_hconfig-extras/nuopc-app-prototypes/SingleModelProto/./mainApp[0x415ebd]
/tmp/intel_2023.1.0-oneAPI_mpi_O_feature_hconfig-extras/esmf/DEFAULTINSTALLDIR/lib/libO/Unicos.intel.64.mpi.default/libesmf.so(esmf_initmod_mp_esmf_finalize_+0x66b)[0x7fa00d24e8fb]
/tmp/intel_2023.1.0-oneAPI_mpi_O_feature_hconfig-extras/nuopc-app-prototypes/SingleModelProto/./mainApp[0x4164db]
/tmp/intel_2023.1.0-oneAPI_mpi_O_feature_hconfig-extras/nuopc-app-prototypes/SingleModelProto/./mainApp[0x415ebd]
/tmp/intel_2023.1.0-oneAPI_mpi_O_feature_hconfig-extras/nuopc-app-prototypes/SingleModelProto/./mainApp[0x4164db]
/tmp/intel_2023.1.0-oneAPI_mpi_O_feature_hconfig-extras/nuopc-app-prototypes/SingleModelProto/./mainApp[0x415ebd]
/lib64/libc.so.6(__libc_start_main+0xef)[0x7f5df243e24d]
/tmp/intel_2023.1.0-oneAPI_mpi_O_feature_hconfig-extras/nuopc-app-prototypes/SingleModelProto/./mainApp[0x415dea]
/lib64/libc.so.6(__libc_start_main+0xef)[0x7fa00443e24d]
/tmp/intel_2023.1.0-oneAPI_mpi_O_feature_hconfig-extras/nuopc-app-prototypes/SingleModelProto/./mainApp[0x415dea]
/lib64/libc.so.6(__libc_start_main+0xef)[0x7fa00803e24d]
/tmp/intel_2023.1.0-oneAPI_mpi_O_feature_hconfig-extras/nuopc-app-prototypes/SingleModelProto/./mainApp[0x415dea]
srun: error: c5n0780: tasks 1-3: Exited with exit code 1
srun: Terminating StepId=135087153.390
slurmstepd: error: *** STEP 135087153.390 ON c5n0780 CANCELLED AT 2024-07-26T04:35:34 ***
forrtl: error (78): process killed (SIGTERM)
Image              PC                Routine            Line        Source             
libpthread-2.31.s  00007F41DDA18910  Unknown               Unknown  Unknown
libc-2.31.so       00007F41DA105B57  __sched_yield         Unknown  Unknown
libmpi_intel.so.1  00007F41DBD01ADE  Unknown               Unknown  Unknown
libmpi_intel.so.1  00007F41DCA9DA16  Unknown               Unknown  Unknown
libmpi_intel.so.1  00007F41DCAB0169  Unknown               Unknown  Unknown
libmpi_intel.so.1  00007F41DC9B858C  Unknown               Unknown  Unknown
libmpi_intel.so.1  00007F41DAFA3D11  Unknown               Unknown  Unknown
libmpi_intel.so.1  00007F41DAFA3EF5  Unknown               Unknown  Unknown
libmpi_intel.so.1  00007F41DCC9D5F0  Unknown               Unknown  Unknown
libmpi_intel.so.1  00007F41DCADD0FC  Unknown               Unknown  Unknown
libmpi_intel.so.1  00007F41DCADB00C  Unknown               Unknown  Unknown
libmpi_intel.so.1  00007F41DB267C01  Unknown               Unknown  Unknown
libmpi_intel.so.1  00007F41DCADF380  Unknown               Unknown  Unknown
libmpi_intel.so.1  00007F41DCC9E3D3  Unknown               Unknown  Unknown
libmpi_intel.so.1  00007F41DB091200  Unknown               Unknown  Unknown
libmpi_intel.so.1  00007F41DB09173F  PMPI_Barrier          Unknown  Unknown
libdarshan.so.0.0  00007F41DDC095A7  darshan_core_shut     Unknown  Unknown
libdarshan.so.0.0  00007F41DDC0823E  MPI_Finalize          Unknown  Unknown
libesmf.so         00007F41DED17F6F  _ZN5ESMCI3VMK8fin     Unknown  Unknown
libesmf.so         00007F41DED35082  _ZN5ESMCI2VM8fina     Unknown  Unknown
libesmf.so         00007F41DED12C05  c_esmc_vmfinalize     Unknown  Unknown
libesmf.so         00007F41DF43158C  esmf_vmmod_mp_esm     Unknown  Unknown
libesmf.so         00007F41DF2398FB  esmf_initmod_mp_e     Unknown  Unknown
mainApp            00000000004164DB  Unknown               Unknown  Unknown
mainApp            0000000000415EBD  Unknown               Unknown  Unknown
libc-2.31.so       00007F41DA03E24D  __libc_start_main     Unknown  Unknown
mainApp            0000000000415DEA  Unknown               Unknown  Unknown
srun: error: c5n0780: task 0: Killed
srun: Force Terminated StepId=135087153.390
