2024-07-26 04:06:30

mainApp:117784 terminated with signal 11 at PC=43d6b3 SP=7ffe2a60efa0.  Backtrace:

mainApp:117786 terminated with signal 11 at PC=43d660 SP=7fff26d8a980.  Backtrace:
/tmp/intel_2023.1.0-oneAPI_mpi_O_feature_hconfig-extras/nuopc-app-prototypes/SingleModelOpenMPUnawareProto/./mainApp[0x43d660]
/tmp/intel_2023.1.0-oneAPI_mpi_O_feature_hconfig-extras/nuopc-app-prototypes/SingleModelOpenMPUnawareProto/./mainApp[0x43e660]
/tmp/intel_2023.1.0-oneAPI_mpi_O_feature_hconfig-extras/nuopc-app-prototypes/SingleModelOpenMPUnawareProto/./mainApp[0x43d805]

mainApp:117785 terminated with signal 11 at PC=43d6b3 SP=7ffc8c2332f0.  Backtrace:
/tmp/intel_2023.1.0-oneAPI_mpi_O_feature_hconfig-extras/nuopc-app-prototypes/SingleModelOpenMPUnawareProto/./mainApp[0x43d6b3]
/tmp/intel_2023.1.0-oneAPI_mpi_O_feature_hconfig-extras/nuopc-app-prototypes/SingleModelOpenMPUnawareProto/./mainApp[0x43e660]
/tmp/intel_2023.1.0-oneAPI_mpi_O_feature_hconfig-extras/nuopc-app-prototypes/SingleModelOpenMPUnawareProto/./mainApp[0x43d805]
/tmp/intel_2023.1.0-oneAPI_mpi_O_feature_hconfig-extras/esmf/DEFAULTINSTALLDIR/lib/libO/Unicos.intel.64.mpi.default/libesmf.so(f_esmf_compcollectgarbage2_+0x2f1)[0x7f3dd7a4cff1]
/tmp/intel_2023.1.0-oneAPI_mpi_O_feature_hconfig-extras/nuopc-app-prototypes/SingleModelOpenMPUnawareProto/./mainApp[0x43d6b3]
/tmp/intel_2023.1.0-oneAPI_mpi_O_feature_hconfig-extras/nuopc-app-prototypes/SingleModelOpenMPUnawareProto/./mainApp[0x43e660]
/tmp/intel_2023.1.0-oneAPI_mpi_O_feature_hconfig-extras/nuopc-app-prototypes/SingleModelOpenMPUnawareProto/./mainApp[0x43d805]
/tmp/intel_2023.1.0-oneAPI_mpi_O_feature_hconfig-extras/esmf/DEFAULTINSTALLDIR/lib/libO/Unicos.intel.64.mpi.default/libesmf.so(f_esmf_compcollectgarbage2_+0x2f1)[0x7f423e9e9ff1]
/tmp/intel_2023.1.0-oneAPI_mpi_O_feature_hconfig-extras/esmf/DEFAULTINSTALLDIR/lib/libO/Unicos.intel.64.mpi.default/libesmf.so(f_esmf_compcollectgarbage2_+0x2f1)[0x7f79e9694ff1]
/tmp/intel_2023.1.0-oneAPI_mpi_O_feature_hconfig-extras/esmf/DEFAULTINSTALLDIR/lib/libO/Unicos.intel.64.mpi.default/libesmf.so(_ZN5ESMCI2VM8finalizeEP12ESMC_LogicalPi+0x34f)[0x7f423e842f8f]
/tmp/intel_2023.1.0-oneAPI_mpi_O_feature_hconfig-extras/esmf/DEFAULTINSTALLDIR/lib/libO/Unicos.intel.64.mpi.default/libesmf.so(_ZN5ESMCI2VM8finalizeEP12ESMC_LogicalPi+0x34f)[0x7f3dd78a5f8f]
/tmp/intel_2023.1.0-oneAPI_mpi_O_feature_hconfig-extras/esmf/DEFAULTINSTALLDIR/lib/libO/Unicos.intel.64.mpi.default/libesmf.so(_ZN5ESMCI2VM8finalizeEP12ESMC_LogicalPi+0x34f)[0x7f79e94edf8f]
/tmp/intel_2023.1.0-oneAPI_mpi_O_feature_hconfig-extras/esmf/DEFAULTINSTALLDIR/lib/libO/Unicos.intel.64.mpi.default/libesmf.so(c_esmc_vmfinalize_+0x25)[0x7f423e820c05]
/tmp/intel_2023.1.0-oneAPI_mpi_O_feature_hconfig-extras/esmf/DEFAULTINSTALLDIR/lib/libO/Unicos.intel.64.mpi.default/libesmf.so(c_esmc_vmfinalize_+0x25)[0x7f3dd7883c05]
/tmp/intel_2023.1.0-oneAPI_mpi_O_feature_hconfig-extras/esmf/DEFAULTINSTALLDIR/lib/libO/Unicos.intel.64.mpi.default/libesmf.so(esmf_vmmod_mp_esmf_vmfinalize_+0x1c)[0x7f423ef3f58c]
/tmp/intel_2023.1.0-oneAPI_mpi_O_feature_hconfig-extras/esmf/DEFAULTINSTALLDIR/lib/libO/Unicos.intel.64.mpi.default/libesmf.so(c_esmc_vmfinalize_+0x25)[0x7f79e94cbc05]
/tmp/intel_2023.1.0-oneAPI_mpi_O_feature_hconfig-extras/esmf/DEFAULTINSTALLDIR/lib/libO/Unicos.intel.64.mpi.default/libesmf.so(esmf_vmmod_mp_esmf_vmfinalize_+0x1c)[0x7f3dd7fa258c]
/tmp/intel_2023.1.0-oneAPI_mpi_O_feature_hconfig-extras/esmf/DEFAULTINSTALLDIR/lib/libO/Unicos.intel.64.mpi.default/libesmf.so(esmf_initmod_mp_esmf_finalize_+0x66b)[0x7f423ed478fb]
/tmp/intel_2023.1.0-oneAPI_mpi_O_feature_hconfig-extras/nuopc-app-prototypes/SingleModelOpenMPUnawareProto/./mainApp[0x416d24]
/tmp/intel_2023.1.0-oneAPI_mpi_O_feature_hconfig-extras/nuopc-app-prototypes/SingleModelOpenMPUnawareProto/./mainApp[0x41667d]
/lib64/libc.so.6(__libc_start_main+0xef)[0x7f423983e24d]
/tmp/intel_2023.1.0-oneAPI_mpi_O_feature_hconfig-extras/nuopc-app-prototypes/SingleModelOpenMPUnawareProto/./mainApp[0x4165aa]
/tmp/intel_2023.1.0-oneAPI_mpi_O_feature_hconfig-extras/esmf/DEFAULTINSTALLDIR/lib/libO/Unicos.intel.64.mpi.default/libesmf.so(esmf_initmod_mp_esmf_finalize_+0x66b)[0x7f3dd7daa8fb]
/tmp/intel_2023.1.0-oneAPI_mpi_O_feature_hconfig-extras/nuopc-app-prototypes/SingleModelOpenMPUnawareProto/./mainApp[0x416d24]
/tmp/intel_2023.1.0-oneAPI_mpi_O_feature_hconfig-extras/nuopc-app-prototypes/SingleModelOpenMPUnawareProto/./mainApp[0x41667d]
/tmp/intel_2023.1.0-oneAPI_mpi_O_feature_hconfig-extras/esmf/DEFAULTINSTALLDIR/lib/libO/Unicos.intel.64.mpi.default/libesmf.so(esmf_vmmod_mp_esmf_vmfinalize_+0x1c)[0x7f79e9bea58c]
/lib64/libc.so.6(__libc_start_main+0xef)[0x7f3dd283e24d]
/tmp/intel_2023.1.0-oneAPI_mpi_O_feature_hconfig-extras/nuopc-app-prototypes/SingleModelOpenMPUnawareProto/./mainApp[0x4165aa]
/tmp/intel_2023.1.0-oneAPI_mpi_O_feature_hconfig-extras/esmf/DEFAULTINSTALLDIR/lib/libO/Unicos.intel.64.mpi.default/libesmf.so(esmf_initmod_mp_esmf_finalize_+0x66b)[0x7f79e99f28fb]
/tmp/intel_2023.1.0-oneAPI_mpi_O_feature_hconfig-extras/nuopc-app-prototypes/SingleModelOpenMPUnawareProto/./mainApp[0x416d24]
/tmp/intel_2023.1.0-oneAPI_mpi_O_feature_hconfig-extras/nuopc-app-prototypes/SingleModelOpenMPUnawareProto/./mainApp[0x41667d]
/lib64/libc.so.6(__libc_start_main+0xef)[0x7f79e443e24d]
/tmp/intel_2023.1.0-oneAPI_mpi_O_feature_hconfig-extras/nuopc-app-prototypes/SingleModelOpenMPUnawareProto/./mainApp[0x4165aa]
srun: error: c5n0780: tasks 1-3: Exited with exit code 1
srun: Terminating StepId=135087153.392
slurmstepd: error: *** STEP 135087153.392 ON c5n0780 CANCELLED AT 2024-07-26T04:36:39 ***
forrtl: error (78): process killed (SIGTERM)
Image              PC                Routine            Line        Source             
libpthread-2.31.s  00007FD03AECC910  Unknown               Unknown  Unknown
libc-2.31.so       00007FD037305B57  __sched_yield         Unknown  Unknown
libmpi_intel.so.1  00007FD038F01ADE  Unknown               Unknown  Unknown
libmpi_intel.so.1  00007FD039C9DA16  Unknown               Unknown  Unknown
libmpi_intel.so.1  00007FD039CB0169  Unknown               Unknown  Unknown
libmpi_intel.so.1  00007FD039BB858C  Unknown               Unknown  Unknown
libmpi_intel.so.1  00007FD0381A3D11  Unknown               Unknown  Unknown
libmpi_intel.so.1  00007FD0381A3EF5  Unknown               Unknown  Unknown
libmpi_intel.so.1  00007FD039E9D5F0  Unknown               Unknown  Unknown
libmpi_intel.so.1  00007FD039CDD0FC  Unknown               Unknown  Unknown
libmpi_intel.so.1  00007FD039CDB00C  Unknown               Unknown  Unknown
libmpi_intel.so.1  00007FD038467C01  Unknown               Unknown  Unknown
libmpi_intel.so.1  00007FD039CDF380  Unknown               Unknown  Unknown
libmpi_intel.so.1  00007FD039E9E3D3  Unknown               Unknown  Unknown
libmpi_intel.so.1  00007FD038291200  Unknown               Unknown  Unknown
libmpi_intel.so.1  00007FD03829173F  PMPI_Barrier          Unknown  Unknown
libdarshan.so.0.0  00007FD03B2095A7  darshan_core_shut     Unknown  Unknown
libdarshan.so.0.0  00007FD03B20823E  MPI_Finalize          Unknown  Unknown
libesmf.so         00007FD03C1E6F6F  _ZN5ESMCI3VMK8fin     Unknown  Unknown
libesmf.so         00007FD03C204082  _ZN5ESMCI2VM8fina     Unknown  Unknown
libesmf.so         00007FD03C1E1C05  c_esmc_vmfinalize     Unknown  Unknown
libesmf.so         00007FD03C90058C  esmf_vmmod_mp_esm     Unknown  Unknown
libesmf.so         00007FD03C7088FB  esmf_initmod_mp_e     Unknown  Unknown
mainApp            0000000000416D24  Unknown               Unknown  Unknown
mainApp            000000000041667D  Unknown               Unknown  Unknown
libc-2.31.so       00007FD03723E24D  __libc_start_main     Unknown  Unknown
mainApp            00000000004165AA  Unknown               Unknown  Unknown
srun: error: c5n0780: task 0: Killed
srun: Force Terminated StepId=135087153.392
