2024-05-15 01:19:09
--- ESMCI::ArrayBundle::print start ---
ArrayBundle: MyArrayBundle
arrayCount = 3
--- ESMCI::ArrayBundle::print start ---
ArrayBundle: MyArrayBundle
arrayCount = 3
Container::print() multipmap:item=0 key=AonFly value=0x7f99a7816400
--- ESMCI::ArrayBundle::print start ---
ArrayBundle: MyArrayBundle
arrayCount = 3
Container::print() multipmap:item=0 key=AonFly value=0x7f8a0204f600
Container::print() multipmap:item=1 key=Array002 value=0x7f8a02044200
--- ESMCI::ArrayBundle::print start ---
ArrayBundle: MyArrayBundle
arrayCount = 3
Container::print() multipmap:item=0 key=AonFly value=0x7f95e981c200
Container::print() multipmap:item=1 key=Array002 value=0x7f95e980ca00
Container::print() multipmap:item=0 key=AonFly value=0x7f8413816600
Container::print() multipmap:item=1 key=Array002 value=0x7f8413814e00
Container::print() multipmap:item=2 key=Array003 value=0x7f8413815400
Container::print() multipmap:item=1 key=Array002 value=0x7f99a7810800
Container::print() multipmap:item=2 key=Array003 value=0x7f99a7810e00
Container::print()      list:item=0 key=Array002 value=0x7f99a7810800
Container::print()      list:item=1 key=Array003 value=0x7f99a7810e00
Container::print() multipmap:item=2 key=Array003 value=0x7f8a0204e400
Container::print()      list:item=0 key=Array002 value=0x7f8a02044200
Container::print()      list:item=1 key=Array003 value=0x7f8a0204e400
Container::print() multipmap:item=2 key=Array003 value=0x7f95e981b000
Container::print()      list:item=0 key=Array002 value=0x7f95e980ca00
Container::print()      list:item=1 key=Array003 value=0x7f95e981b000
Container::print()      list:item=2 key=AonFly value=0x7f95e981c200
Container::print()      list:item=0 key=Array002 value=0x7f8413814e00
Container::print()      list:item=1 key=Array003 value=0x7f8413815400
Container::print()      list:item=2 key=AonFly value=0x7f8413816600
--- ESMCI::ArrayBundle::print end ---
--- ESMCI::Array::print start ---
 Base name    = AonFly
 Status: Base = Ready,  object = Ready
 Proxy        = no
Container::print()      list:item=2 key=AonFly value=0x7f99a7816400
--- ESMCI::ArrayBundle::print end ---
--- ESMCI::Array::print start ---
 Base name    = AonFly
 Status: Base = Ready,  object = Ready
 Proxy        = no
 Root Info (Attributes):
Container::print()      list:item=2 key=AonFly value=0x7f8a0204f600
--- ESMCI::ArrayBundle::print end ---
--- ESMCI::Array::print start ---
 Base name    = AonFly
 Status: Base = Ready,  object = Ready
 Proxy        = no
 Root Info (Attributes):
{}Array typekind/rank: Real*4 / 2 
~ lower class' values ~
--- ESMCI::ArrayBundle::print end ---
--- ESMCI::Array::print start ---
 Base name    = AonFly
 Status: Base = Ready,  object = Ready
 Proxy        = no
 Root Info (Attributes):
{} Root Info (Attributes):
{}Array typekind/rank: Real*4 / 2 
~ lower class' values ~
{}Array typekind/rank: Real*4 / 2 
~ lower class' values ~
DistGrid dimCount = 2
deCount = 6
localDeCount = 2
DistGrid dimCount = 2
deCount = 6
localDeCount = 1
~ local data in LocalArray for DE 2 ~
LocalArrayPrint: Array at address 0x7f8a00909c30:
            rank = 2, typekind = 5, base_addr = 0x60000296b060
            dim[0] = 3  dim[1] = 2  
Array typekind/rank: Real*4 / 2 
~ lower class' values ~
DistGrid dimCount = 2
deCount = 6
localDeCount = 1
~ local data in LocalArray for DE 3 ~
DistGrid dimCount = 2
deCount = 6
localDeCount = 2
~ local data in LocalArray for DE 0 ~
LocalArrayPrint: Array at address 0x7f842280db10:
            rank = 2, typekind = 5, base_addr = 0x60000124d6e0
~ local data in LocalArray for DE 1 ~
LocalArrayPrint: Array at address 0x7f99a770df80:
            rank = 2, typekind = 5, base_addr = 0x6000013b15c0
            dim[0] = 2  dim[1] = 2  
  Real, *4, Dim 2, Data values:
  Real, *4, Dim 2, Data values:
( 1, 1) =  0
( 2, 1) =  0
( 3, 1) =  0
( 1, 2) =  0
( 2, 2) =  0
( 3, 2) =  0
dim 1: [0]: [1 [1 [1, 3] 3] 3]
LocalArrayPrint: Array at address 0x7f95e9707b60:
            rank = 2, typekind = 5, base_addr = 0x600001d213c0
            dim[0] = 2  dim[1] = 2  
  Real, *4, Dim 2, Data values:
( 1, 1) =  0
( 2, 1) =  0
( 1, 2) =  4.41409e-43
( 2, 2) =  0
dim 1: [0]: [1 [1 [1, 2] 2] 2]
            dim[0] = 3  dim[1] = 2  
  Real, *4, Dim 2, Data values:
( 1, 1) =  0
( 2, 1) =  0
( 3, 1) =  0
( 1, 2) =  0
( 1, 1) =  0
( 2, 1) =  0
( 1, 2) =  4.90454e-43
( 2, 2) =  0
dim 1: [0]: [1 [1 [1, 2] 2] 2]
dim 2: [1]: [1 [1 [1, 2] 2] 2]
--- ESMCI::Array::print end ---
--- ESMCI::Array::print start ---
 Base name    = Array002
 Status: Base = Ready,  object = Ready
 Proxy        = no
 Root Info (Attributes):
dim 2: [1]: [1 [1 [1, 2] 2] 2]
--- ESMCI::Array::print end ---
--- ESMCI::Array::print start ---
 Base name    = Array002
 Status: Base = Ready,  object = Ready
 Proxy        = no
( 2, 2) =  0
{} Root Info (Attributes):
( 3, 2) =  0
dim 1: [0]: [1 [1 [1, 3] 3] 3]
dim 2: [1]: [1 [1 [1, 2] 2] 2]
~ local data in LocalArray for DE 4 ~
LocalArrayPrint: Array at address 0x7f842280de40:
            rank = 2, typekind = 5, base_addr = 0x600001063520
            dim[0] = 3  dim[1] = 1  
  Real, *4, Dim 2, Data values:
dim 2: [1]: [1 [1 [1, 2] 2] 2]
~ local data in LocalArray for DE 5 ~
LocalArrayPrint: Array at address 0x7f99a770e2b0:
            rank = 2, typekind = 5, base_addr = 0x6000013b15d0
            dim[0] = 2  dim[1] = 1  
  Real, *4, Dim 2, Data values:
Array typekind/rank: Real*8 / 2 
~ lower class' values ~
DistGrid dimCount = 2
deCount = 6
localDeCount = 1
~ local data in LocalArray for DE 2 ~
LocalArrayPrint: Array at address 0x7f8a00908ba0:
            rank = 2, typekind = 6, base_addr = 0x600002771020
            dim[0] = 3  dim[1] = 2  
{}Array typekind/rank: Real*8 / 2 
~ lower class' values ~
DistGrid dimCount = 2
deCount = 6
localDeCount = 1
~ local data in LocalArray for DE 3 ~
LocalArrayPrint: Array at address 0x7f95e9706ad0:
            rank = 2, typekind = 6, base_addr = 0x600001f263c0
( 1, 1) =  0
( 2, 1) =  0
( 3, 1) =  1.19391e-42
dim 1: [0]: [1 [1 [1, 3] 3] 3]
( 1, 1) =  0
( 2, 1) =  0
dim 1: [0]: [1 [1 [1, 2] 2] 2]
dim 2: [1]: [1 [1 [1, 1] 1] 1]
--- ESMCI::Array::print end ---
  Real, *8, Dim 2, Data values:
( 1, 1) =  0
( 2, 1) =  4.24399e-314
( 3, 1) =  0
( 1, 2) =  0
( 2, 2) =  0
            dim[0] = 2  dim[1] = 2  
  Real, *8, Dim 2, Data values:
( 1, 1) =  0
( 2, 1) =  2.122e-314
( 1, 2) =  2.122e-314
( 2, 2) =  0
dim 2: [1]: [1 [1 [1, 1] 1] 1]
--- ESMCI::Array::print end ---
--- ESMCI::Array::print start ---
 Base name    = Array002
 Status: Base = Ready,  object = Ready
 Proxy        = no
 Root Info (Attributes):
{}Array typekind/rank: Real*8 / 2 
~ lower class' values ~
DistGrid dimCount = 2
deCount = 6
--- ESMCI::Array::print start ---
 Base name    = Array002
 Status: Base = Ready,  object = Ready
 Proxy        = no
 Root Info (Attributes):
{}Array typekind/rank: Real*8 / 2 
~ lower class' values ~
DistGrid dimCount = 2
( 3, 2) =  0
dim 1: [0]: [1 [1 [1, 3] 3] 3]
dim 2: [1]: [1 [1 [1, 2] 2] 2]
--- ESMCI::Array::print end ---
--- ESMCI::Array::print start ---
 Base name    = Array003
 Status: Base = Ready,  object = Ready
 Proxy        = no
 Root Info (Attributes):
{}Array typekind/rank: Real*8 / 2 
~ lower class' values ~
DistGrid dimCount = 2
deCount = 6
dim 1: [0]: [1 [1 [1, 2] 2] 2]
dim 2: [1]: [1 [1 [1, 2] 2] 2]
--- ESMCI::Array::print end ---
--- ESMCI::Array::print start ---
 Base name    = Array003
 Status: Base = Ready,  object = Ready
 Proxy        = no
 Root Info (Attributes):
{}Array typekind/rank: Real*8 / 2 
~ lower class' values ~
DistGrid dimCount = 2
deCount = 6
localDeCount = 1
~ local data in LocalArray for DE 3 ~
localDeCount = 2
~ local data in LocalArray for DE 0 ~
deCount = 6
localDeCount = 2
~ local data in LocalArray for DE 1 ~
localDeCount = 1
~ local data in LocalArray for DE 2 ~
LocalArrayPrint: Array at address 0x7f8a00908ed0:
LocalArrayPrint: Array at address 0x7f95e9706e00:
            rank = 2, typekind = 6, base_addr = 0x600001f26440
            dim[0] = 2  dim[1] = 2  
LocalArrayPrint: Array at address 0x7f842280bdc0:
            rank = 2, typekind = 6, base_addr = 0x600001c54e10
            dim[0] = 3  dim[1] = 2  
  Real, *8, Dim 2, Data values:
( 1, 1) =  0
( 2, 1) =  4.24399e-314
( 3, 1) =  0
( 1, 2) =  0
( 2, 2) =  0
LocalArrayPrint: Array at address 0x7f99a770c230:
            rank = 2, typekind = 6, base_addr = 0x6000011823c0
            dim[0] = 2  dim[1] = 2  
  Real, *8, Dim 2, Data values:
( 1, 1) =  0
( 2, 1) =  2.122e-314
( 1, 2) =  2.122e-314
( 2, 2) =  0
dim 1: [0]: [1 [1 [1, 2] 2] 2]
            rank = 2, typekind = 6, base_addr = 0x6000027710e0
            dim[0] = 3  dim[1] = 2  
  Real, *8, Dim 2, Data values:
( 1, 1) =  0
( 2, 1) =  4.24399e-314
( 3, 1) =  8.48798e-314
( 1, 2) =  8.48798e-314
( 2, 2) =  1.061e-313
( 3, 2) =  1.061e-313
dim 1: [0]: [1 [1 [1, 3] 3] 3]
  Real, *8, Dim 2, Data values:
( 1, 1) =  0
( 2, 1) =  0
( 1, 2) =  0
( 2, 2) =  0
dim 1: [0]: [1 [1 [1, 2] 2] 2]
dim 2: [1]: [1 [1 [1, 2] 2] 2]
--- ESMCI::Array::print end ---
( 3, 2) =  0
dim 1: [0]: [1 [1 [1, 3] 3] 3]
dim 2: [1]: [1 [1 [1, 2] 2] 2]
~ local data in LocalArray for DE 4 ~
LocalArrayPrint: Array at address 0x7f842280c0f0:
            rank = 2, typekind = 6, base_addr = 0x60000124d5e0
            dim[0] = 3  dim[1] = 1  
  Real, *8, Dim 2, Data values:
( 1, 1) =  0
( 2, 1) =  2.122e-314
( 3, 1) =  2.122e-314
dim 1: [0]: [1 [1 [1, 3] 3] 3]
dim 2: [1]: [1 [1 [1, 2] 2] 2]
~ local data in LocalArray for DE 5 ~
LocalArrayPrint: Array at address 0x7f99a770c560:
            rank = 2, typekind = 6, base_addr = 0x6000013b10b0
            dim[0] = 2  dim[1] = 1  
  Real, *8, Dim 2, Data values:
( 1, 1) =  0
( 2, 1) =  0
dim 1: [0]: [1 [1 [1, 2] 2] 2]
dim 2: [1]: [1 [1 [1, 1] 1] 1]
--- ESMCI::Array::print end ---
dim 2: [1]: [1 [1 [1, 2] 2] 2]
--- ESMCI::Array::print end ---
  PASS  Example ESMF_ArrayBundleEx, ESMF_ArrayBundleEx.F90, line 267
  PASS  Example ESMF_ArrayBundleEx, ESMF_ArrayBundleEx.F90, line 267
dim 2: [1]: [1 [1 [1, 1] 1] 1]
--- ESMCI::Array::print end ---
--- ESMCI::Array::print start ---
 Base name    = Array003
 Status: Base = Ready,  object = Ready
 Proxy        = no
 Root Info (Attributes):
{}--- ESMCI::Array::print start ---
 Base name    = Array003
 Status: Base = Ready,  object = Ready
 Proxy        = no
 Root Info (Attributes):
{}Array typekind/rank: Real*8 / 2 
~ lower class' values ~
DistGrid dimCount = 2
deCount = 6
localDeCount = 2
~ local data in LocalArray for DE 0 ~
Array typekind/rank: Real*8 / 2 
~ lower class' values ~
LocalArrayPrint: Array at address 0x7f842280c420:
            rank = 2, typekind = 6, base_addr = 0x600001c54e70
DistGrid dimCount = 2
            dim[0] = 3  dim[1] = 2  
  Real, *8, Dim 2, Data values:
( 1, 1) =  0
( 2, 1) =  2.122e-314
( 3, 1) =  2.122e-314
( 1, 2) =  2.122e-314
( 2, 2) =  2.122e-314
( 3, 2) =  2.122e-314
dim 1: [0]: [1 [1 [1, 3] 3] 3]
dim 2: [1]: [1 [1 [1, 2] 2] 2]
~ local data in LocalArray for DE 4 ~
LocalArrayPrint: Array at address 0x7f842280c750:
deCount = 6
localDeCount = 2
~ local data in LocalArray for DE 1 ~
            rank = 2, typekind = 6, base_addr = 0x60000124d5c0
            dim[0] = 3  dim[1] = 1  
  Real, *8, Dim 2, Data values:
( 1, 1) =  0
( 2, 1) =  5.21502e-310
( 3, 1) =  5.21502e-310
dim 1: [0]: [1 [1 [1, 3] 3] 3]
LocalArrayPrint: Array at address 0x7f99a770c890:
            rank = 2, typekind = 6, base_addr = 0x6000011823a0
            dim[0] = 2  dim[1] = 2  
  Real, *8, Dim 2, Data values:
( 1, 1) =  0
( 2, 1) =  5.21502e-310
dim 2: [1]: [1 [1 [1, 1] 1] 1]
--- ESMCI::Array::print end ---
( 1, 2) =  5.21502e-310
( 2, 2) =  5.21502e-310
dim 1: [0]: [1 [1 [1, 2] 2] 2]
dim 2: [1]: [1 [1 [1, 2] 2] 2]
~ local data in LocalArray for DE 5 ~
  PASS  Example ESMF_ArrayBundleEx, ESMF_ArrayBundleEx.F90, line 267
LocalArrayPrint: Array at address 0x7f99a770cbc0:
            rank = 2, typekind = 6, base_addr = 0x6000013b11f0
            dim[0] = 2  dim[1] = 1  
  Real, *8, Dim 2, Data values:
( 1, 1) =  0
( 2, 1) =  1.42785e-321
dim 1: [0]: [1 [1 [1, 2] 2] 2]
dim 2: [1]: [1 [1 [1, 1] 1] 1]
--- ESMCI::Array::print end ---
  PASS  Example ESMF_ArrayBundleEx, ESMF_ArrayBundleEx.F90, line 267
 PASS: ESMF_ArrayBundleEx.F90
 PASS: ESMF_ArrayBundleEx.F90
 PASS: ESMF_ArrayBundleEx.F90
 PASS: ESMF_ArrayBundleEx.F90
