2024-05-16 01:20:06
20240516 015021.600 INFO             PET0 !!!!!!!!!!!!!!!!!!!!!!!!!!!!!!!!!!!!!!!!!!!!!!!!!!!!!!
20240516 015021.601 INFO             PET0 !!! THE ESMF_LOG IS SET TO OUTPUT ALL LOG MESSAGES !!!
20240516 015021.601 INFO             PET0 !!!     THIS MAY CAUSE SLOWDOWN IN PERFORMANCE     !!!
20240516 015021.601 INFO             PET0 !!! FOR PRODUCTION RUNS, USE:                      !!!
20240516 015021.601 INFO             PET0 !!!                   ESMF_LOGKIND_Multi_On_Error  !!!
20240516 015021.601 INFO             PET0 !!!!!!!!!!!!!!!!!!!!!!!!!!!!!!!!!!!!!!!!!!!!!!!!!!!!!!
20240516 015021.601 INFO             PET0 Running with ESMF Version   : v8.7.0b05-82-gd3465958ff
20240516 015021.601 INFO             PET0 ESMF library build date/time: "May 16 2024" "01:18:12"
20240516 015021.601 INFO             PET0 ESMF library build location : /project/esmf/sacks/esmf-testing/gfortran_11.2.0_openmpi_O_develop/esmf
20240516 015021.601 INFO             PET0 ESMF_COMM                   : openmpi
20240516 015021.601 INFO             PET0 ESMF_MOAB                   : enabled
20240516 015021.601 INFO             PET0 ESMF_LAPACK                 : enabled
20240516 015021.601 INFO             PET0 ESMF_NETCDF                 : enabled
20240516 015021.601 INFO             PET0 ESMF_PNETCDF                : disabled
20240516 015021.601 INFO             PET0 ESMF_PIO                    : enabled
20240516 015021.601 INFO             PET0 ESMF_YAMLCPP                : enabled
20240516 015021.678 DEBUG            PET0 about to destroy Grid: 0x7f7edc026a00
20240516 015021.684 DEBUG            PET0 about to destroy Grid: 0x7f7edc02c800
20240516 015021.706 INFO             PET0  NUMBER_OF_PROCESSORS           4
20240516 015021.707 INFO             PET0  PASS  Example ESMF_NUOPCAtmModelEx, ESMF_NUOPCAtmModelEx.F90, line 806
20240516 015021.707 INFO             PET0  Finalizing ESMF
20240516 015021.600 INFO             PET1 !!!!!!!!!!!!!!!!!!!!!!!!!!!!!!!!!!!!!!!!!!!!!!!!!!!!!!
20240516 015021.601 INFO             PET1 !!! THE ESMF_LOG IS SET TO OUTPUT ALL LOG MESSAGES !!!
20240516 015021.601 INFO             PET1 !!!     THIS MAY CAUSE SLOWDOWN IN PERFORMANCE     !!!
20240516 015021.601 INFO             PET1 !!! FOR PRODUCTION RUNS, USE:                      !!!
20240516 015021.601 INFO             PET1 !!!                   ESMF_LOGKIND_Multi_On_Error  !!!
20240516 015021.601 INFO             PET1 !!!!!!!!!!!!!!!!!!!!!!!!!!!!!!!!!!!!!!!!!!!!!!!!!!!!!!
20240516 015021.601 INFO             PET1 Running with ESMF Version   : v8.7.0b05-82-gd3465958ff
20240516 015021.601 INFO             PET1 ESMF library build date/time: "May 16 2024" "01:18:12"
20240516 015021.601 INFO             PET1 ESMF library build location : /project/esmf/sacks/esmf-testing/gfortran_11.2.0_openmpi_O_develop/esmf
20240516 015021.601 INFO             PET1 ESMF_COMM                   : openmpi
20240516 015021.601 INFO             PET1 ESMF_MOAB                   : enabled
20240516 015021.601 INFO             PET1 ESMF_LAPACK                 : enabled
20240516 015021.601 INFO             PET1 ESMF_NETCDF                 : enabled
20240516 015021.601 INFO             PET1 ESMF_PNETCDF                : disabled
20240516 015021.601 INFO             PET1 ESMF_PIO                    : enabled
20240516 015021.601 INFO             PET1 ESMF_YAMLCPP                : enabled
20240516 015021.678 DEBUG            PET1 about to destroy Grid: 0x7fce6182ca00
20240516 015021.684 DEBUG            PET1 about to destroy Grid: 0x7fce6182d600
20240516 015021.706 INFO             PET1  NUMBER_OF_PROCESSORS           4
20240516 015021.706 INFO             PET1  PASS  Example ESMF_NUOPCAtmModelEx, ESMF_NUOPCAtmModelEx.F90, line 806
20240516 015021.706 INFO             PET1  Finalizing ESMF
20240516 015021.600 INFO             PET2 !!!!!!!!!!!!!!!!!!!!!!!!!!!!!!!!!!!!!!!!!!!!!!!!!!!!!!
20240516 015021.601 INFO             PET2 !!! THE ESMF_LOG IS SET TO OUTPUT ALL LOG MESSAGES !!!
20240516 015021.601 INFO             PET2 !!!     THIS MAY CAUSE SLOWDOWN IN PERFORMANCE     !!!
20240516 015021.601 INFO             PET2 !!! FOR PRODUCTION RUNS, USE:                      !!!
20240516 015021.601 INFO             PET2 !!!                   ESMF_LOGKIND_Multi_On_Error  !!!
20240516 015021.601 INFO             PET2 !!!!!!!!!!!!!!!!!!!!!!!!!!!!!!!!!!!!!!!!!!!!!!!!!!!!!!
20240516 015021.601 INFO             PET2 Running with ESMF Version   : v8.7.0b05-82-gd3465958ff
20240516 015021.601 INFO             PET2 ESMF library build date/time: "May 16 2024" "01:18:12"
20240516 015021.601 INFO             PET2 ESMF library build location : /project/esmf/sacks/esmf-testing/gfortran_11.2.0_openmpi_O_develop/esmf
20240516 015021.601 INFO             PET2 ESMF_COMM                   : openmpi
20240516 015021.602 INFO             PET2 ESMF_MOAB                   : enabled
20240516 015021.602 INFO             PET2 ESMF_LAPACK                 : enabled
20240516 015021.602 INFO             PET2 ESMF_NETCDF                 : enabled
20240516 015021.602 INFO             PET2 ESMF_PNETCDF                : disabled
20240516 015021.602 INFO             PET2 ESMF_PIO                    : enabled
20240516 015021.602 INFO             PET2 ESMF_YAMLCPP                : enabled
20240516 015021.678 DEBUG            PET2 about to destroy Grid: 0x7f7b7f854600
20240516 015021.684 DEBUG            PET2 about to destroy Grid: 0x7f7b7f855200
20240516 015021.706 INFO             PET2  NUMBER_OF_PROCESSORS           4
20240516 015021.706 INFO             PET2  PASS  Example ESMF_NUOPCAtmModelEx, ESMF_NUOPCAtmModelEx.F90, line 806
20240516 015021.706 INFO             PET2  Finalizing ESMF
20240516 015021.600 INFO             PET3 !!!!!!!!!!!!!!!!!!!!!!!!!!!!!!!!!!!!!!!!!!!!!!!!!!!!!!
20240516 015021.601 INFO             PET3 !!! THE ESMF_LOG IS SET TO OUTPUT ALL LOG MESSAGES !!!
20240516 015021.601 INFO             PET3 !!!     THIS MAY CAUSE SLOWDOWN IN PERFORMANCE     !!!
20240516 015021.601 INFO             PET3 !!! FOR PRODUCTION RUNS, USE:                      !!!
20240516 015021.601 INFO             PET3 !!!                   ESMF_LOGKIND_Multi_On_Error  !!!
20240516 015021.601 INFO             PET3 !!!!!!!!!!!!!!!!!!!!!!!!!!!!!!!!!!!!!!!!!!!!!!!!!!!!!!
20240516 015021.601 INFO             PET3 Running with ESMF Version   : v8.7.0b05-82-gd3465958ff
20240516 015021.601 INFO             PET3 ESMF library build date/time: "May 16 2024" "01:18:12"
20240516 015021.601 INFO             PET3 ESMF library build location : /project/esmf/sacks/esmf-testing/gfortran_11.2.0_openmpi_O_develop/esmf
20240516 015021.601 INFO             PET3 ESMF_COMM                   : openmpi
20240516 015021.601 INFO             PET3 ESMF_MOAB                   : enabled
20240516 015021.601 INFO             PET3 ESMF_LAPACK                 : enabled
20240516 015021.601 INFO             PET3 ESMF_NETCDF                 : enabled
20240516 015021.601 INFO             PET3 ESMF_PNETCDF                : disabled
20240516 015021.601 INFO             PET3 ESMF_PIO                    : enabled
20240516 015021.601 INFO             PET3 ESMF_YAMLCPP                : enabled
20240516 015021.678 DEBUG            PET3 about to destroy Grid: 0x7f77ae02bc00
20240516 015021.684 DEBUG            PET3 about to destroy Grid: 0x7f77ae02c800
20240516 015021.706 INFO             PET3  NUMBER_OF_PROCESSORS           4
20240516 015021.706 INFO             PET3  PASS  Example ESMF_NUOPCAtmModelEx, ESMF_NUOPCAtmModelEx.F90, line 806
20240516 015021.706 INFO             PET3  Finalizing ESMF
