2024-07-19 02:07:10
20240719 052618.100 INFO             PET0 !!!!!!!!!!!!!!!!!!!!!!!!!!!!!!!!!!!!!!!!!!!!!!!!!!!!!!
20240719 052618.100 INFO             PET0 !!! THE ESMF_LOG IS SET TO OUTPUT ALL LOG MESSAGES !!!
20240719 052618.100 INFO             PET0 !!!     THIS MAY CAUSE SLOWDOWN IN PERFORMANCE     !!!
20240719 052618.100 INFO             PET0 !!! FOR PRODUCTION RUNS, USE:                      !!!
20240719 052618.100 INFO             PET0 !!!                   ESMF_LOGKIND_Multi_On_Error  !!!
20240719 052618.100 INFO             PET0 !!!!!!!!!!!!!!!!!!!!!!!!!!!!!!!!!!!!!!!!!!!!!!!!!!!!!!
20240719 052618.100 INFO             PET0 Running with ESMF Version   : v8.7.0b08-6-g7f6a4f6fe1
20240719 052618.100 INFO             PET0 ESMF library build date/time: "Jul 19 2024" "02:04:37"
20240719 052618.100 INFO             PET0 ESMF library build location : /glade/derecho/scratch/sacks/esmf-testing/gfortran_12.2.0_pio2.5.10_mpi_O_feature_smm_store_search/esmf
20240719 052618.100 INFO             PET0 ESMF_COMM                   : mpi
20240719 052618.101 INFO             PET0 ESMF_MOAB                   : enabled
20240719 052618.101 INFO             PET0 ESMF_LAPACK                 : enabled
20240719 052618.101 INFO             PET0 ESMF_NETCDF                 : enabled
20240719 052618.101 INFO             PET0 ESMF_PNETCDF                : disabled
20240719 052618.101 INFO             PET0 ESMF_PIO                    : enabled
20240719 052618.101 INFO             PET0 ESMF_YAMLCPP                : enabled
20240719 052618.128 DEBUG            PET0 about to destroy Grid: 0x78e0a0
20240719 052618.130 DEBUG            PET0 about to destroy Grid: 0x78fb00
20240719 052618.138 INFO             PET0  NUMBER_OF_PROCESSORS           4
20240719 052618.138 INFO             PET0  PASS  Example ESMF_NUOPCAtmModelEx, ESMF_NUOPCAtmModelEx.F90, line 806
20240719 052618.138 INFO             PET0  Finalizing ESMF
20240719 052618.100 INFO             PET1 !!!!!!!!!!!!!!!!!!!!!!!!!!!!!!!!!!!!!!!!!!!!!!!!!!!!!!
20240719 052618.100 INFO             PET1 !!! THE ESMF_LOG IS SET TO OUTPUT ALL LOG MESSAGES !!!
20240719 052618.100 INFO             PET1 !!!     THIS MAY CAUSE SLOWDOWN IN PERFORMANCE     !!!
20240719 052618.100 INFO             PET1 !!! FOR PRODUCTION RUNS, USE:                      !!!
20240719 052618.100 INFO             PET1 !!!                   ESMF_LOGKIND_Multi_On_Error  !!!
20240719 052618.100 INFO             PET1 !!!!!!!!!!!!!!!!!!!!!!!!!!!!!!!!!!!!!!!!!!!!!!!!!!!!!!
20240719 052618.100 INFO             PET1 Running with ESMF Version   : v8.7.0b08-6-g7f6a4f6fe1
20240719 052618.100 INFO             PET1 ESMF library build date/time: "Jul 19 2024" "02:04:37"
20240719 052618.100 INFO             PET1 ESMF library build location : /glade/derecho/scratch/sacks/esmf-testing/gfortran_12.2.0_pio2.5.10_mpi_O_feature_smm_store_search/esmf
20240719 052618.100 INFO             PET1 ESMF_COMM                   : mpi
20240719 052618.101 INFO             PET1 ESMF_MOAB                   : enabled
20240719 052618.101 INFO             PET1 ESMF_LAPACK                 : enabled
20240719 052618.101 INFO             PET1 ESMF_NETCDF                 : enabled
20240719 052618.101 INFO             PET1 ESMF_PNETCDF                : disabled
20240719 052618.101 INFO             PET1 ESMF_PIO                    : enabled
20240719 052618.101 INFO             PET1 ESMF_YAMLCPP                : enabled
20240719 052618.128 DEBUG            PET1 about to destroy Grid: 0x787870
20240719 052618.130 DEBUG            PET1 about to destroy Grid: 0x789650
20240719 052618.138 INFO             PET1  NUMBER_OF_PROCESSORS           4
20240719 052618.138 INFO             PET1  PASS  Example ESMF_NUOPCAtmModelEx, ESMF_NUOPCAtmModelEx.F90, line 806
20240719 052618.138 INFO             PET1  Finalizing ESMF
20240719 052618.100 INFO             PET2 !!!!!!!!!!!!!!!!!!!!!!!!!!!!!!!!!!!!!!!!!!!!!!!!!!!!!!
20240719 052618.100 INFO             PET2 !!! THE ESMF_LOG IS SET TO OUTPUT ALL LOG MESSAGES !!!
20240719 052618.100 INFO             PET2 !!!     THIS MAY CAUSE SLOWDOWN IN PERFORMANCE     !!!
20240719 052618.100 INFO             PET2 !!! FOR PRODUCTION RUNS, USE:                      !!!
20240719 052618.100 INFO             PET2 !!!                   ESMF_LOGKIND_Multi_On_Error  !!!
20240719 052618.100 INFO             PET2 !!!!!!!!!!!!!!!!!!!!!!!!!!!!!!!!!!!!!!!!!!!!!!!!!!!!!!
20240719 052618.100 INFO             PET2 Running with ESMF Version   : v8.7.0b08-6-g7f6a4f6fe1
20240719 052618.100 INFO             PET2 ESMF library build date/time: "Jul 19 2024" "02:04:37"
20240719 052618.100 INFO             PET2 ESMF library build location : /glade/derecho/scratch/sacks/esmf-testing/gfortran_12.2.0_pio2.5.10_mpi_O_feature_smm_store_search/esmf
20240719 052618.100 INFO             PET2 ESMF_COMM                   : mpi
20240719 052618.100 INFO             PET2 ESMF_MOAB                   : enabled
20240719 052618.100 INFO             PET2 ESMF_LAPACK                 : enabled
20240719 052618.100 INFO             PET2 ESMF_NETCDF                 : enabled
20240719 052618.100 INFO             PET2 ESMF_PNETCDF                : disabled
20240719 052618.100 INFO             PET2 ESMF_PIO                    : enabled
20240719 052618.100 INFO             PET2 ESMF_YAMLCPP                : enabled
20240719 052618.128 DEBUG            PET2 about to destroy Grid: 0x787a70
20240719 052618.130 DEBUG            PET2 about to destroy Grid: 0x789030
20240719 052618.137 INFO             PET2  NUMBER_OF_PROCESSORS           4
20240719 052618.137 INFO             PET2  PASS  Example ESMF_NUOPCAtmModelEx, ESMF_NUOPCAtmModelEx.F90, line 806
20240719 052618.138 INFO             PET2  Finalizing ESMF
20240719 052618.100 INFO             PET3 !!!!!!!!!!!!!!!!!!!!!!!!!!!!!!!!!!!!!!!!!!!!!!!!!!!!!!
20240719 052618.100 INFO             PET3 !!! THE ESMF_LOG IS SET TO OUTPUT ALL LOG MESSAGES !!!
20240719 052618.100 INFO             PET3 !!!     THIS MAY CAUSE SLOWDOWN IN PERFORMANCE     !!!
20240719 052618.100 INFO             PET3 !!! FOR PRODUCTION RUNS, USE:                      !!!
20240719 052618.100 INFO             PET3 !!!                   ESMF_LOGKIND_Multi_On_Error  !!!
20240719 052618.100 INFO             PET3 !!!!!!!!!!!!!!!!!!!!!!!!!!!!!!!!!!!!!!!!!!!!!!!!!!!!!!
20240719 052618.100 INFO             PET3 Running with ESMF Version   : v8.7.0b08-6-g7f6a4f6fe1
20240719 052618.100 INFO             PET3 ESMF library build date/time: "Jul 19 2024" "02:04:37"
20240719 052618.100 INFO             PET3 ESMF library build location : /glade/derecho/scratch/sacks/esmf-testing/gfortran_12.2.0_pio2.5.10_mpi_O_feature_smm_store_search/esmf
20240719 052618.100 INFO             PET3 ESMF_COMM                   : mpi
20240719 052618.101 INFO             PET3 ESMF_MOAB                   : enabled
20240719 052618.101 INFO             PET3 ESMF_LAPACK                 : enabled
20240719 052618.101 INFO             PET3 ESMF_NETCDF                 : enabled
20240719 052618.101 INFO             PET3 ESMF_PNETCDF                : disabled
20240719 052618.101 INFO             PET3 ESMF_PIO                    : enabled
20240719 052618.101 INFO             PET3 ESMF_YAMLCPP                : enabled
20240719 052618.128 DEBUG            PET3 about to destroy Grid: 0x787a80
20240719 052618.130 DEBUG            PET3 about to destroy Grid: 0x789040
20240719 052618.137 INFO             PET3  NUMBER_OF_PROCESSORS           4
20240719 052618.137 INFO             PET3  PASS  Example ESMF_NUOPCAtmModelEx, ESMF_NUOPCAtmModelEx.F90, line 806
20240719 052618.138 INFO             PET3  Finalizing ESMF
