2024-07-24 04:36:30

mainApp:115189 terminated with signal 11 at PC=44b773 SP=7ffdbb6f7890.  Backtrace:

mainApp:115191 terminated with signal 11 at PC=44b737 SP=7fff40113fb0.  Backtrace:

mainApp:115188 terminated with signal 11 at PC=44b753 SP=7ffc2fdcb1c0.  Backtrace:
/tmp/intel_2023.1.0-oneAPI_mpi_g_feature_numa/nuopc-app-prototypes/CustomFieldDictionaryProto/./mainApp[0x44b773]
/tmp/intel_2023.1.0-oneAPI_mpi_g_feature_numa/nuopc-app-prototypes/CustomFieldDictionaryProto/./mainApp[0x44c720]
/tmp/intel_2023.1.0-oneAPI_mpi_g_feature_numa/nuopc-app-prototypes/CustomFieldDictionaryProto/./mainApp[0x44b8c5]

mainApp:115190 terminated with signal 11 at PC=44b780 SP=7fff2d017c30.  Backtrace:
/tmp/intel_2023.1.0-oneAPI_mpi_g_feature_numa/nuopc-app-prototypes/CustomFieldDictionaryProto/./mainApp[0x44b737]
/tmp/intel_2023.1.0-oneAPI_mpi_g_feature_numa/nuopc-app-prototypes/CustomFieldDictionaryProto/./mainApp[0x44c720]
/tmp/intel_2023.1.0-oneAPI_mpi_g_feature_numa/nuopc-app-prototypes/CustomFieldDictionaryProto/./mainApp[0x44b8c5]
/tmp/intel_2023.1.0-oneAPI_mpi_g_feature_numa/nuopc-app-prototypes/CustomFieldDictionaryProto/./mainApp[0x44b753]
/tmp/intel_2023.1.0-oneAPI_mpi_g_feature_numa/nuopc-app-prototypes/CustomFieldDictionaryProto/./mainApp[0x44c720]
/tmp/intel_2023.1.0-oneAPI_mpi_g_feature_numa/nuopc-app-prototypes/CustomFieldDictionaryProto/./mainApp[0x44b8c5]
/tmp/intel_2023.1.0-oneAPI_mpi_g_feature_numa/nuopc-app-prototypes/CustomFieldDictionaryProto/./mainApp[0x44b780]
/tmp/intel_2023.1.0-oneAPI_mpi_g_feature_numa/nuopc-app-prototypes/CustomFieldDictionaryProto/./mainApp[0x44c720]
/tmp/intel_2023.1.0-oneAPI_mpi_g_feature_numa/nuopc-app-prototypes/CustomFieldDictionaryProto/./mainApp[0x44b8c5]
/tmp/intel_2023.1.0-oneAPI_mpi_g_feature_numa/esmf/DEFAULTINSTALLDIR/lib/libg/Unicos.intel.64.mpi.default/libesmf.so(f_esmf_compcollectgarbage2_+0x4bc)[0x7f74f8934e6c]
/tmp/intel_2023.1.0-oneAPI_mpi_g_feature_numa/esmf/DEFAULTINSTALLDIR/lib/libg/Unicos.intel.64.mpi.default/libesmf.so(f_esmf_compcollectgarbage2_+0x4bc)[0x7fefd7848e6c]
/tmp/intel_2023.1.0-oneAPI_mpi_g_feature_numa/esmf/DEFAULTINSTALLDIR/lib/libg/Unicos.intel.64.mpi.default/libesmf.so(f_esmf_compcollectgarbage2_+0x4bc)[0x7f3584727e6c]
/tmp/intel_2023.1.0-oneAPI_mpi_g_feature_numa/esmf/DEFAULTINSTALLDIR/lib/libg/Unicos.intel.64.mpi.default/libesmf.so(f_esmf_compcollectgarbage2_+0x4bc)[0x7fc442445e6c]
/tmp/intel_2023.1.0-oneAPI_mpi_g_feature_numa/esmf/DEFAULTINSTALLDIR/lib/libg/Unicos.intel.64.mpi.default/libesmf.so(_ZN5ESMCI2VM8finalizeEP12ESMC_LogicalPi+0x5d2)[0x7f35842ccaf2]
/tmp/intel_2023.1.0-oneAPI_mpi_g_feature_numa/esmf/DEFAULTINSTALLDIR/lib/libg/Unicos.intel.64.mpi.default/libesmf.so(_ZN5ESMCI2VM8finalizeEP12ESMC_LogicalPi+0x5d2)[0x7fc441feaaf2]
/tmp/intel_2023.1.0-oneAPI_mpi_g_feature_numa/esmf/DEFAULTINSTALLDIR/lib/libg/Unicos.intel.64.mpi.default/libesmf.so(_ZN5ESMCI2VM8finalizeEP12ESMC_LogicalPi+0x5d2)[0x7f74f84d9af2]
/tmp/intel_2023.1.0-oneAPI_mpi_g_feature_numa/esmf/DEFAULTINSTALLDIR/lib/libg/Unicos.intel.64.mpi.default/libesmf.so(_ZN5ESMCI2VM8finalizeEP12ESMC_LogicalPi+0x5d2)[0x7fefd73edaf2]
/tmp/intel_2023.1.0-oneAPI_mpi_g_feature_numa/esmf/DEFAULTINSTALLDIR/lib/libg/Unicos.intel.64.mpi.default/libesmf.so(c_esmc_vmfinalize_+0x57)[0x7f35842966e7]
/tmp/intel_2023.1.0-oneAPI_mpi_g_feature_numa/esmf/DEFAULTINSTALLDIR/lib/libg/Unicos.intel.64.mpi.default/libesmf.so(c_esmc_vmfinalize_+0x57)[0x7f74f84a36e7]
/tmp/intel_2023.1.0-oneAPI_mpi_g_feature_numa/esmf/DEFAULTINSTALLDIR/lib/libg/Unicos.intel.64.mpi.default/libesmf.so(c_esmc_vmfinalize_+0x57)[0x7fc441fb46e7]
/tmp/intel_2023.1.0-oneAPI_mpi_g_feature_numa/esmf/DEFAULTINSTALLDIR/lib/libg/Unicos.intel.64.mpi.default/libesmf.so(c_esmc_vmfinalize_+0x57)[0x7fefd73b76e7]
/tmp/intel_2023.1.0-oneAPI_mpi_g_feature_numa/esmf/DEFAULTINSTALLDIR/lib/libg/Unicos.intel.64.mpi.default/libesmf.so(+0x2a881fb)[0x7f358534f1fb]
/tmp/intel_2023.1.0-oneAPI_mpi_g_feature_numa/esmf/DEFAULTINSTALLDIR/lib/libg/Unicos.intel.64.mpi.default/libesmf.so(+0x2a881fb)[0x7f74f955c1fb]
/tmp/intel_2023.1.0-oneAPI_mpi_g_feature_numa/esmf/DEFAULTINSTALLDIR/lib/libg/Unicos.intel.64.mpi.default/libesmf.so(+0x2a881fb)[0x7fefd84701fb]
/tmp/intel_2023.1.0-oneAPI_mpi_g_feature_numa/esmf/DEFAULTINSTALLDIR/lib/libg/Unicos.intel.64.mpi.default/libesmf.so(+0x2a881fb)[0x7fc44306d1fb]
/tmp/intel_2023.1.0-oneAPI_mpi_g_feature_numa/esmf/DEFAULTINSTALLDIR/lib/libg/Unicos.intel.64.mpi.default/libesmf.so(esmf_vmmod_mp_esmf_vmfinalize_+0x72)[0x7fc443064dc2]
/tmp/intel_2023.1.0-oneAPI_mpi_g_feature_numa/esmf/DEFAULTINSTALLDIR/lib/libg/Unicos.intel.64.mpi.default/libesmf.so(esmf_vmmod_mp_esmf_vmfinalize_+0x72)[0x7f74f9553dc2]
/tmp/intel_2023.1.0-oneAPI_mpi_g_feature_numa/esmf/DEFAULTINSTALLDIR/lib/libg/Unicos.intel.64.mpi.default/libesmf.so(esmf_vmmod_mp_esmf_vmfinalize_+0x72)[0x7f3585346dc2]
/tmp/intel_2023.1.0-oneAPI_mpi_g_feature_numa/esmf/DEFAULTINSTALLDIR/lib/libg/Unicos.intel.64.mpi.default/libesmf.so(esmf_vmmod_mp_esmf_vmfinalize_+0x72)[0x7fefd8467dc2]
/tmp/intel_2023.1.0-oneAPI_mpi_g_feature_numa/esmf/DEFAULTINSTALLDIR/lib/libg/Unicos.intel.64.mpi.default/libesmf.so(esmf_initmod_mp_esmf_finalize_+0x103a)[0x7fc442b7ba3a]
/tmp/intel_2023.1.0-oneAPI_mpi_g_feature_numa/esmf/DEFAULTINSTALLDIR/lib/libg/Unicos.intel.64.mpi.default/libesmf.so(esmf_initmod_mp_esmf_finalize_+0x103a)[0x7f74f906aa3a]
/tmp/intel_2023.1.0-oneAPI_mpi_g_feature_numa/nuopc-app-prototypes/CustomFieldDictionaryProto/./mainApp[0x41738e]
/tmp/intel_2023.1.0-oneAPI_mpi_g_feature_numa/nuopc-app-prototypes/CustomFieldDictionaryProto/./mainApp[0x41663d]
/tmp/intel_2023.1.0-oneAPI_mpi_g_feature_numa/nuopc-app-prototypes/CustomFieldDictionaryProto/./mainApp[0x41738e]
/tmp/intel_2023.1.0-oneAPI_mpi_g_feature_numa/nuopc-app-prototypes/CustomFieldDictionaryProto/./mainApp[0x41663d]
/tmp/intel_2023.1.0-oneAPI_mpi_g_feature_numa/esmf/DEFAULTINSTALLDIR/lib/libg/Unicos.intel.64.mpi.default/libesmf.so(esmf_initmod_mp_esmf_finalize_+0x103a)[0x7f3584e5da3a]
/tmp/intel_2023.1.0-oneAPI_mpi_g_feature_numa/nuopc-app-prototypes/CustomFieldDictionaryProto/./mainApp[0x41738e]
/lib64/libc.so.6(__libc_start_main+0xef)[0x7f74f263e24d]
/tmp/intel_2023.1.0-oneAPI_mpi_g_feature_numa/nuopc-app-prototypes/CustomFieldDictionaryProto/./mainApp[0x41656a]
/tmp/intel_2023.1.0-oneAPI_mpi_g_feature_numa/nuopc-app-prototypes/CustomFieldDictionaryProto/./mainApp[0x41663d]
/tmp/intel_2023.1.0-oneAPI_mpi_g_feature_numa/esmf/DEFAULTINSTALLDIR/lib/libg/Unicos.intel.64.mpi.default/libesmf.so(esmf_initmod_mp_esmf_finalize_+0x103a)[0x7fefd7f7ea3a]
/tmp/intel_2023.1.0-oneAPI_mpi_g_feature_numa/nuopc-app-prototypes/CustomFieldDictionaryProto/./mainApp[0x41738e]
/tmp/intel_2023.1.0-oneAPI_mpi_g_feature_numa/nuopc-app-prototypes/CustomFieldDictionaryProto/./mainApp[0x41663d]
/lib64/libc.so.6(__libc_start_main+0xef)[0x7fc43c23e24d]
/tmp/intel_2023.1.0-oneAPI_mpi_g_feature_numa/nuopc-app-prototypes/CustomFieldDictionaryProto/./mainApp[0x41656a]
/lib64/libc.so.6(__libc_start_main+0xef)[0x7f357e43e24d]
/tmp/intel_2023.1.0-oneAPI_mpi_g_feature_numa/nuopc-app-prototypes/CustomFieldDictionaryProto/./mainApp[0x41656a]
/lib64/libc.so.6(__libc_start_main+0xef)[0x7fefd163e24d]
/tmp/intel_2023.1.0-oneAPI_mpi_g_feature_numa/nuopc-app-prototypes/CustomFieldDictionaryProto/./mainApp[0x41656a]
srun: error: c5n1568: tasks 0-3: Exited with exit code 1
srun: Terminating StepId=135082481.378
