2024-07-24 04:36:30

mainApp:115328 terminated with signal 11 at PC=44e643 SP=7ffd15379140.  Backtrace:

mainApp:115329 terminated with signal 11 at PC=44e639 SP=7fff5e67e210.  Backtrace:
/tmp/intel_2023.1.0-oneAPI_mpi_g_feature_numa/nuopc-app-prototypes/DriverInDriverDataDepProto/./mainApp[0x44e643]
/tmp/intel_2023.1.0-oneAPI_mpi_g_feature_numa/nuopc-app-prototypes/DriverInDriverDataDepProto/./mainApp[0x44f610]
/tmp/intel_2023.1.0-oneAPI_mpi_g_feature_numa/nuopc-app-prototypes/DriverInDriverDataDepProto/./mainApp[0x44e639]
/tmp/intel_2023.1.0-oneAPI_mpi_g_feature_numa/nuopc-app-prototypes/DriverInDriverDataDepProto/./mainApp[0x44f610]
/tmp/intel_2023.1.0-oneAPI_mpi_g_feature_numa/nuopc-app-prototypes/DriverInDriverDataDepProto/./mainApp[0x44e7b5]
/tmp/intel_2023.1.0-oneAPI_mpi_g_feature_numa/nuopc-app-prototypes/DriverInDriverDataDepProto/./mainApp[0x44e7b5]
/tmp/intel_2023.1.0-oneAPI_mpi_g_feature_numa/esmf/DEFAULTINSTALLDIR/lib/libg/Unicos.intel.64.mpi.default/libesmf.so(f_esmf_compcollectgarbage2_+0x4bc)[0x7f4a860d9e6c]
/tmp/intel_2023.1.0-oneAPI_mpi_g_feature_numa/esmf/DEFAULTINSTALLDIR/lib/libg/Unicos.intel.64.mpi.default/libesmf.so(f_esmf_compcollectgarbage2_+0x4bc)[0x7f8ae25dce6c]
/tmp/intel_2023.1.0-oneAPI_mpi_g_feature_numa/esmf/DEFAULTINSTALLDIR/lib/libg/Unicos.intel.64.mpi.default/libesmf.so(_ZN5ESMCI2VM8finalizeEP12ESMC_LogicalPi+0x5d2)[0x7f8ae2181af2]
/tmp/intel_2023.1.0-oneAPI_mpi_g_feature_numa/esmf/DEFAULTINSTALLDIR/lib/libg/Unicos.intel.64.mpi.default/libesmf.so(_ZN5ESMCI2VM8finalizeEP12ESMC_LogicalPi+0x5d2)[0x7f4a85c7eaf2]
/tmp/intel_2023.1.0-oneAPI_mpi_g_feature_numa/esmf/DEFAULTINSTALLDIR/lib/libg/Unicos.intel.64.mpi.default/libesmf.so(c_esmc_vmfinalize_+0x57)[0x7f8ae214b6e7]
/tmp/intel_2023.1.0-oneAPI_mpi_g_feature_numa/esmf/DEFAULTINSTALLDIR/lib/libg/Unicos.intel.64.mpi.default/libesmf.so(c_esmc_vmfinalize_+0x57)[0x7f4a85c486e7]
/tmp/intel_2023.1.0-oneAPI_mpi_g_feature_numa/esmf/DEFAULTINSTALLDIR/lib/libg/Unicos.intel.64.mpi.default/libesmf.so(+0x2a881fb)[0x7f8ae32041fb]
/tmp/intel_2023.1.0-oneAPI_mpi_g_feature_numa/esmf/DEFAULTINSTALLDIR/lib/libg/Unicos.intel.64.mpi.default/libesmf.so(+0x2a881fb)[0x7f4a86d011fb]
/tmp/intel_2023.1.0-oneAPI_mpi_g_feature_numa/esmf/DEFAULTINSTALLDIR/lib/libg/Unicos.intel.64.mpi.default/libesmf.so(esmf_vmmod_mp_esmf_vmfinalize_+0x72)[0x7f8ae31fbdc2]
/tmp/intel_2023.1.0-oneAPI_mpi_g_feature_numa/esmf/DEFAULTINSTALLDIR/lib/libg/Unicos.intel.64.mpi.default/libesmf.so(esmf_vmmod_mp_esmf_vmfinalize_+0x72)[0x7f4a86cf8dc2]
/tmp/intel_2023.1.0-oneAPI_mpi_g_feature_numa/esmf/DEFAULTINSTALLDIR/lib/libg/Unicos.intel.64.mpi.default/libesmf.so(esmf_initmod_mp_esmf_finalize_+0x103a)[0x7f8ae2d12a3a]
/tmp/intel_2023.1.0-oneAPI_mpi_g_feature_numa/nuopc-app-prototypes/DriverInDriverDataDepProto/./mainApp[0x417449]
/tmp/intel_2023.1.0-oneAPI_mpi_g_feature_numa/nuopc-app-prototypes/DriverInDriverDataDepProto/./mainApp[0x416a3d]
/tmp/intel_2023.1.0-oneAPI_mpi_g_feature_numa/esmf/DEFAULTINSTALLDIR/lib/libg/Unicos.intel.64.mpi.default/libesmf.so(esmf_initmod_mp_esmf_finalize_+0x103a)[0x7f4a8680fa3a]
/tmp/intel_2023.1.0-oneAPI_mpi_g_feature_numa/nuopc-app-prototypes/DriverInDriverDataDepProto/./mainApp[0x417449]
/tmp/intel_2023.1.0-oneAPI_mpi_g_feature_numa/nuopc-app-prototypes/DriverInDriverDataDepProto/./mainApp[0x416a3d]
/lib64/libc.so.6(__libc_start_main+0xef)[0x7f8adc43e24d]
/tmp/intel_2023.1.0-oneAPI_mpi_g_feature_numa/nuopc-app-prototypes/DriverInDriverDataDepProto/./mainApp[0x41696a]
/lib64/libc.so.6(__libc_start_main+0xef)[0x7f4a7fe3e24d]
/tmp/intel_2023.1.0-oneAPI_mpi_g_feature_numa/nuopc-app-prototypes/DriverInDriverDataDepProto/./mainApp[0x41696a]

mainApp:115327 terminated with signal 11 at PC=44e610 SP=7ffdf66c4020.  Backtrace:

mainApp:115326 terminated with signal 11 at PC=44e663 SP=7ffea026b910.  Backtrace:
/tmp/intel_2023.1.0-oneAPI_mpi_g_feature_numa/nuopc-app-prototypes/DriverInDriverDataDepProto/./mainApp[0x44e610]
/tmp/intel_2023.1.0-oneAPI_mpi_g_feature_numa/nuopc-app-prototypes/DriverInDriverDataDepProto/./mainApp[0x44f610]
/tmp/intel_2023.1.0-oneAPI_mpi_g_feature_numa/nuopc-app-prototypes/DriverInDriverDataDepProto/./mainApp[0x44e7b5]
/tmp/intel_2023.1.0-oneAPI_mpi_g_feature_numa/nuopc-app-prototypes/DriverInDriverDataDepProto/./mainApp[0x44e663]
/tmp/intel_2023.1.0-oneAPI_mpi_g_feature_numa/nuopc-app-prototypes/DriverInDriverDataDepProto/./mainApp[0x44f610]
/tmp/intel_2023.1.0-oneAPI_mpi_g_feature_numa/nuopc-app-prototypes/DriverInDriverDataDepProto/./mainApp[0x44e7b5]
/tmp/intel_2023.1.0-oneAPI_mpi_g_feature_numa/esmf/DEFAULTINSTALLDIR/lib/libg/Unicos.intel.64.mpi.default/libesmf.so(f_esmf_compcollectgarbage2_+0x4bc)[0x7fcade5bce6c]
/tmp/intel_2023.1.0-oneAPI_mpi_g_feature_numa/esmf/DEFAULTINSTALLDIR/lib/libg/Unicos.intel.64.mpi.default/libesmf.so(f_esmf_compcollectgarbage2_+0x4bc)[0x7fdbead9ae6c]
/tmp/intel_2023.1.0-oneAPI_mpi_g_feature_numa/esmf/DEFAULTINSTALLDIR/lib/libg/Unicos.intel.64.mpi.default/libesmf.so(_ZN5ESMCI2VM8finalizeEP12ESMC_LogicalPi+0x5d2)[0x7fcade161af2]
/tmp/intel_2023.1.0-oneAPI_mpi_g_feature_numa/esmf/DEFAULTINSTALLDIR/lib/libg/Unicos.intel.64.mpi.default/libesmf.so(_ZN5ESMCI2VM8finalizeEP12ESMC_LogicalPi+0x5d2)[0x7fdbea93faf2]
/tmp/intel_2023.1.0-oneAPI_mpi_g_feature_numa/esmf/DEFAULTINSTALLDIR/lib/libg/Unicos.intel.64.mpi.default/libesmf.so(c_esmc_vmfinalize_+0x57)[0x7fcade12b6e7]
/tmp/intel_2023.1.0-oneAPI_mpi_g_feature_numa/esmf/DEFAULTINSTALLDIR/lib/libg/Unicos.intel.64.mpi.default/libesmf.so(c_esmc_vmfinalize_+0x57)[0x7fdbea9096e7]
/tmp/intel_2023.1.0-oneAPI_mpi_g_feature_numa/esmf/DEFAULTINSTALLDIR/lib/libg/Unicos.intel.64.mpi.default/libesmf.so(+0x2a881fb)[0x7fcadf1e41fb]
/tmp/intel_2023.1.0-oneAPI_mpi_g_feature_numa/esmf/DEFAULTINSTALLDIR/lib/libg/Unicos.intel.64.mpi.default/libesmf.so(+0x2a881fb)[0x7fdbeb9c21fb]
/tmp/intel_2023.1.0-oneAPI_mpi_g_feature_numa/esmf/DEFAULTINSTALLDIR/lib/libg/Unicos.intel.64.mpi.default/libesmf.so(esmf_vmmod_mp_esmf_vmfinalize_+0x72)[0x7fcadf1dbdc2]
/tmp/intel_2023.1.0-oneAPI_mpi_g_feature_numa/esmf/DEFAULTINSTALLDIR/lib/libg/Unicos.intel.64.mpi.default/libesmf.so(esmf_vmmod_mp_esmf_vmfinalize_+0x72)[0x7fdbeb9b9dc2]
/tmp/intel_2023.1.0-oneAPI_mpi_g_feature_numa/esmf/DEFAULTINSTALLDIR/lib/libg/Unicos.intel.64.mpi.default/libesmf.so(esmf_initmod_mp_esmf_finalize_+0x103a)[0x7fcadecf2a3a]
/tmp/intel_2023.1.0-oneAPI_mpi_g_feature_numa/nuopc-app-prototypes/DriverInDriverDataDepProto/./mainApp[0x417449]
/tmp/intel_2023.1.0-oneAPI_mpi_g_feature_numa/nuopc-app-prototypes/DriverInDriverDataDepProto/./mainApp[0x416a3d]
/lib64/libc.so.6(__libc_start_main+0xef)[0x7fcad843e24d]
/tmp/intel_2023.1.0-oneAPI_mpi_g_feature_numa/nuopc-app-prototypes/DriverInDriverDataDepProto/./mainApp[0x41696a]
/tmp/intel_2023.1.0-oneAPI_mpi_g_feature_numa/esmf/DEFAULTINSTALLDIR/lib/libg/Unicos.intel.64.mpi.default/libesmf.so(esmf_initmod_mp_esmf_finalize_+0x103a)[0x7fdbeb4d0a3a]
/tmp/intel_2023.1.0-oneAPI_mpi_g_feature_numa/nuopc-app-prototypes/DriverInDriverDataDepProto/./mainApp[0x417449]
/tmp/intel_2023.1.0-oneAPI_mpi_g_feature_numa/nuopc-app-prototypes/DriverInDriverDataDepProto/./mainApp[0x416a3d]
/lib64/libc.so.6(__libc_start_main+0xef)[0x7fdbe4c3e24d]
/tmp/intel_2023.1.0-oneAPI_mpi_g_feature_numa/nuopc-app-prototypes/DriverInDriverDataDepProto/./mainApp[0x41696a]
srun: error: c5n1568: tasks 0-3: Exited with exit code 1
srun: Terminating StepId=135082481.379
