2024-07-23 04:45:58

mainApp:236419 terminated with signal 11 at PC=44d373 SP=7fff561ad080.  Backtrace:

mainApp:236421 terminated with signal 11 at PC=44d357 SP=7ffce0150060.  Backtrace:

mainApp:236418 terminated with signal 11 at PC=44d340 SP=7ffc46915390.  Backtrace:
/tmp/intel_2023.1.0-oneAPI_mpi_g_feature_numa/nuopc-app-prototypes/NamespaceProto/./mainApp[0x44d373]
/tmp/intel_2023.1.0-oneAPI_mpi_g_feature_numa/nuopc-app-prototypes/NamespaceProto/./mainApp[0x44e340]
/tmp/intel_2023.1.0-oneAPI_mpi_g_feature_numa/nuopc-app-prototypes/NamespaceProto/./mainApp[0x44d4e5]

mainApp:236420 terminated with signal 11 at PC=44d381 SP=7fff52913b60.  Backtrace:
/tmp/intel_2023.1.0-oneAPI_mpi_g_feature_numa/nuopc-app-prototypes/NamespaceProto/./mainApp[0x44d357]
/tmp/intel_2023.1.0-oneAPI_mpi_g_feature_numa/nuopc-app-prototypes/NamespaceProto/./mainApp[0x44e340]
/tmp/intel_2023.1.0-oneAPI_mpi_g_feature_numa/nuopc-app-prototypes/NamespaceProto/./mainApp[0x44d4e5]
/tmp/intel_2023.1.0-oneAPI_mpi_g_feature_numa/nuopc-app-prototypes/NamespaceProto/./mainApp[0x44d340]
/tmp/intel_2023.1.0-oneAPI_mpi_g_feature_numa/nuopc-app-prototypes/NamespaceProto/./mainApp[0x44d381]
/tmp/intel_2023.1.0-oneAPI_mpi_g_feature_numa/nuopc-app-prototypes/NamespaceProto/./mainApp[0x44e340]
/tmp/intel_2023.1.0-oneAPI_mpi_g_feature_numa/nuopc-app-prototypes/NamespaceProto/./mainApp[0x44e340]
/tmp/intel_2023.1.0-oneAPI_mpi_g_feature_numa/nuopc-app-prototypes/NamespaceProto/./mainApp[0x44d4e5]
/tmp/intel_2023.1.0-oneAPI_mpi_g_feature_numa/nuopc-app-prototypes/NamespaceProto/./mainApp[0x44d4e5]
/tmp/intel_2023.1.0-oneAPI_mpi_g_feature_numa/esmf/DEFAULTINSTALLDIR/lib/libg/Unicos.intel.64.mpi.default/libesmf.so(f_esmf_compcollectgarbage2_+0x4bc)[0x7f20c75bfe4c]
/tmp/intel_2023.1.0-oneAPI_mpi_g_feature_numa/esmf/DEFAULTINSTALLDIR/lib/libg/Unicos.intel.64.mpi.default/libesmf.so(f_esmf_compcollectgarbage2_+0x4bc)[0x7f9ed8283e4c]
/tmp/intel_2023.1.0-oneAPI_mpi_g_feature_numa/esmf/DEFAULTINSTALLDIR/lib/libg/Unicos.intel.64.mpi.default/libesmf.so(f_esmf_compcollectgarbage2_+0x4bc)[0x7f70d4d6ee4c]
/tmp/intel_2023.1.0-oneAPI_mpi_g_feature_numa/esmf/DEFAULTINSTALLDIR/lib/libg/Unicos.intel.64.mpi.default/libesmf.so(f_esmf_compcollectgarbage2_+0x4bc)[0x7f2c72351e4c]
/tmp/intel_2023.1.0-oneAPI_mpi_g_feature_numa/esmf/DEFAULTINSTALLDIR/lib/libg/Unicos.intel.64.mpi.default/libesmf.so(_ZN5ESMCI2VM8finalizeEP12ESMC_LogicalPi+0x5d2)[0x7f20c7164ad2]
/tmp/intel_2023.1.0-oneAPI_mpi_g_feature_numa/esmf/DEFAULTINSTALLDIR/lib/libg/Unicos.intel.64.mpi.default/libesmf.so(_ZN5ESMCI2VM8finalizeEP12ESMC_LogicalPi+0x5d2)[0x7f9ed7e28ad2]
/tmp/intel_2023.1.0-oneAPI_mpi_g_feature_numa/esmf/DEFAULTINSTALLDIR/lib/libg/Unicos.intel.64.mpi.default/libesmf.so(_ZN5ESMCI2VM8finalizeEP12ESMC_LogicalPi+0x5d2)[0x7f70d4913ad2]
/tmp/intel_2023.1.0-oneAPI_mpi_g_feature_numa/esmf/DEFAULTINSTALLDIR/lib/libg/Unicos.intel.64.mpi.default/libesmf.so(_ZN5ESMCI2VM8finalizeEP12ESMC_LogicalPi+0x5d2)[0x7f2c71ef6ad2]
/tmp/intel_2023.1.0-oneAPI_mpi_g_feature_numa/esmf/DEFAULTINSTALLDIR/lib/libg/Unicos.intel.64.mpi.default/libesmf.so(c_esmc_vmfinalize_+0x57)[0x7f20c712e6e7]
/tmp/intel_2023.1.0-oneAPI_mpi_g_feature_numa/esmf/DEFAULTINSTALLDIR/lib/libg/Unicos.intel.64.mpi.default/libesmf.so(c_esmc_vmfinalize_+0x57)[0x7f9ed7df26e7]
/tmp/intel_2023.1.0-oneAPI_mpi_g_feature_numa/esmf/DEFAULTINSTALLDIR/lib/libg/Unicos.intel.64.mpi.default/libesmf.so(c_esmc_vmfinalize_+0x57)[0x7f70d48dd6e7]
/tmp/intel_2023.1.0-oneAPI_mpi_g_feature_numa/esmf/DEFAULTINSTALLDIR/lib/libg/Unicos.intel.64.mpi.default/libesmf.so(c_esmc_vmfinalize_+0x57)[0x7f2c71ec06e7]
/tmp/intel_2023.1.0-oneAPI_mpi_g_feature_numa/esmf/DEFAULTINSTALLDIR/lib/libg/Unicos.intel.64.mpi.default/libesmf.so(+0x2a881db)[0x7f20c81e71db]
/tmp/intel_2023.1.0-oneAPI_mpi_g_feature_numa/esmf/DEFAULTINSTALLDIR/lib/libg/Unicos.intel.64.mpi.default/libesmf.so(+0x2a881db)[0x7f9ed8eab1db]
/tmp/intel_2023.1.0-oneAPI_mpi_g_feature_numa/esmf/DEFAULTINSTALLDIR/lib/libg/Unicos.intel.64.mpi.default/libesmf.so(+0x2a881db)[0x7f70d59961db]
/tmp/intel_2023.1.0-oneAPI_mpi_g_feature_numa/esmf/DEFAULTINSTALLDIR/lib/libg/Unicos.intel.64.mpi.default/libesmf.so(+0x2a881db)[0x7f2c72f791db]
/tmp/intel_2023.1.0-oneAPI_mpi_g_feature_numa/esmf/DEFAULTINSTALLDIR/lib/libg/Unicos.intel.64.mpi.default/libesmf.so(esmf_vmmod_mp_esmf_vmfinalize_+0x72)[0x7f20c81deda2]
/tmp/intel_2023.1.0-oneAPI_mpi_g_feature_numa/esmf/DEFAULTINSTALLDIR/lib/libg/Unicos.intel.64.mpi.default/libesmf.so(esmf_vmmod_mp_esmf_vmfinalize_+0x72)[0x7f70d598dda2]
/tmp/intel_2023.1.0-oneAPI_mpi_g_feature_numa/esmf/DEFAULTINSTALLDIR/lib/libg/Unicos.intel.64.mpi.default/libesmf.so(esmf_vmmod_mp_esmf_vmfinalize_+0x72)[0x7f9ed8ea2da2]
/tmp/intel_2023.1.0-oneAPI_mpi_g_feature_numa/esmf/DEFAULTINSTALLDIR/lib/libg/Unicos.intel.64.mpi.default/libesmf.so(esmf_vmmod_mp_esmf_vmfinalize_+0x72)[0x7f2c72f70da2]
/tmp/intel_2023.1.0-oneAPI_mpi_g_feature_numa/esmf/DEFAULTINSTALLDIR/lib/libg/Unicos.intel.64.mpi.default/libesmf.so(esmf_initmod_mp_esmf_finalize_+0x103a)[0x7f20c7cf5a1a]
/tmp/intel_2023.1.0-oneAPI_mpi_g_feature_numa/nuopc-app-prototypes/NamespaceProto/./mainApp[0x417149]
/tmp/intel_2023.1.0-oneAPI_mpi_g_feature_numa/nuopc-app-prototypes/NamespaceProto/./mainApp[0x41673d]
/lib64/libc.so.6(__libc_start_main+0xef)[0x7f20c143e24d]
/tmp/intel_2023.1.0-oneAPI_mpi_g_feature_numa/nuopc-app-prototypes/NamespaceProto/./mainApp[0x41666a]
/tmp/intel_2023.1.0-oneAPI_mpi_g_feature_numa/esmf/DEFAULTINSTALLDIR/lib/libg/Unicos.intel.64.mpi.default/libesmf.so(esmf_initmod_mp_esmf_finalize_+0x103a)[0x7f70d54a4a1a]
/tmp/intel_2023.1.0-oneAPI_mpi_g_feature_numa/nuopc-app-prototypes/NamespaceProto/./mainApp[0x417149]
/tmp/intel_2023.1.0-oneAPI_mpi_g_feature_numa/nuopc-app-prototypes/NamespaceProto/./mainApp[0x41673d]
/tmp/intel_2023.1.0-oneAPI_mpi_g_feature_numa/esmf/DEFAULTINSTALLDIR/lib/libg/Unicos.intel.64.mpi.default/libesmf.so(esmf_initmod_mp_esmf_finalize_+0x103a)[0x7f9ed89b9a1a]
/lib64/libc.so.6(__libc_start_main+0xef)[0x7f70cec3e24d]
/tmp/intel_2023.1.0-oneAPI_mpi_g_feature_numa/nuopc-app-prototypes/NamespaceProto/./mainApp[0x41666a]
/tmp/intel_2023.1.0-oneAPI_mpi_g_feature_numa/nuopc-app-prototypes/NamespaceProto/./mainApp[0x417149]
/tmp/intel_2023.1.0-oneAPI_mpi_g_feature_numa/nuopc-app-prototypes/NamespaceProto/./mainApp[0x41673d]
/lib64/libc.so.6(__libc_start_main+0xef)[0x7f9ed203e24d]
/tmp/intel_2023.1.0-oneAPI_mpi_g_feature_numa/nuopc-app-prototypes/NamespaceProto/./mainApp[0x41666a]
/tmp/intel_2023.1.0-oneAPI_mpi_g_feature_numa/esmf/DEFAULTINSTALLDIR/lib/libg/Unicos.intel.64.mpi.default/libesmf.so(esmf_initmod_mp_esmf_finalize_+0x103a)[0x7f2c72a87a1a]
/tmp/intel_2023.1.0-oneAPI_mpi_g_feature_numa/nuopc-app-prototypes/NamespaceProto/./mainApp[0x417149]
/tmp/intel_2023.1.0-oneAPI_mpi_g_feature_numa/nuopc-app-prototypes/NamespaceProto/./mainApp[0x41673d]
/lib64/libc.so.6(__libc_start_main+0xef)[0x7f2c6c23e24d]
/tmp/intel_2023.1.0-oneAPI_mpi_g_feature_numa/nuopc-app-prototypes/NamespaceProto/./mainApp[0x41666a]
srun: error: c5n0958: tasks 0-3: Exited with exit code 1
srun: Terminating StepId=135081467.386
