2024-07-23 04:45:58

mainApp:236592 terminated with signal 11 at PC=453003 SP=7ffc5dd18400.  Backtrace:

mainApp:236591 terminated with signal 11 at PC=453010 SP=7ffeb1d853f0.  Backtrace:
/tmp/intel_2023.1.0-oneAPI_mpi_g_feature_numa/nuopc-app-prototypes/NestingSingleProto/./mainApp[0x453003]
/tmp/intel_2023.1.0-oneAPI_mpi_g_feature_numa/nuopc-app-prototypes/NestingSingleProto/./mainApp[0x453fb0]
/tmp/intel_2023.1.0-oneAPI_mpi_g_feature_numa/nuopc-app-prototypes/NestingSingleProto/./mainApp[0x453155]
/tmp/intel_2023.1.0-oneAPI_mpi_g_feature_numa/nuopc-app-prototypes/NestingSingleProto/./mainApp[0x453010]
/tmp/intel_2023.1.0-oneAPI_mpi_g_feature_numa/nuopc-app-prototypes/NestingSingleProto/./mainApp[0x453fb0]
/tmp/intel_2023.1.0-oneAPI_mpi_g_feature_numa/nuopc-app-prototypes/NestingSingleProto/./mainApp[0x453155]
/tmp/intel_2023.1.0-oneAPI_mpi_g_feature_numa/esmf/DEFAULTINSTALLDIR/lib/libg/Unicos.intel.64.mpi.default/libesmf.so(f_esmf_compcollectgarbage2_+0x4bc)[0x7fe6aa149e4c]

mainApp:236589 terminated with signal 11 at PC=453003 SP=7ffdccfd0490.  Backtrace:
/tmp/intel_2023.1.0-oneAPI_mpi_g_feature_numa/esmf/DEFAULTINSTALLDIR/lib/libg/Unicos.intel.64.mpi.default/libesmf.so(f_esmf_compcollectgarbage2_+0x4bc)[0x7efe93571e4c]
/tmp/intel_2023.1.0-oneAPI_mpi_g_feature_numa/nuopc-app-prototypes/NestingSingleProto/./mainApp[0x453003]
/tmp/intel_2023.1.0-oneAPI_mpi_g_feature_numa/nuopc-app-prototypes/NestingSingleProto/./mainApp[0x453fb0]
/tmp/intel_2023.1.0-oneAPI_mpi_g_feature_numa/nuopc-app-prototypes/NestingSingleProto/./mainApp[0x453155]

mainApp:236590 terminated with signal 11 at PC=452ff1 SP=7ffea5c4e360.  Backtrace:
/tmp/intel_2023.1.0-oneAPI_mpi_g_feature_numa/nuopc-app-prototypes/NestingSingleProto/./mainApp[0x452ff1]
/tmp/intel_2023.1.0-oneAPI_mpi_g_feature_numa/nuopc-app-prototypes/NestingSingleProto/./mainApp[0x453fb0]
/tmp/intel_2023.1.0-oneAPI_mpi_g_feature_numa/nuopc-app-prototypes/NestingSingleProto/./mainApp[0x453155]
/tmp/intel_2023.1.0-oneAPI_mpi_g_feature_numa/esmf/DEFAULTINSTALLDIR/lib/libg/Unicos.intel.64.mpi.default/libesmf.so(_ZN5ESMCI2VM8finalizeEP12ESMC_LogicalPi+0x5d2)[0x7fe6a9ceead2]
/tmp/intel_2023.1.0-oneAPI_mpi_g_feature_numa/esmf/DEFAULTINSTALLDIR/lib/libg/Unicos.intel.64.mpi.default/libesmf.so(_ZN5ESMCI2VM8finalizeEP12ESMC_LogicalPi+0x5d2)[0x7efe93116ad2]
/tmp/intel_2023.1.0-oneAPI_mpi_g_feature_numa/esmf/DEFAULTINSTALLDIR/lib/libg/Unicos.intel.64.mpi.default/libesmf.so(f_esmf_compcollectgarbage2_+0x4bc)[0x7f64f78b4e4c]
/tmp/intel_2023.1.0-oneAPI_mpi_g_feature_numa/esmf/DEFAULTINSTALLDIR/lib/libg/Unicos.intel.64.mpi.default/libesmf.so(f_esmf_compcollectgarbage2_+0x4bc)[0x7fcc49701e4c]
/tmp/intel_2023.1.0-oneAPI_mpi_g_feature_numa/esmf/DEFAULTINSTALLDIR/lib/libg/Unicos.intel.64.mpi.default/libesmf.so(c_esmc_vmfinalize_+0x57)[0x7fe6a9cb86e7]
/tmp/intel_2023.1.0-oneAPI_mpi_g_feature_numa/esmf/DEFAULTINSTALLDIR/lib/libg/Unicos.intel.64.mpi.default/libesmf.so(c_esmc_vmfinalize_+0x57)[0x7efe930e06e7]
/tmp/intel_2023.1.0-oneAPI_mpi_g_feature_numa/esmf/DEFAULTINSTALLDIR/lib/libg/Unicos.intel.64.mpi.default/libesmf.so(_ZN5ESMCI2VM8finalizeEP12ESMC_LogicalPi+0x5d2)[0x7f64f7459ad2]
/tmp/intel_2023.1.0-oneAPI_mpi_g_feature_numa/esmf/DEFAULTINSTALLDIR/lib/libg/Unicos.intel.64.mpi.default/libesmf.so(_ZN5ESMCI2VM8finalizeEP12ESMC_LogicalPi+0x5d2)[0x7fcc492a6ad2]
/tmp/intel_2023.1.0-oneAPI_mpi_g_feature_numa/esmf/DEFAULTINSTALLDIR/lib/libg/Unicos.intel.64.mpi.default/libesmf.so(+0x2a881db)[0x7fe6aad711db]
/tmp/intel_2023.1.0-oneAPI_mpi_g_feature_numa/esmf/DEFAULTINSTALLDIR/lib/libg/Unicos.intel.64.mpi.default/libesmf.so(+0x2a881db)[0x7efe941991db]
/tmp/intel_2023.1.0-oneAPI_mpi_g_feature_numa/esmf/DEFAULTINSTALLDIR/lib/libg/Unicos.intel.64.mpi.default/libesmf.so(c_esmc_vmfinalize_+0x57)[0x7f64f74236e7]
/tmp/intel_2023.1.0-oneAPI_mpi_g_feature_numa/esmf/DEFAULTINSTALLDIR/lib/libg/Unicos.intel.64.mpi.default/libesmf.so(c_esmc_vmfinalize_+0x57)[0x7fcc492706e7]
/tmp/intel_2023.1.0-oneAPI_mpi_g_feature_numa/esmf/DEFAULTINSTALLDIR/lib/libg/Unicos.intel.64.mpi.default/libesmf.so(esmf_vmmod_mp_esmf_vmfinalize_+0x72)[0x7fe6aad68da2]
/tmp/intel_2023.1.0-oneAPI_mpi_g_feature_numa/esmf/DEFAULTINSTALLDIR/lib/libg/Unicos.intel.64.mpi.default/libesmf.so(esmf_vmmod_mp_esmf_vmfinalize_+0x72)[0x7efe94190da2]
/tmp/intel_2023.1.0-oneAPI_mpi_g_feature_numa/esmf/DEFAULTINSTALLDIR/lib/libg/Unicos.intel.64.mpi.default/libesmf.so(+0x2a881db)[0x7f64f84dc1db]
/tmp/intel_2023.1.0-oneAPI_mpi_g_feature_numa/esmf/DEFAULTINSTALLDIR/lib/libg/Unicos.intel.64.mpi.default/libesmf.so(+0x2a881db)[0x7fcc4a3291db]
/tmp/intel_2023.1.0-oneAPI_mpi_g_feature_numa/esmf/DEFAULTINSTALLDIR/lib/libg/Unicos.intel.64.mpi.default/libesmf.so(esmf_initmod_mp_esmf_finalize_+0x103a)[0x7fe6aa87fa1a]
/tmp/intel_2023.1.0-oneAPI_mpi_g_feature_numa/nuopc-app-prototypes/NestingSingleProto/./mainApp[0x417b39]
/tmp/intel_2023.1.0-oneAPI_mpi_g_feature_numa/nuopc-app-prototypes/NestingSingleProto/./mainApp[0x41707d]
/lib64/libc.so.6(__libc_start_main+0xef)[0x7fe6a3e3e24d]
/tmp/intel_2023.1.0-oneAPI_mpi_g_feature_numa/nuopc-app-prototypes/NestingSingleProto/./mainApp[0x416faa]
/tmp/intel_2023.1.0-oneAPI_mpi_g_feature_numa/esmf/DEFAULTINSTALLDIR/lib/libg/Unicos.intel.64.mpi.default/libesmf.so(esmf_initmod_mp_esmf_finalize_+0x103a)[0x7efe93ca7a1a]
/tmp/intel_2023.1.0-oneAPI_mpi_g_feature_numa/nuopc-app-prototypes/NestingSingleProto/./mainApp[0x417b39]
/tmp/intel_2023.1.0-oneAPI_mpi_g_feature_numa/nuopc-app-prototypes/NestingSingleProto/./mainApp[0x41707d]
/lib64/libc.so.6(__libc_start_main+0xef)[0x7efe8d43e24d]
/tmp/intel_2023.1.0-oneAPI_mpi_g_feature_numa/nuopc-app-prototypes/NestingSingleProto/./mainApp[0x416faa]
/tmp/intel_2023.1.0-oneAPI_mpi_g_feature_numa/esmf/DEFAULTINSTALLDIR/lib/libg/Unicos.intel.64.mpi.default/libesmf.so(esmf_vmmod_mp_esmf_vmfinalize_+0x72)[0x7f64f84d3da2]
/tmp/intel_2023.1.0-oneAPI_mpi_g_feature_numa/esmf/DEFAULTINSTALLDIR/lib/libg/Unicos.intel.64.mpi.default/libesmf.so(esmf_vmmod_mp_esmf_vmfinalize_+0x72)[0x7fcc4a320da2]
/tmp/intel_2023.1.0-oneAPI_mpi_g_feature_numa/esmf/DEFAULTINSTALLDIR/lib/libg/Unicos.intel.64.mpi.default/libesmf.so(esmf_initmod_mp_esmf_finalize_+0x103a)[0x7f64f7feaa1a]
/tmp/intel_2023.1.0-oneAPI_mpi_g_feature_numa/nuopc-app-prototypes/NestingSingleProto/./mainApp[0x417b39]
/tmp/intel_2023.1.0-oneAPI_mpi_g_feature_numa/nuopc-app-prototypes/NestingSingleProto/./mainApp[0x41707d]
/lib64/libc.so.6(__libc_start_main+0xef)[0x7f64f163e24d]
/tmp/intel_2023.1.0-oneAPI_mpi_g_feature_numa/nuopc-app-prototypes/NestingSingleProto/./mainApp[0x416faa]
/tmp/intel_2023.1.0-oneAPI_mpi_g_feature_numa/esmf/DEFAULTINSTALLDIR/lib/libg/Unicos.intel.64.mpi.default/libesmf.so(esmf_initmod_mp_esmf_finalize_+0x103a)[0x7fcc49e37a1a]
/tmp/intel_2023.1.0-oneAPI_mpi_g_feature_numa/nuopc-app-prototypes/NestingSingleProto/./mainApp[0x417b39]
/tmp/intel_2023.1.0-oneAPI_mpi_g_feature_numa/nuopc-app-prototypes/NestingSingleProto/./mainApp[0x41707d]
/lib64/libc.so.6(__libc_start_main+0xef)[0x7fcc4343e24d]
/tmp/intel_2023.1.0-oneAPI_mpi_g_feature_numa/nuopc-app-prototypes/NestingSingleProto/./mainApp[0x416faa]
srun: error: c5n0958: tasks 0-3: Exited with exit code 1
srun: Terminating StepId=135081467.388
