2024-07-23 04:45:58

mainApp:236994 terminated with signal 11 at PC=44bbd0 SP=7ffff69093d0.  Backtrace:

mainApp:236996 terminated with signal 11 at PC=44bc23 SP=7fffa1e98190.  Backtrace:
/tmp/intel_2023.1.0-oneAPI_mpi_g_feature_numa/nuopc-app-prototypes/SingleModelOpenMPUnawareProto/./mainApp[0x44bc23]
/tmp/intel_2023.1.0-oneAPI_mpi_g_feature_numa/nuopc-app-prototypes/SingleModelOpenMPUnawareProto/./mainApp[0x44cbd0]
/tmp/intel_2023.1.0-oneAPI_mpi_g_feature_numa/nuopc-app-prototypes/SingleModelOpenMPUnawareProto/./mainApp[0x44bd75]
/tmp/intel_2023.1.0-oneAPI_mpi_g_feature_numa/nuopc-app-prototypes/SingleModelOpenMPUnawareProto/./mainApp[0x44bbd0]
/tmp/intel_2023.1.0-oneAPI_mpi_g_feature_numa/nuopc-app-prototypes/SingleModelOpenMPUnawareProto/./mainApp[0x44cbd0]
/tmp/intel_2023.1.0-oneAPI_mpi_g_feature_numa/nuopc-app-prototypes/SingleModelOpenMPUnawareProto/./mainApp[0x44bd75]

mainApp:236993 terminated with signal 11 at PC=44bbd2 SP=7ffc8bd5b5c0.  Backtrace:

mainApp:236995 terminated with signal 11 at PC=44bc23 SP=7ffe5b3eae00.  Backtrace:
/tmp/intel_2023.1.0-oneAPI_mpi_g_feature_numa/nuopc-app-prototypes/SingleModelOpenMPUnawareProto/./mainApp[0x44bc23]
/tmp/intel_2023.1.0-oneAPI_mpi_g_feature_numa/nuopc-app-prototypes/SingleModelOpenMPUnawareProto/./mainApp[0x44cbd0]
/tmp/intel_2023.1.0-oneAPI_mpi_g_feature_numa/nuopc-app-prototypes/SingleModelOpenMPUnawareProto/./mainApp[0x44bd75]
/tmp/intel_2023.1.0-oneAPI_mpi_g_feature_numa/nuopc-app-prototypes/SingleModelOpenMPUnawareProto/./mainApp[0x44bbd2]
/tmp/intel_2023.1.0-oneAPI_mpi_g_feature_numa/nuopc-app-prototypes/SingleModelOpenMPUnawareProto/./mainApp[0x44cbd0]
/tmp/intel_2023.1.0-oneAPI_mpi_g_feature_numa/nuopc-app-prototypes/SingleModelOpenMPUnawareProto/./mainApp[0x44bd75]
/tmp/intel_2023.1.0-oneAPI_mpi_g_feature_numa/esmf/DEFAULTINSTALLDIR/lib/libg/Unicos.intel.64.mpi.default/libesmf.so(f_esmf_compcollectgarbage2_+0x4bc)[0x7f33d583ae4c]
/tmp/intel_2023.1.0-oneAPI_mpi_g_feature_numa/esmf/DEFAULTINSTALLDIR/lib/libg/Unicos.intel.64.mpi.default/libesmf.so(f_esmf_compcollectgarbage2_+0x4bc)[0x7fcef0343e4c]
/tmp/intel_2023.1.0-oneAPI_mpi_g_feature_numa/esmf/DEFAULTINSTALLDIR/lib/libg/Unicos.intel.64.mpi.default/libesmf.so(f_esmf_compcollectgarbage2_+0x4bc)[0x7fbae3795e4c]
/tmp/intel_2023.1.0-oneAPI_mpi_g_feature_numa/esmf/DEFAULTINSTALLDIR/lib/libg/Unicos.intel.64.mpi.default/libesmf.so(f_esmf_compcollectgarbage2_+0x4bc)[0x7f95cf48ae4c]
/tmp/intel_2023.1.0-oneAPI_mpi_g_feature_numa/esmf/DEFAULTINSTALLDIR/lib/libg/Unicos.intel.64.mpi.default/libesmf.so(_ZN5ESMCI2VM8finalizeEP12ESMC_LogicalPi+0x5d2)[0x7f33d53dfad2]
/tmp/intel_2023.1.0-oneAPI_mpi_g_feature_numa/esmf/DEFAULTINSTALLDIR/lib/libg/Unicos.intel.64.mpi.default/libesmf.so(_ZN5ESMCI2VM8finalizeEP12ESMC_LogicalPi+0x5d2)[0x7fceefee8ad2]
/tmp/intel_2023.1.0-oneAPI_mpi_g_feature_numa/esmf/DEFAULTINSTALLDIR/lib/libg/Unicos.intel.64.mpi.default/libesmf.so(_ZN5ESMCI2VM8finalizeEP12ESMC_LogicalPi+0x5d2)[0x7fbae333aad2]
/tmp/intel_2023.1.0-oneAPI_mpi_g_feature_numa/esmf/DEFAULTINSTALLDIR/lib/libg/Unicos.intel.64.mpi.default/libesmf.so(_ZN5ESMCI2VM8finalizeEP12ESMC_LogicalPi+0x5d2)[0x7f95cf02fad2]
/tmp/intel_2023.1.0-oneAPI_mpi_g_feature_numa/esmf/DEFAULTINSTALLDIR/lib/libg/Unicos.intel.64.mpi.default/libesmf.so(c_esmc_vmfinalize_+0x57)[0x7f33d53a96e7]
/tmp/intel_2023.1.0-oneAPI_mpi_g_feature_numa/esmf/DEFAULTINSTALLDIR/lib/libg/Unicos.intel.64.mpi.default/libesmf.so(c_esmc_vmfinalize_+0x57)[0x7fceefeb26e7]
/tmp/intel_2023.1.0-oneAPI_mpi_g_feature_numa/esmf/DEFAULTINSTALLDIR/lib/libg/Unicos.intel.64.mpi.default/libesmf.so(c_esmc_vmfinalize_+0x57)[0x7fbae33046e7]
/tmp/intel_2023.1.0-oneAPI_mpi_g_feature_numa/esmf/DEFAULTINSTALLDIR/lib/libg/Unicos.intel.64.mpi.default/libesmf.so(c_esmc_vmfinalize_+0x57)[0x7f95ceff96e7]
/tmp/intel_2023.1.0-oneAPI_mpi_g_feature_numa/esmf/DEFAULTINSTALLDIR/lib/libg/Unicos.intel.64.mpi.default/libesmf.so(+0x2a881db)[0x7f33d64621db]
/tmp/intel_2023.1.0-oneAPI_mpi_g_feature_numa/esmf/DEFAULTINSTALLDIR/lib/libg/Unicos.intel.64.mpi.default/libesmf.so(+0x2a881db)[0x7fcef0f6b1db]
/tmp/intel_2023.1.0-oneAPI_mpi_g_feature_numa/esmf/DEFAULTINSTALLDIR/lib/libg/Unicos.intel.64.mpi.default/libesmf.so(+0x2a881db)[0x7fbae43bd1db]
/tmp/intel_2023.1.0-oneAPI_mpi_g_feature_numa/esmf/DEFAULTINSTALLDIR/lib/libg/Unicos.intel.64.mpi.default/libesmf.so(+0x2a881db)[0x7f95d00b21db]
/tmp/intel_2023.1.0-oneAPI_mpi_g_feature_numa/esmf/DEFAULTINSTALLDIR/lib/libg/Unicos.intel.64.mpi.default/libesmf.so(esmf_vmmod_mp_esmf_vmfinalize_+0x72)[0x7f33d6459da2]
/tmp/intel_2023.1.0-oneAPI_mpi_g_feature_numa/esmf/DEFAULTINSTALLDIR/lib/libg/Unicos.intel.64.mpi.default/libesmf.so(esmf_vmmod_mp_esmf_vmfinalize_+0x72)[0x7fcef0f62da2]
/tmp/intel_2023.1.0-oneAPI_mpi_g_feature_numa/esmf/DEFAULTINSTALLDIR/lib/libg/Unicos.intel.64.mpi.default/libesmf.so(esmf_vmmod_mp_esmf_vmfinalize_+0x72)[0x7fbae43b4da2]
/tmp/intel_2023.1.0-oneAPI_mpi_g_feature_numa/esmf/DEFAULTINSTALLDIR/lib/libg/Unicos.intel.64.mpi.default/libesmf.so(esmf_vmmod_mp_esmf_vmfinalize_+0x72)[0x7f95d00a9da2]
/tmp/intel_2023.1.0-oneAPI_mpi_g_feature_numa/esmf/DEFAULTINSTALLDIR/lib/libg/Unicos.intel.64.mpi.default/libesmf.so(esmf_initmod_mp_esmf_finalize_+0x103a)[0x7f33d5f70a1a]
/tmp/intel_2023.1.0-oneAPI_mpi_g_feature_numa/nuopc-app-prototypes/SingleModelOpenMPUnawareProto/./mainApp[0x4176fe]
/tmp/intel_2023.1.0-oneAPI_mpi_g_feature_numa/nuopc-app-prototypes/SingleModelOpenMPUnawareProto/./mainApp[0x416c3d]
/lib64/libc.so.6(__libc_start_main+0xef)[0x7f33cf23e24d]
/tmp/intel_2023.1.0-oneAPI_mpi_g_feature_numa/nuopc-app-prototypes/SingleModelOpenMPUnawareProto/./mainApp[0x416b6a]
/tmp/intel_2023.1.0-oneAPI_mpi_g_feature_numa/esmf/DEFAULTINSTALLDIR/lib/libg/Unicos.intel.64.mpi.default/libesmf.so(esmf_initmod_mp_esmf_finalize_+0x103a)[0x7fcef0a79a1a]
/tmp/intel_2023.1.0-oneAPI_mpi_g_feature_numa/nuopc-app-prototypes/SingleModelOpenMPUnawareProto/./mainApp[0x4176fe]
/tmp/intel_2023.1.0-oneAPI_mpi_g_feature_numa/nuopc-app-prototypes/SingleModelOpenMPUnawareProto/./mainApp[0x416c3d]
/lib64/libc.so.6(__libc_start_main+0xef)[0x7fcee9c3e24d]
/tmp/intel_2023.1.0-oneAPI_mpi_g_feature_numa/nuopc-app-prototypes/SingleModelOpenMPUnawareProto/./mainApp[0x416b6a]
/tmp/intel_2023.1.0-oneAPI_mpi_g_feature_numa/esmf/DEFAULTINSTALLDIR/lib/libg/Unicos.intel.64.mpi.default/libesmf.so(esmf_initmod_mp_esmf_finalize_+0x103a)[0x7fbae3ecba1a]
/tmp/intel_2023.1.0-oneAPI_mpi_g_feature_numa/nuopc-app-prototypes/SingleModelOpenMPUnawareProto/./mainApp[0x4176fe]
/tmp/intel_2023.1.0-oneAPI_mpi_g_feature_numa/nuopc-app-prototypes/SingleModelOpenMPUnawareProto/./mainApp[0x416c3d]
/lib64/libc.so.6(__libc_start_main+0xef)[0x7fbadd23e24d]
/tmp/intel_2023.1.0-oneAPI_mpi_g_feature_numa/nuopc-app-prototypes/SingleModelOpenMPUnawareProto/./mainApp[0x416b6a]
/tmp/intel_2023.1.0-oneAPI_mpi_g_feature_numa/esmf/DEFAULTINSTALLDIR/lib/libg/Unicos.intel.64.mpi.default/libesmf.so(esmf_initmod_mp_esmf_finalize_+0x103a)[0x7f95cfbc0a1a]
/tmp/intel_2023.1.0-oneAPI_mpi_g_feature_numa/nuopc-app-prototypes/SingleModelOpenMPUnawareProto/./mainApp[0x4176fe]
/tmp/intel_2023.1.0-oneAPI_mpi_g_feature_numa/nuopc-app-prototypes/SingleModelOpenMPUnawareProto/./mainApp[0x416c3d]
/lib64/libc.so.6(__libc_start_main+0xef)[0x7f95c8e3e24d]
/tmp/intel_2023.1.0-oneAPI_mpi_g_feature_numa/nuopc-app-prototypes/SingleModelOpenMPUnawareProto/./mainApp[0x416b6a]
srun: error: c5n0958: tasks 0-3: Exited with exit code 1
srun: Terminating StepId=135081467.392
