2024-07-10 01:23:22
20240710 022514.506 INFO             PET0 !!!!!!!!!!!!!!!!!!!!!!!!!!!!!!!!!!!!!!!!!!!!!!!!!!!!!!
20240710 022514.506 INFO             PET0 !!! THE ESMF_LOG IS SET TO OUTPUT ALL LOG MESSAGES !!!
20240710 022514.506 INFO             PET0 !!!     THIS MAY CAUSE SLOWDOWN IN PERFORMANCE     !!!
20240710 022514.506 INFO             PET0 !!! FOR PRODUCTION RUNS, USE:                      !!!
20240710 022514.506 INFO             PET0 !!!                   ESMF_LOGKIND_Multi_On_Error  !!!
20240710 022514.506 INFO             PET0 !!!!!!!!!!!!!!!!!!!!!!!!!!!!!!!!!!!!!!!!!!!!!!!!!!!!!!
20240710 022514.506 INFO             PET0 Running with ESMF Version   : v8.7.0b08-12-ga4da9b3757
20240710 022514.506 INFO             PET0 ESMF library build date/time: "Jul 10 2024" "01:21:29"
20240710 022514.506 INFO             PET0 ESMF library build location : /discover/nobackup/projects/sbu/mpotts/esmf-test/intel_19.1.3_intelmpi_O_develop/esmf
20240710 022514.506 INFO             PET0 ESMF_COMM                   : intelmpi
20240710 022514.507 INFO             PET0 ESMF_MOAB                   : enabled
20240710 022514.507 INFO             PET0 ESMF_LAPACK                 : enabled
20240710 022514.507 INFO             PET0 ESMF_NETCDF                 : enabled
20240710 022514.507 INFO             PET0 ESMF_PNETCDF                : disabled
20240710 022514.507 INFO             PET0 ESMF_PIO                    : enabled
20240710 022514.507 INFO             PET0 ESMF_YAMLCPP                : enabled
20240710 022514.512 INFO             PET0  NUMBER_OF_PROCESSORS           1
20240710 022514.512 INFO             PET0  PASS  Example ESMF_AlarmEx, ESMF_AlarmEx.F90, line 244
20240710 022514.512 INFO             PET0  Finalizing ESMF
