2024-05-25 03:21:36
 State Reconcile Example 1: Component Creation
 State Reconcile Example 1: Component Creation
 State Reconcile Example 1: Component Creation
 State Reconcile Example 1: Component Creation
 GridComp Create returned, name = Atmosphere
 GridComp Create returned, name = Atmosphere
 GridComp Create returned, name = Atmosphere
 GridComp Create returned, name = Atmosphere
 GridComp Create returned, name = Ocean
 GridComp Create returned, name = Ocean
 State Create returned, name = Ocn2Atm
 State Example 1 finished
 GridComp Create returned, name = Ocean
 State Create returned, name = Ocn2Atm
 State Example 1 finished
 GridComp Create returned, name = Ocean
 State Create returned, name = Ocn2Atm
 State Example 1 finished
 State Create returned, name = Ocn2Atm
 State Example 1 finished
 ready to set entry point 1
 ready to set entry point 2
 ready to call init for comp 1
 ready to set entry point 1
 ready to set entry point 1
 ready to set entry point 2
 ready to call init for comp 1
 ready to call init for comp 2
 i am comp2_init
 i am comp1_init
 ready to set entry point 1
 ready to set entry point 2
 ready to call init for comp 1
 ready to call init for comp 2
 i am comp2_init
 ready to set entry point 2
 ready to call init for comp 1
 i am comp1_init
 ready to call init for comp 2
 State Example 2 finished
 State before calling StateReconcile()
 State Example 2 finished
 State before calling StateReconcile()
 ESMF_StatePrint: (pet 3):
 ESMF_StatePrint: (pet 2):
  State name: Ocn2Atm
  State name: Ocn2Atm
 State Example 2 finished
     status: Unspecified intent direction, object count: 0
     status: Unspecified intent direction, object count: 0
 ready to call init for comp 2
 State Example 2 finished
 State before calling StateReconcile()
     reconcile needed: F
     reconcile needed: F
 State before calling StateReconcile()
 ESMF_StatePrint: (pet 1):
 Base name    = Ocn2Atm Base name    = Ocn2Atm  State name: Ocn2Atm


 Status: Base =      status: Unspecified intent direction, object count: 0
 Status: Base = Ready     reconcile needed: F
,  object = Ready
 Proxy        = no
 Root Info (Attributes):Ready,  object = Ready
 Proxy        = no
 Root Info (Attributes):

 Base name    =  ESMF_StatePrint: (pet 0):
Ocn2Atm  State name: Ocn2Atm
     status: Unspecified intent direction, object count: 0

 Status: Base = Ready,  object = Ready
 Proxy        = no
 Root Info (Attributes):
{}{}     reconcile needed: F
 Base name    = Ocn2Atm{}
 Status: Base = Ready,  object = Ready
 Proxy        = no
 Root Info (Attributes):
{} State after calling StateReconcile()
 State after calling StateReconcile()
 State after calling StateReconcile()
 ESMF_StatePrint: (pet 3):
 ESMF_StatePrint: (pet 1):
  State name: Ocn2Atm
     status: Unspecified intent direction, object count: 0
     reconcile needed: F
 State after calling StateReconcile()
 ESMF_StatePrint: (pet 2):
  State name: Ocn2Atm
     status: Unspecified intent direction, object count: 0
     reconcile needed: F
 Base name    = Ocn2Atm
 Status: Base = Ready,  object = Ready  State name: Ocn2Atm
     status: Unspecified intent direction, object count: 0
     reconcile needed: F
 Base name    = Ocn2Atm
 Status: Base = Ready,  object = Ready

 Proxy        = no
 Root Info (Attributes):
{} Base name    = Ocn2Atm
 Status: Base = Ready,  object = Ready Proxy        = no
 Root Info (Attributes):
{} State Example 3 finished

 Proxy        = no
 Root Info (Attributes):
 State Example 3 finished
{} State Example 3 finished
 ESMF_StatePrint: (pet 0):
  State name: Ocn2Atm
     status: Unspecified intent direction, object count: 0
     reconcile needed: F
 Base name    =   PASS  Example ESMF_StateReconcileEx, ESMF_StateReconcileEx.F90, line 294
  PASS  Example ESMF_StateReconcileEx, ESMF_StateReconcileEx.F90, line 294
Ocn2Atm  PASS  Example ESMF_StateReconcileEx, ESMF_StateReconcileEx.F90, line 294

 Status: Base = Ready,  object = Ready
 Proxy        = no
 Root Info (Attributes):
{} State Example 3 finished
  PASS  Example ESMF_StateReconcileEx, ESMF_StateReconcileEx.F90, line 294
 PASS: ESMF_StateReconcileEx.F90
 PASS: ESMF_StateReconcileEx.F90
 PASS: ESMF_StateReconcileEx.F90
 PASS: ESMF_StateReconcileEx.F90
