2024-07-30 01:13:12
20240730 013852.785 INFO             PET0 !!!!!!!!!!!!!!!!!!!!!!!!!!!!!!!!!!!!!!!!!!!!!!!!!!!!!!
20240730 013852.785 INFO             PET0 !!! THE ESMF_LOG IS SET TO OUTPUT ALL LOG MESSAGES !!!
20240730 013852.785 INFO             PET0 !!!     THIS MAY CAUSE SLOWDOWN IN PERFORMANCE     !!!
20240730 013852.785 INFO             PET0 !!! FOR PRODUCTION RUNS, USE:                      !!!
20240730 013852.785 INFO             PET0 !!!                   ESMF_LOGKIND_Multi_On_Error  !!!
20240730 013852.785 INFO             PET0 !!!!!!!!!!!!!!!!!!!!!!!!!!!!!!!!!!!!!!!!!!!!!!!!!!!!!!
20240730 013852.785 INFO             PET0 Running with ESMF Version   : v8.7.0b10-23-ge8332f8778
20240730 013852.785 INFO             PET0 ESMF library build date/time: "Jul 30 2024" "01:11:32"
20240730 013852.785 INFO             PET0 ESMF library build location : /discover/nobackup/projects/sbu/mpotts/esmf-test/intel_19.1.3_intelmpi_O_develop/esmf
20240730 013852.785 INFO             PET0 ESMF_COMM                   : intelmpi
20240730 013852.785 INFO             PET0 ESMF_MOAB                   : enabled
20240730 013852.785 INFO             PET0 ESMF_LAPACK                 : enabled
20240730 013852.785 INFO             PET0 ESMF_NETCDF                 : enabled
20240730 013852.785 INFO             PET0 ESMF_PNETCDF                : disabled
20240730 013852.785 INFO             PET0 ESMF_PIO                    : enabled
20240730 013852.785 INFO             PET0 ESMF_YAMLCPP                : enabled
20240730 013852.787 INFO             PET0  NUMBER_OF_PROCESSORS           1
20240730 013852.787 INFO             PET0  PASS  Example ESMF_XGridSparseMatEx, ESMF_XGridSparseMatEx.F90, line 642
20240730 013852.787 INFO             PET0  Finalizing ESMF
