2024-08-01 21:08:41
20240801 214818.417 INFO             PET0 !!!!!!!!!!!!!!!!!!!!!!!!!!!!!!!!!!!!!!!!!!!!!!!!!!!!!!
20240801 214818.420 INFO             PET0 !!! THE ESMF_LOG IS SET TO OUTPUT ALL LOG MESSAGES !!!
20240801 214818.420 INFO             PET0 !!!     THIS MAY CAUSE SLOWDOWN IN PERFORMANCE     !!!
20240801 214818.420 INFO             PET0 !!! FOR PRODUCTION RUNS, USE:                      !!!
20240801 214818.420 INFO             PET0 !!!                   ESMF_LOGKIND_Multi_On_Error  !!!
20240801 214818.420 INFO             PET0 !!!!!!!!!!!!!!!!!!!!!!!!!!!!!!!!!!!!!!!!!!!!!!!!!!!!!!
20240801 214818.420 INFO             PET0 Running with ESMF Version   : v8.7.0b10-21-g6127c6256e
20240801 214818.420 INFO             PET0 ESMF library build date/time: "Aug  1 2024" "21:06:19"
20240801 214818.420 INFO             PET0 ESMF library build location : /Users/sacks/projects/scratch/esmf-testing/gfortranclang_12.2.0_14.0.0_mpiuni_g_nrl_work-esmx/esmf
20240801 214818.420 INFO             PET0 ESMF_COMM                   : mpiuni
20240801 214818.420 INFO             PET0 ESMF_MOAB                   : enabled
20240801 214818.420 INFO             PET0 ESMF_LAPACK                 : enabled
20240801 214818.420 INFO             PET0 ESMF_NETCDF                 : enabled
20240801 214818.420 INFO             PET0 ESMF_PNETCDF                : disabled
20240801 214818.420 INFO             PET0 ESMF_PIO                    : enabled
20240801 214818.420 INFO             PET0 ESMF_YAMLCPP                : enabled
20240801 214818.420 INFO             PET0  NUMBER_OF_PROCESSORS           1
20240801 214818.420 INFO             PET0  PASS  Example ESMF_VMNonBlockingEx, ESMF_VMNonBlockingEx.F90, line 433
20240801 214818.420 INFO             PET0  Finalizing ESMF
