2024-07-25 01:09:10
20240725 012810.700 INFO             PET0 !!!!!!!!!!!!!!!!!!!!!!!!!!!!!!!!!!!!!!!!!!!!!!!!!!!!!!
20240725 012810.700 INFO             PET0 !!! THE ESMF_LOG IS SET TO OUTPUT ALL LOG MESSAGES !!!
20240725 012810.700 INFO             PET0 !!!     THIS MAY CAUSE SLOWDOWN IN PERFORMANCE     !!!
20240725 012810.700 INFO             PET0 !!! FOR PRODUCTION RUNS, USE:                      !!!
20240725 012810.700 INFO             PET0 !!!                   ESMF_LOGKIND_Multi_On_Error  !!!
20240725 012810.700 INFO             PET0 !!!!!!!!!!!!!!!!!!!!!!!!!!!!!!!!!!!!!!!!!!!!!!!!!!!!!!
20240725 012810.700 INFO             PET0 Running with ESMF Version   : v8.7.0b09-26-g87e00d02ff
20240725 012810.700 INFO             PET0 ESMF library build date/time: "Jul 25 2024" "01:08:11"
20240725 012810.700 INFO             PET0 ESMF library build location : /discover/nobackup/projects/sbu/mpotts/esmf-test/gfortran_10.1.0_intelmpi_O_feature_hconfig-extras/esmf
20240725 012810.700 INFO             PET0 ESMF_COMM                   : intelmpi
20240725 012810.700 INFO             PET0 ESMF_MOAB                   : enabled
20240725 012810.700 INFO             PET0 ESMF_LAPACK                 : enabled
20240725 012810.700 INFO             PET0 ESMF_NETCDF                 : disabled
20240725 012810.700 INFO             PET0 ESMF_PNETCDF                : disabled
20240725 012810.700 INFO             PET0 ESMF_PIO                    : disabled
20240725 012810.700 INFO             PET0 ESMF_YAMLCPP                : enabled
20240725 012810.728 DEBUG            PET0 about to destroy Grid: 0x7ba360
20240725 012810.730 DEBUG            PET0 about to destroy Grid: 0x7bb6f0
20240725 012810.738 INFO             PET0  NUMBER_OF_PROCESSORS           4
20240725 012810.738 INFO             PET0  PASS  Example ESMF_NUOPCAtmModelEx, ESMF_NUOPCAtmModelEx.F90, line 806
20240725 012810.738 INFO             PET0  Finalizing ESMF
20240725 012810.700 INFO             PET1 !!!!!!!!!!!!!!!!!!!!!!!!!!!!!!!!!!!!!!!!!!!!!!!!!!!!!!
20240725 012810.700 INFO             PET1 !!! THE ESMF_LOG IS SET TO OUTPUT ALL LOG MESSAGES !!!
20240725 012810.700 INFO             PET1 !!!     THIS MAY CAUSE SLOWDOWN IN PERFORMANCE     !!!
20240725 012810.700 INFO             PET1 !!! FOR PRODUCTION RUNS, USE:                      !!!
20240725 012810.700 INFO             PET1 !!!                   ESMF_LOGKIND_Multi_On_Error  !!!
20240725 012810.700 INFO             PET1 !!!!!!!!!!!!!!!!!!!!!!!!!!!!!!!!!!!!!!!!!!!!!!!!!!!!!!
20240725 012810.700 INFO             PET1 Running with ESMF Version   : v8.7.0b09-26-g87e00d02ff
20240725 012810.700 INFO             PET1 ESMF library build date/time: "Jul 25 2024" "01:08:11"
20240725 012810.700 INFO             PET1 ESMF library build location : /discover/nobackup/projects/sbu/mpotts/esmf-test/gfortran_10.1.0_intelmpi_O_feature_hconfig-extras/esmf
20240725 012810.700 INFO             PET1 ESMF_COMM                   : intelmpi
20240725 012810.700 INFO             PET1 ESMF_MOAB                   : enabled
20240725 012810.700 INFO             PET1 ESMF_LAPACK                 : enabled
20240725 012810.700 INFO             PET1 ESMF_NETCDF                 : disabled
20240725 012810.700 INFO             PET1 ESMF_PNETCDF                : disabled
20240725 012810.700 INFO             PET1 ESMF_PIO                    : disabled
20240725 012810.700 INFO             PET1 ESMF_YAMLCPP                : enabled
20240725 012810.728 DEBUG            PET1 about to destroy Grid: 0xff7bb0
20240725 012810.730 DEBUG            PET1 about to destroy Grid: 0xff85f0
20240725 012810.738 INFO             PET1  NUMBER_OF_PROCESSORS           4
20240725 012810.738 INFO             PET1  PASS  Example ESMF_NUOPCAtmModelEx, ESMF_NUOPCAtmModelEx.F90, line 806
20240725 012810.738 INFO             PET1  Finalizing ESMF
20240725 012810.701 INFO             PET2 !!!!!!!!!!!!!!!!!!!!!!!!!!!!!!!!!!!!!!!!!!!!!!!!!!!!!!
20240725 012810.701 INFO             PET2 !!! THE ESMF_LOG IS SET TO OUTPUT ALL LOG MESSAGES !!!
20240725 012810.701 INFO             PET2 !!!     THIS MAY CAUSE SLOWDOWN IN PERFORMANCE     !!!
20240725 012810.701 INFO             PET2 !!! FOR PRODUCTION RUNS, USE:                      !!!
20240725 012810.701 INFO             PET2 !!!                   ESMF_LOGKIND_Multi_On_Error  !!!
20240725 012810.701 INFO             PET2 !!!!!!!!!!!!!!!!!!!!!!!!!!!!!!!!!!!!!!!!!!!!!!!!!!!!!!
20240725 012810.701 INFO             PET2 Running with ESMF Version   : v8.7.0b09-26-g87e00d02ff
20240725 012810.701 INFO             PET2 ESMF library build date/time: "Jul 25 2024" "01:08:11"
20240725 012810.701 INFO             PET2 ESMF library build location : /discover/nobackup/projects/sbu/mpotts/esmf-test/gfortran_10.1.0_intelmpi_O_feature_hconfig-extras/esmf
20240725 012810.701 INFO             PET2 ESMF_COMM                   : intelmpi
20240725 012810.701 INFO             PET2 ESMF_MOAB                   : enabled
20240725 012810.701 INFO             PET2 ESMF_LAPACK                 : enabled
20240725 012810.701 INFO             PET2 ESMF_NETCDF                 : disabled
20240725 012810.701 INFO             PET2 ESMF_PNETCDF                : disabled
20240725 012810.701 INFO             PET2 ESMF_PIO                    : disabled
20240725 012810.701 INFO             PET2 ESMF_YAMLCPP                : enabled
20240725 012810.728 DEBUG            PET2 about to destroy Grid: 0x247d5c0
20240725 012810.730 DEBUG            PET2 about to destroy Grid: 0x247e000
20240725 012810.738 INFO             PET2  NUMBER_OF_PROCESSORS           4
20240725 012810.738 INFO             PET2  PASS  Example ESMF_NUOPCAtmModelEx, ESMF_NUOPCAtmModelEx.F90, line 806
20240725 012810.738 INFO             PET2  Finalizing ESMF
20240725 012810.700 INFO             PET3 !!!!!!!!!!!!!!!!!!!!!!!!!!!!!!!!!!!!!!!!!!!!!!!!!!!!!!
20240725 012810.700 INFO             PET3 !!! THE ESMF_LOG IS SET TO OUTPUT ALL LOG MESSAGES !!!
20240725 012810.700 INFO             PET3 !!!     THIS MAY CAUSE SLOWDOWN IN PERFORMANCE     !!!
20240725 012810.700 INFO             PET3 !!! FOR PRODUCTION RUNS, USE:                      !!!
20240725 012810.700 INFO             PET3 !!!                   ESMF_LOGKIND_Multi_On_Error  !!!
20240725 012810.700 INFO             PET3 !!!!!!!!!!!!!!!!!!!!!!!!!!!!!!!!!!!!!!!!!!!!!!!!!!!!!!
20240725 012810.700 INFO             PET3 Running with ESMF Version   : v8.7.0b09-26-g87e00d02ff
20240725 012810.700 INFO             PET3 ESMF library build date/time: "Jul 25 2024" "01:08:11"
20240725 012810.700 INFO             PET3 ESMF library build location : /discover/nobackup/projects/sbu/mpotts/esmf-test/gfortran_10.1.0_intelmpi_O_feature_hconfig-extras/esmf
20240725 012810.700 INFO             PET3 ESMF_COMM                   : intelmpi
20240725 012810.700 INFO             PET3 ESMF_MOAB                   : enabled
20240725 012810.700 INFO             PET3 ESMF_LAPACK                 : enabled
20240725 012810.700 INFO             PET3 ESMF_NETCDF                 : disabled
20240725 012810.700 INFO             PET3 ESMF_PNETCDF                : disabled
20240725 012810.700 INFO             PET3 ESMF_PIO                    : disabled
20240725 012810.700 INFO             PET3 ESMF_YAMLCPP                : enabled
20240725 012810.728 DEBUG            PET3 about to destroy Grid: 0x10613d0
20240725 012810.730 DEBUG            PET3 about to destroy Grid: 0x1061e10
20240725 012810.738 INFO             PET3  NUMBER_OF_PROCESSORS           4
20240725 012810.738 INFO             PET3  PASS  Example ESMF_NUOPCAtmModelEx, ESMF_NUOPCAtmModelEx.F90, line 806
20240725 012810.738 INFO             PET3  Finalizing ESMF
