2024-07-23 03:52:07
 localPET= 0  localDE= 0 : array( 1 , 1 )= 1.10603503589233115E-310
 localPET= 0  localDE= 0 : array( 1 , 2 )= 6.10916347547085109E+223
 localPET= 0  localDE= 0 : array( 2 , 1 )= 1.28622046319183411E-316
 localPET= 0  localDE= 0 : array( 2 , 2 )= 2.37151510003798341E-322
 localPET= 0  localDE= 0 : array( 3 , 1 )= 6.01347001699906849E-154
 localPET= 0  localDE= 0 : array( 3 , 2 )= 3.16202013338397788E-322
 localPET= 0  localDE= 1 : array( 1 , 1 )= 1.10603503589233115E-310
 localPET= 0  localDE= 1 : array( 2 , 1 )= 1.10603503589233115E-310
 localPET= 0  localDE= 1 : array( 3 , 1 )= 6.01347001699906849E-154
 localPet:  0 DE  0  [ 1,  3 ]
 localPet:  0 DE  4  [ 1,  3 ]
  PASS  Example ESMF_ArrayEx, ESMF_ArrayEx.F90, line 1901
 PASS: ESMF_ArrayEx.F90
 localPET= 1  localDE= 0 : array( 1 , 1 )= 0.
 localPET= 1  localDE= 0 : array( 1 , 2 )= 2.12199579145933796E-314
 localPET= 1  localDE= 0 : array( 2 , 1 )= 3.38092678721815067E-317
 localPET= 1  localDE= 0 : array( 2 , 2 )= 4.24399158291867592E-314
 localPET= 1  localDE= 1 : array( 1 , 1 )= 1.15227392997751851E-310
 localPET= 1  localDE= 1 : array( 2 , 1 )= 3.39264997686267177E-317
 localPet:  1 DE  1  [ 1,  2 ]
 localPet:  1 DE  5  [ 1,  2 ]
  PASS  Example ESMF_ArrayEx, ESMF_ArrayEx.F90, line 1901
 PASS: ESMF_ArrayEx.F90
 localPET= 3  localDE= 0 : array( 1 , 1 )= 1.12951188328169946E-310
 localPET= 3  localDE= 0 : array( 1 , 2 )= 6.01347001699906849E-154
 localPET= 3  localDE= 0 : array( 2 , 1 )= 3.39264997686267177E-317
 localPET= 3  localDE= 0 : array( 2 , 2 )= 4.81417829917337152E+199
 localPet:  3 DE  3  [ 1,  2 ]
  PASS  Example ESMF_ArrayEx, ESMF_ArrayEx.F90, line 1901
 PASS: ESMF_ArrayEx.F90
 localPET= 2  localDE= 0 : array( 1 , 1 )= 1.15385138036842514E-310
 localPET= 2  localDE= 0 : array( 1 , 2 )= 4.81417829917337152E+199
 localPET= 2  localDE= 0 : array( 2 , 1 )= 3.39264997686267177E-317
 localPET= 2  localDE= 0 : array( 2 , 2 )= 6.32404026676795577E-322
 localPET= 2  localDE= 0 : array( 3 , 1 )= 6.01347001699906849E-154
 localPET= 2  localDE= 0 : array( 3 , 2 )= 5.53353523342196129E-322
 localPet:  2 DE  2  [ 1,  3 ]
  PASS  Example ESMF_ArrayEx, ESMF_ArrayEx.F90, line 1901
 PASS: ESMF_ArrayEx.F90
