2024-07-23 07:34:12
20240723 081417.911 INFO             PET0 !!!!!!!!!!!!!!!!!!!!!!!!!!!!!!!!!!!!!!!!!!!!!!!!!!!!!!
20240723 081417.911 INFO             PET0 !!! THE ESMF_LOG IS SET TO OUTPUT ALL LOG MESSAGES !!!
20240723 081417.911 INFO             PET0 !!!     THIS MAY CAUSE SLOWDOWN IN PERFORMANCE     !!!
20240723 081417.911 INFO             PET0 !!! FOR PRODUCTION RUNS, USE:                      !!!
20240723 081417.911 INFO             PET0 !!!                   ESMF_LOGKIND_Multi_On_Error  !!!
20240723 081417.911 INFO             PET0 !!!!!!!!!!!!!!!!!!!!!!!!!!!!!!!!!!!!!!!!!!!!!!!!!!!!!!
20240723 081417.911 INFO             PET0 Running with ESMF Version   : v8.7.0b09-4-g1506816bee
20240723 081417.911 INFO             PET0 ESMF library build date/time: "Jul 23 2024" "07:30:48"
20240723 081417.911 INFO             PET0 ESMF library build location : /scratch2/NCEPDEV/stmp1/Gerhard.Theurich/ESMF-Nightly-Testing/intel_2023.2.0-oneAPI_intelmpi_g_feature_numa/esmf
20240723 081417.911 INFO             PET0 ESMF_COMM                   : intelmpi
20240723 081417.912 INFO             PET0 ESMF_MOAB                   : enabled
20240723 081417.912 INFO             PET0 ESMF_LAPACK                 : enabled
20240723 081417.912 INFO             PET0 ESMF_NETCDF                 : enabled
20240723 081417.912 INFO             PET0 ESMF_PNETCDF                : disabled
20240723 081417.912 INFO             PET0 ESMF_PIO                    : enabled
20240723 081417.912 INFO             PET0 ESMF_YAMLCPP                : enabled
20240723 081418.022 INFO             PET0 AsString: 1
20240723 081418.022 INFO             PET0 asOkay:  T valueI4:          1
20240723 081418.022 INFO             PET0 asOkay:  T valueI8:          1
20240723 081418.022 INFO             PET0 asOkay:  T valueR4:   1.000000
20240723 081418.022 INFO             PET0 asOkay:  T valueR8:   1.000000
20240723 081418.022 INFO             PET0 asOkay:  F valueL:           F
20240723 081418.022 INFO             PET0 AsString: 2
20240723 081418.022 INFO             PET0 asOkay:  T valueI4:          2
20240723 081418.022 INFO             PET0 asOkay:  T valueI8:          2
20240723 081418.022 INFO             PET0 asOkay:  T valueR4:   2.000000
20240723 081418.022 INFO             PET0 asOkay:  T valueR8:   2.000000
20240723 081418.022 INFO             PET0 asOkay:  F valueL:           F
20240723 081418.022 INFO             PET0 AsString: 3
20240723 081418.022 INFO             PET0 asOkay:  T valueI4:          3
20240723 081418.022 INFO             PET0 asOkay:  T valueI8:          3
20240723 081418.022 INFO             PET0 asOkay:  T valueR4:   3.000000
20240723 081418.022 INFO             PET0 asOkay:  T valueR8:   3.000000
20240723 081418.022 INFO             PET0 asOkay:  F valueL:           F
20240723 081418.022 INFO             PET0 AsString: abc
20240723 081418.022 INFO             PET0 asOkay:  F valueI4:          0
20240723 081418.022 INFO             PET0 asOkay:  F valueI8:          0
20240723 081418.022 INFO             PET0 asOkay:  F valueR4:   0.000000
20240723 081418.022 INFO             PET0 asOkay:  F valueR8:   0.000000
20240723 081418.022 INFO             PET0 asOkay:  F valueL:           F
20240723 081418.022 INFO             PET0 AsString: b
20240723 081418.022 INFO             PET0 asOkay:  F valueI4:          0
20240723 081418.022 INFO             PET0 asOkay:  F valueI8:          0
20240723 081418.022 INFO             PET0 asOkay:  F valueR4:   0.000000
20240723 081418.022 INFO             PET0 asOkay:  F valueR8:   0.000000
20240723 081418.022 INFO             PET0 asOkay:  F valueL:           F
20240723 081418.022 INFO             PET0 AsString: TRUE
20240723 081418.022 INFO             PET0 asOkay:  F valueI4:          0
20240723 081418.022 INFO             PET0 asOkay:  F valueI8:          0
20240723 081418.022 INFO             PET0 asOkay:  F valueR4:   0.000000
20240723 081418.022 INFO             PET0 asOkay:  F valueR8:   0.000000
20240723 081418.022 INFO             PET0 asOkay:  T valueL:           T
20240723 081418.022 INFO             PET0 AsString: TRUE
20240723 081418.022 INFO             PET0 asOkay:  F valueI4:          0
20240723 081418.022 INFO             PET0 asOkay:  F valueI8:          0
20240723 081418.022 INFO             PET0 asOkay:  F valueR4:   0.000000
20240723 081418.035 INFO             PET0 asOkay:  F valueR8:   0.000000
20240723 081418.035 INFO             PET0 asOkay:  T valueL:           T
20240723 081418.035 INFO             PET0 AsString: b
20240723 081418.035 INFO             PET0 asOkay:  F valueI4:          0
20240723 081418.035 INFO             PET0 asOkay:  F valueI8:          0
20240723 081418.035 INFO             PET0 asOkay:  F valueR4:   0.000000
20240723 081418.035 INFO             PET0 asOkay:  F valueR8:   0.000000
20240723 081418.036 INFO             PET0 asOkay:  F valueL:           F
20240723 081418.036 INFO             PET0 AsString: abc
20240723 081418.036 INFO             PET0 asOkay:  F valueI4:          0
20240723 081418.036 INFO             PET0 asOkay:  F valueI8:          0
20240723 081418.036 INFO             PET0 asOkay:  F valueR4:   0.000000
20240723 081418.036 INFO             PET0 asOkay:  F valueR8:   0.000000
20240723 081418.036 INFO             PET0 asOkay:  F valueL:           F
20240723 081418.036 INFO             PET0 AsString: 3
20240723 081418.036 INFO             PET0 asOkay:  T valueI4:          3
20240723 081418.036 INFO             PET0 asOkay:  T valueI8:          3
20240723 081418.036 INFO             PET0 asOkay:  T valueR4:   3.000000
20240723 081418.036 INFO             PET0 asOkay:  T valueR8:   3.000000
20240723 081418.036 INFO             PET0 asOkay:  F valueL:           F
20240723 081418.036 INFO             PET0 AsString: 2
20240723 081418.036 INFO             PET0 asOkay:  T valueI4:          2
20240723 081418.036 INFO             PET0 asOkay:  T valueI8:          2
20240723 081418.036 INFO             PET0 asOkay:  T valueR4:   2.000000
20240723 081418.036 INFO             PET0 asOkay:  T valueR8:   2.000000
20240723 081418.036 INFO             PET0 asOkay:  F valueL:           F
20240723 081418.036 INFO             PET0 AsString: 1
20240723 081418.036 INFO             PET0 asOkay:  T valueI4:          1
20240723 081418.036 INFO             PET0 asOkay:  T valueI8:          1
20240723 081418.036 INFO             PET0 asOkay:  T valueR4:   1.000000
20240723 081418.036 INFO             PET0 asOkay:  T valueR8:   1.000000
20240723 081418.036 INFO             PET0 asOkay:  F valueL:           F
20240723 081418.036 INFO             PET0 map key=car map value: AsString: red
20240723 081418.036 INFO             PET0 map key=       car map value: asOkay:  F valueI4:          0
20240723 081418.036 INFO             PET0 map key=       car map value: asOkay:  F valueI8:          0
20240723 081418.036 INFO             PET0 map key=       car map value: asOkay:  F valueR4:   0.000000
20240723 081418.036 INFO             PET0 map key=       car map value: asOkay:  F valueR8:   0.000000
20240723 081418.036 INFO             PET0 map key=       car map value: asOkay:  F valueL:          F
20240723 081418.036 INFO             PET0 map key=bike map value: AsString: 22
20240723 081418.036 INFO             PET0 map key=      bike map value: asOkay:  T valueI4:         22
20240723 081418.036 INFO             PET0 map key=      bike map value: asOkay:  T valueI8:         22
20240723 081418.036 INFO             PET0 map key=      bike map value: asOkay:  T valueR4:  22.000000
20240723 081418.036 INFO             PET0 map key=      bike map value: asOkay:  T valueR8:  22.000000
20240723 081418.036 INFO             PET0 map key=      bike map value: asOkay:  F valueL:          F
20240723 081418.036 INFO             PET0 map key=plane map value: AsString: TRUE
20240723 081418.036 INFO             PET0 map key=     plane map value: asOkay:  F valueI4:          0
20240723 081418.036 INFO             PET0 map key=     plane map value: asOkay:  F valueI8:          0
20240723 081418.036 INFO             PET0 map key=     plane map value: asOkay:  F valueR4:   0.000000
20240723 081418.036 INFO             PET0 map key=     plane map value: asOkay:  F valueR8:   0.000000
20240723 081418.036 INFO             PET0 map key=     plane map value: asOkay:  T valueL:          T
20240723 081418.037 INFO             PET0 map key=bike map value: AsString: 22
20240723 081418.037 INFO             PET0 map key=      bike map value: asOkay:  T valueI4:         22
20240723 081418.037 INFO             PET0 map key=      bike map value: asOkay:  T valueI8:         22
20240723 081418.037 INFO             PET0 map key=      bike map value: asOkay:  T valueR4:  22.000000
20240723 081418.037 INFO             PET0 map key=      bike map value: asOkay:  T valueR8:  22.000000
20240723 081418.037 INFO             PET0 map key=      bike map value: asOkay:  F valueL:          F
20240723 081418.037 INFO             PET0 map key=plane map value: AsString: TRUE
20240723 081418.037 INFO             PET0 map key=     plane map value: asOkay:  F valueI4:          0
20240723 081418.037 INFO             PET0 map key=     plane map value: asOkay:  F valueI8:          0
20240723 081418.037 INFO             PET0 map key=     plane map value: asOkay:  F valueR4:   0.000000
20240723 081418.037 INFO             PET0 map key=     plane map value: asOkay:  F valueR8:   0.000000
20240723 081418.038 INFO             PET0 map key=     plane map value: asOkay:  T valueL:          T
20240723 081418.038 INFO             PET0 map key=car map value: AsString: red
20240723 081418.038 INFO             PET0 map key=       car map value: asOkay:  F valueI4:          0
20240723 081418.038 INFO             PET0 map key=       car map value: asOkay:  F valueI8:          0
20240723 081418.038 INFO             PET0 map key=       car map value: asOkay:  F valueR4:   0.000000
20240723 081418.038 INFO             PET0 map key=       car map value: asOkay:  F valueR8:   0.000000
20240723 081418.038 INFO             PET0 map key=       car map value: asOkay:  F valueL:          F
20240723 081418.040 INFO             PET0 HConfig from Config IsDefined:  T
20240723 081418.040 INFO             PET0 HConfig from Config IsNull:  F
20240723 081418.040 INFO             PET0 HConfig from Config IsSequence:  F
20240723 081418.040 INFO             PET0 HConfig from Config IsMap:  T
20240723 081418.045 INFO             PET0 Empty HConfig tag:               tag:yaml.org,2002:null
20240723 081418.046 INFO             PET0 value_ten HConfig tag:          tag:yaml.org,2002:null
20240723 081418.046 INFO             PET0 value_eleven HConfig tag:          tag:yaml.org,2002:null
20240723 081418.046 INFO             PET0 Top level HConfig tag:          tag:yaml.org,2002:map
20240723 081418.046 INFO             PET0 value_two HConfig tag:           tag:yaml.org,2002:seq
20240723 081418.046 INFO             PET0 first key HConfig tag:           tag:yaml.org,2002:str
20240723 081418.047 INFO             PET0 value_three HConfig tag:           tag:yaml.org,2002:int
20240723 081418.047 INFO             PET0 value_nine HConfig tag:           tag:yaml.org,2002:int
20240723 081418.047 INFO             PET0 value_five HConfig tag:           tag:yaml.org,2002:float
20240723 081418.047 INFO             PET0 value_seven HConfig tag:            tag:yaml.org,2002:bool
20240723 081418.047 INFO             PET0 value_four HConfig tag:           tag:yaml.org,2002:float
20240723 081418.047 INFO             PET0 value_six HConfig tag:             tag:yaml.org,2002:str
20240723 081418.047 INFO             PET0 value_eight HConfig tag:             tag:yaml.org,2002:str
20240723 081418.047 INFO             PET0 value_twelve HConfig tag:                          !myStuff
20240723 081418.060 INFO             PET0 docCount:        3
20240723 081418.066 INFO             PET0 valueI4Seq:        1       2       3
20240723 081418.066 INFO             PET0 asOkay for Logical:  F
20240723 081418.066 INFO             PET0 asOkay for String:  T
20240723 081418.066 INFO             PET0 valueSSeq: 1         2         3
20240723 081418.068 INFO             PET0  NUMBER_OF_PROCESSORS           4
20240723 081418.068 INFO             PET0  PASS  Example ESMF_HConfigEx, ESMF_HConfigEx.F90, line 1803
20240723 081418.068 INFO             PET0  Finalizing ESMF
20240723 081417.911 INFO             PET1 !!!!!!!!!!!!!!!!!!!!!!!!!!!!!!!!!!!!!!!!!!!!!!!!!!!!!!
20240723 081417.911 INFO             PET1 !!! THE ESMF_LOG IS SET TO OUTPUT ALL LOG MESSAGES !!!
20240723 081417.911 INFO             PET1 !!!     THIS MAY CAUSE SLOWDOWN IN PERFORMANCE     !!!
20240723 081417.911 INFO             PET1 !!! FOR PRODUCTION RUNS, USE:                      !!!
20240723 081417.911 INFO             PET1 !!!                   ESMF_LOGKIND_Multi_On_Error  !!!
20240723 081417.911 INFO             PET1 !!!!!!!!!!!!!!!!!!!!!!!!!!!!!!!!!!!!!!!!!!!!!!!!!!!!!!
20240723 081417.911 INFO             PET1 Running with ESMF Version   : v8.7.0b09-4-g1506816bee
20240723 081417.911 INFO             PET1 ESMF library build date/time: "Jul 23 2024" "07:30:48"
20240723 081417.911 INFO             PET1 ESMF library build location : /scratch2/NCEPDEV/stmp1/Gerhard.Theurich/ESMF-Nightly-Testing/intel_2023.2.0-oneAPI_intelmpi_g_feature_numa/esmf
20240723 081417.911 INFO             PET1 ESMF_COMM                   : intelmpi
20240723 081417.912 INFO             PET1 ESMF_MOAB                   : enabled
20240723 081417.912 INFO             PET1 ESMF_LAPACK                 : enabled
20240723 081417.912 INFO             PET1 ESMF_NETCDF                 : enabled
20240723 081417.912 INFO             PET1 ESMF_PNETCDF                : disabled
20240723 081417.912 INFO             PET1 ESMF_PIO                    : enabled
20240723 081417.912 INFO             PET1 ESMF_YAMLCPP                : enabled
20240723 081418.022 INFO             PET1 AsString: 1
20240723 081418.022 INFO             PET1 asOkay:  T valueI4:          1
20240723 081418.022 INFO             PET1 asOkay:  T valueI8:          1
20240723 081418.022 INFO             PET1 asOkay:  T valueR4:   1.000000
20240723 081418.022 INFO             PET1 asOkay:  T valueR8:   1.000000
20240723 081418.022 INFO             PET1 asOkay:  F valueL:           F
20240723 081418.022 INFO             PET1 AsString: 2
20240723 081418.022 INFO             PET1 asOkay:  T valueI4:          2
20240723 081418.022 INFO             PET1 asOkay:  T valueI8:          2
20240723 081418.022 INFO             PET1 asOkay:  T valueR4:   2.000000
20240723 081418.022 INFO             PET1 asOkay:  T valueR8:   2.000000
20240723 081418.022 INFO             PET1 asOkay:  F valueL:           F
20240723 081418.022 INFO             PET1 AsString: 3
20240723 081418.022 INFO             PET1 asOkay:  T valueI4:          3
20240723 081418.022 INFO             PET1 asOkay:  T valueI8:          3
20240723 081418.022 INFO             PET1 asOkay:  T valueR4:   3.000000
20240723 081418.022 INFO             PET1 asOkay:  T valueR8:   3.000000
20240723 081418.022 INFO             PET1 asOkay:  F valueL:           F
20240723 081418.022 INFO             PET1 AsString: abc
20240723 081418.022 INFO             PET1 asOkay:  F valueI4:          0
20240723 081418.022 INFO             PET1 asOkay:  F valueI8:          0
20240723 081418.022 INFO             PET1 asOkay:  F valueR4:   0.000000
20240723 081418.022 INFO             PET1 asOkay:  F valueR8:   0.000000
20240723 081418.022 INFO             PET1 asOkay:  F valueL:           F
20240723 081418.022 INFO             PET1 AsString: b
20240723 081418.022 INFO             PET1 asOkay:  F valueI4:          0
20240723 081418.022 INFO             PET1 asOkay:  F valueI8:          0
20240723 081418.022 INFO             PET1 asOkay:  F valueR4:   0.000000
20240723 081418.022 INFO             PET1 asOkay:  F valueR8:   0.000000
20240723 081418.022 INFO             PET1 asOkay:  F valueL:           F
20240723 081418.022 INFO             PET1 AsString: TRUE
20240723 081418.022 INFO             PET1 asOkay:  F valueI4:          0
20240723 081418.022 INFO             PET1 asOkay:  F valueI8:          0
20240723 081418.022 INFO             PET1 asOkay:  F valueR4:   0.000000
20240723 081418.022 INFO             PET1 asOkay:  F valueR8:   0.000000
20240723 081418.022 INFO             PET1 asOkay:  T valueL:           T
20240723 081418.022 INFO             PET1 AsString: TRUE
20240723 081418.022 INFO             PET1 asOkay:  F valueI4:          0
20240723 081418.022 INFO             PET1 asOkay:  F valueI8:          0
20240723 081418.022 INFO             PET1 asOkay:  F valueR4:   0.000000
20240723 081418.022 INFO             PET1 asOkay:  F valueR8:   0.000000
20240723 081418.022 INFO             PET1 asOkay:  T valueL:           T
20240723 081418.022 INFO             PET1 AsString: b
20240723 081418.022 INFO             PET1 asOkay:  F valueI4:          0
20240723 081418.022 INFO             PET1 asOkay:  F valueI8:          0
20240723 081418.022 INFO             PET1 asOkay:  F valueR4:   0.000000
20240723 081418.022 INFO             PET1 asOkay:  F valueR8:   0.000000
20240723 081418.022 INFO             PET1 asOkay:  F valueL:           F
20240723 081418.022 INFO             PET1 AsString: abc
20240723 081418.022 INFO             PET1 asOkay:  F valueI4:          0
20240723 081418.022 INFO             PET1 asOkay:  F valueI8:          0
20240723 081418.022 INFO             PET1 asOkay:  F valueR4:   0.000000
20240723 081418.022 INFO             PET1 asOkay:  F valueR8:   0.000000
20240723 081418.022 INFO             PET1 asOkay:  F valueL:           F
20240723 081418.022 INFO             PET1 AsString: 3
20240723 081418.022 INFO             PET1 asOkay:  T valueI4:          3
20240723 081418.022 INFO             PET1 asOkay:  T valueI8:          3
20240723 081418.022 INFO             PET1 asOkay:  T valueR4:   3.000000
20240723 081418.022 INFO             PET1 asOkay:  T valueR8:   3.000000
20240723 081418.022 INFO             PET1 asOkay:  F valueL:           F
20240723 081418.022 INFO             PET1 AsString: 2
20240723 081418.022 INFO             PET1 asOkay:  T valueI4:          2
20240723 081418.022 INFO             PET1 asOkay:  T valueI8:          2
20240723 081418.022 INFO             PET1 asOkay:  T valueR4:   2.000000
20240723 081418.022 INFO             PET1 asOkay:  T valueR8:   2.000000
20240723 081418.022 INFO             PET1 asOkay:  F valueL:           F
20240723 081418.022 INFO             PET1 AsString: 1
20240723 081418.022 INFO             PET1 asOkay:  T valueI4:          1
20240723 081418.022 INFO             PET1 asOkay:  T valueI8:          1
20240723 081418.022 INFO             PET1 asOkay:  T valueR4:   1.000000
20240723 081418.023 INFO             PET1 asOkay:  T valueR8:   1.000000
20240723 081418.023 INFO             PET1 asOkay:  F valueL:           F
20240723 081418.023 INFO             PET1 map key=car map value: AsString: red
20240723 081418.023 INFO             PET1 map key=       car map value: asOkay:  F valueI4:          0
20240723 081418.023 INFO             PET1 map key=       car map value: asOkay:  F valueI8:          0
20240723 081418.023 INFO             PET1 map key=       car map value: asOkay:  F valueR4:   0.000000
20240723 081418.023 INFO             PET1 map key=       car map value: asOkay:  F valueR8:   0.000000
20240723 081418.023 INFO             PET1 map key=       car map value: asOkay:  F valueL:          F
20240723 081418.023 INFO             PET1 map key=bike map value: AsString: 22
20240723 081418.023 INFO             PET1 map key=      bike map value: asOkay:  T valueI4:         22
20240723 081418.023 INFO             PET1 map key=      bike map value: asOkay:  T valueI8:         22
20240723 081418.023 INFO             PET1 map key=      bike map value: asOkay:  T valueR4:  22.000000
20240723 081418.023 INFO             PET1 map key=      bike map value: asOkay:  T valueR8:  22.000000
20240723 081418.023 INFO             PET1 map key=      bike map value: asOkay:  F valueL:          F
20240723 081418.023 INFO             PET1 map key=plane map value: AsString: TRUE
20240723 081418.023 INFO             PET1 map key=     plane map value: asOkay:  F valueI4:          0
20240723 081418.023 INFO             PET1 map key=     plane map value: asOkay:  F valueI8:          0
20240723 081418.023 INFO             PET1 map key=     plane map value: asOkay:  F valueR4:   0.000000
20240723 081418.023 INFO             PET1 map key=     plane map value: asOkay:  F valueR8:   0.000000
20240723 081418.023 INFO             PET1 map key=     plane map value: asOkay:  T valueL:          T
20240723 081418.023 INFO             PET1 map key=bike map value: AsString: 22
20240723 081418.024 INFO             PET1 map key=      bike map value: asOkay:  T valueI4:         22
20240723 081418.024 INFO             PET1 map key=      bike map value: asOkay:  T valueI8:         22
20240723 081418.024 INFO             PET1 map key=      bike map value: asOkay:  T valueR4:  22.000000
20240723 081418.024 INFO             PET1 map key=      bike map value: asOkay:  T valueR8:  22.000000
20240723 081418.024 INFO             PET1 map key=      bike map value: asOkay:  F valueL:          F
20240723 081418.024 INFO             PET1 map key=plane map value: AsString: TRUE
20240723 081418.024 INFO             PET1 map key=     plane map value: asOkay:  F valueI4:          0
20240723 081418.024 INFO             PET1 map key=     plane map value: asOkay:  F valueI8:          0
20240723 081418.024 INFO             PET1 map key=     plane map value: asOkay:  F valueR4:   0.000000
20240723 081418.024 INFO             PET1 map key=     plane map value: asOkay:  F valueR8:   0.000000
20240723 081418.024 INFO             PET1 map key=     plane map value: asOkay:  T valueL:          T
20240723 081418.024 INFO             PET1 map key=car map value: AsString: red
20240723 081418.024 INFO             PET1 map key=       car map value: asOkay:  F valueI4:          0
20240723 081418.024 INFO             PET1 map key=       car map value: asOkay:  F valueI8:          0
20240723 081418.024 INFO             PET1 map key=       car map value: asOkay:  F valueR4:   0.000000
20240723 081418.025 INFO             PET1 map key=       car map value: asOkay:  F valueR8:   0.000000
20240723 081418.025 INFO             PET1 map key=       car map value: asOkay:  F valueL:          F
20240723 081418.026 INFO             PET1 HConfig from Config IsDefined:  T
20240723 081418.026 INFO             PET1 HConfig from Config IsNull:  F
20240723 081418.026 INFO             PET1 HConfig from Config IsSequence:  F
20240723 081418.026 INFO             PET1 HConfig from Config IsMap:  T
20240723 081418.029 INFO             PET1 Empty HConfig tag:               tag:yaml.org,2002:null
20240723 081418.030 INFO             PET1 value_ten HConfig tag:          tag:yaml.org,2002:null
20240723 081418.030 INFO             PET1 value_eleven HConfig tag:          tag:yaml.org,2002:null
20240723 081418.030 INFO             PET1 Top level HConfig tag:          tag:yaml.org,2002:map
20240723 081418.030 INFO             PET1 value_two HConfig tag:           tag:yaml.org,2002:seq
20240723 081418.030 INFO             PET1 first key HConfig tag:           tag:yaml.org,2002:str
20240723 081418.030 INFO             PET1 value_three HConfig tag:           tag:yaml.org,2002:int
20240723 081418.031 INFO             PET1 value_nine HConfig tag:           tag:yaml.org,2002:int
20240723 081418.031 INFO             PET1 value_five HConfig tag:           tag:yaml.org,2002:float
20240723 081418.031 INFO             PET1 value_seven HConfig tag:            tag:yaml.org,2002:bool
20240723 081418.031 INFO             PET1 value_four HConfig tag:           tag:yaml.org,2002:float
20240723 081418.031 INFO             PET1 value_six HConfig tag:             tag:yaml.org,2002:str
20240723 081418.031 INFO             PET1 value_eight HConfig tag:             tag:yaml.org,2002:str
20240723 081418.031 INFO             PET1 value_twelve HConfig tag:                          !myStuff
20240723 081418.036 INFO             PET1 docCount:        3
20240723 081418.037 INFO             PET1 valueI4Seq:        1       2       3
20240723 081418.037 INFO             PET1 asOkay for Logical:  F
20240723 081418.037 INFO             PET1 asOkay for String:  T
20240723 081418.037 INFO             PET1 valueSSeq: 1         2         3
20240723 081418.038 INFO             PET1  NUMBER_OF_PROCESSORS           4
20240723 081418.038 INFO             PET1  PASS  Example ESMF_HConfigEx, ESMF_HConfigEx.F90, line 1803
20240723 081418.038 INFO             PET1  Finalizing ESMF
20240723 081417.911 INFO             PET2 !!!!!!!!!!!!!!!!!!!!!!!!!!!!!!!!!!!!!!!!!!!!!!!!!!!!!!
20240723 081417.912 INFO             PET2 !!! THE ESMF_LOG IS SET TO OUTPUT ALL LOG MESSAGES !!!
20240723 081417.912 INFO             PET2 !!!     THIS MAY CAUSE SLOWDOWN IN PERFORMANCE     !!!
20240723 081417.912 INFO             PET2 !!! FOR PRODUCTION RUNS, USE:                      !!!
20240723 081417.912 INFO             PET2 !!!                   ESMF_LOGKIND_Multi_On_Error  !!!
20240723 081417.912 INFO             PET2 !!!!!!!!!!!!!!!!!!!!!!!!!!!!!!!!!!!!!!!!!!!!!!!!!!!!!!
20240723 081417.912 INFO             PET2 Running with ESMF Version   : v8.7.0b09-4-g1506816bee
20240723 081417.912 INFO             PET2 ESMF library build date/time: "Jul 23 2024" "07:30:48"
20240723 081417.912 INFO             PET2 ESMF library build location : /scratch2/NCEPDEV/stmp1/Gerhard.Theurich/ESMF-Nightly-Testing/intel_2023.2.0-oneAPI_intelmpi_g_feature_numa/esmf
20240723 081417.912 INFO             PET2 ESMF_COMM                   : intelmpi
20240723 081417.912 INFO             PET2 ESMF_MOAB                   : enabled
20240723 081417.912 INFO             PET2 ESMF_LAPACK                 : enabled
20240723 081417.912 INFO             PET2 ESMF_NETCDF                 : enabled
20240723 081417.912 INFO             PET2 ESMF_PNETCDF                : disabled
20240723 081417.912 INFO             PET2 ESMF_PIO                    : enabled
20240723 081417.912 INFO             PET2 ESMF_YAMLCPP                : enabled
20240723 081418.022 INFO             PET2 AsString: 1
20240723 081418.022 INFO             PET2 asOkay:  T valueI4:          1
20240723 081418.022 INFO             PET2 asOkay:  T valueI8:          1
20240723 081418.022 INFO             PET2 asOkay:  T valueR4:   1.000000
20240723 081418.022 INFO             PET2 asOkay:  T valueR8:   1.000000
20240723 081418.022 INFO             PET2 asOkay:  F valueL:           F
20240723 081418.022 INFO             PET2 AsString: 2
20240723 081418.022 INFO             PET2 asOkay:  T valueI4:          2
20240723 081418.022 INFO             PET2 asOkay:  T valueI8:          2
20240723 081418.022 INFO             PET2 asOkay:  T valueR4:   2.000000
20240723 081418.022 INFO             PET2 asOkay:  T valueR8:   2.000000
20240723 081418.022 INFO             PET2 asOkay:  F valueL:           F
20240723 081418.022 INFO             PET2 AsString: 3
20240723 081418.022 INFO             PET2 asOkay:  T valueI4:          3
20240723 081418.022 INFO             PET2 asOkay:  T valueI8:          3
20240723 081418.022 INFO             PET2 asOkay:  T valueR4:   3.000000
20240723 081418.022 INFO             PET2 asOkay:  T valueR8:   3.000000
20240723 081418.022 INFO             PET2 asOkay:  F valueL:           F
20240723 081418.022 INFO             PET2 AsString: abc
20240723 081418.022 INFO             PET2 asOkay:  F valueI4:          0
20240723 081418.022 INFO             PET2 asOkay:  F valueI8:          0
20240723 081418.022 INFO             PET2 asOkay:  F valueR4:   0.000000
20240723 081418.022 INFO             PET2 asOkay:  F valueR8:   0.000000
20240723 081418.022 INFO             PET2 asOkay:  F valueL:           F
20240723 081418.022 INFO             PET2 AsString: b
20240723 081418.022 INFO             PET2 asOkay:  F valueI4:          0
20240723 081418.022 INFO             PET2 asOkay:  F valueI8:          0
20240723 081418.022 INFO             PET2 asOkay:  F valueR4:   0.000000
20240723 081418.022 INFO             PET2 asOkay:  F valueR8:   0.000000
20240723 081418.022 INFO             PET2 asOkay:  F valueL:           F
20240723 081418.022 INFO             PET2 AsString: TRUE
20240723 081418.022 INFO             PET2 asOkay:  F valueI4:          0
20240723 081418.022 INFO             PET2 asOkay:  F valueI8:          0
20240723 081418.022 INFO             PET2 asOkay:  F valueR4:   0.000000
20240723 081418.022 INFO             PET2 asOkay:  F valueR8:   0.000000
20240723 081418.022 INFO             PET2 asOkay:  T valueL:           T
20240723 081418.022 INFO             PET2 AsString: TRUE
20240723 081418.022 INFO             PET2 asOkay:  F valueI4:          0
20240723 081418.022 INFO             PET2 asOkay:  F valueI8:          0
20240723 081418.022 INFO             PET2 asOkay:  F valueR4:   0.000000
20240723 081418.022 INFO             PET2 asOkay:  F valueR8:   0.000000
20240723 081418.022 INFO             PET2 asOkay:  T valueL:           T
20240723 081418.022 INFO             PET2 AsString: b
20240723 081418.022 INFO             PET2 asOkay:  F valueI4:          0
20240723 081418.022 INFO             PET2 asOkay:  F valueI8:          0
20240723 081418.022 INFO             PET2 asOkay:  F valueR4:   0.000000
20240723 081418.022 INFO             PET2 asOkay:  F valueR8:   0.000000
20240723 081418.022 INFO             PET2 asOkay:  F valueL:           F
20240723 081418.022 INFO             PET2 AsString: abc
20240723 081418.022 INFO             PET2 asOkay:  F valueI4:          0
20240723 081418.022 INFO             PET2 asOkay:  F valueI8:          0
20240723 081418.022 INFO             PET2 asOkay:  F valueR4:   0.000000
20240723 081418.022 INFO             PET2 asOkay:  F valueR8:   0.000000
20240723 081418.022 INFO             PET2 asOkay:  F valueL:           F
20240723 081418.022 INFO             PET2 AsString: 3
20240723 081418.022 INFO             PET2 asOkay:  T valueI4:          3
20240723 081418.022 INFO             PET2 asOkay:  T valueI8:          3
20240723 081418.022 INFO             PET2 asOkay:  T valueR4:   3.000000
20240723 081418.022 INFO             PET2 asOkay:  T valueR8:   3.000000
20240723 081418.022 INFO             PET2 asOkay:  F valueL:           F
20240723 081418.022 INFO             PET2 AsString: 2
20240723 081418.022 INFO             PET2 asOkay:  T valueI4:          2
20240723 081418.022 INFO             PET2 asOkay:  T valueI8:          2
20240723 081418.022 INFO             PET2 asOkay:  T valueR4:   2.000000
20240723 081418.022 INFO             PET2 asOkay:  T valueR8:   2.000000
20240723 081418.022 INFO             PET2 asOkay:  F valueL:           F
20240723 081418.022 INFO             PET2 AsString: 1
20240723 081418.022 INFO             PET2 asOkay:  T valueI4:          1
20240723 081418.022 INFO             PET2 asOkay:  T valueI8:          1
20240723 081418.022 INFO             PET2 asOkay:  T valueR4:   1.000000
20240723 081418.022 INFO             PET2 asOkay:  T valueR8:   1.000000
20240723 081418.022 INFO             PET2 asOkay:  F valueL:           F
20240723 081418.023 INFO             PET2 map key=car map value: AsString: red
20240723 081418.023 INFO             PET2 map key=       car map value: asOkay:  F valueI4:          0
20240723 081418.023 INFO             PET2 map key=       car map value: asOkay:  F valueI8:          0
20240723 081418.023 INFO             PET2 map key=       car map value: asOkay:  F valueR4:   0.000000
20240723 081418.023 INFO             PET2 map key=       car map value: asOkay:  F valueR8:   0.000000
20240723 081418.023 INFO             PET2 map key=       car map value: asOkay:  F valueL:          F
20240723 081418.023 INFO             PET2 map key=bike map value: AsString: 22
20240723 081418.023 INFO             PET2 map key=      bike map value: asOkay:  T valueI4:         22
20240723 081418.023 INFO             PET2 map key=      bike map value: asOkay:  T valueI8:         22
20240723 081418.023 INFO             PET2 map key=      bike map value: asOkay:  T valueR4:  22.000000
20240723 081418.023 INFO             PET2 map key=      bike map value: asOkay:  T valueR8:  22.000000
20240723 081418.023 INFO             PET2 map key=      bike map value: asOkay:  F valueL:          F
20240723 081418.023 INFO             PET2 map key=plane map value: AsString: TRUE
20240723 081418.023 INFO             PET2 map key=     plane map value: asOkay:  F valueI4:          0
20240723 081418.023 INFO             PET2 map key=     plane map value: asOkay:  F valueI8:          0
20240723 081418.023 INFO             PET2 map key=     plane map value: asOkay:  F valueR4:   0.000000
20240723 081418.023 INFO             PET2 map key=     plane map value: asOkay:  F valueR8:   0.000000
20240723 081418.023 INFO             PET2 map key=     plane map value: asOkay:  T valueL:          T
20240723 081418.023 INFO             PET2 map key=bike map value: AsString: 22
20240723 081418.023 INFO             PET2 map key=      bike map value: asOkay:  T valueI4:         22
20240723 081418.023 INFO             PET2 map key=      bike map value: asOkay:  T valueI8:         22
20240723 081418.023 INFO             PET2 map key=      bike map value: asOkay:  T valueR4:  22.000000
20240723 081418.023 INFO             PET2 map key=      bike map value: asOkay:  T valueR8:  22.000000
20240723 081418.024 INFO             PET2 map key=      bike map value: asOkay:  F valueL:          F
20240723 081418.024 INFO             PET2 map key=plane map value: AsString: TRUE
20240723 081418.024 INFO             PET2 map key=     plane map value: asOkay:  F valueI4:          0
20240723 081418.024 INFO             PET2 map key=     plane map value: asOkay:  F valueI8:          0
20240723 081418.024 INFO             PET2 map key=     plane map value: asOkay:  F valueR4:   0.000000
20240723 081418.024 INFO             PET2 map key=     plane map value: asOkay:  F valueR8:   0.000000
20240723 081418.024 INFO             PET2 map key=     plane map value: asOkay:  T valueL:          T
20240723 081418.024 INFO             PET2 map key=car map value: AsString: red
20240723 081418.024 INFO             PET2 map key=       car map value: asOkay:  F valueI4:          0
20240723 081418.024 INFO             PET2 map key=       car map value: asOkay:  F valueI8:          0
20240723 081418.024 INFO             PET2 map key=       car map value: asOkay:  F valueR4:   0.000000
20240723 081418.024 INFO             PET2 map key=       car map value: asOkay:  F valueR8:   0.000000
20240723 081418.024 INFO             PET2 map key=       car map value: asOkay:  F valueL:          F
20240723 081418.026 INFO             PET2 HConfig from Config IsDefined:  T
20240723 081418.026 INFO             PET2 HConfig from Config IsNull:  F
20240723 081418.026 INFO             PET2 HConfig from Config IsSequence:  F
20240723 081418.026 INFO             PET2 HConfig from Config IsMap:  T
20240723 081418.028 INFO             PET2 Empty HConfig tag:               tag:yaml.org,2002:null
20240723 081418.029 INFO             PET2 value_ten HConfig tag:          tag:yaml.org,2002:null
20240723 081418.030 INFO             PET2 value_eleven HConfig tag:          tag:yaml.org,2002:null
20240723 081418.030 INFO             PET2 Top level HConfig tag:          tag:yaml.org,2002:map
20240723 081418.030 INFO             PET2 value_two HConfig tag:           tag:yaml.org,2002:seq
20240723 081418.030 INFO             PET2 first key HConfig tag:           tag:yaml.org,2002:str
20240723 081418.030 INFO             PET2 value_three HConfig tag:           tag:yaml.org,2002:int
20240723 081418.030 INFO             PET2 value_nine HConfig tag:           tag:yaml.org,2002:int
20240723 081418.030 INFO             PET2 value_five HConfig tag:           tag:yaml.org,2002:float
20240723 081418.030 INFO             PET2 value_seven HConfig tag:            tag:yaml.org,2002:bool
20240723 081418.030 INFO             PET2 value_four HConfig tag:           tag:yaml.org,2002:float
20240723 081418.030 INFO             PET2 value_six HConfig tag:             tag:yaml.org,2002:str
20240723 081418.030 INFO             PET2 value_eight HConfig tag:             tag:yaml.org,2002:str
20240723 081418.030 INFO             PET2 value_twelve HConfig tag:                          !myStuff
20240723 081418.035 INFO             PET2 docCount:        3
20240723 081418.035 INFO             PET2 valueI4Seq:        1       2       3
20240723 081418.035 INFO             PET2 asOkay for Logical:  F
20240723 081418.035 INFO             PET2 asOkay for String:  T
20240723 081418.036 INFO             PET2 valueSSeq: 1         2         3
20240723 081418.037 INFO             PET2  NUMBER_OF_PROCESSORS           4
20240723 081418.037 INFO             PET2  PASS  Example ESMF_HConfigEx, ESMF_HConfigEx.F90, line 1803
20240723 081418.037 INFO             PET2  Finalizing ESMF
20240723 081417.912 INFO             PET3 !!!!!!!!!!!!!!!!!!!!!!!!!!!!!!!!!!!!!!!!!!!!!!!!!!!!!!
20240723 081417.912 INFO             PET3 !!! THE ESMF_LOG IS SET TO OUTPUT ALL LOG MESSAGES !!!
20240723 081417.912 INFO             PET3 !!!     THIS MAY CAUSE SLOWDOWN IN PERFORMANCE     !!!
20240723 081417.912 INFO             PET3 !!! FOR PRODUCTION RUNS, USE:                      !!!
20240723 081417.912 INFO             PET3 !!!                   ESMF_LOGKIND_Multi_On_Error  !!!
20240723 081417.912 INFO             PET3 !!!!!!!!!!!!!!!!!!!!!!!!!!!!!!!!!!!!!!!!!!!!!!!!!!!!!!
20240723 081417.912 INFO             PET3 Running with ESMF Version   : v8.7.0b09-4-g1506816bee
20240723 081417.912 INFO             PET3 ESMF library build date/time: "Jul 23 2024" "07:30:48"
20240723 081417.912 INFO             PET3 ESMF library build location : /scratch2/NCEPDEV/stmp1/Gerhard.Theurich/ESMF-Nightly-Testing/intel_2023.2.0-oneAPI_intelmpi_g_feature_numa/esmf
20240723 081417.912 INFO             PET3 ESMF_COMM                   : intelmpi
20240723 081417.913 INFO             PET3 ESMF_MOAB                   : enabled
20240723 081417.913 INFO             PET3 ESMF_LAPACK                 : enabled
20240723 081417.913 INFO             PET3 ESMF_NETCDF                 : enabled
20240723 081417.913 INFO             PET3 ESMF_PNETCDF                : disabled
20240723 081417.913 INFO             PET3 ESMF_PIO                    : enabled
20240723 081417.913 INFO             PET3 ESMF_YAMLCPP                : enabled
20240723 081418.022 INFO             PET3 AsString: 1
20240723 081418.022 INFO             PET3 asOkay:  T valueI4:          1
20240723 081418.022 INFO             PET3 asOkay:  T valueI8:          1
20240723 081418.022 INFO             PET3 asOkay:  T valueR4:   1.000000
20240723 081418.022 INFO             PET3 asOkay:  T valueR8:   1.000000
20240723 081418.022 INFO             PET3 asOkay:  F valueL:           F
20240723 081418.022 INFO             PET3 AsString: 2
20240723 081418.022 INFO             PET3 asOkay:  T valueI4:          2
20240723 081418.022 INFO             PET3 asOkay:  T valueI8:          2
20240723 081418.022 INFO             PET3 asOkay:  T valueR4:   2.000000
20240723 081418.022 INFO             PET3 asOkay:  T valueR8:   2.000000
20240723 081418.022 INFO             PET3 asOkay:  F valueL:           F
20240723 081418.022 INFO             PET3 AsString: 3
20240723 081418.022 INFO             PET3 asOkay:  T valueI4:          3
20240723 081418.022 INFO             PET3 asOkay:  T valueI8:          3
20240723 081418.022 INFO             PET3 asOkay:  T valueR4:   3.000000
20240723 081418.022 INFO             PET3 asOkay:  T valueR8:   3.000000
20240723 081418.022 INFO             PET3 asOkay:  F valueL:           F
20240723 081418.022 INFO             PET3 AsString: abc
20240723 081418.022 INFO             PET3 asOkay:  F valueI4:          0
20240723 081418.022 INFO             PET3 asOkay:  F valueI8:          0
20240723 081418.022 INFO             PET3 asOkay:  F valueR4:   0.000000
20240723 081418.022 INFO             PET3 asOkay:  F valueR8:   0.000000
20240723 081418.022 INFO             PET3 asOkay:  F valueL:           F
20240723 081418.022 INFO             PET3 AsString: b
20240723 081418.022 INFO             PET3 asOkay:  F valueI4:          0
20240723 081418.022 INFO             PET3 asOkay:  F valueI8:          0
20240723 081418.022 INFO             PET3 asOkay:  F valueR4:   0.000000
20240723 081418.022 INFO             PET3 asOkay:  F valueR8:   0.000000
20240723 081418.022 INFO             PET3 asOkay:  F valueL:           F
20240723 081418.022 INFO             PET3 AsString: TRUE
20240723 081418.022 INFO             PET3 asOkay:  F valueI4:          0
20240723 081418.022 INFO             PET3 asOkay:  F valueI8:          0
20240723 081418.022 INFO             PET3 asOkay:  F valueR4:   0.000000
20240723 081418.022 INFO             PET3 asOkay:  F valueR8:   0.000000
20240723 081418.022 INFO             PET3 asOkay:  T valueL:           T
20240723 081418.022 INFO             PET3 AsString: TRUE
20240723 081418.022 INFO             PET3 asOkay:  F valueI4:          0
20240723 081418.022 INFO             PET3 asOkay:  F valueI8:          0
20240723 081418.022 INFO             PET3 asOkay:  F valueR4:   0.000000
20240723 081418.022 INFO             PET3 asOkay:  F valueR8:   0.000000
20240723 081418.022 INFO             PET3 asOkay:  T valueL:           T
20240723 081418.022 INFO             PET3 AsString: b
20240723 081418.022 INFO             PET3 asOkay:  F valueI4:          0
20240723 081418.022 INFO             PET3 asOkay:  F valueI8:          0
20240723 081418.022 INFO             PET3 asOkay:  F valueR4:   0.000000
20240723 081418.022 INFO             PET3 asOkay:  F valueR8:   0.000000
20240723 081418.022 INFO             PET3 asOkay:  F valueL:           F
20240723 081418.022 INFO             PET3 AsString: abc
20240723 081418.022 INFO             PET3 asOkay:  F valueI4:          0
20240723 081418.035 INFO             PET3 asOkay:  F valueI8:          0
20240723 081418.035 INFO             PET3 asOkay:  F valueR4:   0.000000
20240723 081418.035 INFO             PET3 asOkay:  F valueR8:   0.000000
20240723 081418.035 INFO             PET3 asOkay:  F valueL:           F
20240723 081418.035 INFO             PET3 AsString: 3
20240723 081418.035 INFO             PET3 asOkay:  T valueI4:          3
20240723 081418.035 INFO             PET3 asOkay:  T valueI8:          3
20240723 081418.035 INFO             PET3 asOkay:  T valueR4:   3.000000
20240723 081418.035 INFO             PET3 asOkay:  T valueR8:   3.000000
20240723 081418.035 INFO             PET3 asOkay:  F valueL:           F
20240723 081418.035 INFO             PET3 AsString: 2
20240723 081418.035 INFO             PET3 asOkay:  T valueI4:          2
20240723 081418.035 INFO             PET3 asOkay:  T valueI8:          2
20240723 081418.035 INFO             PET3 asOkay:  T valueR4:   2.000000
20240723 081418.035 INFO             PET3 asOkay:  T valueR8:   2.000000
20240723 081418.036 INFO             PET3 asOkay:  F valueL:           F
20240723 081418.036 INFO             PET3 AsString: 1
20240723 081418.036 INFO             PET3 asOkay:  T valueI4:          1
20240723 081418.036 INFO             PET3 asOkay:  T valueI8:          1
20240723 081418.036 INFO             PET3 asOkay:  T valueR4:   1.000000
20240723 081418.036 INFO             PET3 asOkay:  T valueR8:   1.000000
20240723 081418.036 INFO             PET3 asOkay:  F valueL:           F
20240723 081418.036 INFO             PET3 map key=car map value: AsString: red
20240723 081418.036 INFO             PET3 map key=       car map value: asOkay:  F valueI4:          0
20240723 081418.036 INFO             PET3 map key=       car map value: asOkay:  F valueI8:          0
20240723 081418.036 INFO             PET3 map key=       car map value: asOkay:  F valueR4:   0.000000
20240723 081418.036 INFO             PET3 map key=       car map value: asOkay:  F valueR8:   0.000000
20240723 081418.036 INFO             PET3 map key=       car map value: asOkay:  F valueL:          F
20240723 081418.036 INFO             PET3 map key=bike map value: AsString: 22
20240723 081418.036 INFO             PET3 map key=      bike map value: asOkay:  T valueI4:         22
20240723 081418.036 INFO             PET3 map key=      bike map value: asOkay:  T valueI8:         22
20240723 081418.036 INFO             PET3 map key=      bike map value: asOkay:  T valueR4:  22.000000
20240723 081418.036 INFO             PET3 map key=      bike map value: asOkay:  T valueR8:  22.000000
20240723 081418.036 INFO             PET3 map key=      bike map value: asOkay:  F valueL:          F
20240723 081418.036 INFO             PET3 map key=plane map value: AsString: TRUE
20240723 081418.036 INFO             PET3 map key=     plane map value: asOkay:  F valueI4:          0
20240723 081418.036 INFO             PET3 map key=     plane map value: asOkay:  F valueI8:          0
20240723 081418.036 INFO             PET3 map key=     plane map value: asOkay:  F valueR4:   0.000000
20240723 081418.036 INFO             PET3 map key=     plane map value: asOkay:  F valueR8:   0.000000
20240723 081418.036 INFO             PET3 map key=     plane map value: asOkay:  T valueL:          T
20240723 081418.036 INFO             PET3 map key=bike map value: AsString: 22
20240723 081418.036 INFO             PET3 map key=      bike map value: asOkay:  T valueI4:         22
20240723 081418.036 INFO             PET3 map key=      bike map value: asOkay:  T valueI8:         22
20240723 081418.037 INFO             PET3 map key=      bike map value: asOkay:  T valueR4:  22.000000
20240723 081418.037 INFO             PET3 map key=      bike map value: asOkay:  T valueR8:  22.000000
20240723 081418.037 INFO             PET3 map key=      bike map value: asOkay:  F valueL:          F
20240723 081418.037 INFO             PET3 map key=plane map value: AsString: TRUE
20240723 081418.037 INFO             PET3 map key=     plane map value: asOkay:  F valueI4:          0
20240723 081418.037 INFO             PET3 map key=     plane map value: asOkay:  F valueI8:          0
20240723 081418.037 INFO             PET3 map key=     plane map value: asOkay:  F valueR4:   0.000000
20240723 081418.037 INFO             PET3 map key=     plane map value: asOkay:  F valueR8:   0.000000
20240723 081418.037 INFO             PET3 map key=     plane map value: asOkay:  T valueL:          T
20240723 081418.037 INFO             PET3 map key=car map value: AsString: red
20240723 081418.037 INFO             PET3 map key=       car map value: asOkay:  F valueI4:          0
20240723 081418.037 INFO             PET3 map key=       car map value: asOkay:  F valueI8:          0
20240723 081418.037 INFO             PET3 map key=       car map value: asOkay:  F valueR4:   0.000000
20240723 081418.037 INFO             PET3 map key=       car map value: asOkay:  F valueR8:   0.000000
20240723 081418.037 INFO             PET3 map key=       car map value: asOkay:  F valueL:          F
20240723 081418.039 INFO             PET3 HConfig from Config IsDefined:  T
20240723 081418.039 INFO             PET3 HConfig from Config IsNull:  F
20240723 081418.039 INFO             PET3 HConfig from Config IsSequence:  F
20240723 081418.039 INFO             PET3 HConfig from Config IsMap:  T
20240723 081418.041 INFO             PET3 Empty HConfig tag:               tag:yaml.org,2002:null
20240723 081418.043 INFO             PET3 value_ten HConfig tag:          tag:yaml.org,2002:null
20240723 081418.043 INFO             PET3 value_eleven HConfig tag:          tag:yaml.org,2002:null
20240723 081418.043 INFO             PET3 Top level HConfig tag:          tag:yaml.org,2002:map
20240723 081418.043 INFO             PET3 value_two HConfig tag:           tag:yaml.org,2002:seq
20240723 081418.043 INFO             PET3 first key HConfig tag:           tag:yaml.org,2002:str
20240723 081418.043 INFO             PET3 value_three HConfig tag:           tag:yaml.org,2002:int
20240723 081418.043 INFO             PET3 value_nine HConfig tag:           tag:yaml.org,2002:int
20240723 081418.043 INFO             PET3 value_five HConfig tag:           tag:yaml.org,2002:float
20240723 081418.043 INFO             PET3 value_seven HConfig tag:            tag:yaml.org,2002:bool
20240723 081418.043 INFO             PET3 value_four HConfig tag:           tag:yaml.org,2002:float
20240723 081418.043 INFO             PET3 value_six HConfig tag:             tag:yaml.org,2002:str
20240723 081418.043 INFO             PET3 value_eight HConfig tag:             tag:yaml.org,2002:str
20240723 081418.043 INFO             PET3 value_twelve HConfig tag:                          !myStuff
20240723 081418.048 INFO             PET3 docCount:        3
20240723 081418.048 INFO             PET3 valueI4Seq:        1       2       3
20240723 081418.049 INFO             PET3 asOkay for Logical:  F
20240723 081418.049 INFO             PET3 asOkay for String:  T
20240723 081418.049 INFO             PET3 valueSSeq: 1         2         3
20240723 081418.050 INFO             PET3  NUMBER_OF_PROCESSORS           4
20240723 081418.050 INFO             PET3  PASS  Example ESMF_HConfigEx, ESMF_HConfigEx.F90, line 1803
20240723 081418.050 INFO             PET3  Finalizing ESMF
