2024-07-18 01:32:28
20240718 015259.438 INFO             PET0 !!!!!!!!!!!!!!!!!!!!!!!!!!!!!!!!!!!!!!!!!!!!!!!!!!!!!!
20240718 015259.438 INFO             PET0 !!! THE ESMF_LOG IS SET TO OUTPUT ALL LOG MESSAGES !!!
20240718 015259.438 INFO             PET0 !!!     THIS MAY CAUSE SLOWDOWN IN PERFORMANCE     !!!
20240718 015259.438 INFO             PET0 !!! FOR PRODUCTION RUNS, USE:                      !!!
20240718 015259.438 INFO             PET0 !!!                   ESMF_LOGKIND_Multi_On_Error  !!!
20240718 015259.438 INFO             PET0 !!!!!!!!!!!!!!!!!!!!!!!!!!!!!!!!!!!!!!!!!!!!!!!!!!!!!!
20240718 015259.438 INFO             PET0 Running with ESMF Version   : v8.7.0b08-5-g631ae04f9a
20240718 015259.438 INFO             PET0 ESMF library build date/time: "Jul 18 2024" "01:31:27"
20240718 015259.438 INFO             PET0 ESMF library build location : /discover/nobackup/projects/sbu/mpotts/esmf-test/gfortran_8.3.0_intelmpi_O_feature_smm_store_search/esmf
20240718 015259.438 INFO             PET0 ESMF_COMM                   : intelmpi
20240718 015259.438 INFO             PET0 ESMF_MOAB                   : enabled
20240718 015259.438 INFO             PET0 ESMF_LAPACK                 : enabled
20240718 015259.438 INFO             PET0 ESMF_NETCDF                 : disabled
20240718 015259.438 INFO             PET0 ESMF_PNETCDF                : disabled
20240718 015259.438 INFO             PET0 ESMF_PIO                    : disabled
20240718 015259.438 INFO             PET0 ESMF_YAMLCPP                : enabled
20240718 015259.466 DEBUG            PET0 about to destroy Grid: 0x24c3670
20240718 015259.469 DEBUG            PET0 about to destroy Grid: 0x24c4e40
20240718 015259.477 INFO             PET0  NUMBER_OF_PROCESSORS           4
20240718 015259.477 INFO             PET0  PASS  Example ESMF_NUOPCAtmModelEx, ESMF_NUOPCAtmModelEx.F90, line 806
20240718 015259.477 INFO             PET0  Finalizing ESMF
20240718 015259.438 INFO             PET1 !!!!!!!!!!!!!!!!!!!!!!!!!!!!!!!!!!!!!!!!!!!!!!!!!!!!!!
20240718 015259.438 INFO             PET1 !!! THE ESMF_LOG IS SET TO OUTPUT ALL LOG MESSAGES !!!
20240718 015259.438 INFO             PET1 !!!     THIS MAY CAUSE SLOWDOWN IN PERFORMANCE     !!!
20240718 015259.438 INFO             PET1 !!! FOR PRODUCTION RUNS, USE:                      !!!
20240718 015259.438 INFO             PET1 !!!                   ESMF_LOGKIND_Multi_On_Error  !!!
20240718 015259.438 INFO             PET1 !!!!!!!!!!!!!!!!!!!!!!!!!!!!!!!!!!!!!!!!!!!!!!!!!!!!!!
20240718 015259.438 INFO             PET1 Running with ESMF Version   : v8.7.0b08-5-g631ae04f9a
20240718 015259.438 INFO             PET1 ESMF library build date/time: "Jul 18 2024" "01:31:27"
20240718 015259.438 INFO             PET1 ESMF library build location : /discover/nobackup/projects/sbu/mpotts/esmf-test/gfortran_8.3.0_intelmpi_O_feature_smm_store_search/esmf
20240718 015259.438 INFO             PET1 ESMF_COMM                   : intelmpi
20240718 015259.438 INFO             PET1 ESMF_MOAB                   : enabled
20240718 015259.438 INFO             PET1 ESMF_LAPACK                 : enabled
20240718 015259.438 INFO             PET1 ESMF_NETCDF                 : disabled
20240718 015259.438 INFO             PET1 ESMF_PNETCDF                : disabled
20240718 015259.438 INFO             PET1 ESMF_PIO                    : disabled
20240718 015259.438 INFO             PET1 ESMF_YAMLCPP                : enabled
20240718 015259.466 DEBUG            PET1 about to destroy Grid: 0x12f70a0
20240718 015259.469 DEBUG            PET1 about to destroy Grid: 0x12f7ff0
20240718 015259.477 INFO             PET1  NUMBER_OF_PROCESSORS           4
20240718 015259.477 INFO             PET1  PASS  Example ESMF_NUOPCAtmModelEx, ESMF_NUOPCAtmModelEx.F90, line 806
20240718 015259.477 INFO             PET1  Finalizing ESMF
20240718 015259.438 INFO             PET2 !!!!!!!!!!!!!!!!!!!!!!!!!!!!!!!!!!!!!!!!!!!!!!!!!!!!!!
20240718 015259.438 INFO             PET2 !!! THE ESMF_LOG IS SET TO OUTPUT ALL LOG MESSAGES !!!
20240718 015259.438 INFO             PET2 !!!     THIS MAY CAUSE SLOWDOWN IN PERFORMANCE     !!!
20240718 015259.438 INFO             PET2 !!! FOR PRODUCTION RUNS, USE:                      !!!
20240718 015259.438 INFO             PET2 !!!                   ESMF_LOGKIND_Multi_On_Error  !!!
20240718 015259.438 INFO             PET2 !!!!!!!!!!!!!!!!!!!!!!!!!!!!!!!!!!!!!!!!!!!!!!!!!!!!!!
20240718 015259.438 INFO             PET2 Running with ESMF Version   : v8.7.0b08-5-g631ae04f9a
20240718 015259.438 INFO             PET2 ESMF library build date/time: "Jul 18 2024" "01:31:27"
20240718 015259.438 INFO             PET2 ESMF library build location : /discover/nobackup/projects/sbu/mpotts/esmf-test/gfortran_8.3.0_intelmpi_O_feature_smm_store_search/esmf
20240718 015259.438 INFO             PET2 ESMF_COMM                   : intelmpi
20240718 015259.438 INFO             PET2 ESMF_MOAB                   : enabled
20240718 015259.438 INFO             PET2 ESMF_LAPACK                 : enabled
20240718 015259.438 INFO             PET2 ESMF_NETCDF                 : disabled
20240718 015259.438 INFO             PET2 ESMF_PNETCDF                : disabled
20240718 015259.438 INFO             PET2 ESMF_PIO                    : disabled
20240718 015259.438 INFO             PET2 ESMF_YAMLCPP                : enabled
20240718 015259.466 DEBUG            PET2 about to destroy Grid: 0x911ab0
20240718 015259.469 DEBUG            PET2 about to destroy Grid: 0x912790
20240718 015259.477 INFO             PET2  NUMBER_OF_PROCESSORS           4
20240718 015259.477 INFO             PET2  PASS  Example ESMF_NUOPCAtmModelEx, ESMF_NUOPCAtmModelEx.F90, line 806
20240718 015259.477 INFO             PET2  Finalizing ESMF
20240718 015259.438 INFO             PET3 !!!!!!!!!!!!!!!!!!!!!!!!!!!!!!!!!!!!!!!!!!!!!!!!!!!!!!
20240718 015259.438 INFO             PET3 !!! THE ESMF_LOG IS SET TO OUTPUT ALL LOG MESSAGES !!!
20240718 015259.438 INFO             PET3 !!!     THIS MAY CAUSE SLOWDOWN IN PERFORMANCE     !!!
20240718 015259.438 INFO             PET3 !!! FOR PRODUCTION RUNS, USE:                      !!!
20240718 015259.438 INFO             PET3 !!!                   ESMF_LOGKIND_Multi_On_Error  !!!
20240718 015259.438 INFO             PET3 !!!!!!!!!!!!!!!!!!!!!!!!!!!!!!!!!!!!!!!!!!!!!!!!!!!!!!
20240718 015259.438 INFO             PET3 Running with ESMF Version   : v8.7.0b08-5-g631ae04f9a
20240718 015259.438 INFO             PET3 ESMF library build date/time: "Jul 18 2024" "01:31:27"
20240718 015259.438 INFO             PET3 ESMF library build location : /discover/nobackup/projects/sbu/mpotts/esmf-test/gfortran_8.3.0_intelmpi_O_feature_smm_store_search/esmf
20240718 015259.438 INFO             PET3 ESMF_COMM                   : intelmpi
20240718 015259.438 INFO             PET3 ESMF_MOAB                   : enabled
20240718 015259.438 INFO             PET3 ESMF_LAPACK                 : enabled
20240718 015259.438 INFO             PET3 ESMF_NETCDF                 : disabled
20240718 015259.438 INFO             PET3 ESMF_PNETCDF                : disabled
20240718 015259.438 INFO             PET3 ESMF_PIO                    : disabled
20240718 015259.438 INFO             PET3 ESMF_YAMLCPP                : enabled
20240718 015259.466 DEBUG            PET3 about to destroy Grid: 0xf31820
20240718 015259.469 DEBUG            PET3 about to destroy Grid: 0xf32630
20240718 015259.477 INFO             PET3  NUMBER_OF_PROCESSORS           4
20240718 015259.477 INFO             PET3  PASS  Example ESMF_NUOPCAtmModelEx, ESMF_NUOPCAtmModelEx.F90, line 806
20240718 015259.477 INFO             PET3  Finalizing ESMF
