2024-06-22 01:18:06
20240622 014729.559 INFO             PET0 !!!!!!!!!!!!!!!!!!!!!!!!!!!!!!!!!!!!!!!!!!!!!!!!!!!!!!
20240622 014729.559 INFO             PET0 !!! THE ESMF_LOG IS SET TO OUTPUT ALL LOG MESSAGES !!!
20240622 014729.559 INFO             PET0 !!!     THIS MAY CAUSE SLOWDOWN IN PERFORMANCE     !!!
20240622 014729.559 INFO             PET0 !!! FOR PRODUCTION RUNS, USE:                      !!!
20240622 014729.559 INFO             PET0 !!!                   ESMF_LOGKIND_Multi_On_Error  !!!
20240622 014729.559 INFO             PET0 !!!!!!!!!!!!!!!!!!!!!!!!!!!!!!!!!!!!!!!!!!!!!!!!!!!!!!
20240622 014729.559 INFO             PET0 Running with ESMF Version   : v8.7.0b07-2-ga1ccd5de8a
20240622 014729.559 INFO             PET0 ESMF library build date/time: "Jun 22 2024" "01:16:36"
20240622 014729.559 INFO             PET0 ESMF library build location : /discover/nobackup/projects/sbu/mpotts/esmf-test/intel_19.1.3_intelmpi_g_develop/esmf
20240622 014729.559 INFO             PET0 ESMF_COMM                   : intelmpi
20240622 014729.559 INFO             PET0 ESMF_MOAB                   : enabled
20240622 014729.559 INFO             PET0 ESMF_LAPACK                 : enabled
20240622 014729.559 INFO             PET0 ESMF_NETCDF                 : enabled
20240622 014729.559 INFO             PET0 ESMF_PNETCDF                : disabled
20240622 014729.559 INFO             PET0 ESMF_PIO                    : enabled
20240622 014729.559 INFO             PET0 ESMF_YAMLCPP                : enabled
20240622 014729.560 INFO             PET0  NUMBER_OF_PROCESSORS           1
20240622 014729.560 INFO             PET0  PASS  Example CalendarEx, ESMF_CalendarEx.F90, line 217
20240622 014729.560 INFO             PET0  Finalizing ESMF
