2024-06-06 04:05:56
20240606 043425.971 INFO             PET0 !!!!!!!!!!!!!!!!!!!!!!!!!!!!!!!!!!!!!!!!!!!!!!!!!!!!!!
20240606 043425.971 INFO             PET0 !!! THE ESMF_LOG IS SET TO OUTPUT ALL LOG MESSAGES !!!
20240606 043425.971 INFO             PET0 !!!     THIS MAY CAUSE SLOWDOWN IN PERFORMANCE     !!!
20240606 043425.971 INFO             PET0 !!! FOR PRODUCTION RUNS, USE:                      !!!
20240606 043425.971 INFO             PET0 !!!                   ESMF_LOGKIND_Multi_On_Error  !!!
20240606 043425.971 INFO             PET0 !!!!!!!!!!!!!!!!!!!!!!!!!!!!!!!!!!!!!!!!!!!!!!!!!!!!!!
20240606 043425.971 INFO             PET0 Running with ESMF Version   : v8.7.0b06-37-g31f880616f
20240606 043425.971 INFO             PET0 ESMF library build date/time: "Jun  6 2024" "04:04:29"
20240606 043425.971 INFO             PET0 ESMF library build location : /discover/nobackup/projects/sbu/mpotts/esmf-test/intel_19.1.3_intelmpi_g_develop/esmf
20240606 043425.971 INFO             PET0 ESMF_COMM                   : intelmpi
20240606 043425.972 INFO             PET0 ESMF_MOAB                   : enabled
20240606 043425.972 INFO             PET0 ESMF_LAPACK                 : enabled
20240606 043425.972 INFO             PET0 ESMF_NETCDF                 : enabled
20240606 043425.972 INFO             PET0 ESMF_PNETCDF                : disabled
20240606 043425.972 INFO             PET0 ESMF_PIO                    : enabled
20240606 043425.972 INFO             PET0 ESMF_YAMLCPP                : enabled
20240606 043426.238 INFO             PET0  NUMBER_OF_PROCESSORS           4
20240606 043426.238 INFO             PET0  PASS  Example ESMF_FieldRegridMaskEx, ESMF_FieldRegridMaskEx.F90, line 370
20240606 043426.238 INFO             PET0  Finalizing ESMF
20240606 043425.972 INFO             PET1 !!!!!!!!!!!!!!!!!!!!!!!!!!!!!!!!!!!!!!!!!!!!!!!!!!!!!!
20240606 043425.972 INFO             PET1 !!! THE ESMF_LOG IS SET TO OUTPUT ALL LOG MESSAGES !!!
20240606 043425.972 INFO             PET1 !!!     THIS MAY CAUSE SLOWDOWN IN PERFORMANCE     !!!
20240606 043425.972 INFO             PET1 !!! FOR PRODUCTION RUNS, USE:                      !!!
20240606 043425.972 INFO             PET1 !!!                   ESMF_LOGKIND_Multi_On_Error  !!!
20240606 043425.972 INFO             PET1 !!!!!!!!!!!!!!!!!!!!!!!!!!!!!!!!!!!!!!!!!!!!!!!!!!!!!!
20240606 043425.972 INFO             PET1 Running with ESMF Version   : v8.7.0b06-37-g31f880616f
20240606 043425.972 INFO             PET1 ESMF library build date/time: "Jun  6 2024" "04:04:29"
20240606 043425.972 INFO             PET1 ESMF library build location : /discover/nobackup/projects/sbu/mpotts/esmf-test/intel_19.1.3_intelmpi_g_develop/esmf
20240606 043425.972 INFO             PET1 ESMF_COMM                   : intelmpi
20240606 043425.972 INFO             PET1 ESMF_MOAB                   : enabled
20240606 043425.972 INFO             PET1 ESMF_LAPACK                 : enabled
20240606 043425.972 INFO             PET1 ESMF_NETCDF                 : enabled
20240606 043425.972 INFO             PET1 ESMF_PNETCDF                : disabled
20240606 043425.972 INFO             PET1 ESMF_PIO                    : enabled
20240606 043425.972 INFO             PET1 ESMF_YAMLCPP                : enabled
20240606 043426.238 INFO             PET1  NUMBER_OF_PROCESSORS           4
20240606 043426.238 INFO             PET1  PASS  Example ESMF_FieldRegridMaskEx, ESMF_FieldRegridMaskEx.F90, line 370
20240606 043426.238 INFO             PET1  Finalizing ESMF
20240606 043425.971 INFO             PET2 !!!!!!!!!!!!!!!!!!!!!!!!!!!!!!!!!!!!!!!!!!!!!!!!!!!!!!
20240606 043425.971 INFO             PET2 !!! THE ESMF_LOG IS SET TO OUTPUT ALL LOG MESSAGES !!!
20240606 043425.971 INFO             PET2 !!!     THIS MAY CAUSE SLOWDOWN IN PERFORMANCE     !!!
20240606 043425.971 INFO             PET2 !!! FOR PRODUCTION RUNS, USE:                      !!!
20240606 043425.971 INFO             PET2 !!!                   ESMF_LOGKIND_Multi_On_Error  !!!
20240606 043425.971 INFO             PET2 !!!!!!!!!!!!!!!!!!!!!!!!!!!!!!!!!!!!!!!!!!!!!!!!!!!!!!
20240606 043425.971 INFO             PET2 Running with ESMF Version   : v8.7.0b06-37-g31f880616f
20240606 043425.971 INFO             PET2 ESMF library build date/time: "Jun  6 2024" "04:04:29"
20240606 043425.971 INFO             PET2 ESMF library build location : /discover/nobackup/projects/sbu/mpotts/esmf-test/intel_19.1.3_intelmpi_g_develop/esmf
20240606 043425.971 INFO             PET2 ESMF_COMM                   : intelmpi
20240606 043425.972 INFO             PET2 ESMF_MOAB                   : enabled
20240606 043425.972 INFO             PET2 ESMF_LAPACK                 : enabled
20240606 043425.972 INFO             PET2 ESMF_NETCDF                 : enabled
20240606 043425.972 INFO             PET2 ESMF_PNETCDF                : disabled
20240606 043425.972 INFO             PET2 ESMF_PIO                    : enabled
20240606 043425.972 INFO             PET2 ESMF_YAMLCPP                : enabled
20240606 043426.238 INFO             PET2  NUMBER_OF_PROCESSORS           4
20240606 043426.238 INFO             PET2  PASS  Example ESMF_FieldRegridMaskEx, ESMF_FieldRegridMaskEx.F90, line 370
20240606 043426.238 INFO             PET2  Finalizing ESMF
20240606 043425.972 INFO             PET3 !!!!!!!!!!!!!!!!!!!!!!!!!!!!!!!!!!!!!!!!!!!!!!!!!!!!!!
20240606 043425.972 INFO             PET3 !!! THE ESMF_LOG IS SET TO OUTPUT ALL LOG MESSAGES !!!
20240606 043425.972 INFO             PET3 !!!     THIS MAY CAUSE SLOWDOWN IN PERFORMANCE     !!!
20240606 043425.972 INFO             PET3 !!! FOR PRODUCTION RUNS, USE:                      !!!
20240606 043425.972 INFO             PET3 !!!                   ESMF_LOGKIND_Multi_On_Error  !!!
20240606 043425.972 INFO             PET3 !!!!!!!!!!!!!!!!!!!!!!!!!!!!!!!!!!!!!!!!!!!!!!!!!!!!!!
20240606 043425.972 INFO             PET3 Running with ESMF Version   : v8.7.0b06-37-g31f880616f
20240606 043425.972 INFO             PET3 ESMF library build date/time: "Jun  6 2024" "04:04:29"
20240606 043425.973 INFO             PET3 ESMF library build location : /discover/nobackup/projects/sbu/mpotts/esmf-test/intel_19.1.3_intelmpi_g_develop/esmf
20240606 043425.973 INFO             PET3 ESMF_COMM                   : intelmpi
20240606 043425.973 INFO             PET3 ESMF_MOAB                   : enabled
20240606 043425.973 INFO             PET3 ESMF_LAPACK                 : enabled
20240606 043425.973 INFO             PET3 ESMF_NETCDF                 : enabled
20240606 043425.973 INFO             PET3 ESMF_PNETCDF                : disabled
20240606 043425.973 INFO             PET3 ESMF_PIO                    : enabled
20240606 043425.973 INFO             PET3 ESMF_YAMLCPP                : enabled
20240606 043426.238 INFO             PET3  NUMBER_OF_PROCESSORS           4
20240606 043426.238 INFO             PET3  PASS  Example ESMF_FieldRegridMaskEx, ESMF_FieldRegridMaskEx.F90, line 370
20240606 043426.238 INFO             PET3  Finalizing ESMF
