2024-05-28 02:20:37
20240528 025815.309 INFO             PET0 !!!!!!!!!!!!!!!!!!!!!!!!!!!!!!!!!!!!!!!!!!!!!!!!!!!!!!
20240528 025815.309 INFO             PET0 !!! THE ESMF_LOG IS SET TO OUTPUT ALL LOG MESSAGES !!!
20240528 025815.309 INFO             PET0 !!!     THIS MAY CAUSE SLOWDOWN IN PERFORMANCE     !!!
20240528 025815.309 INFO             PET0 !!! FOR PRODUCTION RUNS, USE:                      !!!
20240528 025815.309 INFO             PET0 !!!                   ESMF_LOGKIND_Multi_On_Error  !!!
20240528 025815.309 INFO             PET0 !!!!!!!!!!!!!!!!!!!!!!!!!!!!!!!!!!!!!!!!!!!!!!!!!!!!!!
20240528 025815.309 INFO             PET0 Running with ESMF Version   : v8.7.0b06-6-g5fb1a7b839
20240528 025815.309 INFO             PET0 ESMF library build date/time: "May 28 2024" "02:19:07"
20240528 025815.309 INFO             PET0 ESMF library build location : /discover/nobackup/projects/sbu/mpotts/esmf-test/intel_19.1.3_intelmpi_g_develop/esmf
20240528 025815.309 INFO             PET0 ESMF_COMM                   : intelmpi
20240528 025815.309 INFO             PET0 ESMF_MOAB                   : enabled
20240528 025815.309 INFO             PET0 ESMF_LAPACK                 : enabled
20240528 025815.309 INFO             PET0 ESMF_NETCDF                 : enabled
20240528 025815.309 INFO             PET0 ESMF_PNETCDF                : disabled
20240528 025815.309 INFO             PET0 ESMF_PIO                    : enabled
20240528 025815.309 INFO             PET0 ESMF_YAMLCPP                : enabled
20240528 025815.320 INFO             PET0  NUMBER_OF_PROCESSORS           1
20240528 025815.320 INFO             PET0  PASS  Example ESMF_XGridSparseMatEx, ESMF_XGridSparseMatEx.F90, line 642
20240528 025815.320 INFO             PET0  Finalizing ESMF
