2024-06-24 02:25:05
20240624 032859.840 INFO             PET0 !!!!!!!!!!!!!!!!!!!!!!!!!!!!!!!!!!!!!!!!!!!!!!!!!!!!!!
20240624 032859.840 INFO             PET0 !!! THE ESMF_LOG IS SET TO OUTPUT ALL LOG MESSAGES !!!
20240624 032859.840 INFO             PET0 !!!     THIS MAY CAUSE SLOWDOWN IN PERFORMANCE     !!!
20240624 032859.840 INFO             PET0 !!! FOR PRODUCTION RUNS, USE:                      !!!
20240624 032859.840 INFO             PET0 !!!                   ESMF_LOGKIND_Multi_On_Error  !!!
20240624 032859.840 INFO             PET0 !!!!!!!!!!!!!!!!!!!!!!!!!!!!!!!!!!!!!!!!!!!!!!!!!!!!!!
20240624 032859.840 INFO             PET0 Running with ESMF Version   : v8.7.0b07-2-ga1ccd5de8a
20240624 032859.840 INFO             PET0 ESMF library build date/time: "Jun 24 2024" "02:23:41"
20240624 032859.840 INFO             PET0 ESMF library build location : /discover/nobackup/projects/sbu/mpotts/esmf-test/intel_19.1.3_intelmpi_g_develop/esmf
20240624 032859.840 INFO             PET0 ESMF_COMM                   : intelmpi
20240624 032859.841 INFO             PET0 ESMF_MOAB                   : enabled
20240624 032859.841 INFO             PET0 ESMF_LAPACK                 : enabled
20240624 032859.841 INFO             PET0 ESMF_NETCDF                 : enabled
20240624 032859.841 INFO             PET0 ESMF_PNETCDF                : disabled
20240624 032859.841 INFO             PET0 ESMF_PIO                    : enabled
20240624 032859.841 INFO             PET0 ESMF_YAMLCPP                : enabled
20240624 032859.843 INFO             PET0  NUMBER_OF_PROCESSORS           1
20240624 032859.843 INFO             PET0  PASS  Example ESMF_AlarmEx, ESMF_AlarmEx.F90, line 244
20240624 032859.843 INFO             PET0  Finalizing ESMF
