2024-06-21 02:09:59
20240621 034514.309 INFO             PET0 !!!!!!!!!!!!!!!!!!!!!!!!!!!!!!!!!!!!!!!!!!!!!!!!!!!!!!
20240621 034514.309 INFO             PET0 !!! THE ESMF_LOG IS SET TO OUTPUT ALL LOG MESSAGES !!!
20240621 034514.309 INFO             PET0 !!!     THIS MAY CAUSE SLOWDOWN IN PERFORMANCE     !!!
20240621 034514.309 INFO             PET0 !!! FOR PRODUCTION RUNS, USE:                      !!!
20240621 034514.309 INFO             PET0 !!!                   ESMF_LOGKIND_Multi_On_Error  !!!
20240621 034514.309 INFO             PET0 !!!!!!!!!!!!!!!!!!!!!!!!!!!!!!!!!!!!!!!!!!!!!!!!!!!!!!
20240621 034514.309 INFO             PET0 Running with ESMF Version   : v8.7.0b07-2-ga1ccd5de8a
20240621 034514.309 INFO             PET0 ESMF library build date/time: "Jun 21 2024" "02:08:32"
20240621 034514.309 INFO             PET0 ESMF library build location : /discover/nobackup/projects/sbu/mpotts/esmf-test/intel_19.1.3_intelmpi_g_develop/esmf
20240621 034514.309 INFO             PET0 ESMF_COMM                   : intelmpi
20240621 034514.310 INFO             PET0 ESMF_MOAB                   : enabled
20240621 034514.310 INFO             PET0 ESMF_LAPACK                 : enabled
20240621 034514.310 INFO             PET0 ESMF_NETCDF                 : enabled
20240621 034514.310 INFO             PET0 ESMF_PNETCDF                : disabled
20240621 034514.310 INFO             PET0 ESMF_PIO                    : enabled
20240621 034514.310 INFO             PET0 ESMF_YAMLCPP                : enabled
20240621 034514.312 INFO             PET0  NUMBER_OF_PROCESSORS           4
20240621 034514.312 INFO             PET0  PASS  Example ESMF_VMUserMpiEx, ESMF_VMUserMpiEx.F90, line 96
20240621 034514.312 INFO             PET0  Finalizing ESMF with endflag==ESMF_END_KEEPMPI
20240621 034514.309 INFO             PET1 !!!!!!!!!!!!!!!!!!!!!!!!!!!!!!!!!!!!!!!!!!!!!!!!!!!!!!
20240621 034514.309 INFO             PET1 !!! THE ESMF_LOG IS SET TO OUTPUT ALL LOG MESSAGES !!!
20240621 034514.309 INFO             PET1 !!!     THIS MAY CAUSE SLOWDOWN IN PERFORMANCE     !!!
20240621 034514.309 INFO             PET1 !!! FOR PRODUCTION RUNS, USE:                      !!!
20240621 034514.309 INFO             PET1 !!!                   ESMF_LOGKIND_Multi_On_Error  !!!
20240621 034514.309 INFO             PET1 !!!!!!!!!!!!!!!!!!!!!!!!!!!!!!!!!!!!!!!!!!!!!!!!!!!!!!
20240621 034514.309 INFO             PET1 Running with ESMF Version   : v8.7.0b07-2-ga1ccd5de8a
20240621 034514.309 INFO             PET1 ESMF library build date/time: "Jun 21 2024" "02:08:32"
20240621 034514.309 INFO             PET1 ESMF library build location : /discover/nobackup/projects/sbu/mpotts/esmf-test/intel_19.1.3_intelmpi_g_develop/esmf
20240621 034514.309 INFO             PET1 ESMF_COMM                   : intelmpi
20240621 034514.310 INFO             PET1 ESMF_MOAB                   : enabled
20240621 034514.310 INFO             PET1 ESMF_LAPACK                 : enabled
20240621 034514.310 INFO             PET1 ESMF_NETCDF                 : enabled
20240621 034514.310 INFO             PET1 ESMF_PNETCDF                : disabled
20240621 034514.310 INFO             PET1 ESMF_PIO                    : enabled
20240621 034514.310 INFO             PET1 ESMF_YAMLCPP                : enabled
20240621 034514.312 INFO             PET1  NUMBER_OF_PROCESSORS           4
20240621 034514.312 INFO             PET1  PASS  Example ESMF_VMUserMpiEx, ESMF_VMUserMpiEx.F90, line 96
20240621 034514.312 INFO             PET1  Finalizing ESMF with endflag==ESMF_END_KEEPMPI
20240621 034514.310 INFO             PET2 !!!!!!!!!!!!!!!!!!!!!!!!!!!!!!!!!!!!!!!!!!!!!!!!!!!!!!
20240621 034514.310 INFO             PET2 !!! THE ESMF_LOG IS SET TO OUTPUT ALL LOG MESSAGES !!!
20240621 034514.310 INFO             PET2 !!!     THIS MAY CAUSE SLOWDOWN IN PERFORMANCE     !!!
20240621 034514.310 INFO             PET2 !!! FOR PRODUCTION RUNS, USE:                      !!!
20240621 034514.310 INFO             PET2 !!!                   ESMF_LOGKIND_Multi_On_Error  !!!
20240621 034514.310 INFO             PET2 !!!!!!!!!!!!!!!!!!!!!!!!!!!!!!!!!!!!!!!!!!!!!!!!!!!!!!
20240621 034514.310 INFO             PET2 Running with ESMF Version   : v8.7.0b07-2-ga1ccd5de8a
20240621 034514.310 INFO             PET2 ESMF library build date/time: "Jun 21 2024" "02:08:32"
20240621 034514.310 INFO             PET2 ESMF library build location : /discover/nobackup/projects/sbu/mpotts/esmf-test/intel_19.1.3_intelmpi_g_develop/esmf
20240621 034514.310 INFO             PET2 ESMF_COMM                   : intelmpi
20240621 034514.311 INFO             PET2 ESMF_MOAB                   : enabled
20240621 034514.311 INFO             PET2 ESMF_LAPACK                 : enabled
20240621 034514.311 INFO             PET2 ESMF_NETCDF                 : enabled
20240621 034514.311 INFO             PET2 ESMF_PNETCDF                : disabled
20240621 034514.311 INFO             PET2 ESMF_PIO                    : enabled
20240621 034514.311 INFO             PET2 ESMF_YAMLCPP                : enabled
20240621 034514.312 INFO             PET2  NUMBER_OF_PROCESSORS           4
20240621 034514.312 INFO             PET2  PASS  Example ESMF_VMUserMpiEx, ESMF_VMUserMpiEx.F90, line 96
20240621 034514.312 INFO             PET2  Finalizing ESMF with endflag==ESMF_END_KEEPMPI
20240621 034514.312 INFO             PET3 !!!!!!!!!!!!!!!!!!!!!!!!!!!!!!!!!!!!!!!!!!!!!!!!!!!!!!
20240621 034514.312 INFO             PET3 !!! THE ESMF_LOG IS SET TO OUTPUT ALL LOG MESSAGES !!!
20240621 034514.312 INFO             PET3 !!!     THIS MAY CAUSE SLOWDOWN IN PERFORMANCE     !!!
20240621 034514.312 INFO             PET3 !!! FOR PRODUCTION RUNS, USE:                      !!!
20240621 034514.312 INFO             PET3 !!!                   ESMF_LOGKIND_Multi_On_Error  !!!
20240621 034514.312 INFO             PET3 !!!!!!!!!!!!!!!!!!!!!!!!!!!!!!!!!!!!!!!!!!!!!!!!!!!!!!
20240621 034514.312 INFO             PET3 Running with ESMF Version   : v8.7.0b07-2-ga1ccd5de8a
20240621 034514.312 INFO             PET3 ESMF library build date/time: "Jun 21 2024" "02:08:32"
20240621 034514.312 INFO             PET3 ESMF library build location : /discover/nobackup/projects/sbu/mpotts/esmf-test/intel_19.1.3_intelmpi_g_develop/esmf
20240621 034514.312 INFO             PET3 ESMF_COMM                   : intelmpi
20240621 034514.312 INFO             PET3 ESMF_MOAB                   : enabled
20240621 034514.312 INFO             PET3 ESMF_LAPACK                 : enabled
20240621 034514.312 INFO             PET3 ESMF_NETCDF                 : enabled
20240621 034514.312 INFO             PET3 ESMF_PNETCDF                : disabled
20240621 034514.312 INFO             PET3 ESMF_PIO                    : enabled
20240621 034514.312 INFO             PET3 ESMF_YAMLCPP                : enabled
20240621 034514.312 INFO             PET3  NUMBER_OF_PROCESSORS           4
20240621 034514.312 INFO             PET3  PASS  Example ESMF_VMUserMpiEx, ESMF_VMUserMpiEx.F90, line 96
20240621 034514.312 INFO             PET3  Finalizing ESMF with endflag==ESMF_END_KEEPMPI
