2024-07-17 01:43:13
20240717 022453.868 INFO             PET0 !!!!!!!!!!!!!!!!!!!!!!!!!!!!!!!!!!!!!!!!!!!!!!!!!!!!!!
20240717 022453.868 INFO             PET0 !!! THE ESMF_LOG IS SET TO OUTPUT ALL LOG MESSAGES !!!
20240717 022453.868 INFO             PET0 !!!     THIS MAY CAUSE SLOWDOWN IN PERFORMANCE     !!!
20240717 022453.868 INFO             PET0 !!! FOR PRODUCTION RUNS, USE:                      !!!
20240717 022453.868 INFO             PET0 !!!                   ESMF_LOGKIND_Multi_On_Error  !!!
20240717 022453.868 INFO             PET0 !!!!!!!!!!!!!!!!!!!!!!!!!!!!!!!!!!!!!!!!!!!!!!!!!!!!!!
20240717 022453.868 INFO             PET0 Running with ESMF Version   : v8.7.0b08-15-g7133ea3e40
20240717 022453.868 INFO             PET0 ESMF library build date/time: "Jul 17 2024" "01:41:27"
20240717 022453.868 INFO             PET0 ESMF library build location : /discover/nobackup/projects/sbu/mpotts/esmf-test/intel_19.1.3_intelmpi_g_develop/esmf
20240717 022453.868 INFO             PET0 ESMF_COMM                   : intelmpi
20240717 022453.868 INFO             PET0 ESMF_MOAB                   : enabled
20240717 022453.868 INFO             PET0 ESMF_LAPACK                 : enabled
20240717 022453.868 INFO             PET0 ESMF_NETCDF                 : enabled
20240717 022453.868 INFO             PET0 ESMF_PNETCDF                : disabled
20240717 022453.868 INFO             PET0 ESMF_PIO                    : enabled
20240717 022453.868 INFO             PET0 ESMF_YAMLCPP                : enabled
20240717 022453.956 INFO             PET0 AsString: 1
20240717 022453.956 INFO             PET0 asOkay:  T valueI4:          1
20240717 022453.956 INFO             PET0 asOkay:  T valueI8:          1
20240717 022453.956 INFO             PET0 asOkay:  T valueR4:   1.000000
20240717 022453.956 INFO             PET0 asOkay:  T valueR8:   1.000000
20240717 022453.956 INFO             PET0 asOkay:  F valueL:           F
20240717 022453.956 INFO             PET0 AsString: 2
20240717 022453.956 INFO             PET0 asOkay:  T valueI4:          2
20240717 022453.956 INFO             PET0 asOkay:  T valueI8:          2
20240717 022453.956 INFO             PET0 asOkay:  T valueR4:   2.000000
20240717 022453.956 INFO             PET0 asOkay:  T valueR8:   2.000000
20240717 022453.956 INFO             PET0 asOkay:  F valueL:           F
20240717 022453.956 INFO             PET0 AsString: 3
20240717 022453.956 INFO             PET0 asOkay:  T valueI4:          3
20240717 022453.956 INFO             PET0 asOkay:  T valueI8:          3
20240717 022453.956 INFO             PET0 asOkay:  T valueR4:   3.000000
20240717 022453.956 INFO             PET0 asOkay:  T valueR8:   3.000000
20240717 022453.956 INFO             PET0 asOkay:  F valueL:           F
20240717 022453.956 INFO             PET0 AsString: abc
20240717 022453.956 INFO             PET0 asOkay:  F valueI4:          0
20240717 022453.956 INFO             PET0 asOkay:  F valueI8:          0
20240717 022453.956 INFO             PET0 asOkay:  F valueR4:   0.000000
20240717 022453.956 INFO             PET0 asOkay:  F valueR8:   0.000000
20240717 022453.956 INFO             PET0 asOkay:  F valueL:           F
20240717 022453.956 INFO             PET0 AsString: b
20240717 022453.956 INFO             PET0 asOkay:  F valueI4:          0
20240717 022453.956 INFO             PET0 asOkay:  F valueI8:          0
20240717 022453.956 INFO             PET0 asOkay:  F valueR4:   0.000000
20240717 022453.956 INFO             PET0 asOkay:  F valueR8:   0.000000
20240717 022453.956 INFO             PET0 asOkay:  F valueL:           F
20240717 022453.956 INFO             PET0 AsString: TRUE
20240717 022453.956 INFO             PET0 asOkay:  F valueI4:          0
20240717 022453.956 INFO             PET0 asOkay:  F valueI8:          0
20240717 022453.956 INFO             PET0 asOkay:  F valueR4:   0.000000
20240717 022453.956 INFO             PET0 asOkay:  F valueR8:   0.000000
20240717 022453.956 INFO             PET0 asOkay:  T valueL:           T
20240717 022453.956 INFO             PET0 AsString: TRUE
20240717 022453.956 INFO             PET0 asOkay:  F valueI4:          0
20240717 022453.956 INFO             PET0 asOkay:  F valueI8:          0
20240717 022453.956 INFO             PET0 asOkay:  F valueR4:   0.000000
20240717 022453.957 INFO             PET0 asOkay:  F valueR8:   0.000000
20240717 022453.957 INFO             PET0 asOkay:  T valueL:           T
20240717 022453.957 INFO             PET0 AsString: b
20240717 022453.957 INFO             PET0 asOkay:  F valueI4:          0
20240717 022453.957 INFO             PET0 asOkay:  F valueI8:          0
20240717 022453.957 INFO             PET0 asOkay:  F valueR4:   0.000000
20240717 022453.957 INFO             PET0 asOkay:  F valueR8:   0.000000
20240717 022453.957 INFO             PET0 asOkay:  F valueL:           F
20240717 022453.957 INFO             PET0 AsString: abc
20240717 022453.957 INFO             PET0 asOkay:  F valueI4:          0
20240717 022453.957 INFO             PET0 asOkay:  F valueI8:          0
20240717 022453.957 INFO             PET0 asOkay:  F valueR4:   0.000000
20240717 022453.957 INFO             PET0 asOkay:  F valueR8:   0.000000
20240717 022453.958 INFO             PET0 asOkay:  F valueL:           F
20240717 022453.958 INFO             PET0 AsString: 3
20240717 022453.958 INFO             PET0 asOkay:  T valueI4:          3
20240717 022453.958 INFO             PET0 asOkay:  T valueI8:          3
20240717 022453.958 INFO             PET0 asOkay:  T valueR4:   3.000000
20240717 022453.958 INFO             PET0 asOkay:  T valueR8:   3.000000
20240717 022453.958 INFO             PET0 asOkay:  F valueL:           F
20240717 022453.958 INFO             PET0 AsString: 2
20240717 022453.958 INFO             PET0 asOkay:  T valueI4:          2
20240717 022453.958 INFO             PET0 asOkay:  T valueI8:          2
20240717 022453.958 INFO             PET0 asOkay:  T valueR4:   2.000000
20240717 022453.958 INFO             PET0 asOkay:  T valueR8:   2.000000
20240717 022453.958 INFO             PET0 asOkay:  F valueL:           F
20240717 022453.958 INFO             PET0 AsString: 1
20240717 022453.958 INFO             PET0 asOkay:  T valueI4:          1
20240717 022453.958 INFO             PET0 asOkay:  T valueI8:          1
20240717 022453.958 INFO             PET0 asOkay:  T valueR4:   1.000000
20240717 022453.958 INFO             PET0 asOkay:  T valueR8:   1.000000
20240717 022453.958 INFO             PET0 asOkay:  F valueL:           F
20240717 022453.958 INFO             PET0 map key=car map value: AsString: red
20240717 022453.958 INFO             PET0 map key=       car map value: asOkay:  F valueI4:          0
20240717 022453.958 INFO             PET0 map key=       car map value: asOkay:  F valueI8:          0
20240717 022453.958 INFO             PET0 map key=       car map value: asOkay:  F valueR4:   0.000000
20240717 022453.958 INFO             PET0 map key=       car map value: asOkay:  F valueR8:   0.000000
20240717 022453.958 INFO             PET0 map key=       car map value: asOkay:  F valueL:          F
20240717 022453.958 INFO             PET0 map key=bike map value: AsString: 22
20240717 022453.958 INFO             PET0 map key=      bike map value: asOkay:  T valueI4:         22
20240717 022453.958 INFO             PET0 map key=      bike map value: asOkay:  T valueI8:         22
20240717 022453.958 INFO             PET0 map key=      bike map value: asOkay:  T valueR4:  22.000000
20240717 022453.958 INFO             PET0 map key=      bike map value: asOkay:  T valueR8:  22.000000
20240717 022453.958 INFO             PET0 map key=      bike map value: asOkay:  F valueL:          F
20240717 022453.958 INFO             PET0 map key=plane map value: AsString: TRUE
20240717 022453.959 INFO             PET0 map key=     plane map value: asOkay:  F valueI4:          0
20240717 022453.959 INFO             PET0 map key=     plane map value: asOkay:  F valueI8:          0
20240717 022453.959 INFO             PET0 map key=     plane map value: asOkay:  F valueR4:   0.000000
20240717 022453.959 INFO             PET0 map key=     plane map value: asOkay:  F valueR8:   0.000000
20240717 022453.959 INFO             PET0 map key=     plane map value: asOkay:  T valueL:          T
20240717 022453.959 INFO             PET0 map key=bike map value: AsString: 22
20240717 022453.959 INFO             PET0 map key=      bike map value: asOkay:  T valueI4:         22
20240717 022453.959 INFO             PET0 map key=      bike map value: asOkay:  T valueI8:         22
20240717 022453.959 INFO             PET0 map key=      bike map value: asOkay:  T valueR4:  22.000000
20240717 022453.959 INFO             PET0 map key=      bike map value: asOkay:  T valueR8:  22.000000
20240717 022453.959 INFO             PET0 map key=      bike map value: asOkay:  F valueL:          F
20240717 022453.960 INFO             PET0 map key=plane map value: AsString: TRUE
20240717 022453.960 INFO             PET0 map key=     plane map value: asOkay:  F valueI4:          0
20240717 022453.960 INFO             PET0 map key=     plane map value: asOkay:  F valueI8:          0
20240717 022453.960 INFO             PET0 map key=     plane map value: asOkay:  F valueR4:   0.000000
20240717 022453.960 INFO             PET0 map key=     plane map value: asOkay:  F valueR8:   0.000000
20240717 022453.960 INFO             PET0 map key=     plane map value: asOkay:  T valueL:          T
20240717 022453.960 INFO             PET0 map key=car map value: AsString: red
20240717 022453.960 INFO             PET0 map key=       car map value: asOkay:  F valueI4:          0
20240717 022453.960 INFO             PET0 map key=       car map value: asOkay:  F valueI8:          0
20240717 022453.961 INFO             PET0 map key=       car map value: asOkay:  F valueR4:   0.000000
20240717 022453.961 INFO             PET0 map key=       car map value: asOkay:  F valueR8:   0.000000
20240717 022453.961 INFO             PET0 map key=       car map value: asOkay:  F valueL:          F
20240717 022453.963 INFO             PET0 HConfig from Config IsDefined:  T
20240717 022453.963 INFO             PET0 HConfig from Config IsNull:  F
20240717 022453.963 INFO             PET0 HConfig from Config IsSequence:  F
20240717 022453.963 INFO             PET0 HConfig from Config IsMap:  T
20240717 022453.971 INFO             PET0 Empty HConfig tag:               tag:yaml.org,2002:null
20240717 022453.972 INFO             PET0 value_ten HConfig tag:          tag:yaml.org,2002:null
20240717 022453.973 INFO             PET0 value_eleven HConfig tag:          tag:yaml.org,2002:null
20240717 022453.973 INFO             PET0 Top level HConfig tag:          tag:yaml.org,2002:map
20240717 022453.973 INFO             PET0 value_two HConfig tag:           tag:yaml.org,2002:seq
20240717 022453.973 INFO             PET0 first key HConfig tag:           tag:yaml.org,2002:str
20240717 022453.973 INFO             PET0 value_three HConfig tag:           tag:yaml.org,2002:int
20240717 022453.973 INFO             PET0 value_nine HConfig tag:           tag:yaml.org,2002:int
20240717 022453.973 INFO             PET0 value_five HConfig tag:           tag:yaml.org,2002:float
20240717 022453.973 INFO             PET0 value_seven HConfig tag:            tag:yaml.org,2002:bool
20240717 022453.973 INFO             PET0 value_four HConfig tag:           tag:yaml.org,2002:float
20240717 022453.973 INFO             PET0 value_six HConfig tag:             tag:yaml.org,2002:str
20240717 022453.974 INFO             PET0 value_eight HConfig tag:             tag:yaml.org,2002:str
20240717 022453.974 INFO             PET0 value_twelve HConfig tag:                          !myStuff
20240717 022453.991 INFO             PET0 docCount:        3
20240717 022453.994 INFO             PET0 valueI4Seq:        1       2       3
20240717 022453.994 INFO             PET0 asOkay for Logical:  F
20240717 022453.994 INFO             PET0 asOkay for String:  T
20240717 022453.994 INFO             PET0 valueSSeq: 1         2         3
20240717 022453.998 INFO             PET0  NUMBER_OF_PROCESSORS           4
20240717 022453.998 INFO             PET0  PASS  Example ESMF_HConfigEx, ESMF_HConfigEx.F90, line 1803
20240717 022453.998 INFO             PET0  Finalizing ESMF
20240717 022453.867 INFO             PET1 !!!!!!!!!!!!!!!!!!!!!!!!!!!!!!!!!!!!!!!!!!!!!!!!!!!!!!
20240717 022453.867 INFO             PET1 !!! THE ESMF_LOG IS SET TO OUTPUT ALL LOG MESSAGES !!!
20240717 022453.867 INFO             PET1 !!!     THIS MAY CAUSE SLOWDOWN IN PERFORMANCE     !!!
20240717 022453.867 INFO             PET1 !!! FOR PRODUCTION RUNS, USE:                      !!!
20240717 022453.867 INFO             PET1 !!!                   ESMF_LOGKIND_Multi_On_Error  !!!
20240717 022453.867 INFO             PET1 !!!!!!!!!!!!!!!!!!!!!!!!!!!!!!!!!!!!!!!!!!!!!!!!!!!!!!
20240717 022453.867 INFO             PET1 Running with ESMF Version   : v8.7.0b08-15-g7133ea3e40
20240717 022453.867 INFO             PET1 ESMF library build date/time: "Jul 17 2024" "01:41:27"
20240717 022453.867 INFO             PET1 ESMF library build location : /discover/nobackup/projects/sbu/mpotts/esmf-test/intel_19.1.3_intelmpi_g_develop/esmf
20240717 022453.867 INFO             PET1 ESMF_COMM                   : intelmpi
20240717 022453.868 INFO             PET1 ESMF_MOAB                   : enabled
20240717 022453.868 INFO             PET1 ESMF_LAPACK                 : enabled
20240717 022453.868 INFO             PET1 ESMF_NETCDF                 : enabled
20240717 022453.868 INFO             PET1 ESMF_PNETCDF                : disabled
20240717 022453.868 INFO             PET1 ESMF_PIO                    : enabled
20240717 022453.868 INFO             PET1 ESMF_YAMLCPP                : enabled
20240717 022453.956 INFO             PET1 AsString: 1
20240717 022453.956 INFO             PET1 asOkay:  T valueI4:          1
20240717 022453.956 INFO             PET1 asOkay:  T valueI8:          1
20240717 022453.956 INFO             PET1 asOkay:  T valueR4:   1.000000
20240717 022453.956 INFO             PET1 asOkay:  T valueR8:   1.000000
20240717 022453.956 INFO             PET1 asOkay:  F valueL:           F
20240717 022453.956 INFO             PET1 AsString: 2
20240717 022453.956 INFO             PET1 asOkay:  T valueI4:          2
20240717 022453.956 INFO             PET1 asOkay:  T valueI8:          2
20240717 022453.956 INFO             PET1 asOkay:  T valueR4:   2.000000
20240717 022453.956 INFO             PET1 asOkay:  T valueR8:   2.000000
20240717 022453.956 INFO             PET1 asOkay:  F valueL:           F
20240717 022453.956 INFO             PET1 AsString: 3
20240717 022453.956 INFO             PET1 asOkay:  T valueI4:          3
20240717 022453.956 INFO             PET1 asOkay:  T valueI8:          3
20240717 022453.956 INFO             PET1 asOkay:  T valueR4:   3.000000
20240717 022453.956 INFO             PET1 asOkay:  T valueR8:   3.000000
20240717 022453.956 INFO             PET1 asOkay:  F valueL:           F
20240717 022453.956 INFO             PET1 AsString: abc
20240717 022453.956 INFO             PET1 asOkay:  F valueI4:          0
20240717 022453.956 INFO             PET1 asOkay:  F valueI8:          0
20240717 022453.956 INFO             PET1 asOkay:  F valueR4:   0.000000
20240717 022453.956 INFO             PET1 asOkay:  F valueR8:   0.000000
20240717 022453.956 INFO             PET1 asOkay:  F valueL:           F
20240717 022453.956 INFO             PET1 AsString: b
20240717 022453.956 INFO             PET1 asOkay:  F valueI4:          0
20240717 022453.956 INFO             PET1 asOkay:  F valueI8:          0
20240717 022453.956 INFO             PET1 asOkay:  F valueR4:   0.000000
20240717 022453.956 INFO             PET1 asOkay:  F valueR8:   0.000000
20240717 022453.956 INFO             PET1 asOkay:  F valueL:           F
20240717 022453.956 INFO             PET1 AsString: TRUE
20240717 022453.956 INFO             PET1 asOkay:  F valueI4:          0
20240717 022453.956 INFO             PET1 asOkay:  F valueI8:          0
20240717 022453.956 INFO             PET1 asOkay:  F valueR4:   0.000000
20240717 022453.956 INFO             PET1 asOkay:  F valueR8:   0.000000
20240717 022453.956 INFO             PET1 asOkay:  T valueL:           T
20240717 022453.956 INFO             PET1 AsString: TRUE
20240717 022453.956 INFO             PET1 asOkay:  F valueI4:          0
20240717 022453.956 INFO             PET1 asOkay:  F valueI8:          0
20240717 022453.956 INFO             PET1 asOkay:  F valueR4:   0.000000
20240717 022453.957 INFO             PET1 asOkay:  F valueR8:   0.000000
20240717 022453.957 INFO             PET1 asOkay:  T valueL:           T
20240717 022453.958 INFO             PET1 AsString: b
20240717 022453.958 INFO             PET1 asOkay:  F valueI4:          0
20240717 022453.958 INFO             PET1 asOkay:  F valueI8:          0
20240717 022453.958 INFO             PET1 asOkay:  F valueR4:   0.000000
20240717 022453.958 INFO             PET1 asOkay:  F valueR8:   0.000000
20240717 022453.958 INFO             PET1 asOkay:  F valueL:           F
20240717 022453.958 INFO             PET1 AsString: abc
20240717 022453.958 INFO             PET1 asOkay:  F valueI4:          0
20240717 022453.958 INFO             PET1 asOkay:  F valueI8:          0
20240717 022453.958 INFO             PET1 asOkay:  F valueR4:   0.000000
20240717 022453.958 INFO             PET1 asOkay:  F valueR8:   0.000000
20240717 022453.958 INFO             PET1 asOkay:  F valueL:           F
20240717 022453.958 INFO             PET1 AsString: 3
20240717 022453.958 INFO             PET1 asOkay:  T valueI4:          3
20240717 022453.958 INFO             PET1 asOkay:  T valueI8:          3
20240717 022453.958 INFO             PET1 asOkay:  T valueR4:   3.000000
20240717 022453.958 INFO             PET1 asOkay:  T valueR8:   3.000000
20240717 022453.958 INFO             PET1 asOkay:  F valueL:           F
20240717 022453.958 INFO             PET1 AsString: 2
20240717 022453.958 INFO             PET1 asOkay:  T valueI4:          2
20240717 022453.958 INFO             PET1 asOkay:  T valueI8:          2
20240717 022453.958 INFO             PET1 asOkay:  T valueR4:   2.000000
20240717 022453.958 INFO             PET1 asOkay:  T valueR8:   2.000000
20240717 022453.958 INFO             PET1 asOkay:  F valueL:           F
20240717 022453.958 INFO             PET1 AsString: 1
20240717 022453.958 INFO             PET1 asOkay:  T valueI4:          1
20240717 022453.958 INFO             PET1 asOkay:  T valueI8:          1
20240717 022453.958 INFO             PET1 asOkay:  T valueR4:   1.000000
20240717 022453.958 INFO             PET1 asOkay:  T valueR8:   1.000000
20240717 022453.958 INFO             PET1 asOkay:  F valueL:           F
20240717 022453.958 INFO             PET1 map key=car map value: AsString: red
20240717 022453.958 INFO             PET1 map key=       car map value: asOkay:  F valueI4:          0
20240717 022453.958 INFO             PET1 map key=       car map value: asOkay:  F valueI8:          0
20240717 022453.958 INFO             PET1 map key=       car map value: asOkay:  F valueR4:   0.000000
20240717 022453.958 INFO             PET1 map key=       car map value: asOkay:  F valueR8:   0.000000
20240717 022453.958 INFO             PET1 map key=       car map value: asOkay:  F valueL:          F
20240717 022453.958 INFO             PET1 map key=bike map value: AsString: 22
20240717 022453.958 INFO             PET1 map key=      bike map value: asOkay:  T valueI4:         22
20240717 022453.958 INFO             PET1 map key=      bike map value: asOkay:  T valueI8:         22
20240717 022453.958 INFO             PET1 map key=      bike map value: asOkay:  T valueR4:  22.000000
20240717 022453.958 INFO             PET1 map key=      bike map value: asOkay:  T valueR8:  22.000000
20240717 022453.959 INFO             PET1 map key=      bike map value: asOkay:  F valueL:          F
20240717 022453.959 INFO             PET1 map key=plane map value: AsString: TRUE
20240717 022453.959 INFO             PET1 map key=     plane map value: asOkay:  F valueI4:          0
20240717 022453.959 INFO             PET1 map key=     plane map value: asOkay:  F valueI8:          0
20240717 022453.959 INFO             PET1 map key=     plane map value: asOkay:  F valueR4:   0.000000
20240717 022453.959 INFO             PET1 map key=     plane map value: asOkay:  F valueR8:   0.000000
20240717 022453.959 INFO             PET1 map key=     plane map value: asOkay:  T valueL:          T
20240717 022453.959 INFO             PET1 map key=bike map value: AsString: 22
20240717 022453.959 INFO             PET1 map key=      bike map value: asOkay:  T valueI4:         22
20240717 022453.959 INFO             PET1 map key=      bike map value: asOkay:  T valueI8:         22
20240717 022453.959 INFO             PET1 map key=      bike map value: asOkay:  T valueR4:  22.000000
20240717 022453.959 INFO             PET1 map key=      bike map value: asOkay:  T valueR8:  22.000000
20240717 022453.959 INFO             PET1 map key=      bike map value: asOkay:  F valueL:          F
20240717 022453.960 INFO             PET1 map key=plane map value: AsString: TRUE
20240717 022453.960 INFO             PET1 map key=     plane map value: asOkay:  F valueI4:          0
20240717 022453.960 INFO             PET1 map key=     plane map value: asOkay:  F valueI8:          0
20240717 022453.960 INFO             PET1 map key=     plane map value: asOkay:  F valueR4:   0.000000
20240717 022453.960 INFO             PET1 map key=     plane map value: asOkay:  F valueR8:   0.000000
20240717 022453.960 INFO             PET1 map key=     plane map value: asOkay:  T valueL:          T
20240717 022453.960 INFO             PET1 map key=car map value: AsString: red
20240717 022453.960 INFO             PET1 map key=       car map value: asOkay:  F valueI4:          0
20240717 022453.960 INFO             PET1 map key=       car map value: asOkay:  F valueI8:          0
20240717 022453.961 INFO             PET1 map key=       car map value: asOkay:  F valueR4:   0.000000
20240717 022453.961 INFO             PET1 map key=       car map value: asOkay:  F valueR8:   0.000000
20240717 022453.961 INFO             PET1 map key=       car map value: asOkay:  F valueL:          F
20240717 022453.963 INFO             PET1 HConfig from Config IsDefined:  T
20240717 022453.963 INFO             PET1 HConfig from Config IsNull:  F
20240717 022453.963 INFO             PET1 HConfig from Config IsSequence:  F
20240717 022453.963 INFO             PET1 HConfig from Config IsMap:  T
20240717 022453.966 INFO             PET1 Empty HConfig tag:               tag:yaml.org,2002:null
20240717 022453.968 INFO             PET1 value_ten HConfig tag:          tag:yaml.org,2002:null
20240717 022453.968 INFO             PET1 value_eleven HConfig tag:          tag:yaml.org,2002:null
20240717 022453.968 INFO             PET1 Top level HConfig tag:          tag:yaml.org,2002:map
20240717 022453.968 INFO             PET1 value_two HConfig tag:           tag:yaml.org,2002:seq
20240717 022453.968 INFO             PET1 first key HConfig tag:           tag:yaml.org,2002:str
20240717 022453.968 INFO             PET1 value_three HConfig tag:           tag:yaml.org,2002:int
20240717 022453.968 INFO             PET1 value_nine HConfig tag:           tag:yaml.org,2002:int
20240717 022453.968 INFO             PET1 value_five HConfig tag:           tag:yaml.org,2002:float
20240717 022453.968 INFO             PET1 value_seven HConfig tag:            tag:yaml.org,2002:bool
20240717 022453.969 INFO             PET1 value_four HConfig tag:           tag:yaml.org,2002:float
20240717 022453.969 INFO             PET1 value_six HConfig tag:             tag:yaml.org,2002:str
20240717 022453.969 INFO             PET1 value_eight HConfig tag:             tag:yaml.org,2002:str
20240717 022453.969 INFO             PET1 value_twelve HConfig tag:                          !myStuff
20240717 022453.976 INFO             PET1 docCount:        3
20240717 022453.976 INFO             PET1 valueI4Seq:        1       2       3
20240717 022453.976 INFO             PET1 asOkay for Logical:  F
20240717 022453.976 INFO             PET1 asOkay for String:  T
20240717 022453.976 INFO             PET1 valueSSeq: 1         2         3
20240717 022453.978 INFO             PET1  NUMBER_OF_PROCESSORS           4
20240717 022453.978 INFO             PET1  PASS  Example ESMF_HConfigEx, ESMF_HConfigEx.F90, line 1803
20240717 022453.978 INFO             PET1  Finalizing ESMF
20240717 022453.868 INFO             PET2 !!!!!!!!!!!!!!!!!!!!!!!!!!!!!!!!!!!!!!!!!!!!!!!!!!!!!!
20240717 022453.868 INFO             PET2 !!! THE ESMF_LOG IS SET TO OUTPUT ALL LOG MESSAGES !!!
20240717 022453.868 INFO             PET2 !!!     THIS MAY CAUSE SLOWDOWN IN PERFORMANCE     !!!
20240717 022453.868 INFO             PET2 !!! FOR PRODUCTION RUNS, USE:                      !!!
20240717 022453.868 INFO             PET2 !!!                   ESMF_LOGKIND_Multi_On_Error  !!!
20240717 022453.868 INFO             PET2 !!!!!!!!!!!!!!!!!!!!!!!!!!!!!!!!!!!!!!!!!!!!!!!!!!!!!!
20240717 022453.868 INFO             PET2 Running with ESMF Version   : v8.7.0b08-15-g7133ea3e40
20240717 022453.868 INFO             PET2 ESMF library build date/time: "Jul 17 2024" "01:41:27"
20240717 022453.868 INFO             PET2 ESMF library build location : /discover/nobackup/projects/sbu/mpotts/esmf-test/intel_19.1.3_intelmpi_g_develop/esmf
20240717 022453.868 INFO             PET2 ESMF_COMM                   : intelmpi
20240717 022453.869 INFO             PET2 ESMF_MOAB                   : enabled
20240717 022453.869 INFO             PET2 ESMF_LAPACK                 : enabled
20240717 022453.869 INFO             PET2 ESMF_NETCDF                 : enabled
20240717 022453.869 INFO             PET2 ESMF_PNETCDF                : disabled
20240717 022453.869 INFO             PET2 ESMF_PIO                    : enabled
20240717 022453.869 INFO             PET2 ESMF_YAMLCPP                : enabled
20240717 022453.956 INFO             PET2 AsString: 1
20240717 022453.956 INFO             PET2 asOkay:  T valueI4:          1
20240717 022453.956 INFO             PET2 asOkay:  T valueI8:          1
20240717 022453.956 INFO             PET2 asOkay:  T valueR4:   1.000000
20240717 022453.956 INFO             PET2 asOkay:  T valueR8:   1.000000
20240717 022453.956 INFO             PET2 asOkay:  F valueL:           F
20240717 022453.956 INFO             PET2 AsString: 2
20240717 022453.956 INFO             PET2 asOkay:  T valueI4:          2
20240717 022453.956 INFO             PET2 asOkay:  T valueI8:          2
20240717 022453.956 INFO             PET2 asOkay:  T valueR4:   2.000000
20240717 022453.956 INFO             PET2 asOkay:  T valueR8:   2.000000
20240717 022453.956 INFO             PET2 asOkay:  F valueL:           F
20240717 022453.956 INFO             PET2 AsString: 3
20240717 022453.956 INFO             PET2 asOkay:  T valueI4:          3
20240717 022453.956 INFO             PET2 asOkay:  T valueI8:          3
20240717 022453.956 INFO             PET2 asOkay:  T valueR4:   3.000000
20240717 022453.956 INFO             PET2 asOkay:  T valueR8:   3.000000
20240717 022453.956 INFO             PET2 asOkay:  F valueL:           F
20240717 022453.956 INFO             PET2 AsString: abc
20240717 022453.956 INFO             PET2 asOkay:  F valueI4:          0
20240717 022453.956 INFO             PET2 asOkay:  F valueI8:          0
20240717 022453.956 INFO             PET2 asOkay:  F valueR4:   0.000000
20240717 022453.956 INFO             PET2 asOkay:  F valueR8:   0.000000
20240717 022453.956 INFO             PET2 asOkay:  F valueL:           F
20240717 022453.956 INFO             PET2 AsString: b
20240717 022453.956 INFO             PET2 asOkay:  F valueI4:          0
20240717 022453.956 INFO             PET2 asOkay:  F valueI8:          0
20240717 022453.956 INFO             PET2 asOkay:  F valueR4:   0.000000
20240717 022453.956 INFO             PET2 asOkay:  F valueR8:   0.000000
20240717 022453.956 INFO             PET2 asOkay:  F valueL:           F
20240717 022453.956 INFO             PET2 AsString: TRUE
20240717 022453.956 INFO             PET2 asOkay:  F valueI4:          0
20240717 022453.956 INFO             PET2 asOkay:  F valueI8:          0
20240717 022453.956 INFO             PET2 asOkay:  F valueR4:   0.000000
20240717 022453.956 INFO             PET2 asOkay:  F valueR8:   0.000000
20240717 022453.956 INFO             PET2 asOkay:  T valueL:           T
20240717 022453.956 INFO             PET2 AsString: TRUE
20240717 022453.956 INFO             PET2 asOkay:  F valueI4:          0
20240717 022453.956 INFO             PET2 asOkay:  F valueI8:          0
20240717 022453.956 INFO             PET2 asOkay:  F valueR4:   0.000000
20240717 022453.957 INFO             PET2 asOkay:  F valueR8:   0.000000
20240717 022453.957 INFO             PET2 asOkay:  T valueL:           T
20240717 022453.957 INFO             PET2 AsString: b
20240717 022453.958 INFO             PET2 asOkay:  F valueI4:          0
20240717 022453.958 INFO             PET2 asOkay:  F valueI8:          0
20240717 022453.958 INFO             PET2 asOkay:  F valueR4:   0.000000
20240717 022453.958 INFO             PET2 asOkay:  F valueR8:   0.000000
20240717 022453.958 INFO             PET2 asOkay:  F valueL:           F
20240717 022453.958 INFO             PET2 AsString: abc
20240717 022453.958 INFO             PET2 asOkay:  F valueI4:          0
20240717 022453.958 INFO             PET2 asOkay:  F valueI8:          0
20240717 022453.958 INFO             PET2 asOkay:  F valueR4:   0.000000
20240717 022453.958 INFO             PET2 asOkay:  F valueR8:   0.000000
20240717 022453.958 INFO             PET2 asOkay:  F valueL:           F
20240717 022453.958 INFO             PET2 AsString: 3
20240717 022453.958 INFO             PET2 asOkay:  T valueI4:          3
20240717 022453.958 INFO             PET2 asOkay:  T valueI8:          3
20240717 022453.958 INFO             PET2 asOkay:  T valueR4:   3.000000
20240717 022453.958 INFO             PET2 asOkay:  T valueR8:   3.000000
20240717 022453.958 INFO             PET2 asOkay:  F valueL:           F
20240717 022453.958 INFO             PET2 AsString: 2
20240717 022453.958 INFO             PET2 asOkay:  T valueI4:          2
20240717 022453.958 INFO             PET2 asOkay:  T valueI8:          2
20240717 022453.958 INFO             PET2 asOkay:  T valueR4:   2.000000
20240717 022453.958 INFO             PET2 asOkay:  T valueR8:   2.000000
20240717 022453.958 INFO             PET2 asOkay:  F valueL:           F
20240717 022453.958 INFO             PET2 AsString: 1
20240717 022453.958 INFO             PET2 asOkay:  T valueI4:          1
20240717 022453.958 INFO             PET2 asOkay:  T valueI8:          1
20240717 022453.958 INFO             PET2 asOkay:  T valueR4:   1.000000
20240717 022453.958 INFO             PET2 asOkay:  T valueR8:   1.000000
20240717 022453.958 INFO             PET2 asOkay:  F valueL:           F
20240717 022453.958 INFO             PET2 map key=car map value: AsString: red
20240717 022453.958 INFO             PET2 map key=       car map value: asOkay:  F valueI4:          0
20240717 022453.958 INFO             PET2 map key=       car map value: asOkay:  F valueI8:          0
20240717 022453.958 INFO             PET2 map key=       car map value: asOkay:  F valueR4:   0.000000
20240717 022453.958 INFO             PET2 map key=       car map value: asOkay:  F valueR8:   0.000000
20240717 022453.958 INFO             PET2 map key=       car map value: asOkay:  F valueL:          F
20240717 022453.958 INFO             PET2 map key=bike map value: AsString: 22
20240717 022453.958 INFO             PET2 map key=      bike map value: asOkay:  T valueI4:         22
20240717 022453.958 INFO             PET2 map key=      bike map value: asOkay:  T valueI8:         22
20240717 022453.958 INFO             PET2 map key=      bike map value: asOkay:  T valueR4:  22.000000
20240717 022453.958 INFO             PET2 map key=      bike map value: asOkay:  T valueR8:  22.000000
20240717 022453.959 INFO             PET2 map key=      bike map value: asOkay:  F valueL:          F
20240717 022453.959 INFO             PET2 map key=plane map value: AsString: TRUE
20240717 022453.959 INFO             PET2 map key=     plane map value: asOkay:  F valueI4:          0
20240717 022453.959 INFO             PET2 map key=     plane map value: asOkay:  F valueI8:          0
20240717 022453.959 INFO             PET2 map key=     plane map value: asOkay:  F valueR4:   0.000000
20240717 022453.959 INFO             PET2 map key=     plane map value: asOkay:  F valueR8:   0.000000
20240717 022453.959 INFO             PET2 map key=     plane map value: asOkay:  T valueL:          T
20240717 022453.959 INFO             PET2 map key=bike map value: AsString: 22
20240717 022453.959 INFO             PET2 map key=      bike map value: asOkay:  T valueI4:         22
20240717 022453.959 INFO             PET2 map key=      bike map value: asOkay:  T valueI8:         22
20240717 022453.959 INFO             PET2 map key=      bike map value: asOkay:  T valueR4:  22.000000
20240717 022453.959 INFO             PET2 map key=      bike map value: asOkay:  T valueR8:  22.000000
20240717 022453.959 INFO             PET2 map key=      bike map value: asOkay:  F valueL:          F
20240717 022453.960 INFO             PET2 map key=plane map value: AsString: TRUE
20240717 022453.960 INFO             PET2 map key=     plane map value: asOkay:  F valueI4:          0
20240717 022453.960 INFO             PET2 map key=     plane map value: asOkay:  F valueI8:          0
20240717 022453.960 INFO             PET2 map key=     plane map value: asOkay:  F valueR4:   0.000000
20240717 022453.960 INFO             PET2 map key=     plane map value: asOkay:  F valueR8:   0.000000
20240717 022453.960 INFO             PET2 map key=     plane map value: asOkay:  T valueL:          T
20240717 022453.960 INFO             PET2 map key=car map value: AsString: red
20240717 022453.960 INFO             PET2 map key=       car map value: asOkay:  F valueI4:          0
20240717 022453.960 INFO             PET2 map key=       car map value: asOkay:  F valueI8:          0
20240717 022453.961 INFO             PET2 map key=       car map value: asOkay:  F valueR4:   0.000000
20240717 022453.961 INFO             PET2 map key=       car map value: asOkay:  F valueR8:   0.000000
20240717 022453.961 INFO             PET2 map key=       car map value: asOkay:  F valueL:          F
20240717 022453.963 INFO             PET2 HConfig from Config IsDefined:  T
20240717 022453.963 INFO             PET2 HConfig from Config IsNull:  F
20240717 022453.963 INFO             PET2 HConfig from Config IsSequence:  F
20240717 022453.963 INFO             PET2 HConfig from Config IsMap:  T
20240717 022453.966 INFO             PET2 Empty HConfig tag:               tag:yaml.org,2002:null
20240717 022453.968 INFO             PET2 value_ten HConfig tag:          tag:yaml.org,2002:null
20240717 022453.968 INFO             PET2 value_eleven HConfig tag:          tag:yaml.org,2002:null
20240717 022453.968 INFO             PET2 Top level HConfig tag:          tag:yaml.org,2002:map
20240717 022453.968 INFO             PET2 value_two HConfig tag:           tag:yaml.org,2002:seq
20240717 022453.968 INFO             PET2 first key HConfig tag:           tag:yaml.org,2002:str
20240717 022453.968 INFO             PET2 value_three HConfig tag:           tag:yaml.org,2002:int
20240717 022453.968 INFO             PET2 value_nine HConfig tag:           tag:yaml.org,2002:int
20240717 022453.968 INFO             PET2 value_five HConfig tag:           tag:yaml.org,2002:float
20240717 022453.968 INFO             PET2 value_seven HConfig tag:            tag:yaml.org,2002:bool
20240717 022453.969 INFO             PET2 value_four HConfig tag:           tag:yaml.org,2002:float
20240717 022453.969 INFO             PET2 value_six HConfig tag:             tag:yaml.org,2002:str
20240717 022453.969 INFO             PET2 value_eight HConfig tag:             tag:yaml.org,2002:str
20240717 022453.969 INFO             PET2 value_twelve HConfig tag:                          !myStuff
20240717 022453.976 INFO             PET2 docCount:        3
20240717 022453.976 INFO             PET2 valueI4Seq:        1       2       3
20240717 022453.976 INFO             PET2 asOkay for Logical:  F
20240717 022453.976 INFO             PET2 asOkay for String:  T
20240717 022453.976 INFO             PET2 valueSSeq: 1         2         3
20240717 022453.978 INFO             PET2  NUMBER_OF_PROCESSORS           4
20240717 022453.978 INFO             PET2  PASS  Example ESMF_HConfigEx, ESMF_HConfigEx.F90, line 1803
20240717 022453.978 INFO             PET2  Finalizing ESMF
20240717 022453.867 INFO             PET3 !!!!!!!!!!!!!!!!!!!!!!!!!!!!!!!!!!!!!!!!!!!!!!!!!!!!!!
20240717 022453.867 INFO             PET3 !!! THE ESMF_LOG IS SET TO OUTPUT ALL LOG MESSAGES !!!
20240717 022453.867 INFO             PET3 !!!     THIS MAY CAUSE SLOWDOWN IN PERFORMANCE     !!!
20240717 022453.867 INFO             PET3 !!! FOR PRODUCTION RUNS, USE:                      !!!
20240717 022453.867 INFO             PET3 !!!                   ESMF_LOGKIND_Multi_On_Error  !!!
20240717 022453.867 INFO             PET3 !!!!!!!!!!!!!!!!!!!!!!!!!!!!!!!!!!!!!!!!!!!!!!!!!!!!!!
20240717 022453.867 INFO             PET3 Running with ESMF Version   : v8.7.0b08-15-g7133ea3e40
20240717 022453.867 INFO             PET3 ESMF library build date/time: "Jul 17 2024" "01:41:27"
20240717 022453.867 INFO             PET3 ESMF library build location : /discover/nobackup/projects/sbu/mpotts/esmf-test/intel_19.1.3_intelmpi_g_develop/esmf
20240717 022453.867 INFO             PET3 ESMF_COMM                   : intelmpi
20240717 022453.867 INFO             PET3 ESMF_MOAB                   : enabled
20240717 022453.867 INFO             PET3 ESMF_LAPACK                 : enabled
20240717 022453.867 INFO             PET3 ESMF_NETCDF                 : enabled
20240717 022453.867 INFO             PET3 ESMF_PNETCDF                : disabled
20240717 022453.867 INFO             PET3 ESMF_PIO                    : enabled
20240717 022453.867 INFO             PET3 ESMF_YAMLCPP                : enabled
20240717 022453.956 INFO             PET3 AsString: 1
20240717 022453.956 INFO             PET3 asOkay:  T valueI4:          1
20240717 022453.956 INFO             PET3 asOkay:  T valueI8:          1
20240717 022453.956 INFO             PET3 asOkay:  T valueR4:   1.000000
20240717 022453.956 INFO             PET3 asOkay:  T valueR8:   1.000000
20240717 022453.956 INFO             PET3 asOkay:  F valueL:           F
20240717 022453.956 INFO             PET3 AsString: 2
20240717 022453.956 INFO             PET3 asOkay:  T valueI4:          2
20240717 022453.956 INFO             PET3 asOkay:  T valueI8:          2
20240717 022453.956 INFO             PET3 asOkay:  T valueR4:   2.000000
20240717 022453.956 INFO             PET3 asOkay:  T valueR8:   2.000000
20240717 022453.956 INFO             PET3 asOkay:  F valueL:           F
20240717 022453.956 INFO             PET3 AsString: 3
20240717 022453.956 INFO             PET3 asOkay:  T valueI4:          3
20240717 022453.956 INFO             PET3 asOkay:  T valueI8:          3
20240717 022453.956 INFO             PET3 asOkay:  T valueR4:   3.000000
20240717 022453.956 INFO             PET3 asOkay:  T valueR8:   3.000000
20240717 022453.956 INFO             PET3 asOkay:  F valueL:           F
20240717 022453.956 INFO             PET3 AsString: abc
20240717 022453.956 INFO             PET3 asOkay:  F valueI4:          0
20240717 022453.956 INFO             PET3 asOkay:  F valueI8:          0
20240717 022453.956 INFO             PET3 asOkay:  F valueR4:   0.000000
20240717 022453.956 INFO             PET3 asOkay:  F valueR8:   0.000000
20240717 022453.956 INFO             PET3 asOkay:  F valueL:           F
20240717 022453.956 INFO             PET3 AsString: b
20240717 022453.956 INFO             PET3 asOkay:  F valueI4:          0
20240717 022453.956 INFO             PET3 asOkay:  F valueI8:          0
20240717 022453.956 INFO             PET3 asOkay:  F valueR4:   0.000000
20240717 022453.956 INFO             PET3 asOkay:  F valueR8:   0.000000
20240717 022453.956 INFO             PET3 asOkay:  F valueL:           F
20240717 022453.956 INFO             PET3 AsString: TRUE
20240717 022453.956 INFO             PET3 asOkay:  F valueI4:          0
20240717 022453.956 INFO             PET3 asOkay:  F valueI8:          0
20240717 022453.956 INFO             PET3 asOkay:  F valueR4:   0.000000
20240717 022453.956 INFO             PET3 asOkay:  F valueR8:   0.000000
20240717 022453.956 INFO             PET3 asOkay:  T valueL:           T
20240717 022453.956 INFO             PET3 AsString: TRUE
20240717 022453.956 INFO             PET3 asOkay:  F valueI4:          0
20240717 022453.956 INFO             PET3 asOkay:  F valueI8:          0
20240717 022453.956 INFO             PET3 asOkay:  F valueR4:   0.000000
20240717 022453.957 INFO             PET3 asOkay:  F valueR8:   0.000000
20240717 022453.957 INFO             PET3 asOkay:  T valueL:           T
20240717 022453.957 INFO             PET3 AsString: b
20240717 022453.957 INFO             PET3 asOkay:  F valueI4:          0
20240717 022453.957 INFO             PET3 asOkay:  F valueI8:          0
20240717 022453.957 INFO             PET3 asOkay:  F valueR4:   0.000000
20240717 022453.957 INFO             PET3 asOkay:  F valueR8:   0.000000
20240717 022453.958 INFO             PET3 asOkay:  F valueL:           F
20240717 022453.958 INFO             PET3 AsString: abc
20240717 022453.958 INFO             PET3 asOkay:  F valueI4:          0
20240717 022453.958 INFO             PET3 asOkay:  F valueI8:          0
20240717 022453.958 INFO             PET3 asOkay:  F valueR4:   0.000000
20240717 022453.958 INFO             PET3 asOkay:  F valueR8:   0.000000
20240717 022453.958 INFO             PET3 asOkay:  F valueL:           F
20240717 022453.958 INFO             PET3 AsString: 3
20240717 022453.958 INFO             PET3 asOkay:  T valueI4:          3
20240717 022453.958 INFO             PET3 asOkay:  T valueI8:          3
20240717 022453.958 INFO             PET3 asOkay:  T valueR4:   3.000000
20240717 022453.958 INFO             PET3 asOkay:  T valueR8:   3.000000
20240717 022453.958 INFO             PET3 asOkay:  F valueL:           F
20240717 022453.958 INFO             PET3 AsString: 2
20240717 022453.958 INFO             PET3 asOkay:  T valueI4:          2
20240717 022453.958 INFO             PET3 asOkay:  T valueI8:          2
20240717 022453.958 INFO             PET3 asOkay:  T valueR4:   2.000000
20240717 022453.958 INFO             PET3 asOkay:  T valueR8:   2.000000
20240717 022453.958 INFO             PET3 asOkay:  F valueL:           F
20240717 022453.958 INFO             PET3 AsString: 1
20240717 022453.958 INFO             PET3 asOkay:  T valueI4:          1
20240717 022453.958 INFO             PET3 asOkay:  T valueI8:          1
20240717 022453.958 INFO             PET3 asOkay:  T valueR4:   1.000000
20240717 022453.958 INFO             PET3 asOkay:  T valueR8:   1.000000
20240717 022453.958 INFO             PET3 asOkay:  F valueL:           F
20240717 022453.959 INFO             PET3 map key=car map value: AsString: red
20240717 022453.959 INFO             PET3 map key=       car map value: asOkay:  F valueI4:          0
20240717 022453.959 INFO             PET3 map key=       car map value: asOkay:  F valueI8:          0
20240717 022453.959 INFO             PET3 map key=       car map value: asOkay:  F valueR4:   0.000000
20240717 022453.959 INFO             PET3 map key=       car map value: asOkay:  F valueR8:   0.000000
20240717 022453.959 INFO             PET3 map key=       car map value: asOkay:  F valueL:          F
20240717 022453.959 INFO             PET3 map key=bike map value: AsString: 22
20240717 022453.959 INFO             PET3 map key=      bike map value: asOkay:  T valueI4:         22
20240717 022453.959 INFO             PET3 map key=      bike map value: asOkay:  T valueI8:         22
20240717 022453.959 INFO             PET3 map key=      bike map value: asOkay:  T valueR4:  22.000000
20240717 022453.959 INFO             PET3 map key=      bike map value: asOkay:  T valueR8:  22.000000
20240717 022453.959 INFO             PET3 map key=      bike map value: asOkay:  F valueL:          F
20240717 022453.959 INFO             PET3 map key=plane map value: AsString: TRUE
20240717 022453.959 INFO             PET3 map key=     plane map value: asOkay:  F valueI4:          0
20240717 022453.959 INFO             PET3 map key=     plane map value: asOkay:  F valueI8:          0
20240717 022453.959 INFO             PET3 map key=     plane map value: asOkay:  F valueR4:   0.000000
20240717 022453.959 INFO             PET3 map key=     plane map value: asOkay:  F valueR8:   0.000000
20240717 022453.959 INFO             PET3 map key=     plane map value: asOkay:  T valueL:          T
20240717 022453.959 INFO             PET3 map key=bike map value: AsString: 22
20240717 022453.959 INFO             PET3 map key=      bike map value: asOkay:  T valueI4:         22
20240717 022453.960 INFO             PET3 map key=      bike map value: asOkay:  T valueI8:         22
20240717 022453.960 INFO             PET3 map key=      bike map value: asOkay:  T valueR4:  22.000000
20240717 022453.960 INFO             PET3 map key=      bike map value: asOkay:  T valueR8:  22.000000
20240717 022453.960 INFO             PET3 map key=      bike map value: asOkay:  F valueL:          F
20240717 022453.960 INFO             PET3 map key=plane map value: AsString: TRUE
20240717 022453.960 INFO             PET3 map key=     plane map value: asOkay:  F valueI4:          0
20240717 022453.960 INFO             PET3 map key=     plane map value: asOkay:  F valueI8:          0
20240717 022453.960 INFO             PET3 map key=     plane map value: asOkay:  F valueR4:   0.000000
20240717 022453.960 INFO             PET3 map key=     plane map value: asOkay:  F valueR8:   0.000000
20240717 022453.961 INFO             PET3 map key=     plane map value: asOkay:  T valueL:          T
20240717 022453.961 INFO             PET3 map key=car map value: AsString: red
20240717 022453.961 INFO             PET3 map key=       car map value: asOkay:  F valueI4:          0
20240717 022453.961 INFO             PET3 map key=       car map value: asOkay:  F valueI8:          0
20240717 022453.961 INFO             PET3 map key=       car map value: asOkay:  F valueR4:   0.000000
20240717 022453.961 INFO             PET3 map key=       car map value: asOkay:  F valueR8:   0.000000
20240717 022453.961 INFO             PET3 map key=       car map value: asOkay:  F valueL:          F
20240717 022453.963 INFO             PET3 HConfig from Config IsDefined:  T
20240717 022453.963 INFO             PET3 HConfig from Config IsNull:  F
20240717 022453.963 INFO             PET3 HConfig from Config IsSequence:  F
20240717 022453.963 INFO             PET3 HConfig from Config IsMap:  T
20240717 022453.966 INFO             PET3 Empty HConfig tag:               tag:yaml.org,2002:null
20240717 022453.968 INFO             PET3 value_ten HConfig tag:          tag:yaml.org,2002:null
20240717 022453.968 INFO             PET3 value_eleven HConfig tag:          tag:yaml.org,2002:null
20240717 022453.968 INFO             PET3 Top level HConfig tag:          tag:yaml.org,2002:map
20240717 022453.968 INFO             PET3 value_two HConfig tag:           tag:yaml.org,2002:seq
20240717 022453.968 INFO             PET3 first key HConfig tag:           tag:yaml.org,2002:str
20240717 022453.968 INFO             PET3 value_three HConfig tag:           tag:yaml.org,2002:int
20240717 022453.968 INFO             PET3 value_nine HConfig tag:           tag:yaml.org,2002:int
20240717 022453.968 INFO             PET3 value_five HConfig tag:           tag:yaml.org,2002:float
20240717 022453.968 INFO             PET3 value_seven HConfig tag:            tag:yaml.org,2002:bool
20240717 022453.969 INFO             PET3 value_four HConfig tag:           tag:yaml.org,2002:float
20240717 022453.969 INFO             PET3 value_six HConfig tag:             tag:yaml.org,2002:str
20240717 022453.969 INFO             PET3 value_eight HConfig tag:             tag:yaml.org,2002:str
20240717 022453.969 INFO             PET3 value_twelve HConfig tag:                          !myStuff
20240717 022453.975 INFO             PET3 docCount:        3
20240717 022453.976 INFO             PET3 valueI4Seq:        1       2       3
20240717 022453.976 INFO             PET3 asOkay for Logical:  F
20240717 022453.976 INFO             PET3 asOkay for String:  T
20240717 022453.976 INFO             PET3 valueSSeq: 1         2         3
20240717 022453.978 INFO             PET3  NUMBER_OF_PROCESSORS           4
20240717 022453.978 INFO             PET3  PASS  Example ESMF_HConfigEx, ESMF_HConfigEx.F90, line 1803
20240717 022453.978 INFO             PET3  Finalizing ESMF
