2024-06-28 03:55:03
20240628 041306.251 INFO             PET0 !!!!!!!!!!!!!!!!!!!!!!!!!!!!!!!!!!!!!!!!!!!!!!!!!!!!!!
20240628 041306.251 INFO             PET0 !!! THE ESMF_LOG IS SET TO OUTPUT ALL LOG MESSAGES !!!
20240628 041306.251 INFO             PET0 !!!     THIS MAY CAUSE SLOWDOWN IN PERFORMANCE     !!!
20240628 041306.251 INFO             PET0 !!! FOR PRODUCTION RUNS, USE:                      !!!
20240628 041306.251 INFO             PET0 !!!                   ESMF_LOGKIND_Multi_On_Error  !!!
20240628 041306.251 INFO             PET0 !!!!!!!!!!!!!!!!!!!!!!!!!!!!!!!!!!!!!!!!!!!!!!!!!!!!!!
20240628 041306.251 INFO             PET0 Running with ESMF Version   : v8.7.0b07-20-g1e77226def
20240628 041306.251 INFO             PET0 ESMF library build date/time: "Jun 28 2024" "03:54:08"
20240628 041306.251 INFO             PET0 ESMF library build location : /tmp/intel_2023.1.0-oneAPI_mpiuni_O_develop/esmf
20240628 041306.251 INFO             PET0 ESMF_COMM                   : mpiuni
20240628 041306.251 INFO             PET0 ESMF_MOAB                   : enabled
20240628 041306.251 INFO             PET0 ESMF_LAPACK                 : enabled
20240628 041306.251 INFO             PET0 ESMF_NETCDF                 : enabled
20240628 041306.251 INFO             PET0 ESMF_PNETCDF                : disabled
20240628 041306.251 INFO             PET0 ESMF_PIO                    : enabled
20240628 041306.251 INFO             PET0 ESMF_YAMLCPP                : enabled
20240628 041306.251 INFO             PET0  NUMBER_OF_PROCESSORS           1
20240628 041306.251 INFO             PET0  PASS  Example ESMF_InternalStateModEx, ESMF_InternalStateModEx.F90, line 239
20240628 041306.251 INFO             PET0  Finalizing ESMF
