2024-05-22 04:04:10
20240522 042224.386 INFO             PET0 !!!!!!!!!!!!!!!!!!!!!!!!!!!!!!!!!!!!!!!!!!!!!!!!!!!!!!
20240522 042224.386 INFO             PET0 !!! THE ESMF_LOG IS SET TO OUTPUT ALL LOG MESSAGES !!!
20240522 042224.386 INFO             PET0 !!!     THIS MAY CAUSE SLOWDOWN IN PERFORMANCE     !!!
20240522 042224.386 INFO             PET0 !!! FOR PRODUCTION RUNS, USE:                      !!!
20240522 042224.386 INFO             PET0 !!!                   ESMF_LOGKIND_Multi_On_Error  !!!
20240522 042224.386 INFO             PET0 !!!!!!!!!!!!!!!!!!!!!!!!!!!!!!!!!!!!!!!!!!!!!!!!!!!!!!
20240522 042224.386 INFO             PET0 Running with ESMF Version   : v8.7.0b06
20240522 042224.386 INFO             PET0 ESMF library build date/time: "May 22 2024" "04:03:17"
20240522 042224.386 INFO             PET0 ESMF library build location : /tmp/intel_2023.1.0-oneAPI_mpiuni_O_develop/esmf
20240522 042224.386 INFO             PET0 ESMF_COMM                   : mpiuni
20240522 042224.386 INFO             PET0 ESMF_MOAB                   : enabled
20240522 042224.386 INFO             PET0 ESMF_LAPACK                 : enabled
20240522 042224.386 INFO             PET0 ESMF_NETCDF                 : enabled
20240522 042224.386 INFO             PET0 ESMF_PNETCDF                : disabled
20240522 042224.386 INFO             PET0 ESMF_PIO                    : disabled
20240522 042224.386 INFO             PET0 ESMF_YAMLCPP                : enabled
20240522 042224.387 INFO             PET0  NUMBER_OF_PROCESSORS           1
20240522 042224.387 INFO             PET0  PASS  Example ESMF_VMHigherRankDataEx, ESMF_VMHigherRankDataEx.F90, line 140
20240522 042224.387 INFO             PET0  Finalizing ESMF
