2024-07-10 03:42:00
20240710 035842.559 INFO             PET0 !!!!!!!!!!!!!!!!!!!!!!!!!!!!!!!!!!!!!!!!!!!!!!!!!!!!!!
20240710 035842.559 INFO             PET0 !!! THE ESMF_LOG IS SET TO OUTPUT ALL LOG MESSAGES !!!
20240710 035842.559 INFO             PET0 !!!     THIS MAY CAUSE SLOWDOWN IN PERFORMANCE     !!!
20240710 035842.559 INFO             PET0 !!! FOR PRODUCTION RUNS, USE:                      !!!
20240710 035842.559 INFO             PET0 !!!                   ESMF_LOGKIND_Multi_On_Error  !!!
20240710 035842.559 INFO             PET0 !!!!!!!!!!!!!!!!!!!!!!!!!!!!!!!!!!!!!!!!!!!!!!!!!!!!!!
20240710 035842.559 INFO             PET0 Running with ESMF Version   : v8.7.0b08-12-ga4da9b3757
20240710 035842.559 INFO             PET0 ESMF library build date/time: "Jul 10 2024" "03:41:06"
20240710 035842.559 INFO             PET0 ESMF library build location : /tmp/intel_2023.1.0-oneAPI_mpiuni_O_develop/esmf
20240710 035842.559 INFO             PET0 ESMF_COMM                   : mpiuni
20240710 035842.559 INFO             PET0 ESMF_MOAB                   : enabled
20240710 035842.559 INFO             PET0 ESMF_LAPACK                 : enabled
20240710 035842.559 INFO             PET0 ESMF_NETCDF                 : enabled
20240710 035842.559 INFO             PET0 ESMF_PNETCDF                : disabled
20240710 035842.559 INFO             PET0 ESMF_PIO                    : enabled
20240710 035842.559 INFO             PET0 ESMF_YAMLCPP                : enabled
20240710 035842.560 INFO             PET0  NUMBER_OF_PROCESSORS           1
20240710 035842.560 INFO             PET0  PASS  Example ESMF_VMUserMpiCommMultiEx, ESMF_VMUserMpiCommMultiEx.F90, line 126
20240710 035842.560 INFO             PET0  Finalizing ESMF with endflag==ESMF_END_KEEPMPI
