2024-06-18 04:05:47
20240618 042242.821 INFO             PET0 !!!!!!!!!!!!!!!!!!!!!!!!!!!!!!!!!!!!!!!!!!!!!!!!!!!!!!
20240618 042242.821 INFO             PET0 !!! THE ESMF_LOG IS SET TO OUTPUT ALL LOG MESSAGES !!!
20240618 042242.821 INFO             PET0 !!!     THIS MAY CAUSE SLOWDOWN IN PERFORMANCE     !!!
20240618 042242.821 INFO             PET0 !!! FOR PRODUCTION RUNS, USE:                      !!!
20240618 042242.821 INFO             PET0 !!!                   ESMF_LOGKIND_Multi_On_Error  !!!
20240618 042242.821 INFO             PET0 !!!!!!!!!!!!!!!!!!!!!!!!!!!!!!!!!!!!!!!!!!!!!!!!!!!!!!
20240618 042242.821 INFO             PET0 Running with ESMF Version   : v8.7.0b07-2-ga1ccd5de8a
20240618 042242.821 INFO             PET0 ESMF library build date/time: "Jun 18 2024" "04:04:51"
20240618 042242.821 INFO             PET0 ESMF library build location : /tmp/intel_2023.1.0-oneAPI_mpiuni_O_develop/esmf
20240618 042242.821 INFO             PET0 ESMF_COMM                   : mpiuni
20240618 042242.821 INFO             PET0 ESMF_MOAB                   : enabled
20240618 042242.821 INFO             PET0 ESMF_LAPACK                 : enabled
20240618 042242.821 INFO             PET0 ESMF_NETCDF                 : enabled
20240618 042242.821 INFO             PET0 ESMF_PNETCDF                : disabled
20240618 042242.821 INFO             PET0 ESMF_PIO                    : disabled
20240618 042242.821 INFO             PET0 ESMF_YAMLCPP                : enabled
20240618 042242.823 INFO             PET0 ESMF_FieldRedistStoreNF(): Just entered routine.
20240618 042242.902 INFO             PET0 ESMF_FieldRedistStoreNF(): Leaving routine.
20240618 042242.905 INFO             PET0  NUMBER_OF_PROCESSORS           1
20240618 042242.905 INFO             PET0  PASS  Example ESMF_RHandleFromFileEx, ESMF_RHandleFromFileEx.F90, line 192
20240618 042242.905 INFO             PET0  Finalizing ESMF
