2024-05-20 03:50:27
20240520 040833.104 INFO             PET0 !!!!!!!!!!!!!!!!!!!!!!!!!!!!!!!!!!!!!!!!!!!!!!!!!!!!!!
20240520 040833.104 INFO             PET0 !!! THE ESMF_LOG IS SET TO OUTPUT ALL LOG MESSAGES !!!
20240520 040833.104 INFO             PET0 !!!     THIS MAY CAUSE SLOWDOWN IN PERFORMANCE     !!!
20240520 040833.104 INFO             PET0 !!! FOR PRODUCTION RUNS, USE:                      !!!
20240520 040833.104 INFO             PET0 !!!                   ESMF_LOGKIND_Multi_On_Error  !!!
20240520 040833.104 INFO             PET0 !!!!!!!!!!!!!!!!!!!!!!!!!!!!!!!!!!!!!!!!!!!!!!!!!!!!!!
20240520 040833.104 INFO             PET0 Running with ESMF Version   : v8.7.0b05-86-g6f1fcac0dc
20240520 040833.104 INFO             PET0 ESMF library build date/time: "May 20 2024" "03:49:33"
20240520 040833.104 INFO             PET0 ESMF library build location : /tmp/intel_2023.1.0-oneAPI_mpiuni_O_develop/esmf
20240520 040833.104 INFO             PET0 ESMF_COMM                   : mpiuni
20240520 040833.104 INFO             PET0 ESMF_MOAB                   : enabled
20240520 040833.104 INFO             PET0 ESMF_LAPACK                 : enabled
20240520 040833.104 INFO             PET0 ESMF_NETCDF                 : enabled
20240520 040833.104 INFO             PET0 ESMF_PNETCDF                : disabled
20240520 040833.104 INFO             PET0 ESMF_PIO                    : disabled
20240520 040833.104 INFO             PET0 ESMF_YAMLCPP                : enabled
20240520 040833.105 INFO             PET0  NUMBER_OF_PROCESSORS           1
20240520 040833.105 INFO             PET0  PASS  Example ESMF_AttachMethodsEx, ESMF_AttachMethodsEx.F90, line 292
20240520 040833.105 INFO             PET0  Finalizing ESMF
