2024-06-04 03:55:24
20240604 041205.207 INFO             PET0 !!!!!!!!!!!!!!!!!!!!!!!!!!!!!!!!!!!!!!!!!!!!!!!!!!!!!!
20240604 041205.207 INFO             PET0 !!! THE ESMF_LOG IS SET TO OUTPUT ALL LOG MESSAGES !!!
20240604 041205.207 INFO             PET0 !!!     THIS MAY CAUSE SLOWDOWN IN PERFORMANCE     !!!
20240604 041205.207 INFO             PET0 !!! FOR PRODUCTION RUNS, USE:                      !!!
20240604 041205.207 INFO             PET0 !!!                   ESMF_LOGKIND_Multi_On_Error  !!!
20240604 041205.207 INFO             PET0 !!!!!!!!!!!!!!!!!!!!!!!!!!!!!!!!!!!!!!!!!!!!!!!!!!!!!!
20240604 041205.207 INFO             PET0 Running with ESMF Version   : v8.7.0b06-37-g31f880616f
20240604 041205.207 INFO             PET0 ESMF library build date/time: "Jun  4 2024" "03:54:29"
20240604 041205.207 INFO             PET0 ESMF library build location : /tmp/intel_2023.1.0-oneAPI_mpiuni_O_develop/esmf
20240604 041205.207 INFO             PET0 ESMF_COMM                   : mpiuni
20240604 041205.207 INFO             PET0 ESMF_MOAB                   : enabled
20240604 041205.207 INFO             PET0 ESMF_LAPACK                 : enabled
20240604 041205.207 INFO             PET0 ESMF_NETCDF                 : enabled
20240604 041205.207 INFO             PET0 ESMF_PNETCDF                : disabled
20240604 041205.207 INFO             PET0 ESMF_PIO                    : disabled
20240604 041205.207 INFO             PET0 ESMF_YAMLCPP                : enabled
20240604 041205.207 INFO             PET0  NUMBER_OF_PROCESSORS           1
20240604 041205.207 INFO             PET0  PASS  Example ESMF_VMAllFullReduceEx, ESMF_VMAllFullReduceEx.F90, line 113
20240604 041205.207 INFO             PET0  Finalizing ESMF
