2024-07-24 04:38:37
20240724 050902.526 INFO             PET0 !!!!!!!!!!!!!!!!!!!!!!!!!!!!!!!!!!!!!!!!!!!!!!!!!!!!!!
20240724 050902.526 INFO             PET0 !!! THE ESMF_LOG IS SET TO OUTPUT ALL LOG MESSAGES !!!
20240724 050902.526 INFO             PET0 !!!     THIS MAY CAUSE SLOWDOWN IN PERFORMANCE     !!!
20240724 050902.526 INFO             PET0 !!! FOR PRODUCTION RUNS, USE:                      !!!
20240724 050902.526 INFO             PET0 !!!                   ESMF_LOGKIND_Multi_On_Error  !!!
20240724 050902.526 INFO             PET0 !!!!!!!!!!!!!!!!!!!!!!!!!!!!!!!!!!!!!!!!!!!!!!!!!!!!!!
20240724 050902.526 INFO             PET0 Running with ESMF Version   : v8.7.0b09-5-g5845ab67f6
20240724 050902.526 INFO             PET0 ESMF library build date/time: "Jul 24 2024" "04:37:27"
20240724 050902.526 INFO             PET0 ESMF library build location : /tmp/intel_2023.1.0-classic_mpi_O_feature_numa/esmf
20240724 050902.526 INFO             PET0 ESMF_COMM                   : mpi
20240724 050902.526 INFO             PET0 ESMF_MOAB                   : enabled
20240724 050902.526 INFO             PET0 ESMF_LAPACK                 : enabled
20240724 050902.526 INFO             PET0 ESMF_NETCDF                 : enabled
20240724 050902.526 INFO             PET0 ESMF_PNETCDF                : disabled
20240724 050902.526 INFO             PET0 ESMF_PIO                    : enabled
20240724 050902.526 INFO             PET0 ESMF_YAMLCPP                : enabled
20240724 050902.555 DEBUG            PET0 about to destroy Grid: 0x6c5b90
20240724 050902.558 DEBUG            PET0 about to destroy Grid: 0x6c9ce0
20240724 050902.566 INFO             PET0  NUMBER_OF_PROCESSORS           4
20240724 050902.566 INFO             PET0  PASS  Example ESMF_NUOPCAtmModelEx, ESMF_NUOPCAtmModelEx.F90, line 806
20240724 050902.566 INFO             PET0  Finalizing ESMF
20240724 050902.526 INFO             PET1 !!!!!!!!!!!!!!!!!!!!!!!!!!!!!!!!!!!!!!!!!!!!!!!!!!!!!!
20240724 050902.526 INFO             PET1 !!! THE ESMF_LOG IS SET TO OUTPUT ALL LOG MESSAGES !!!
20240724 050902.526 INFO             PET1 !!!     THIS MAY CAUSE SLOWDOWN IN PERFORMANCE     !!!
20240724 050902.526 INFO             PET1 !!! FOR PRODUCTION RUNS, USE:                      !!!
20240724 050902.526 INFO             PET1 !!!                   ESMF_LOGKIND_Multi_On_Error  !!!
20240724 050902.526 INFO             PET1 !!!!!!!!!!!!!!!!!!!!!!!!!!!!!!!!!!!!!!!!!!!!!!!!!!!!!!
20240724 050902.526 INFO             PET1 Running with ESMF Version   : v8.7.0b09-5-g5845ab67f6
20240724 050902.526 INFO             PET1 ESMF library build date/time: "Jul 24 2024" "04:37:27"
20240724 050902.526 INFO             PET1 ESMF library build location : /tmp/intel_2023.1.0-classic_mpi_O_feature_numa/esmf
20240724 050902.526 INFO             PET1 ESMF_COMM                   : mpi
20240724 050902.526 INFO             PET1 ESMF_MOAB                   : enabled
20240724 050902.526 INFO             PET1 ESMF_LAPACK                 : enabled
20240724 050902.526 INFO             PET1 ESMF_NETCDF                 : enabled
20240724 050902.526 INFO             PET1 ESMF_PNETCDF                : disabled
20240724 050902.526 INFO             PET1 ESMF_PIO                    : enabled
20240724 050902.526 INFO             PET1 ESMF_YAMLCPP                : enabled
20240724 050902.555 DEBUG            PET1 about to destroy Grid: 0x6c5ca0
20240724 050902.558 DEBUG            PET1 about to destroy Grid: 0x6c6b30
20240724 050902.566 INFO             PET1  NUMBER_OF_PROCESSORS           4
20240724 050902.566 INFO             PET1  PASS  Example ESMF_NUOPCAtmModelEx, ESMF_NUOPCAtmModelEx.F90, line 806
20240724 050902.566 INFO             PET1  Finalizing ESMF
20240724 050902.526 INFO             PET2 !!!!!!!!!!!!!!!!!!!!!!!!!!!!!!!!!!!!!!!!!!!!!!!!!!!!!!
20240724 050902.526 INFO             PET2 !!! THE ESMF_LOG IS SET TO OUTPUT ALL LOG MESSAGES !!!
20240724 050902.526 INFO             PET2 !!!     THIS MAY CAUSE SLOWDOWN IN PERFORMANCE     !!!
20240724 050902.526 INFO             PET2 !!! FOR PRODUCTION RUNS, USE:                      !!!
20240724 050902.526 INFO             PET2 !!!                   ESMF_LOGKIND_Multi_On_Error  !!!
20240724 050902.526 INFO             PET2 !!!!!!!!!!!!!!!!!!!!!!!!!!!!!!!!!!!!!!!!!!!!!!!!!!!!!!
20240724 050902.526 INFO             PET2 Running with ESMF Version   : v8.7.0b09-5-g5845ab67f6
20240724 050902.526 INFO             PET2 ESMF library build date/time: "Jul 24 2024" "04:37:27"
20240724 050902.526 INFO             PET2 ESMF library build location : /tmp/intel_2023.1.0-classic_mpi_O_feature_numa/esmf
20240724 050902.526 INFO             PET2 ESMF_COMM                   : mpi
20240724 050902.526 INFO             PET2 ESMF_MOAB                   : enabled
20240724 050902.526 INFO             PET2 ESMF_LAPACK                 : enabled
20240724 050902.526 INFO             PET2 ESMF_NETCDF                 : enabled
20240724 050902.526 INFO             PET2 ESMF_PNETCDF                : disabled
20240724 050902.526 INFO             PET2 ESMF_PIO                    : enabled
20240724 050902.526 INFO             PET2 ESMF_YAMLCPP                : enabled
20240724 050902.555 DEBUG            PET2 about to destroy Grid: 0x6c5a00
20240724 050902.558 DEBUG            PET2 about to destroy Grid: 0x6c6890
20240724 050902.566 INFO             PET2  NUMBER_OF_PROCESSORS           4
20240724 050902.566 INFO             PET2  PASS  Example ESMF_NUOPCAtmModelEx, ESMF_NUOPCAtmModelEx.F90, line 806
20240724 050902.566 INFO             PET2  Finalizing ESMF
20240724 050902.526 INFO             PET3 !!!!!!!!!!!!!!!!!!!!!!!!!!!!!!!!!!!!!!!!!!!!!!!!!!!!!!
20240724 050902.526 INFO             PET3 !!! THE ESMF_LOG IS SET TO OUTPUT ALL LOG MESSAGES !!!
20240724 050902.526 INFO             PET3 !!!     THIS MAY CAUSE SLOWDOWN IN PERFORMANCE     !!!
20240724 050902.526 INFO             PET3 !!! FOR PRODUCTION RUNS, USE:                      !!!
20240724 050902.526 INFO             PET3 !!!                   ESMF_LOGKIND_Multi_On_Error  !!!
20240724 050902.526 INFO             PET3 !!!!!!!!!!!!!!!!!!!!!!!!!!!!!!!!!!!!!!!!!!!!!!!!!!!!!!
20240724 050902.526 INFO             PET3 Running with ESMF Version   : v8.7.0b09-5-g5845ab67f6
20240724 050902.526 INFO             PET3 ESMF library build date/time: "Jul 24 2024" "04:37:27"
20240724 050902.526 INFO             PET3 ESMF library build location : /tmp/intel_2023.1.0-classic_mpi_O_feature_numa/esmf
20240724 050902.526 INFO             PET3 ESMF_COMM                   : mpi
20240724 050902.526 INFO             PET3 ESMF_MOAB                   : enabled
20240724 050902.526 INFO             PET3 ESMF_LAPACK                 : enabled
20240724 050902.526 INFO             PET3 ESMF_NETCDF                 : enabled
20240724 050902.526 INFO             PET3 ESMF_PNETCDF                : disabled
20240724 050902.526 INFO             PET3 ESMF_PIO                    : enabled
20240724 050902.526 INFO             PET3 ESMF_YAMLCPP                : enabled
20240724 050902.555 DEBUG            PET3 about to destroy Grid: 0x6c5a90
20240724 050902.558 DEBUG            PET3 about to destroy Grid: 0x6c6920
20240724 050902.566 INFO             PET3  NUMBER_OF_PROCESSORS           4
20240724 050902.566 INFO             PET3  PASS  Example ESMF_NUOPCAtmModelEx, ESMF_NUOPCAtmModelEx.F90, line 806
20240724 050902.566 INFO             PET3  Finalizing ESMF
