2024-06-19 03:10:43
20240619 033316.509 INFO             PET0 !!!!!!!!!!!!!!!!!!!!!!!!!!!!!!!!!!!!!!!!!!!!!!!!!!!!!!
20240619 033316.511 INFO             PET0 !!! THE ESMF_LOG IS SET TO OUTPUT ALL LOG MESSAGES !!!
20240619 033316.511 INFO             PET0 !!!     THIS MAY CAUSE SLOWDOWN IN PERFORMANCE     !!!
20240619 033316.511 INFO             PET0 !!! FOR PRODUCTION RUNS, USE:                      !!!
20240619 033316.511 INFO             PET0 !!!                   ESMF_LOGKIND_Multi_On_Error  !!!
20240619 033316.511 INFO             PET0 !!!!!!!!!!!!!!!!!!!!!!!!!!!!!!!!!!!!!!!!!!!!!!!!!!!!!!
20240619 033316.511 INFO             PET0 Running with ESMF Version   : v8.7.0b07-2-ga1ccd5de8a
20240619 033316.511 INFO             PET0 ESMF library build date/time: "Jun 19 2024" "03:08:49"
20240619 033316.511 INFO             PET0 ESMF library build location : /project/esmf/sacks/esmf-testing/gfortran_11.2.0_mpiuni_O_develop/esmf
20240619 033316.511 INFO             PET0 ESMF_COMM                   : mpiuni
20240619 033316.511 INFO             PET0 ESMF_MOAB                   : enabled
20240619 033316.511 INFO             PET0 ESMF_LAPACK                 : enabled
20240619 033316.511 INFO             PET0 ESMF_NETCDF                 : enabled
20240619 033316.511 INFO             PET0 ESMF_PNETCDF                : disabled
20240619 033316.511 INFO             PET0 ESMF_PIO                    : disabled
20240619 033316.511 INFO             PET0 ESMF_YAMLCPP                : enabled
20240619 033316.541 INFO             PET0  NUMBER_OF_PROCESSORS           1
20240619 033316.541 INFO             PET0  PASS  Example ESMF_RHandleReusabilityEx, ESMF_RHandleReusabilityEx.F90, line 582
20240619 033316.541 INFO             PET0  Finalizing ESMF
