2024-06-03 03:11:39
20240603 033519.356 INFO             PET0 !!!!!!!!!!!!!!!!!!!!!!!!!!!!!!!!!!!!!!!!!!!!!!!!!!!!!!
20240603 033519.358 INFO             PET0 !!! THE ESMF_LOG IS SET TO OUTPUT ALL LOG MESSAGES !!!
20240603 033519.358 INFO             PET0 !!!     THIS MAY CAUSE SLOWDOWN IN PERFORMANCE     !!!
20240603 033519.358 INFO             PET0 !!! FOR PRODUCTION RUNS, USE:                      !!!
20240603 033519.358 INFO             PET0 !!!                   ESMF_LOGKIND_Multi_On_Error  !!!
20240603 033519.358 INFO             PET0 !!!!!!!!!!!!!!!!!!!!!!!!!!!!!!!!!!!!!!!!!!!!!!!!!!!!!!
20240603 033519.358 INFO             PET0 Running with ESMF Version   : v8.7.0b06-37-g31f880616f
20240603 033519.358 INFO             PET0 ESMF library build date/time: "Jun  3 2024" "03:09:48"
20240603 033519.358 INFO             PET0 ESMF library build location : /project/esmf/sacks/esmf-testing/gfortran_11.2.0_mpiuni_O_develop/esmf
20240603 033519.358 INFO             PET0 ESMF_COMM                   : mpiuni
20240603 033519.358 INFO             PET0 ESMF_MOAB                   : enabled
20240603 033519.358 INFO             PET0 ESMF_LAPACK                 : enabled
20240603 033519.358 INFO             PET0 ESMF_NETCDF                 : enabled
20240603 033519.358 INFO             PET0 ESMF_PNETCDF                : disabled
20240603 033519.358 INFO             PET0 ESMF_PIO                    : disabled
20240603 033519.358 INFO             PET0 ESMF_YAMLCPP                : enabled
20240603 033519.426 DEBUG            PET0 about to destroy Grid: 0x7fc08e862200
20240603 033519.433 DEBUG            PET0 about to destroy Grid: 0x7fc08e86fe00
20240603 033519.455 INFO             PET0  NUMBER_OF_PROCESSORS           1
20240603 033519.455 INFO             PET0  PASS  Example ESMF_NUOPCAtmModelEx, ESMF_NUOPCAtmModelEx.F90, line 806
20240603 033519.455 INFO             PET0  Finalizing ESMF
