2024-07-09 03:11:08
20240709 033314.697 INFO             PET0 !!!!!!!!!!!!!!!!!!!!!!!!!!!!!!!!!!!!!!!!!!!!!!!!!!!!!!
20240709 033314.699 INFO             PET0 !!! THE ESMF_LOG IS SET TO OUTPUT ALL LOG MESSAGES !!!
20240709 033314.699 INFO             PET0 !!!     THIS MAY CAUSE SLOWDOWN IN PERFORMANCE     !!!
20240709 033314.699 INFO             PET0 !!! FOR PRODUCTION RUNS, USE:                      !!!
20240709 033314.699 INFO             PET0 !!!                   ESMF_LOGKIND_Multi_On_Error  !!!
20240709 033314.699 INFO             PET0 !!!!!!!!!!!!!!!!!!!!!!!!!!!!!!!!!!!!!!!!!!!!!!!!!!!!!!
20240709 033314.699 INFO             PET0 Running with ESMF Version   : v8.7.0b08-12-ga4da9b3757
20240709 033314.699 INFO             PET0 ESMF library build date/time: "Jul  9 2024" "03:09:15"
20240709 033314.699 INFO             PET0 ESMF library build location : /project/esmf/sacks/esmf-testing/gfortran_11.2.0_mpiuni_O_develop/esmf
20240709 033314.699 INFO             PET0 ESMF_COMM                   : mpiuni
20240709 033314.699 INFO             PET0 ESMF_MOAB                   : enabled
20240709 033314.699 INFO             PET0 ESMF_LAPACK                 : enabled
20240709 033314.699 INFO             PET0 ESMF_NETCDF                 : enabled
20240709 033314.699 INFO             PET0 ESMF_PNETCDF                : disabled
20240709 033314.699 INFO             PET0 ESMF_PIO                    : enabled
20240709 033314.699 INFO             PET0 ESMF_YAMLCPP                : enabled
20240709 033314.699 INFO             PET0 ESMF Tracing Enabled
20240709 033314.700 INFO             PET0 ESMF Profiling Enabled
20240709 033314.700 INFO             PET0 ESMF Trace/Profile clock: REALTIME
20240709 033314.703 INFO             PET0  NUMBER_OF_PROCESSORS           1
20240709 033314.703 INFO             PET0  PASS  Example ESMF_TraceEx, ESMF_TraceEx.F90, line 178
20240709 033314.703 INFO             PET0  Finalizing ESMF
20240709 033314.703 INFO             PET0 **************** Region Timings *******************
20240709 033314.703 INFO             PET0 Region              Count  Total (s)   Self (s)    Mean (s)    Min (s)     Max (s)
20240709 033314.703 INFO             PET0   [ESMF]            1      0.0019      0.0019      0.0019      0.0019      0.0019
20240709 033314.703 INFO             PET0     [test] Run 1    5      0.0000      0.0000      0.0000      0.0000      0.0000
20240709 033314.703 INFO             PET0     [test] Init 1   1      0.0000      0.0000      0.0000      0.0000      0.0000
20240709 033314.703 INFO             PET0     [test] Final 1  1      0.0000      0.0000      0.0000      0.0000      0.0000
