2024-06-06 03:10:23
20240606 033235.823 INFO             PET0 !!!!!!!!!!!!!!!!!!!!!!!!!!!!!!!!!!!!!!!!!!!!!!!!!!!!!!
20240606 033235.825 INFO             PET0 !!! THE ESMF_LOG IS SET TO OUTPUT ALL LOG MESSAGES !!!
20240606 033235.825 INFO             PET0 !!!     THIS MAY CAUSE SLOWDOWN IN PERFORMANCE     !!!
20240606 033235.825 INFO             PET0 !!! FOR PRODUCTION RUNS, USE:                      !!!
20240606 033235.825 INFO             PET0 !!!                   ESMF_LOGKIND_Multi_On_Error  !!!
20240606 033235.825 INFO             PET0 !!!!!!!!!!!!!!!!!!!!!!!!!!!!!!!!!!!!!!!!!!!!!!!!!!!!!!
20240606 033235.825 INFO             PET0 Running with ESMF Version   : v8.7.0b06-37-g31f880616f
20240606 033235.825 INFO             PET0 ESMF library build date/time: "Jun  6 2024" "03:08:36"
20240606 033235.825 INFO             PET0 ESMF library build location : /project/esmf/sacks/esmf-testing/gfortran_11.2.0_mpiuni_O_develop/esmf
20240606 033235.825 INFO             PET0 ESMF_COMM                   : mpiuni
20240606 033235.825 INFO             PET0 ESMF_MOAB                   : enabled
20240606 033235.825 INFO             PET0 ESMF_LAPACK                 : enabled
20240606 033235.825 INFO             PET0 ESMF_NETCDF                 : enabled
20240606 033235.825 INFO             PET0 ESMF_PNETCDF                : disabled
20240606 033235.825 INFO             PET0 ESMF_PIO                    : disabled
20240606 033235.825 INFO             PET0 ESMF_YAMLCPP                : enabled
20240606 033235.898 INFO             PET0  NUMBER_OF_PROCESSORS           1
20240606 033235.898 INFO             PET0  PASS  Example ESMF_RHandleDynamicMaskingEx, ESMF_RHandleDynamicMaskingEx.F90, line 1116
20240606 033235.898 INFO             PET0  Finalizing ESMF
