2024-05-24 03:09:15
20240524 033109.778 INFO             PET0 !!!!!!!!!!!!!!!!!!!!!!!!!!!!!!!!!!!!!!!!!!!!!!!!!!!!!!
20240524 033109.780 INFO             PET0 !!! THE ESMF_LOG IS SET TO OUTPUT ALL LOG MESSAGES !!!
20240524 033109.780 INFO             PET0 !!!     THIS MAY CAUSE SLOWDOWN IN PERFORMANCE     !!!
20240524 033109.780 INFO             PET0 !!! FOR PRODUCTION RUNS, USE:                      !!!
20240524 033109.780 INFO             PET0 !!!                   ESMF_LOGKIND_Multi_On_Error  !!!
20240524 033109.780 INFO             PET0 !!!!!!!!!!!!!!!!!!!!!!!!!!!!!!!!!!!!!!!!!!!!!!!!!!!!!!
20240524 033109.780 INFO             PET0 Running with ESMF Version   : v8.7.0b06
20240524 033109.780 INFO             PET0 ESMF library build date/time: "May 24 2024" "03:07:29"
20240524 033109.780 INFO             PET0 ESMF library build location : /project/esmf/sacks/esmf-testing/gfortran_11.2.0_mpiuni_O_develop/esmf
20240524 033109.780 INFO             PET0 ESMF_COMM                   : mpiuni
20240524 033109.780 INFO             PET0 ESMF_MOAB                   : enabled
20240524 033109.780 INFO             PET0 ESMF_LAPACK                 : enabled
20240524 033109.780 INFO             PET0 ESMF_NETCDF                 : enabled
20240524 033109.780 INFO             PET0 ESMF_PNETCDF                : disabled
20240524 033109.780 INFO             PET0 ESMF_PIO                    : disabled
20240524 033109.780 INFO             PET0 ESMF_YAMLCPP                : enabled
20240524 033109.784 INFO             PET0 ESMF_FieldRedistStoreNF(): Just entered routine.
20240524 033109.993 INFO             PET0 ESMF_FieldRedistStoreNF(): Leaving routine.
20240524 033110.037 INFO             PET0  NUMBER_OF_PROCESSORS           1
20240524 033110.037 INFO             PET0  PASS  Example ESMF_RHandleFromFileEx, ESMF_RHandleFromFileEx.F90, line 192
20240524 033110.037 INFO             PET0  Finalizing ESMF
