2024-05-14 03:15:36
20240514 033747.292 INFO             PET0 !!!!!!!!!!!!!!!!!!!!!!!!!!!!!!!!!!!!!!!!!!!!!!!!!!!!!!
20240514 033747.294 INFO             PET0 !!! THE ESMF_LOG IS SET TO OUTPUT ALL LOG MESSAGES !!!
20240514 033747.294 INFO             PET0 !!!     THIS MAY CAUSE SLOWDOWN IN PERFORMANCE     !!!
20240514 033747.294 INFO             PET0 !!! FOR PRODUCTION RUNS, USE:                      !!!
20240514 033747.294 INFO             PET0 !!!                   ESMF_LOGKIND_Multi_On_Error  !!!
20240514 033747.294 INFO             PET0 !!!!!!!!!!!!!!!!!!!!!!!!!!!!!!!!!!!!!!!!!!!!!!!!!!!!!!
20240514 033747.294 INFO             PET0 Running with ESMF Version   : v8.7.0b05-79-ga8d1e7bca1
20240514 033747.294 INFO             PET0 ESMF library build date/time: "May 14 2024" "03:13:44"
20240514 033747.294 INFO             PET0 ESMF library build location : /project/esmf/sacks/esmf-testing/gfortran_11.2.0_mpiuni_O_develop/esmf
20240514 033747.294 INFO             PET0 ESMF_COMM                   : mpiuni
20240514 033747.294 INFO             PET0 ESMF_MOAB                   : enabled
20240514 033747.294 INFO             PET0 ESMF_LAPACK                 : enabled
20240514 033747.294 INFO             PET0 ESMF_NETCDF                 : enabled
20240514 033747.294 INFO             PET0 ESMF_PNETCDF                : disabled
20240514 033747.294 INFO             PET0 ESMF_PIO                    : disabled
20240514 033747.294 INFO             PET0 ESMF_YAMLCPP                : enabled
20240514 033747.294 INFO             PET0  NUMBER_OF_PROCESSORS           1
20240514 033747.294 INFO             PET0  PASS  Example ESMF_VMAllFullReduceEx, ESMF_VMAllFullReduceEx.F90, line 113
20240514 033747.294 INFO             PET0  Finalizing ESMF
