2024-05-17 03:12:13
20240517 033458.180 INFO             PET0 !!!!!!!!!!!!!!!!!!!!!!!!!!!!!!!!!!!!!!!!!!!!!!!!!!!!!!
20240517 033458.182 INFO             PET0 !!! THE ESMF_LOG IS SET TO OUTPUT ALL LOG MESSAGES !!!
20240517 033458.182 INFO             PET0 !!!     THIS MAY CAUSE SLOWDOWN IN PERFORMANCE     !!!
20240517 033458.182 INFO             PET0 !!! FOR PRODUCTION RUNS, USE:                      !!!
20240517 033458.182 INFO             PET0 !!!                   ESMF_LOGKIND_Multi_On_Error  !!!
20240517 033458.182 INFO             PET0 !!!!!!!!!!!!!!!!!!!!!!!!!!!!!!!!!!!!!!!!!!!!!!!!!!!!!!
20240517 033458.182 INFO             PET0 Running with ESMF Version   : v8.7.0b05-82-gd3465958ff
20240517 033458.182 INFO             PET0 ESMF library build date/time: "May 17 2024" "03:10:21"
20240517 033458.182 INFO             PET0 ESMF library build location : /project/esmf/sacks/esmf-testing/gfortran_11.2.0_mpiuni_O_develop/esmf
20240517 033458.182 INFO             PET0 ESMF_COMM                   : mpiuni
20240517 033458.182 INFO             PET0 ESMF_MOAB                   : enabled
20240517 033458.182 INFO             PET0 ESMF_LAPACK                 : enabled
20240517 033458.182 INFO             PET0 ESMF_NETCDF                 : enabled
20240517 033458.182 INFO             PET0 ESMF_PNETCDF                : disabled
20240517 033458.182 INFO             PET0 ESMF_PIO                    : disabled
20240517 033458.182 INFO             PET0 ESMF_YAMLCPP                : enabled
20240517 033458.192 INFO             PET0  NUMBER_OF_PROCESSORS           1
20240517 033458.192 INFO             PET0  PASS  Example ESMF_LocStreamEx, ESMF_LocStreamEx.F90, line 784
20240517 033458.192 INFO             PET0  Finalizing ESMF
