2024-07-24 06:52:48
20240724 073257.830 INFO             PET0 !!!!!!!!!!!!!!!!!!!!!!!!!!!!!!!!!!!!!!!!!!!!!!!!!!!!!!
20240724 073257.832 INFO             PET0 !!! THE ESMF_LOG IS SET TO OUTPUT ALL LOG MESSAGES !!!
20240724 073257.832 INFO             PET0 !!!     THIS MAY CAUSE SLOWDOWN IN PERFORMANCE     !!!
20240724 073257.832 INFO             PET0 !!! FOR PRODUCTION RUNS, USE:                      !!!
20240724 073257.832 INFO             PET0 !!!                   ESMF_LOGKIND_Multi_On_Error  !!!
20240724 073257.832 INFO             PET0 !!!!!!!!!!!!!!!!!!!!!!!!!!!!!!!!!!!!!!!!!!!!!!!!!!!!!!
20240724 073257.832 INFO             PET0 Running with ESMF Version   : v8.7.0b09-5-g5845ab67f6
20240724 073257.832 INFO             PET0 ESMF library build date/time: "Jul 24 2024" "06:50:28"
20240724 073257.832 INFO             PET0 ESMF library build location : /Users/sacks/projects/scratch/esmf-testing/gfortranclang_12.2.0_14.0.0_mpiuni_g_feature_numa/esmf
20240724 073257.832 INFO             PET0 ESMF_COMM                   : mpiuni
20240724 073257.832 INFO             PET0 ESMF_MOAB                   : enabled
20240724 073257.832 INFO             PET0 ESMF_LAPACK                 : enabled
20240724 073257.832 INFO             PET0 ESMF_NETCDF                 : enabled
20240724 073257.832 INFO             PET0 ESMF_PNETCDF                : disabled
20240724 073257.832 INFO             PET0 ESMF_PIO                    : enabled
20240724 073257.832 INFO             PET0 ESMF_YAMLCPP                : enabled
20240724 073257.834 INFO             PET0 Log Write 2
20240724 073257.834 ERROR            PET0 Invalid object  - Convergence failure
20240724 073257.835 ERROR            PET0 ESMCI_Time.C:866 ESMCI::Time::syncToRealTime() Wrong argument specified  - ; calkindflag is NOCALENDAR. Only GREGORIAN and JULIAN are supported when syncing to real time.
20240724 073257.836 ERROR            PET0 ESMF_Time.F90:1485 ESMF_TimeSyncToRealTime() Wrong argument specified  - Internal subroutine call returned Error
20240724 073257.836 ERROR            PET0 Wrong argument specified  - getting wall clock time
20240724 073257.836 INFO             PET0  NUMBER_OF_PROCESSORS           1
20240724 073257.836 INFO             PET0  PASS  Example ESMF_LogErrEx, ESMF_LogErrEx.F90, line 186
20240724 073257.836 INFO             PET0  Finalizing ESMF
