2024-06-07 03:51:43
20240607 042827.312 INFO             PET0 !!!!!!!!!!!!!!!!!!!!!!!!!!!!!!!!!!!!!!!!!!!!!!!!!!!!!!
20240607 042827.312 INFO             PET0 !!! THE ESMF_LOG IS SET TO OUTPUT ALL LOG MESSAGES !!!
20240607 042827.312 INFO             PET0 !!!     THIS MAY CAUSE SLOWDOWN IN PERFORMANCE     !!!
20240607 042827.312 INFO             PET0 !!! FOR PRODUCTION RUNS, USE:                      !!!
20240607 042827.312 INFO             PET0 !!!                   ESMF_LOGKIND_Multi_On_Error  !!!
20240607 042827.312 INFO             PET0 !!!!!!!!!!!!!!!!!!!!!!!!!!!!!!!!!!!!!!!!!!!!!!!!!!!!!!
20240607 042827.312 INFO             PET0 Running with ESMF Version   : v8.7.0b06-42-g13be2f7f6d
20240607 042827.312 INFO             PET0 ESMF library build date/time: "Jun  7 2024" "03:48:57"
20240607 042827.312 INFO             PET0 ESMF library build location : /glade/derecho/scratch/sacks/esmf-testing/cce_15.0.1_mpiuni_O_develop/esmf
20240607 042827.312 INFO             PET0 ESMF_COMM                   : mpiuni
20240607 042827.318 INFO             PET0 ESMF_MOAB                   : enabled
20240607 042827.318 INFO             PET0 ESMF_LAPACK                 : enabled
20240607 042827.318 INFO             PET0 ESMF_NETCDF                 : enabled
20240607 042827.318 INFO             PET0 ESMF_PNETCDF                : disabled
20240607 042827.318 INFO             PET0 ESMF_PIO                    : disabled
20240607 042827.318 INFO             PET0 ESMF_YAMLCPP                : enabled
20240607 042827.318 INFO             PET0 ESMF Tracing Enabled
20240607 042827.318 INFO             PET0 ESMF Profiling Enabled
20240607 042827.318 INFO             PET0 ESMF Trace/Profile clock: REALTIME
20240607 042827.369 INFO             PET0  NUMBER_OF_PROCESSORS 1
20240607 042827.369 INFO             PET0  PASS  Example ESMF_TraceEx, ESMF_TraceEx.F90, line 178
20240607 042827.369 INFO             PET0  Finalizing ESMF
20240607 042827.370 INFO             PET0 **************** Region Timings *******************
20240607 042827.370 INFO             PET0 Region              Count  Total (s)   Self (s)    Mean (s)    Min (s)     Max (s)
20240607 042827.370 INFO             PET0   [ESMF]            1      0.0011      0.0011      0.0011      0.0011      0.0011
20240607 042827.370 INFO             PET0     [test] Run 1    5      0.0000      0.0000      0.0000      0.0000      0.0000
20240607 042827.370 INFO             PET0     [test] Init 1   1      0.0000      0.0000      0.0000      0.0000      0.0000
20240607 042827.370 INFO             PET0     [test] Final 1  1      0.0000      0.0000      0.0000      0.0000      0.0000
