2024-06-05 03:51:54
20240605 043123.686 INFO             PET0 !!!!!!!!!!!!!!!!!!!!!!!!!!!!!!!!!!!!!!!!!!!!!!!!!!!!!!
20240605 043123.686 INFO             PET0 !!! THE ESMF_LOG IS SET TO OUTPUT ALL LOG MESSAGES !!!
20240605 043123.686 INFO             PET0 !!!     THIS MAY CAUSE SLOWDOWN IN PERFORMANCE     !!!
20240605 043123.686 INFO             PET0 !!! FOR PRODUCTION RUNS, USE:                      !!!
20240605 043123.686 INFO             PET0 !!!                   ESMF_LOGKIND_Multi_On_Error  !!!
20240605 043123.686 INFO             PET0 !!!!!!!!!!!!!!!!!!!!!!!!!!!!!!!!!!!!!!!!!!!!!!!!!!!!!!
20240605 043123.686 INFO             PET0 Running with ESMF Version   : v8.7.0b06-37-g31f880616f
20240605 043123.686 INFO             PET0 ESMF library build date/time: "Jun  5 2024" "03:49:21"
20240605 043123.686 INFO             PET0 ESMF library build location : /glade/derecho/scratch/sacks/esmf-testing/cce_15.0.1_mpiuni_O_develop/esmf
20240605 043123.686 INFO             PET0 ESMF_COMM                   : mpiuni
20240605 043123.687 INFO             PET0 ESMF_MOAB                   : enabled
20240605 043123.687 INFO             PET0 ESMF_LAPACK                 : enabled
20240605 043123.687 INFO             PET0 ESMF_NETCDF                 : enabled
20240605 043123.687 INFO             PET0 ESMF_PNETCDF                : disabled
20240605 043123.687 INFO             PET0 ESMF_PIO                    : disabled
20240605 043123.687 INFO             PET0 ESMF_YAMLCPP                : enabled
20240605 043123.716 DEBUG            PET0 about to destroy Grid: 0x76b090
20240605 043123.719 DEBUG            PET0 about to destroy Grid: 0x76e000
20240605 043123.728 INFO             PET0  NUMBER_OF_PROCESSORS 1
20240605 043123.728 INFO             PET0  PASS  Example ESMF_NUOPCAtmModelEx, ESMF_NUOPCAtmModelEx.F90, line 806
20240605 043123.728 INFO             PET0  Finalizing ESMF
