2024-07-11 03:33:26
20240711 040829.122 INFO             PET0 !!!!!!!!!!!!!!!!!!!!!!!!!!!!!!!!!!!!!!!!!!!!!!!!!!!!!!
20240711 040829.122 INFO             PET0 !!! THE ESMF_LOG IS SET TO OUTPUT ALL LOG MESSAGES !!!
20240711 040829.122 INFO             PET0 !!!     THIS MAY CAUSE SLOWDOWN IN PERFORMANCE     !!!
20240711 040829.122 INFO             PET0 !!! FOR PRODUCTION RUNS, USE:                      !!!
20240711 040829.122 INFO             PET0 !!!                   ESMF_LOGKIND_Multi_On_Error  !!!
20240711 040829.122 INFO             PET0 !!!!!!!!!!!!!!!!!!!!!!!!!!!!!!!!!!!!!!!!!!!!!!!!!!!!!!
20240711 040829.122 INFO             PET0 Running with ESMF Version   : v8.7.0b08-14-g2afdc553e7
20240711 040829.122 INFO             PET0 ESMF library build date/time: "Jul 11 2024" "03:31:09"
20240711 040829.122 INFO             PET0 ESMF library build location : /glade/derecho/scratch/sacks/esmf-testing/cce_15.0.1_mpiuni_O_develop/esmf
20240711 040829.122 INFO             PET0 ESMF_COMM                   : mpiuni
20240711 040829.123 INFO             PET0 ESMF_MOAB                   : enabled
20240711 040829.123 INFO             PET0 ESMF_LAPACK                 : enabled
20240711 040829.123 INFO             PET0 ESMF_NETCDF                 : enabled
20240711 040829.123 INFO             PET0 ESMF_PNETCDF                : disabled
20240711 040829.123 INFO             PET0 ESMF_PIO                    : enabled
20240711 040829.123 INFO             PET0 ESMF_YAMLCPP                : enabled
20240711 040829.124 INFO             PET0  NUMBER_OF_PROCESSORS 1
20240711 040829.124 INFO             PET0  PASS  Example ESMF_AlarmEx, ESMF_AlarmEx.F90, line 244
20240711 040829.124 INFO             PET0  Finalizing ESMF
