2024-05-30 03:31:44
20240530 040607.869 INFO             PET0 !!!!!!!!!!!!!!!!!!!!!!!!!!!!!!!!!!!!!!!!!!!!!!!!!!!!!!
20240530 040607.869 INFO             PET0 !!! THE ESMF_LOG IS SET TO OUTPUT ALL LOG MESSAGES !!!
20240530 040607.869 INFO             PET0 !!!     THIS MAY CAUSE SLOWDOWN IN PERFORMANCE     !!!
20240530 040607.869 INFO             PET0 !!! FOR PRODUCTION RUNS, USE:                      !!!
20240530 040607.869 INFO             PET0 !!!                   ESMF_LOGKIND_Multi_On_Error  !!!
20240530 040607.869 INFO             PET0 !!!!!!!!!!!!!!!!!!!!!!!!!!!!!!!!!!!!!!!!!!!!!!!!!!!!!!
20240530 040607.869 INFO             PET0 Running with ESMF Version   : v8.7.0b06-6-g5fb1a7b839
20240530 040607.869 INFO             PET0 ESMF library build date/time: "May 30 2024" "03:29:24"
20240530 040607.869 INFO             PET0 ESMF library build location : /glade/derecho/scratch/sacks/esmf-testing/cce_15.0.1_mpiuni_O_develop/esmf
20240530 040607.869 INFO             PET0 ESMF_COMM                   : mpiuni
20240530 040607.870 INFO             PET0 ESMF_MOAB                   : enabled
20240530 040607.870 INFO             PET0 ESMF_LAPACK                 : enabled
20240530 040607.870 INFO             PET0 ESMF_NETCDF                 : enabled
20240530 040607.870 INFO             PET0 ESMF_PNETCDF                : disabled
20240530 040607.870 INFO             PET0 ESMF_PIO                    : disabled
20240530 040607.870 INFO             PET0 ESMF_YAMLCPP                : enabled
20240530 040607.872 INFO             PET0  NUMBER_OF_PROCESSORS 1
20240530 040607.872 INFO             PET0  PASS  Example ESMF_FieldBundleCreateEx, ESMF_FieldBundleCreateEx.F90, line 561
20240530 040607.872 INFO             PET0  Finalizing ESMF
