2024-07-03 03:29:33
20240703 040344.474 INFO             PET0 !!!!!!!!!!!!!!!!!!!!!!!!!!!!!!!!!!!!!!!!!!!!!!!!!!!!!!
20240703 040344.474 INFO             PET0 !!! THE ESMF_LOG IS SET TO OUTPUT ALL LOG MESSAGES !!!
20240703 040344.474 INFO             PET0 !!!     THIS MAY CAUSE SLOWDOWN IN PERFORMANCE     !!!
20240703 040344.474 INFO             PET0 !!! FOR PRODUCTION RUNS, USE:                      !!!
20240703 040344.474 INFO             PET0 !!!                   ESMF_LOGKIND_Multi_On_Error  !!!
20240703 040344.474 INFO             PET0 !!!!!!!!!!!!!!!!!!!!!!!!!!!!!!!!!!!!!!!!!!!!!!!!!!!!!!
20240703 040344.474 INFO             PET0 Running with ESMF Version   : v8.7.0b08
20240703 040344.474 INFO             PET0 ESMF library build date/time: "Jul  3 2024" "03:27:17"
20240703 040344.474 INFO             PET0 ESMF library build location : /glade/derecho/scratch/sacks/esmf-testing/cce_15.0.1_mpiuni_O_develop/esmf
20240703 040344.474 INFO             PET0 ESMF_COMM                   : mpiuni
20240703 040344.475 INFO             PET0 ESMF_MOAB                   : enabled
20240703 040344.475 INFO             PET0 ESMF_LAPACK                 : enabled
20240703 040344.475 INFO             PET0 ESMF_NETCDF                 : enabled
20240703 040344.475 INFO             PET0 ESMF_PNETCDF                : disabled
20240703 040344.475 INFO             PET0 ESMF_PIO                    : enabled
20240703 040344.475 INFO             PET0 ESMF_YAMLCPP                : enabled
20240703 040344.488 INFO             PET0  NUMBER_OF_PROCESSORS 1
20240703 040344.488 INFO             PET0  PASS  Example ESMF_StateReadWriteEx, ESMF_StateReadWriteEx.F90, line 185
20240703 040344.488 INFO             PET0  Finalizing ESMF
