2024-06-10 03:47:39
20240610 043837.758 INFO             PET0 !!!!!!!!!!!!!!!!!!!!!!!!!!!!!!!!!!!!!!!!!!!!!!!!!!!!!!
20240610 043837.758 INFO             PET0 !!! THE ESMF_LOG IS SET TO OUTPUT ALL LOG MESSAGES !!!
20240610 043837.758 INFO             PET0 !!!     THIS MAY CAUSE SLOWDOWN IN PERFORMANCE     !!!
20240610 043837.758 INFO             PET0 !!! FOR PRODUCTION RUNS, USE:                      !!!
20240610 043837.758 INFO             PET0 !!!                   ESMF_LOGKIND_Multi_On_Error  !!!
20240610 043837.758 INFO             PET0 !!!!!!!!!!!!!!!!!!!!!!!!!!!!!!!!!!!!!!!!!!!!!!!!!!!!!!
20240610 043837.758 INFO             PET0 Running with ESMF Version   : v8.7.0b07
20240610 043837.758 INFO             PET0 ESMF library build date/time: "Jun 10 2024" "03:44:04"
20240610 043837.758 INFO             PET0 ESMF library build location : /glade/derecho/scratch/sacks/esmf-testing/nvhpc_23.7_mpi_O_develop/esmf
20240610 043837.758 INFO             PET0 ESMF_COMM                   : mpi
20240610 043837.759 INFO             PET0 ESMF_MOAB                   : enabled
20240610 043837.759 INFO             PET0 ESMF_LAPACK                 : enabled
20240610 043837.759 INFO             PET0 ESMF_NETCDF                 : enabled
20240610 043837.759 INFO             PET0 ESMF_PNETCDF                : disabled
20240610 043837.759 INFO             PET0 ESMF_PIO                    : enabled
20240610 043837.759 INFO             PET0 ESMF_YAMLCPP                : enabled
20240610 043837.791 DEBUG            PET0 about to destroy Grid: 0x762700
20240610 043837.794 DEBUG            PET0 about to destroy Grid: 0x7669b0
20240610 043837.803 INFO             PET0  NUMBER_OF_PROCESSORS            4
20240610 043837.803 INFO             PET0  PASS  Example ESMF_NUOPCAtmModelEx, ESMF_NUOPCAtmModelEx.F90, line 806
20240610 043837.803 INFO             PET0  Finalizing ESMF
20240610 043837.757 INFO             PET1 !!!!!!!!!!!!!!!!!!!!!!!!!!!!!!!!!!!!!!!!!!!!!!!!!!!!!!
20240610 043837.757 INFO             PET1 !!! THE ESMF_LOG IS SET TO OUTPUT ALL LOG MESSAGES !!!
20240610 043837.757 INFO             PET1 !!!     THIS MAY CAUSE SLOWDOWN IN PERFORMANCE     !!!
20240610 043837.757 INFO             PET1 !!! FOR PRODUCTION RUNS, USE:                      !!!
20240610 043837.757 INFO             PET1 !!!                   ESMF_LOGKIND_Multi_On_Error  !!!
20240610 043837.757 INFO             PET1 !!!!!!!!!!!!!!!!!!!!!!!!!!!!!!!!!!!!!!!!!!!!!!!!!!!!!!
20240610 043837.757 INFO             PET1 Running with ESMF Version   : v8.7.0b07
20240610 043837.757 INFO             PET1 ESMF library build date/time: "Jun 10 2024" "03:44:04"
20240610 043837.757 INFO             PET1 ESMF library build location : /glade/derecho/scratch/sacks/esmf-testing/nvhpc_23.7_mpi_O_develop/esmf
20240610 043837.757 INFO             PET1 ESMF_COMM                   : mpi
20240610 043837.758 INFO             PET1 ESMF_MOAB                   : enabled
20240610 043837.758 INFO             PET1 ESMF_LAPACK                 : enabled
20240610 043837.758 INFO             PET1 ESMF_NETCDF                 : enabled
20240610 043837.758 INFO             PET1 ESMF_PNETCDF                : disabled
20240610 043837.758 INFO             PET1 ESMF_PIO                    : enabled
20240610 043837.758 INFO             PET1 ESMF_YAMLCPP                : enabled
20240610 043837.791 DEBUG            PET1 about to destroy Grid: 0x7619b0
20240610 043837.794 DEBUG            PET1 about to destroy Grid: 0x763170
20240610 043837.803 INFO             PET1  NUMBER_OF_PROCESSORS            4
20240610 043837.803 INFO             PET1  PASS  Example ESMF_NUOPCAtmModelEx, ESMF_NUOPCAtmModelEx.F90, line 806
20240610 043837.803 INFO             PET1  Finalizing ESMF
20240610 043837.758 INFO             PET2 !!!!!!!!!!!!!!!!!!!!!!!!!!!!!!!!!!!!!!!!!!!!!!!!!!!!!!
20240610 043837.758 INFO             PET2 !!! THE ESMF_LOG IS SET TO OUTPUT ALL LOG MESSAGES !!!
20240610 043837.758 INFO             PET2 !!!     THIS MAY CAUSE SLOWDOWN IN PERFORMANCE     !!!
20240610 043837.758 INFO             PET2 !!! FOR PRODUCTION RUNS, USE:                      !!!
20240610 043837.758 INFO             PET2 !!!                   ESMF_LOGKIND_Multi_On_Error  !!!
20240610 043837.758 INFO             PET2 !!!!!!!!!!!!!!!!!!!!!!!!!!!!!!!!!!!!!!!!!!!!!!!!!!!!!!
20240610 043837.758 INFO             PET2 Running with ESMF Version   : v8.7.0b07
20240610 043837.758 INFO             PET2 ESMF library build date/time: "Jun 10 2024" "03:44:04"
20240610 043837.758 INFO             PET2 ESMF library build location : /glade/derecho/scratch/sacks/esmf-testing/nvhpc_23.7_mpi_O_develop/esmf
20240610 043837.758 INFO             PET2 ESMF_COMM                   : mpi
20240610 043837.758 INFO             PET2 ESMF_MOAB                   : enabled
20240610 043837.758 INFO             PET2 ESMF_LAPACK                 : enabled
20240610 043837.758 INFO             PET2 ESMF_NETCDF                 : enabled
20240610 043837.758 INFO             PET2 ESMF_PNETCDF                : disabled
20240610 043837.758 INFO             PET2 ESMF_PIO                    : enabled
20240610 043837.758 INFO             PET2 ESMF_YAMLCPP                : enabled
20240610 043837.791 DEBUG            PET2 about to destroy Grid: 0x7607b0
20240610 043837.794 DEBUG            PET2 about to destroy Grid: 0x762510
20240610 043837.803 INFO             PET2  NUMBER_OF_PROCESSORS            4
20240610 043837.803 INFO             PET2  PASS  Example ESMF_NUOPCAtmModelEx, ESMF_NUOPCAtmModelEx.F90, line 806
20240610 043837.803 INFO             PET2  Finalizing ESMF
20240610 043837.760 INFO             PET3 !!!!!!!!!!!!!!!!!!!!!!!!!!!!!!!!!!!!!!!!!!!!!!!!!!!!!!
20240610 043837.760 INFO             PET3 !!! THE ESMF_LOG IS SET TO OUTPUT ALL LOG MESSAGES !!!
20240610 043837.760 INFO             PET3 !!!     THIS MAY CAUSE SLOWDOWN IN PERFORMANCE     !!!
20240610 043837.760 INFO             PET3 !!! FOR PRODUCTION RUNS, USE:                      !!!
20240610 043837.760 INFO             PET3 !!!                   ESMF_LOGKIND_Multi_On_Error  !!!
20240610 043837.760 INFO             PET3 !!!!!!!!!!!!!!!!!!!!!!!!!!!!!!!!!!!!!!!!!!!!!!!!!!!!!!
20240610 043837.760 INFO             PET3 Running with ESMF Version   : v8.7.0b07
20240610 043837.760 INFO             PET3 ESMF library build date/time: "Jun 10 2024" "03:44:04"
20240610 043837.760 INFO             PET3 ESMF library build location : /glade/derecho/scratch/sacks/esmf-testing/nvhpc_23.7_mpi_O_develop/esmf
20240610 043837.760 INFO             PET3 ESMF_COMM                   : mpi
20240610 043837.761 INFO             PET3 ESMF_MOAB                   : enabled
20240610 043837.761 INFO             PET3 ESMF_LAPACK                 : enabled
20240610 043837.761 INFO             PET3 ESMF_NETCDF                 : enabled
20240610 043837.761 INFO             PET3 ESMF_PNETCDF                : disabled
20240610 043837.761 INFO             PET3 ESMF_PIO                    : enabled
20240610 043837.761 INFO             PET3 ESMF_YAMLCPP                : enabled
20240610 043837.791 DEBUG            PET3 about to destroy Grid: 0x760320
20240610 043837.794 DEBUG            PET3 about to destroy Grid: 0x761ff0
20240610 043837.803 INFO             PET3  NUMBER_OF_PROCESSORS            4
20240610 043837.803 INFO             PET3  PASS  Example ESMF_NUOPCAtmModelEx, ESMF_NUOPCAtmModelEx.F90, line 806
20240610 043837.803 INFO             PET3  Finalizing ESMF
