2024-07-28 03:33:51
20240728 042013.684 INFO             PET0 !!!!!!!!!!!!!!!!!!!!!!!!!!!!!!!!!!!!!!!!!!!!!!!!!!!!!!
20240728 042013.684 INFO             PET0 !!! THE ESMF_LOG IS SET TO OUTPUT ALL LOG MESSAGES !!!
20240728 042013.684 INFO             PET0 !!!     THIS MAY CAUSE SLOWDOWN IN PERFORMANCE     !!!
20240728 042013.684 INFO             PET0 !!! FOR PRODUCTION RUNS, USE:                      !!!
20240728 042013.684 INFO             PET0 !!!                   ESMF_LOGKIND_Multi_On_Error  !!!
20240728 042013.684 INFO             PET0 !!!!!!!!!!!!!!!!!!!!!!!!!!!!!!!!!!!!!!!!!!!!!!!!!!!!!!
20240728 042013.684 INFO             PET0 Running with ESMF Version   : v8.7.0b10-2-gee9aef261f
20240728 042013.684 INFO             PET0 ESMF library build date/time: "Jul 28 2024" "03:30:33"
20240728 042013.684 INFO             PET0 ESMF library build location : /glade/derecho/scratch/sacks/esmf-testing/nvhpc_23.7_mpi_O_develop/esmf
20240728 042013.684 INFO             PET0 ESMF_COMM                   : mpi
20240728 042013.685 INFO             PET0 ESMF_MOAB                   : enabled
20240728 042013.685 INFO             PET0 ESMF_LAPACK                 : enabled
20240728 042013.685 INFO             PET0 ESMF_NETCDF                 : enabled
20240728 042013.685 INFO             PET0 ESMF_PNETCDF                : disabled
20240728 042013.685 INFO             PET0 ESMF_PIO                    : enabled
20240728 042013.685 INFO             PET0 ESMF_YAMLCPP                : enabled
20240728 042013.685 INFO             PET0  NUMBER_OF_PROCESSORS            1
20240728 042013.685 INFO             PET0  PASS  Example ESMF_AlarmEx, ESMF_AlarmEx.F90, line 244
20240728 042013.685 INFO             PET0  Finalizing ESMF
