2024-07-07 03:22:43
20240707 040652.048 INFO             PET0 !!!!!!!!!!!!!!!!!!!!!!!!!!!!!!!!!!!!!!!!!!!!!!!!!!!!!!
20240707 040652.048 INFO             PET0 !!! THE ESMF_LOG IS SET TO OUTPUT ALL LOG MESSAGES !!!
20240707 040652.048 INFO             PET0 !!!     THIS MAY CAUSE SLOWDOWN IN PERFORMANCE     !!!
20240707 040652.048 INFO             PET0 !!! FOR PRODUCTION RUNS, USE:                      !!!
20240707 040652.048 INFO             PET0 !!!                   ESMF_LOGKIND_Multi_On_Error  !!!
20240707 040652.048 INFO             PET0 !!!!!!!!!!!!!!!!!!!!!!!!!!!!!!!!!!!!!!!!!!!!!!!!!!!!!!
20240707 040652.048 INFO             PET0 Running with ESMF Version   : v8.7.0b08-12-ga4da9b3757
20240707 040652.048 INFO             PET0 ESMF library build date/time: "Jul  7 2024" "03:19:30"
20240707 040652.048 INFO             PET0 ESMF library build location : /glade/derecho/scratch/sacks/esmf-testing/nvhpc_23.7_mpi_O_develop/esmf
20240707 040652.048 INFO             PET0 ESMF_COMM                   : mpi
20240707 040652.049 INFO             PET0 ESMF_MOAB                   : enabled
20240707 040652.049 INFO             PET0 ESMF_LAPACK                 : enabled
20240707 040652.049 INFO             PET0 ESMF_NETCDF                 : enabled
20240707 040652.049 INFO             PET0 ESMF_PNETCDF                : disabled
20240707 040652.049 INFO             PET0 ESMF_PIO                    : enabled
20240707 040652.049 INFO             PET0 ESMF_YAMLCPP                : enabled
20240707 040652.049 INFO             PET0  NUMBER_OF_PROCESSORS            1
20240707 040652.049 INFO             PET0  PASS  Example ESMF_ClockEx, ESMF_ClockEx.F90, line 220
20240707 040652.049 INFO             PET0  Finalizing ESMF
