2024-06-02 03:35:36
20240602 042158.980 INFO             PET0 !!!!!!!!!!!!!!!!!!!!!!!!!!!!!!!!!!!!!!!!!!!!!!!!!!!!!!
20240602 042158.981 INFO             PET0 !!! THE ESMF_LOG IS SET TO OUTPUT ALL LOG MESSAGES !!!
20240602 042158.981 INFO             PET0 !!!     THIS MAY CAUSE SLOWDOWN IN PERFORMANCE     !!!
20240602 042158.981 INFO             PET0 !!! FOR PRODUCTION RUNS, USE:                      !!!
20240602 042158.981 INFO             PET0 !!!                   ESMF_LOGKIND_Multi_On_Error  !!!
20240602 042158.981 INFO             PET0 !!!!!!!!!!!!!!!!!!!!!!!!!!!!!!!!!!!!!!!!!!!!!!!!!!!!!!
20240602 042158.981 INFO             PET0 Running with ESMF Version   : v8.7.0b06-37-g31f880616f
20240602 042158.981 INFO             PET0 ESMF library build date/time: "Jun  2 2024" "03:32:16"
20240602 042158.981 INFO             PET0 ESMF library build location : /glade/derecho/scratch/sacks/esmf-testing/nvhpc_23.7_mpi_O_develop/esmf
20240602 042158.981 INFO             PET0 ESMF_COMM                   : mpi
20240602 042158.981 INFO             PET0 ESMF_MOAB                   : enabled
20240602 042158.981 INFO             PET0 ESMF_LAPACK                 : enabled
20240602 042158.981 INFO             PET0 ESMF_NETCDF                 : enabled
20240602 042158.981 INFO             PET0 ESMF_PNETCDF                : disabled
20240602 042158.981 INFO             PET0 ESMF_PIO                    : enabled
20240602 042158.981 INFO             PET0 ESMF_YAMLCPP                : enabled
20240602 042158.983 INFO             PET0 ESMF_FieldRedistStoreNF(): Just entered routine.
20240602 042158.983 INFO             PET0 ESMF_FieldRedistStoreNF(): Leaving routine.
20240602 042158.984 INFO             PET0 ESMF_FieldRedistStoreNF(): Just entered routine.
20240602 042158.985 INFO             PET0 ESMF_FieldRedistStoreNF(): Leaving routine.
20240602 042158.985 INFO             PET0 ESMF_FieldRedistStoreNF(): Just entered routine.
20240602 042158.985 INFO             PET0 ESMF_FieldRedistStoreNF(): Leaving routine.
20240602 042158.986 INFO             PET0  NUMBER_OF_PROCESSORS            4
20240602 042158.986 INFO             PET0  PASS  Example ESMF_FieldRedistEx, ESMF_FieldRedistEx.F90, line 521
20240602 042158.986 INFO             PET0  Finalizing ESMF
20240602 042158.981 INFO             PET1 !!!!!!!!!!!!!!!!!!!!!!!!!!!!!!!!!!!!!!!!!!!!!!!!!!!!!!
20240602 042158.981 INFO             PET1 !!! THE ESMF_LOG IS SET TO OUTPUT ALL LOG MESSAGES !!!
20240602 042158.981 INFO             PET1 !!!     THIS MAY CAUSE SLOWDOWN IN PERFORMANCE     !!!
20240602 042158.981 INFO             PET1 !!! FOR PRODUCTION RUNS, USE:                      !!!
20240602 042158.981 INFO             PET1 !!!                   ESMF_LOGKIND_Multi_On_Error  !!!
20240602 042158.981 INFO             PET1 !!!!!!!!!!!!!!!!!!!!!!!!!!!!!!!!!!!!!!!!!!!!!!!!!!!!!!
20240602 042158.981 INFO             PET1 Running with ESMF Version   : v8.7.0b06-37-g31f880616f
20240602 042158.981 INFO             PET1 ESMF library build date/time: "Jun  2 2024" "03:32:16"
20240602 042158.981 INFO             PET1 ESMF library build location : /glade/derecho/scratch/sacks/esmf-testing/nvhpc_23.7_mpi_O_develop/esmf
20240602 042158.981 INFO             PET1 ESMF_COMM                   : mpi
20240602 042158.982 INFO             PET1 ESMF_MOAB                   : enabled
20240602 042158.982 INFO             PET1 ESMF_LAPACK                 : enabled
20240602 042158.982 INFO             PET1 ESMF_NETCDF                 : enabled
20240602 042158.982 INFO             PET1 ESMF_PNETCDF                : disabled
20240602 042158.982 INFO             PET1 ESMF_PIO                    : enabled
20240602 042158.982 INFO             PET1 ESMF_YAMLCPP                : enabled
20240602 042158.983 INFO             PET1 ESMF_FieldRedistStoreNF(): Just entered routine.
20240602 042158.983 INFO             PET1 ESMF_FieldRedistStoreNF(): Leaving routine.
20240602 042158.984 INFO             PET1 ESMF_FieldRedistStoreNF(): Just entered routine.
20240602 042158.985 INFO             PET1 ESMF_FieldRedistStoreNF(): Leaving routine.
20240602 042158.985 INFO             PET1 ESMF_FieldRedistStoreNF(): Just entered routine.
20240602 042158.985 INFO             PET1 ESMF_FieldRedistStoreNF(): Leaving routine.
20240602 042158.986 INFO             PET1  NUMBER_OF_PROCESSORS            4
20240602 042158.986 INFO             PET1  PASS  Example ESMF_FieldRedistEx, ESMF_FieldRedistEx.F90, line 521
20240602 042158.986 INFO             PET1  Finalizing ESMF
20240602 042158.981 INFO             PET2 !!!!!!!!!!!!!!!!!!!!!!!!!!!!!!!!!!!!!!!!!!!!!!!!!!!!!!
20240602 042158.981 INFO             PET2 !!! THE ESMF_LOG IS SET TO OUTPUT ALL LOG MESSAGES !!!
20240602 042158.981 INFO             PET2 !!!     THIS MAY CAUSE SLOWDOWN IN PERFORMANCE     !!!
20240602 042158.981 INFO             PET2 !!! FOR PRODUCTION RUNS, USE:                      !!!
20240602 042158.981 INFO             PET2 !!!                   ESMF_LOGKIND_Multi_On_Error  !!!
20240602 042158.981 INFO             PET2 !!!!!!!!!!!!!!!!!!!!!!!!!!!!!!!!!!!!!!!!!!!!!!!!!!!!!!
20240602 042158.981 INFO             PET2 Running with ESMF Version   : v8.7.0b06-37-g31f880616f
20240602 042158.981 INFO             PET2 ESMF library build date/time: "Jun  2 2024" "03:32:16"
20240602 042158.981 INFO             PET2 ESMF library build location : /glade/derecho/scratch/sacks/esmf-testing/nvhpc_23.7_mpi_O_develop/esmf
20240602 042158.981 INFO             PET2 ESMF_COMM                   : mpi
20240602 042158.981 INFO             PET2 ESMF_MOAB                   : enabled
20240602 042158.981 INFO             PET2 ESMF_LAPACK                 : enabled
20240602 042158.981 INFO             PET2 ESMF_NETCDF                 : enabled
20240602 042158.981 INFO             PET2 ESMF_PNETCDF                : disabled
20240602 042158.981 INFO             PET2 ESMF_PIO                    : enabled
20240602 042158.981 INFO             PET2 ESMF_YAMLCPP                : enabled
20240602 042158.983 INFO             PET2 ESMF_FieldRedistStoreNF(): Just entered routine.
20240602 042158.983 INFO             PET2 ESMF_FieldRedistStoreNF(): Leaving routine.
20240602 042158.984 INFO             PET2 ESMF_FieldRedistStoreNF(): Just entered routine.
20240602 042158.985 INFO             PET2 ESMF_FieldRedistStoreNF(): Leaving routine.
20240602 042158.985 INFO             PET2 ESMF_FieldRedistStoreNF(): Just entered routine.
20240602 042158.985 INFO             PET2 ESMF_FieldRedistStoreNF(): Leaving routine.
20240602 042158.986 INFO             PET2  NUMBER_OF_PROCESSORS            4
20240602 042158.986 INFO             PET2  PASS  Example ESMF_FieldRedistEx, ESMF_FieldRedistEx.F90, line 521
20240602 042158.986 INFO             PET2  Finalizing ESMF
20240602 042158.981 INFO             PET3 !!!!!!!!!!!!!!!!!!!!!!!!!!!!!!!!!!!!!!!!!!!!!!!!!!!!!!
20240602 042158.981 INFO             PET3 !!! THE ESMF_LOG IS SET TO OUTPUT ALL LOG MESSAGES !!!
20240602 042158.981 INFO             PET3 !!!     THIS MAY CAUSE SLOWDOWN IN PERFORMANCE     !!!
20240602 042158.981 INFO             PET3 !!! FOR PRODUCTION RUNS, USE:                      !!!
20240602 042158.981 INFO             PET3 !!!                   ESMF_LOGKIND_Multi_On_Error  !!!
20240602 042158.981 INFO             PET3 !!!!!!!!!!!!!!!!!!!!!!!!!!!!!!!!!!!!!!!!!!!!!!!!!!!!!!
20240602 042158.981 INFO             PET3 Running with ESMF Version   : v8.7.0b06-37-g31f880616f
20240602 042158.981 INFO             PET3 ESMF library build date/time: "Jun  2 2024" "03:32:16"
20240602 042158.981 INFO             PET3 ESMF library build location : /glade/derecho/scratch/sacks/esmf-testing/nvhpc_23.7_mpi_O_develop/esmf
20240602 042158.981 INFO             PET3 ESMF_COMM                   : mpi
20240602 042158.982 INFO             PET3 ESMF_MOAB                   : enabled
20240602 042158.982 INFO             PET3 ESMF_LAPACK                 : enabled
20240602 042158.982 INFO             PET3 ESMF_NETCDF                 : enabled
20240602 042158.982 INFO             PET3 ESMF_PNETCDF                : disabled
20240602 042158.982 INFO             PET3 ESMF_PIO                    : enabled
20240602 042158.982 INFO             PET3 ESMF_YAMLCPP                : enabled
20240602 042158.983 INFO             PET3 ESMF_FieldRedistStoreNF(): Just entered routine.
20240602 042158.983 INFO             PET3 ESMF_FieldRedistStoreNF(): Leaving routine.
20240602 042158.984 INFO             PET3 ESMF_FieldRedistStoreNF(): Just entered routine.
20240602 042158.985 INFO             PET3 ESMF_FieldRedistStoreNF(): Leaving routine.
20240602 042158.985 INFO             PET3 ESMF_FieldRedistStoreNF(): Just entered routine.
20240602 042158.985 INFO             PET3 ESMF_FieldRedistStoreNF(): Leaving routine.
20240602 042158.985 INFO             PET3  NUMBER_OF_PROCESSORS            4
20240602 042158.986 INFO             PET3  PASS  Example ESMF_FieldRedistEx, ESMF_FieldRedistEx.F90, line 521
20240602 042158.986 INFO             PET3  Finalizing ESMF
