2024-06-01 01:45:12
20240601 020217.620 INFO             PET0 !!!!!!!!!!!!!!!!!!!!!!!!!!!!!!!!!!!!!!!!!!!!!!!!!!!!!!
20240601 020217.620 INFO             PET0 !!! THE ESMF_LOG IS SET TO OUTPUT ALL LOG MESSAGES !!!
20240601 020217.620 INFO             PET0 !!!     THIS MAY CAUSE SLOWDOWN IN PERFORMANCE     !!!
20240601 020217.620 INFO             PET0 !!! FOR PRODUCTION RUNS, USE:                      !!!
20240601 020217.620 INFO             PET0 !!!                   ESMF_LOGKIND_Multi_On_Error  !!!
20240601 020217.620 INFO             PET0 !!!!!!!!!!!!!!!!!!!!!!!!!!!!!!!!!!!!!!!!!!!!!!!!!!!!!!
20240601 020217.620 INFO             PET0 Running with ESMF Version   : v8.7.0b06-37-g31f880616f
20240601 020217.620 INFO             PET0 ESMF library build date/time: "Jun  1 2024" "01:44:10"
20240601 020217.620 INFO             PET0 ESMF library build location : /home/gerhard/ESMF-Nightly-Testing/gfortran_7.4.0_mpich_O_develop/esmf
20240601 020217.620 INFO             PET0 ESMF_COMM                   : mpich
20240601 020217.620 INFO             PET0 ESMF_MOAB                   : enabled
20240601 020217.620 INFO             PET0 ESMF_LAPACK                 : enabled
20240601 020217.620 INFO             PET0 ESMF_NETCDF                 : enabled
20240601 020217.620 INFO             PET0 ESMF_PNETCDF                : disabled
20240601 020217.620 INFO             PET0 ESMF_PIO                    : enabled
20240601 020217.620 INFO             PET0 ESMF_YAMLCPP                : enabled
20240601 020217.657 DEBUG            PET0 about to destroy Grid: 0xf412d0
20240601 020217.661 DEBUG            PET0 about to destroy Grid: 0xf42cf0
20240601 020217.672 INFO             PET0  NUMBER_OF_PROCESSORS           4
20240601 020217.672 INFO             PET0  PASS  Example ESMF_NUOPCAtmModelEx, ESMF_NUOPCAtmModelEx.F90, line 806
20240601 020217.672 INFO             PET0  Finalizing ESMF
20240601 020217.620 INFO             PET1 !!!!!!!!!!!!!!!!!!!!!!!!!!!!!!!!!!!!!!!!!!!!!!!!!!!!!!
20240601 020217.620 INFO             PET1 !!! THE ESMF_LOG IS SET TO OUTPUT ALL LOG MESSAGES !!!
20240601 020217.620 INFO             PET1 !!!     THIS MAY CAUSE SLOWDOWN IN PERFORMANCE     !!!
20240601 020217.620 INFO             PET1 !!! FOR PRODUCTION RUNS, USE:                      !!!
20240601 020217.620 INFO             PET1 !!!                   ESMF_LOGKIND_Multi_On_Error  !!!
20240601 020217.620 INFO             PET1 !!!!!!!!!!!!!!!!!!!!!!!!!!!!!!!!!!!!!!!!!!!!!!!!!!!!!!
20240601 020217.620 INFO             PET1 Running with ESMF Version   : v8.7.0b06-37-g31f880616f
20240601 020217.620 INFO             PET1 ESMF library build date/time: "Jun  1 2024" "01:44:10"
20240601 020217.620 INFO             PET1 ESMF library build location : /home/gerhard/ESMF-Nightly-Testing/gfortran_7.4.0_mpich_O_develop/esmf
20240601 020217.620 INFO             PET1 ESMF_COMM                   : mpich
20240601 020217.620 INFO             PET1 ESMF_MOAB                   : enabled
20240601 020217.620 INFO             PET1 ESMF_LAPACK                 : enabled
20240601 020217.620 INFO             PET1 ESMF_NETCDF                 : enabled
20240601 020217.620 INFO             PET1 ESMF_PNETCDF                : disabled
20240601 020217.620 INFO             PET1 ESMF_PIO                    : enabled
20240601 020217.620 INFO             PET1 ESMF_YAMLCPP                : enabled
20240601 020217.657 DEBUG            PET1 about to destroy Grid: 0x7bd1a0
20240601 020217.661 DEBUG            PET1 about to destroy Grid: 0x7beb90
20240601 020217.673 INFO             PET1  NUMBER_OF_PROCESSORS           4
20240601 020217.673 INFO             PET1  PASS  Example ESMF_NUOPCAtmModelEx, ESMF_NUOPCAtmModelEx.F90, line 806
20240601 020217.673 INFO             PET1  Finalizing ESMF
20240601 020217.620 INFO             PET2 !!!!!!!!!!!!!!!!!!!!!!!!!!!!!!!!!!!!!!!!!!!!!!!!!!!!!!
20240601 020217.620 INFO             PET2 !!! THE ESMF_LOG IS SET TO OUTPUT ALL LOG MESSAGES !!!
20240601 020217.620 INFO             PET2 !!!     THIS MAY CAUSE SLOWDOWN IN PERFORMANCE     !!!
20240601 020217.620 INFO             PET2 !!! FOR PRODUCTION RUNS, USE:                      !!!
20240601 020217.620 INFO             PET2 !!!                   ESMF_LOGKIND_Multi_On_Error  !!!
20240601 020217.620 INFO             PET2 !!!!!!!!!!!!!!!!!!!!!!!!!!!!!!!!!!!!!!!!!!!!!!!!!!!!!!
20240601 020217.620 INFO             PET2 Running with ESMF Version   : v8.7.0b06-37-g31f880616f
20240601 020217.620 INFO             PET2 ESMF library build date/time: "Jun  1 2024" "01:44:10"
20240601 020217.620 INFO             PET2 ESMF library build location : /home/gerhard/ESMF-Nightly-Testing/gfortran_7.4.0_mpich_O_develop/esmf
20240601 020217.620 INFO             PET2 ESMF_COMM                   : mpich
20240601 020217.620 INFO             PET2 ESMF_MOAB                   : enabled
20240601 020217.620 INFO             PET2 ESMF_LAPACK                 : enabled
20240601 020217.620 INFO             PET2 ESMF_NETCDF                 : enabled
20240601 020217.620 INFO             PET2 ESMF_PNETCDF                : disabled
20240601 020217.620 INFO             PET2 ESMF_PIO                    : enabled
20240601 020217.620 INFO             PET2 ESMF_YAMLCPP                : enabled
20240601 020217.657 DEBUG            PET2 about to destroy Grid: 0x20d2940
20240601 020217.661 DEBUG            PET2 about to destroy Grid: 0x20d43b0
20240601 020217.673 INFO             PET2  NUMBER_OF_PROCESSORS           4
20240601 020217.673 INFO             PET2  PASS  Example ESMF_NUOPCAtmModelEx, ESMF_NUOPCAtmModelEx.F90, line 806
20240601 020217.673 INFO             PET2  Finalizing ESMF
20240601 020217.620 INFO             PET3 !!!!!!!!!!!!!!!!!!!!!!!!!!!!!!!!!!!!!!!!!!!!!!!!!!!!!!
20240601 020217.620 INFO             PET3 !!! THE ESMF_LOG IS SET TO OUTPUT ALL LOG MESSAGES !!!
20240601 020217.620 INFO             PET3 !!!     THIS MAY CAUSE SLOWDOWN IN PERFORMANCE     !!!
20240601 020217.620 INFO             PET3 !!! FOR PRODUCTION RUNS, USE:                      !!!
20240601 020217.620 INFO             PET3 !!!                   ESMF_LOGKIND_Multi_On_Error  !!!
20240601 020217.620 INFO             PET3 !!!!!!!!!!!!!!!!!!!!!!!!!!!!!!!!!!!!!!!!!!!!!!!!!!!!!!
20240601 020217.620 INFO             PET3 Running with ESMF Version   : v8.7.0b06-37-g31f880616f
20240601 020217.620 INFO             PET3 ESMF library build date/time: "Jun  1 2024" "01:44:10"
20240601 020217.620 INFO             PET3 ESMF library build location : /home/gerhard/ESMF-Nightly-Testing/gfortran_7.4.0_mpich_O_develop/esmf
20240601 020217.620 INFO             PET3 ESMF_COMM                   : mpich
20240601 020217.620 INFO             PET3 ESMF_MOAB                   : enabled
20240601 020217.620 INFO             PET3 ESMF_LAPACK                 : enabled
20240601 020217.620 INFO             PET3 ESMF_NETCDF                 : enabled
20240601 020217.620 INFO             PET3 ESMF_PNETCDF                : disabled
20240601 020217.620 INFO             PET3 ESMF_PIO                    : enabled
20240601 020217.620 INFO             PET3 ESMF_YAMLCPP                : enabled
20240601 020217.657 DEBUG            PET3 about to destroy Grid: 0x22b7940
20240601 020217.661 DEBUG            PET3 about to destroy Grid: 0x22b93b0
20240601 020217.672 INFO             PET3  NUMBER_OF_PROCESSORS           4
20240601 020217.672 INFO             PET3  PASS  Example ESMF_NUOPCAtmModelEx, ESMF_NUOPCAtmModelEx.F90, line 806
20240601 020217.672 INFO             PET3  Finalizing ESMF
