2024-07-26 23:31:35
20240726 234758.844 INFO             PET0 !!!!!!!!!!!!!!!!!!!!!!!!!!!!!!!!!!!!!!!!!!!!!!!!!!!!!!
20240726 234758.844 INFO             PET0 !!! THE ESMF_LOG IS SET TO OUTPUT ALL LOG MESSAGES !!!
20240726 234758.844 INFO             PET0 !!!     THIS MAY CAUSE SLOWDOWN IN PERFORMANCE     !!!
20240726 234758.844 INFO             PET0 !!! FOR PRODUCTION RUNS, USE:                      !!!
20240726 234758.844 INFO             PET0 !!!                   ESMF_LOGKIND_Multi_On_Error  !!!
20240726 234758.844 INFO             PET0 !!!!!!!!!!!!!!!!!!!!!!!!!!!!!!!!!!!!!!!!!!!!!!!!!!!!!!
20240726 234758.844 INFO             PET0 Running with ESMF Version   : v8.7.0b09-28-g366ef994ec
20240726 234758.844 INFO             PET0 ESMF library build date/time: "Jul 26 2024" "23:30:34"
20240726 234758.844 INFO             PET0 ESMF library build location : /home/gerhard/ESMF-Nightly-Testing/gfortran_7.4.0_mpich_O_develop/esmf
20240726 234758.844 INFO             PET0 ESMF_COMM                   : mpich
20240726 234758.844 INFO             PET0 ESMF_MOAB                   : enabled
20240726 234758.844 INFO             PET0 ESMF_LAPACK                 : enabled
20240726 234758.844 INFO             PET0 ESMF_NETCDF                 : enabled
20240726 234758.844 INFO             PET0 ESMF_PNETCDF                : disabled
20240726 234758.844 INFO             PET0 ESMF_PIO                    : enabled
20240726 234758.844 INFO             PET0 ESMF_YAMLCPP                : enabled
20240726 234758.844 INFO             PET0  NUMBER_OF_PROCESSORS           1
20240726 234758.844 INFO             PET0  PASS  Example ESMF_TimeEx, ESMF_TimeEx.F90, line 141
20240726 234758.844 INFO             PET0  Finalizing ESMF
