2024-06-10 01:49:54
20240610 020635.075 INFO             PET0 !!!!!!!!!!!!!!!!!!!!!!!!!!!!!!!!!!!!!!!!!!!!!!!!!!!!!!
20240610 020635.075 INFO             PET0 !!! THE ESMF_LOG IS SET TO OUTPUT ALL LOG MESSAGES !!!
20240610 020635.075 INFO             PET0 !!!     THIS MAY CAUSE SLOWDOWN IN PERFORMANCE     !!!
20240610 020635.075 INFO             PET0 !!! FOR PRODUCTION RUNS, USE:                      !!!
20240610 020635.075 INFO             PET0 !!!                   ESMF_LOGKIND_Multi_On_Error  !!!
20240610 020635.075 INFO             PET0 !!!!!!!!!!!!!!!!!!!!!!!!!!!!!!!!!!!!!!!!!!!!!!!!!!!!!!
20240610 020635.075 INFO             PET0 Running with ESMF Version   : v8.7.0b07
20240610 020635.075 INFO             PET0 ESMF library build date/time: "Jun 10 2024" "01:48:50"
20240610 020635.075 INFO             PET0 ESMF library build location : /home/gerhard/ESMF-Nightly-Testing/gfortran_7.4.0_mpich_O_develop/esmf
20240610 020635.075 INFO             PET0 ESMF_COMM                   : mpich
20240610 020635.075 INFO             PET0 ESMF_MOAB                   : enabled
20240610 020635.075 INFO             PET0 ESMF_LAPACK                 : enabled
20240610 020635.075 INFO             PET0 ESMF_NETCDF                 : enabled
20240610 020635.075 INFO             PET0 ESMF_PNETCDF                : disabled
20240610 020635.075 INFO             PET0 ESMF_PIO                    : enabled
20240610 020635.075 INFO             PET0 ESMF_YAMLCPP                : enabled
20240610 020635.076 INFO             PET0  NUMBER_OF_PROCESSORS           1
20240610 020635.076 INFO             PET0  PASS  Example ESMF_AlarmEx, ESMF_AlarmEx.F90, line 244
20240610 020635.076 INFO             PET0  Finalizing ESMF
