2024-05-16 05:11:29
20240516 052854.307 INFO             PET0 !!!!!!!!!!!!!!!!!!!!!!!!!!!!!!!!!!!!!!!!!!!!!!!!!!!!!!
20240516 052854.307 INFO             PET0 !!! THE ESMF_LOG IS SET TO OUTPUT ALL LOG MESSAGES !!!
20240516 052854.307 INFO             PET0 !!!     THIS MAY CAUSE SLOWDOWN IN PERFORMANCE     !!!
20240516 052854.308 INFO             PET0 !!! FOR PRODUCTION RUNS, USE:                      !!!
20240516 052854.308 INFO             PET0 !!!                   ESMF_LOGKIND_Multi_On_Error  !!!
20240516 052854.308 INFO             PET0 !!!!!!!!!!!!!!!!!!!!!!!!!!!!!!!!!!!!!!!!!!!!!!!!!!!!!!
20240516 052854.308 INFO             PET0 Running with ESMF Version   : v8.7.0b05-82-gd3465958ff
20240516 052854.308 INFO             PET0 ESMF library build date/time: "May 16 2024" "05:10:26"
20240516 052854.308 INFO             PET0 ESMF library build location : /home/gerhard/ESMF-Nightly-Testing/gfortran_11.2.0_mpich_O_develop/esmf
20240516 052854.308 INFO             PET0 ESMF_COMM                   : mpich
20240516 052854.308 INFO             PET0 ESMF_MOAB                   : enabled
20240516 052854.308 INFO             PET0 ESMF_LAPACK                 : enabled
20240516 052854.308 INFO             PET0 ESMF_NETCDF                 : enabled
20240516 052854.308 INFO             PET0 ESMF_PNETCDF                : disabled
20240516 052854.308 INFO             PET0 ESMF_PIO                    : enabled
20240516 052854.308 INFO             PET0 ESMF_YAMLCPP                : enabled
20240516 052854.329 DEBUG            PET0 about to destroy Grid: 0x10c7320
20240516 052854.331 DEBUG            PET0 about to destroy Grid: 0x10c94c0
20240516 052854.338 INFO             PET0  NUMBER_OF_PROCESSORS           4
20240516 052854.338 INFO             PET0  PASS  Example ESMF_NUOPCAtmModelEx, ESMF_NUOPCAtmModelEx.F90, line 806
20240516 052854.338 INFO             PET0  Finalizing ESMF
20240516 052854.307 INFO             PET1 !!!!!!!!!!!!!!!!!!!!!!!!!!!!!!!!!!!!!!!!!!!!!!!!!!!!!!
20240516 052854.307 INFO             PET1 !!! THE ESMF_LOG IS SET TO OUTPUT ALL LOG MESSAGES !!!
20240516 052854.308 INFO             PET1 !!!     THIS MAY CAUSE SLOWDOWN IN PERFORMANCE     !!!
20240516 052854.308 INFO             PET1 !!! FOR PRODUCTION RUNS, USE:                      !!!
20240516 052854.308 INFO             PET1 !!!                   ESMF_LOGKIND_Multi_On_Error  !!!
20240516 052854.308 INFO             PET1 !!!!!!!!!!!!!!!!!!!!!!!!!!!!!!!!!!!!!!!!!!!!!!!!!!!!!!
20240516 052854.308 INFO             PET1 Running with ESMF Version   : v8.7.0b05-82-gd3465958ff
20240516 052854.308 INFO             PET1 ESMF library build date/time: "May 16 2024" "05:10:26"
20240516 052854.308 INFO             PET1 ESMF library build location : /home/gerhard/ESMF-Nightly-Testing/gfortran_11.2.0_mpich_O_develop/esmf
20240516 052854.308 INFO             PET1 ESMF_COMM                   : mpich
20240516 052854.308 INFO             PET1 ESMF_MOAB                   : enabled
20240516 052854.308 INFO             PET1 ESMF_LAPACK                 : enabled
20240516 052854.308 INFO             PET1 ESMF_NETCDF                 : enabled
20240516 052854.308 INFO             PET1 ESMF_PNETCDF                : disabled
20240516 052854.308 INFO             PET1 ESMF_PIO                    : enabled
20240516 052854.308 INFO             PET1 ESMF_YAMLCPP                : enabled
20240516 052854.329 DEBUG            PET1 about to destroy Grid: 0x1adc860
20240516 052854.331 DEBUG            PET1 about to destroy Grid: 0x1ade500
20240516 052854.338 INFO             PET1  NUMBER_OF_PROCESSORS           4
20240516 052854.338 INFO             PET1  PASS  Example ESMF_NUOPCAtmModelEx, ESMF_NUOPCAtmModelEx.F90, line 806
20240516 052854.338 INFO             PET1  Finalizing ESMF
20240516 052854.307 INFO             PET2 !!!!!!!!!!!!!!!!!!!!!!!!!!!!!!!!!!!!!!!!!!!!!!!!!!!!!!
20240516 052854.308 INFO             PET2 !!! THE ESMF_LOG IS SET TO OUTPUT ALL LOG MESSAGES !!!
20240516 052854.308 INFO             PET2 !!!     THIS MAY CAUSE SLOWDOWN IN PERFORMANCE     !!!
20240516 052854.308 INFO             PET2 !!! FOR PRODUCTION RUNS, USE:                      !!!
20240516 052854.308 INFO             PET2 !!!                   ESMF_LOGKIND_Multi_On_Error  !!!
20240516 052854.308 INFO             PET2 !!!!!!!!!!!!!!!!!!!!!!!!!!!!!!!!!!!!!!!!!!!!!!!!!!!!!!
20240516 052854.308 INFO             PET2 Running with ESMF Version   : v8.7.0b05-82-gd3465958ff
20240516 052854.308 INFO             PET2 ESMF library build date/time: "May 16 2024" "05:10:26"
20240516 052854.308 INFO             PET2 ESMF library build location : /home/gerhard/ESMF-Nightly-Testing/gfortran_11.2.0_mpich_O_develop/esmf
20240516 052854.308 INFO             PET2 ESMF_COMM                   : mpich
20240516 052854.308 INFO             PET2 ESMF_MOAB                   : enabled
20240516 052854.308 INFO             PET2 ESMF_LAPACK                 : enabled
20240516 052854.308 INFO             PET2 ESMF_NETCDF                 : enabled
20240516 052854.308 INFO             PET2 ESMF_PNETCDF                : disabled
20240516 052854.308 INFO             PET2 ESMF_PIO                    : enabled
20240516 052854.308 INFO             PET2 ESMF_YAMLCPP                : enabled
20240516 052854.329 DEBUG            PET2 about to destroy Grid: 0x2447f00
20240516 052854.331 DEBUG            PET2 about to destroy Grid: 0x2449ba0
20240516 052854.338 INFO             PET2  NUMBER_OF_PROCESSORS           4
20240516 052854.338 INFO             PET2  PASS  Example ESMF_NUOPCAtmModelEx, ESMF_NUOPCAtmModelEx.F90, line 806
20240516 052854.338 INFO             PET2  Finalizing ESMF
20240516 052854.307 INFO             PET3 !!!!!!!!!!!!!!!!!!!!!!!!!!!!!!!!!!!!!!!!!!!!!!!!!!!!!!
20240516 052854.307 INFO             PET3 !!! THE ESMF_LOG IS SET TO OUTPUT ALL LOG MESSAGES !!!
20240516 052854.308 INFO             PET3 !!!     THIS MAY CAUSE SLOWDOWN IN PERFORMANCE     !!!
20240516 052854.308 INFO             PET3 !!! FOR PRODUCTION RUNS, USE:                      !!!
20240516 052854.308 INFO             PET3 !!!                   ESMF_LOGKIND_Multi_On_Error  !!!
20240516 052854.308 INFO             PET3 !!!!!!!!!!!!!!!!!!!!!!!!!!!!!!!!!!!!!!!!!!!!!!!!!!!!!!
20240516 052854.308 INFO             PET3 Running with ESMF Version   : v8.7.0b05-82-gd3465958ff
20240516 052854.308 INFO             PET3 ESMF library build date/time: "May 16 2024" "05:10:26"
20240516 052854.308 INFO             PET3 ESMF library build location : /home/gerhard/ESMF-Nightly-Testing/gfortran_11.2.0_mpich_O_develop/esmf
20240516 052854.308 INFO             PET3 ESMF_COMM                   : mpich
20240516 052854.308 INFO             PET3 ESMF_MOAB                   : enabled
20240516 052854.308 INFO             PET3 ESMF_LAPACK                 : enabled
20240516 052854.308 INFO             PET3 ESMF_NETCDF                 : enabled
20240516 052854.308 INFO             PET3 ESMF_PNETCDF                : disabled
20240516 052854.308 INFO             PET3 ESMF_PIO                    : enabled
20240516 052854.308 INFO             PET3 ESMF_YAMLCPP                : enabled
20240516 052854.329 DEBUG            PET3 about to destroy Grid: 0xa9f090
20240516 052854.331 DEBUG            PET3 about to destroy Grid: 0xaa0bb0
20240516 052854.338 INFO             PET3  NUMBER_OF_PROCESSORS           4
20240516 052854.338 INFO             PET3  PASS  Example ESMF_NUOPCAtmModelEx, ESMF_NUOPCAtmModelEx.F90, line 806
20240516 052854.338 INFO             PET3  Finalizing ESMF
