2024-07-24 04:32:56
20240724 050104.852 INFO             PET0 !!!!!!!!!!!!!!!!!!!!!!!!!!!!!!!!!!!!!!!!!!!!!!!!!!!!!!
20240724 050104.852 INFO             PET0 !!! THE ESMF_LOG IS SET TO OUTPUT ALL LOG MESSAGES !!!
20240724 050104.852 INFO             PET0 !!!     THIS MAY CAUSE SLOWDOWN IN PERFORMANCE     !!!
20240724 050104.852 INFO             PET0 !!! FOR PRODUCTION RUNS, USE:                      !!!
20240724 050104.852 INFO             PET0 !!!                   ESMF_LOGKIND_Multi_On_Error  !!!
20240724 050104.852 INFO             PET0 !!!!!!!!!!!!!!!!!!!!!!!!!!!!!!!!!!!!!!!!!!!!!!!!!!!!!!
20240724 050104.852 INFO             PET0 Running with ESMF Version   : v8.7.0b09-5-g5845ab67f6
20240724 050104.852 INFO             PET0 ESMF library build date/time: "Jul 24 2024" "04:31:45"
20240724 050104.852 INFO             PET0 ESMF library build location : /tmp/gfortran_12.2.0_mpiuni_g_feature_numa/esmf
20240724 050104.852 INFO             PET0 ESMF_COMM                   : mpiuni
20240724 050104.852 INFO             PET0 ESMF_MOAB                   : enabled
20240724 050104.852 INFO             PET0 ESMF_LAPACK                 : enabled
20240724 050104.852 INFO             PET0 ESMF_NETCDF                 : enabled
20240724 050104.852 INFO             PET0 ESMF_PNETCDF                : disabled
20240724 050104.852 INFO             PET0 ESMF_PIO                    : enabled
20240724 050104.852 INFO             PET0 ESMF_YAMLCPP                : enabled
20240724 050104.854 INFO             PET0  NUMBER_OF_PROCESSORS           1
20240724 050104.854 INFO             PET0  PASS  Example ESMF_CplEx, ESMF_CplEx.F90, line 457
20240724 050104.854 INFO             PET0  Finalizing ESMF
