2024-07-26 07:29:07
20240726 080956.963 INFO             PET0 !!!!!!!!!!!!!!!!!!!!!!!!!!!!!!!!!!!!!!!!!!!!!!!!!!!!!!
20240726 080956.964 INFO             PET0 !!! THE ESMF_LOG IS SET TO OUTPUT ALL LOG MESSAGES !!!
20240726 080956.964 INFO             PET0 !!!     THIS MAY CAUSE SLOWDOWN IN PERFORMANCE     !!!
20240726 080956.964 INFO             PET0 !!! FOR PRODUCTION RUNS, USE:                      !!!
20240726 080956.964 INFO             PET0 !!!                   ESMF_LOGKIND_Multi_On_Error  !!!
20240726 080956.964 INFO             PET0 !!!!!!!!!!!!!!!!!!!!!!!!!!!!!!!!!!!!!!!!!!!!!!!!!!!!!!
20240726 080956.964 INFO             PET0 Running with ESMF Version   : v8.7.0b09-27-geb8bb37dac
20240726 080956.964 INFO             PET0 ESMF library build date/time: "Jul 26 2024" "07:26:39"
20240726 080956.964 INFO             PET0 ESMF library build location : /scratch2/NCEPDEV/stmp1/Gerhard.Theurich/ESMF-Nightly-Testing/intel_2023.2.0_mpiuni_g_feature_hconfig-extras/esmf
20240726 080956.964 INFO             PET0 ESMF_COMM                   : mpiuni
20240726 080956.965 INFO             PET0 ESMF_MOAB                   : enabled
20240726 080956.965 INFO             PET0 ESMF_LAPACK                 : enabled
20240726 080956.965 INFO             PET0 ESMF_NETCDF                 : enabled
20240726 080956.965 INFO             PET0 ESMF_PNETCDF                : disabled
20240726 080956.965 INFO             PET0 ESMF_PIO                    : enabled
20240726 080956.965 INFO             PET0 ESMF_YAMLCPP                : enabled
20240726 080957.348 DEBUG            PET0 about to destroy Grid: 0x14cd010
20240726 080957.361 DEBUG            PET0 about to destroy Grid: 0x14ce0a0
20240726 080957.395 INFO             PET0  NUMBER_OF_PROCESSORS           1
20240726 080957.395 INFO             PET0  PASS  Example ESMF_NUOPCAtmModelEx, ESMF_NUOPCAtmModelEx.F90, line 806
20240726 080957.395 INFO             PET0  Finalizing ESMF
