2024-06-29 19:05:52
20240629 201236.432 INFO             PET0 !!!!!!!!!!!!!!!!!!!!!!!!!!!!!!!!!!!!!!!!!!!!!!!!!!!!!!
20240629 201236.432 INFO             PET0 !!! THE ESMF_LOG IS SET TO OUTPUT ALL LOG MESSAGES !!!
20240629 201236.432 INFO             PET0 !!!     THIS MAY CAUSE SLOWDOWN IN PERFORMANCE     !!!
20240629 201236.432 INFO             PET0 !!! FOR PRODUCTION RUNS, USE:                      !!!
20240629 201236.432 INFO             PET0 !!!                   ESMF_LOGKIND_Multi_On_Error  !!!
20240629 201236.432 INFO             PET0 !!!!!!!!!!!!!!!!!!!!!!!!!!!!!!!!!!!!!!!!!!!!!!!!!!!!!!
20240629 201236.432 INFO             PET0 Running with ESMF Version   : v8.7.0b07-20-g1e77226def
20240629 201236.432 INFO             PET0 ESMF library build date/time: "Jun 29 2024" "19:02:01"
20240629 201236.432 INFO             PET0 ESMF library build location : /discover/nobackup/projects/sbu/mpotts/esmf-test/pgi_20.4_mpiuni_g_develop/esmf
20240629 201236.432 INFO             PET0 ESMF_COMM                   : mpiuni
20240629 201236.432 INFO             PET0 ESMF_MOAB                   : enabled
20240629 201236.432 INFO             PET0 ESMF_LAPACK                 : enabled
20240629 201236.432 INFO             PET0 ESMF_NETCDF                 : disabled
20240629 201236.432 INFO             PET0 ESMF_PNETCDF                : disabled
20240629 201236.432 INFO             PET0 ESMF_PIO                    : disabled
20240629 201236.432 INFO             PET0 ESMF_YAMLCPP                : enabled
20240629 201236.432 INFO             PET0  NUMBER_OF_PROCESSORS            1
20240629 201236.432 INFO             PET0  PASS  Example ESMF_VMDefaultBasicsEx, ESMF_VMDefaultBasicsEx.F90, line 107
20240629 201236.432 INFO             PET0  Finalizing ESMF
