2024-06-04 06:31:47
20240604 085507.896 INFO             PET0 !!!!!!!!!!!!!!!!!!!!!!!!!!!!!!!!!!!!!!!!!!!!!!!!!!!!!!
20240604 085507.896 INFO             PET0 !!! THE ESMF_LOG IS SET TO OUTPUT ALL LOG MESSAGES !!!
20240604 085507.896 INFO             PET0 !!!     THIS MAY CAUSE SLOWDOWN IN PERFORMANCE     !!!
20240604 085507.896 INFO             PET0 !!! FOR PRODUCTION RUNS, USE:                      !!!
20240604 085507.896 INFO             PET0 !!!                   ESMF_LOGKIND_Multi_On_Error  !!!
20240604 085507.896 INFO             PET0 !!!!!!!!!!!!!!!!!!!!!!!!!!!!!!!!!!!!!!!!!!!!!!!!!!!!!!
20240604 085507.896 INFO             PET0 Running with ESMF Version   : v8.7.0b06-37-g31f880616f
20240604 085507.896 INFO             PET0 ESMF library build date/time: "Jun  4 2024" "06:28:05"
20240604 085507.896 INFO             PET0 ESMF library build location : /discover/nobackup/projects/sbu/mpotts/esmf-test/pgi_20.4_mpiuni_g_develop/esmf
20240604 085507.896 INFO             PET0 ESMF_COMM                   : mpiuni
20240604 085507.896 INFO             PET0 ESMF_MOAB                   : enabled
20240604 085507.896 INFO             PET0 ESMF_LAPACK                 : enabled
20240604 085507.896 INFO             PET0 ESMF_NETCDF                 : disabled
20240604 085507.896 INFO             PET0 ESMF_PNETCDF                : disabled
20240604 085507.896 INFO             PET0 ESMF_PIO                    : disabled
20240604 085507.896 INFO             PET0 ESMF_YAMLCPP                : enabled
20240604 085507.965 DEBUG            PET0 about to destroy Grid: 0x700a50
20240604 085507.976 DEBUG            PET0 about to destroy Grid: 0x701d20
20240604 085508.006 INFO             PET0  NUMBER_OF_PROCESSORS            1
20240604 085508.006 INFO             PET0  PASS  Example ESMF_NUOPCAtmModelEx, ESMF_NUOPCAtmModelEx.F90, line 806
20240604 085508.006 INFO             PET0  Finalizing ESMF
