2024-07-27 02:01:50
20240727 030148.580 INFO             PET0 !!!!!!!!!!!!!!!!!!!!!!!!!!!!!!!!!!!!!!!!!!!!!!!!!!!!!!
20240727 030148.580 INFO             PET0 !!! THE ESMF_LOG IS SET TO OUTPUT ALL LOG MESSAGES !!!
20240727 030148.580 INFO             PET0 !!!     THIS MAY CAUSE SLOWDOWN IN PERFORMANCE     !!!
20240727 030148.580 INFO             PET0 !!! FOR PRODUCTION RUNS, USE:                      !!!
20240727 030148.580 INFO             PET0 !!!                   ESMF_LOGKIND_Multi_On_Error  !!!
20240727 030148.580 INFO             PET0 !!!!!!!!!!!!!!!!!!!!!!!!!!!!!!!!!!!!!!!!!!!!!!!!!!!!!!
20240727 030148.580 INFO             PET0 Running with ESMF Version   : v8.7.0b09-28-g366ef994ec
20240727 030148.580 INFO             PET0 ESMF library build date/time: "Jul 27 2024" "01:56:34"
20240727 030148.580 INFO             PET0 ESMF library build location : /discover/nobackup/projects/sbu/mpotts/esmf-test/pgi_20.4_mpiuni_g_develop/esmf
20240727 030148.580 INFO             PET0 ESMF_COMM                   : mpiuni
20240727 030148.580 INFO             PET0 ESMF_MOAB                   : enabled
20240727 030148.580 INFO             PET0 ESMF_LAPACK                 : enabled
20240727 030148.580 INFO             PET0 ESMF_NETCDF                 : disabled
20240727 030148.580 INFO             PET0 ESMF_PNETCDF                : disabled
20240727 030148.580 INFO             PET0 ESMF_PIO                    : disabled
20240727 030148.580 INFO             PET0 ESMF_YAMLCPP                : enabled
20240727 030148.581 INFO             PET0  NUMBER_OF_PROCESSORS            1
20240727 030148.581 INFO             PET0  PASS  Example ESMF_AttachMethodsEx, ESMF_AttachMethodsEx.F90, line 292
20240727 030148.581 INFO             PET0  Finalizing ESMF
