2024-08-04 10:11:12
20240804 115217.696 INFO             PET0 !!!!!!!!!!!!!!!!!!!!!!!!!!!!!!!!!!!!!!!!!!!!!!!!!!!!!!
20240804 115217.696 INFO             PET0 !!! THE ESMF_LOG IS SET TO OUTPUT ALL LOG MESSAGES !!!
20240804 115217.696 INFO             PET0 !!!     THIS MAY CAUSE SLOWDOWN IN PERFORMANCE     !!!
20240804 115217.696 INFO             PET0 !!! FOR PRODUCTION RUNS, USE:                      !!!
20240804 115217.696 INFO             PET0 !!!                   ESMF_LOGKIND_Multi_On_Error  !!!
20240804 115217.696 INFO             PET0 !!!!!!!!!!!!!!!!!!!!!!!!!!!!!!!!!!!!!!!!!!!!!!!!!!!!!!
20240804 115217.696 INFO             PET0 Running with ESMF Version   : v8.7.0b11
20240804 115217.696 INFO             PET0 ESMF library build date/time: "Aug  4 2024" "10:07:09"
20240804 115217.696 INFO             PET0 ESMF library build location : /discover/nobackup/projects/sbu/mpotts/esmf-test/pgi_20.4_mpiuni_g_develop/esmf
20240804 115217.696 INFO             PET0 ESMF_COMM                   : mpiuni
20240804 115217.697 INFO             PET0 ESMF_MOAB                   : enabled
20240804 115217.697 INFO             PET0 ESMF_LAPACK                 : enabled
20240804 115217.697 INFO             PET0 ESMF_NETCDF                 : disabled
20240804 115217.697 INFO             PET0 ESMF_PNETCDF                : disabled
20240804 115217.697 INFO             PET0 ESMF_PIO                    : disabled
20240804 115217.697 INFO             PET0 ESMF_YAMLCPP                : enabled
20240804 115217.697 ERROR            PET0 ESMCI_State.C:982 ESMCI::State::read() Library needed by ESMF not present  - Internal subroutine call returned Error
20240804 115217.697 ERROR            PET0 ESMF_StateAPI.cppF90:3446 ESMF_StateRead Library needed by ESMF not present  - Internal subroutine call returned Error
20240804 115217.697 INFO             PET0  NUMBER_OF_PROCESSORS            1
20240804 115217.697 INFO             PET0  PASS  Example ESMF_StateReadWriteEx, ESMF_StateReadWriteEx.F90, line 185
20240804 115217.697 INFO             PET0  Finalizing ESMF
