2024-06-23 03:01:54
20240623 053126.257 INFO             PET0 !!!!!!!!!!!!!!!!!!!!!!!!!!!!!!!!!!!!!!!!!!!!!!!!!!!!!!
20240623 053126.257 INFO             PET0 !!! THE ESMF_LOG IS SET TO OUTPUT ALL LOG MESSAGES !!!
20240623 053126.257 INFO             PET0 !!!     THIS MAY CAUSE SLOWDOWN IN PERFORMANCE     !!!
20240623 053126.257 INFO             PET0 !!! FOR PRODUCTION RUNS, USE:                      !!!
20240623 053126.257 INFO             PET0 !!!                   ESMF_LOGKIND_Multi_On_Error  !!!
20240623 053126.257 INFO             PET0 !!!!!!!!!!!!!!!!!!!!!!!!!!!!!!!!!!!!!!!!!!!!!!!!!!!!!!
20240623 053126.257 INFO             PET0 Running with ESMF Version   : v8.7.0b07-2-ga1ccd5de8a
20240623 053126.257 INFO             PET0 ESMF library build date/time: "Jun 23 2024" "02:57:51"
20240623 053126.257 INFO             PET0 ESMF library build location : /discover/nobackup/projects/sbu/mpotts/esmf-test/pgi_20.4_mpiuni_g_develop/esmf
20240623 053126.257 INFO             PET0 ESMF_COMM                   : mpiuni
20240623 053126.258 INFO             PET0 ESMF_MOAB                   : enabled
20240623 053126.258 INFO             PET0 ESMF_LAPACK                 : enabled
20240623 053126.258 INFO             PET0 ESMF_NETCDF                 : disabled
20240623 053126.258 INFO             PET0 ESMF_PNETCDF                : disabled
20240623 053126.258 INFO             PET0 ESMF_PIO                    : disabled
20240623 053126.258 INFO             PET0 ESMF_YAMLCPP                : enabled
20240623 053126.439 INFO             PET0  NUMBER_OF_PROCESSORS            1
20240623 053126.439 INFO             PET0  PASS  Example ESMF_RHandleDynamicMaskingEx, ESMF_RHandleDynamicMaskingEx.F90, line 1116
20240623 053126.439 INFO             PET0  Finalizing ESMF
