2024-05-16 02:58:15
20240516 040049.990 INFO             PET0 !!!!!!!!!!!!!!!!!!!!!!!!!!!!!!!!!!!!!!!!!!!!!!!!!!!!!!
20240516 040049.990 INFO             PET0 !!! THE ESMF_LOG IS SET TO OUTPUT ALL LOG MESSAGES !!!
20240516 040049.990 INFO             PET0 !!!     THIS MAY CAUSE SLOWDOWN IN PERFORMANCE     !!!
20240516 040049.990 INFO             PET0 !!! FOR PRODUCTION RUNS, USE:                      !!!
20240516 040049.990 INFO             PET0 !!!                   ESMF_LOGKIND_Multi_On_Error  !!!
20240516 040049.990 INFO             PET0 !!!!!!!!!!!!!!!!!!!!!!!!!!!!!!!!!!!!!!!!!!!!!!!!!!!!!!
20240516 040049.991 INFO             PET0 Running with ESMF Version   : v8.7.0b05-82-gd346595
20240516 040049.991 INFO             PET0 ESMF library build date/time: "May 16 2024" "02:53:45"
20240516 040049.991 INFO             PET0 ESMF library build location : /work/noaa/da/mpotts/sandbox/intel_2020.2_intelmpi_O_develop/esmf
20240516 040049.991 INFO             PET0 ESMF_COMM                   : intelmpi
20240516 040049.993 INFO             PET0 ESMF_MOAB                   : enabled
20240516 040049.993 INFO             PET0 ESMF_LAPACK                 : enabled
20240516 040049.993 INFO             PET0 ESMF_NETCDF                 : enabled
20240516 040049.993 INFO             PET0 ESMF_PNETCDF                : disabled
20240516 040049.993 INFO             PET0 ESMF_PIO                    : enabled
20240516 040049.993 INFO             PET0 ESMF_YAMLCPP                : enabled
20240516 040049.995 INFO             PET0  NUMBER_OF_PROCESSORS           1
20240516 040049.995 INFO             PET0  PASS  Example ESMF_AlarmEx, ESMF_AlarmEx.F90, line 244
20240516 040049.995 INFO             PET0  Finalizing ESMF
