2024-05-21 02:45:45
20240521 032705.782 INFO             PET0 !!!!!!!!!!!!!!!!!!!!!!!!!!!!!!!!!!!!!!!!!!!!!!!!!!!!!!
20240521 032705.783 INFO             PET0 !!! THE ESMF_LOG IS SET TO OUTPUT ALL LOG MESSAGES !!!
20240521 032705.783 INFO             PET0 !!!     THIS MAY CAUSE SLOWDOWN IN PERFORMANCE     !!!
20240521 032705.783 INFO             PET0 !!! FOR PRODUCTION RUNS, USE:                      !!!
20240521 032705.783 INFO             PET0 !!!                   ESMF_LOGKIND_Multi_On_Error  !!!
20240521 032705.783 INFO             PET0 !!!!!!!!!!!!!!!!!!!!!!!!!!!!!!!!!!!!!!!!!!!!!!!!!!!!!!
20240521 032705.783 INFO             PET0 Running with ESMF Version   : v8.7.0b05-86-g6f1fcac
20240521 032705.783 INFO             PET0 ESMF library build date/time: "May 21 2024" "02:42:36"
20240521 032705.783 INFO             PET0 ESMF library build location : /work/noaa/da/mpotts/sandbox/intel_2020.2_intelmpi_O_develop/esmf
20240521 032705.783 INFO             PET0 ESMF_COMM                   : intelmpi
20240521 032705.784 INFO             PET0 ESMF_MOAB                   : enabled
20240521 032705.784 INFO             PET0 ESMF_LAPACK                 : enabled
20240521 032705.784 INFO             PET0 ESMF_NETCDF                 : enabled
20240521 032705.784 INFO             PET0 ESMF_PNETCDF                : disabled
20240521 032705.784 INFO             PET0 ESMF_PIO                    : enabled
20240521 032705.784 INFO             PET0 ESMF_YAMLCPP                : enabled
20240521 032705.786 INFO             PET0  NUMBER_OF_PROCESSORS           4
20240521 032705.786 INFO             PET0  PASS  Example ESMF_FieldCommEx, ESMF_FieldCommEx.F90, line 258
20240521 032705.786 INFO             PET0  Finalizing ESMF
20240521 032705.783 INFO             PET1 !!!!!!!!!!!!!!!!!!!!!!!!!!!!!!!!!!!!!!!!!!!!!!!!!!!!!!
20240521 032705.783 INFO             PET1 !!! THE ESMF_LOG IS SET TO OUTPUT ALL LOG MESSAGES !!!
20240521 032705.783 INFO             PET1 !!!     THIS MAY CAUSE SLOWDOWN IN PERFORMANCE     !!!
20240521 032705.783 INFO             PET1 !!! FOR PRODUCTION RUNS, USE:                      !!!
20240521 032705.783 INFO             PET1 !!!                   ESMF_LOGKIND_Multi_On_Error  !!!
20240521 032705.783 INFO             PET1 !!!!!!!!!!!!!!!!!!!!!!!!!!!!!!!!!!!!!!!!!!!!!!!!!!!!!!
20240521 032705.783 INFO             PET1 Running with ESMF Version   : v8.7.0b05-86-g6f1fcac
20240521 032705.783 INFO             PET1 ESMF library build date/time: "May 21 2024" "02:42:36"
20240521 032705.783 INFO             PET1 ESMF library build location : /work/noaa/da/mpotts/sandbox/intel_2020.2_intelmpi_O_develop/esmf
20240521 032705.783 INFO             PET1 ESMF_COMM                   : intelmpi
20240521 032705.784 INFO             PET1 ESMF_MOAB                   : enabled
20240521 032705.784 INFO             PET1 ESMF_LAPACK                 : enabled
20240521 032705.784 INFO             PET1 ESMF_NETCDF                 : enabled
20240521 032705.784 INFO             PET1 ESMF_PNETCDF                : disabled
20240521 032705.784 INFO             PET1 ESMF_PIO                    : enabled
20240521 032705.784 INFO             PET1 ESMF_YAMLCPP                : enabled
20240521 032705.786 INFO             PET1  NUMBER_OF_PROCESSORS           4
20240521 032705.786 INFO             PET1  PASS  Example ESMF_FieldCommEx, ESMF_FieldCommEx.F90, line 258
20240521 032705.786 INFO             PET1  Finalizing ESMF
20240521 032705.782 INFO             PET2 !!!!!!!!!!!!!!!!!!!!!!!!!!!!!!!!!!!!!!!!!!!!!!!!!!!!!!
20240521 032705.782 INFO             PET2 !!! THE ESMF_LOG IS SET TO OUTPUT ALL LOG MESSAGES !!!
20240521 032705.782 INFO             PET2 !!!     THIS MAY CAUSE SLOWDOWN IN PERFORMANCE     !!!
20240521 032705.782 INFO             PET2 !!! FOR PRODUCTION RUNS, USE:                      !!!
20240521 032705.782 INFO             PET2 !!!                   ESMF_LOGKIND_Multi_On_Error  !!!
20240521 032705.782 INFO             PET2 !!!!!!!!!!!!!!!!!!!!!!!!!!!!!!!!!!!!!!!!!!!!!!!!!!!!!!
20240521 032705.782 INFO             PET2 Running with ESMF Version   : v8.7.0b05-86-g6f1fcac
20240521 032705.782 INFO             PET2 ESMF library build date/time: "May 21 2024" "02:42:36"
20240521 032705.782 INFO             PET2 ESMF library build location : /work/noaa/da/mpotts/sandbox/intel_2020.2_intelmpi_O_develop/esmf
20240521 032705.782 INFO             PET2 ESMF_COMM                   : intelmpi
20240521 032705.784 INFO             PET2 ESMF_MOAB                   : enabled
20240521 032705.784 INFO             PET2 ESMF_LAPACK                 : enabled
20240521 032705.784 INFO             PET2 ESMF_NETCDF                 : enabled
20240521 032705.784 INFO             PET2 ESMF_PNETCDF                : disabled
20240521 032705.784 INFO             PET2 ESMF_PIO                    : enabled
20240521 032705.784 INFO             PET2 ESMF_YAMLCPP                : enabled
20240521 032705.786 INFO             PET2  NUMBER_OF_PROCESSORS           4
20240521 032705.786 INFO             PET2  PASS  Example ESMF_FieldCommEx, ESMF_FieldCommEx.F90, line 258
20240521 032705.786 INFO             PET2  Finalizing ESMF
20240521 032705.783 INFO             PET3 !!!!!!!!!!!!!!!!!!!!!!!!!!!!!!!!!!!!!!!!!!!!!!!!!!!!!!
20240521 032705.783 INFO             PET3 !!! THE ESMF_LOG IS SET TO OUTPUT ALL LOG MESSAGES !!!
20240521 032705.783 INFO             PET3 !!!     THIS MAY CAUSE SLOWDOWN IN PERFORMANCE     !!!
20240521 032705.783 INFO             PET3 !!! FOR PRODUCTION RUNS, USE:                      !!!
20240521 032705.783 INFO             PET3 !!!                   ESMF_LOGKIND_Multi_On_Error  !!!
20240521 032705.783 INFO             PET3 !!!!!!!!!!!!!!!!!!!!!!!!!!!!!!!!!!!!!!!!!!!!!!!!!!!!!!
20240521 032705.783 INFO             PET3 Running with ESMF Version   : v8.7.0b05-86-g6f1fcac
20240521 032705.783 INFO             PET3 ESMF library build date/time: "May 21 2024" "02:42:36"
20240521 032705.783 INFO             PET3 ESMF library build location : /work/noaa/da/mpotts/sandbox/intel_2020.2_intelmpi_O_develop/esmf
20240521 032705.783 INFO             PET3 ESMF_COMM                   : intelmpi
20240521 032705.784 INFO             PET3 ESMF_MOAB                   : enabled
20240521 032705.784 INFO             PET3 ESMF_LAPACK                 : enabled
20240521 032705.784 INFO             PET3 ESMF_NETCDF                 : enabled
20240521 032705.784 INFO             PET3 ESMF_PNETCDF                : disabled
20240521 032705.784 INFO             PET3 ESMF_PIO                    : enabled
20240521 032705.784 INFO             PET3 ESMF_YAMLCPP                : enabled
20240521 032705.786 INFO             PET3  NUMBER_OF_PROCESSORS           4
20240521 032705.786 INFO             PET3  PASS  Example ESMF_FieldCommEx, ESMF_FieldCommEx.F90, line 258
20240521 032705.786 INFO             PET3  Finalizing ESMF
