2024-06-07 02:45:08
20240607 040443.851 INFO             PET0 !!!!!!!!!!!!!!!!!!!!!!!!!!!!!!!!!!!!!!!!!!!!!!!!!!!!!!
20240607 040443.851 INFO             PET0 !!! THE ESMF_LOG IS SET TO OUTPUT ALL LOG MESSAGES !!!
20240607 040443.851 INFO             PET0 !!!     THIS MAY CAUSE SLOWDOWN IN PERFORMANCE     !!!
20240607 040443.851 INFO             PET0 !!! FOR PRODUCTION RUNS, USE:                      !!!
20240607 040443.851 INFO             PET0 !!!                   ESMF_LOGKIND_Multi_On_Error  !!!
20240607 040443.851 INFO             PET0 !!!!!!!!!!!!!!!!!!!!!!!!!!!!!!!!!!!!!!!!!!!!!!!!!!!!!!
20240607 040443.851 INFO             PET0 Running with ESMF Version   : v8.7.0b06-42-g13be2f7
20240607 040443.851 INFO             PET0 ESMF library build date/time: "Jun  7 2024" "02:42:00"
20240607 040443.851 INFO             PET0 ESMF library build location : /work/noaa/da/mpotts/sandbox/intel_2020.2_intelmpi_O_develop/esmf
20240607 040443.851 INFO             PET0 ESMF_COMM                   : intelmpi
20240607 040443.863 INFO             PET0 ESMF_MOAB                   : enabled
20240607 040443.863 INFO             PET0 ESMF_LAPACK                 : enabled
20240607 040443.863 INFO             PET0 ESMF_NETCDF                 : enabled
20240607 040443.863 INFO             PET0 ESMF_PNETCDF                : disabled
20240607 040443.863 INFO             PET0 ESMF_PIO                    : enabled
20240607 040443.863 INFO             PET0 ESMF_YAMLCPP                : enabled
20240607 040443.869 INFO             PET0  NUMBER_OF_PROCESSORS           4
20240607 040443.869 INFO             PET0  PASS  Example ESMF_VMUserMpiCommMultiEx, ESMF_VMUserMpiCommMultiEx.F90, line 126
20240607 040443.869 INFO             PET0  Finalizing ESMF with endflag==ESMF_END_KEEPMPI
20240607 040443.840 INFO             PET0 !!!!!!!!!!!!!!!!!!!!!!!!!!!!!!!!!!!!!!!!!!!!!!!!!!!!!!
20240607 040443.841 INFO             PET0 !!! THE ESMF_LOG IS SET TO OUTPUT ALL LOG MESSAGES !!!
20240607 040443.841 INFO             PET0 !!!     THIS MAY CAUSE SLOWDOWN IN PERFORMANCE     !!!
20240607 040443.841 INFO             PET0 !!! FOR PRODUCTION RUNS, USE:                      !!!
20240607 040443.841 INFO             PET0 !!!                   ESMF_LOGKIND_Multi_On_Error  !!!
20240607 040443.841 INFO             PET0 !!!!!!!!!!!!!!!!!!!!!!!!!!!!!!!!!!!!!!!!!!!!!!!!!!!!!!
20240607 040443.841 INFO             PET0 Running with ESMF Version   : v8.7.0b06-42-g13be2f7
20240607 040443.841 INFO             PET0 ESMF library build date/time: "Jun  7 2024" "02:42:00"
20240607 040443.841 INFO             PET0 ESMF library build location : /work/noaa/da/mpotts/sandbox/intel_2020.2_intelmpi_O_develop/esmf
20240607 040443.841 INFO             PET0 ESMF_COMM                   : intelmpi
20240607 040443.852 INFO             PET0 ESMF_MOAB                   : enabled
20240607 040443.852 INFO             PET0 ESMF_LAPACK                 : enabled
20240607 040443.852 INFO             PET0 ESMF_NETCDF                 : enabled
20240607 040443.852 INFO             PET0 ESMF_PNETCDF                : disabled
20240607 040443.852 INFO             PET0 ESMF_PIO                    : enabled
20240607 040443.852 INFO             PET0 ESMF_YAMLCPP                : enabled
20240607 040443.858 INFO             PET0  NUMBER_OF_PROCESSORS           4
20240607 040443.858 INFO             PET0  PASS  Example ESMF_VMUserMpiCommMultiEx, ESMF_VMUserMpiCommMultiEx.F90, line 154
20240607 040443.858 INFO             PET0  Finalizing ESMF with endflag==ESMF_END_KEEPMPI
20240607 040443.856 INFO             PET1 !!!!!!!!!!!!!!!!!!!!!!!!!!!!!!!!!!!!!!!!!!!!!!!!!!!!!!
20240607 040443.857 INFO             PET1 !!! THE ESMF_LOG IS SET TO OUTPUT ALL LOG MESSAGES !!!
20240607 040443.857 INFO             PET1 !!!     THIS MAY CAUSE SLOWDOWN IN PERFORMANCE     !!!
20240607 040443.857 INFO             PET1 !!! FOR PRODUCTION RUNS, USE:                      !!!
20240607 040443.857 INFO             PET1 !!!                   ESMF_LOGKIND_Multi_On_Error  !!!
20240607 040443.857 INFO             PET1 !!!!!!!!!!!!!!!!!!!!!!!!!!!!!!!!!!!!!!!!!!!!!!!!!!!!!!
20240607 040443.857 INFO             PET1 Running with ESMF Version   : v8.7.0b06-42-g13be2f7
20240607 040443.857 INFO             PET1 ESMF library build date/time: "Jun  7 2024" "02:42:00"
20240607 040443.857 INFO             PET1 ESMF library build location : /work/noaa/da/mpotts/sandbox/intel_2020.2_intelmpi_O_develop/esmf
20240607 040443.857 INFO             PET1 ESMF_COMM                   : intelmpi
20240607 040443.868 INFO             PET1 ESMF_MOAB                   : enabled
20240607 040443.868 INFO             PET1 ESMF_LAPACK                 : enabled
20240607 040443.868 INFO             PET1 ESMF_NETCDF                 : enabled
20240607 040443.868 INFO             PET1 ESMF_PNETCDF                : disabled
20240607 040443.868 INFO             PET1 ESMF_PIO                    : enabled
20240607 040443.868 INFO             PET1 ESMF_YAMLCPP                : enabled
20240607 040443.869 INFO             PET1  NUMBER_OF_PROCESSORS           4
20240607 040443.869 INFO             PET1  PASS  Example ESMF_VMUserMpiCommMultiEx, ESMF_VMUserMpiCommMultiEx.F90, line 126
20240607 040443.869 INFO             PET1  Finalizing ESMF with endflag==ESMF_END_KEEPMPI
20240607 040443.846 INFO             PET1 !!!!!!!!!!!!!!!!!!!!!!!!!!!!!!!!!!!!!!!!!!!!!!!!!!!!!!
20240607 040443.846 INFO             PET1 !!! THE ESMF_LOG IS SET TO OUTPUT ALL LOG MESSAGES !!!
20240607 040443.846 INFO             PET1 !!!     THIS MAY CAUSE SLOWDOWN IN PERFORMANCE     !!!
20240607 040443.846 INFO             PET1 !!! FOR PRODUCTION RUNS, USE:                      !!!
20240607 040443.846 INFO             PET1 !!!                   ESMF_LOGKIND_Multi_On_Error  !!!
20240607 040443.846 INFO             PET1 !!!!!!!!!!!!!!!!!!!!!!!!!!!!!!!!!!!!!!!!!!!!!!!!!!!!!!
20240607 040443.846 INFO             PET1 Running with ESMF Version   : v8.7.0b06-42-g13be2f7
20240607 040443.846 INFO             PET1 ESMF library build date/time: "Jun  7 2024" "02:42:00"
20240607 040443.846 INFO             PET1 ESMF library build location : /work/noaa/da/mpotts/sandbox/intel_2020.2_intelmpi_O_develop/esmf
20240607 040443.846 INFO             PET1 ESMF_COMM                   : intelmpi
20240607 040443.858 INFO             PET1 ESMF_MOAB                   : enabled
20240607 040443.858 INFO             PET1 ESMF_LAPACK                 : enabled
20240607 040443.858 INFO             PET1 ESMF_NETCDF                 : enabled
20240607 040443.858 INFO             PET1 ESMF_PNETCDF                : disabled
20240607 040443.858 INFO             PET1 ESMF_PIO                    : enabled
20240607 040443.858 INFO             PET1 ESMF_YAMLCPP                : enabled
20240607 040443.858 INFO             PET1  NUMBER_OF_PROCESSORS           4
20240607 040443.858 INFO             PET1  PASS  Example ESMF_VMUserMpiCommMultiEx, ESMF_VMUserMpiCommMultiEx.F90, line 154
20240607 040443.858 INFO             PET1  Finalizing ESMF with endflag==ESMF_END_KEEPMPI
