2024-06-04 02:46:05
20240604 033213.855 INFO             PET0 !!!!!!!!!!!!!!!!!!!!!!!!!!!!!!!!!!!!!!!!!!!!!!!!!!!!!!
20240604 033213.855 INFO             PET0 !!! THE ESMF_LOG IS SET TO OUTPUT ALL LOG MESSAGES !!!
20240604 033213.855 INFO             PET0 !!!     THIS MAY CAUSE SLOWDOWN IN PERFORMANCE     !!!
20240604 033213.855 INFO             PET0 !!! FOR PRODUCTION RUNS, USE:                      !!!
20240604 033213.855 INFO             PET0 !!!                   ESMF_LOGKIND_Multi_On_Error  !!!
20240604 033213.855 INFO             PET0 !!!!!!!!!!!!!!!!!!!!!!!!!!!!!!!!!!!!!!!!!!!!!!!!!!!!!!
20240604 033213.855 INFO             PET0 Running with ESMF Version   : v8.7.0b06-37-g31f8806
20240604 033213.855 INFO             PET0 ESMF library build date/time: "Jun  4 2024" "02:42:51"
20240604 033213.855 INFO             PET0 ESMF library build location : /work/noaa/da/mpotts/sandbox/intel_2020.2_intelmpi_O_develop/esmf
20240604 033213.856 INFO             PET0 ESMF_COMM                   : intelmpi
20240604 033213.857 INFO             PET0 ESMF_MOAB                   : enabled
20240604 033213.857 INFO             PET0 ESMF_LAPACK                 : enabled
20240604 033213.857 INFO             PET0 ESMF_NETCDF                 : enabled
20240604 033213.857 INFO             PET0 ESMF_PNETCDF                : disabled
20240604 033213.857 INFO             PET0 ESMF_PIO                    : enabled
20240604 033213.857 INFO             PET0 ESMF_YAMLCPP                : enabled
20240604 033213.858 INFO             PET0  NUMBER_OF_PROCESSORS           1
20240604 033213.858 INFO             PET0  PASS  Example ESMF_ClockEx, ESMF_ClockEx.F90, line 220
20240604 033213.858 INFO             PET0  Finalizing ESMF
