2024-06-07 02:45:08
20240607 040722.197 INFO             PET0 !!!!!!!!!!!!!!!!!!!!!!!!!!!!!!!!!!!!!!!!!!!!!!!!!!!!!!
20240607 040722.197 INFO             PET0 !!! THE ESMF_LOG IS SET TO OUTPUT ALL LOG MESSAGES !!!
20240607 040722.197 INFO             PET0 !!!     THIS MAY CAUSE SLOWDOWN IN PERFORMANCE     !!!
20240607 040722.197 INFO             PET0 !!! FOR PRODUCTION RUNS, USE:                      !!!
20240607 040722.197 INFO             PET0 !!!                   ESMF_LOGKIND_Multi_On_Error  !!!
20240607 040722.197 INFO             PET0 !!!!!!!!!!!!!!!!!!!!!!!!!!!!!!!!!!!!!!!!!!!!!!!!!!!!!!
20240607 040722.197 INFO             PET0 Running with ESMF Version   : v8.7.0b06-42-g13be2f7
20240607 040722.197 INFO             PET0 ESMF library build date/time: "Jun  7 2024" "02:42:00"
20240607 040722.197 INFO             PET0 ESMF library build location : /work/noaa/da/mpotts/sandbox/intel_2020.2_intelmpi_O_develop/esmf
20240607 040722.197 INFO             PET0 ESMF_COMM                   : intelmpi
20240607 040722.208 INFO             PET0 ESMF_MOAB                   : enabled
20240607 040722.208 INFO             PET0 ESMF_LAPACK                 : enabled
20240607 040722.208 INFO             PET0 ESMF_NETCDF                 : enabled
20240607 040722.208 INFO             PET0 ESMF_PNETCDF                : disabled
20240607 040722.208 INFO             PET0 ESMF_PIO                    : enabled
20240607 040722.208 INFO             PET0 ESMF_YAMLCPP                : enabled
20240607 040722.208 INFO             PET0 ESMF Tracing Enabled
20240607 040722.208 INFO             PET0 ESMF Profiling Enabled
20240607 040722.208 INFO             PET0 ESMF Trace/Profile clock: REALTIME
20240607 040722.266 INFO             PET0  NUMBER_OF_PROCESSORS           4
20240607 040722.266 INFO             PET0  PASS  Example ESMF_TraceEx, ESMF_TraceEx.F90, line 178
20240607 040722.266 INFO             PET0  Finalizing ESMF
20240607 040722.266 INFO             PET0 **************** Region Timings *******************
20240607 040722.266 INFO             PET0 Region              Count  Total (s)   Self (s)    Mean (s)    Min (s)     Max (s)
20240607 040722.267 INFO             PET0   [ESMF]            1      0.0031      0.0030      0.0031      0.0031      0.0031
20240607 040722.267 INFO             PET0     [test] Run 1    5      0.0000      0.0000      0.0000      0.0000      0.0000
20240607 040722.267 INFO             PET0     [test] Init 1   1      0.0000      0.0000      0.0000      0.0000      0.0000
20240607 040722.267 INFO             PET0     [test] Final 1  1      0.0000      0.0000      0.0000      0.0000      0.0000
20240607 040722.209 INFO             PET1 !!!!!!!!!!!!!!!!!!!!!!!!!!!!!!!!!!!!!!!!!!!!!!!!!!!!!!
20240607 040722.209 INFO             PET1 !!! THE ESMF_LOG IS SET TO OUTPUT ALL LOG MESSAGES !!!
20240607 040722.209 INFO             PET1 !!!     THIS MAY CAUSE SLOWDOWN IN PERFORMANCE     !!!
20240607 040722.209 INFO             PET1 !!! FOR PRODUCTION RUNS, USE:                      !!!
20240607 040722.209 INFO             PET1 !!!                   ESMF_LOGKIND_Multi_On_Error  !!!
20240607 040722.209 INFO             PET1 !!!!!!!!!!!!!!!!!!!!!!!!!!!!!!!!!!!!!!!!!!!!!!!!!!!!!!
20240607 040722.209 INFO             PET1 Running with ESMF Version   : v8.7.0b06-42-g13be2f7
20240607 040722.209 INFO             PET1 ESMF library build date/time: "Jun  7 2024" "02:42:00"
20240607 040722.209 INFO             PET1 ESMF library build location : /work/noaa/da/mpotts/sandbox/intel_2020.2_intelmpi_O_develop/esmf
20240607 040722.209 INFO             PET1 ESMF_COMM                   : intelmpi
20240607 040722.221 INFO             PET1 ESMF_MOAB                   : enabled
20240607 040722.221 INFO             PET1 ESMF_LAPACK                 : enabled
20240607 040722.221 INFO             PET1 ESMF_NETCDF                 : enabled
20240607 040722.221 INFO             PET1 ESMF_PNETCDF                : disabled
20240607 040722.221 INFO             PET1 ESMF_PIO                    : enabled
20240607 040722.221 INFO             PET1 ESMF_YAMLCPP                : enabled
20240607 040722.222 INFO             PET1 ESMF Tracing Enabled
20240607 040722.222 INFO             PET1 ESMF Profiling Enabled
20240607 040722.222 INFO             PET1 ESMF Trace/Profile clock: REALTIME
20240607 040722.266 INFO             PET1  NUMBER_OF_PROCESSORS           4
20240607 040722.266 INFO             PET1  PASS  Example ESMF_TraceEx, ESMF_TraceEx.F90, line 178
20240607 040722.266 INFO             PET1  Finalizing ESMF
20240607 040722.266 INFO             PET1 **************** Region Timings *******************
20240607 040722.266 INFO             PET1 Region              Count  Total (s)   Self (s)    Mean (s)    Min (s)     Max (s)
20240607 040722.266 INFO             PET1   [ESMF]            1      0.0192      0.0191      0.0192      0.0192      0.0192
20240607 040722.266 INFO             PET1     [test] Init 1   1      0.0001      0.0001      0.0001      0.0001      0.0001
20240607 040722.266 INFO             PET1     [test] Run 1    5      0.0000      0.0000      0.0000      0.0000      0.0000
20240607 040722.266 INFO             PET1     [test] Final 1  1      0.0000      0.0000      0.0000      0.0000      0.0000
20240607 040722.192 INFO             PET2 !!!!!!!!!!!!!!!!!!!!!!!!!!!!!!!!!!!!!!!!!!!!!!!!!!!!!!
20240607 040722.192 INFO             PET2 !!! THE ESMF_LOG IS SET TO OUTPUT ALL LOG MESSAGES !!!
20240607 040722.192 INFO             PET2 !!!     THIS MAY CAUSE SLOWDOWN IN PERFORMANCE     !!!
20240607 040722.192 INFO             PET2 !!! FOR PRODUCTION RUNS, USE:                      !!!
20240607 040722.192 INFO             PET2 !!!                   ESMF_LOGKIND_Multi_On_Error  !!!
20240607 040722.192 INFO             PET2 !!!!!!!!!!!!!!!!!!!!!!!!!!!!!!!!!!!!!!!!!!!!!!!!!!!!!!
20240607 040722.192 INFO             PET2 Running with ESMF Version   : v8.7.0b06-42-g13be2f7
20240607 040722.192 INFO             PET2 ESMF library build date/time: "Jun  7 2024" "02:42:00"
20240607 040722.192 INFO             PET2 ESMF library build location : /work/noaa/da/mpotts/sandbox/intel_2020.2_intelmpi_O_develop/esmf
20240607 040722.193 INFO             PET2 ESMF_COMM                   : intelmpi
20240607 040722.204 INFO             PET2 ESMF_MOAB                   : enabled
20240607 040722.204 INFO             PET2 ESMF_LAPACK                 : enabled
20240607 040722.204 INFO             PET2 ESMF_NETCDF                 : enabled
20240607 040722.204 INFO             PET2 ESMF_PNETCDF                : disabled
20240607 040722.204 INFO             PET2 ESMF_PIO                    : enabled
20240607 040722.204 INFO             PET2 ESMF_YAMLCPP                : enabled
20240607 040722.205 INFO             PET2 ESMF Tracing Enabled
20240607 040722.205 INFO             PET2 ESMF Profiling Enabled
20240607 040722.205 INFO             PET2 ESMF Trace/Profile clock: REALTIME
20240607 040722.266 INFO             PET2  NUMBER_OF_PROCESSORS           4
20240607 040722.266 INFO             PET2  PASS  Example ESMF_TraceEx, ESMF_TraceEx.F90, line 178
20240607 040722.266 INFO             PET2  Finalizing ESMF
20240607 040722.266 INFO             PET2 **************** Region Timings *******************
20240607 040722.266 INFO             PET2 Region              Count  Total (s)   Self (s)    Mean (s)    Min (s)     Max (s)
20240607 040722.266 INFO             PET2   [ESMF]            1      0.0322      0.0321      0.0322      0.0322      0.0322
20240607 040722.266 INFO             PET2     [test] Init 1   1      0.0001      0.0001      0.0001      0.0001      0.0001
20240607 040722.266 INFO             PET2     [test] Run 1    5      0.0000      0.0000      0.0000      0.0000      0.0000
20240607 040722.266 INFO             PET2     [test] Final 1  1      0.0000      0.0000      0.0000      0.0000      0.0000
20240607 040722.203 INFO             PET3 !!!!!!!!!!!!!!!!!!!!!!!!!!!!!!!!!!!!!!!!!!!!!!!!!!!!!!
20240607 040722.204 INFO             PET3 !!! THE ESMF_LOG IS SET TO OUTPUT ALL LOG MESSAGES !!!
20240607 040722.204 INFO             PET3 !!!     THIS MAY CAUSE SLOWDOWN IN PERFORMANCE     !!!
20240607 040722.204 INFO             PET3 !!! FOR PRODUCTION RUNS, USE:                      !!!
20240607 040722.204 INFO             PET3 !!!                   ESMF_LOGKIND_Multi_On_Error  !!!
20240607 040722.204 INFO             PET3 !!!!!!!!!!!!!!!!!!!!!!!!!!!!!!!!!!!!!!!!!!!!!!!!!!!!!!
20240607 040722.204 INFO             PET3 Running with ESMF Version   : v8.7.0b06-42-g13be2f7
20240607 040722.204 INFO             PET3 ESMF library build date/time: "Jun  7 2024" "02:42:00"
20240607 040722.204 INFO             PET3 ESMF library build location : /work/noaa/da/mpotts/sandbox/intel_2020.2_intelmpi_O_develop/esmf
20240607 040722.204 INFO             PET3 ESMF_COMM                   : intelmpi
20240607 040722.215 INFO             PET3 ESMF_MOAB                   : enabled
20240607 040722.215 INFO             PET3 ESMF_LAPACK                 : enabled
20240607 040722.215 INFO             PET3 ESMF_NETCDF                 : enabled
20240607 040722.215 INFO             PET3 ESMF_PNETCDF                : disabled
20240607 040722.215 INFO             PET3 ESMF_PIO                    : enabled
20240607 040722.215 INFO             PET3 ESMF_YAMLCPP                : enabled
20240607 040722.216 INFO             PET3 ESMF Tracing Enabled
20240607 040722.216 INFO             PET3 ESMF Profiling Enabled
20240607 040722.216 INFO             PET3 ESMF Trace/Profile clock: REALTIME
20240607 040722.266 INFO             PET3  NUMBER_OF_PROCESSORS           4
20240607 040722.266 INFO             PET3  PASS  Example ESMF_TraceEx, ESMF_TraceEx.F90, line 178
20240607 040722.266 INFO             PET3  Finalizing ESMF
20240607 040722.266 INFO             PET3 **************** Region Timings *******************
20240607 040722.266 INFO             PET3 Region              Count  Total (s)   Self (s)    Mean (s)    Min (s)     Max (s)
20240607 040722.266 INFO             PET3   [ESMF]            1      0.0269      0.0268      0.0269      0.0269      0.0269
20240607 040722.266 INFO             PET3     [test] Init 1   1      0.0001      0.0001      0.0001      0.0001      0.0001
20240607 040722.266 INFO             PET3     [test] Run 1    5      0.0000      0.0000      0.0000      0.0000      0.0000
20240607 040722.266 INFO             PET3     [test] Final 1  1      0.0000      0.0000      0.0000      0.0000      0.0000
