2024-06-05 03:06:39
20240605 040412.866 INFO             PET0 !!!!!!!!!!!!!!!!!!!!!!!!!!!!!!!!!!!!!!!!!!!!!!!!!!!!!!
20240605 040412.866 INFO             PET0 !!! THE ESMF_LOG IS SET TO OUTPUT ALL LOG MESSAGES !!!
20240605 040412.866 INFO             PET0 !!!     THIS MAY CAUSE SLOWDOWN IN PERFORMANCE     !!!
20240605 040412.866 INFO             PET0 !!! FOR PRODUCTION RUNS, USE:                      !!!
20240605 040412.866 INFO             PET0 !!!                   ESMF_LOGKIND_Multi_On_Error  !!!
20240605 040412.866 INFO             PET0 !!!!!!!!!!!!!!!!!!!!!!!!!!!!!!!!!!!!!!!!!!!!!!!!!!!!!!
20240605 040412.866 INFO             PET0 Running with ESMF Version   : v8.7.0b06-37-g31f8806
20240605 040412.866 INFO             PET0 ESMF library build date/time: "Jun  5 2024" "03:02:13"
20240605 040412.866 INFO             PET0 ESMF library build location : /work/noaa/da/mpotts/sandbox/intel_2020.2_intelmpi_O_develop/esmf
20240605 040412.866 INFO             PET0 ESMF_COMM                   : intelmpi
20240605 040412.868 INFO             PET0 ESMF_MOAB                   : enabled
20240605 040412.868 INFO             PET0 ESMF_LAPACK                 : enabled
20240605 040412.868 INFO             PET0 ESMF_NETCDF                 : enabled
20240605 040412.868 INFO             PET0 ESMF_PNETCDF                : disabled
20240605 040412.868 INFO             PET0 ESMF_PIO                    : enabled
20240605 040412.868 INFO             PET0 ESMF_YAMLCPP                : enabled
20240605 040412.868 INFO             PET0  NUMBER_OF_PROCESSORS           1
20240605 040412.868 INFO             PET0  PASS  Example ESMF_TimeEx, ESMF_TimeEx.F90, line 141
20240605 040412.868 INFO             PET0  Finalizing ESMF
