2024-06-07 02:45:08
20240607 043312.202 INFO             PET0 !!!!!!!!!!!!!!!!!!!!!!!!!!!!!!!!!!!!!!!!!!!!!!!!!!!!!!
20240607 043312.203 INFO             PET0 !!! THE ESMF_LOG IS SET TO OUTPUT ALL LOG MESSAGES !!!
20240607 043312.203 INFO             PET0 !!!     THIS MAY CAUSE SLOWDOWN IN PERFORMANCE     !!!
20240607 043312.203 INFO             PET0 !!! FOR PRODUCTION RUNS, USE:                      !!!
20240607 043312.203 INFO             PET0 !!!                   ESMF_LOGKIND_Multi_On_Error  !!!
20240607 043312.203 INFO             PET0 !!!!!!!!!!!!!!!!!!!!!!!!!!!!!!!!!!!!!!!!!!!!!!!!!!!!!!
20240607 043312.203 INFO             PET0 Running with ESMF Version   : v8.7.0b06-42-g13be2f7
20240607 043312.203 INFO             PET0 ESMF library build date/time: "Jun  7 2024" "02:42:00"
20240607 043312.203 INFO             PET0 ESMF library build location : /work/noaa/da/mpotts/sandbox/intel_2020.2_intelmpi_O_develop/esmf
20240607 043312.203 INFO             PET0 ESMF_COMM                   : intelmpi
20240607 043312.205 INFO             PET0 ESMF_MOAB                   : enabled
20240607 043312.205 INFO             PET0 ESMF_LAPACK                 : enabled
20240607 043312.205 INFO             PET0 ESMF_NETCDF                 : enabled
20240607 043312.205 INFO             PET0 ESMF_PNETCDF                : disabled
20240607 043312.205 INFO             PET0 ESMF_PIO                    : enabled
20240607 043312.205 INFO             PET0 ESMF_YAMLCPP                : enabled
20240607 043312.211 INFO             PET0  NUMBER_OF_PROCESSORS           1
20240607 043312.211 INFO             PET0  PASS  Example ESMF_XGridSparseMatEx, ESMF_XGridSparseMatEx.F90, line 642
20240607 043312.211 INFO             PET0  Finalizing ESMF
