2024-06-01 02:47:33
20240601 032728.612 INFO             PET0 !!!!!!!!!!!!!!!!!!!!!!!!!!!!!!!!!!!!!!!!!!!!!!!!!!!!!!
20240601 032728.612 INFO             PET0 !!! THE ESMF_LOG IS SET TO OUTPUT ALL LOG MESSAGES !!!
20240601 032728.612 INFO             PET0 !!!     THIS MAY CAUSE SLOWDOWN IN PERFORMANCE     !!!
20240601 032728.612 INFO             PET0 !!! FOR PRODUCTION RUNS, USE:                      !!!
20240601 032728.612 INFO             PET0 !!!                   ESMF_LOGKIND_Multi_On_Error  !!!
20240601 032728.612 INFO             PET0 !!!!!!!!!!!!!!!!!!!!!!!!!!!!!!!!!!!!!!!!!!!!!!!!!!!!!!
20240601 032728.612 INFO             PET0 Running with ESMF Version   : v8.7.0b06-37-g31f8806
20240601 032728.612 INFO             PET0 ESMF library build date/time: "Jun  1 2024" "02:44:06"
20240601 032728.612 INFO             PET0 ESMF library build location : /work/noaa/da/mpotts/sandbox/intel_2020.2_intelmpi_O_develop/esmf
20240601 032728.612 INFO             PET0 ESMF_COMM                   : intelmpi
20240601 032728.614 INFO             PET0 ESMF_MOAB                   : enabled
20240601 032728.614 INFO             PET0 ESMF_LAPACK                 : enabled
20240601 032728.614 INFO             PET0 ESMF_NETCDF                 : enabled
20240601 032728.614 INFO             PET0 ESMF_PNETCDF                : disabled
20240601 032728.614 INFO             PET0 ESMF_PIO                    : enabled
20240601 032728.614 INFO             PET0 ESMF_YAMLCPP                : enabled
20240601 032728.652 DEBUG            PET0 about to destroy Grid: 0x1bb3870
20240601 032728.655 DEBUG            PET0 about to destroy Grid: 0x1bb64d0
20240601 032728.665 INFO             PET0  NUMBER_OF_PROCESSORS           4
20240601 032728.665 INFO             PET0  PASS  Example ESMF_NUOPCAtmModelEx, ESMF_NUOPCAtmModelEx.F90, line 806
20240601 032728.665 INFO             PET0  Finalizing ESMF
20240601 032728.612 INFO             PET1 !!!!!!!!!!!!!!!!!!!!!!!!!!!!!!!!!!!!!!!!!!!!!!!!!!!!!!
20240601 032728.612 INFO             PET1 !!! THE ESMF_LOG IS SET TO OUTPUT ALL LOG MESSAGES !!!
20240601 032728.612 INFO             PET1 !!!     THIS MAY CAUSE SLOWDOWN IN PERFORMANCE     !!!
20240601 032728.612 INFO             PET1 !!! FOR PRODUCTION RUNS, USE:                      !!!
20240601 032728.612 INFO             PET1 !!!                   ESMF_LOGKIND_Multi_On_Error  !!!
20240601 032728.612 INFO             PET1 !!!!!!!!!!!!!!!!!!!!!!!!!!!!!!!!!!!!!!!!!!!!!!!!!!!!!!
20240601 032728.612 INFO             PET1 Running with ESMF Version   : v8.7.0b06-37-g31f8806
20240601 032728.612 INFO             PET1 ESMF library build date/time: "Jun  1 2024" "02:44:06"
20240601 032728.612 INFO             PET1 ESMF library build location : /work/noaa/da/mpotts/sandbox/intel_2020.2_intelmpi_O_develop/esmf
20240601 032728.612 INFO             PET1 ESMF_COMM                   : intelmpi
20240601 032728.617 INFO             PET1 ESMF_MOAB                   : enabled
20240601 032728.617 INFO             PET1 ESMF_LAPACK                 : enabled
20240601 032728.617 INFO             PET1 ESMF_NETCDF                 : enabled
20240601 032728.617 INFO             PET1 ESMF_PNETCDF                : disabled
20240601 032728.617 INFO             PET1 ESMF_PIO                    : enabled
20240601 032728.617 INFO             PET1 ESMF_YAMLCPP                : enabled
20240601 032728.652 DEBUG            PET1 about to destroy Grid: 0x2b9aa90
20240601 032728.655 DEBUG            PET1 about to destroy Grid: 0x2b9b6b0
20240601 032728.665 INFO             PET1  NUMBER_OF_PROCESSORS           4
20240601 032728.665 INFO             PET1  PASS  Example ESMF_NUOPCAtmModelEx, ESMF_NUOPCAtmModelEx.F90, line 806
20240601 032728.665 INFO             PET1  Finalizing ESMF
20240601 032728.612 INFO             PET2 !!!!!!!!!!!!!!!!!!!!!!!!!!!!!!!!!!!!!!!!!!!!!!!!!!!!!!
20240601 032728.612 INFO             PET2 !!! THE ESMF_LOG IS SET TO OUTPUT ALL LOG MESSAGES !!!
20240601 032728.612 INFO             PET2 !!!     THIS MAY CAUSE SLOWDOWN IN PERFORMANCE     !!!
20240601 032728.612 INFO             PET2 !!! FOR PRODUCTION RUNS, USE:                      !!!
20240601 032728.612 INFO             PET2 !!!                   ESMF_LOGKIND_Multi_On_Error  !!!
20240601 032728.612 INFO             PET2 !!!!!!!!!!!!!!!!!!!!!!!!!!!!!!!!!!!!!!!!!!!!!!!!!!!!!!
20240601 032728.612 INFO             PET2 Running with ESMF Version   : v8.7.0b06-37-g31f8806
20240601 032728.612 INFO             PET2 ESMF library build date/time: "Jun  1 2024" "02:44:06"
20240601 032728.612 INFO             PET2 ESMF library build location : /work/noaa/da/mpotts/sandbox/intel_2020.2_intelmpi_O_develop/esmf
20240601 032728.612 INFO             PET2 ESMF_COMM                   : intelmpi
20240601 032728.617 INFO             PET2 ESMF_MOAB                   : enabled
20240601 032728.617 INFO             PET2 ESMF_LAPACK                 : enabled
20240601 032728.617 INFO             PET2 ESMF_NETCDF                 : enabled
20240601 032728.617 INFO             PET2 ESMF_PNETCDF                : disabled
20240601 032728.617 INFO             PET2 ESMF_PIO                    : enabled
20240601 032728.617 INFO             PET2 ESMF_YAMLCPP                : enabled
20240601 032728.652 DEBUG            PET2 about to destroy Grid: 0x26d9c20
20240601 032728.655 DEBUG            PET2 about to destroy Grid: 0x26da840
20240601 032728.665 INFO             PET2  NUMBER_OF_PROCESSORS           4
20240601 032728.665 INFO             PET2  PASS  Example ESMF_NUOPCAtmModelEx, ESMF_NUOPCAtmModelEx.F90, line 806
20240601 032728.665 INFO             PET2  Finalizing ESMF
20240601 032728.612 INFO             PET3 !!!!!!!!!!!!!!!!!!!!!!!!!!!!!!!!!!!!!!!!!!!!!!!!!!!!!!
20240601 032728.612 INFO             PET3 !!! THE ESMF_LOG IS SET TO OUTPUT ALL LOG MESSAGES !!!
20240601 032728.612 INFO             PET3 !!!     THIS MAY CAUSE SLOWDOWN IN PERFORMANCE     !!!
20240601 032728.612 INFO             PET3 !!! FOR PRODUCTION RUNS, USE:                      !!!
20240601 032728.612 INFO             PET3 !!!                   ESMF_LOGKIND_Multi_On_Error  !!!
20240601 032728.612 INFO             PET3 !!!!!!!!!!!!!!!!!!!!!!!!!!!!!!!!!!!!!!!!!!!!!!!!!!!!!!
20240601 032728.612 INFO             PET3 Running with ESMF Version   : v8.7.0b06-37-g31f8806
20240601 032728.612 INFO             PET3 ESMF library build date/time: "Jun  1 2024" "02:44:06"
20240601 032728.612 INFO             PET3 ESMF library build location : /work/noaa/da/mpotts/sandbox/intel_2020.2_intelmpi_O_develop/esmf
20240601 032728.612 INFO             PET3 ESMF_COMM                   : intelmpi
20240601 032728.616 INFO             PET3 ESMF_MOAB                   : enabled
20240601 032728.616 INFO             PET3 ESMF_LAPACK                 : enabled
20240601 032728.616 INFO             PET3 ESMF_NETCDF                 : enabled
20240601 032728.616 INFO             PET3 ESMF_PNETCDF                : disabled
20240601 032728.616 INFO             PET3 ESMF_PIO                    : enabled
20240601 032728.616 INFO             PET3 ESMF_YAMLCPP                : enabled
20240601 032728.652 DEBUG            PET3 about to destroy Grid: 0x291bbf0
20240601 032728.655 DEBUG            PET3 about to destroy Grid: 0x291caf0
20240601 032728.665 INFO             PET3  NUMBER_OF_PROCESSORS           4
20240601 032728.665 INFO             PET3  PASS  Example ESMF_NUOPCAtmModelEx, ESMF_NUOPCAtmModelEx.F90, line 806
20240601 032728.665 INFO             PET3  Finalizing ESMF
