2024-07-25 01:06:59
20240725 012320.873 INFO             PET0 !!!!!!!!!!!!!!!!!!!!!!!!!!!!!!!!!!!!!!!!!!!!!!!!!!!!!!
20240725 012320.874 INFO             PET0 !!! THE ESMF_LOG IS SET TO OUTPUT ALL LOG MESSAGES !!!
20240725 012320.874 INFO             PET0 !!!     THIS MAY CAUSE SLOWDOWN IN PERFORMANCE     !!!
20240725 012320.874 INFO             PET0 !!! FOR PRODUCTION RUNS, USE:                      !!!
20240725 012320.874 INFO             PET0 !!!                   ESMF_LOGKIND_Multi_On_Error  !!!
20240725 012320.874 INFO             PET0 !!!!!!!!!!!!!!!!!!!!!!!!!!!!!!!!!!!!!!!!!!!!!!!!!!!!!!
20240725 012320.874 INFO             PET0 Running with ESMF Version   : v8.7.0b09-26-g87e00d02ff
20240725 012320.874 INFO             PET0 ESMF library build date/time: "Jul 25 2024" "01:05:53"
20240725 012320.874 INFO             PET0 ESMF library build location : /discover/nobackup/projects/sbu/mpotts/esmf-test/gfortran_8.3.0_mpiuni_O_feature_hconfig-extras/esmf
20240725 012320.874 INFO             PET0 ESMF_COMM                   : mpiuni
20240725 012320.874 INFO             PET0 ESMF_MOAB                   : enabled
20240725 012320.874 INFO             PET0 ESMF_LAPACK                 : enabled
20240725 012320.874 INFO             PET0 ESMF_NETCDF                 : disabled
20240725 012320.874 INFO             PET0 ESMF_PNETCDF                : disabled
20240725 012320.874 INFO             PET0 ESMF_PIO                    : disabled
20240725 012320.874 INFO             PET0 ESMF_YAMLCPP                : enabled
20240725 012320.911 INFO             PET0  NUMBER_OF_PROCESSORS           1
20240725 012320.912 INFO             PET0  PASS  Example ESMF_RHandleDynamicMaskingEx, ESMF_RHandleDynamicMaskingEx.F90, line 1116
20240725 012320.912 INFO             PET0  Finalizing ESMF
