2024-06-28 07:34:30
20240628 081209.476 INFO             PET0 !!!!!!!!!!!!!!!!!!!!!!!!!!!!!!!!!!!!!!!!!!!!!!!!!!!!!!
20240628 081209.476 INFO             PET0 !!! THE ESMF_LOG IS SET TO OUTPUT ALL LOG MESSAGES !!!
20240628 081209.476 INFO             PET0 !!!     THIS MAY CAUSE SLOWDOWN IN PERFORMANCE     !!!
20240628 081209.476 INFO             PET0 !!! FOR PRODUCTION RUNS, USE:                      !!!
20240628 081209.476 INFO             PET0 !!!                   ESMF_LOGKIND_Multi_On_Error  !!!
20240628 081209.476 INFO             PET0 !!!!!!!!!!!!!!!!!!!!!!!!!!!!!!!!!!!!!!!!!!!!!!!!!!!!!!
20240628 081209.476 INFO             PET0 Running with ESMF Version   : v8.7.0b07-20-g1e77226def
20240628 081209.476 INFO             PET0 ESMF library build date/time: "Jun 28 2024" "07:31:37"
20240628 081209.476 INFO             PET0 ESMF library build location : /scratch2/NCEPDEV/stmp1/Gerhard.Theurich/ESMF-Nightly-Testing/intel_2023.2.0-oneAPI_intelmpi_g_develop/esmf
20240628 081209.476 INFO             PET0 ESMF_COMM                   : intelmpi
20240628 081209.477 INFO             PET0 ESMF_MOAB                   : enabled
20240628 081209.477 INFO             PET0 ESMF_LAPACK                 : enabled
20240628 081209.477 INFO             PET0 ESMF_NETCDF                 : enabled
20240628 081209.477 INFO             PET0 ESMF_PNETCDF                : disabled
20240628 081209.477 INFO             PET0 ESMF_PIO                    : enabled
20240628 081209.477 INFO             PET0 ESMF_YAMLCPP                : enabled
20240628 081209.477 INFO             PET0  NUMBER_OF_PROCESSORS           2
20240628 081209.477 INFO             PET0  PASS  Example ESMF_VMUserMpiCommEx, ESMF_VMUserMpiCommEx.F90, line 113
20240628 081209.477 INFO             PET0  Finalizing ESMF with endflag==ESMF_END_KEEPMPI
20240628 081209.476 INFO             PET1 !!!!!!!!!!!!!!!!!!!!!!!!!!!!!!!!!!!!!!!!!!!!!!!!!!!!!!
20240628 081209.476 INFO             PET1 !!! THE ESMF_LOG IS SET TO OUTPUT ALL LOG MESSAGES !!!
20240628 081209.476 INFO             PET1 !!!     THIS MAY CAUSE SLOWDOWN IN PERFORMANCE     !!!
20240628 081209.476 INFO             PET1 !!! FOR PRODUCTION RUNS, USE:                      !!!
20240628 081209.476 INFO             PET1 !!!                   ESMF_LOGKIND_Multi_On_Error  !!!
20240628 081209.476 INFO             PET1 !!!!!!!!!!!!!!!!!!!!!!!!!!!!!!!!!!!!!!!!!!!!!!!!!!!!!!
20240628 081209.476 INFO             PET1 Running with ESMF Version   : v8.7.0b07-20-g1e77226def
20240628 081209.476 INFO             PET1 ESMF library build date/time: "Jun 28 2024" "07:31:37"
20240628 081209.476 INFO             PET1 ESMF library build location : /scratch2/NCEPDEV/stmp1/Gerhard.Theurich/ESMF-Nightly-Testing/intel_2023.2.0-oneAPI_intelmpi_g_develop/esmf
20240628 081209.476 INFO             PET1 ESMF_COMM                   : intelmpi
20240628 081209.477 INFO             PET1 ESMF_MOAB                   : enabled
20240628 081209.477 INFO             PET1 ESMF_LAPACK                 : enabled
20240628 081209.477 INFO             PET1 ESMF_NETCDF                 : enabled
20240628 081209.477 INFO             PET1 ESMF_PNETCDF                : disabled
20240628 081209.477 INFO             PET1 ESMF_PIO                    : enabled
20240628 081209.477 INFO             PET1 ESMF_YAMLCPP                : enabled
20240628 081209.477 INFO             PET1  NUMBER_OF_PROCESSORS           2
20240628 081209.477 INFO             PET1  PASS  Example ESMF_VMUserMpiCommEx, ESMF_VMUserMpiCommEx.F90, line 113
20240628 081209.477 INFO             PET1  Finalizing ESMF with endflag==ESMF_END_KEEPMPI
