2024-06-01 08:07:09
20240601 085427.749 INFO             PET0 !!!!!!!!!!!!!!!!!!!!!!!!!!!!!!!!!!!!!!!!!!!!!!!!!!!!!!
20240601 085427.749 INFO             PET0 !!! THE ESMF_LOG IS SET TO OUTPUT ALL LOG MESSAGES !!!
20240601 085427.749 INFO             PET0 !!!     THIS MAY CAUSE SLOWDOWN IN PERFORMANCE     !!!
20240601 085427.749 INFO             PET0 !!! FOR PRODUCTION RUNS, USE:                      !!!
20240601 085427.749 INFO             PET0 !!!                   ESMF_LOGKIND_Multi_On_Error  !!!
20240601 085427.749 INFO             PET0 !!!!!!!!!!!!!!!!!!!!!!!!!!!!!!!!!!!!!!!!!!!!!!!!!!!!!!
20240601 085427.749 INFO             PET0 Running with ESMF Version   : v8.7.0b06-37-g31f880616f
20240601 085427.749 INFO             PET0 ESMF library build date/time: "Jun  1 2024" "08:04:16"
20240601 085427.749 INFO             PET0 ESMF library build location : /scratch2/NCEPDEV/stmp1/Gerhard.Theurich/ESMF-Nightly-Testing/intel_2023.2.0-oneAPI_intelmpi_g_develop/esmf
20240601 085427.749 INFO             PET0 ESMF_COMM                   : intelmpi
20240601 085427.750 INFO             PET0 ESMF_MOAB                   : enabled
20240601 085427.750 INFO             PET0 ESMF_LAPACK                 : enabled
20240601 085427.750 INFO             PET0 ESMF_NETCDF                 : enabled
20240601 085427.750 INFO             PET0 ESMF_PNETCDF                : disabled
20240601 085427.750 INFO             PET0 ESMF_PIO                    : enabled
20240601 085427.750 INFO             PET0 ESMF_YAMLCPP                : enabled
20240601 085427.821 DEBUG            PET0 about to destroy Grid: 0x14fd6d0
20240601 085427.830 DEBUG            PET0 about to destroy Grid: 0x14fe500
20240601 085427.855 INFO             PET0  NUMBER_OF_PROCESSORS           4
20240601 085427.855 INFO             PET0  PASS  Example ESMF_NUOPCAtmModelEx, ESMF_NUOPCAtmModelEx.F90, line 806
20240601 085427.855 INFO             PET0  Finalizing ESMF
20240601 085427.749 INFO             PET1 !!!!!!!!!!!!!!!!!!!!!!!!!!!!!!!!!!!!!!!!!!!!!!!!!!!!!!
20240601 085427.749 INFO             PET1 !!! THE ESMF_LOG IS SET TO OUTPUT ALL LOG MESSAGES !!!
20240601 085427.749 INFO             PET1 !!!     THIS MAY CAUSE SLOWDOWN IN PERFORMANCE     !!!
20240601 085427.749 INFO             PET1 !!! FOR PRODUCTION RUNS, USE:                      !!!
20240601 085427.749 INFO             PET1 !!!                   ESMF_LOGKIND_Multi_On_Error  !!!
20240601 085427.749 INFO             PET1 !!!!!!!!!!!!!!!!!!!!!!!!!!!!!!!!!!!!!!!!!!!!!!!!!!!!!!
20240601 085427.749 INFO             PET1 Running with ESMF Version   : v8.7.0b06-37-g31f880616f
20240601 085427.749 INFO             PET1 ESMF library build date/time: "Jun  1 2024" "08:04:16"
20240601 085427.749 INFO             PET1 ESMF library build location : /scratch2/NCEPDEV/stmp1/Gerhard.Theurich/ESMF-Nightly-Testing/intel_2023.2.0-oneAPI_intelmpi_g_develop/esmf
20240601 085427.749 INFO             PET1 ESMF_COMM                   : intelmpi
20240601 085427.750 INFO             PET1 ESMF_MOAB                   : enabled
20240601 085427.750 INFO             PET1 ESMF_LAPACK                 : enabled
20240601 085427.750 INFO             PET1 ESMF_NETCDF                 : enabled
20240601 085427.750 INFO             PET1 ESMF_PNETCDF                : disabled
20240601 085427.750 INFO             PET1 ESMF_PIO                    : enabled
20240601 085427.750 INFO             PET1 ESMF_YAMLCPP                : enabled
20240601 085427.821 DEBUG            PET1 about to destroy Grid: 0xd2f090
20240601 085427.830 DEBUG            PET1 about to destroy Grid: 0xd2f930
20240601 085427.855 INFO             PET1  NUMBER_OF_PROCESSORS           4
20240601 085427.855 INFO             PET1  PASS  Example ESMF_NUOPCAtmModelEx, ESMF_NUOPCAtmModelEx.F90, line 806
20240601 085427.855 INFO             PET1  Finalizing ESMF
20240601 085427.750 INFO             PET2 !!!!!!!!!!!!!!!!!!!!!!!!!!!!!!!!!!!!!!!!!!!!!!!!!!!!!!
20240601 085427.750 INFO             PET2 !!! THE ESMF_LOG IS SET TO OUTPUT ALL LOG MESSAGES !!!
20240601 085427.750 INFO             PET2 !!!     THIS MAY CAUSE SLOWDOWN IN PERFORMANCE     !!!
20240601 085427.750 INFO             PET2 !!! FOR PRODUCTION RUNS, USE:                      !!!
20240601 085427.750 INFO             PET2 !!!                   ESMF_LOGKIND_Multi_On_Error  !!!
20240601 085427.750 INFO             PET2 !!!!!!!!!!!!!!!!!!!!!!!!!!!!!!!!!!!!!!!!!!!!!!!!!!!!!!
20240601 085427.750 INFO             PET2 Running with ESMF Version   : v8.7.0b06-37-g31f880616f
20240601 085427.750 INFO             PET2 ESMF library build date/time: "Jun  1 2024" "08:04:16"
20240601 085427.750 INFO             PET2 ESMF library build location : /scratch2/NCEPDEV/stmp1/Gerhard.Theurich/ESMF-Nightly-Testing/intel_2023.2.0-oneAPI_intelmpi_g_develop/esmf
20240601 085427.750 INFO             PET2 ESMF_COMM                   : intelmpi
20240601 085427.750 INFO             PET2 ESMF_MOAB                   : enabled
20240601 085427.750 INFO             PET2 ESMF_LAPACK                 : enabled
20240601 085427.750 INFO             PET2 ESMF_NETCDF                 : enabled
20240601 085427.750 INFO             PET2 ESMF_PNETCDF                : disabled
20240601 085427.750 INFO             PET2 ESMF_PIO                    : enabled
20240601 085427.750 INFO             PET2 ESMF_YAMLCPP                : enabled
20240601 085427.821 DEBUG            PET2 about to destroy Grid: 0x2b40000
20240601 085427.830 DEBUG            PET2 about to destroy Grid: 0x2b408a0
20240601 085427.855 INFO             PET2  NUMBER_OF_PROCESSORS           4
20240601 085427.855 INFO             PET2  PASS  Example ESMF_NUOPCAtmModelEx, ESMF_NUOPCAtmModelEx.F90, line 806
20240601 085427.855 INFO             PET2  Finalizing ESMF
20240601 085427.749 INFO             PET3 !!!!!!!!!!!!!!!!!!!!!!!!!!!!!!!!!!!!!!!!!!!!!!!!!!!!!!
20240601 085427.749 INFO             PET3 !!! THE ESMF_LOG IS SET TO OUTPUT ALL LOG MESSAGES !!!
20240601 085427.749 INFO             PET3 !!!     THIS MAY CAUSE SLOWDOWN IN PERFORMANCE     !!!
20240601 085427.749 INFO             PET3 !!! FOR PRODUCTION RUNS, USE:                      !!!
20240601 085427.749 INFO             PET3 !!!                   ESMF_LOGKIND_Multi_On_Error  !!!
20240601 085427.749 INFO             PET3 !!!!!!!!!!!!!!!!!!!!!!!!!!!!!!!!!!!!!!!!!!!!!!!!!!!!!!
20240601 085427.749 INFO             PET3 Running with ESMF Version   : v8.7.0b06-37-g31f880616f
20240601 085427.749 INFO             PET3 ESMF library build date/time: "Jun  1 2024" "08:04:16"
20240601 085427.749 INFO             PET3 ESMF library build location : /scratch2/NCEPDEV/stmp1/Gerhard.Theurich/ESMF-Nightly-Testing/intel_2023.2.0-oneAPI_intelmpi_g_develop/esmf
20240601 085427.749 INFO             PET3 ESMF_COMM                   : intelmpi
20240601 085427.750 INFO             PET3 ESMF_MOAB                   : enabled
20240601 085427.750 INFO             PET3 ESMF_LAPACK                 : enabled
20240601 085427.750 INFO             PET3 ESMF_NETCDF                 : enabled
20240601 085427.750 INFO             PET3 ESMF_PNETCDF                : disabled
20240601 085427.750 INFO             PET3 ESMF_PIO                    : enabled
20240601 085427.750 INFO             PET3 ESMF_YAMLCPP                : enabled
20240601 085427.821 DEBUG            PET3 about to destroy Grid: 0x2a52260
20240601 085427.830 DEBUG            PET3 about to destroy Grid: 0x2a52b00
20240601 085427.855 INFO             PET3  NUMBER_OF_PROCESSORS           4
20240601 085427.855 INFO             PET3  PASS  Example ESMF_NUOPCAtmModelEx, ESMF_NUOPCAtmModelEx.F90, line 806
20240601 085427.855 INFO             PET3  Finalizing ESMF
