2024-07-28 02:11:06
20240728 024402.195 INFO             PET0 !!!!!!!!!!!!!!!!!!!!!!!!!!!!!!!!!!!!!!!!!!!!!!!!!!!!!!
20240728 024402.196 INFO             PET0 !!! THE ESMF_LOG IS SET TO OUTPUT ALL LOG MESSAGES !!!
20240728 024402.196 INFO             PET0 !!!     THIS MAY CAUSE SLOWDOWN IN PERFORMANCE     !!!
20240728 024402.196 INFO             PET0 !!! FOR PRODUCTION RUNS, USE:                      !!!
20240728 024402.196 INFO             PET0 !!!                   ESMF_LOGKIND_Multi_On_Error  !!!
20240728 024402.196 INFO             PET0 !!!!!!!!!!!!!!!!!!!!!!!!!!!!!!!!!!!!!!!!!!!!!!!!!!!!!!
20240728 024402.196 INFO             PET0 Running with ESMF Version   : v8.7.0b10-2-gee9aef261f
20240728 024402.196 INFO             PET0 ESMF library build date/time: "Jul 28 2024" "02:08:40"
20240728 024402.196 INFO             PET0 ESMF library build location : /project/esmf/sacks/esmf-testing/gfortran_11.2.0_openmpi_g_develop/esmf
20240728 024402.196 INFO             PET0 ESMF_COMM                   : openmpi
20240728 024402.196 INFO             PET0 ESMF_MOAB                   : enabled
20240728 024402.196 INFO             PET0 ESMF_LAPACK                 : enabled
20240728 024402.196 INFO             PET0 ESMF_NETCDF                 : enabled
20240728 024402.196 INFO             PET0 ESMF_PNETCDF                : disabled
20240728 024402.196 INFO             PET0 ESMF_PIO                    : enabled
20240728 024402.196 INFO             PET0 ESMF_YAMLCPP                : enabled
20240728 024402.200 INFO             PET0  NUMBER_OF_PROCESSORS           1
20240728 024402.200 INFO             PET0  PASS  Example ESMF_XGridSparseMatEx, ESMF_XGridSparseMatEx.F90, line 642
20240728 024402.200 INFO             PET0  Finalizing ESMF
