2024-05-30 02:11:31
20240530 024641.081 INFO             PET0 !!!!!!!!!!!!!!!!!!!!!!!!!!!!!!!!!!!!!!!!!!!!!!!!!!!!!!
20240530 024641.082 INFO             PET0 !!! THE ESMF_LOG IS SET TO OUTPUT ALL LOG MESSAGES !!!
20240530 024641.082 INFO             PET0 !!!     THIS MAY CAUSE SLOWDOWN IN PERFORMANCE     !!!
20240530 024641.082 INFO             PET0 !!! FOR PRODUCTION RUNS, USE:                      !!!
20240530 024641.082 INFO             PET0 !!!                   ESMF_LOGKIND_Multi_On_Error  !!!
20240530 024641.082 INFO             PET0 !!!!!!!!!!!!!!!!!!!!!!!!!!!!!!!!!!!!!!!!!!!!!!!!!!!!!!
20240530 024641.082 INFO             PET0 Running with ESMF Version   : v8.7.0b06-6-g5fb1a7b839
20240530 024641.082 INFO             PET0 ESMF library build date/time: "May 30 2024" "02:09:05"
20240530 024641.082 INFO             PET0 ESMF library build location : /project/esmf/sacks/esmf-testing/gfortran_11.2.0_openmpi_g_develop/esmf
20240530 024641.082 INFO             PET0 ESMF_COMM                   : openmpi
20240530 024641.082 INFO             PET0 ESMF_MOAB                   : enabled
20240530 024641.082 INFO             PET0 ESMF_LAPACK                 : enabled
20240530 024641.082 INFO             PET0 ESMF_NETCDF                 : enabled
20240530 024641.082 INFO             PET0 ESMF_PNETCDF                : disabled
20240530 024641.082 INFO             PET0 ESMF_PIO                    : enabled
20240530 024641.082 INFO             PET0 ESMF_YAMLCPP                : enabled
20240530 024641.232 DEBUG            PET0 about to destroy Grid: 0x7f860683da00
20240530 024641.249 DEBUG            PET0 about to destroy Grid: 0x7f860683e600
20240530 024641.298 INFO             PET0  NUMBER_OF_PROCESSORS           4
20240530 024641.298 INFO             PET0  PASS  Example ESMF_NUOPCAtmModelEx, ESMF_NUOPCAtmModelEx.F90, line 806
20240530 024641.298 INFO             PET0  Finalizing ESMF
20240530 024641.081 INFO             PET1 !!!!!!!!!!!!!!!!!!!!!!!!!!!!!!!!!!!!!!!!!!!!!!!!!!!!!!
20240530 024641.082 INFO             PET1 !!! THE ESMF_LOG IS SET TO OUTPUT ALL LOG MESSAGES !!!
20240530 024641.082 INFO             PET1 !!!     THIS MAY CAUSE SLOWDOWN IN PERFORMANCE     !!!
20240530 024641.082 INFO             PET1 !!! FOR PRODUCTION RUNS, USE:                      !!!
20240530 024641.082 INFO             PET1 !!!                   ESMF_LOGKIND_Multi_On_Error  !!!
20240530 024641.082 INFO             PET1 !!!!!!!!!!!!!!!!!!!!!!!!!!!!!!!!!!!!!!!!!!!!!!!!!!!!!!
20240530 024641.082 INFO             PET1 Running with ESMF Version   : v8.7.0b06-6-g5fb1a7b839
20240530 024641.082 INFO             PET1 ESMF library build date/time: "May 30 2024" "02:09:05"
20240530 024641.082 INFO             PET1 ESMF library build location : /project/esmf/sacks/esmf-testing/gfortran_11.2.0_openmpi_g_develop/esmf
20240530 024641.082 INFO             PET1 ESMF_COMM                   : openmpi
20240530 024641.083 INFO             PET1 ESMF_MOAB                   : enabled
20240530 024641.083 INFO             PET1 ESMF_LAPACK                 : enabled
20240530 024641.083 INFO             PET1 ESMF_NETCDF                 : enabled
20240530 024641.083 INFO             PET1 ESMF_PNETCDF                : disabled
20240530 024641.083 INFO             PET1 ESMF_PIO                    : enabled
20240530 024641.083 INFO             PET1 ESMF_YAMLCPP                : enabled
20240530 024641.232 DEBUG            PET1 about to destroy Grid: 0x7ff0c6028800
20240530 024641.249 DEBUG            PET1 about to destroy Grid: 0x7ff0c602ea00
20240530 024641.298 INFO             PET1  NUMBER_OF_PROCESSORS           4
20240530 024641.298 INFO             PET1  PASS  Example ESMF_NUOPCAtmModelEx, ESMF_NUOPCAtmModelEx.F90, line 806
20240530 024641.298 INFO             PET1  Finalizing ESMF
20240530 024641.081 INFO             PET2 !!!!!!!!!!!!!!!!!!!!!!!!!!!!!!!!!!!!!!!!!!!!!!!!!!!!!!
20240530 024641.082 INFO             PET2 !!! THE ESMF_LOG IS SET TO OUTPUT ALL LOG MESSAGES !!!
20240530 024641.082 INFO             PET2 !!!     THIS MAY CAUSE SLOWDOWN IN PERFORMANCE     !!!
20240530 024641.082 INFO             PET2 !!! FOR PRODUCTION RUNS, USE:                      !!!
20240530 024641.082 INFO             PET2 !!!                   ESMF_LOGKIND_Multi_On_Error  !!!
20240530 024641.082 INFO             PET2 !!!!!!!!!!!!!!!!!!!!!!!!!!!!!!!!!!!!!!!!!!!!!!!!!!!!!!
20240530 024641.082 INFO             PET2 Running with ESMF Version   : v8.7.0b06-6-g5fb1a7b839
20240530 024641.082 INFO             PET2 ESMF library build date/time: "May 30 2024" "02:09:05"
20240530 024641.082 INFO             PET2 ESMF library build location : /project/esmf/sacks/esmf-testing/gfortran_11.2.0_openmpi_g_develop/esmf
20240530 024641.082 INFO             PET2 ESMF_COMM                   : openmpi
20240530 024641.082 INFO             PET2 ESMF_MOAB                   : enabled
20240530 024641.082 INFO             PET2 ESMF_LAPACK                 : enabled
20240530 024641.082 INFO             PET2 ESMF_NETCDF                 : enabled
20240530 024641.082 INFO             PET2 ESMF_PNETCDF                : disabled
20240530 024641.082 INFO             PET2 ESMF_PIO                    : enabled
20240530 024641.082 INFO             PET2 ESMF_YAMLCPP                : enabled
20240530 024641.232 DEBUG            PET2 about to destroy Grid: 0x7ff14c852600
20240530 024641.249 DEBUG            PET2 about to destroy Grid: 0x7ff14c853200
20240530 024641.298 INFO             PET2  NUMBER_OF_PROCESSORS           4
20240530 024641.298 INFO             PET2  PASS  Example ESMF_NUOPCAtmModelEx, ESMF_NUOPCAtmModelEx.F90, line 806
20240530 024641.298 INFO             PET2  Finalizing ESMF
20240530 024641.081 INFO             PET3 !!!!!!!!!!!!!!!!!!!!!!!!!!!!!!!!!!!!!!!!!!!!!!!!!!!!!!
20240530 024641.082 INFO             PET3 !!! THE ESMF_LOG IS SET TO OUTPUT ALL LOG MESSAGES !!!
20240530 024641.082 INFO             PET3 !!!     THIS MAY CAUSE SLOWDOWN IN PERFORMANCE     !!!
20240530 024641.082 INFO             PET3 !!! FOR PRODUCTION RUNS, USE:                      !!!
20240530 024641.082 INFO             PET3 !!!                   ESMF_LOGKIND_Multi_On_Error  !!!
20240530 024641.082 INFO             PET3 !!!!!!!!!!!!!!!!!!!!!!!!!!!!!!!!!!!!!!!!!!!!!!!!!!!!!!
20240530 024641.082 INFO             PET3 Running with ESMF Version   : v8.7.0b06-6-g5fb1a7b839
20240530 024641.082 INFO             PET3 ESMF library build date/time: "May 30 2024" "02:09:05"
20240530 024641.082 INFO             PET3 ESMF library build location : /project/esmf/sacks/esmf-testing/gfortran_11.2.0_openmpi_g_develop/esmf
20240530 024641.082 INFO             PET3 ESMF_COMM                   : openmpi
20240530 024641.082 INFO             PET3 ESMF_MOAB                   : enabled
20240530 024641.082 INFO             PET3 ESMF_LAPACK                 : enabled
20240530 024641.082 INFO             PET3 ESMF_NETCDF                 : enabled
20240530 024641.082 INFO             PET3 ESMF_PNETCDF                : disabled
20240530 024641.082 INFO             PET3 ESMF_PIO                    : enabled
20240530 024641.082 INFO             PET3 ESMF_YAMLCPP                : enabled
20240530 024641.232 DEBUG            PET3 about to destroy Grid: 0x7fd42a018e00
20240530 024641.249 DEBUG            PET3 about to destroy Grid: 0x7fd42a019a00
20240530 024641.298 INFO             PET3  NUMBER_OF_PROCESSORS           4
20240530 024641.298 INFO             PET3  PASS  Example ESMF_NUOPCAtmModelEx, ESMF_NUOPCAtmModelEx.F90, line 806
20240530 024641.298 INFO             PET3  Finalizing ESMF
