2024-06-09 07:23:36
20240609 075116.193 INFO             PET0 !!!!!!!!!!!!!!!!!!!!!!!!!!!!!!!!!!!!!!!!!!!!!!!!!!!!!!
20240609 075116.193 INFO             PET0 !!! THE ESMF_LOG IS SET TO OUTPUT ALL LOG MESSAGES !!!
20240609 075116.193 INFO             PET0 !!!     THIS MAY CAUSE SLOWDOWN IN PERFORMANCE     !!!
20240609 075116.193 INFO             PET0 !!! FOR PRODUCTION RUNS, USE:                      !!!
20240609 075116.193 INFO             PET0 !!!                   ESMF_LOGKIND_Multi_On_Error  !!!
20240609 075116.193 INFO             PET0 !!!!!!!!!!!!!!!!!!!!!!!!!!!!!!!!!!!!!!!!!!!!!!!!!!!!!!
20240609 075116.193 INFO             PET0 Running with ESMF Version   : v8.7.0b07
20240609 075116.193 INFO             PET0 ESMF library build date/time: "Jun  9 2024" "07:21:29"
20240609 075116.193 INFO             PET0 ESMF library build location : /scratch2/NCEPDEV/stmp1/Gerhard.Theurich/ESMF-Nightly-Testing/gfortran_13.2.0_mpiuni_g_develop/esmf
20240609 075116.193 INFO             PET0 ESMF_COMM                   : mpiuni
20240609 075116.194 INFO             PET0 ESMF_MOAB                   : enabled
20240609 075116.194 INFO             PET0 ESMF_LAPACK                 : enabled
20240609 075116.194 INFO             PET0 ESMF_NETCDF                 : disabled
20240609 075116.194 INFO             PET0 ESMF_PNETCDF                : disabled
20240609 075116.194 INFO             PET0 ESMF_PIO                    : disabled
20240609 075116.194 INFO             PET0 ESMF_YAMLCPP                : enabled
20240609 075116.300 DEBUG            PET0 about to destroy Grid: 0x7f5b70
20240609 075116.311 DEBUG            PET0 about to destroy Grid: 0x7f79a0
20240609 075116.424 INFO             PET0  NUMBER_OF_PROCESSORS           1
20240609 075116.424 INFO             PET0  PASS  Example ESMF_NUOPCAtmModelEx, ESMF_NUOPCAtmModelEx.F90, line 806
20240609 075116.424 INFO             PET0  Finalizing ESMF
