2024-05-14 07:28:07
20240514 075210.604 INFO             PET0 !!!!!!!!!!!!!!!!!!!!!!!!!!!!!!!!!!!!!!!!!!!!!!!!!!!!!!
20240514 075210.604 INFO             PET0 !!! THE ESMF_LOG IS SET TO OUTPUT ALL LOG MESSAGES !!!
20240514 075210.604 INFO             PET0 !!!     THIS MAY CAUSE SLOWDOWN IN PERFORMANCE     !!!
20240514 075210.604 INFO             PET0 !!! FOR PRODUCTION RUNS, USE:                      !!!
20240514 075210.604 INFO             PET0 !!!                   ESMF_LOGKIND_Multi_On_Error  !!!
20240514 075210.604 INFO             PET0 !!!!!!!!!!!!!!!!!!!!!!!!!!!!!!!!!!!!!!!!!!!!!!!!!!!!!!
20240514 075210.604 INFO             PET0 Running with ESMF Version   : v8.7.0b05-79-ga8d1e7bca1
20240514 075210.604 INFO             PET0 ESMF library build date/time: "May 14 2024" "07:26:06"
20240514 075210.604 INFO             PET0 ESMF library build location : /scratch2/NCEPDEV/stmp1/Gerhard.Theurich/ESMF-Nightly-Testing/gfortran_13.2.0_mpiuni_g_develop/esmf
20240514 075210.604 INFO             PET0 ESMF_COMM                   : mpiuni
20240514 075210.605 INFO             PET0 ESMF_MOAB                   : enabled
20240514 075210.605 INFO             PET0 ESMF_LAPACK                 : enabled
20240514 075210.605 INFO             PET0 ESMF_NETCDF                 : disabled
20240514 075210.605 INFO             PET0 ESMF_PNETCDF                : disabled
20240514 075210.605 INFO             PET0 ESMF_PIO                    : disabled
20240514 075210.605 INFO             PET0 ESMF_YAMLCPP                : enabled
20240514 075210.607 ERROR            PET0 ESMCI_Info.C:1289 Info::set(<json>) Cannot set value  - Error/Return Code 540 (ESMC_RC_CANNOT_SET) - Key '/myIntegerKey' already in map and force=false.
20240514 075210.607 ERROR            PET0 ESMCI_Info.C:1292 Info::set(<json>) Cannot set value  - Internal subroutine call returned Error
20240514 075210.607 ERROR            PET0 ESMCI_Info.C:1334 Info::set(<json>) Cannot set value  - Internal subroutine call returned Error
20240514 075210.607 ERROR            PET0 ESMCI_Info.C:1337 Info::set(<json>) Cannot set value  - Internal subroutine call returned Error
20240514 075210.607 ERROR            PET0 ESMCI_Info.C:1385 Info::set(<scalar>) Cannot set value  - Internal subroutine call returned Error
20240514 075210.607 ERROR            PET0 ESMC_InfoCDefGeneric.C:387 ESMC_InfoSetI4() Cannot set value  - Internal subroutine call returned Error
20240514 075210.607 ERROR            PET0 ESMF_Info.F90:2871 ESMF_InfoSetI4() Cannot set value  - Internal subroutine call returned Error
20240514 075210.608 INFO             PET0  NUMBER_OF_PROCESSORS           1
20240514 075210.608 INFO             PET0  PASS  Example ESMF_InfoTutorialEx, ESMF_InfoTutorialEx.F90, line 335
20240514 075210.608 INFO             PET0  Finalizing ESMF
