2024-08-05 07:28:35
20240805 075636.191 INFO             PET0 !!!!!!!!!!!!!!!!!!!!!!!!!!!!!!!!!!!!!!!!!!!!!!!!!!!!!!
20240805 075636.191 INFO             PET0 !!! THE ESMF_LOG IS SET TO OUTPUT ALL LOG MESSAGES !!!
20240805 075636.191 INFO             PET0 !!!     THIS MAY CAUSE SLOWDOWN IN PERFORMANCE     !!!
20240805 075636.191 INFO             PET0 !!! FOR PRODUCTION RUNS, USE:                      !!!
20240805 075636.191 INFO             PET0 !!!                   ESMF_LOGKIND_Multi_On_Error  !!!
20240805 075636.191 INFO             PET0 !!!!!!!!!!!!!!!!!!!!!!!!!!!!!!!!!!!!!!!!!!!!!!!!!!!!!!
20240805 075636.191 INFO             PET0 Running with ESMF Version   : v8.7.0b11
20240805 075636.191 INFO             PET0 ESMF library build date/time: "Aug  5 2024" "07:25:51"
20240805 075636.191 INFO             PET0 ESMF library build location : /scratch2/NCEPDEV/stmp1/Gerhard.Theurich/ESMF-Nightly-Testing/gfortran_13.2.0_mpiuni_g_develop/esmf
20240805 075636.191 INFO             PET0 ESMF_COMM                   : mpiuni
20240805 075636.192 INFO             PET0 ESMF_MOAB                   : enabled
20240805 075636.192 INFO             PET0 ESMF_LAPACK                 : enabled
20240805 075636.192 INFO             PET0 ESMF_NETCDF                 : disabled
20240805 075636.192 INFO             PET0 ESMF_PNETCDF                : disabled
20240805 075636.192 INFO             PET0 ESMF_PIO                    : disabled
20240805 075636.192 INFO             PET0 ESMF_YAMLCPP                : enabled
20240805 075636.274 INFO             PET0  NUMBER_OF_PROCESSORS           1
20240805 075636.274 INFO             PET0  PASS  Example ESMF_RHandleReusabilityEx, ESMF_RHandleReusabilityEx.F90, line 582
20240805 075636.274 INFO             PET0  Finalizing ESMF
