2024-07-05 07:25:39
20240705 075058.028 INFO             PET0 !!!!!!!!!!!!!!!!!!!!!!!!!!!!!!!!!!!!!!!!!!!!!!!!!!!!!!
20240705 075058.028 INFO             PET0 !!! THE ESMF_LOG IS SET TO OUTPUT ALL LOG MESSAGES !!!
20240705 075058.028 INFO             PET0 !!!     THIS MAY CAUSE SLOWDOWN IN PERFORMANCE     !!!
20240705 075058.028 INFO             PET0 !!! FOR PRODUCTION RUNS, USE:                      !!!
20240705 075058.028 INFO             PET0 !!!                   ESMF_LOGKIND_Multi_On_Error  !!!
20240705 075058.028 INFO             PET0 !!!!!!!!!!!!!!!!!!!!!!!!!!!!!!!!!!!!!!!!!!!!!!!!!!!!!!
20240705 075058.028 INFO             PET0 Running with ESMF Version   : v8.7.0b08-12-ga4da9b3757
20240705 075058.028 INFO             PET0 ESMF library build date/time: "Jul  5 2024" "07:23:04"
20240705 075058.028 INFO             PET0 ESMF library build location : /scratch2/NCEPDEV/stmp1/Gerhard.Theurich/ESMF-Nightly-Testing/gfortran_13.2.0_mpiuni_g_develop/esmf
20240705 075058.028 INFO             PET0 ESMF_COMM                   : mpiuni
20240705 075058.029 INFO             PET0 ESMF_MOAB                   : enabled
20240705 075058.029 INFO             PET0 ESMF_LAPACK                 : enabled
20240705 075058.029 INFO             PET0 ESMF_NETCDF                 : disabled
20240705 075058.029 INFO             PET0 ESMF_PNETCDF                : disabled
20240705 075058.029 INFO             PET0 ESMF_PIO                    : disabled
20240705 075058.029 INFO             PET0 ESMF_YAMLCPP                : enabled
20240705 075058.029 INFO             PET0  NUMBER_OF_PROCESSORS           1
20240705 075058.029 INFO             PET0  PASS  Example ESMF_VMDefaultBasicsEx, ESMF_VMDefaultBasicsEx.F90, line 107
20240705 075058.029 INFO             PET0  Finalizing ESMF
