2024-06-29 07:22:05
20240629 074647.049 INFO             PET0 !!!!!!!!!!!!!!!!!!!!!!!!!!!!!!!!!!!!!!!!!!!!!!!!!!!!!!
20240629 074647.049 INFO             PET0 !!! THE ESMF_LOG IS SET TO OUTPUT ALL LOG MESSAGES !!!
20240629 074647.049 INFO             PET0 !!!     THIS MAY CAUSE SLOWDOWN IN PERFORMANCE     !!!
20240629 074647.049 INFO             PET0 !!! FOR PRODUCTION RUNS, USE:                      !!!
20240629 074647.049 INFO             PET0 !!!                   ESMF_LOGKIND_Multi_On_Error  !!!
20240629 074647.049 INFO             PET0 !!!!!!!!!!!!!!!!!!!!!!!!!!!!!!!!!!!!!!!!!!!!!!!!!!!!!!
20240629 074647.049 INFO             PET0 Running with ESMF Version   : v8.7.0b07-20-g1e77226def
20240629 074647.049 INFO             PET0 ESMF library build date/time: "Jun 29 2024" "07:19:46"
20240629 074647.049 INFO             PET0 ESMF library build location : /scratch2/NCEPDEV/stmp1/Gerhard.Theurich/ESMF-Nightly-Testing/gfortran_13.2.0_mpiuni_g_develop/esmf
20240629 074647.049 INFO             PET0 ESMF_COMM                   : mpiuni
20240629 074647.049 INFO             PET0 ESMF_MOAB                   : enabled
20240629 074647.049 INFO             PET0 ESMF_LAPACK                 : enabled
20240629 074647.049 INFO             PET0 ESMF_NETCDF                 : disabled
20240629 074647.049 INFO             PET0 ESMF_PNETCDF                : disabled
20240629 074647.049 INFO             PET0 ESMF_PIO                    : disabled
20240629 074647.049 INFO             PET0 ESMF_YAMLCPP                : enabled
20240629 074647.050 INFO             PET0  NUMBER_OF_PROCESSORS           1
20240629 074647.050 INFO             PET0  PASS  Example ESMF_DELayoutEx, ESMF_DELayoutEx.F90, line 394
20240629 074647.050 INFO             PET0  Finalizing ESMF
