2024-07-24 07:29:35
20240724 080501.377 INFO             PET0 !!!!!!!!!!!!!!!!!!!!!!!!!!!!!!!!!!!!!!!!!!!!!!!!!!!!!!
20240724 080501.377 INFO             PET0 !!! THE ESMF_LOG IS SET TO OUTPUT ALL LOG MESSAGES !!!
20240724 080501.377 INFO             PET0 !!!     THIS MAY CAUSE SLOWDOWN IN PERFORMANCE     !!!
20240724 080501.377 INFO             PET0 !!! FOR PRODUCTION RUNS, USE:                      !!!
20240724 080501.377 INFO             PET0 !!!                   ESMF_LOGKIND_Multi_On_Error  !!!
20240724 080501.377 INFO             PET0 !!!!!!!!!!!!!!!!!!!!!!!!!!!!!!!!!!!!!!!!!!!!!!!!!!!!!!
20240724 080501.377 INFO             PET0 Running with ESMF Version   : v8.7.0b09-5-g5845ab67f6
20240724 080501.377 INFO             PET0 ESMF library build date/time: "Jul 24 2024" "07:26:41"
20240724 080501.377 INFO             PET0 ESMF library build location : /scratch2/NCEPDEV/stmp1/Gerhard.Theurich/ESMF-Nightly-Testing/gfortran_13.2.0_openmpi_g_feature_numa/esmf
20240724 080501.377 INFO             PET0 ESMF_COMM                   : openmpi
20240724 080501.378 INFO             PET0 ESMF_MOAB                   : enabled
20240724 080501.378 INFO             PET0 ESMF_LAPACK                 : enabled
20240724 080501.378 INFO             PET0 ESMF_NETCDF                 : disabled
20240724 080501.378 INFO             PET0 ESMF_PNETCDF                : disabled
20240724 080501.378 INFO             PET0 ESMF_PIO                    : disabled
20240724 080501.378 INFO             PET0 ESMF_YAMLCPP                : enabled
20240724 080501.633 DEBUG            PET0 about to destroy Grid: 0x21b6100
20240724 080501.642 DEBUG            PET0 about to destroy Grid: 0x21ba490
20240724 080501.686 INFO             PET0  NUMBER_OF_PROCESSORS           4
20240724 080501.686 INFO             PET0  PASS  Example ESMF_NUOPCAtmModelEx, ESMF_NUOPCAtmModelEx.F90, line 806
20240724 080501.686 INFO             PET0  Finalizing ESMF
20240724 080501.377 INFO             PET1 !!!!!!!!!!!!!!!!!!!!!!!!!!!!!!!!!!!!!!!!!!!!!!!!!!!!!!
20240724 080501.378 INFO             PET1 !!! THE ESMF_LOG IS SET TO OUTPUT ALL LOG MESSAGES !!!
20240724 080501.378 INFO             PET1 !!!     THIS MAY CAUSE SLOWDOWN IN PERFORMANCE     !!!
20240724 080501.378 INFO             PET1 !!! FOR PRODUCTION RUNS, USE:                      !!!
20240724 080501.378 INFO             PET1 !!!                   ESMF_LOGKIND_Multi_On_Error  !!!
20240724 080501.378 INFO             PET1 !!!!!!!!!!!!!!!!!!!!!!!!!!!!!!!!!!!!!!!!!!!!!!!!!!!!!!
20240724 080501.378 INFO             PET1 Running with ESMF Version   : v8.7.0b09-5-g5845ab67f6
20240724 080501.378 INFO             PET1 ESMF library build date/time: "Jul 24 2024" "07:26:41"
20240724 080501.378 INFO             PET1 ESMF library build location : /scratch2/NCEPDEV/stmp1/Gerhard.Theurich/ESMF-Nightly-Testing/gfortran_13.2.0_openmpi_g_feature_numa/esmf
20240724 080501.378 INFO             PET1 ESMF_COMM                   : openmpi
20240724 080501.378 INFO             PET1 ESMF_MOAB                   : enabled
20240724 080501.378 INFO             PET1 ESMF_LAPACK                 : enabled
20240724 080501.378 INFO             PET1 ESMF_NETCDF                 : disabled
20240724 080501.378 INFO             PET1 ESMF_PNETCDF                : disabled
20240724 080501.378 INFO             PET1 ESMF_PIO                    : disabled
20240724 080501.378 INFO             PET1 ESMF_YAMLCPP                : enabled
20240724 080501.633 DEBUG            PET1 about to destroy Grid: 0x12e4160
20240724 080501.642 DEBUG            PET1 about to destroy Grid: 0x12e5d10
20240724 080501.686 INFO             PET1  NUMBER_OF_PROCESSORS           4
20240724 080501.686 INFO             PET1  PASS  Example ESMF_NUOPCAtmModelEx, ESMF_NUOPCAtmModelEx.F90, line 806
20240724 080501.686 INFO             PET1  Finalizing ESMF
20240724 080501.377 INFO             PET2 !!!!!!!!!!!!!!!!!!!!!!!!!!!!!!!!!!!!!!!!!!!!!!!!!!!!!!
20240724 080501.377 INFO             PET2 !!! THE ESMF_LOG IS SET TO OUTPUT ALL LOG MESSAGES !!!
20240724 080501.377 INFO             PET2 !!!     THIS MAY CAUSE SLOWDOWN IN PERFORMANCE     !!!
20240724 080501.377 INFO             PET2 !!! FOR PRODUCTION RUNS, USE:                      !!!
20240724 080501.377 INFO             PET2 !!!                   ESMF_LOGKIND_Multi_On_Error  !!!
20240724 080501.377 INFO             PET2 !!!!!!!!!!!!!!!!!!!!!!!!!!!!!!!!!!!!!!!!!!!!!!!!!!!!!!
20240724 080501.377 INFO             PET2 Running with ESMF Version   : v8.7.0b09-5-g5845ab67f6
20240724 080501.377 INFO             PET2 ESMF library build date/time: "Jul 24 2024" "07:26:41"
20240724 080501.377 INFO             PET2 ESMF library build location : /scratch2/NCEPDEV/stmp1/Gerhard.Theurich/ESMF-Nightly-Testing/gfortran_13.2.0_openmpi_g_feature_numa/esmf
20240724 080501.377 INFO             PET2 ESMF_COMM                   : openmpi
20240724 080501.378 INFO             PET2 ESMF_MOAB                   : enabled
20240724 080501.378 INFO             PET2 ESMF_LAPACK                 : enabled
20240724 080501.378 INFO             PET2 ESMF_NETCDF                 : disabled
20240724 080501.378 INFO             PET2 ESMF_PNETCDF                : disabled
20240724 080501.378 INFO             PET2 ESMF_PIO                    : disabled
20240724 080501.378 INFO             PET2 ESMF_YAMLCPP                : enabled
20240724 080501.633 DEBUG            PET2 about to destroy Grid: 0x1b7fbc0
20240724 080501.642 DEBUG            PET2 about to destroy Grid: 0x1b81940
20240724 080501.686 INFO             PET2  NUMBER_OF_PROCESSORS           4
20240724 080501.686 INFO             PET2  PASS  Example ESMF_NUOPCAtmModelEx, ESMF_NUOPCAtmModelEx.F90, line 806
20240724 080501.686 INFO             PET2  Finalizing ESMF
20240724 080501.377 INFO             PET3 !!!!!!!!!!!!!!!!!!!!!!!!!!!!!!!!!!!!!!!!!!!!!!!!!!!!!!
20240724 080501.377 INFO             PET3 !!! THE ESMF_LOG IS SET TO OUTPUT ALL LOG MESSAGES !!!
20240724 080501.377 INFO             PET3 !!!     THIS MAY CAUSE SLOWDOWN IN PERFORMANCE     !!!
20240724 080501.377 INFO             PET3 !!! FOR PRODUCTION RUNS, USE:                      !!!
20240724 080501.377 INFO             PET3 !!!                   ESMF_LOGKIND_Multi_On_Error  !!!
20240724 080501.377 INFO             PET3 !!!!!!!!!!!!!!!!!!!!!!!!!!!!!!!!!!!!!!!!!!!!!!!!!!!!!!
20240724 080501.377 INFO             PET3 Running with ESMF Version   : v8.7.0b09-5-g5845ab67f6
20240724 080501.377 INFO             PET3 ESMF library build date/time: "Jul 24 2024" "07:26:41"
20240724 080501.377 INFO             PET3 ESMF library build location : /scratch2/NCEPDEV/stmp1/Gerhard.Theurich/ESMF-Nightly-Testing/gfortran_13.2.0_openmpi_g_feature_numa/esmf
20240724 080501.377 INFO             PET3 ESMF_COMM                   : openmpi
20240724 080501.378 INFO             PET3 ESMF_MOAB                   : enabled
20240724 080501.378 INFO             PET3 ESMF_LAPACK                 : enabled
20240724 080501.378 INFO             PET3 ESMF_NETCDF                 : disabled
20240724 080501.378 INFO             PET3 ESMF_PNETCDF                : disabled
20240724 080501.378 INFO             PET3 ESMF_PIO                    : disabled
20240724 080501.378 INFO             PET3 ESMF_YAMLCPP                : enabled
20240724 080501.633 DEBUG            PET3 about to destroy Grid: 0x1615a30
20240724 080501.642 DEBUG            PET3 about to destroy Grid: 0x1617500
20240724 080501.686 INFO             PET3  NUMBER_OF_PROCESSORS           4
20240724 080501.686 INFO             PET3  PASS  Example ESMF_NUOPCAtmModelEx, ESMF_NUOPCAtmModelEx.F90, line 806
20240724 080501.686 INFO             PET3  Finalizing ESMF
