2024-06-06 02:39:00
[1717662561.010151] [Orion-03-49:417252:0]       ib_verbs.h:84   UCX  ERROR ibv_exp_query_device(mlx5_0) returned 38: No space left on device
[1717662561.010195] [Orion-03-49:417254:0]       ib_verbs.h:84   UCX  ERROR ibv_exp_query_device(mlx5_0) returned 38: No space left on device
[1717662561.011131] [Orion-03-49:417255:0]       ib_verbs.h:84   UCX  ERROR ibv_exp_query_device(mlx5_0) returned 38: No space left on device
[1717662561.011188] [Orion-03-49:417253:0]       ib_verbs.h:84   UCX  ERROR ibv_exp_query_device(mlx5_0) returned 38: No space left on device
ATM: Model Advance 2012 10 24 18  0  0   0
ATM: Import Fields
ATM:                     FIELD     COUNT      MEAN       MIN       MAX OKAY
ATM:   sea_surface_temperature      1000  0.96E+02  0.00E+00  0.10E+03    T
ATM:      sea_surface_salinity      1000  0.20E+03  0.20E+03  0.20E+03    T
ATM: Export Fields
ATM:                     FIELD     COUNT      MEAN       MIN       MAX
ATM: air_pressure_at_sea_level      1000  0.25E+01  0.25E+01  0.25E+01
ATM:        precipitation_flux      1000  0.35E+01  0.35E+01  0.35E+01
ATM: surface_net_downward_shor      1000  0.45E+01  0.45E+01  0.45E+01
ATM: Model Advance 2012 10 24 18 15  0   0
ATM: Import Fields
ATM:                     FIELD     COUNT      MEAN       MIN       MAX OKAY
ATM:   sea_surface_temperature      1000  0.96E+02  0.00E+00  0.10E+03    T
ATM:      sea_surface_salinity      1000  0.20E+03  0.20E+03  0.20E+03    T
ATM: Export Fields
ATM:                     FIELD     COUNT      MEAN       MIN       MAX
ATM: air_pressure_at_sea_level      1000  0.25E+01  0.25E+01  0.25E+01
ATM:        precipitation_flux      1000  0.35E+01  0.35E+01  0.35E+01
ATM: surface_net_downward_shor      1000  0.45E+01  0.45E+01  0.45E+01
ATM: Model Advance 2012 10 24 18 30  0   0
ATM: Import Fields
ATM:                     FIELD     COUNT      MEAN       MIN       MAX OKAY
ATM:   sea_surface_temperature      1000  0.96E+02  0.00E+00  0.10E+03    T
ATM:      sea_surface_salinity      1000  0.20E+03  0.20E+03  0.20E+03    T
ATM: Export Fields
ATM:                     FIELD     COUNT      MEAN       MIN       MAX
ATM: air_pressure_at_sea_level      1000  0.25E+01  0.25E+01  0.25E+01
ATM:        precipitation_flux      1000  0.35E+01  0.35E+01  0.35E+01
ATM: surface_net_downward_shor      1000  0.45E+01  0.45E+01  0.45E+01
ATM: Model Advance 2012 10 24 18 45  0   0
ATM: Import Fields
ATM:                     FIELD     COUNT      MEAN       MIN       MAX OKAY
ATM:   sea_surface_temperature      1000  0.96E+02  0.00E+00  0.10E+03    T
ATM:      sea_surface_salinity      1000  0.20E+03  0.20E+03  0.20E+03    T
ATM: Export Fields
ATM:                     FIELD     COUNT      MEAN       MIN       MAX
ATM: air_pressure_at_sea_level      1000  0.25E+01  0.25E+01  0.25E+01
ATM:        precipitation_flux      1000  0.35E+01  0.35E+01  0.35E+01
ATM: surface_net_downward_shor      1000  0.45E+01  0.45E+01  0.45E+01
