2024-07-18 03:41:11
20240718 041536.478 INFO             PET0 !!!!!!!!!!!!!!!!!!!!!!!!!!!!!!!!!!!!!!!!!!!!!!!!!!!!!!
20240718 041536.478 INFO             PET0 !!! THE ESMF_LOG IS SET TO OUTPUT ALL LOG MESSAGES !!!
20240718 041536.478 INFO             PET0 !!!     THIS MAY CAUSE SLOWDOWN IN PERFORMANCE     !!!
20240718 041536.478 INFO             PET0 !!! FOR PRODUCTION RUNS, USE:                      !!!
20240718 041536.478 INFO             PET0 !!!                   ESMF_LOGKIND_Multi_On_Error  !!!
20240718 041536.478 INFO             PET0 !!!!!!!!!!!!!!!!!!!!!!!!!!!!!!!!!!!!!!!!!!!!!!!!!!!!!!
20240718 041536.478 INFO             PET0 Running with ESMF Version   : v8.7.0b08-5-g631ae04f9a
20240718 041536.478 INFO             PET0 ESMF library build date/time: "Jul 18 2024" "03:39:13"
20240718 041536.478 INFO             PET0 ESMF library build location : /glade/derecho/scratch/sacks/esmf-testing/cce_15.0.1_mpiuni_g_feature_smm_store_search/esmf
20240718 041536.478 INFO             PET0 ESMF_COMM                   : mpiuni
20240718 041536.479 INFO             PET0 ESMF_MOAB                   : enabled
20240718 041536.479 INFO             PET0 ESMF_LAPACK                 : enabled
20240718 041536.479 INFO             PET0 ESMF_NETCDF                 : enabled
20240718 041536.479 INFO             PET0 ESMF_PNETCDF                : disabled
20240718 041536.479 INFO             PET0 ESMF_PIO                    : enabled
20240718 041536.479 INFO             PET0 ESMF_YAMLCPP                : enabled
20240718 041536.547 DEBUG            PET0 about to destroy Grid: 0x7a8180
20240718 041536.560 DEBUG            PET0 about to destroy Grid: 0x7a88f0
20240718 041536.594 INFO             PET0  NUMBER_OF_PROCESSORS 1
20240718 041536.594 INFO             PET0  PASS  Example ESMF_NUOPCAtmModelEx, ESMF_NUOPCAtmModelEx.F90, line 806
20240718 041536.594 INFO             PET0  Finalizing ESMF
