2024-06-12 17:01:00
20240612 180722.388 INFO             PET0 !!!!!!!!!!!!!!!!!!!!!!!!!!!!!!!!!!!!!!!!!!!!!!!!!!!!!!
20240612 180722.388 INFO             PET0 !!! THE ESMF_LOG IS SET TO OUTPUT ALL LOG MESSAGES !!!
20240612 180722.388 INFO             PET0 !!!     THIS MAY CAUSE SLOWDOWN IN PERFORMANCE     !!!
20240612 180722.388 INFO             PET0 !!! FOR PRODUCTION RUNS, USE:                      !!!
20240612 180722.388 INFO             PET0 !!!                   ESMF_LOGKIND_Multi_On_Error  !!!
20240612 180722.388 INFO             PET0 !!!!!!!!!!!!!!!!!!!!!!!!!!!!!!!!!!!!!!!!!!!!!!!!!!!!!!
20240612 180722.388 INFO             PET0 Running with ESMF Version   : v8.7.0b07
20240612 180722.388 INFO             PET0 ESMF library build date/time: "Jun 12 2024" "16:59:53"
20240612 180722.388 INFO             PET0 ESMF library build location : /tmp/gfortran_11.2.0_mpiuni_g_develop/esmf
20240612 180722.388 INFO             PET0 ESMF_COMM                   : mpiuni
20240612 180722.388 INFO             PET0 ESMF_MOAB                   : enabled
20240612 180722.388 INFO             PET0 ESMF_LAPACK                 : enabled
20240612 180722.388 INFO             PET0 ESMF_NETCDF                 : enabled
20240612 180722.388 INFO             PET0 ESMF_PNETCDF                : disabled
20240612 180722.388 INFO             PET0 ESMF_PIO                    : disabled
20240612 180722.388 INFO             PET0 ESMF_YAMLCPP                : enabled
20240612 180723.577 INFO             PET0  NUMBER_OF_PROCESSORS           1
20240612 180723.577 INFO             PET0  PASS  Example ESMF_GridUsageEx, ESMF_GridUsageEx.F90, line 3470
20240612 180723.577 INFO             PET0  Finalizing ESMF
