2024-07-09 03:51:46
20240709 042046.427 INFO             PET0 !!!!!!!!!!!!!!!!!!!!!!!!!!!!!!!!!!!!!!!!!!!!!!!!!!!!!!
20240709 042046.428 INFO             PET0 !!! THE ESMF_LOG IS SET TO OUTPUT ALL LOG MESSAGES !!!
20240709 042046.428 INFO             PET0 !!!     THIS MAY CAUSE SLOWDOWN IN PERFORMANCE     !!!
20240709 042046.428 INFO             PET0 !!! FOR PRODUCTION RUNS, USE:                      !!!
20240709 042046.428 INFO             PET0 !!!                   ESMF_LOGKIND_Multi_On_Error  !!!
20240709 042046.428 INFO             PET0 !!!!!!!!!!!!!!!!!!!!!!!!!!!!!!!!!!!!!!!!!!!!!!!!!!!!!!
20240709 042046.428 INFO             PET0 Running with ESMF Version   : v8.7.0b08-12-ga4da9b3757
20240709 042046.428 INFO             PET0 ESMF library build date/time: "Jul  9 2024" "03:49:28"
20240709 042046.428 INFO             PET0 ESMF library build location : /project/esmf/sacks/esmf-testing/gfortran_11.2.0_mpiuni_g_develop/esmf
20240709 042046.428 INFO             PET0 ESMF_COMM                   : mpiuni
20240709 042046.429 INFO             PET0 ESMF_MOAB                   : enabled
20240709 042046.429 INFO             PET0 ESMF_LAPACK                 : enabled
20240709 042046.429 INFO             PET0 ESMF_NETCDF                 : enabled
20240709 042046.429 INFO             PET0 ESMF_PNETCDF                : disabled
20240709 042046.429 INFO             PET0 ESMF_PIO                    : enabled
20240709 042046.429 INFO             PET0 ESMF_YAMLCPP                : enabled
20240709 042046.429 INFO             PET0  NUMBER_OF_PROCESSORS           1
20240709 042046.429 INFO             PET0  PASS  Example ESMF_VMScatterVMGatherEx, ESMF_VMScatterVMGatherEx.F90, line 120
20240709 042046.429 INFO             PET0  Finalizing ESMF
