2024-06-28 03:53:16
20240628 042213.090 INFO             PET0 !!!!!!!!!!!!!!!!!!!!!!!!!!!!!!!!!!!!!!!!!!!!!!!!!!!!!!
20240628 042213.091 INFO             PET0 !!! THE ESMF_LOG IS SET TO OUTPUT ALL LOG MESSAGES !!!
20240628 042213.091 INFO             PET0 !!!     THIS MAY CAUSE SLOWDOWN IN PERFORMANCE     !!!
20240628 042213.091 INFO             PET0 !!! FOR PRODUCTION RUNS, USE:                      !!!
20240628 042213.091 INFO             PET0 !!!                   ESMF_LOGKIND_Multi_On_Error  !!!
20240628 042213.091 INFO             PET0 !!!!!!!!!!!!!!!!!!!!!!!!!!!!!!!!!!!!!!!!!!!!!!!!!!!!!!
20240628 042213.091 INFO             PET0 Running with ESMF Version   : v8.7.0b07-20-g1e77226def
20240628 042213.091 INFO             PET0 ESMF library build date/time: "Jun 28 2024" "03:50:59"
20240628 042213.091 INFO             PET0 ESMF library build location : /project/esmf/sacks/esmf-testing/gfortran_11.2.0_mpiuni_g_develop/esmf
20240628 042213.091 INFO             PET0 ESMF_COMM                   : mpiuni
20240628 042213.091 INFO             PET0 ESMF_MOAB                   : enabled
20240628 042213.091 INFO             PET0 ESMF_LAPACK                 : enabled
20240628 042213.091 INFO             PET0 ESMF_NETCDF                 : enabled
20240628 042213.091 INFO             PET0 ESMF_PNETCDF                : disabled
20240628 042213.091 INFO             PET0 ESMF_PIO                    : enabled
20240628 042213.091 INFO             PET0 ESMF_YAMLCPP                : enabled
20240628 042213.091 INFO             PET0  NUMBER_OF_PROCESSORS           1
20240628 042213.091 INFO             PET0  PASS  Example ESMF_VMNonBlockingEx, ESMF_VMNonBlockingEx.F90, line 433
20240628 042213.091 INFO             PET0  Finalizing ESMF
