2024-07-25 01:46:26
20240725 022336.000 INFO             PET0 !!!!!!!!!!!!!!!!!!!!!!!!!!!!!!!!!!!!!!!!!!!!!!!!!!!!!!
20240725 022336.001 INFO             PET0 !!! THE ESMF_LOG IS SET TO OUTPUT ALL LOG MESSAGES !!!
20240725 022336.001 INFO             PET0 !!!     THIS MAY CAUSE SLOWDOWN IN PERFORMANCE     !!!
20240725 022336.001 INFO             PET0 !!! FOR PRODUCTION RUNS, USE:                      !!!
20240725 022336.001 INFO             PET0 !!!                   ESMF_LOGKIND_Multi_On_Error  !!!
20240725 022336.001 INFO             PET0 !!!!!!!!!!!!!!!!!!!!!!!!!!!!!!!!!!!!!!!!!!!!!!!!!!!!!!
20240725 022336.001 INFO             PET0 Running with ESMF Version   : v8.7.0b09-26-g87e00d02ff
20240725 022336.001 INFO             PET0 ESMF library build date/time: "Jul 25 2024" "01:45:32"
20240725 022336.001 INFO             PET0 ESMF library build location : /scratch/cluster/theurich/ESMF-Nightly-Testing/gfortran_9.3.0_mpiuni_O_feature_hconfig-extras/esmf
20240725 022336.001 INFO             PET0 ESMF_COMM                   : mpiuni
20240725 022336.001 INFO             PET0 ESMF_MOAB                   : enabled
20240725 022336.001 INFO             PET0 ESMF_LAPACK                 : enabled
20240725 022336.001 INFO             PET0 ESMF_NETCDF                 : enabled
20240725 022336.001 INFO             PET0 ESMF_PNETCDF                : disabled
20240725 022336.001 INFO             PET0 ESMF_PIO                    : enabled
20240725 022336.001 INFO             PET0 ESMF_YAMLCPP                : enabled
20240725 022336.057 DEBUG            PET0 about to destroy Grid: 0x1149e40
20240725 022336.063 DEBUG            PET0 about to destroy Grid: 0x114af80
20240725 022336.080 INFO             PET0  NUMBER_OF_PROCESSORS           1
20240725 022336.080 INFO             PET0  PASS  Example ESMF_NUOPCAtmModelEx, ESMF_NUOPCAtmModelEx.F90, line 806
20240725 022336.080 INFO             PET0  Finalizing ESMF
