2024-06-08 02:45:01
20240608 031357.769 INFO             PET0 !!!!!!!!!!!!!!!!!!!!!!!!!!!!!!!!!!!!!!!!!!!!!!!!!!!!!!
20240608 031357.769 INFO             PET0 !!! THE ESMF_LOG IS SET TO OUTPUT ALL LOG MESSAGES !!!
20240608 031357.769 INFO             PET0 !!!     THIS MAY CAUSE SLOWDOWN IN PERFORMANCE     !!!
20240608 031357.769 INFO             PET0 !!! FOR PRODUCTION RUNS, USE:                      !!!
20240608 031357.769 INFO             PET0 !!!                   ESMF_LOGKIND_Multi_On_Error  !!!
20240608 031357.769 INFO             PET0 !!!!!!!!!!!!!!!!!!!!!!!!!!!!!!!!!!!!!!!!!!!!!!!!!!!!!!
20240608 031357.769 INFO             PET0 Running with ESMF Version   : v8.7.0b07
20240608 031357.769 INFO             PET0 ESMF library build date/time: "Jun  8 2024" "02:43:12"
20240608 031357.769 INFO             PET0 ESMF library build location : /glade/derecho/scratch/sacks/esmf-testing/intel_2023.2.1-oneAPI_mpi_g_develop/esmf
20240608 031357.769 INFO             PET0 ESMF_COMM                   : mpi
20240608 031357.769 INFO             PET0 ESMF_MOAB                   : enabled
20240608 031357.769 INFO             PET0 ESMF_LAPACK                 : enabled
20240608 031357.769 INFO             PET0 ESMF_NETCDF                 : enabled
20240608 031357.769 INFO             PET0 ESMF_PNETCDF                : disabled
20240608 031357.769 INFO             PET0 ESMF_PIO                    : enabled
20240608 031357.769 INFO             PET0 ESMF_YAMLCPP                : enabled
20240608 031357.770 INFO             PET0  NUMBER_OF_PROCESSORS           1
20240608 031357.770 INFO             PET0  PASS  Example ESMF_ClockEx, ESMF_ClockEx.F90, line 220
20240608 031357.770 INFO             PET0  Finalizing ESMF
