2024-05-12 02:39:44
20240512 030808.949 INFO             PET0 !!!!!!!!!!!!!!!!!!!!!!!!!!!!!!!!!!!!!!!!!!!!!!!!!!!!!!
20240512 030808.949 INFO             PET0 !!! THE ESMF_LOG IS SET TO OUTPUT ALL LOG MESSAGES !!!
20240512 030808.949 INFO             PET0 !!!     THIS MAY CAUSE SLOWDOWN IN PERFORMANCE     !!!
20240512 030808.949 INFO             PET0 !!! FOR PRODUCTION RUNS, USE:                      !!!
20240512 030808.949 INFO             PET0 !!!                   ESMF_LOGKIND_Multi_On_Error  !!!
20240512 030808.949 INFO             PET0 !!!!!!!!!!!!!!!!!!!!!!!!!!!!!!!!!!!!!!!!!!!!!!!!!!!!!!
20240512 030808.949 INFO             PET0 Running with ESMF Version   : v8.7.0b05-64-gacdb5de3ff
20240512 030808.949 INFO             PET0 ESMF library build date/time: "May 12 2024" "02:38:05"
20240512 030808.949 INFO             PET0 ESMF library build location : /glade/derecho/scratch/theurich/ESMF-Nightly-Testing/intel_2023.2.1-oneAPI_mpi_g_develop/esmf
20240512 030808.949 INFO             PET0 ESMF_COMM                   : mpi
20240512 030808.950 INFO             PET0 ESMF_MOAB                   : enabled
20240512 030808.950 INFO             PET0 ESMF_LAPACK                 : enabled
20240512 030808.950 INFO             PET0 ESMF_NETCDF                 : enabled
20240512 030808.950 INFO             PET0 ESMF_PNETCDF                : disabled
20240512 030808.950 INFO             PET0 ESMF_PIO                    : enabled
20240512 030808.950 INFO             PET0 ESMF_YAMLCPP                : enabled
20240512 030808.950 INFO             PET0  NUMBER_OF_PROCESSORS           1
20240512 030808.950 INFO             PET0  PASS  Example CalendarEx, ESMF_CalendarEx.F90, line 217
20240512 030808.950 INFO             PET0  Finalizing ESMF
