2024-06-05 02:49:11
20240605 032253.394 INFO             PET0 !!!!!!!!!!!!!!!!!!!!!!!!!!!!!!!!!!!!!!!!!!!!!!!!!!!!!!
20240605 032253.394 INFO             PET0 !!! THE ESMF_LOG IS SET TO OUTPUT ALL LOG MESSAGES !!!
20240605 032253.394 INFO             PET0 !!!     THIS MAY CAUSE SLOWDOWN IN PERFORMANCE     !!!
20240605 032253.394 INFO             PET0 !!! FOR PRODUCTION RUNS, USE:                      !!!
20240605 032253.394 INFO             PET0 !!!                   ESMF_LOGKIND_Multi_On_Error  !!!
20240605 032253.394 INFO             PET0 !!!!!!!!!!!!!!!!!!!!!!!!!!!!!!!!!!!!!!!!!!!!!!!!!!!!!!
20240605 032253.394 INFO             PET0 Running with ESMF Version   : v8.7.0b06-37-g31f880616f
20240605 032253.394 INFO             PET0 ESMF library build date/time: "Jun  5 2024" "02:47:08"
20240605 032253.394 INFO             PET0 ESMF library build location : /glade/derecho/scratch/sacks/esmf-testing/intel_2023.2.1-oneAPI_mpi_g_develop/esmf
20240605 032253.394 INFO             PET0 ESMF_COMM                   : mpi
20240605 032253.397 INFO             PET0 ESMF_MOAB                   : enabled
20240605 032253.397 INFO             PET0 ESMF_LAPACK                 : enabled
20240605 032253.397 INFO             PET0 ESMF_NETCDF                 : enabled
20240605 032253.397 INFO             PET0 ESMF_PNETCDF                : disabled
20240605 032253.397 INFO             PET0 ESMF_PIO                    : enabled
20240605 032253.397 INFO             PET0 ESMF_YAMLCPP                : enabled
20240605 032253.712 DEBUG            PET0 about to destroy Grid: 0x858280
20240605 032253.721 DEBUG            PET0 about to destroy Grid: 0x85b7d0
20240605 032253.746 INFO             PET0  NUMBER_OF_PROCESSORS           4
20240605 032253.746 INFO             PET0  PASS  Example ESMF_NUOPCAtmModelEx, ESMF_NUOPCAtmModelEx.F90, line 806
20240605 032253.747 INFO             PET0  Finalizing ESMF
20240605 032253.410 INFO             PET1 !!!!!!!!!!!!!!!!!!!!!!!!!!!!!!!!!!!!!!!!!!!!!!!!!!!!!!
20240605 032253.410 INFO             PET1 !!! THE ESMF_LOG IS SET TO OUTPUT ALL LOG MESSAGES !!!
20240605 032253.410 INFO             PET1 !!!     THIS MAY CAUSE SLOWDOWN IN PERFORMANCE     !!!
20240605 032253.410 INFO             PET1 !!! FOR PRODUCTION RUNS, USE:                      !!!
20240605 032253.410 INFO             PET1 !!!                   ESMF_LOGKIND_Multi_On_Error  !!!
20240605 032253.410 INFO             PET1 !!!!!!!!!!!!!!!!!!!!!!!!!!!!!!!!!!!!!!!!!!!!!!!!!!!!!!
20240605 032253.410 INFO             PET1 Running with ESMF Version   : v8.7.0b06-37-g31f880616f
20240605 032253.410 INFO             PET1 ESMF library build date/time: "Jun  5 2024" "02:47:08"
20240605 032253.410 INFO             PET1 ESMF library build location : /glade/derecho/scratch/sacks/esmf-testing/intel_2023.2.1-oneAPI_mpi_g_develop/esmf
20240605 032253.410 INFO             PET1 ESMF_COMM                   : mpi
20240605 032253.642 INFO             PET1 ESMF_MOAB                   : enabled
20240605 032253.642 INFO             PET1 ESMF_LAPACK                 : enabled
20240605 032253.642 INFO             PET1 ESMF_NETCDF                 : enabled
20240605 032253.642 INFO             PET1 ESMF_PNETCDF                : disabled
20240605 032253.642 INFO             PET1 ESMF_PIO                    : enabled
20240605 032253.642 INFO             PET1 ESMF_YAMLCPP                : enabled
20240605 032253.712 DEBUG            PET1 about to destroy Grid: 0x8571b0
20240605 032253.721 DEBUG            PET1 about to destroy Grid: 0x8582b0
20240605 032253.747 INFO             PET1  NUMBER_OF_PROCESSORS           4
20240605 032253.747 INFO             PET1  PASS  Example ESMF_NUOPCAtmModelEx, ESMF_NUOPCAtmModelEx.F90, line 806
20240605 032253.747 INFO             PET1  Finalizing ESMF
20240605 032253.394 INFO             PET2 !!!!!!!!!!!!!!!!!!!!!!!!!!!!!!!!!!!!!!!!!!!!!!!!!!!!!!
20240605 032253.394 INFO             PET2 !!! THE ESMF_LOG IS SET TO OUTPUT ALL LOG MESSAGES !!!
20240605 032253.394 INFO             PET2 !!!     THIS MAY CAUSE SLOWDOWN IN PERFORMANCE     !!!
20240605 032253.394 INFO             PET2 !!! FOR PRODUCTION RUNS, USE:                      !!!
20240605 032253.394 INFO             PET2 !!!                   ESMF_LOGKIND_Multi_On_Error  !!!
20240605 032253.394 INFO             PET2 !!!!!!!!!!!!!!!!!!!!!!!!!!!!!!!!!!!!!!!!!!!!!!!!!!!!!!
20240605 032253.394 INFO             PET2 Running with ESMF Version   : v8.7.0b06-37-g31f880616f
20240605 032253.394 INFO             PET2 ESMF library build date/time: "Jun  5 2024" "02:47:08"
20240605 032253.394 INFO             PET2 ESMF library build location : /glade/derecho/scratch/sacks/esmf-testing/intel_2023.2.1-oneAPI_mpi_g_develop/esmf
20240605 032253.394 INFO             PET2 ESMF_COMM                   : mpi
20240605 032253.395 INFO             PET2 ESMF_MOAB                   : enabled
20240605 032253.395 INFO             PET2 ESMF_LAPACK                 : enabled
20240605 032253.395 INFO             PET2 ESMF_NETCDF                 : enabled
20240605 032253.395 INFO             PET2 ESMF_PNETCDF                : disabled
20240605 032253.395 INFO             PET2 ESMF_PIO                    : enabled
20240605 032253.395 INFO             PET2 ESMF_YAMLCPP                : enabled
20240605 032253.712 DEBUG            PET2 about to destroy Grid: 0x857240
20240605 032253.721 DEBUG            PET2 about to destroy Grid: 0x8581f0
20240605 032253.747 INFO             PET2  NUMBER_OF_PROCESSORS           4
20240605 032253.747 INFO             PET2  PASS  Example ESMF_NUOPCAtmModelEx, ESMF_NUOPCAtmModelEx.F90, line 806
20240605 032253.747 INFO             PET2  Finalizing ESMF
20240605 032253.394 INFO             PET3 !!!!!!!!!!!!!!!!!!!!!!!!!!!!!!!!!!!!!!!!!!!!!!!!!!!!!!
20240605 032253.394 INFO             PET3 !!! THE ESMF_LOG IS SET TO OUTPUT ALL LOG MESSAGES !!!
20240605 032253.394 INFO             PET3 !!!     THIS MAY CAUSE SLOWDOWN IN PERFORMANCE     !!!
20240605 032253.394 INFO             PET3 !!! FOR PRODUCTION RUNS, USE:                      !!!
20240605 032253.394 INFO             PET3 !!!                   ESMF_LOGKIND_Multi_On_Error  !!!
20240605 032253.394 INFO             PET3 !!!!!!!!!!!!!!!!!!!!!!!!!!!!!!!!!!!!!!!!!!!!!!!!!!!!!!
20240605 032253.394 INFO             PET3 Running with ESMF Version   : v8.7.0b06-37-g31f880616f
20240605 032253.394 INFO             PET3 ESMF library build date/time: "Jun  5 2024" "02:47:08"
20240605 032253.394 INFO             PET3 ESMF library build location : /glade/derecho/scratch/sacks/esmf-testing/intel_2023.2.1-oneAPI_mpi_g_develop/esmf
20240605 032253.394 INFO             PET3 ESMF_COMM                   : mpi
20240605 032253.400 INFO             PET3 ESMF_MOAB                   : enabled
20240605 032253.400 INFO             PET3 ESMF_LAPACK                 : enabled
20240605 032253.400 INFO             PET3 ESMF_NETCDF                 : enabled
20240605 032253.400 INFO             PET3 ESMF_PNETCDF                : disabled
20240605 032253.400 INFO             PET3 ESMF_PIO                    : enabled
20240605 032253.400 INFO             PET3 ESMF_YAMLCPP                : enabled
20240605 032253.712 DEBUG            PET3 about to destroy Grid: 0x8571b0
20240605 032253.721 DEBUG            PET3 about to destroy Grid: 0x858190
20240605 032253.746 INFO             PET3  NUMBER_OF_PROCESSORS           4
20240605 032253.747 INFO             PET3  PASS  Example ESMF_NUOPCAtmModelEx, ESMF_NUOPCAtmModelEx.F90, line 806
20240605 032253.747 INFO             PET3  Finalizing ESMF
