2024-07-11 02:38:44
20240711 030538.955 INFO             PET0 !!!!!!!!!!!!!!!!!!!!!!!!!!!!!!!!!!!!!!!!!!!!!!!!!!!!!!
20240711 030538.955 INFO             PET0 !!! THE ESMF_LOG IS SET TO OUTPUT ALL LOG MESSAGES !!!
20240711 030538.955 INFO             PET0 !!!     THIS MAY CAUSE SLOWDOWN IN PERFORMANCE     !!!
20240711 030538.955 INFO             PET0 !!! FOR PRODUCTION RUNS, USE:                      !!!
20240711 030538.955 INFO             PET0 !!!                   ESMF_LOGKIND_Multi_On_Error  !!!
20240711 030538.955 INFO             PET0 !!!!!!!!!!!!!!!!!!!!!!!!!!!!!!!!!!!!!!!!!!!!!!!!!!!!!!
20240711 030538.955 INFO             PET0 Running with ESMF Version   : v8.7.0b08-14-g2afdc553e7
20240711 030538.956 INFO             PET0 ESMF library build date/time: "Jul 11 2024" "02:36:57"
20240711 030538.956 INFO             PET0 ESMF library build location : /glade/derecho/scratch/sacks/esmf-testing/intel_2023.2.1-oneAPI_mpi_g_develop/esmf
20240711 030538.956 INFO             PET0 ESMF_COMM                   : mpi
20240711 030538.956 INFO             PET0 ESMF_MOAB                   : enabled
20240711 030538.956 INFO             PET0 ESMF_LAPACK                 : enabled
20240711 030538.956 INFO             PET0 ESMF_NETCDF                 : enabled
20240711 030538.956 INFO             PET0 ESMF_PNETCDF                : disabled
20240711 030538.956 INFO             PET0 ESMF_PIO                    : enabled
20240711 030538.956 INFO             PET0 ESMF_YAMLCPP                : enabled
20240711 030538.956 INFO             PET0  NUMBER_OF_PROCESSORS           4
20240711 030538.956 INFO             PET0  PASS  Example ESMF_VMUserMpiCommMultiEx, ESMF_VMUserMpiCommMultiEx.F90, line 126
20240711 030538.956 INFO             PET0  Finalizing ESMF with endflag==ESMF_END_KEEPMPI
20240711 030538.956 INFO             PET0 !!!!!!!!!!!!!!!!!!!!!!!!!!!!!!!!!!!!!!!!!!!!!!!!!!!!!!
20240711 030538.956 INFO             PET0 !!! THE ESMF_LOG IS SET TO OUTPUT ALL LOG MESSAGES !!!
20240711 030538.956 INFO             PET0 !!!     THIS MAY CAUSE SLOWDOWN IN PERFORMANCE     !!!
20240711 030538.956 INFO             PET0 !!! FOR PRODUCTION RUNS, USE:                      !!!
20240711 030538.956 INFO             PET0 !!!                   ESMF_LOGKIND_Multi_On_Error  !!!
20240711 030538.956 INFO             PET0 !!!!!!!!!!!!!!!!!!!!!!!!!!!!!!!!!!!!!!!!!!!!!!!!!!!!!!
20240711 030538.956 INFO             PET0 Running with ESMF Version   : v8.7.0b08-14-g2afdc553e7
20240711 030538.956 INFO             PET0 ESMF library build date/time: "Jul 11 2024" "02:36:57"
20240711 030538.956 INFO             PET0 ESMF library build location : /glade/derecho/scratch/sacks/esmf-testing/intel_2023.2.1-oneAPI_mpi_g_develop/esmf
20240711 030538.956 INFO             PET0 ESMF_COMM                   : mpi
20240711 030538.956 INFO             PET0 ESMF_MOAB                   : enabled
20240711 030538.956 INFO             PET0 ESMF_LAPACK                 : enabled
20240711 030538.956 INFO             PET0 ESMF_NETCDF                 : enabled
20240711 030538.956 INFO             PET0 ESMF_PNETCDF                : disabled
20240711 030538.956 INFO             PET0 ESMF_PIO                    : enabled
20240711 030538.956 INFO             PET0 ESMF_YAMLCPP                : enabled
20240711 030538.957 INFO             PET0  NUMBER_OF_PROCESSORS           4
20240711 030538.957 INFO             PET0  PASS  Example ESMF_VMUserMpiCommMultiEx, ESMF_VMUserMpiCommMultiEx.F90, line 154
20240711 030538.957 INFO             PET0  Finalizing ESMF with endflag==ESMF_END_KEEPMPI
20240711 030538.955 INFO             PET1 !!!!!!!!!!!!!!!!!!!!!!!!!!!!!!!!!!!!!!!!!!!!!!!!!!!!!!
20240711 030538.955 INFO             PET1 !!! THE ESMF_LOG IS SET TO OUTPUT ALL LOG MESSAGES !!!
20240711 030538.955 INFO             PET1 !!!     THIS MAY CAUSE SLOWDOWN IN PERFORMANCE     !!!
20240711 030538.955 INFO             PET1 !!! FOR PRODUCTION RUNS, USE:                      !!!
20240711 030538.955 INFO             PET1 !!!                   ESMF_LOGKIND_Multi_On_Error  !!!
20240711 030538.955 INFO             PET1 !!!!!!!!!!!!!!!!!!!!!!!!!!!!!!!!!!!!!!!!!!!!!!!!!!!!!!
20240711 030538.955 INFO             PET1 Running with ESMF Version   : v8.7.0b08-14-g2afdc553e7
20240711 030538.956 INFO             PET1 ESMF library build date/time: "Jul 11 2024" "02:36:57"
20240711 030538.956 INFO             PET1 ESMF library build location : /glade/derecho/scratch/sacks/esmf-testing/intel_2023.2.1-oneAPI_mpi_g_develop/esmf
20240711 030538.956 INFO             PET1 ESMF_COMM                   : mpi
20240711 030538.956 INFO             PET1 ESMF_MOAB                   : enabled
20240711 030538.956 INFO             PET1 ESMF_LAPACK                 : enabled
20240711 030538.956 INFO             PET1 ESMF_NETCDF                 : enabled
20240711 030538.956 INFO             PET1 ESMF_PNETCDF                : disabled
20240711 030538.956 INFO             PET1 ESMF_PIO                    : enabled
20240711 030538.956 INFO             PET1 ESMF_YAMLCPP                : enabled
20240711 030538.956 INFO             PET1  NUMBER_OF_PROCESSORS           4
20240711 030538.956 INFO             PET1  PASS  Example ESMF_VMUserMpiCommMultiEx, ESMF_VMUserMpiCommMultiEx.F90, line 126
20240711 030538.956 INFO             PET1  Finalizing ESMF with endflag==ESMF_END_KEEPMPI
20240711 030538.956 INFO             PET1 !!!!!!!!!!!!!!!!!!!!!!!!!!!!!!!!!!!!!!!!!!!!!!!!!!!!!!
20240711 030538.956 INFO             PET1 !!! THE ESMF_LOG IS SET TO OUTPUT ALL LOG MESSAGES !!!
20240711 030538.956 INFO             PET1 !!!     THIS MAY CAUSE SLOWDOWN IN PERFORMANCE     !!!
20240711 030538.956 INFO             PET1 !!! FOR PRODUCTION RUNS, USE:                      !!!
20240711 030538.956 INFO             PET1 !!!                   ESMF_LOGKIND_Multi_On_Error  !!!
20240711 030538.956 INFO             PET1 !!!!!!!!!!!!!!!!!!!!!!!!!!!!!!!!!!!!!!!!!!!!!!!!!!!!!!
20240711 030538.956 INFO             PET1 Running with ESMF Version   : v8.7.0b08-14-g2afdc553e7
20240711 030538.956 INFO             PET1 ESMF library build date/time: "Jul 11 2024" "02:36:57"
20240711 030538.956 INFO             PET1 ESMF library build location : /glade/derecho/scratch/sacks/esmf-testing/intel_2023.2.1-oneAPI_mpi_g_develop/esmf
20240711 030538.956 INFO             PET1 ESMF_COMM                   : mpi
20240711 030538.957 INFO             PET1 ESMF_MOAB                   : enabled
20240711 030538.957 INFO             PET1 ESMF_LAPACK                 : enabled
20240711 030538.957 INFO             PET1 ESMF_NETCDF                 : enabled
20240711 030538.957 INFO             PET1 ESMF_PNETCDF                : disabled
20240711 030538.957 INFO             PET1 ESMF_PIO                    : enabled
20240711 030538.957 INFO             PET1 ESMF_YAMLCPP                : enabled
20240711 030538.957 INFO             PET1  NUMBER_OF_PROCESSORS           4
20240711 030538.957 INFO             PET1  PASS  Example ESMF_VMUserMpiCommMultiEx, ESMF_VMUserMpiCommMultiEx.F90, line 154
20240711 030538.957 INFO             PET1  Finalizing ESMF with endflag==ESMF_END_KEEPMPI
