2024-08-01 01:13:42
20240801 013502.489 INFO             PET0 !!!!!!!!!!!!!!!!!!!!!!!!!!!!!!!!!!!!!!!!!!!!!!!!!!!!!!
20240801 013502.489 INFO             PET0 !!! THE ESMF_LOG IS SET TO OUTPUT ALL LOG MESSAGES !!!
20240801 013502.489 INFO             PET0 !!!     THIS MAY CAUSE SLOWDOWN IN PERFORMANCE     !!!
20240801 013502.489 INFO             PET0 !!! FOR PRODUCTION RUNS, USE:                      !!!
20240801 013502.489 INFO             PET0 !!!                   ESMF_LOGKIND_Multi_On_Error  !!!
20240801 013502.489 INFO             PET0 !!!!!!!!!!!!!!!!!!!!!!!!!!!!!!!!!!!!!!!!!!!!!!!!!!!!!!
20240801 013502.489 INFO             PET0 Running with ESMF Version   : v8.7.0b10-21-g6127c6256e
20240801 013502.489 INFO             PET0 ESMF library build date/time: "Aug  1 2024" "01:12:28"
20240801 013502.489 INFO             PET0 ESMF library build location : /home/gerhard/ESMF-Nightly-Testing/gfortran_11.2.0_mpich_g_nrl_work-esmx/esmf
20240801 013502.489 INFO             PET0 ESMF_COMM                   : mpich
20240801 013502.489 INFO             PET0 ESMF_MOAB                   : enabled
20240801 013502.489 INFO             PET0 ESMF_LAPACK                 : enabled
20240801 013502.489 INFO             PET0 ESMF_NETCDF                 : enabled
20240801 013502.489 INFO             PET0 ESMF_PNETCDF                : disabled
20240801 013502.489 INFO             PET0 ESMF_PIO                    : enabled
20240801 013502.489 INFO             PET0 ESMF_YAMLCPP                : enabled
20240801 013502.490 INFO             PET0  NUMBER_OF_PROCESSORS           1
20240801 013502.490 INFO             PET0  PASS  Example ESMF_ClockEx, ESMF_ClockEx.F90, line 220
20240801 013502.490 INFO             PET0  Finalizing ESMF
