2024-06-09 03:48:19
20240609 041436.511 INFO             PET0 !!!!!!!!!!!!!!!!!!!!!!!!!!!!!!!!!!!!!!!!!!!!!!!!!!!!!!
20240609 041436.511 INFO             PET0 !!! THE ESMF_LOG IS SET TO OUTPUT ALL LOG MESSAGES !!!
20240609 041436.511 INFO             PET0 !!!     THIS MAY CAUSE SLOWDOWN IN PERFORMANCE     !!!
20240609 041436.511 INFO             PET0 !!! FOR PRODUCTION RUNS, USE:                      !!!
20240609 041436.511 INFO             PET0 !!!                   ESMF_LOGKIND_Multi_On_Error  !!!
20240609 041436.511 INFO             PET0 !!!!!!!!!!!!!!!!!!!!!!!!!!!!!!!!!!!!!!!!!!!!!!!!!!!!!!
20240609 041436.511 INFO             PET0 Running with ESMF Version   : v8.7.0b07
20240609 041436.511 INFO             PET0 ESMF library build date/time: "Jun  9 2024" "03:47:10"
20240609 041436.511 INFO             PET0 ESMF library build location : /tmp/gfortran_12.2.0_mpiuni_g_develop/esmf
20240609 041436.511 INFO             PET0 ESMF_COMM                   : mpiuni
20240609 041436.511 INFO             PET0 ESMF_MOAB                   : enabled
20240609 041436.511 INFO             PET0 ESMF_LAPACK                 : enabled
20240609 041436.511 INFO             PET0 ESMF_NETCDF                 : enabled
20240609 041436.511 INFO             PET0 ESMF_PNETCDF                : disabled
20240609 041436.511 INFO             PET0 ESMF_PIO                    : disabled
20240609 041436.511 INFO             PET0 ESMF_YAMLCPP                : enabled
20240609 041436.517 INFO             PET0 ESMF_FieldRedistStoreNF(): Just entered routine.
20240609 041437.332 INFO             PET0 ESMF_FieldRedistStoreNF(): Leaving routine.
20240609 041437.336 INFO             PET0  NUMBER_OF_PROCESSORS           1
20240609 041437.336 INFO             PET0  PASS  Example ESMF_RHandleFromFileEx, ESMF_RHandleFromFileEx.F90, line 192
20240609 041437.336 INFO             PET0  Finalizing ESMF
