2024-06-15 04:04:22
20240615 043142.258 INFO             PET0 !!!!!!!!!!!!!!!!!!!!!!!!!!!!!!!!!!!!!!!!!!!!!!!!!!!!!!
20240615 043142.258 INFO             PET0 !!! THE ESMF_LOG IS SET TO OUTPUT ALL LOG MESSAGES !!!
20240615 043142.258 INFO             PET0 !!!     THIS MAY CAUSE SLOWDOWN IN PERFORMANCE     !!!
20240615 043142.258 INFO             PET0 !!! FOR PRODUCTION RUNS, USE:                      !!!
20240615 043142.258 INFO             PET0 !!!                   ESMF_LOGKIND_Multi_On_Error  !!!
20240615 043142.258 INFO             PET0 !!!!!!!!!!!!!!!!!!!!!!!!!!!!!!!!!!!!!!!!!!!!!!!!!!!!!!
20240615 043142.258 INFO             PET0 Running with ESMF Version   : v8.7.0b07-2-ga1ccd5de8a
20240615 043142.258 INFO             PET0 ESMF library build date/time: "Jun 15 2024" "04:03:10"
20240615 043142.258 INFO             PET0 ESMF library build location : /tmp/gfortran_12.2.0_mpiuni_g_develop/esmf
20240615 043142.258 INFO             PET0 ESMF_COMM                   : mpiuni
20240615 043142.258 INFO             PET0 ESMF_MOAB                   : enabled
20240615 043142.258 INFO             PET0 ESMF_LAPACK                 : enabled
20240615 043142.258 INFO             PET0 ESMF_NETCDF                 : enabled
20240615 043142.258 INFO             PET0 ESMF_PNETCDF                : disabled
20240615 043142.258 INFO             PET0 ESMF_PIO                    : disabled
20240615 043142.258 INFO             PET0 ESMF_YAMLCPP                : enabled
20240615 043142.258 INFO             PET0  NUMBER_OF_PROCESSORS           1
20240615 043142.258 INFO             PET0  PASS  Example ESMF_ArraySpecEx, ESMF_ArraySpecEx.F90, line 96
20240615 043142.258 INFO             PET0  Finalizing ESMF
