2024-05-20 03:46:15
20240520 041332.364 INFO             PET0 !!!!!!!!!!!!!!!!!!!!!!!!!!!!!!!!!!!!!!!!!!!!!!!!!!!!!!
20240520 041332.364 INFO             PET0 !!! THE ESMF_LOG IS SET TO OUTPUT ALL LOG MESSAGES !!!
20240520 041332.364 INFO             PET0 !!!     THIS MAY CAUSE SLOWDOWN IN PERFORMANCE     !!!
20240520 041332.364 INFO             PET0 !!! FOR PRODUCTION RUNS, USE:                      !!!
20240520 041332.364 INFO             PET0 !!!                   ESMF_LOGKIND_Multi_On_Error  !!!
20240520 041332.364 INFO             PET0 !!!!!!!!!!!!!!!!!!!!!!!!!!!!!!!!!!!!!!!!!!!!!!!!!!!!!!
20240520 041332.364 INFO             PET0 Running with ESMF Version   : v8.7.0b05-86-g6f1fcac0dc
20240520 041332.364 INFO             PET0 ESMF library build date/time: "May 20 2024" "03:45:04"
20240520 041332.364 INFO             PET0 ESMF library build location : /tmp/gfortran_12.2.0_mpiuni_g_develop/esmf
20240520 041332.364 INFO             PET0 ESMF_COMM                   : mpiuni
20240520 041332.364 INFO             PET0 ESMF_MOAB                   : enabled
20240520 041332.364 INFO             PET0 ESMF_LAPACK                 : enabled
20240520 041332.364 INFO             PET0 ESMF_NETCDF                 : enabled
20240520 041332.364 INFO             PET0 ESMF_PNETCDF                : disabled
20240520 041332.364 INFO             PET0 ESMF_PIO                    : disabled
20240520 041332.364 INFO             PET0 ESMF_YAMLCPP                : enabled
20240520 041332.365 INFO             PET0  NUMBER_OF_PROCESSORS           1
20240520 041332.365 INFO             PET0  PASS  Example ESMF_InternalStateEx, ESMF_InternalStateEx.F90, line 132
20240520 041332.365 INFO             PET0  Finalizing ESMF
