2024-07-17 04:26:25
20240717 045459.484 INFO             PET0 !!!!!!!!!!!!!!!!!!!!!!!!!!!!!!!!!!!!!!!!!!!!!!!!!!!!!!
20240717 045459.484 INFO             PET0 !!! THE ESMF_LOG IS SET TO OUTPUT ALL LOG MESSAGES !!!
20240717 045459.484 INFO             PET0 !!!     THIS MAY CAUSE SLOWDOWN IN PERFORMANCE     !!!
20240717 045459.484 INFO             PET0 !!! FOR PRODUCTION RUNS, USE:                      !!!
20240717 045459.484 INFO             PET0 !!!                   ESMF_LOGKIND_Multi_On_Error  !!!
20240717 045459.484 INFO             PET0 !!!!!!!!!!!!!!!!!!!!!!!!!!!!!!!!!!!!!!!!!!!!!!!!!!!!!!
20240717 045459.484 INFO             PET0 Running with ESMF Version   : v8.7.0b08-15-g7133ea3e40
20240717 045459.484 INFO             PET0 ESMF library build date/time: "Jul 17 2024" "04:25:14"
20240717 045459.484 INFO             PET0 ESMF library build location : /tmp/gfortran_12.2.0_mpiuni_g_develop/esmf
20240717 045459.484 INFO             PET0 ESMF_COMM                   : mpiuni
20240717 045459.484 INFO             PET0 ESMF_MOAB                   : enabled
20240717 045459.484 INFO             PET0 ESMF_LAPACK                 : enabled
20240717 045459.484 INFO             PET0 ESMF_NETCDF                 : enabled
20240717 045459.484 INFO             PET0 ESMF_PNETCDF                : disabled
20240717 045459.484 INFO             PET0 ESMF_PIO                    : enabled
20240717 045459.484 INFO             PET0 ESMF_YAMLCPP                : enabled
20240717 045459.484 INFO             PET0  NUMBER_OF_PROCESSORS           1
20240717 045459.484 INFO             PET0  PASS  Example ESMF_VMUserMpiCommMultiEx, ESMF_VMUserMpiCommMultiEx.F90, line 126
20240717 045459.484 INFO             PET0  Finalizing ESMF with endflag==ESMF_END_KEEPMPI
