2024-05-16 10:53:52
20240516 113258.956 INFO             PET0 !!!!!!!!!!!!!!!!!!!!!!!!!!!!!!!!!!!!!!!!!!!!!!!!!!!!!!
20240516 113258.957 INFO             PET0 !!! THE ESMF_LOG IS SET TO OUTPUT ALL LOG MESSAGES !!!
20240516 113258.957 INFO             PET0 !!!     THIS MAY CAUSE SLOWDOWN IN PERFORMANCE     !!!
20240516 113258.957 INFO             PET0 !!! FOR PRODUCTION RUNS, USE:                      !!!
20240516 113258.957 INFO             PET0 !!!                   ESMF_LOGKIND_Multi_On_Error  !!!
20240516 113258.957 INFO             PET0 !!!!!!!!!!!!!!!!!!!!!!!!!!!!!!!!!!!!!!!!!!!!!!!!!!!!!!
20240516 113258.957 INFO             PET0 Running with ESMF Version   : v8.7.0b05-82-gd3465958ff
20240516 113258.957 INFO             PET0 ESMF library build date/time: "May 16 2024" "10:51:25"
20240516 113258.957 INFO             PET0 ESMF library build location : /glade/derecho/scratch/sacks/esmf-testing/intel_2023.2.1_mpi_O_develop/esmf
20240516 113258.957 INFO             PET0 ESMF_COMM                   : mpi
20240516 113258.959 INFO             PET0 ESMF_MOAB                   : enabled
20240516 113258.959 INFO             PET0 ESMF_LAPACK                 : enabled
20240516 113258.959 INFO             PET0 ESMF_NETCDF                 : enabled
20240516 113258.959 INFO             PET0 ESMF_PNETCDF                : disabled
20240516 113258.959 INFO             PET0 ESMF_PIO                    : enabled
20240516 113258.959 INFO             PET0 ESMF_YAMLCPP                : enabled
20240516 113258.989 DEBUG            PET0 about to destroy Grid: 0x8cd270
20240516 113258.991 DEBUG            PET0 about to destroy Grid: 0x8d07c0
20240516 113258.999 INFO             PET0  NUMBER_OF_PROCESSORS           4
20240516 113258.999 INFO             PET0  PASS  Example ESMF_NUOPCAtmModelEx, ESMF_NUOPCAtmModelEx.F90, line 806
20240516 113258.999 INFO             PET0  Finalizing ESMF
20240516 113258.958 INFO             PET1 !!!!!!!!!!!!!!!!!!!!!!!!!!!!!!!!!!!!!!!!!!!!!!!!!!!!!!
20240516 113258.959 INFO             PET1 !!! THE ESMF_LOG IS SET TO OUTPUT ALL LOG MESSAGES !!!
20240516 113258.959 INFO             PET1 !!!     THIS MAY CAUSE SLOWDOWN IN PERFORMANCE     !!!
20240516 113258.959 INFO             PET1 !!! FOR PRODUCTION RUNS, USE:                      !!!
20240516 113258.959 INFO             PET1 !!!                   ESMF_LOGKIND_Multi_On_Error  !!!
20240516 113258.959 INFO             PET1 !!!!!!!!!!!!!!!!!!!!!!!!!!!!!!!!!!!!!!!!!!!!!!!!!!!!!!
20240516 113258.959 INFO             PET1 Running with ESMF Version   : v8.7.0b05-82-gd3465958ff
20240516 113258.959 INFO             PET1 ESMF library build date/time: "May 16 2024" "10:51:25"
20240516 113258.959 INFO             PET1 ESMF library build location : /glade/derecho/scratch/sacks/esmf-testing/intel_2023.2.1_mpi_O_develop/esmf
20240516 113258.959 INFO             PET1 ESMF_COMM                   : mpi
20240516 113258.961 INFO             PET1 ESMF_MOAB                   : enabled
20240516 113258.961 INFO             PET1 ESMF_LAPACK                 : enabled
20240516 113258.961 INFO             PET1 ESMF_NETCDF                 : enabled
20240516 113258.961 INFO             PET1 ESMF_PNETCDF                : disabled
20240516 113258.961 INFO             PET1 ESMF_PIO                    : enabled
20240516 113258.961 INFO             PET1 ESMF_YAMLCPP                : enabled
20240516 113258.989 DEBUG            PET1 about to destroy Grid: 0x8cc5f0
20240516 113258.991 DEBUG            PET1 about to destroy Grid: 0x8cd630
20240516 113258.999 INFO             PET1  NUMBER_OF_PROCESSORS           4
20240516 113258.999 INFO             PET1  PASS  Example ESMF_NUOPCAtmModelEx, ESMF_NUOPCAtmModelEx.F90, line 806
20240516 113258.999 INFO             PET1  Finalizing ESMF
20240516 113258.955 INFO             PET2 !!!!!!!!!!!!!!!!!!!!!!!!!!!!!!!!!!!!!!!!!!!!!!!!!!!!!!
20240516 113258.955 INFO             PET2 !!! THE ESMF_LOG IS SET TO OUTPUT ALL LOG MESSAGES !!!
20240516 113258.955 INFO             PET2 !!!     THIS MAY CAUSE SLOWDOWN IN PERFORMANCE     !!!
20240516 113258.955 INFO             PET2 !!! FOR PRODUCTION RUNS, USE:                      !!!
20240516 113258.955 INFO             PET2 !!!                   ESMF_LOGKIND_Multi_On_Error  !!!
20240516 113258.955 INFO             PET2 !!!!!!!!!!!!!!!!!!!!!!!!!!!!!!!!!!!!!!!!!!!!!!!!!!!!!!
20240516 113258.955 INFO             PET2 Running with ESMF Version   : v8.7.0b05-82-gd3465958ff
20240516 113258.955 INFO             PET2 ESMF library build date/time: "May 16 2024" "10:51:25"
20240516 113258.955 INFO             PET2 ESMF library build location : /glade/derecho/scratch/sacks/esmf-testing/intel_2023.2.1_mpi_O_develop/esmf
20240516 113258.955 INFO             PET2 ESMF_COMM                   : mpi
20240516 113258.958 INFO             PET2 ESMF_MOAB                   : enabled
20240516 113258.958 INFO             PET2 ESMF_LAPACK                 : enabled
20240516 113258.958 INFO             PET2 ESMF_NETCDF                 : enabled
20240516 113258.958 INFO             PET2 ESMF_PNETCDF                : disabled
20240516 113258.958 INFO             PET2 ESMF_PIO                    : enabled
20240516 113258.958 INFO             PET2 ESMF_YAMLCPP                : enabled
20240516 113258.989 DEBUG            PET2 about to destroy Grid: 0x8cc120
20240516 113258.991 DEBUG            PET2 about to destroy Grid: 0x8cd0d0
20240516 113258.999 INFO             PET2  NUMBER_OF_PROCESSORS           4
20240516 113258.999 INFO             PET2  PASS  Example ESMF_NUOPCAtmModelEx, ESMF_NUOPCAtmModelEx.F90, line 806
20240516 113258.999 INFO             PET2  Finalizing ESMF
20240516 113258.959 INFO             PET3 !!!!!!!!!!!!!!!!!!!!!!!!!!!!!!!!!!!!!!!!!!!!!!!!!!!!!!
20240516 113258.959 INFO             PET3 !!! THE ESMF_LOG IS SET TO OUTPUT ALL LOG MESSAGES !!!
20240516 113258.959 INFO             PET3 !!!     THIS MAY CAUSE SLOWDOWN IN PERFORMANCE     !!!
20240516 113258.959 INFO             PET3 !!! FOR PRODUCTION RUNS, USE:                      !!!
20240516 113258.959 INFO             PET3 !!!                   ESMF_LOGKIND_Multi_On_Error  !!!
20240516 113258.959 INFO             PET3 !!!!!!!!!!!!!!!!!!!!!!!!!!!!!!!!!!!!!!!!!!!!!!!!!!!!!!
20240516 113258.959 INFO             PET3 Running with ESMF Version   : v8.7.0b05-82-gd3465958ff
20240516 113258.959 INFO             PET3 ESMF library build date/time: "May 16 2024" "10:51:25"
20240516 113258.959 INFO             PET3 ESMF library build location : /glade/derecho/scratch/sacks/esmf-testing/intel_2023.2.1_mpi_O_develop/esmf
20240516 113258.959 INFO             PET3 ESMF_COMM                   : mpi
20240516 113258.960 INFO             PET3 ESMF_MOAB                   : enabled
20240516 113258.960 INFO             PET3 ESMF_LAPACK                 : enabled
20240516 113258.960 INFO             PET3 ESMF_NETCDF                 : enabled
20240516 113258.960 INFO             PET3 ESMF_PNETCDF                : disabled
20240516 113258.960 INFO             PET3 ESMF_PIO                    : enabled
20240516 113258.960 INFO             PET3 ESMF_YAMLCPP                : enabled
20240516 113258.989 DEBUG            PET3 about to destroy Grid: 0x8cc0f0
20240516 113258.991 DEBUG            PET3 about to destroy Grid: 0x8cd0a0
20240516 113259.000 INFO             PET3  NUMBER_OF_PROCESSORS           4
20240516 113259.000 INFO             PET3  PASS  Example ESMF_NUOPCAtmModelEx, ESMF_NUOPCAtmModelEx.F90, line 806
20240516 113259.000 INFO             PET3  Finalizing ESMF
