2024-05-13 01:45:01
20240513 021425.362 INFO             PET0 !!!!!!!!!!!!!!!!!!!!!!!!!!!!!!!!!!!!!!!!!!!!!!!!!!!!!!
20240513 021425.362 INFO             PET0 !!! THE ESMF_LOG IS SET TO OUTPUT ALL LOG MESSAGES !!!
20240513 021425.362 INFO             PET0 !!!     THIS MAY CAUSE SLOWDOWN IN PERFORMANCE     !!!
20240513 021425.362 INFO             PET0 !!! FOR PRODUCTION RUNS, USE:                      !!!
20240513 021425.362 INFO             PET0 !!!                   ESMF_LOGKIND_Multi_On_Error  !!!
20240513 021425.362 INFO             PET0 !!!!!!!!!!!!!!!!!!!!!!!!!!!!!!!!!!!!!!!!!!!!!!!!!!!!!!
20240513 021425.362 INFO             PET0 Running with ESMF Version   : v8.7.0b05-64-gacdb5de3ff
20240513 021425.362 INFO             PET0 ESMF library build date/time: "May 13 2024" "01:43:02"
20240513 021425.362 INFO             PET0 ESMF library build location : /glade/derecho/scratch/theurich/ESMF-Nightly-Testing/intel_2023.2.1_mpi_O_develop/esmf
20240513 021425.362 INFO             PET0 ESMF_COMM                   : mpi
20240513 021425.363 INFO             PET0 ESMF_MOAB                   : enabled
20240513 021425.363 INFO             PET0 ESMF_LAPACK                 : enabled
20240513 021425.363 INFO             PET0 ESMF_NETCDF                 : enabled
20240513 021425.363 INFO             PET0 ESMF_PNETCDF                : disabled
20240513 021425.363 INFO             PET0 ESMF_PIO                    : enabled
20240513 021425.363 INFO             PET0 ESMF_YAMLCPP                : enabled
20240513 021425.363 INFO             PET0  NUMBER_OF_PROCESSORS           1
20240513 021425.363 INFO             PET0  PASS  Example ESMF_TimeEx, ESMF_TimeEx.F90, line 141
20240513 021425.363 INFO             PET0  Finalizing ESMF
