2024-05-17 01:49:57
20240517 022541.185 INFO             PET0 !!!!!!!!!!!!!!!!!!!!!!!!!!!!!!!!!!!!!!!!!!!!!!!!!!!!!!
20240517 022541.185 INFO             PET0 !!! THE ESMF_LOG IS SET TO OUTPUT ALL LOG MESSAGES !!!
20240517 022541.185 INFO             PET0 !!!     THIS MAY CAUSE SLOWDOWN IN PERFORMANCE     !!!
20240517 022541.185 INFO             PET0 !!! FOR PRODUCTION RUNS, USE:                      !!!
20240517 022541.185 INFO             PET0 !!!                   ESMF_LOGKIND_Multi_On_Error  !!!
20240517 022541.185 INFO             PET0 !!!!!!!!!!!!!!!!!!!!!!!!!!!!!!!!!!!!!!!!!!!!!!!!!!!!!!
20240517 022541.185 INFO             PET0 Running with ESMF Version   : v8.7.0b05-82-gd3465958ff
20240517 022541.185 INFO             PET0 ESMF library build date/time: "May 17 2024" "01:47:35"
20240517 022541.185 INFO             PET0 ESMF library build location : /glade/derecho/scratch/sacks/esmf-testing/intel_2023.2.1_mpi_O_develop/esmf
20240517 022541.185 INFO             PET0 ESMF_COMM                   : mpi
20240517 022541.186 INFO             PET0 ESMF_MOAB                   : enabled
20240517 022541.186 INFO             PET0 ESMF_LAPACK                 : enabled
20240517 022541.186 INFO             PET0 ESMF_NETCDF                 : enabled
20240517 022541.186 INFO             PET0 ESMF_PNETCDF                : disabled
20240517 022541.186 INFO             PET0 ESMF_PIO                    : enabled
20240517 022541.186 INFO             PET0 ESMF_YAMLCPP                : enabled
20240517 022541.186 INFO             PET0 ESMF Tracing Enabled
20240517 022541.186 INFO             PET0 ESMF Profiling Enabled
20240517 022541.186 INFO             PET0 ESMF Trace/Profile clock: REALTIME
20240517 022541.193 INFO             PET0  NUMBER_OF_PROCESSORS           4
20240517 022541.193 INFO             PET0  PASS  Example ESMF_TraceEx, ESMF_TraceEx.F90, line 178
20240517 022541.193 INFO             PET0  Finalizing ESMF
20240517 022541.193 INFO             PET0 **************** Region Timings *******************
20240517 022541.193 INFO             PET0 Region              Count  Total (s)   Self (s)    Mean (s)    Min (s)     Max (s)
20240517 022541.193 INFO             PET0   [ESMF]            1      0.0008      0.0008      0.0008      0.0008      0.0008
20240517 022541.193 INFO             PET0     [test] Run 1    5      0.0000      0.0000      0.0000      0.0000      0.0000
20240517 022541.193 INFO             PET0     [test] Init 1   1      0.0000      0.0000      0.0000      0.0000      0.0000
20240517 022541.193 INFO             PET0     [test] Final 1  1      0.0000      0.0000      0.0000      0.0000      0.0000
20240517 022541.185 INFO             PET1 !!!!!!!!!!!!!!!!!!!!!!!!!!!!!!!!!!!!!!!!!!!!!!!!!!!!!!
20240517 022541.185 INFO             PET1 !!! THE ESMF_LOG IS SET TO OUTPUT ALL LOG MESSAGES !!!
20240517 022541.185 INFO             PET1 !!!     THIS MAY CAUSE SLOWDOWN IN PERFORMANCE     !!!
20240517 022541.185 INFO             PET1 !!! FOR PRODUCTION RUNS, USE:                      !!!
20240517 022541.185 INFO             PET1 !!!                   ESMF_LOGKIND_Multi_On_Error  !!!
20240517 022541.185 INFO             PET1 !!!!!!!!!!!!!!!!!!!!!!!!!!!!!!!!!!!!!!!!!!!!!!!!!!!!!!
20240517 022541.185 INFO             PET1 Running with ESMF Version   : v8.7.0b05-82-gd3465958ff
20240517 022541.185 INFO             PET1 ESMF library build date/time: "May 17 2024" "01:47:35"
20240517 022541.185 INFO             PET1 ESMF library build location : /glade/derecho/scratch/sacks/esmf-testing/intel_2023.2.1_mpi_O_develop/esmf
20240517 022541.185 INFO             PET1 ESMF_COMM                   : mpi
20240517 022541.186 INFO             PET1 ESMF_MOAB                   : enabled
20240517 022541.186 INFO             PET1 ESMF_LAPACK                 : enabled
20240517 022541.186 INFO             PET1 ESMF_NETCDF                 : enabled
20240517 022541.186 INFO             PET1 ESMF_PNETCDF                : disabled
20240517 022541.186 INFO             PET1 ESMF_PIO                    : enabled
20240517 022541.186 INFO             PET1 ESMF_YAMLCPP                : enabled
20240517 022541.186 INFO             PET1 ESMF Tracing Enabled
20240517 022541.186 INFO             PET1 ESMF Profiling Enabled
20240517 022541.186 INFO             PET1 ESMF Trace/Profile clock: REALTIME
20240517 022541.193 INFO             PET1  NUMBER_OF_PROCESSORS           4
20240517 022541.193 INFO             PET1  PASS  Example ESMF_TraceEx, ESMF_TraceEx.F90, line 178
20240517 022541.193 INFO             PET1  Finalizing ESMF
20240517 022541.193 INFO             PET1 **************** Region Timings *******************
20240517 022541.193 INFO             PET1 Region              Count  Total (s)   Self (s)    Mean (s)    Min (s)     Max (s)
20240517 022541.193 INFO             PET1   [ESMF]            1      0.0018      0.0017      0.0018      0.0018      0.0018
20240517 022541.193 INFO             PET1     [test] Init 1   1      0.0001      0.0001      0.0001      0.0001      0.0001
20240517 022541.193 INFO             PET1     [test] Run 1    5      0.0000      0.0000      0.0000      0.0000      0.0000
20240517 022541.193 INFO             PET1     [test] Final 1  1      0.0000      0.0000      0.0000      0.0000      0.0000
20240517 022541.188 INFO             PET2 !!!!!!!!!!!!!!!!!!!!!!!!!!!!!!!!!!!!!!!!!!!!!!!!!!!!!!
20240517 022541.188 INFO             PET2 !!! THE ESMF_LOG IS SET TO OUTPUT ALL LOG MESSAGES !!!
20240517 022541.188 INFO             PET2 !!!     THIS MAY CAUSE SLOWDOWN IN PERFORMANCE     !!!
20240517 022541.188 INFO             PET2 !!! FOR PRODUCTION RUNS, USE:                      !!!
20240517 022541.188 INFO             PET2 !!!                   ESMF_LOGKIND_Multi_On_Error  !!!
20240517 022541.188 INFO             PET2 !!!!!!!!!!!!!!!!!!!!!!!!!!!!!!!!!!!!!!!!!!!!!!!!!!!!!!
20240517 022541.188 INFO             PET2 Running with ESMF Version   : v8.7.0b05-82-gd3465958ff
20240517 022541.188 INFO             PET2 ESMF library build date/time: "May 17 2024" "01:47:35"
20240517 022541.188 INFO             PET2 ESMF library build location : /glade/derecho/scratch/sacks/esmf-testing/intel_2023.2.1_mpi_O_develop/esmf
20240517 022541.188 INFO             PET2 ESMF_COMM                   : mpi
20240517 022541.189 INFO             PET2 ESMF_MOAB                   : enabled
20240517 022541.189 INFO             PET2 ESMF_LAPACK                 : enabled
20240517 022541.189 INFO             PET2 ESMF_NETCDF                 : enabled
20240517 022541.189 INFO             PET2 ESMF_PNETCDF                : disabled
20240517 022541.189 INFO             PET2 ESMF_PIO                    : enabled
20240517 022541.189 INFO             PET2 ESMF_YAMLCPP                : enabled
20240517 022541.189 INFO             PET2 ESMF Tracing Enabled
20240517 022541.189 INFO             PET2 ESMF Profiling Enabled
20240517 022541.189 INFO             PET2 ESMF Trace/Profile clock: REALTIME
20240517 022541.193 INFO             PET2  NUMBER_OF_PROCESSORS           4
20240517 022541.193 INFO             PET2  PASS  Example ESMF_TraceEx, ESMF_TraceEx.F90, line 178
20240517 022541.193 INFO             PET2  Finalizing ESMF
20240517 022541.193 INFO             PET2 **************** Region Timings *******************
20240517 022541.193 INFO             PET2 Region              Count  Total (s)   Self (s)    Mean (s)    Min (s)     Max (s)
20240517 022541.193 INFO             PET2   [ESMF]            1      0.0033      0.0032      0.0033      0.0033      0.0033
20240517 022541.193 INFO             PET2     [test] Init 1   1      0.0001      0.0001      0.0001      0.0001      0.0001
20240517 022541.193 INFO             PET2     [test] Run 1    5      0.0000      0.0000      0.0000      0.0000      0.0000
20240517 022541.193 INFO             PET2     [test] Final 1  1      0.0000      0.0000      0.0000      0.0000      0.0000
20240517 022541.186 INFO             PET3 !!!!!!!!!!!!!!!!!!!!!!!!!!!!!!!!!!!!!!!!!!!!!!!!!!!!!!
20240517 022541.186 INFO             PET3 !!! THE ESMF_LOG IS SET TO OUTPUT ALL LOG MESSAGES !!!
20240517 022541.186 INFO             PET3 !!!     THIS MAY CAUSE SLOWDOWN IN PERFORMANCE     !!!
20240517 022541.186 INFO             PET3 !!! FOR PRODUCTION RUNS, USE:                      !!!
20240517 022541.186 INFO             PET3 !!!                   ESMF_LOGKIND_Multi_On_Error  !!!
20240517 022541.186 INFO             PET3 !!!!!!!!!!!!!!!!!!!!!!!!!!!!!!!!!!!!!!!!!!!!!!!!!!!!!!
20240517 022541.186 INFO             PET3 Running with ESMF Version   : v8.7.0b05-82-gd3465958ff
20240517 022541.186 INFO             PET3 ESMF library build date/time: "May 17 2024" "01:47:35"
20240517 022541.186 INFO             PET3 ESMF library build location : /glade/derecho/scratch/sacks/esmf-testing/intel_2023.2.1_mpi_O_develop/esmf
20240517 022541.186 INFO             PET3 ESMF_COMM                   : mpi
20240517 022541.186 INFO             PET3 ESMF_MOAB                   : enabled
20240517 022541.186 INFO             PET3 ESMF_LAPACK                 : enabled
20240517 022541.186 INFO             PET3 ESMF_NETCDF                 : enabled
20240517 022541.186 INFO             PET3 ESMF_PNETCDF                : disabled
20240517 022541.186 INFO             PET3 ESMF_PIO                    : enabled
20240517 022541.186 INFO             PET3 ESMF_YAMLCPP                : enabled
20240517 022541.186 INFO             PET3 ESMF Tracing Enabled
20240517 022541.186 INFO             PET3 ESMF Profiling Enabled
20240517 022541.186 INFO             PET3 ESMF Trace/Profile clock: REALTIME
20240517 022541.193 INFO             PET3  NUMBER_OF_PROCESSORS           4
20240517 022541.193 INFO             PET3  PASS  Example ESMF_TraceEx, ESMF_TraceEx.F90, line 178
20240517 022541.193 INFO             PET3  Finalizing ESMF
20240517 022541.193 INFO             PET3 **************** Region Timings *******************
20240517 022541.193 INFO             PET3 Region              Count  Total (s)   Self (s)    Mean (s)    Min (s)     Max (s)
20240517 022541.193 INFO             PET3   [ESMF]            1      0.0030      0.0029      0.0030      0.0030      0.0030
20240517 022541.193 INFO             PET3     [test] Init 1   1      0.0001      0.0001      0.0001      0.0001      0.0001
20240517 022541.193 INFO             PET3     [test] Run 1    5      0.0000      0.0000      0.0000      0.0000      0.0000
20240517 022541.193 INFO             PET3     [test] Final 1  1      0.0000      0.0000      0.0000      0.0000      0.0000
