2024-05-11 07:34:52
20240511 080136.034 INFO             PET0 !!!!!!!!!!!!!!!!!!!!!!!!!!!!!!!!!!!!!!!!!!!!!!!!!!!!!!
20240511 080136.034 INFO             PET0 !!! THE ESMF_LOG IS SET TO OUTPUT ALL LOG MESSAGES !!!
20240511 080136.034 INFO             PET0 !!!     THIS MAY CAUSE SLOWDOWN IN PERFORMANCE     !!!
20240511 080136.034 INFO             PET0 !!! FOR PRODUCTION RUNS, USE:                      !!!
20240511 080136.034 INFO             PET0 !!!                   ESMF_LOGKIND_Multi_On_Error  !!!
20240511 080136.034 INFO             PET0 !!!!!!!!!!!!!!!!!!!!!!!!!!!!!!!!!!!!!!!!!!!!!!!!!!!!!!
20240511 080136.034 INFO             PET0 Running with ESMF Version   : v8.7.0b05-64-gacdb5de3ff
20240511 080136.034 INFO             PET0 ESMF library build date/time: "May 11 2024" "07:32:51"
20240511 080136.034 INFO             PET0 ESMF library build location : /scratch2/NCEPDEV/stmp1/Gerhard.Theurich/ESMF-Nightly-Testing/intel_2023.2.0-oneAPI_mpiuni_O_develop/esmf
20240511 080136.034 INFO             PET0 ESMF_COMM                   : mpiuni
20240511 080136.035 INFO             PET0 ESMF_MOAB                   : enabled
20240511 080136.035 INFO             PET0 ESMF_LAPACK                 : enabled
20240511 080136.035 INFO             PET0 ESMF_NETCDF                 : enabled
20240511 080136.035 INFO             PET0 ESMF_PNETCDF                : disabled
20240511 080136.035 INFO             PET0 ESMF_PIO                    : disabled
20240511 080136.035 INFO             PET0 ESMF_YAMLCPP                : enabled
20240511 080136.035 INFO             PET0 ESMF Tracing Enabled
20240511 080136.036 INFO             PET0 ESMF Profiling Enabled
20240511 080136.036 INFO             PET0 ESMF Trace/Profile clock: REALTIME
20240511 080136.038 INFO             PET0  NUMBER_OF_PROCESSORS           1
20240511 080136.038 INFO             PET0  PASS  Example ESMF_TraceUserEx, ESMF_TraceUserEx.F90, line 125
20240511 080136.038 INFO             PET0  Finalizing ESMF
20240511 080136.038 INFO             PET0 **************** Region Timings *******************
20240511 080136.038 INFO             PET0 Region                Count  Total (s)   Self (s)    Mean (s)    Min (s)     Max (s)
20240511 080136.038 INFO             PET0   [ESMF]              1      0.0007      0.0007      0.0007      0.0007      0.0007
20240511 080136.038 INFO             PET0     outer_region      1      0.0000      0.0000      0.0000      0.0000      0.0000
20240511 080136.038 INFO             PET0       inner_region_1  10     0.0000      0.0000      0.0000      0.0000      0.0000
20240511 080136.038 INFO             PET0       inner_region_2  10     0.0000      0.0000      0.0000      0.0000      0.0000
