2024-08-06 07:37:39
20240806 081237.872 INFO             PET0 !!!!!!!!!!!!!!!!!!!!!!!!!!!!!!!!!!!!!!!!!!!!!!!!!!!!!!
20240806 081237.872 INFO             PET0 !!! THE ESMF_LOG IS SET TO OUTPUT ALL LOG MESSAGES !!!
20240806 081237.872 INFO             PET0 !!!     THIS MAY CAUSE SLOWDOWN IN PERFORMANCE     !!!
20240806 081237.872 INFO             PET0 !!! FOR PRODUCTION RUNS, USE:                      !!!
20240806 081237.872 INFO             PET0 !!!                   ESMF_LOGKIND_Multi_On_Error  !!!
20240806 081237.872 INFO             PET0 !!!!!!!!!!!!!!!!!!!!!!!!!!!!!!!!!!!!!!!!!!!!!!!!!!!!!!
20240806 081237.872 INFO             PET0 Running with ESMF Version   : v8.7.0b11
20240806 081237.872 INFO             PET0 ESMF library build date/time: "Aug  6 2024" "07:34:45"
20240806 081237.872 INFO             PET0 ESMF library build location : /scratch2/NCEPDEV/stmp1/Gerhard.Theurich/ESMF-Nightly-Testing/intel_2023.2.0-oneAPI_mpiuni_O_develop/esmf
20240806 081237.872 INFO             PET0 ESMF_COMM                   : mpiuni
20240806 081237.873 INFO             PET0 ESMF_MOAB                   : enabled
20240806 081237.873 INFO             PET0 ESMF_LAPACK                 : enabled
20240806 081237.873 INFO             PET0 ESMF_NETCDF                 : enabled
20240806 081237.873 INFO             PET0 ESMF_PNETCDF                : disabled
20240806 081237.873 INFO             PET0 ESMF_PIO                    : enabled
20240806 081237.873 INFO             PET0 ESMF_YAMLCPP                : enabled
20240806 081237.895 DEBUG            PET0 about to destroy Grid: 0x1d7c000
20240806 081237.897 DEBUG            PET0 about to destroy Grid: 0x1d7d090
20240806 081237.905 INFO             PET0  NUMBER_OF_PROCESSORS           1
20240806 081237.905 INFO             PET0  PASS  Example ESMF_NUOPCAtmModelEx, ESMF_NUOPCAtmModelEx.F90, line 806
20240806 081237.905 INFO             PET0  Finalizing ESMF
