2024-05-29 07:39:08
20240529 081017.662 INFO             PET0 !!!!!!!!!!!!!!!!!!!!!!!!!!!!!!!!!!!!!!!!!!!!!!!!!!!!!!
20240529 081017.662 INFO             PET0 !!! THE ESMF_LOG IS SET TO OUTPUT ALL LOG MESSAGES !!!
20240529 081017.662 INFO             PET0 !!!     THIS MAY CAUSE SLOWDOWN IN PERFORMANCE     !!!
20240529 081017.662 INFO             PET0 !!! FOR PRODUCTION RUNS, USE:                      !!!
20240529 081017.662 INFO             PET0 !!!                   ESMF_LOGKIND_Multi_On_Error  !!!
20240529 081017.662 INFO             PET0 !!!!!!!!!!!!!!!!!!!!!!!!!!!!!!!!!!!!!!!!!!!!!!!!!!!!!!
20240529 081017.662 INFO             PET0 Running with ESMF Version   : v8.7.0b06-6-g5fb1a7b839
20240529 081017.662 INFO             PET0 ESMF library build date/time: "May 29 2024" "07:35:31"
20240529 081017.662 INFO             PET0 ESMF library build location : /scratch2/NCEPDEV/stmp1/Gerhard.Theurich/ESMF-Nightly-Testing/intel_2023.2.0-oneAPI_mpiuni_O_develop/esmf
20240529 081017.662 INFO             PET0 ESMF_COMM                   : mpiuni
20240529 081017.663 INFO             PET0 ESMF_MOAB                   : enabled
20240529 081017.663 INFO             PET0 ESMF_LAPACK                 : enabled
20240529 081017.663 INFO             PET0 ESMF_NETCDF                 : enabled
20240529 081017.663 INFO             PET0 ESMF_PNETCDF                : disabled
20240529 081017.663 INFO             PET0 ESMF_PIO                    : disabled
20240529 081017.663 INFO             PET0 ESMF_YAMLCPP                : enabled
20240529 081017.675 INFO             PET0  NUMBER_OF_PROCESSORS           1
20240529 081017.675 INFO             PET0  PASS  Example ESMF_StateReadWriteEx, ESMF_StateReadWriteEx.F90, line 185
20240529 081017.675 INFO             PET0  Finalizing ESMF
