2024-06-05 07:32:08
20240605 075859.823 INFO             PET0 !!!!!!!!!!!!!!!!!!!!!!!!!!!!!!!!!!!!!!!!!!!!!!!!!!!!!!
20240605 075859.823 INFO             PET0 !!! THE ESMF_LOG IS SET TO OUTPUT ALL LOG MESSAGES !!!
20240605 075859.823 INFO             PET0 !!!     THIS MAY CAUSE SLOWDOWN IN PERFORMANCE     !!!
20240605 075859.823 INFO             PET0 !!! FOR PRODUCTION RUNS, USE:                      !!!
20240605 075859.823 INFO             PET0 !!!                   ESMF_LOGKIND_Multi_On_Error  !!!
20240605 075859.823 INFO             PET0 !!!!!!!!!!!!!!!!!!!!!!!!!!!!!!!!!!!!!!!!!!!!!!!!!!!!!!
20240605 075859.823 INFO             PET0 Running with ESMF Version   : v8.7.0b06-37-g31f880616f
20240605 075859.823 INFO             PET0 ESMF library build date/time: "Jun  5 2024" "07:29:58"
20240605 075859.823 INFO             PET0 ESMF library build location : /scratch2/NCEPDEV/stmp1/Gerhard.Theurich/ESMF-Nightly-Testing/intel_2023.2.0-oneAPI_mpiuni_O_develop/esmf
20240605 075859.823 INFO             PET0 ESMF_COMM                   : mpiuni
20240605 075859.825 INFO             PET0 ESMF_MOAB                   : enabled
20240605 075859.825 INFO             PET0 ESMF_LAPACK                 : enabled
20240605 075859.825 INFO             PET0 ESMF_NETCDF                 : enabled
20240605 075859.825 INFO             PET0 ESMF_PNETCDF                : disabled
20240605 075859.825 INFO             PET0 ESMF_PIO                    : disabled
20240605 075859.825 INFO             PET0 ESMF_YAMLCPP                : enabled
20240605 075859.826 INFO             PET0  NUMBER_OF_PROCESSORS           1
20240605 075859.826 INFO             PET0  PASS  Example ESMF_VMDefaultBasicsEx, ESMF_VMDefaultBasicsEx.F90, line 107
20240605 075859.826 INFO             PET0  Finalizing ESMF
