2024-05-19 07:32:31
20240519 080154.129 INFO             PET0 !!!!!!!!!!!!!!!!!!!!!!!!!!!!!!!!!!!!!!!!!!!!!!!!!!!!!!
20240519 080154.129 INFO             PET0 !!! THE ESMF_LOG IS SET TO OUTPUT ALL LOG MESSAGES !!!
20240519 080154.129 INFO             PET0 !!!     THIS MAY CAUSE SLOWDOWN IN PERFORMANCE     !!!
20240519 080154.129 INFO             PET0 !!! FOR PRODUCTION RUNS, USE:                      !!!
20240519 080154.129 INFO             PET0 !!!                   ESMF_LOGKIND_Multi_On_Error  !!!
20240519 080154.129 INFO             PET0 !!!!!!!!!!!!!!!!!!!!!!!!!!!!!!!!!!!!!!!!!!!!!!!!!!!!!!
20240519 080154.129 INFO             PET0 Running with ESMF Version   : v8.7.0b05-86-g6f1fcac0dc
20240519 080154.129 INFO             PET0 ESMF library build date/time: "May 19 2024" "07:30:16"
20240519 080154.129 INFO             PET0 ESMF library build location : /scratch2/NCEPDEV/stmp1/Gerhard.Theurich/ESMF-Nightly-Testing/intel_2023.2.0-oneAPI_mpiuni_O_develop/esmf
20240519 080154.129 INFO             PET0 ESMF_COMM                   : mpiuni
20240519 080154.130 INFO             PET0 ESMF_MOAB                   : enabled
20240519 080154.130 INFO             PET0 ESMF_LAPACK                 : enabled
20240519 080154.130 INFO             PET0 ESMF_NETCDF                 : enabled
20240519 080154.130 INFO             PET0 ESMF_PNETCDF                : disabled
20240519 080154.130 INFO             PET0 ESMF_PIO                    : disabled
20240519 080154.130 INFO             PET0 ESMF_YAMLCPP                : enabled
20240519 080154.131 INFO             PET0  NUMBER_OF_PROCESSORS           1
20240519 080154.131 INFO             PET0  PASS  Example ESMF_InternalStateModEx, ESMF_InternalStateModEx.F90, line 239
20240519 080154.131 INFO             PET0  Finalizing ESMF
