2024-05-31 03:35:31
20240531 041607.597 INFO             PET0 !!!!!!!!!!!!!!!!!!!!!!!!!!!!!!!!!!!!!!!!!!!!!!!!!!!!!!
20240531 041607.597 INFO             PET0 !!! THE ESMF_LOG IS SET TO OUTPUT ALL LOG MESSAGES !!!
20240531 041607.597 INFO             PET0 !!!     THIS MAY CAUSE SLOWDOWN IN PERFORMANCE     !!!
20240531 041607.597 INFO             PET0 !!! FOR PRODUCTION RUNS, USE:                      !!!
20240531 041607.597 INFO             PET0 !!!                   ESMF_LOGKIND_Multi_On_Error  !!!
20240531 041607.597 INFO             PET0 !!!!!!!!!!!!!!!!!!!!!!!!!!!!!!!!!!!!!!!!!!!!!!!!!!!!!!
20240531 041607.597 INFO             PET0 Running with ESMF Version   : v8.7.0b06-37-g31f880616f
20240531 041607.597 INFO             PET0 ESMF library build date/time: "May 31 2024" "03:33:08"
20240531 041607.597 INFO             PET0 ESMF library build location : /glade/derecho/scratch/sacks/esmf-testing/cce_15.0.1_mpi_O_develop/esmf
20240531 041607.597 INFO             PET0 ESMF_COMM                   : mpi
20240531 041607.597 INFO             PET0 ESMF_MOAB                   : enabled
20240531 041607.597 INFO             PET0 ESMF_LAPACK                 : enabled
20240531 041607.597 INFO             PET0 ESMF_NETCDF                 : enabled
20240531 041607.597 INFO             PET0 ESMF_PNETCDF                : disabled
20240531 041607.597 INFO             PET0 ESMF_PIO                    : enabled
20240531 041607.597 INFO             PET0 ESMF_YAMLCPP                : enabled
20240531 041607.638 DEBUG            PET0 about to destroy Grid: 0x809d9d0
20240531 041607.641 DEBUG            PET0 about to destroy Grid: 0x80a2ad0
20240531 041607.653 INFO             PET0  NUMBER_OF_PROCESSORS 4
20240531 041607.653 INFO             PET0  PASS  Example ESMF_NUOPCAtmModelEx, ESMF_NUOPCAtmModelEx.F90, line 806
20240531 041607.653 INFO             PET0  Finalizing ESMF
20240531 041607.597 INFO             PET1 !!!!!!!!!!!!!!!!!!!!!!!!!!!!!!!!!!!!!!!!!!!!!!!!!!!!!!
20240531 041607.597 INFO             PET1 !!! THE ESMF_LOG IS SET TO OUTPUT ALL LOG MESSAGES !!!
20240531 041607.597 INFO             PET1 !!!     THIS MAY CAUSE SLOWDOWN IN PERFORMANCE     !!!
20240531 041607.597 INFO             PET1 !!! FOR PRODUCTION RUNS, USE:                      !!!
20240531 041607.597 INFO             PET1 !!!                   ESMF_LOGKIND_Multi_On_Error  !!!
20240531 041607.597 INFO             PET1 !!!!!!!!!!!!!!!!!!!!!!!!!!!!!!!!!!!!!!!!!!!!!!!!!!!!!!
20240531 041607.597 INFO             PET1 Running with ESMF Version   : v8.7.0b06-37-g31f880616f
20240531 041607.597 INFO             PET1 ESMF library build date/time: "May 31 2024" "03:33:08"
20240531 041607.597 INFO             PET1 ESMF library build location : /glade/derecho/scratch/sacks/esmf-testing/cce_15.0.1_mpi_O_develop/esmf
20240531 041607.597 INFO             PET1 ESMF_COMM                   : mpi
20240531 041607.598 INFO             PET1 ESMF_MOAB                   : enabled
20240531 041607.598 INFO             PET1 ESMF_LAPACK                 : enabled
20240531 041607.598 INFO             PET1 ESMF_NETCDF                 : enabled
20240531 041607.598 INFO             PET1 ESMF_PNETCDF                : disabled
20240531 041607.598 INFO             PET1 ESMF_PIO                    : enabled
20240531 041607.598 INFO             PET1 ESMF_YAMLCPP                : enabled
20240531 041607.638 DEBUG            PET1 about to destroy Grid: 0x80962d0
20240531 041607.641 DEBUG            PET1 about to destroy Grid: 0x809b410
20240531 041607.653 INFO             PET1  NUMBER_OF_PROCESSORS 4
20240531 041607.653 INFO             PET1  PASS  Example ESMF_NUOPCAtmModelEx, ESMF_NUOPCAtmModelEx.F90, line 806
20240531 041607.653 INFO             PET1  Finalizing ESMF
20240531 041607.597 INFO             PET2 !!!!!!!!!!!!!!!!!!!!!!!!!!!!!!!!!!!!!!!!!!!!!!!!!!!!!!
20240531 041607.597 INFO             PET2 !!! THE ESMF_LOG IS SET TO OUTPUT ALL LOG MESSAGES !!!
20240531 041607.597 INFO             PET2 !!!     THIS MAY CAUSE SLOWDOWN IN PERFORMANCE     !!!
20240531 041607.597 INFO             PET2 !!! FOR PRODUCTION RUNS, USE:                      !!!
20240531 041607.597 INFO             PET2 !!!                   ESMF_LOGKIND_Multi_On_Error  !!!
20240531 041607.597 INFO             PET2 !!!!!!!!!!!!!!!!!!!!!!!!!!!!!!!!!!!!!!!!!!!!!!!!!!!!!!
20240531 041607.597 INFO             PET2 Running with ESMF Version   : v8.7.0b06-37-g31f880616f
20240531 041607.597 INFO             PET2 ESMF library build date/time: "May 31 2024" "03:33:08"
20240531 041607.597 INFO             PET2 ESMF library build location : /glade/derecho/scratch/sacks/esmf-testing/cce_15.0.1_mpi_O_develop/esmf
20240531 041607.597 INFO             PET2 ESMF_COMM                   : mpi
20240531 041607.597 INFO             PET2 ESMF_MOAB                   : enabled
20240531 041607.597 INFO             PET2 ESMF_LAPACK                 : enabled
20240531 041607.597 INFO             PET2 ESMF_NETCDF                 : enabled
20240531 041607.597 INFO             PET2 ESMF_PNETCDF                : disabled
20240531 041607.597 INFO             PET2 ESMF_PIO                    : enabled
20240531 041607.597 INFO             PET2 ESMF_YAMLCPP                : enabled
20240531 041607.638 DEBUG            PET2 about to destroy Grid: 0x809b6d0
20240531 041607.641 DEBUG            PET2 about to destroy Grid: 0x809c150
20240531 041607.653 INFO             PET2  NUMBER_OF_PROCESSORS 4
20240531 041607.653 INFO             PET2  PASS  Example ESMF_NUOPCAtmModelEx, ESMF_NUOPCAtmModelEx.F90, line 806
20240531 041607.653 INFO             PET2  Finalizing ESMF
20240531 041607.597 INFO             PET3 !!!!!!!!!!!!!!!!!!!!!!!!!!!!!!!!!!!!!!!!!!!!!!!!!!!!!!
20240531 041607.597 INFO             PET3 !!! THE ESMF_LOG IS SET TO OUTPUT ALL LOG MESSAGES !!!
20240531 041607.597 INFO             PET3 !!!     THIS MAY CAUSE SLOWDOWN IN PERFORMANCE     !!!
20240531 041607.597 INFO             PET3 !!! FOR PRODUCTION RUNS, USE:                      !!!
20240531 041607.597 INFO             PET3 !!!                   ESMF_LOGKIND_Multi_On_Error  !!!
20240531 041607.597 INFO             PET3 !!!!!!!!!!!!!!!!!!!!!!!!!!!!!!!!!!!!!!!!!!!!!!!!!!!!!!
20240531 041607.597 INFO             PET3 Running with ESMF Version   : v8.7.0b06-37-g31f880616f
20240531 041607.597 INFO             PET3 ESMF library build date/time: "May 31 2024" "03:33:08"
20240531 041607.597 INFO             PET3 ESMF library build location : /glade/derecho/scratch/sacks/esmf-testing/cce_15.0.1_mpi_O_develop/esmf
20240531 041607.597 INFO             PET3 ESMF_COMM                   : mpi
20240531 041607.598 INFO             PET3 ESMF_MOAB                   : enabled
20240531 041607.598 INFO             PET3 ESMF_LAPACK                 : enabled
20240531 041607.598 INFO             PET3 ESMF_NETCDF                 : enabled
20240531 041607.598 INFO             PET3 ESMF_PNETCDF                : disabled
20240531 041607.598 INFO             PET3 ESMF_PIO                    : enabled
20240531 041607.598 INFO             PET3 ESMF_YAMLCPP                : enabled
20240531 041607.638 DEBUG            PET3 about to destroy Grid: 0x8096200
20240531 041607.641 DEBUG            PET3 about to destroy Grid: 0x809ac10
20240531 041607.653 INFO             PET3  NUMBER_OF_PROCESSORS 4
20240531 041607.653 INFO             PET3  PASS  Example ESMF_NUOPCAtmModelEx, ESMF_NUOPCAtmModelEx.F90, line 806
20240531 041607.653 INFO             PET3  Finalizing ESMF
