2024-05-24 03:33:54
20240524 041258.274 INFO             PET0 !!!!!!!!!!!!!!!!!!!!!!!!!!!!!!!!!!!!!!!!!!!!!!!!!!!!!!
20240524 041258.275 INFO             PET0 !!! THE ESMF_LOG IS SET TO OUTPUT ALL LOG MESSAGES !!!
20240524 041258.275 INFO             PET0 !!!     THIS MAY CAUSE SLOWDOWN IN PERFORMANCE     !!!
20240524 041258.275 INFO             PET0 !!! FOR PRODUCTION RUNS, USE:                      !!!
20240524 041258.275 INFO             PET0 !!!                   ESMF_LOGKIND_Multi_On_Error  !!!
20240524 041258.275 INFO             PET0 !!!!!!!!!!!!!!!!!!!!!!!!!!!!!!!!!!!!!!!!!!!!!!!!!!!!!!
20240524 041258.275 INFO             PET0 Running with ESMF Version   : v8.7.0b06
20240524 041258.275 INFO             PET0 ESMF library build date/time: "May 24 2024" "03:31:33"
20240524 041258.275 INFO             PET0 ESMF library build location : /glade/derecho/scratch/sacks/esmf-testing/cce_15.0.1_mpi_O_develop/esmf
20240524 041258.275 INFO             PET0 ESMF_COMM                   : mpi
20240524 041258.275 INFO             PET0 ESMF_MOAB                   : enabled
20240524 041258.275 INFO             PET0 ESMF_LAPACK                 : enabled
20240524 041258.275 INFO             PET0 ESMF_NETCDF                 : enabled
20240524 041258.275 INFO             PET0 ESMF_PNETCDF                : disabled
20240524 041258.275 INFO             PET0 ESMF_PIO                    : enabled
20240524 041258.275 INFO             PET0 ESMF_YAMLCPP                : enabled
20240524 041258.279 INFO             PET0  NUMBER_OF_PROCESSORS 1
20240524 041258.279 INFO             PET0  PASS  Example ESMF_XGridSparseMatEx, ESMF_XGridSparseMatEx.F90, line 642
20240524 041258.279 INFO             PET0  Finalizing ESMF
