2024-06-21 03:51:20
20240621 043501.936 INFO             PET0 !!!!!!!!!!!!!!!!!!!!!!!!!!!!!!!!!!!!!!!!!!!!!!!!!!!!!!
20240621 043501.936 INFO             PET0 !!! THE ESMF_LOG IS SET TO OUTPUT ALL LOG MESSAGES !!!
20240621 043501.936 INFO             PET0 !!!     THIS MAY CAUSE SLOWDOWN IN PERFORMANCE     !!!
20240621 043501.936 INFO             PET0 !!! FOR PRODUCTION RUNS, USE:                      !!!
20240621 043501.936 INFO             PET0 !!!                   ESMF_LOGKIND_Multi_On_Error  !!!
20240621 043501.936 INFO             PET0 !!!!!!!!!!!!!!!!!!!!!!!!!!!!!!!!!!!!!!!!!!!!!!!!!!!!!!
20240621 043501.936 INFO             PET0 Running with ESMF Version   : v8.7.0b07-2-ga1ccd5de8a
20240621 043501.936 INFO             PET0 ESMF library build date/time: "Jun 21 2024" "03:48:58"
20240621 043501.936 INFO             PET0 ESMF library build location : /glade/derecho/scratch/sacks/esmf-testing/cce_15.0.1_mpi_O_develop/esmf
20240621 043501.936 INFO             PET0 ESMF_COMM                   : mpi
20240621 043501.949 INFO             PET0 ESMF_MOAB                   : enabled
20240621 043501.949 INFO             PET0 ESMF_LAPACK                 : enabled
20240621 043501.949 INFO             PET0 ESMF_NETCDF                 : enabled
20240621 043501.949 INFO             PET0 ESMF_PNETCDF                : disabled
20240621 043501.949 INFO             PET0 ESMF_PIO                    : enabled
20240621 043501.949 INFO             PET0 ESMF_YAMLCPP                : enabled
20240621 043501.950 INFO             PET0  NUMBER_OF_PROCESSORS 4
20240621 043501.950 INFO             PET0  PASS  Example ESMF_VMComponentEx, ESMF_VMComponentEx.F90, line 197
20240621 043501.950 INFO             PET0  Finalizing ESMF
20240621 043501.936 INFO             PET1 !!!!!!!!!!!!!!!!!!!!!!!!!!!!!!!!!!!!!!!!!!!!!!!!!!!!!!
20240621 043501.936 INFO             PET1 !!! THE ESMF_LOG IS SET TO OUTPUT ALL LOG MESSAGES !!!
20240621 043501.936 INFO             PET1 !!!     THIS MAY CAUSE SLOWDOWN IN PERFORMANCE     !!!
20240621 043501.936 INFO             PET1 !!! FOR PRODUCTION RUNS, USE:                      !!!
20240621 043501.936 INFO             PET1 !!!                   ESMF_LOGKIND_Multi_On_Error  !!!
20240621 043501.936 INFO             PET1 !!!!!!!!!!!!!!!!!!!!!!!!!!!!!!!!!!!!!!!!!!!!!!!!!!!!!!
20240621 043501.936 INFO             PET1 Running with ESMF Version   : v8.7.0b07-2-ga1ccd5de8a
20240621 043501.936 INFO             PET1 ESMF library build date/time: "Jun 21 2024" "03:48:58"
20240621 043501.936 INFO             PET1 ESMF library build location : /glade/derecho/scratch/sacks/esmf-testing/cce_15.0.1_mpi_O_develop/esmf
20240621 043501.936 INFO             PET1 ESMF_COMM                   : mpi
20240621 043501.941 INFO             PET1 ESMF_MOAB                   : enabled
20240621 043501.941 INFO             PET1 ESMF_LAPACK                 : enabled
20240621 043501.941 INFO             PET1 ESMF_NETCDF                 : enabled
20240621 043501.941 INFO             PET1 ESMF_PNETCDF                : disabled
20240621 043501.941 INFO             PET1 ESMF_PIO                    : enabled
20240621 043501.941 INFO             PET1 ESMF_YAMLCPP                : enabled
20240621 043501.949 INFO             PET1  NUMBER_OF_PROCESSORS 4
20240621 043501.949 INFO             PET1  PASS  Example ESMF_VMComponentEx, ESMF_VMComponentEx.F90, line 197
20240621 043501.949 INFO             PET1  Finalizing ESMF
20240621 043501.930 INFO             PET2 !!!!!!!!!!!!!!!!!!!!!!!!!!!!!!!!!!!!!!!!!!!!!!!!!!!!!!
20240621 043501.930 INFO             PET2 !!! THE ESMF_LOG IS SET TO OUTPUT ALL LOG MESSAGES !!!
20240621 043501.930 INFO             PET2 !!!     THIS MAY CAUSE SLOWDOWN IN PERFORMANCE     !!!
20240621 043501.930 INFO             PET2 !!! FOR PRODUCTION RUNS, USE:                      !!!
20240621 043501.930 INFO             PET2 !!!                   ESMF_LOGKIND_Multi_On_Error  !!!
20240621 043501.930 INFO             PET2 !!!!!!!!!!!!!!!!!!!!!!!!!!!!!!!!!!!!!!!!!!!!!!!!!!!!!!
20240621 043501.930 INFO             PET2 Running with ESMF Version   : v8.7.0b07-2-ga1ccd5de8a
20240621 043501.930 INFO             PET2 ESMF library build date/time: "Jun 21 2024" "03:48:58"
20240621 043501.930 INFO             PET2 ESMF library build location : /glade/derecho/scratch/sacks/esmf-testing/cce_15.0.1_mpi_O_develop/esmf
20240621 043501.930 INFO             PET2 ESMF_COMM                   : mpi
20240621 043501.935 INFO             PET2 ESMF_MOAB                   : enabled
20240621 043501.935 INFO             PET2 ESMF_LAPACK                 : enabled
20240621 043501.935 INFO             PET2 ESMF_NETCDF                 : enabled
20240621 043501.935 INFO             PET2 ESMF_PNETCDF                : disabled
20240621 043501.935 INFO             PET2 ESMF_PIO                    : enabled
20240621 043501.935 INFO             PET2 ESMF_YAMLCPP                : enabled
20240621 043501.949 INFO             PET2  NUMBER_OF_PROCESSORS 4
20240621 043501.949 INFO             PET2  PASS  Example ESMF_VMComponentEx, ESMF_VMComponentEx.F90, line 197
20240621 043501.949 INFO             PET2  Finalizing ESMF
20240621 043501.930 INFO             PET3 !!!!!!!!!!!!!!!!!!!!!!!!!!!!!!!!!!!!!!!!!!!!!!!!!!!!!!
20240621 043501.930 INFO             PET3 !!! THE ESMF_LOG IS SET TO OUTPUT ALL LOG MESSAGES !!!
20240621 043501.930 INFO             PET3 !!!     THIS MAY CAUSE SLOWDOWN IN PERFORMANCE     !!!
20240621 043501.930 INFO             PET3 !!! FOR PRODUCTION RUNS, USE:                      !!!
20240621 043501.930 INFO             PET3 !!!                   ESMF_LOGKIND_Multi_On_Error  !!!
20240621 043501.930 INFO             PET3 !!!!!!!!!!!!!!!!!!!!!!!!!!!!!!!!!!!!!!!!!!!!!!!!!!!!!!
20240621 043501.930 INFO             PET3 Running with ESMF Version   : v8.7.0b07-2-ga1ccd5de8a
20240621 043501.930 INFO             PET3 ESMF library build date/time: "Jun 21 2024" "03:48:58"
20240621 043501.930 INFO             PET3 ESMF library build location : /glade/derecho/scratch/sacks/esmf-testing/cce_15.0.1_mpi_O_develop/esmf
20240621 043501.930 INFO             PET3 ESMF_COMM                   : mpi
20240621 043501.933 INFO             PET3 ESMF_MOAB                   : enabled
20240621 043501.933 INFO             PET3 ESMF_LAPACK                 : enabled
20240621 043501.933 INFO             PET3 ESMF_NETCDF                 : enabled
20240621 043501.933 INFO             PET3 ESMF_PNETCDF                : disabled
20240621 043501.933 INFO             PET3 ESMF_PIO                    : enabled
20240621 043501.933 INFO             PET3 ESMF_YAMLCPP                : enabled
20240621 043501.949 INFO             PET3  NUMBER_OF_PROCESSORS 4
20240621 043501.949 INFO             PET3  PASS  Example ESMF_VMComponentEx, ESMF_VMComponentEx.F90, line 197
20240621 043501.949 INFO             PET3  Finalizing ESMF
