2024-05-13 03:39:56
20240513 042156.686 INFO             PET0 !!!!!!!!!!!!!!!!!!!!!!!!!!!!!!!!!!!!!!!!!!!!!!!!!!!!!!
20240513 042156.686 INFO             PET0 !!! THE ESMF_LOG IS SET TO OUTPUT ALL LOG MESSAGES !!!
20240513 042156.686 INFO             PET0 !!!     THIS MAY CAUSE SLOWDOWN IN PERFORMANCE     !!!
20240513 042156.686 INFO             PET0 !!! FOR PRODUCTION RUNS, USE:                      !!!
20240513 042156.686 INFO             PET0 !!!                   ESMF_LOGKIND_Multi_On_Error  !!!
20240513 042156.686 INFO             PET0 !!!!!!!!!!!!!!!!!!!!!!!!!!!!!!!!!!!!!!!!!!!!!!!!!!!!!!
20240513 042156.686 INFO             PET0 Running with ESMF Version   : v8.7.0b05-64-gacdb5de3ff
20240513 042156.686 INFO             PET0 ESMF library build date/time: "May 13 2024" "03:37:39"
20240513 042156.686 INFO             PET0 ESMF library build location : /glade/derecho/scratch/theurich/ESMF-Nightly-Testing/cce_15.0.1_mpi_O_develop/esmf
20240513 042156.686 INFO             PET0 ESMF_COMM                   : mpi
20240513 042156.687 INFO             PET0 ESMF_MOAB                   : enabled
20240513 042156.687 INFO             PET0 ESMF_LAPACK                 : enabled
20240513 042156.687 INFO             PET0 ESMF_NETCDF                 : enabled
20240513 042156.687 INFO             PET0 ESMF_PNETCDF                : disabled
20240513 042156.687 INFO             PET0 ESMF_PIO                    : enabled
20240513 042156.687 INFO             PET0 ESMF_YAMLCPP                : enabled
20240513 042156.688 INFO             PET0  NUMBER_OF_PROCESSORS 1
20240513 042156.688 INFO             PET0  PASS  Example ESMF_AlarmEx, ESMF_AlarmEx.F90, line 244
20240513 042156.688 INFO             PET0  Finalizing ESMF
