2024-06-04 03:52:51
20240604 041613.001 INFO             PET0 !!!!!!!!!!!!!!!!!!!!!!!!!!!!!!!!!!!!!!!!!!!!!!!!!!!!!!
20240604 041613.001 INFO             PET0 !!! THE ESMF_LOG IS SET TO OUTPUT ALL LOG MESSAGES !!!
20240604 041613.001 INFO             PET0 !!!     THIS MAY CAUSE SLOWDOWN IN PERFORMANCE     !!!
20240604 041613.001 INFO             PET0 !!! FOR PRODUCTION RUNS, USE:                      !!!
20240604 041613.001 INFO             PET0 !!!                   ESMF_LOGKIND_Multi_On_Error  !!!
20240604 041613.001 INFO             PET0 !!!!!!!!!!!!!!!!!!!!!!!!!!!!!!!!!!!!!!!!!!!!!!!!!!!!!!
20240604 041613.001 INFO             PET0 Running with ESMF Version   : v8.7.0b06-37-g31f880616f
20240604 041613.001 INFO             PET0 ESMF library build date/time: "Jun  4 2024" "03:51:44"
20240604 041613.001 INFO             PET0 ESMF library build location : /tmp/gfortran_12.2.0_mpi_O_develop/esmf
20240604 041613.001 INFO             PET0 ESMF_COMM                   : mpi
20240604 041613.001 INFO             PET0 ESMF_MOAB                   : enabled
20240604 041613.001 INFO             PET0 ESMF_LAPACK                 : enabled
20240604 041613.001 INFO             PET0 ESMF_NETCDF                 : enabled
20240604 041613.001 INFO             PET0 ESMF_PNETCDF                : disabled
20240604 041613.001 INFO             PET0 ESMF_PIO                    : enabled
20240604 041613.001 INFO             PET0 ESMF_YAMLCPP                : enabled
20240604 041613.030 DEBUG            PET0 about to destroy Grid: 0x54f580
20240604 041613.033 DEBUG            PET0 about to destroy Grid: 0x551290
20240604 041613.041 INFO             PET0  NUMBER_OF_PROCESSORS           4
20240604 041613.041 INFO             PET0  PASS  Example ESMF_NUOPCAtmModelEx, ESMF_NUOPCAtmModelEx.F90, line 806
20240604 041613.041 INFO             PET0  Finalizing ESMF
20240604 041613.001 INFO             PET1 !!!!!!!!!!!!!!!!!!!!!!!!!!!!!!!!!!!!!!!!!!!!!!!!!!!!!!
20240604 041613.001 INFO             PET1 !!! THE ESMF_LOG IS SET TO OUTPUT ALL LOG MESSAGES !!!
20240604 041613.001 INFO             PET1 !!!     THIS MAY CAUSE SLOWDOWN IN PERFORMANCE     !!!
20240604 041613.001 INFO             PET1 !!! FOR PRODUCTION RUNS, USE:                      !!!
20240604 041613.001 INFO             PET1 !!!                   ESMF_LOGKIND_Multi_On_Error  !!!
20240604 041613.001 INFO             PET1 !!!!!!!!!!!!!!!!!!!!!!!!!!!!!!!!!!!!!!!!!!!!!!!!!!!!!!
20240604 041613.001 INFO             PET1 Running with ESMF Version   : v8.7.0b06-37-g31f880616f
20240604 041613.001 INFO             PET1 ESMF library build date/time: "Jun  4 2024" "03:51:44"
20240604 041613.001 INFO             PET1 ESMF library build location : /tmp/gfortran_12.2.0_mpi_O_develop/esmf
20240604 041613.001 INFO             PET1 ESMF_COMM                   : mpi
20240604 041613.001 INFO             PET1 ESMF_MOAB                   : enabled
20240604 041613.001 INFO             PET1 ESMF_LAPACK                 : enabled
20240604 041613.001 INFO             PET1 ESMF_NETCDF                 : enabled
20240604 041613.001 INFO             PET1 ESMF_PNETCDF                : disabled
20240604 041613.001 INFO             PET1 ESMF_PIO                    : enabled
20240604 041613.001 INFO             PET1 ESMF_YAMLCPP                : enabled
20240604 041613.030 DEBUG            PET1 about to destroy Grid: 0x54c430
20240604 041613.033 DEBUG            PET1 about to destroy Grid: 0x54dcd0
20240604 041613.041 INFO             PET1  NUMBER_OF_PROCESSORS           4
20240604 041613.041 INFO             PET1  PASS  Example ESMF_NUOPCAtmModelEx, ESMF_NUOPCAtmModelEx.F90, line 806
20240604 041613.041 INFO             PET1  Finalizing ESMF
20240604 041613.001 INFO             PET2 !!!!!!!!!!!!!!!!!!!!!!!!!!!!!!!!!!!!!!!!!!!!!!!!!!!!!!
20240604 041613.001 INFO             PET2 !!! THE ESMF_LOG IS SET TO OUTPUT ALL LOG MESSAGES !!!
20240604 041613.001 INFO             PET2 !!!     THIS MAY CAUSE SLOWDOWN IN PERFORMANCE     !!!
20240604 041613.001 INFO             PET2 !!! FOR PRODUCTION RUNS, USE:                      !!!
20240604 041613.001 INFO             PET2 !!!                   ESMF_LOGKIND_Multi_On_Error  !!!
20240604 041613.001 INFO             PET2 !!!!!!!!!!!!!!!!!!!!!!!!!!!!!!!!!!!!!!!!!!!!!!!!!!!!!!
20240604 041613.001 INFO             PET2 Running with ESMF Version   : v8.7.0b06-37-g31f880616f
20240604 041613.001 INFO             PET2 ESMF library build date/time: "Jun  4 2024" "03:51:44"
20240604 041613.001 INFO             PET2 ESMF library build location : /tmp/gfortran_12.2.0_mpi_O_develop/esmf
20240604 041613.001 INFO             PET2 ESMF_COMM                   : mpi
20240604 041613.001 INFO             PET2 ESMF_MOAB                   : enabled
20240604 041613.001 INFO             PET2 ESMF_LAPACK                 : enabled
20240604 041613.001 INFO             PET2 ESMF_NETCDF                 : enabled
20240604 041613.001 INFO             PET2 ESMF_PNETCDF                : disabled
20240604 041613.001 INFO             PET2 ESMF_PIO                    : enabled
20240604 041613.001 INFO             PET2 ESMF_YAMLCPP                : enabled
20240604 041613.030 DEBUG            PET2 about to destroy Grid: 0x54bf60
20240604 041613.033 DEBUG            PET2 about to destroy Grid: 0x54d600
20240604 041613.042 INFO             PET2  NUMBER_OF_PROCESSORS           4
20240604 041613.042 INFO             PET2  PASS  Example ESMF_NUOPCAtmModelEx, ESMF_NUOPCAtmModelEx.F90, line 806
20240604 041613.042 INFO             PET2  Finalizing ESMF
20240604 041613.001 INFO             PET3 !!!!!!!!!!!!!!!!!!!!!!!!!!!!!!!!!!!!!!!!!!!!!!!!!!!!!!
20240604 041613.001 INFO             PET3 !!! THE ESMF_LOG IS SET TO OUTPUT ALL LOG MESSAGES !!!
20240604 041613.001 INFO             PET3 !!!     THIS MAY CAUSE SLOWDOWN IN PERFORMANCE     !!!
20240604 041613.001 INFO             PET3 !!! FOR PRODUCTION RUNS, USE:                      !!!
20240604 041613.001 INFO             PET3 !!!                   ESMF_LOGKIND_Multi_On_Error  !!!
20240604 041613.001 INFO             PET3 !!!!!!!!!!!!!!!!!!!!!!!!!!!!!!!!!!!!!!!!!!!!!!!!!!!!!!
20240604 041613.001 INFO             PET3 Running with ESMF Version   : v8.7.0b06-37-g31f880616f
20240604 041613.001 INFO             PET3 ESMF library build date/time: "Jun  4 2024" "03:51:44"
20240604 041613.001 INFO             PET3 ESMF library build location : /tmp/gfortran_12.2.0_mpi_O_develop/esmf
20240604 041613.001 INFO             PET3 ESMF_COMM                   : mpi
20240604 041613.001 INFO             PET3 ESMF_MOAB                   : enabled
20240604 041613.001 INFO             PET3 ESMF_LAPACK                 : enabled
20240604 041613.001 INFO             PET3 ESMF_NETCDF                 : enabled
20240604 041613.001 INFO             PET3 ESMF_PNETCDF                : disabled
20240604 041613.001 INFO             PET3 ESMF_PIO                    : enabled
20240604 041613.001 INFO             PET3 ESMF_YAMLCPP                : enabled
20240604 041613.030 DEBUG            PET3 about to destroy Grid: 0x54ba70
20240604 041613.033 DEBUG            PET3 about to destroy Grid: 0x54d310
20240604 041613.042 INFO             PET3  NUMBER_OF_PROCESSORS           4
20240604 041613.042 INFO             PET3  PASS  Example ESMF_NUOPCAtmModelEx, ESMF_NUOPCAtmModelEx.F90, line 806
20240604 041613.042 INFO             PET3  Finalizing ESMF
