2024-07-24 01:46:27
20240724 021739.807 INFO             PET0 !!!!!!!!!!!!!!!!!!!!!!!!!!!!!!!!!!!!!!!!!!!!!!!!!!!!!!
20240724 021739.807 INFO             PET0 !!! THE ESMF_LOG IS SET TO OUTPUT ALL LOG MESSAGES !!!
20240724 021739.807 INFO             PET0 !!!     THIS MAY CAUSE SLOWDOWN IN PERFORMANCE     !!!
20240724 021739.807 INFO             PET0 !!! FOR PRODUCTION RUNS, USE:                      !!!
20240724 021739.807 INFO             PET0 !!!                   ESMF_LOGKIND_Multi_On_Error  !!!
20240724 021739.807 INFO             PET0 !!!!!!!!!!!!!!!!!!!!!!!!!!!!!!!!!!!!!!!!!!!!!!!!!!!!!!
20240724 021739.807 INFO             PET0 Running with ESMF Version   : v8.7.0b09-5-g5845ab67f6
20240724 021739.807 INFO             PET0 ESMF library build date/time: "Jul 24 2024" "01:44:15"
20240724 021739.807 INFO             PET0 ESMF library build location : /glade/derecho/scratch/sacks/esmf-testing/gfortran_12.2.0_pio2.5.10_mpi_g_feature_numa/esmf
20240724 021739.807 INFO             PET0 ESMF_COMM                   : mpi
20240724 021739.808 INFO             PET0 ESMF_MOAB                   : enabled
20240724 021739.808 INFO             PET0 ESMF_LAPACK                 : enabled
20240724 021739.808 INFO             PET0 ESMF_NETCDF                 : enabled
20240724 021739.808 INFO             PET0 ESMF_PNETCDF                : disabled
20240724 021739.808 INFO             PET0 ESMF_PIO                    : enabled
20240724 021739.808 INFO             PET0 ESMF_YAMLCPP                : enabled
20240724 021739.808 INFO             PET0  NUMBER_OF_PROCESSORS           1
20240724 021739.809 INFO             PET0  PASS  Example ESMF_AlarmEx, ESMF_AlarmEx.F90, line 244
20240724 021739.809 INFO             PET0  Finalizing ESMF
