2024-07-19 05:52:02
20240719 062609.449 INFO             PET0 !!!!!!!!!!!!!!!!!!!!!!!!!!!!!!!!!!!!!!!!!!!!!!!!!!!!!!
20240719 062609.449 INFO             PET0 !!! THE ESMF_LOG IS SET TO OUTPUT ALL LOG MESSAGES !!!
20240719 062609.449 INFO             PET0 !!!     THIS MAY CAUSE SLOWDOWN IN PERFORMANCE     !!!
20240719 062609.449 INFO             PET0 !!! FOR PRODUCTION RUNS, USE:                      !!!
20240719 062609.449 INFO             PET0 !!!                   ESMF_LOGKIND_Multi_On_Error  !!!
20240719 062609.449 INFO             PET0 !!!!!!!!!!!!!!!!!!!!!!!!!!!!!!!!!!!!!!!!!!!!!!!!!!!!!!
20240719 062609.449 INFO             PET0 Running with ESMF Version   : v8.7.0b08-6-g7f6a4f6fe1
20240719 062609.449 INFO             PET0 ESMF library build date/time: "Jul 19 2024" "05:49:31"
20240719 062609.449 INFO             PET0 ESMF library build location : /glade/derecho/scratch/sacks/esmf-testing/intel_2023.2.1-classic_mpiuni_g_feature_smm_store_search/esmf
20240719 062609.449 INFO             PET0 ESMF_COMM                   : mpiuni
20240719 062609.450 INFO             PET0 ESMF_MOAB                   : enabled
20240719 062609.450 INFO             PET0 ESMF_LAPACK                 : enabled
20240719 062609.450 INFO             PET0 ESMF_NETCDF                 : enabled
20240719 062609.450 INFO             PET0 ESMF_PNETCDF                : disabled
20240719 062609.450 INFO             PET0 ESMF_PIO                    : enabled
20240719 062609.450 INFO             PET0 ESMF_YAMLCPP                : enabled
20240719 062609.465 INFO             PET0  NUMBER_OF_PROCESSORS           1
20240719 062609.466 INFO             PET0  PASS  Example ESMF_LocStreamEx, ESMF_LocStreamEx.F90, line 784
20240719 062609.466 INFO             PET0  Finalizing ESMF
