2024-07-19 01:47:16
20240719 022017.177 INFO             PET0 !!!!!!!!!!!!!!!!!!!!!!!!!!!!!!!!!!!!!!!!!!!!!!!!!!!!!!
20240719 022017.177 INFO             PET0 !!! THE ESMF_LOG IS SET TO OUTPUT ALL LOG MESSAGES !!!
20240719 022017.177 INFO             PET0 !!!     THIS MAY CAUSE SLOWDOWN IN PERFORMANCE     !!!
20240719 022017.177 INFO             PET0 !!! FOR PRODUCTION RUNS, USE:                      !!!
20240719 022017.177 INFO             PET0 !!!                   ESMF_LOGKIND_Multi_On_Error  !!!
20240719 022017.177 INFO             PET0 !!!!!!!!!!!!!!!!!!!!!!!!!!!!!!!!!!!!!!!!!!!!!!!!!!!!!!
20240719 022017.177 INFO             PET0 Running with ESMF Version   : v8.7.0b08-6-g7f6a4f6fe1
20240719 022017.177 INFO             PET0 ESMF library build date/time: "Jul 19 2024" "01:45:32"
20240719 022017.177 INFO             PET0 ESMF library build location : /scratch/cluster/theurich/ESMF-Nightly-Testing/nag_7.0_mpiuni_g_feature_smm_store_search/esmf
20240719 022017.177 INFO             PET0 ESMF_COMM                   : mpiuni
20240719 022017.177 INFO             PET0 ESMF_MOAB                   : enabled
20240719 022017.177 INFO             PET0 ESMF_LAPACK                 : enabled
20240719 022017.177 INFO             PET0 ESMF_NETCDF                 : enabled
20240719 022017.177 INFO             PET0 ESMF_PNETCDF                : disabled
20240719 022017.177 INFO             PET0 ESMF_PIO                    : enabled
20240719 022017.177 INFO             PET0 ESMF_YAMLCPP                : enabled
20240719 022017.304 DEBUG            PET0 about to destroy Grid: 0x24182e0
20240719 022017.323 DEBUG            PET0 about to destroy Grid: 0x241a8c0
20240719 022017.366 INFO             PET0  NUMBER_OF_PROCESSORS 1
20240719 022017.366 INFO             PET0  PASS  Example ESMF_NUOPCAtmModelEx, ESMF_NUOPCAtmModelEx.F90, line 806
20240719 022017.366 INFO             PET0  Finalizing ESMF
