2024-07-25 03:38:15
20240725 041352.305 INFO             PET0 !!!!!!!!!!!!!!!!!!!!!!!!!!!!!!!!!!!!!!!!!!!!!!!!!!!!!!
20240725 041352.305 INFO             PET0 !!! THE ESMF_LOG IS SET TO OUTPUT ALL LOG MESSAGES !!!
20240725 041352.305 INFO             PET0 !!!     THIS MAY CAUSE SLOWDOWN IN PERFORMANCE     !!!
20240725 041352.305 INFO             PET0 !!! FOR PRODUCTION RUNS, USE:                      !!!
20240725 041352.305 INFO             PET0 !!!                   ESMF_LOGKIND_Multi_On_Error  !!!
20240725 041352.305 INFO             PET0 !!!!!!!!!!!!!!!!!!!!!!!!!!!!!!!!!!!!!!!!!!!!!!!!!!!!!!
20240725 041352.305 INFO             PET0 Running with ESMF Version   : v8.7.0b09-26-g87e00d02ff
20240725 041352.305 INFO             PET0 ESMF library build date/time: "Jul 25 2024" "03:36:20"
20240725 041352.305 INFO             PET0 ESMF library build location : /glade/derecho/scratch/sacks/esmf-testing/cce_15.0.1_mpi_g_feature_hconfig-extras/esmf
20240725 041352.305 INFO             PET0 ESMF_COMM                   : mpi
20240725 041352.305 INFO             PET0 ESMF_MOAB                   : enabled
20240725 041352.305 INFO             PET0 ESMF_LAPACK                 : enabled
20240725 041352.305 INFO             PET0 ESMF_NETCDF                 : enabled
20240725 041352.305 INFO             PET0 ESMF_PNETCDF                : disabled
20240725 041352.305 INFO             PET0 ESMF_PIO                    : enabled
20240725 041352.305 INFO             PET0 ESMF_YAMLCPP                : enabled
20240725 041352.384 DEBUG            PET0 about to destroy Grid: 0x8093350
20240725 041352.392 DEBUG            PET0 about to destroy Grid: 0x80958c0
20240725 041352.419 INFO             PET0  NUMBER_OF_PROCESSORS 4
20240725 041352.419 INFO             PET0  PASS  Example ESMF_NUOPCAtmModelEx, ESMF_NUOPCAtmModelEx.F90, line 806
20240725 041352.419 INFO             PET0  Finalizing ESMF
20240725 041352.304 INFO             PET1 !!!!!!!!!!!!!!!!!!!!!!!!!!!!!!!!!!!!!!!!!!!!!!!!!!!!!!
20240725 041352.305 INFO             PET1 !!! THE ESMF_LOG IS SET TO OUTPUT ALL LOG MESSAGES !!!
20240725 041352.305 INFO             PET1 !!!     THIS MAY CAUSE SLOWDOWN IN PERFORMANCE     !!!
20240725 041352.305 INFO             PET1 !!! FOR PRODUCTION RUNS, USE:                      !!!
20240725 041352.305 INFO             PET1 !!!                   ESMF_LOGKIND_Multi_On_Error  !!!
20240725 041352.305 INFO             PET1 !!!!!!!!!!!!!!!!!!!!!!!!!!!!!!!!!!!!!!!!!!!!!!!!!!!!!!
20240725 041352.305 INFO             PET1 Running with ESMF Version   : v8.7.0b09-26-g87e00d02ff
20240725 041352.305 INFO             PET1 ESMF library build date/time: "Jul 25 2024" "03:36:20"
20240725 041352.305 INFO             PET1 ESMF library build location : /glade/derecho/scratch/sacks/esmf-testing/cce_15.0.1_mpi_g_feature_hconfig-extras/esmf
20240725 041352.305 INFO             PET1 ESMF_COMM                   : mpi
20240725 041352.305 INFO             PET1 ESMF_MOAB                   : enabled
20240725 041352.305 INFO             PET1 ESMF_LAPACK                 : enabled
20240725 041352.305 INFO             PET1 ESMF_NETCDF                 : enabled
20240725 041352.305 INFO             PET1 ESMF_PNETCDF                : disabled
20240725 041352.305 INFO             PET1 ESMF_PIO                    : enabled
20240725 041352.305 INFO             PET1 ESMF_YAMLCPP                : enabled
20240725 041352.384 DEBUG            PET1 about to destroy Grid: 0x808c840
20240725 041352.392 DEBUG            PET1 about to destroy Grid: 0x808e440
20240725 041352.419 INFO             PET1  NUMBER_OF_PROCESSORS 4
20240725 041352.419 INFO             PET1  PASS  Example ESMF_NUOPCAtmModelEx, ESMF_NUOPCAtmModelEx.F90, line 806
20240725 041352.419 INFO             PET1  Finalizing ESMF
20240725 041352.304 INFO             PET2 !!!!!!!!!!!!!!!!!!!!!!!!!!!!!!!!!!!!!!!!!!!!!!!!!!!!!!
20240725 041352.304 INFO             PET2 !!! THE ESMF_LOG IS SET TO OUTPUT ALL LOG MESSAGES !!!
20240725 041352.304 INFO             PET2 !!!     THIS MAY CAUSE SLOWDOWN IN PERFORMANCE     !!!
20240725 041352.304 INFO             PET2 !!! FOR PRODUCTION RUNS, USE:                      !!!
20240725 041352.304 INFO             PET2 !!!                   ESMF_LOGKIND_Multi_On_Error  !!!
20240725 041352.304 INFO             PET2 !!!!!!!!!!!!!!!!!!!!!!!!!!!!!!!!!!!!!!!!!!!!!!!!!!!!!!
20240725 041352.304 INFO             PET2 Running with ESMF Version   : v8.7.0b09-26-g87e00d02ff
20240725 041352.304 INFO             PET2 ESMF library build date/time: "Jul 25 2024" "03:36:20"
20240725 041352.304 INFO             PET2 ESMF library build location : /glade/derecho/scratch/sacks/esmf-testing/cce_15.0.1_mpi_g_feature_hconfig-extras/esmf
20240725 041352.304 INFO             PET2 ESMF_COMM                   : mpi
20240725 041352.305 INFO             PET2 ESMF_MOAB                   : enabled
20240725 041352.305 INFO             PET2 ESMF_LAPACK                 : enabled
20240725 041352.305 INFO             PET2 ESMF_NETCDF                 : enabled
20240725 041352.305 INFO             PET2 ESMF_PNETCDF                : disabled
20240725 041352.305 INFO             PET2 ESMF_PIO                    : enabled
20240725 041352.305 INFO             PET2 ESMF_YAMLCPP                : enabled
20240725 041352.384 DEBUG            PET2 about to destroy Grid: 0x80878d0
20240725 041352.392 DEBUG            PET2 about to destroy Grid: 0x8088910
20240725 041352.419 INFO             PET2  NUMBER_OF_PROCESSORS 4
20240725 041352.419 INFO             PET2  PASS  Example ESMF_NUOPCAtmModelEx, ESMF_NUOPCAtmModelEx.F90, line 806
20240725 041352.419 INFO             PET2  Finalizing ESMF
20240725 041352.304 INFO             PET3 !!!!!!!!!!!!!!!!!!!!!!!!!!!!!!!!!!!!!!!!!!!!!!!!!!!!!!
20240725 041352.304 INFO             PET3 !!! THE ESMF_LOG IS SET TO OUTPUT ALL LOG MESSAGES !!!
20240725 041352.304 INFO             PET3 !!!     THIS MAY CAUSE SLOWDOWN IN PERFORMANCE     !!!
20240725 041352.304 INFO             PET3 !!! FOR PRODUCTION RUNS, USE:                      !!!
20240725 041352.304 INFO             PET3 !!!                   ESMF_LOGKIND_Multi_On_Error  !!!
20240725 041352.304 INFO             PET3 !!!!!!!!!!!!!!!!!!!!!!!!!!!!!!!!!!!!!!!!!!!!!!!!!!!!!!
20240725 041352.304 INFO             PET3 Running with ESMF Version   : v8.7.0b09-26-g87e00d02ff
20240725 041352.304 INFO             PET3 ESMF library build date/time: "Jul 25 2024" "03:36:20"
20240725 041352.304 INFO             PET3 ESMF library build location : /glade/derecho/scratch/sacks/esmf-testing/cce_15.0.1_mpi_g_feature_hconfig-extras/esmf
20240725 041352.304 INFO             PET3 ESMF_COMM                   : mpi
20240725 041352.305 INFO             PET3 ESMF_MOAB                   : enabled
20240725 041352.305 INFO             PET3 ESMF_LAPACK                 : enabled
20240725 041352.305 INFO             PET3 ESMF_NETCDF                 : enabled
20240725 041352.305 INFO             PET3 ESMF_PNETCDF                : disabled
20240725 041352.305 INFO             PET3 ESMF_PIO                    : enabled
20240725 041352.305 INFO             PET3 ESMF_YAMLCPP                : enabled
20240725 041352.384 DEBUG            PET3 about to destroy Grid: 0x808dc90
20240725 041352.392 DEBUG            PET3 about to destroy Grid: 0x808e2d0
20240725 041352.419 INFO             PET3  NUMBER_OF_PROCESSORS 4
20240725 041352.419 INFO             PET3  PASS  Example ESMF_NUOPCAtmModelEx, ESMF_NUOPCAtmModelEx.F90, line 806
20240725 041352.419 INFO             PET3  Finalizing ESMF
