2024-07-24 02:15:57
20240724 024745.687 INFO             PET0 !!!!!!!!!!!!!!!!!!!!!!!!!!!!!!!!!!!!!!!!!!!!!!!!!!!!!!
20240724 024745.687 INFO             PET0 !!! THE ESMF_LOG IS SET TO OUTPUT ALL LOG MESSAGES !!!
20240724 024745.687 INFO             PET0 !!!     THIS MAY CAUSE SLOWDOWN IN PERFORMANCE     !!!
20240724 024745.687 INFO             PET0 !!! FOR PRODUCTION RUNS, USE:                      !!!
20240724 024745.687 INFO             PET0 !!!                   ESMF_LOGKIND_Multi_On_Error  !!!
20240724 024745.687 INFO             PET0 !!!!!!!!!!!!!!!!!!!!!!!!!!!!!!!!!!!!!!!!!!!!!!!!!!!!!!
20240724 024745.687 INFO             PET0 Running with ESMF Version   : v8.7.0b09-5-g5845ab67f6
20240724 024745.687 INFO             PET0 ESMF library build date/time: "Jul 24 2024" "02:14:27"
20240724 024745.687 INFO             PET0 ESMF library build location : /discover/nobackup/projects/sbu/mpotts/esmf-test/intel_19.1.3_intelmpi_g_feature_numa/esmf
20240724 024745.687 INFO             PET0 ESMF_COMM                   : intelmpi
20240724 024745.687 INFO             PET0 ESMF_MOAB                   : enabled
20240724 024745.687 INFO             PET0 ESMF_LAPACK                 : enabled
20240724 024745.687 INFO             PET0 ESMF_NETCDF                 : enabled
20240724 024745.687 INFO             PET0 ESMF_PNETCDF                : disabled
20240724 024745.687 INFO             PET0 ESMF_PIO                    : enabled
20240724 024745.687 INFO             PET0 ESMF_YAMLCPP                : enabled
20240724 024745.687 INFO             PET0 ESMF Tracing Enabled
20240724 024745.687 INFO             PET0 ESMF Profiling Enabled
20240724 024745.687 INFO             PET0 ESMF Trace/Profile clock: REALTIME
20240724 024745.694 INFO             PET0  NUMBER_OF_PROCESSORS           4
20240724 024745.694 INFO             PET0  PASS  Example ESMF_TraceEx, ESMF_TraceEx.F90, line 178
20240724 024745.694 INFO             PET0  Finalizing ESMF
20240724 024745.694 INFO             PET0 **************** Region Timings *******************
20240724 024745.694 INFO             PET0 Region              Count  Total (s)   Self (s)    Mean (s)    Min (s)     Max (s)
20240724 024745.694 INFO             PET0   [ESMF]            1      0.0019      0.0019      0.0019      0.0019      0.0019
20240724 024745.694 INFO             PET0     [test] Run 1    5      0.0000      0.0000      0.0000      0.0000      0.0000
20240724 024745.694 INFO             PET0     [test] Init 1   1      0.0000      0.0000      0.0000      0.0000      0.0000
20240724 024745.694 INFO             PET0     [test] Final 1  1      0.0000      0.0000      0.0000      0.0000      0.0000
20240724 024745.687 INFO             PET1 !!!!!!!!!!!!!!!!!!!!!!!!!!!!!!!!!!!!!!!!!!!!!!!!!!!!!!
20240724 024745.687 INFO             PET1 !!! THE ESMF_LOG IS SET TO OUTPUT ALL LOG MESSAGES !!!
20240724 024745.687 INFO             PET1 !!!     THIS MAY CAUSE SLOWDOWN IN PERFORMANCE     !!!
20240724 024745.687 INFO             PET1 !!! FOR PRODUCTION RUNS, USE:                      !!!
20240724 024745.687 INFO             PET1 !!!                   ESMF_LOGKIND_Multi_On_Error  !!!
20240724 024745.687 INFO             PET1 !!!!!!!!!!!!!!!!!!!!!!!!!!!!!!!!!!!!!!!!!!!!!!!!!!!!!!
20240724 024745.687 INFO             PET1 Running with ESMF Version   : v8.7.0b09-5-g5845ab67f6
20240724 024745.687 INFO             PET1 ESMF library build date/time: "Jul 24 2024" "02:14:27"
20240724 024745.687 INFO             PET1 ESMF library build location : /discover/nobackup/projects/sbu/mpotts/esmf-test/intel_19.1.3_intelmpi_g_feature_numa/esmf
20240724 024745.687 INFO             PET1 ESMF_COMM                   : intelmpi
20240724 024745.687 INFO             PET1 ESMF_MOAB                   : enabled
20240724 024745.687 INFO             PET1 ESMF_LAPACK                 : enabled
20240724 024745.687 INFO             PET1 ESMF_NETCDF                 : enabled
20240724 024745.687 INFO             PET1 ESMF_PNETCDF                : disabled
20240724 024745.687 INFO             PET1 ESMF_PIO                    : enabled
20240724 024745.687 INFO             PET1 ESMF_YAMLCPP                : enabled
20240724 024745.687 INFO             PET1 ESMF Tracing Enabled
20240724 024745.687 INFO             PET1 ESMF Profiling Enabled
20240724 024745.687 INFO             PET1 ESMF Trace/Profile clock: REALTIME
20240724 024745.694 INFO             PET1  NUMBER_OF_PROCESSORS           4
20240724 024745.694 INFO             PET1  PASS  Example ESMF_TraceEx, ESMF_TraceEx.F90, line 178
20240724 024745.694 INFO             PET1  Finalizing ESMF
20240724 024745.694 INFO             PET1 **************** Region Timings *******************
20240724 024745.694 INFO             PET1 Region              Count  Total (s)   Self (s)    Mean (s)    Min (s)     Max (s)
20240724 024745.694 INFO             PET1   [ESMF]            1      0.0044      0.0043      0.0044      0.0044      0.0044
20240724 024745.694 INFO             PET1     [test] Init 1   1      0.0001      0.0001      0.0001      0.0001      0.0001
20240724 024745.694 INFO             PET1     [test] Run 1    5      0.0000      0.0000      0.0000      0.0000      0.0000
20240724 024745.694 INFO             PET1     [test] Final 1  1      0.0000      0.0000      0.0000      0.0000      0.0000
20240724 024745.687 INFO             PET2 !!!!!!!!!!!!!!!!!!!!!!!!!!!!!!!!!!!!!!!!!!!!!!!!!!!!!!
20240724 024745.687 INFO             PET2 !!! THE ESMF_LOG IS SET TO OUTPUT ALL LOG MESSAGES !!!
20240724 024745.687 INFO             PET2 !!!     THIS MAY CAUSE SLOWDOWN IN PERFORMANCE     !!!
20240724 024745.687 INFO             PET2 !!! FOR PRODUCTION RUNS, USE:                      !!!
20240724 024745.687 INFO             PET2 !!!                   ESMF_LOGKIND_Multi_On_Error  !!!
20240724 024745.687 INFO             PET2 !!!!!!!!!!!!!!!!!!!!!!!!!!!!!!!!!!!!!!!!!!!!!!!!!!!!!!
20240724 024745.687 INFO             PET2 Running with ESMF Version   : v8.7.0b09-5-g5845ab67f6
20240724 024745.687 INFO             PET2 ESMF library build date/time: "Jul 24 2024" "02:14:27"
20240724 024745.687 INFO             PET2 ESMF library build location : /discover/nobackup/projects/sbu/mpotts/esmf-test/intel_19.1.3_intelmpi_g_feature_numa/esmf
20240724 024745.687 INFO             PET2 ESMF_COMM                   : intelmpi
20240724 024745.688 INFO             PET2 ESMF_MOAB                   : enabled
20240724 024745.688 INFO             PET2 ESMF_LAPACK                 : enabled
20240724 024745.688 INFO             PET2 ESMF_NETCDF                 : enabled
20240724 024745.688 INFO             PET2 ESMF_PNETCDF                : disabled
20240724 024745.688 INFO             PET2 ESMF_PIO                    : enabled
20240724 024745.688 INFO             PET2 ESMF_YAMLCPP                : enabled
20240724 024745.688 INFO             PET2 ESMF Tracing Enabled
20240724 024745.688 INFO             PET2 ESMF Profiling Enabled
20240724 024745.688 INFO             PET2 ESMF Trace/Profile clock: REALTIME
20240724 024745.694 INFO             PET2  NUMBER_OF_PROCESSORS           4
20240724 024745.694 INFO             PET2  PASS  Example ESMF_TraceEx, ESMF_TraceEx.F90, line 178
20240724 024745.694 INFO             PET2  Finalizing ESMF
20240724 024745.694 INFO             PET2 **************** Region Timings *******************
20240724 024745.694 INFO             PET2 Region              Count  Total (s)   Self (s)    Mean (s)    Min (s)     Max (s)
20240724 024745.694 INFO             PET2   [ESMF]            1      0.0026      0.0025      0.0026      0.0026      0.0026
20240724 024745.694 INFO             PET2     [test] Init 1   1      0.0001      0.0001      0.0001      0.0001      0.0001
20240724 024745.694 INFO             PET2     [test] Run 1    5      0.0000      0.0000      0.0000      0.0000      0.0000
20240724 024745.694 INFO             PET2     [test] Final 1  1      0.0000      0.0000      0.0000      0.0000      0.0000
20240724 024745.688 INFO             PET3 !!!!!!!!!!!!!!!!!!!!!!!!!!!!!!!!!!!!!!!!!!!!!!!!!!!!!!
20240724 024745.688 INFO             PET3 !!! THE ESMF_LOG IS SET TO OUTPUT ALL LOG MESSAGES !!!
20240724 024745.688 INFO             PET3 !!!     THIS MAY CAUSE SLOWDOWN IN PERFORMANCE     !!!
20240724 024745.688 INFO             PET3 !!! FOR PRODUCTION RUNS, USE:                      !!!
20240724 024745.688 INFO             PET3 !!!                   ESMF_LOGKIND_Multi_On_Error  !!!
20240724 024745.688 INFO             PET3 !!!!!!!!!!!!!!!!!!!!!!!!!!!!!!!!!!!!!!!!!!!!!!!!!!!!!!
20240724 024745.688 INFO             PET3 Running with ESMF Version   : v8.7.0b09-5-g5845ab67f6
20240724 024745.688 INFO             PET3 ESMF library build date/time: "Jul 24 2024" "02:14:27"
20240724 024745.688 INFO             PET3 ESMF library build location : /discover/nobackup/projects/sbu/mpotts/esmf-test/intel_19.1.3_intelmpi_g_feature_numa/esmf
20240724 024745.688 INFO             PET3 ESMF_COMM                   : intelmpi
20240724 024745.688 INFO             PET3 ESMF_MOAB                   : enabled
20240724 024745.688 INFO             PET3 ESMF_LAPACK                 : enabled
20240724 024745.688 INFO             PET3 ESMF_NETCDF                 : enabled
20240724 024745.688 INFO             PET3 ESMF_PNETCDF                : disabled
20240724 024745.688 INFO             PET3 ESMF_PIO                    : enabled
20240724 024745.688 INFO             PET3 ESMF_YAMLCPP                : enabled
20240724 024745.688 INFO             PET3 ESMF Tracing Enabled
20240724 024745.688 INFO             PET3 ESMF Profiling Enabled
20240724 024745.688 INFO             PET3 ESMF Trace/Profile clock: REALTIME
20240724 024745.694 INFO             PET3  NUMBER_OF_PROCESSORS           4
20240724 024745.694 INFO             PET3  PASS  Example ESMF_TraceEx, ESMF_TraceEx.F90, line 178
20240724 024745.694 INFO             PET3  Finalizing ESMF
20240724 024745.694 INFO             PET3 **************** Region Timings *******************
20240724 024745.694 INFO             PET3 Region              Count  Total (s)   Self (s)    Mean (s)    Min (s)     Max (s)
20240724 024745.694 INFO             PET3   [ESMF]            1      0.0031      0.0030      0.0031      0.0031      0.0031
20240724 024745.694 INFO             PET3     [test] Init 1   1      0.0001      0.0001      0.0001      0.0001      0.0001
20240724 024745.694 INFO             PET3     [test] Run 1    5      0.0000      0.0000      0.0000      0.0000      0.0000
20240724 024745.694 INFO             PET3     [test] Final 1  1      0.0000      0.0000      0.0000      0.0000      0.0000
