2024-07-26 04:05:19

mainApp:218070 terminated with signal 11 at PC=44b787 SP=7fffb73e3120.  Backtrace:

mainApp:218072 terminated with signal 11 at PC=44b7a3 SP=7ffd9c3ae730.  Backtrace:

mainApp:218071 terminated with signal 11 at PC=44b770 SP=7ffde0384910.  Backtrace:

mainApp:218073 terminated with signal 11 at PC=44b7b1 SP=7ffdf4300e20.  Backtrace:
/tmp/intel_2023.1.0-oneAPI_mpi_g_feature_hconfig-extras/nuopc-app-prototypes/CustomFieldDictionaryProto/./mainApp[0x44b7b1]
/tmp/intel_2023.1.0-oneAPI_mpi_g_feature_hconfig-extras/nuopc-app-prototypes/CustomFieldDictionaryProto/./mainApp[0x44b787]
/tmp/intel_2023.1.0-oneAPI_mpi_g_feature_hconfig-extras/nuopc-app-prototypes/CustomFieldDictionaryProto/./mainApp[0x44c770]
/tmp/intel_2023.1.0-oneAPI_mpi_g_feature_hconfig-extras/nuopc-app-prototypes/CustomFieldDictionaryProto/./mainApp[0x44b915]
/tmp/intel_2023.1.0-oneAPI_mpi_g_feature_hconfig-extras/nuopc-app-prototypes/CustomFieldDictionaryProto/./mainApp[0x44b770]
/tmp/intel_2023.1.0-oneAPI_mpi_g_feature_hconfig-extras/nuopc-app-prototypes/CustomFieldDictionaryProto/./mainApp[0x44c770]
/tmp/intel_2023.1.0-oneAPI_mpi_g_feature_hconfig-extras/nuopc-app-prototypes/CustomFieldDictionaryProto/./mainApp[0x44b915]
/tmp/intel_2023.1.0-oneAPI_mpi_g_feature_hconfig-extras/nuopc-app-prototypes/CustomFieldDictionaryProto/./mainApp[0x44b7a3]
/tmp/intel_2023.1.0-oneAPI_mpi_g_feature_hconfig-extras/nuopc-app-prototypes/CustomFieldDictionaryProto/./mainApp[0x44c770]
/tmp/intel_2023.1.0-oneAPI_mpi_g_feature_hconfig-extras/nuopc-app-prototypes/CustomFieldDictionaryProto/./mainApp[0x44b915]
/tmp/intel_2023.1.0-oneAPI_mpi_g_feature_hconfig-extras/nuopc-app-prototypes/CustomFieldDictionaryProto/./mainApp[0x44c770]
/tmp/intel_2023.1.0-oneAPI_mpi_g_feature_hconfig-extras/nuopc-app-prototypes/CustomFieldDictionaryProto/./mainApp[0x44b915]
/tmp/intel_2023.1.0-oneAPI_mpi_g_feature_hconfig-extras/esmf/DEFAULTINSTALLDIR/lib/libg/Unicos.intel.64.mpi.default/libesmf.so(f_esmf_compcollectgarbage2_+0x4bc)[0x7f7dcfa700fc]
/tmp/intel_2023.1.0-oneAPI_mpi_g_feature_hconfig-extras/esmf/DEFAULTINSTALLDIR/lib/libg/Unicos.intel.64.mpi.default/libesmf.so(f_esmf_compcollectgarbage2_+0x4bc)[0x7ff4806880fc]
/tmp/intel_2023.1.0-oneAPI_mpi_g_feature_hconfig-extras/esmf/DEFAULTINSTALLDIR/lib/libg/Unicos.intel.64.mpi.default/libesmf.so(f_esmf_compcollectgarbage2_+0x4bc)[0x7f24c21140fc]
/tmp/intel_2023.1.0-oneAPI_mpi_g_feature_hconfig-extras/esmf/DEFAULTINSTALLDIR/lib/libg/Unicos.intel.64.mpi.default/libesmf.so(f_esmf_compcollectgarbage2_+0x4bc)[0x7fdb7a22f0fc]
/tmp/intel_2023.1.0-oneAPI_mpi_g_feature_hconfig-extras/esmf/DEFAULTINSTALLDIR/lib/libg/Unicos.intel.64.mpi.default/libesmf.so(_ZN5ESMCI2VM8finalizeEP12ESMC_LogicalPi+0x5d2)[0x7f24c1cb8cd2]
/tmp/intel_2023.1.0-oneAPI_mpi_g_feature_hconfig-extras/esmf/DEFAULTINSTALLDIR/lib/libg/Unicos.intel.64.mpi.default/libesmf.so(_ZN5ESMCI2VM8finalizeEP12ESMC_LogicalPi+0x5d2)[0x7ff48022ccd2]
/tmp/intel_2023.1.0-oneAPI_mpi_g_feature_hconfig-extras/esmf/DEFAULTINSTALLDIR/lib/libg/Unicos.intel.64.mpi.default/libesmf.so(_ZN5ESMCI2VM8finalizeEP12ESMC_LogicalPi+0x5d2)[0x7f7dcf614cd2]
/tmp/intel_2023.1.0-oneAPI_mpi_g_feature_hconfig-extras/esmf/DEFAULTINSTALLDIR/lib/libg/Unicos.intel.64.mpi.default/libesmf.so(_ZN5ESMCI2VM8finalizeEP12ESMC_LogicalPi+0x5d2)[0x7fdb79dd3cd2]
/tmp/intel_2023.1.0-oneAPI_mpi_g_feature_hconfig-extras/esmf/DEFAULTINSTALLDIR/lib/libg/Unicos.intel.64.mpi.default/libesmf.so(c_esmc_vmfinalize_+0x57)[0x7f24c1c828c7]
/tmp/intel_2023.1.0-oneAPI_mpi_g_feature_hconfig-extras/esmf/DEFAULTINSTALLDIR/lib/libg/Unicos.intel.64.mpi.default/libesmf.so(c_esmc_vmfinalize_+0x57)[0x7ff4801f68c7]
/tmp/intel_2023.1.0-oneAPI_mpi_g_feature_hconfig-extras/esmf/DEFAULTINSTALLDIR/lib/libg/Unicos.intel.64.mpi.default/libesmf.so(c_esmc_vmfinalize_+0x57)[0x7f7dcf5de8c7]
/tmp/intel_2023.1.0-oneAPI_mpi_g_feature_hconfig-extras/esmf/DEFAULTINSTALLDIR/lib/libg/Unicos.intel.64.mpi.default/libesmf.so(c_esmc_vmfinalize_+0x57)[0x7fdb79d9d8c7]
/tmp/intel_2023.1.0-oneAPI_mpi_g_feature_hconfig-extras/esmf/DEFAULTINSTALLDIR/lib/libg/Unicos.intel.64.mpi.default/libesmf.so(+0x2a8c50b)[0x7ff4812b150b]
/tmp/intel_2023.1.0-oneAPI_mpi_g_feature_hconfig-extras/esmf/DEFAULTINSTALLDIR/lib/libg/Unicos.intel.64.mpi.default/libesmf.so(+0x2a8c50b)[0x7f24c2d3d50b]
/tmp/intel_2023.1.0-oneAPI_mpi_g_feature_hconfig-extras/esmf/DEFAULTINSTALLDIR/lib/libg/Unicos.intel.64.mpi.default/libesmf.so(+0x2a8c50b)[0x7f7dd069950b]
/tmp/intel_2023.1.0-oneAPI_mpi_g_feature_hconfig-extras/esmf/DEFAULTINSTALLDIR/lib/libg/Unicos.intel.64.mpi.default/libesmf.so(+0x2a8c50b)[0x7fdb7ae5850b]
/tmp/intel_2023.1.0-oneAPI_mpi_g_feature_hconfig-extras/esmf/DEFAULTINSTALLDIR/lib/libg/Unicos.intel.64.mpi.default/libesmf.so(esmf_vmmod_mp_esmf_vmfinalize_+0x72)[0x7f24c2d350d2]
/tmp/intel_2023.1.0-oneAPI_mpi_g_feature_hconfig-extras/esmf/DEFAULTINSTALLDIR/lib/libg/Unicos.intel.64.mpi.default/libesmf.so(esmf_vmmod_mp_esmf_vmfinalize_+0x72)[0x7ff4812a90d2]
/tmp/intel_2023.1.0-oneAPI_mpi_g_feature_hconfig-extras/esmf/DEFAULTINSTALLDIR/lib/libg/Unicos.intel.64.mpi.default/libesmf.so(esmf_vmmod_mp_esmf_vmfinalize_+0x72)[0x7fdb7ae500d2]
/tmp/intel_2023.1.0-oneAPI_mpi_g_feature_hconfig-extras/esmf/DEFAULTINSTALLDIR/lib/libg/Unicos.intel.64.mpi.default/libesmf.so(esmf_vmmod_mp_esmf_vmfinalize_+0x72)[0x7f7dd06910d2]
/tmp/intel_2023.1.0-oneAPI_mpi_g_feature_hconfig-extras/esmf/DEFAULTINSTALLDIR/lib/libg/Unicos.intel.64.mpi.default/libesmf.so(esmf_initmod_mp_esmf_finalize_+0x103a)[0x7f24c284bbba]
/tmp/intel_2023.1.0-oneAPI_mpi_g_feature_hconfig-extras/nuopc-app-prototypes/CustomFieldDictionaryProto/./mainApp[0x4173a3]
/tmp/intel_2023.1.0-oneAPI_mpi_g_feature_hconfig-extras/nuopc-app-prototypes/CustomFieldDictionaryProto/./mainApp[0x41663d]
/lib64/libc.so.6(__libc_start_main+0xef)[0x7f24bbe3e24d]
/tmp/intel_2023.1.0-oneAPI_mpi_g_feature_hconfig-extras/nuopc-app-prototypes/CustomFieldDictionaryProto/./mainApp[0x41656a]
/tmp/intel_2023.1.0-oneAPI_mpi_g_feature_hconfig-extras/esmf/DEFAULTINSTALLDIR/lib/libg/Unicos.intel.64.mpi.default/libesmf.so(esmf_initmod_mp_esmf_finalize_+0x103a)[0x7ff480dbfbba]
/tmp/intel_2023.1.0-oneAPI_mpi_g_feature_hconfig-extras/nuopc-app-prototypes/CustomFieldDictionaryProto/./mainApp[0x4173a3]
/tmp/intel_2023.1.0-oneAPI_mpi_g_feature_hconfig-extras/nuopc-app-prototypes/CustomFieldDictionaryProto/./mainApp[0x41663d]
/tmp/intel_2023.1.0-oneAPI_mpi_g_feature_hconfig-extras/esmf/DEFAULTINSTALLDIR/lib/libg/Unicos.intel.64.mpi.default/libesmf.so(esmf_initmod_mp_esmf_finalize_+0x103a)[0x7fdb7a966bba]
/lib64/libc.so.6(__libc_start_main+0xef)[0x7ff47a43e24d]
/tmp/intel_2023.1.0-oneAPI_mpi_g_feature_hconfig-extras/nuopc-app-prototypes/CustomFieldDictionaryProto/./mainApp[0x4173a3]
/tmp/intel_2023.1.0-oneAPI_mpi_g_feature_hconfig-extras/nuopc-app-prototypes/CustomFieldDictionaryProto/./mainApp[0x41663d]
/tmp/intel_2023.1.0-oneAPI_mpi_g_feature_hconfig-extras/nuopc-app-prototypes/CustomFieldDictionaryProto/./mainApp[0x41656a]
/lib64/libc.so.6(__libc_start_main+0xef)[0x7fdb7403e24d]
/tmp/intel_2023.1.0-oneAPI_mpi_g_feature_hconfig-extras/esmf/DEFAULTINSTALLDIR/lib/libg/Unicos.intel.64.mpi.default/libesmf.so(esmf_initmod_mp_esmf_finalize_+0x103a)[0x7f7dd01a7bba]
/tmp/intel_2023.1.0-oneAPI_mpi_g_feature_hconfig-extras/nuopc-app-prototypes/CustomFieldDictionaryProto/./mainApp[0x4173a3]
/tmp/intel_2023.1.0-oneAPI_mpi_g_feature_hconfig-extras/nuopc-app-prototypes/CustomFieldDictionaryProto/./mainApp[0x41656a]
/tmp/intel_2023.1.0-oneAPI_mpi_g_feature_hconfig-extras/nuopc-app-prototypes/CustomFieldDictionaryProto/./mainApp[0x41663d]
/lib64/libc.so.6(__libc_start_main+0xef)[0x7f7dc983e24d]
/tmp/intel_2023.1.0-oneAPI_mpi_g_feature_hconfig-extras/nuopc-app-prototypes/CustomFieldDictionaryProto/./mainApp[0x41656a]
srun: error: c5n1538: tasks 0-3: Exited with exit code 1
srun: Terminating StepId=135087157.378
