2024-07-25 03:57:50

mainApp:61815 terminated with signal 11 at PC=44d433 SP=7ffe5c2a8400.  Backtrace:

mainApp:61817 terminated with signal 11 at PC=44d433 SP=7fffaeedcf80.  Backtrace:

mainApp:61814 terminated with signal 11 at PC=44d3e0 SP=7fffbcf9bbd0.  Backtrace:

mainApp:61816 terminated with signal 11 at PC=44d409 SP=7ffd3e162d50.  Backtrace:
/tmp/intel_2023.1.0-oneAPI_mpi_g_feature_hconfig-extras/nuopc-app-prototypes/NamespaceProto/./mainApp[0x44d433]
/tmp/intel_2023.1.0-oneAPI_mpi_g_feature_hconfig-extras/nuopc-app-prototypes/NamespaceProto/./mainApp[0x44e3e0]
/tmp/intel_2023.1.0-oneAPI_mpi_g_feature_hconfig-extras/nuopc-app-prototypes/NamespaceProto/./mainApp[0x44d585]
/tmp/intel_2023.1.0-oneAPI_mpi_g_feature_hconfig-extras/nuopc-app-prototypes/NamespaceProto/./mainApp[0x44d3e0]
/tmp/intel_2023.1.0-oneAPI_mpi_g_feature_hconfig-extras/nuopc-app-prototypes/NamespaceProto/./mainApp[0x44e3e0]
/tmp/intel_2023.1.0-oneAPI_mpi_g_feature_hconfig-extras/nuopc-app-prototypes/NamespaceProto/./mainApp[0x44d585]
/tmp/intel_2023.1.0-oneAPI_mpi_g_feature_hconfig-extras/nuopc-app-prototypes/NamespaceProto/./mainApp[0x44d433]
/tmp/intel_2023.1.0-oneAPI_mpi_g_feature_hconfig-extras/nuopc-app-prototypes/NamespaceProto/./mainApp[0x44e3e0]
/tmp/intel_2023.1.0-oneAPI_mpi_g_feature_hconfig-extras/nuopc-app-prototypes/NamespaceProto/./mainApp[0x44d585]
/tmp/intel_2023.1.0-oneAPI_mpi_g_feature_hconfig-extras/nuopc-app-prototypes/NamespaceProto/./mainApp[0x44d409]
/tmp/intel_2023.1.0-oneAPI_mpi_g_feature_hconfig-extras/nuopc-app-prototypes/NamespaceProto/./mainApp[0x44e3e0]
/tmp/intel_2023.1.0-oneAPI_mpi_g_feature_hconfig-extras/nuopc-app-prototypes/NamespaceProto/./mainApp[0x44d585]
/tmp/intel_2023.1.0-oneAPI_mpi_g_feature_hconfig-extras/esmf/DEFAULTINSTALLDIR/lib/libg/Unicos.intel.64.mpi.default/libesmf.so(f_esmf_compcollectgarbage2_+0x4bc)[0x7f9f4574a0fc]
/tmp/intel_2023.1.0-oneAPI_mpi_g_feature_hconfig-extras/esmf/DEFAULTINSTALLDIR/lib/libg/Unicos.intel.64.mpi.default/libesmf.so(f_esmf_compcollectgarbage2_+0x4bc)[0x7f069fffb0fc]
/tmp/intel_2023.1.0-oneAPI_mpi_g_feature_hconfig-extras/esmf/DEFAULTINSTALLDIR/lib/libg/Unicos.intel.64.mpi.default/libesmf.so(f_esmf_compcollectgarbage2_+0x4bc)[0x7f9ab9ec90fc]
/tmp/intel_2023.1.0-oneAPI_mpi_g_feature_hconfig-extras/esmf/DEFAULTINSTALLDIR/lib/libg/Unicos.intel.64.mpi.default/libesmf.so(f_esmf_compcollectgarbage2_+0x4bc)[0x7f3ec02300fc]
/tmp/intel_2023.1.0-oneAPI_mpi_g_feature_hconfig-extras/esmf/DEFAULTINSTALLDIR/lib/libg/Unicos.intel.64.mpi.default/libesmf.so(_ZN5ESMCI2VM8finalizeEP12ESMC_LogicalPi+0x5d2)[0x7f9f452eecd2]
/tmp/intel_2023.1.0-oneAPI_mpi_g_feature_hconfig-extras/esmf/DEFAULTINSTALLDIR/lib/libg/Unicos.intel.64.mpi.default/libesmf.so(_ZN5ESMCI2VM8finalizeEP12ESMC_LogicalPi+0x5d2)[0x7f069fb9fcd2]
/tmp/intel_2023.1.0-oneAPI_mpi_g_feature_hconfig-extras/esmf/DEFAULTINSTALLDIR/lib/libg/Unicos.intel.64.mpi.default/libesmf.so(_ZN5ESMCI2VM8finalizeEP12ESMC_LogicalPi+0x5d2)[0x7f9ab9a6dcd2]
/tmp/intel_2023.1.0-oneAPI_mpi_g_feature_hconfig-extras/esmf/DEFAULTINSTALLDIR/lib/libg/Unicos.intel.64.mpi.default/libesmf.so(_ZN5ESMCI2VM8finalizeEP12ESMC_LogicalPi+0x5d2)[0x7f3ebfdd4cd2]
/tmp/intel_2023.1.0-oneAPI_mpi_g_feature_hconfig-extras/esmf/DEFAULTINSTALLDIR/lib/libg/Unicos.intel.64.mpi.default/libesmf.so(c_esmc_vmfinalize_+0x57)[0x7f9f452b88c7]
/tmp/intel_2023.1.0-oneAPI_mpi_g_feature_hconfig-extras/esmf/DEFAULTINSTALLDIR/lib/libg/Unicos.intel.64.mpi.default/libesmf.so(c_esmc_vmfinalize_+0x57)[0x7f069fb698c7]
/tmp/intel_2023.1.0-oneAPI_mpi_g_feature_hconfig-extras/esmf/DEFAULTINSTALLDIR/lib/libg/Unicos.intel.64.mpi.default/libesmf.so(c_esmc_vmfinalize_+0x57)[0x7f9ab9a378c7]
/tmp/intel_2023.1.0-oneAPI_mpi_g_feature_hconfig-extras/esmf/DEFAULTINSTALLDIR/lib/libg/Unicos.intel.64.mpi.default/libesmf.so(c_esmc_vmfinalize_+0x57)[0x7f3ebfd9e8c7]
/tmp/intel_2023.1.0-oneAPI_mpi_g_feature_hconfig-extras/esmf/DEFAULTINSTALLDIR/lib/libg/Unicos.intel.64.mpi.default/libesmf.so(+0x2a8c50b)[0x7f9f4637350b]
/tmp/intel_2023.1.0-oneAPI_mpi_g_feature_hconfig-extras/esmf/DEFAULTINSTALLDIR/lib/libg/Unicos.intel.64.mpi.default/libesmf.so(+0x2a8c50b)[0x7f06a0c2450b]
/tmp/intel_2023.1.0-oneAPI_mpi_g_feature_hconfig-extras/esmf/DEFAULTINSTALLDIR/lib/libg/Unicos.intel.64.mpi.default/libesmf.so(+0x2a8c50b)[0x7f9abaaf250b]
/tmp/intel_2023.1.0-oneAPI_mpi_g_feature_hconfig-extras/esmf/DEFAULTINSTALLDIR/lib/libg/Unicos.intel.64.mpi.default/libesmf.so(+0x2a8c50b)[0x7f3ec0e5950b]
/tmp/intel_2023.1.0-oneAPI_mpi_g_feature_hconfig-extras/esmf/DEFAULTINSTALLDIR/lib/libg/Unicos.intel.64.mpi.default/libesmf.so(esmf_vmmod_mp_esmf_vmfinalize_+0x72)[0x7f9f4636b0d2]
/tmp/intel_2023.1.0-oneAPI_mpi_g_feature_hconfig-extras/esmf/DEFAULTINSTALLDIR/lib/libg/Unicos.intel.64.mpi.default/libesmf.so(esmf_vmmod_mp_esmf_vmfinalize_+0x72)[0x7f06a0c1c0d2]
/tmp/intel_2023.1.0-oneAPI_mpi_g_feature_hconfig-extras/esmf/DEFAULTINSTALLDIR/lib/libg/Unicos.intel.64.mpi.default/libesmf.so(esmf_vmmod_mp_esmf_vmfinalize_+0x72)[0x7f9abaaea0d2]
/tmp/intel_2023.1.0-oneAPI_mpi_g_feature_hconfig-extras/esmf/DEFAULTINSTALLDIR/lib/libg/Unicos.intel.64.mpi.default/libesmf.so(esmf_vmmod_mp_esmf_vmfinalize_+0x72)[0x7f3ec0e510d2]
/tmp/intel_2023.1.0-oneAPI_mpi_g_feature_hconfig-extras/esmf/DEFAULTINSTALLDIR/lib/libg/Unicos.intel.64.mpi.default/libesmf.so(esmf_initmod_mp_esmf_finalize_+0x103a)[0x7f9f45e81bba]
/tmp/intel_2023.1.0-oneAPI_mpi_g_feature_hconfig-extras/nuopc-app-prototypes/NamespaceProto/./mainApp[0x41715e]
/tmp/intel_2023.1.0-oneAPI_mpi_g_feature_hconfig-extras/nuopc-app-prototypes/NamespaceProto/./mainApp[0x41673d]
/lib64/libc.so.6(__libc_start_main+0xef)[0x7f9f3f43e24d]
/tmp/intel_2023.1.0-oneAPI_mpi_g_feature_hconfig-extras/esmf/DEFAULTINSTALLDIR/lib/libg/Unicos.intel.64.mpi.default/libesmf.so(esmf_initmod_mp_esmf_finalize_+0x103a)[0x7f9aba600bba]
/tmp/intel_2023.1.0-oneAPI_mpi_g_feature_hconfig-extras/nuopc-app-prototypes/NamespaceProto/./mainApp[0x41666a]
/tmp/intel_2023.1.0-oneAPI_mpi_g_feature_hconfig-extras/nuopc-app-prototypes/NamespaceProto/./mainApp[0x41715e]
/tmp/intel_2023.1.0-oneAPI_mpi_g_feature_hconfig-extras/nuopc-app-prototypes/NamespaceProto/./mainApp[0x41673d]
/tmp/intel_2023.1.0-oneAPI_mpi_g_feature_hconfig-extras/esmf/DEFAULTINSTALLDIR/lib/libg/Unicos.intel.64.mpi.default/libesmf.so(esmf_initmod_mp_esmf_finalize_+0x103a)[0x7f06a0732bba]
/tmp/intel_2023.1.0-oneAPI_mpi_g_feature_hconfig-extras/nuopc-app-prototypes/NamespaceProto/./mainApp[0x41715e]
/tmp/intel_2023.1.0-oneAPI_mpi_g_feature_hconfig-extras/nuopc-app-prototypes/NamespaceProto/./mainApp[0x41673d]
/lib64/libc.so.6(__libc_start_main+0xef)[0x7f9ab3c3e24d]
/tmp/intel_2023.1.0-oneAPI_mpi_g_feature_hconfig-extras/nuopc-app-prototypes/NamespaceProto/./mainApp[0x41666a]
/lib64/libc.so.6(__libc_start_main+0xef)[0x7f0699e3e24d]
/tmp/intel_2023.1.0-oneAPI_mpi_g_feature_hconfig-extras/nuopc-app-prototypes/NamespaceProto/./mainApp[0x41666a]
/tmp/intel_2023.1.0-oneAPI_mpi_g_feature_hconfig-extras/esmf/DEFAULTINSTALLDIR/lib/libg/Unicos.intel.64.mpi.default/libesmf.so(esmf_initmod_mp_esmf_finalize_+0x103a)[0x7f3ec0967bba]
/tmp/intel_2023.1.0-oneAPI_mpi_g_feature_hconfig-extras/nuopc-app-prototypes/NamespaceProto/./mainApp[0x41715e]
/tmp/intel_2023.1.0-oneAPI_mpi_g_feature_hconfig-extras/nuopc-app-prototypes/NamespaceProto/./mainApp[0x41673d]
/lib64/libc.so.6(__libc_start_main+0xef)[0x7f3eba03e24d]
/tmp/intel_2023.1.0-oneAPI_mpi_g_feature_hconfig-extras/nuopc-app-prototypes/NamespaceProto/./mainApp[0x41666a]
srun: error: c5n0359: tasks 0-3: Exited with exit code 1
srun: Terminating StepId=135083994.386
