2024-07-25 03:57:50

mainApp:61900 terminated with signal 11 at PC=4550b0 SP=7ffce2c0f860.  Backtrace:

mainApp:61902 terminated with signal 11 at PC=4550c7 SP=7ffc16d0c3b0.  Backtrace:

mainApp:61899 terminated with signal 11 at PC=4550c7 SP=7ffda0c97ee0.  Backtrace:
/tmp/intel_2023.1.0-oneAPI_mpi_g_feature_hconfig-extras/nuopc-app-prototypes/NestingMultipleProto/./mainApp[0x4550b0]
/tmp/intel_2023.1.0-oneAPI_mpi_g_feature_hconfig-extras/nuopc-app-prototypes/NestingMultipleProto/./mainApp[0x4560b0]
/tmp/intel_2023.1.0-oneAPI_mpi_g_feature_hconfig-extras/nuopc-app-prototypes/NestingMultipleProto/./mainApp[0x455255]

mainApp:61901 terminated with signal 11 at PC=455110 SP=7fffe6a425f0.  Backtrace:
/tmp/intel_2023.1.0-oneAPI_mpi_g_feature_hconfig-extras/nuopc-app-prototypes/NestingMultipleProto/./mainApp[0x4550c7]
/tmp/intel_2023.1.0-oneAPI_mpi_g_feature_hconfig-extras/nuopc-app-prototypes/NestingMultipleProto/./mainApp[0x4560b0]
/tmp/intel_2023.1.0-oneAPI_mpi_g_feature_hconfig-extras/nuopc-app-prototypes/NestingMultipleProto/./mainApp[0x455255]
/tmp/intel_2023.1.0-oneAPI_mpi_g_feature_hconfig-extras/nuopc-app-prototypes/NestingMultipleProto/./mainApp[0x4550c7]
/tmp/intel_2023.1.0-oneAPI_mpi_g_feature_hconfig-extras/nuopc-app-prototypes/NestingMultipleProto/./mainApp[0x4560b0]
/tmp/intel_2023.1.0-oneAPI_mpi_g_feature_hconfig-extras/nuopc-app-prototypes/NestingMultipleProto/./mainApp[0x455255]
/tmp/intel_2023.1.0-oneAPI_mpi_g_feature_hconfig-extras/nuopc-app-prototypes/NestingMultipleProto/./mainApp[0x455110]
/tmp/intel_2023.1.0-oneAPI_mpi_g_feature_hconfig-extras/nuopc-app-prototypes/NestingMultipleProto/./mainApp[0x4560b0]
/tmp/intel_2023.1.0-oneAPI_mpi_g_feature_hconfig-extras/nuopc-app-prototypes/NestingMultipleProto/./mainApp[0x455255]
/tmp/intel_2023.1.0-oneAPI_mpi_g_feature_hconfig-extras/esmf/DEFAULTINSTALLDIR/lib/libg/Unicos.intel.64.mpi.default/libesmf.so(f_esmf_compcollectgarbage2_+0x4bc)[0x7fa9ee59b0fc]
/tmp/intel_2023.1.0-oneAPI_mpi_g_feature_hconfig-extras/esmf/DEFAULTINSTALLDIR/lib/libg/Unicos.intel.64.mpi.default/libesmf.so(f_esmf_compcollectgarbage2_+0x4bc)[0x7fed73c7d0fc]
/tmp/intel_2023.1.0-oneAPI_mpi_g_feature_hconfig-extras/esmf/DEFAULTINSTALLDIR/lib/libg/Unicos.intel.64.mpi.default/libesmf.so(f_esmf_compcollectgarbage2_+0x4bc)[0x7f170e6ef0fc]
/tmp/intel_2023.1.0-oneAPI_mpi_g_feature_hconfig-extras/esmf/DEFAULTINSTALLDIR/lib/libg/Unicos.intel.64.mpi.default/libesmf.so(f_esmf_compcollectgarbage2_+0x4bc)[0x7ff2262960fc]
/tmp/intel_2023.1.0-oneAPI_mpi_g_feature_hconfig-extras/esmf/DEFAULTINSTALLDIR/lib/libg/Unicos.intel.64.mpi.default/libesmf.so(_ZN5ESMCI2VM8finalizeEP12ESMC_LogicalPi+0x5d2)[0x7fed73821cd2]
/tmp/intel_2023.1.0-oneAPI_mpi_g_feature_hconfig-extras/esmf/DEFAULTINSTALLDIR/lib/libg/Unicos.intel.64.mpi.default/libesmf.so(_ZN5ESMCI2VM8finalizeEP12ESMC_LogicalPi+0x5d2)[0x7fa9ee13fcd2]
/tmp/intel_2023.1.0-oneAPI_mpi_g_feature_hconfig-extras/esmf/DEFAULTINSTALLDIR/lib/libg/Unicos.intel.64.mpi.default/libesmf.so(_ZN5ESMCI2VM8finalizeEP12ESMC_LogicalPi+0x5d2)[0x7f170e293cd2]
/tmp/intel_2023.1.0-oneAPI_mpi_g_feature_hconfig-extras/esmf/DEFAULTINSTALLDIR/lib/libg/Unicos.intel.64.mpi.default/libesmf.so(_ZN5ESMCI2VM8finalizeEP12ESMC_LogicalPi+0x5d2)[0x7ff225e3acd2]
/tmp/intel_2023.1.0-oneAPI_mpi_g_feature_hconfig-extras/esmf/DEFAULTINSTALLDIR/lib/libg/Unicos.intel.64.mpi.default/libesmf.so(c_esmc_vmfinalize_+0x57)[0x7fed737eb8c7]
/tmp/intel_2023.1.0-oneAPI_mpi_g_feature_hconfig-extras/esmf/DEFAULTINSTALLDIR/lib/libg/Unicos.intel.64.mpi.default/libesmf.so(c_esmc_vmfinalize_+0x57)[0x7fa9ee1098c7]
/tmp/intel_2023.1.0-oneAPI_mpi_g_feature_hconfig-extras/esmf/DEFAULTINSTALLDIR/lib/libg/Unicos.intel.64.mpi.default/libesmf.so(c_esmc_vmfinalize_+0x57)[0x7f170e25d8c7]
/tmp/intel_2023.1.0-oneAPI_mpi_g_feature_hconfig-extras/esmf/DEFAULTINSTALLDIR/lib/libg/Unicos.intel.64.mpi.default/libesmf.so(c_esmc_vmfinalize_+0x57)[0x7ff225e048c7]
/tmp/intel_2023.1.0-oneAPI_mpi_g_feature_hconfig-extras/esmf/DEFAULTINSTALLDIR/lib/libg/Unicos.intel.64.mpi.default/libesmf.so(+0x2a8c50b)[0x7fed748a650b]
/tmp/intel_2023.1.0-oneAPI_mpi_g_feature_hconfig-extras/esmf/DEFAULTINSTALLDIR/lib/libg/Unicos.intel.64.mpi.default/libesmf.so(+0x2a8c50b)[0x7fa9ef1c450b]
/tmp/intel_2023.1.0-oneAPI_mpi_g_feature_hconfig-extras/esmf/DEFAULTINSTALLDIR/lib/libg/Unicos.intel.64.mpi.default/libesmf.so(+0x2a8c50b)[0x7f170f31850b]
/tmp/intel_2023.1.0-oneAPI_mpi_g_feature_hconfig-extras/esmf/DEFAULTINSTALLDIR/lib/libg/Unicos.intel.64.mpi.default/libesmf.so(+0x2a8c50b)[0x7ff226ebf50b]
/tmp/intel_2023.1.0-oneAPI_mpi_g_feature_hconfig-extras/esmf/DEFAULTINSTALLDIR/lib/libg/Unicos.intel.64.mpi.default/libesmf.so(esmf_vmmod_mp_esmf_vmfinalize_+0x72)[0x7fed7489e0d2]
/tmp/intel_2023.1.0-oneAPI_mpi_g_feature_hconfig-extras/esmf/DEFAULTINSTALLDIR/lib/libg/Unicos.intel.64.mpi.default/libesmf.so(esmf_vmmod_mp_esmf_vmfinalize_+0x72)[0x7fa9ef1bc0d2]
/tmp/intel_2023.1.0-oneAPI_mpi_g_feature_hconfig-extras/esmf/DEFAULTINSTALLDIR/lib/libg/Unicos.intel.64.mpi.default/libesmf.so(esmf_vmmod_mp_esmf_vmfinalize_+0x72)[0x7f170f3100d2]
/tmp/intel_2023.1.0-oneAPI_mpi_g_feature_hconfig-extras/esmf/DEFAULTINSTALLDIR/lib/libg/Unicos.intel.64.mpi.default/libesmf.so(esmf_vmmod_mp_esmf_vmfinalize_+0x72)[0x7ff226eb70d2]
/tmp/intel_2023.1.0-oneAPI_mpi_g_feature_hconfig-extras/esmf/DEFAULTINSTALLDIR/lib/libg/Unicos.intel.64.mpi.default/libesmf.so(esmf_initmod_mp_esmf_finalize_+0x103a)[0x7fed743b4bba]
/tmp/intel_2023.1.0-oneAPI_mpi_g_feature_hconfig-extras/nuopc-app-prototypes/NestingMultipleProto/./mainApp[0x417b8e]
/tmp/intel_2023.1.0-oneAPI_mpi_g_feature_hconfig-extras/nuopc-app-prototypes/NestingMultipleProto/./mainApp[0x4170bd]
/tmp/intel_2023.1.0-oneAPI_mpi_g_feature_hconfig-extras/esmf/DEFAULTINSTALLDIR/lib/libg/Unicos.intel.64.mpi.default/libesmf.so(esmf_initmod_mp_esmf_finalize_+0x103a)[0x7fa9eecd2bba]
/lib64/libc.so.6(__libc_start_main+0xef)[0x7fed6da3e24d]
/tmp/intel_2023.1.0-oneAPI_mpi_g_feature_hconfig-extras/nuopc-app-prototypes/NestingMultipleProto/./mainApp[0x416fea]
/tmp/intel_2023.1.0-oneAPI_mpi_g_feature_hconfig-extras/nuopc-app-prototypes/NestingMultipleProto/./mainApp[0x417b8e]
/tmp/intel_2023.1.0-oneAPI_mpi_g_feature_hconfig-extras/nuopc-app-prototypes/NestingMultipleProto/./mainApp[0x4170bd]
/lib64/libc.so.6(__libc_start_main+0xef)[0x7fa9e843e24d]
/tmp/intel_2023.1.0-oneAPI_mpi_g_feature_hconfig-extras/nuopc-app-prototypes/NestingMultipleProto/./mainApp[0x416fea]
/tmp/intel_2023.1.0-oneAPI_mpi_g_feature_hconfig-extras/esmf/DEFAULTINSTALLDIR/lib/libg/Unicos.intel.64.mpi.default/libesmf.so(esmf_initmod_mp_esmf_finalize_+0x103a)[0x7f170ee26bba]
/tmp/intel_2023.1.0-oneAPI_mpi_g_feature_hconfig-extras/nuopc-app-prototypes/NestingMultipleProto/./mainApp[0x417b8e]
/tmp/intel_2023.1.0-oneAPI_mpi_g_feature_hconfig-extras/nuopc-app-prototypes/NestingMultipleProto/./mainApp[0x4170bd]
/lib64/libc.so.6(__libc_start_main+0xef)[0x7f170843e24d]
/tmp/intel_2023.1.0-oneAPI_mpi_g_feature_hconfig-extras/nuopc-app-prototypes/NestingMultipleProto/./mainApp[0x416fea]
/tmp/intel_2023.1.0-oneAPI_mpi_g_feature_hconfig-extras/esmf/DEFAULTINSTALLDIR/lib/libg/Unicos.intel.64.mpi.default/libesmf.so(esmf_initmod_mp_esmf_finalize_+0x103a)[0x7ff2269cdbba]
/tmp/intel_2023.1.0-oneAPI_mpi_g_feature_hconfig-extras/nuopc-app-prototypes/NestingMultipleProto/./mainApp[0x417b8e]
/tmp/intel_2023.1.0-oneAPI_mpi_g_feature_hconfig-extras/nuopc-app-prototypes/NestingMultipleProto/./mainApp[0x4170bd]
/lib64/libc.so.6(__libc_start_main+0xef)[0x7ff22003e24d]
/tmp/intel_2023.1.0-oneAPI_mpi_g_feature_hconfig-extras/nuopc-app-prototypes/NestingMultipleProto/./mainApp[0x416fea]
srun: error: c5n0359: tasks 0-3: Exited with exit code 1
srun: Terminating StepId=135083994.387
