2024-07-25 03:57:50
 NUOPC_DriverPrint for PET:           0
   Model, Mediator, and Driver components, in the order
   that they were added to the Driver:
           1 :  advectDiff_Parent
           2 :  advectDiff_Gen1Nestling0
           3 :  advectDiff_Gen1Nestling1
           4 :  advectDiff_Gen2Nestling0
   Connector components, in the order
   that they were added to the Driver:
           1 :  advectDiff_Parent-TO-advectDiff_Gen1Nestling0
           2 :  advectDiff_Parent-TO-advectDiff_Gen1Nestling1
           3 :  advectDiff_Gen1Nestling0-TO-advectDiff_Gen2Nestling0
NUOPC_RunSequenceArrayPrint: element     1 out of      2
runSeq::
 runElementPrint:      1     2     1 F T
 runElementPrint:      1     3     1 F T
 runElementPrint:      1    -1     1 F T
 runElementPrint:     -2     0     0 F T
 runElementPrint:      3    -1     1 F T
 runElementPrint:     -1    -1     0 F F
::
NUOPC_RunSequenceArrayPrint: element     2 out of      2
runSeq::
 runElementPrint:      2     4     1 F T
 runElementPrint:      2    -1     1 F T
 runElementPrint:      4    -1     1 F T
 runElementPrint:     -2    -1     0 F F
::
 NUOPC_DriverPrint for PET:           1
   Model, Mediator, and Driver components, in the order
   that they were added to the Driver:
           1 :  advectDiff_Parent
           2 :  advectDiff_Gen1Nestling0
           3 :  advectDiff_Gen1Nestling1
           4 :  advectDiff_Gen2Nestling0
   Connector components, in the order
   that they were added to the Driver:
           1 :  advectDiff_Parent-TO-advectDiff_Gen1Nestling0
           2 :  advectDiff_Parent-TO-advectDiff_Gen1Nestling1
           3 :  advectDiff_Gen1Nestling0-TO-advectDiff_Gen2Nestling0
NUOPC_RunSequenceArrayPrint: element     1 out of      2
runSeq::
 runElementPrint:      1     2     1 F T
 runElementPrint:      1     3     1 F T
 runElementPrint:      1    -1     1 F T
 runElementPrint:     -2     0     0 F T
 runElementPrint:      3    -1     1 F T
 runElementPrint:     -1    -1     0 F F
::
NUOPC_RunSequenceArrayPrint: element     2 out of      2
runSeq::
 runElementPrint:      2     4     1 F T
 runElementPrint:      2    -1     1 F T
 runElementPrint:      4    -1     1 F T
 runElementPrint:     -2    -1     0 F F
::
 NUOPC_DriverPrint for PET:           2
   Model, Mediator, and Driver components, in the order
   that they were added to the Driver:
           1 :  advectDiff_Parent
           2 :  advectDiff_Gen1Nestling0
           3 :  advectDiff_Gen1Nestling1
           4 :  advectDiff_Gen2Nestling0
   Connector components, in the order
   that they were added to the Driver:
           1 :  advectDiff_Parent-TO-advectDiff_Gen1Nestling0
           2 :  advectDiff_Parent-TO-advectDiff_Gen1Nestling1
           3 :  advectDiff_Gen1Nestling0-TO-advectDiff_Gen2Nestling0
NUOPC_RunSequenceArrayPrint: element     1 out of      2
runSeq::
 runElementPrint:      1     2     1 F T
 runElementPrint:      1     3     1 F T
 runElementPrint:      1    -1     1 F T
 runElementPrint:     -2     0     0 F T
 runElementPrint:      3    -1     1 F T
 runElementPrint:     -1    -1     0 F F
::
NUOPC_RunSequenceArrayPrint: element     2 out of      2
runSeq::
 runElementPrint:      2     4     1 F T
 runElementPrint:      2    -1     1 F T
 runElementPrint:      4    -1     1 F T
 runElementPrint:     -2    -1     0 F F
::
 NUOPC_DriverPrint for PET:           3
   Model, Mediator, and Driver components, in the order
   that they were added to the Driver:
           1 :  advectDiff_Parent
           2 :  advectDiff_Gen1Nestling0
           3 :  advectDiff_Gen1Nestling1
           4 :  advectDiff_Gen2Nestling0
   Connector components, in the order
   that they were added to the Driver:
           1 :  advectDiff_Parent-TO-advectDiff_Gen1Nestling0
           2 :  advectDiff_Parent-TO-advectDiff_Gen1Nestling1
           3 :  advectDiff_Gen1Nestling0-TO-advectDiff_Gen2Nestling0
NUOPC_RunSequenceArrayPrint: element     1 out of      2
runSeq::
 runElementPrint:      1     2     1 F T
 runElementPrint:      1     3     1 F T
 runElementPrint:      1    -1     1 F T
 runElementPrint:     -2     0     0 F T
 runElementPrint:      3    -1     1 F T
 runElementPrint:     -1    -1     0 F F
::
NUOPC_RunSequenceArrayPrint: element     2 out of      2
runSeq::
 runElementPrint:      2     4     1 F T
 runElementPrint:      2    -1     1 F T
 runElementPrint:      4    -1     1 F T
 runElementPrint:     -2    -1     0 F F
::

mainApp:62073 terminated with signal 11 at PC=458463 SP=7ffed4fff140.  Backtrace:

mainApp:62074 terminated with signal 11 at PC=458447 SP=7ffeba971520.  Backtrace:
/tmp/intel_2023.1.0-oneAPI_mpi_g_feature_hconfig-extras/nuopc-app-prototypes/NestingTelescopeMultipleProto/./mainApp[0x458463]
/tmp/intel_2023.1.0-oneAPI_mpi_g_feature_hconfig-extras/nuopc-app-prototypes/NestingTelescopeMultipleProto/./mainApp[0x459430]
/tmp/intel_2023.1.0-oneAPI_mpi_g_feature_hconfig-extras/nuopc-app-prototypes/NestingTelescopeMultipleProto/./mainApp[0x4585d5]
/tmp/intel_2023.1.0-oneAPI_mpi_g_feature_hconfig-extras/nuopc-app-prototypes/NestingTelescopeMultipleProto/./mainApp[0x458447]
/tmp/intel_2023.1.0-oneAPI_mpi_g_feature_hconfig-extras/nuopc-app-prototypes/NestingTelescopeMultipleProto/./mainApp[0x459430]
/tmp/intel_2023.1.0-oneAPI_mpi_g_feature_hconfig-extras/nuopc-app-prototypes/NestingTelescopeMultipleProto/./mainApp[0x4585d5]
/tmp/intel_2023.1.0-oneAPI_mpi_g_feature_hconfig-extras/esmf/DEFAULTINSTALLDIR/lib/libg/Unicos.intel.64.mpi.default/libesmf.so(f_esmf_compcollectgarbage2_+0x4bc)[0x7fe5b06020fc]

mainApp:62076 terminated with signal 11 at PC=458430 SP=7fff08b44860.  Backtrace:

mainApp:62075 terminated with signal 11 at PC=458463 SP=7ffc49de45b0.  Backtrace:
/tmp/intel_2023.1.0-oneAPI_mpi_g_feature_hconfig-extras/nuopc-app-prototypes/NestingTelescopeMultipleProto/./mainApp[0x458430]
/tmp/intel_2023.1.0-oneAPI_mpi_g_feature_hconfig-extras/nuopc-app-prototypes/NestingTelescopeMultipleProto/./mainApp[0x459430]
/tmp/intel_2023.1.0-oneAPI_mpi_g_feature_hconfig-extras/nuopc-app-prototypes/NestingTelescopeMultipleProto/./mainApp[0x4585d5]
/tmp/intel_2023.1.0-oneAPI_mpi_g_feature_hconfig-extras/nuopc-app-prototypes/NestingTelescopeMultipleProto/./mainApp[0x458463]
/tmp/intel_2023.1.0-oneAPI_mpi_g_feature_hconfig-extras/nuopc-app-prototypes/NestingTelescopeMultipleProto/./mainApp[0x459430]
/tmp/intel_2023.1.0-oneAPI_mpi_g_feature_hconfig-extras/nuopc-app-prototypes/NestingTelescopeMultipleProto/./mainApp[0x4585d5]
/tmp/intel_2023.1.0-oneAPI_mpi_g_feature_hconfig-extras/esmf/DEFAULTINSTALLDIR/lib/libg/Unicos.intel.64.mpi.default/libesmf.so(f_esmf_compcollectgarbage2_+0x4bc)[0x7f7f50fed0fc]
/tmp/intel_2023.1.0-oneAPI_mpi_g_feature_hconfig-extras/esmf/DEFAULTINSTALLDIR/lib/libg/Unicos.intel.64.mpi.default/libesmf.so(_ZN5ESMCI2VM8finalizeEP12ESMC_LogicalPi+0x5d2)[0x7fe5b01a6cd2]
/tmp/intel_2023.1.0-oneAPI_mpi_g_feature_hconfig-extras/esmf/DEFAULTINSTALLDIR/lib/libg/Unicos.intel.64.mpi.default/libesmf.so(f_esmf_compcollectgarbage2_+0x4bc)[0x7f3c404020fc]
/tmp/intel_2023.1.0-oneAPI_mpi_g_feature_hconfig-extras/esmf/DEFAULTINSTALLDIR/lib/libg/Unicos.intel.64.mpi.default/libesmf.so(f_esmf_compcollectgarbage2_+0x4bc)[0x7f65bd8bd0fc]
/tmp/intel_2023.1.0-oneAPI_mpi_g_feature_hconfig-extras/esmf/DEFAULTINSTALLDIR/lib/libg/Unicos.intel.64.mpi.default/libesmf.so(_ZN5ESMCI2VM8finalizeEP12ESMC_LogicalPi+0x5d2)[0x7f7f50b91cd2]
/tmp/intel_2023.1.0-oneAPI_mpi_g_feature_hconfig-extras/esmf/DEFAULTINSTALLDIR/lib/libg/Unicos.intel.64.mpi.default/libesmf.so(c_esmc_vmfinalize_+0x57)[0x7fe5b01708c7]
/tmp/intel_2023.1.0-oneAPI_mpi_g_feature_hconfig-extras/esmf/DEFAULTINSTALLDIR/lib/libg/Unicos.intel.64.mpi.default/libesmf.so(_ZN5ESMCI2VM8finalizeEP12ESMC_LogicalPi+0x5d2)[0x7f3c3ffa6cd2]
/tmp/intel_2023.1.0-oneAPI_mpi_g_feature_hconfig-extras/esmf/DEFAULTINSTALLDIR/lib/libg/Unicos.intel.64.mpi.default/libesmf.so(_ZN5ESMCI2VM8finalizeEP12ESMC_LogicalPi+0x5d2)[0x7f65bd461cd2]
/tmp/intel_2023.1.0-oneAPI_mpi_g_feature_hconfig-extras/esmf/DEFAULTINSTALLDIR/lib/libg/Unicos.intel.64.mpi.default/libesmf.so(c_esmc_vmfinalize_+0x57)[0x7f7f50b5b8c7]
/tmp/intel_2023.1.0-oneAPI_mpi_g_feature_hconfig-extras/esmf/DEFAULTINSTALLDIR/lib/libg/Unicos.intel.64.mpi.default/libesmf.so(+0x2a8c50b)[0x7fe5b122b50b]
/tmp/intel_2023.1.0-oneAPI_mpi_g_feature_hconfig-extras/esmf/DEFAULTINSTALLDIR/lib/libg/Unicos.intel.64.mpi.default/libesmf.so(+0x2a8c50b)[0x7f7f51c1650b]
/tmp/intel_2023.1.0-oneAPI_mpi_g_feature_hconfig-extras/esmf/DEFAULTINSTALLDIR/lib/libg/Unicos.intel.64.mpi.default/libesmf.so(c_esmc_vmfinalize_+0x57)[0x7f3c3ff708c7]
/tmp/intel_2023.1.0-oneAPI_mpi_g_feature_hconfig-extras/esmf/DEFAULTINSTALLDIR/lib/libg/Unicos.intel.64.mpi.default/libesmf.so(c_esmc_vmfinalize_+0x57)[0x7f65bd42b8c7]
/tmp/intel_2023.1.0-oneAPI_mpi_g_feature_hconfig-extras/esmf/DEFAULTINSTALLDIR/lib/libg/Unicos.intel.64.mpi.default/libesmf.so(esmf_vmmod_mp_esmf_vmfinalize_+0x72)[0x7fe5b12230d2]
/tmp/intel_2023.1.0-oneAPI_mpi_g_feature_hconfig-extras/esmf/DEFAULTINSTALLDIR/lib/libg/Unicos.intel.64.mpi.default/libesmf.so(esmf_vmmod_mp_esmf_vmfinalize_+0x72)[0x7f7f51c0e0d2]
/tmp/intel_2023.1.0-oneAPI_mpi_g_feature_hconfig-extras/esmf/DEFAULTINSTALLDIR/lib/libg/Unicos.intel.64.mpi.default/libesmf.so(+0x2a8c50b)[0x7f65be4e650b]
/tmp/intel_2023.1.0-oneAPI_mpi_g_feature_hconfig-extras/esmf/DEFAULTINSTALLDIR/lib/libg/Unicos.intel.64.mpi.default/libesmf.so(+0x2a8c50b)[0x7f3c4102b50b]
/tmp/intel_2023.1.0-oneAPI_mpi_g_feature_hconfig-extras/esmf/DEFAULTINSTALLDIR/lib/libg/Unicos.intel.64.mpi.default/libesmf.so(esmf_initmod_mp_esmf_finalize_+0x103a)[0x7fe5b0d39bba]
/tmp/intel_2023.1.0-oneAPI_mpi_g_feature_hconfig-extras/nuopc-app-prototypes/NestingTelescopeMultipleProto/./mainApp[0x417c8e]
/tmp/intel_2023.1.0-oneAPI_mpi_g_feature_hconfig-extras/nuopc-app-prototypes/NestingTelescopeMultipleProto/./mainApp[0x4171bd]
/lib64/libc.so.6(__libc_start_main+0xef)[0x7fe5aa43e24d]
/tmp/intel_2023.1.0-oneAPI_mpi_g_feature_hconfig-extras/nuopc-app-prototypes/NestingTelescopeMultipleProto/./mainApp[0x4170ea]
/tmp/intel_2023.1.0-oneAPI_mpi_g_feature_hconfig-extras/esmf/DEFAULTINSTALLDIR/lib/libg/Unicos.intel.64.mpi.default/libesmf.so(esmf_initmod_mp_esmf_finalize_+0x103a)[0x7f7f51724bba]
/tmp/intel_2023.1.0-oneAPI_mpi_g_feature_hconfig-extras/nuopc-app-prototypes/NestingTelescopeMultipleProto/./mainApp[0x417c8e]
/tmp/intel_2023.1.0-oneAPI_mpi_g_feature_hconfig-extras/nuopc-app-prototypes/NestingTelescopeMultipleProto/./mainApp[0x4171bd]
/tmp/intel_2023.1.0-oneAPI_mpi_g_feature_hconfig-extras/esmf/DEFAULTINSTALLDIR/lib/libg/Unicos.intel.64.mpi.default/libesmf.so(esmf_vmmod_mp_esmf_vmfinalize_+0x72)[0x7f65be4de0d2]
/tmp/intel_2023.1.0-oneAPI_mpi_g_feature_hconfig-extras/esmf/DEFAULTINSTALLDIR/lib/libg/Unicos.intel.64.mpi.default/libesmf.so(esmf_vmmod_mp_esmf_vmfinalize_+0x72)[0x7f3c410230d2]
/lib64/libc.so.6(__libc_start_main+0xef)[0x7f7f4ae3e24d]
/tmp/intel_2023.1.0-oneAPI_mpi_g_feature_hconfig-extras/nuopc-app-prototypes/NestingTelescopeMultipleProto/./mainApp[0x4170ea]
/tmp/intel_2023.1.0-oneAPI_mpi_g_feature_hconfig-extras/esmf/DEFAULTINSTALLDIR/lib/libg/Unicos.intel.64.mpi.default/libesmf.so(esmf_initmod_mp_esmf_finalize_+0x103a)[0x7f65bdff4bba]
/tmp/intel_2023.1.0-oneAPI_mpi_g_feature_hconfig-extras/nuopc-app-prototypes/NestingTelescopeMultipleProto/./mainApp[0x417c8e]
/tmp/intel_2023.1.0-oneAPI_mpi_g_feature_hconfig-extras/nuopc-app-prototypes/NestingTelescopeMultipleProto/./mainApp[0x4171bd]
/tmp/intel_2023.1.0-oneAPI_mpi_g_feature_hconfig-extras/esmf/DEFAULTINSTALLDIR/lib/libg/Unicos.intel.64.mpi.default/libesmf.so(esmf_initmod_mp_esmf_finalize_+0x103a)[0x7f3c40b39bba]
/tmp/intel_2023.1.0-oneAPI_mpi_g_feature_hconfig-extras/nuopc-app-prototypes/NestingTelescopeMultipleProto/./mainApp[0x417c8e]
/tmp/intel_2023.1.0-oneAPI_mpi_g_feature_hconfig-extras/nuopc-app-prototypes/NestingTelescopeMultipleProto/./mainApp[0x4171bd]
/lib64/libc.so.6(__libc_start_main+0xef)[0x7f65b763e24d]
/lib64/libc.so.6(__libc_start_main+0xef)[0x7f3c3a23e24d]
/tmp/intel_2023.1.0-oneAPI_mpi_g_feature_hconfig-extras/nuopc-app-prototypes/NestingTelescopeMultipleProto/./mainApp[0x4170ea]
/tmp/intel_2023.1.0-oneAPI_mpi_g_feature_hconfig-extras/nuopc-app-prototypes/NestingTelescopeMultipleProto/./mainApp[0x4170ea]
srun: error: c5n0359: tasks 0-3: Exited with exit code 1
srun: Terminating StepId=135083994.389
