2024-07-25 02:40:40
20240725 031112.079 INFO             PET0 !!!!!!!!!!!!!!!!!!!!!!!!!!!!!!!!!!!!!!!!!!!!!!!!!!!!!!
20240725 031112.079 INFO             PET0 !!! THE ESMF_LOG IS SET TO OUTPUT ALL LOG MESSAGES !!!
20240725 031112.079 INFO             PET0 !!!     THIS MAY CAUSE SLOWDOWN IN PERFORMANCE     !!!
20240725 031112.079 INFO             PET0 !!! FOR PRODUCTION RUNS, USE:                      !!!
20240725 031112.079 INFO             PET0 !!!                   ESMF_LOGKIND_Multi_On_Error  !!!
20240725 031112.079 INFO             PET0 !!!!!!!!!!!!!!!!!!!!!!!!!!!!!!!!!!!!!!!!!!!!!!!!!!!!!!
20240725 031112.079 INFO             PET0 Running with ESMF Version   : v8.7.0b09-26-g87e00d02ff
20240725 031112.079 INFO             PET0 ESMF library build date/time: "Jul 25 2024" "02:38:44"
20240725 031112.079 INFO             PET0 ESMF library build location : /glade/derecho/scratch/sacks/esmf-testing/intel_2023.2.1-oneAPI_mpiuni_g_feature_hconfig-extras/esmf
20240725 031112.079 INFO             PET0 ESMF_COMM                   : mpiuni
20240725 031112.079 INFO             PET0 ESMF_MOAB                   : enabled
20240725 031112.079 INFO             PET0 ESMF_LAPACK                 : enabled
20240725 031112.079 INFO             PET0 ESMF_NETCDF                 : enabled
20240725 031112.079 INFO             PET0 ESMF_PNETCDF                : disabled
20240725 031112.079 INFO             PET0 ESMF_PIO                    : enabled
20240725 031112.079 INFO             PET0 ESMF_YAMLCPP                : enabled
20240725 031112.137 DEBUG            PET0 about to destroy Grid: 0x7ee250
20240725 031112.150 DEBUG            PET0 about to destroy Grid: 0x7ef2e0
20240725 031112.181 INFO             PET0  NUMBER_OF_PROCESSORS           1
20240725 031112.181 INFO             PET0  PASS  Example ESMF_NUOPCAtmModelEx, ESMF_NUOPCAtmModelEx.F90, line 806
20240725 031112.181 INFO             PET0  Finalizing ESMF
