2024-07-31 04:01:59
20240731 042532.968 INFO             PET0 !!!!!!!!!!!!!!!!!!!!!!!!!!!!!!!!!!!!!!!!!!!!!!!!!!!!!!
20240731 042532.968 INFO             PET0 !!! THE ESMF_LOG IS SET TO OUTPUT ALL LOG MESSAGES !!!
20240731 042532.968 INFO             PET0 !!!     THIS MAY CAUSE SLOWDOWN IN PERFORMANCE     !!!
20240731 042532.968 INFO             PET0 !!! FOR PRODUCTION RUNS, USE:                      !!!
20240731 042532.968 INFO             PET0 !!!                   ESMF_LOGKIND_Multi_On_Error  !!!
20240731 042532.968 INFO             PET0 !!!!!!!!!!!!!!!!!!!!!!!!!!!!!!!!!!!!!!!!!!!!!!!!!!!!!!
20240731 042532.968 INFO             PET0 Running with ESMF Version   : v8.7.0b10-23-ge8332f8778
20240731 042532.968 INFO             PET0 ESMF library build date/time: "Jul 31 2024" "04:00:55"
20240731 042532.968 INFO             PET0 ESMF library build location : /tmp/intel_2023.1.0_mpi_O_develop/esmf
20240731 042532.968 INFO             PET0 ESMF_COMM                   : mpi
20240731 042532.968 INFO             PET0 ESMF_MOAB                   : enabled
20240731 042532.968 INFO             PET0 ESMF_LAPACK                 : enabled
20240731 042532.968 INFO             PET0 ESMF_NETCDF                 : enabled
20240731 042532.968 INFO             PET0 ESMF_PNETCDF                : disabled
20240731 042532.968 INFO             PET0 ESMF_PIO                    : enabled
20240731 042532.968 INFO             PET0 ESMF_YAMLCPP                : enabled
20240731 042532.997 DEBUG            PET0 about to destroy Grid: 0x6a9ce0
20240731 042533.000 DEBUG            PET0 about to destroy Grid: 0x6ace80
20240731 042533.008 INFO             PET0  NUMBER_OF_PROCESSORS           4
20240731 042533.008 INFO             PET0  PASS  Example ESMF_NUOPCAtmModelEx, ESMF_NUOPCAtmModelEx.F90, line 806
20240731 042533.008 INFO             PET0  Finalizing ESMF
20240731 042532.968 INFO             PET1 !!!!!!!!!!!!!!!!!!!!!!!!!!!!!!!!!!!!!!!!!!!!!!!!!!!!!!
20240731 042532.968 INFO             PET1 !!! THE ESMF_LOG IS SET TO OUTPUT ALL LOG MESSAGES !!!
20240731 042532.968 INFO             PET1 !!!     THIS MAY CAUSE SLOWDOWN IN PERFORMANCE     !!!
20240731 042532.968 INFO             PET1 !!! FOR PRODUCTION RUNS, USE:                      !!!
20240731 042532.968 INFO             PET1 !!!                   ESMF_LOGKIND_Multi_On_Error  !!!
20240731 042532.968 INFO             PET1 !!!!!!!!!!!!!!!!!!!!!!!!!!!!!!!!!!!!!!!!!!!!!!!!!!!!!!
20240731 042532.968 INFO             PET1 Running with ESMF Version   : v8.7.0b10-23-ge8332f8778
20240731 042532.968 INFO             PET1 ESMF library build date/time: "Jul 31 2024" "04:00:55"
20240731 042532.968 INFO             PET1 ESMF library build location : /tmp/intel_2023.1.0_mpi_O_develop/esmf
20240731 042532.968 INFO             PET1 ESMF_COMM                   : mpi
20240731 042532.968 INFO             PET1 ESMF_MOAB                   : enabled
20240731 042532.968 INFO             PET1 ESMF_LAPACK                 : enabled
20240731 042532.968 INFO             PET1 ESMF_NETCDF                 : enabled
20240731 042532.968 INFO             PET1 ESMF_PNETCDF                : disabled
20240731 042532.968 INFO             PET1 ESMF_PIO                    : enabled
20240731 042532.968 INFO             PET1 ESMF_YAMLCPP                : enabled
20240731 042532.997 DEBUG            PET1 about to destroy Grid: 0x6a8880
20240731 042533.000 DEBUG            PET1 about to destroy Grid: 0x6a9810
20240731 042533.008 INFO             PET1  NUMBER_OF_PROCESSORS           4
20240731 042533.008 INFO             PET1  PASS  Example ESMF_NUOPCAtmModelEx, ESMF_NUOPCAtmModelEx.F90, line 806
20240731 042533.009 INFO             PET1  Finalizing ESMF
20240731 042532.968 INFO             PET2 !!!!!!!!!!!!!!!!!!!!!!!!!!!!!!!!!!!!!!!!!!!!!!!!!!!!!!
20240731 042532.968 INFO             PET2 !!! THE ESMF_LOG IS SET TO OUTPUT ALL LOG MESSAGES !!!
20240731 042532.968 INFO             PET2 !!!     THIS MAY CAUSE SLOWDOWN IN PERFORMANCE     !!!
20240731 042532.968 INFO             PET2 !!! FOR PRODUCTION RUNS, USE:                      !!!
20240731 042532.968 INFO             PET2 !!!                   ESMF_LOGKIND_Multi_On_Error  !!!
20240731 042532.968 INFO             PET2 !!!!!!!!!!!!!!!!!!!!!!!!!!!!!!!!!!!!!!!!!!!!!!!!!!!!!!
20240731 042532.968 INFO             PET2 Running with ESMF Version   : v8.7.0b10-23-ge8332f8778
20240731 042532.968 INFO             PET2 ESMF library build date/time: "Jul 31 2024" "04:00:55"
20240731 042532.968 INFO             PET2 ESMF library build location : /tmp/intel_2023.1.0_mpi_O_develop/esmf
20240731 042532.968 INFO             PET2 ESMF_COMM                   : mpi
20240731 042532.968 INFO             PET2 ESMF_MOAB                   : enabled
20240731 042532.968 INFO             PET2 ESMF_LAPACK                 : enabled
20240731 042532.968 INFO             PET2 ESMF_NETCDF                 : enabled
20240731 042532.968 INFO             PET2 ESMF_PNETCDF                : disabled
20240731 042532.968 INFO             PET2 ESMF_PIO                    : enabled
20240731 042532.968 INFO             PET2 ESMF_YAMLCPP                : enabled
20240731 042532.997 DEBUG            PET2 about to destroy Grid: 0x6a9100
20240731 042533.000 DEBUG            PET2 about to destroy Grid: 0x6a9fd0
20240731 042533.008 INFO             PET2  NUMBER_OF_PROCESSORS           4
20240731 042533.008 INFO             PET2  PASS  Example ESMF_NUOPCAtmModelEx, ESMF_NUOPCAtmModelEx.F90, line 806
20240731 042533.008 INFO             PET2  Finalizing ESMF
20240731 042532.968 INFO             PET3 !!!!!!!!!!!!!!!!!!!!!!!!!!!!!!!!!!!!!!!!!!!!!!!!!!!!!!
20240731 042532.968 INFO             PET3 !!! THE ESMF_LOG IS SET TO OUTPUT ALL LOG MESSAGES !!!
20240731 042532.968 INFO             PET3 !!!     THIS MAY CAUSE SLOWDOWN IN PERFORMANCE     !!!
20240731 042532.968 INFO             PET3 !!! FOR PRODUCTION RUNS, USE:                      !!!
20240731 042532.968 INFO             PET3 !!!                   ESMF_LOGKIND_Multi_On_Error  !!!
20240731 042532.968 INFO             PET3 !!!!!!!!!!!!!!!!!!!!!!!!!!!!!!!!!!!!!!!!!!!!!!!!!!!!!!
20240731 042532.968 INFO             PET3 Running with ESMF Version   : v8.7.0b10-23-ge8332f8778
20240731 042532.968 INFO             PET3 ESMF library build date/time: "Jul 31 2024" "04:00:55"
20240731 042532.968 INFO             PET3 ESMF library build location : /tmp/intel_2023.1.0_mpi_O_develop/esmf
20240731 042532.968 INFO             PET3 ESMF_COMM                   : mpi
20240731 042532.968 INFO             PET3 ESMF_MOAB                   : enabled
20240731 042532.968 INFO             PET3 ESMF_LAPACK                 : enabled
20240731 042532.968 INFO             PET3 ESMF_NETCDF                 : enabled
20240731 042532.968 INFO             PET3 ESMF_PNETCDF                : disabled
20240731 042532.968 INFO             PET3 ESMF_PIO                    : enabled
20240731 042532.968 INFO             PET3 ESMF_YAMLCPP                : enabled
20240731 042532.997 DEBUG            PET3 about to destroy Grid: 0x6a88e0
20240731 042533.000 DEBUG            PET3 about to destroy Grid: 0x6a98d0
20240731 042533.008 INFO             PET3  NUMBER_OF_PROCESSORS           4
20240731 042533.008 INFO             PET3  PASS  Example ESMF_NUOPCAtmModelEx, ESMF_NUOPCAtmModelEx.F90, line 806
20240731 042533.008 INFO             PET3  Finalizing ESMF
