2024-05-29 02:38:18
20240529 031058.261 INFO             PET0 !!!!!!!!!!!!!!!!!!!!!!!!!!!!!!!!!!!!!!!!!!!!!!!!!!!!!!
20240529 031058.261 INFO             PET0 !!! THE ESMF_LOG IS SET TO OUTPUT ALL LOG MESSAGES !!!
20240529 031058.261 INFO             PET0 !!!     THIS MAY CAUSE SLOWDOWN IN PERFORMANCE     !!!
20240529 031058.261 INFO             PET0 !!! FOR PRODUCTION RUNS, USE:                      !!!
20240529 031058.261 INFO             PET0 !!!                   ESMF_LOGKIND_Multi_On_Error  !!!
20240529 031058.261 INFO             PET0 !!!!!!!!!!!!!!!!!!!!!!!!!!!!!!!!!!!!!!!!!!!!!!!!!!!!!!
20240529 031058.261 INFO             PET0 Running with ESMF Version   : v8.7.0b06-6-g5fb1a7b
20240529 031058.261 INFO             PET0 ESMF library build date/time: "May 29 2024" "02:35:41"
20240529 031058.261 INFO             PET0 ESMF library build location : /work/noaa/da/mpotts/sandbox/gfortran_8.3.0_openmpi_O_develop/esmf
20240529 031058.261 INFO             PET0 ESMF_COMM                   : openmpi
20240529 031058.262 INFO             PET0 ESMF_MOAB                   : enabled
20240529 031058.262 INFO             PET0 ESMF_LAPACK                 : enabled
20240529 031058.262 INFO             PET0 ESMF_NETCDF                 : enabled
20240529 031058.262 INFO             PET0 ESMF_PNETCDF                : disabled
20240529 031058.262 INFO             PET0 ESMF_PIO                    : enabled
20240529 031058.262 INFO             PET0 ESMF_YAMLCPP                : enabled
20240529 031058.262 INFO             PET0  NUMBER_OF_PROCESSORS           1
20240529 031058.262 INFO             PET0  PASS  Example CalendarEx, ESMF_CalendarEx.F90, line 217
20240529 031058.263 INFO             PET0  Finalizing ESMF
