2024-06-03 02:53:11
20240603 035124.687 INFO             PET0 !!!!!!!!!!!!!!!!!!!!!!!!!!!!!!!!!!!!!!!!!!!!!!!!!!!!!!
20240603 035124.687 INFO             PET0 !!! THE ESMF_LOG IS SET TO OUTPUT ALL LOG MESSAGES !!!
20240603 035124.687 INFO             PET0 !!!     THIS MAY CAUSE SLOWDOWN IN PERFORMANCE     !!!
20240603 035124.687 INFO             PET0 !!! FOR PRODUCTION RUNS, USE:                      !!!
20240603 035124.687 INFO             PET0 !!!                   ESMF_LOGKIND_Multi_On_Error  !!!
20240603 035124.687 INFO             PET0 !!!!!!!!!!!!!!!!!!!!!!!!!!!!!!!!!!!!!!!!!!!!!!!!!!!!!!
20240603 035124.687 INFO             PET0 Running with ESMF Version   : v8.7.0b06-37-g31f8806
20240603 035124.687 INFO             PET0 ESMF library build date/time: "Jun  3 2024" "02:48:10"
20240603 035124.687 INFO             PET0 ESMF library build location : /work/noaa/da/mpotts/sandbox/gfortran_8.3.0_openmpi_O_develop/esmf
20240603 035124.687 INFO             PET0 ESMF_COMM                   : openmpi
20240603 035124.689 INFO             PET0 ESMF_MOAB                   : enabled
20240603 035124.689 INFO             PET0 ESMF_LAPACK                 : enabled
20240603 035124.689 INFO             PET0 ESMF_NETCDF                 : enabled
20240603 035124.689 INFO             PET0 ESMF_PNETCDF                : disabled
20240603 035124.689 INFO             PET0 ESMF_PIO                    : enabled
20240603 035124.689 INFO             PET0 ESMF_YAMLCPP                : enabled
20240603 035124.690 ERROR            PET0 ESMF_StateAPI.cppF90:1190 ESMF_StateAddList Object being used before creation  - Bad Object
20240603 035124.692 INFO             PET0  NUMBER_OF_PROCESSORS           4
20240603 035124.692 INFO             PET0  PASS  Example ESMF_StateReconcileEx, ESMF_StateReconcileEx.F90, line 294
20240603 035124.692 INFO             PET0  Finalizing ESMF
20240603 035124.684 INFO             PET1 !!!!!!!!!!!!!!!!!!!!!!!!!!!!!!!!!!!!!!!!!!!!!!!!!!!!!!
20240603 035124.685 INFO             PET1 !!! THE ESMF_LOG IS SET TO OUTPUT ALL LOG MESSAGES !!!
20240603 035124.685 INFO             PET1 !!!     THIS MAY CAUSE SLOWDOWN IN PERFORMANCE     !!!
20240603 035124.685 INFO             PET1 !!! FOR PRODUCTION RUNS, USE:                      !!!
20240603 035124.685 INFO             PET1 !!!                   ESMF_LOGKIND_Multi_On_Error  !!!
20240603 035124.685 INFO             PET1 !!!!!!!!!!!!!!!!!!!!!!!!!!!!!!!!!!!!!!!!!!!!!!!!!!!!!!
20240603 035124.685 INFO             PET1 Running with ESMF Version   : v8.7.0b06-37-g31f8806
20240603 035124.685 INFO             PET1 ESMF library build date/time: "Jun  3 2024" "02:48:10"
20240603 035124.685 INFO             PET1 ESMF library build location : /work/noaa/da/mpotts/sandbox/gfortran_8.3.0_openmpi_O_develop/esmf
20240603 035124.685 INFO             PET1 ESMF_COMM                   : openmpi
20240603 035124.686 INFO             PET1 ESMF_MOAB                   : enabled
20240603 035124.686 INFO             PET1 ESMF_LAPACK                 : enabled
20240603 035124.686 INFO             PET1 ESMF_NETCDF                 : enabled
20240603 035124.686 INFO             PET1 ESMF_PNETCDF                : disabled
20240603 035124.686 INFO             PET1 ESMF_PIO                    : enabled
20240603 035124.686 INFO             PET1 ESMF_YAMLCPP                : enabled
20240603 035124.690 ERROR            PET1 ESMF_StateAPI.cppF90:1190 ESMF_StateAddList Object being used before creation  - Bad Object
20240603 035124.692 INFO             PET1  NUMBER_OF_PROCESSORS           4
20240603 035124.692 INFO             PET1  PASS  Example ESMF_StateReconcileEx, ESMF_StateReconcileEx.F90, line 294
20240603 035124.692 INFO             PET1  Finalizing ESMF
20240603 035124.688 INFO             PET2 !!!!!!!!!!!!!!!!!!!!!!!!!!!!!!!!!!!!!!!!!!!!!!!!!!!!!!
20240603 035124.688 INFO             PET2 !!! THE ESMF_LOG IS SET TO OUTPUT ALL LOG MESSAGES !!!
20240603 035124.688 INFO             PET2 !!!     THIS MAY CAUSE SLOWDOWN IN PERFORMANCE     !!!
20240603 035124.688 INFO             PET2 !!! FOR PRODUCTION RUNS, USE:                      !!!
20240603 035124.688 INFO             PET2 !!!                   ESMF_LOGKIND_Multi_On_Error  !!!
20240603 035124.688 INFO             PET2 !!!!!!!!!!!!!!!!!!!!!!!!!!!!!!!!!!!!!!!!!!!!!!!!!!!!!!
20240603 035124.688 INFO             PET2 Running with ESMF Version   : v8.7.0b06-37-g31f8806
20240603 035124.688 INFO             PET2 ESMF library build date/time: "Jun  3 2024" "02:48:10"
20240603 035124.688 INFO             PET2 ESMF library build location : /work/noaa/da/mpotts/sandbox/gfortran_8.3.0_openmpi_O_develop/esmf
20240603 035124.688 INFO             PET2 ESMF_COMM                   : openmpi
20240603 035124.689 INFO             PET2 ESMF_MOAB                   : enabled
20240603 035124.689 INFO             PET2 ESMF_LAPACK                 : enabled
20240603 035124.689 INFO             PET2 ESMF_NETCDF                 : enabled
20240603 035124.689 INFO             PET2 ESMF_PNETCDF                : disabled
20240603 035124.689 INFO             PET2 ESMF_PIO                    : enabled
20240603 035124.689 INFO             PET2 ESMF_YAMLCPP                : enabled
20240603 035124.691 ERROR            PET2 ESMF_StateAPI.cppF90:1190 ESMF_StateAddList Object being used before creation  - Bad Object
20240603 035124.692 INFO             PET2  NUMBER_OF_PROCESSORS           4
20240603 035124.692 INFO             PET2  PASS  Example ESMF_StateReconcileEx, ESMF_StateReconcileEx.F90, line 294
20240603 035124.692 INFO             PET2  Finalizing ESMF
20240603 035124.685 INFO             PET3 !!!!!!!!!!!!!!!!!!!!!!!!!!!!!!!!!!!!!!!!!!!!!!!!!!!!!!
20240603 035124.685 INFO             PET3 !!! THE ESMF_LOG IS SET TO OUTPUT ALL LOG MESSAGES !!!
20240603 035124.685 INFO             PET3 !!!     THIS MAY CAUSE SLOWDOWN IN PERFORMANCE     !!!
20240603 035124.685 INFO             PET3 !!! FOR PRODUCTION RUNS, USE:                      !!!
20240603 035124.685 INFO             PET3 !!!                   ESMF_LOGKIND_Multi_On_Error  !!!
20240603 035124.685 INFO             PET3 !!!!!!!!!!!!!!!!!!!!!!!!!!!!!!!!!!!!!!!!!!!!!!!!!!!!!!
20240603 035124.685 INFO             PET3 Running with ESMF Version   : v8.7.0b06-37-g31f8806
20240603 035124.685 INFO             PET3 ESMF library build date/time: "Jun  3 2024" "02:48:10"
20240603 035124.685 INFO             PET3 ESMF library build location : /work/noaa/da/mpotts/sandbox/gfortran_8.3.0_openmpi_O_develop/esmf
20240603 035124.685 INFO             PET3 ESMF_COMM                   : openmpi
20240603 035124.687 INFO             PET3 ESMF_MOAB                   : enabled
20240603 035124.687 INFO             PET3 ESMF_LAPACK                 : enabled
20240603 035124.687 INFO             PET3 ESMF_NETCDF                 : enabled
20240603 035124.687 INFO             PET3 ESMF_PNETCDF                : disabled
20240603 035124.687 INFO             PET3 ESMF_PIO                    : enabled
20240603 035124.687 INFO             PET3 ESMF_YAMLCPP                : enabled
20240603 035124.690 ERROR            PET3 ESMF_StateAPI.cppF90:1190 ESMF_StateAddList Object being used before creation  - Bad Object
20240603 035124.692 INFO             PET3  NUMBER_OF_PROCESSORS           4
20240603 035124.692 INFO             PET3  PASS  Example ESMF_StateReconcileEx, ESMF_StateReconcileEx.F90, line 294
20240603 035124.692 INFO             PET3  Finalizing ESMF
