2024-05-20 02:41:47
20240520 031453.429 INFO             PET0 !!!!!!!!!!!!!!!!!!!!!!!!!!!!!!!!!!!!!!!!!!!!!!!!!!!!!!
20240520 031453.429 INFO             PET0 !!! THE ESMF_LOG IS SET TO OUTPUT ALL LOG MESSAGES !!!
20240520 031453.429 INFO             PET0 !!!     THIS MAY CAUSE SLOWDOWN IN PERFORMANCE     !!!
20240520 031453.429 INFO             PET0 !!! FOR PRODUCTION RUNS, USE:                      !!!
20240520 031453.429 INFO             PET0 !!!                   ESMF_LOGKIND_Multi_On_Error  !!!
20240520 031453.429 INFO             PET0 !!!!!!!!!!!!!!!!!!!!!!!!!!!!!!!!!!!!!!!!!!!!!!!!!!!!!!
20240520 031453.429 INFO             PET0 Running with ESMF Version   : v8.7.0b05-86-g6f1fcac
20240520 031453.429 INFO             PET0 ESMF library build date/time: "May 20 2024" "02:39:05"
20240520 031453.429 INFO             PET0 ESMF library build location : /work/noaa/da/mpotts/sandbox/gfortran_8.3.0_openmpi_O_develop/esmf
20240520 031453.429 INFO             PET0 ESMF_COMM                   : openmpi
20240520 031453.430 INFO             PET0 ESMF_MOAB                   : enabled
20240520 031453.430 INFO             PET0 ESMF_LAPACK                 : enabled
20240520 031453.430 INFO             PET0 ESMF_NETCDF                 : enabled
20240520 031453.430 INFO             PET0 ESMF_PNETCDF                : disabled
20240520 031453.430 INFO             PET0 ESMF_PIO                    : enabled
20240520 031453.430 INFO             PET0 ESMF_YAMLCPP                : enabled
20240520 031453.430 INFO             PET0  NUMBER_OF_PROCESSORS           1
20240520 031453.430 INFO             PET0  PASS  Example ESMF_TimeIntervalEx, ESMF_TimeIntervalEx.F90, line 176
20240520 031453.430 INFO             PET0  Finalizing ESMF
