2024-05-21 02:46:56
20240521 031632.979 INFO             PET0 !!!!!!!!!!!!!!!!!!!!!!!!!!!!!!!!!!!!!!!!!!!!!!!!!!!!!!
20240521 031632.979 INFO             PET0 !!! THE ESMF_LOG IS SET TO OUTPUT ALL LOG MESSAGES !!!
20240521 031632.979 INFO             PET0 !!!     THIS MAY CAUSE SLOWDOWN IN PERFORMANCE     !!!
20240521 031632.979 INFO             PET0 !!! FOR PRODUCTION RUNS, USE:                      !!!
20240521 031632.979 INFO             PET0 !!!                   ESMF_LOGKIND_Multi_On_Error  !!!
20240521 031632.979 INFO             PET0 !!!!!!!!!!!!!!!!!!!!!!!!!!!!!!!!!!!!!!!!!!!!!!!!!!!!!!
20240521 031632.979 INFO             PET0 Running with ESMF Version   : v8.7.0b05-86-g6f1fcac
20240521 031632.979 INFO             PET0 ESMF library build date/time: "May 21 2024" "02:43:17"
20240521 031632.979 INFO             PET0 ESMF library build location : /work/noaa/da/mpotts/sandbox/gfortran_8.3.0_openmpi_O_develop/esmf
20240521 031632.979 INFO             PET0 ESMF_COMM                   : openmpi
20240521 031632.979 INFO             PET0 ESMF_MOAB                   : enabled
20240521 031632.979 INFO             PET0 ESMF_LAPACK                 : enabled
20240521 031632.979 INFO             PET0 ESMF_NETCDF                 : enabled
20240521 031632.979 INFO             PET0 ESMF_PNETCDF                : disabled
20240521 031632.979 INFO             PET0 ESMF_PIO                    : enabled
20240521 031632.979 INFO             PET0 ESMF_YAMLCPP                : enabled
20240521 031632.979 INFO             PET0  NUMBER_OF_PROCESSORS           4
20240521 031632.979 INFO             PET0  PASS  Example ESMF_VMUserMpiCommMultiEx, ESMF_VMUserMpiCommMultiEx.F90, line 126
20240521 031632.979 INFO             PET0  Finalizing ESMF with endflag==ESMF_END_KEEPMPI
20240521 031632.978 INFO             PET0 !!!!!!!!!!!!!!!!!!!!!!!!!!!!!!!!!!!!!!!!!!!!!!!!!!!!!!
20240521 031632.978 INFO             PET0 !!! THE ESMF_LOG IS SET TO OUTPUT ALL LOG MESSAGES !!!
20240521 031632.978 INFO             PET0 !!!     THIS MAY CAUSE SLOWDOWN IN PERFORMANCE     !!!
20240521 031632.978 INFO             PET0 !!! FOR PRODUCTION RUNS, USE:                      !!!
20240521 031632.978 INFO             PET0 !!!                   ESMF_LOGKIND_Multi_On_Error  !!!
20240521 031632.978 INFO             PET0 !!!!!!!!!!!!!!!!!!!!!!!!!!!!!!!!!!!!!!!!!!!!!!!!!!!!!!
20240521 031632.978 INFO             PET0 Running with ESMF Version   : v8.7.0b05-86-g6f1fcac
20240521 031632.978 INFO             PET0 ESMF library build date/time: "May 21 2024" "02:43:17"
20240521 031632.978 INFO             PET0 ESMF library build location : /work/noaa/da/mpotts/sandbox/gfortran_8.3.0_openmpi_O_develop/esmf
20240521 031632.978 INFO             PET0 ESMF_COMM                   : openmpi
20240521 031632.979 INFO             PET0 ESMF_MOAB                   : enabled
20240521 031632.979 INFO             PET0 ESMF_LAPACK                 : enabled
20240521 031632.979 INFO             PET0 ESMF_NETCDF                 : enabled
20240521 031632.979 INFO             PET0 ESMF_PNETCDF                : disabled
20240521 031632.979 INFO             PET0 ESMF_PIO                    : enabled
20240521 031632.979 INFO             PET0 ESMF_YAMLCPP                : enabled
20240521 031632.979 INFO             PET0  NUMBER_OF_PROCESSORS           4
20240521 031632.979 INFO             PET0  PASS  Example ESMF_VMUserMpiCommMultiEx, ESMF_VMUserMpiCommMultiEx.F90, line 154
20240521 031632.979 INFO             PET0  Finalizing ESMF with endflag==ESMF_END_KEEPMPI
20240521 031632.978 INFO             PET1 !!!!!!!!!!!!!!!!!!!!!!!!!!!!!!!!!!!!!!!!!!!!!!!!!!!!!!
20240521 031632.979 INFO             PET1 !!! THE ESMF_LOG IS SET TO OUTPUT ALL LOG MESSAGES !!!
20240521 031632.979 INFO             PET1 !!!     THIS MAY CAUSE SLOWDOWN IN PERFORMANCE     !!!
20240521 031632.979 INFO             PET1 !!! FOR PRODUCTION RUNS, USE:                      !!!
20240521 031632.979 INFO             PET1 !!!                   ESMF_LOGKIND_Multi_On_Error  !!!
20240521 031632.979 INFO             PET1 !!!!!!!!!!!!!!!!!!!!!!!!!!!!!!!!!!!!!!!!!!!!!!!!!!!!!!
20240521 031632.979 INFO             PET1 Running with ESMF Version   : v8.7.0b05-86-g6f1fcac
20240521 031632.979 INFO             PET1 ESMF library build date/time: "May 21 2024" "02:43:17"
20240521 031632.979 INFO             PET1 ESMF library build location : /work/noaa/da/mpotts/sandbox/gfortran_8.3.0_openmpi_O_develop/esmf
20240521 031632.979 INFO             PET1 ESMF_COMM                   : openmpi
20240521 031632.979 INFO             PET1 ESMF_MOAB                   : enabled
20240521 031632.979 INFO             PET1 ESMF_LAPACK                 : enabled
20240521 031632.979 INFO             PET1 ESMF_NETCDF                 : enabled
20240521 031632.979 INFO             PET1 ESMF_PNETCDF                : disabled
20240521 031632.979 INFO             PET1 ESMF_PIO                    : enabled
20240521 031632.979 INFO             PET1 ESMF_YAMLCPP                : enabled
20240521 031632.979 INFO             PET1  NUMBER_OF_PROCESSORS           4
20240521 031632.979 INFO             PET1  PASS  Example ESMF_VMUserMpiCommMultiEx, ESMF_VMUserMpiCommMultiEx.F90, line 126
20240521 031632.979 INFO             PET1  Finalizing ESMF with endflag==ESMF_END_KEEPMPI
20240521 031632.978 INFO             PET1 !!!!!!!!!!!!!!!!!!!!!!!!!!!!!!!!!!!!!!!!!!!!!!!!!!!!!!
20240521 031632.978 INFO             PET1 !!! THE ESMF_LOG IS SET TO OUTPUT ALL LOG MESSAGES !!!
20240521 031632.978 INFO             PET1 !!!     THIS MAY CAUSE SLOWDOWN IN PERFORMANCE     !!!
20240521 031632.978 INFO             PET1 !!! FOR PRODUCTION RUNS, USE:                      !!!
20240521 031632.978 INFO             PET1 !!!                   ESMF_LOGKIND_Multi_On_Error  !!!
20240521 031632.978 INFO             PET1 !!!!!!!!!!!!!!!!!!!!!!!!!!!!!!!!!!!!!!!!!!!!!!!!!!!!!!
20240521 031632.978 INFO             PET1 Running with ESMF Version   : v8.7.0b05-86-g6f1fcac
20240521 031632.978 INFO             PET1 ESMF library build date/time: "May 21 2024" "02:43:17"
20240521 031632.978 INFO             PET1 ESMF library build location : /work/noaa/da/mpotts/sandbox/gfortran_8.3.0_openmpi_O_develop/esmf
20240521 031632.978 INFO             PET1 ESMF_COMM                   : openmpi
20240521 031632.979 INFO             PET1 ESMF_MOAB                   : enabled
20240521 031632.979 INFO             PET1 ESMF_LAPACK                 : enabled
20240521 031632.979 INFO             PET1 ESMF_NETCDF                 : enabled
20240521 031632.979 INFO             PET1 ESMF_PNETCDF                : disabled
20240521 031632.979 INFO             PET1 ESMF_PIO                    : enabled
20240521 031632.979 INFO             PET1 ESMF_YAMLCPP                : enabled
20240521 031632.979 INFO             PET1  NUMBER_OF_PROCESSORS           4
20240521 031632.979 INFO             PET1  PASS  Example ESMF_VMUserMpiCommMultiEx, ESMF_VMUserMpiCommMultiEx.F90, line 154
20240521 031632.979 INFO             PET1  Finalizing ESMF with endflag==ESMF_END_KEEPMPI
