2024-05-17 02:39:33
[1715933475.206149] [Orion-09-30:132870:0]       ib_verbs.h:84   UCX  ERROR ibv_exp_query_device(mlx5_0) returned 38: No space left on device
[1715933475.206108] [Orion-09-30:132872:0]       ib_verbs.h:84   UCX  ERROR ibv_exp_query_device(mlx5_0) returned 38: No space left on device
[1715933475.208375] [Orion-09-30:132871:0]       ib_verbs.h:84   UCX  ERROR ibv_exp_query_device(mlx5_0) returned 38: No space left on device
[1715933475.208326] [Orion-09-30:132873:0]       ib_verbs.h:84   UCX  ERROR ibv_exp_query_device(mlx5_0) returned 38: No space left on device
--- ESMCI::VM::print() start ---
--- ESMCI::VMId::print() start ---
  vmKeyWidth = 1
  vmKey=0x80000000
  localID = 0
--- ESMCI::VMId::print() end ---
--- VMK::print() start ---
vm located at: 0x1e78930
npets = 1, mypet=0
  pth_mutex =		 0x1e7ead0
  pth_finish_count =	 0x1e7a2b0
MPI_Comm_size: 1
MPI_Comm_rank in local MPI communicator: 0
MPI_Comm_rank in MPI_COMM_WORLD: 0
MPI thread level support: 3
mpi_mutex_flag: 0
mpionly: 0
threadsflag: 0
  lpid[0]=0, tid[0]=0, vas[0]=0, ncpet[0]=1, nadevs[0]=0, cid[0][0]=0
ncores = 4
  cpuid[0]=0, ssiid[0]=0
  cpuid[1]=1, ssiid[1]=0
  cpuid[2]=2, ssiid[2]=0
  cpuid[3]=3, ssiid[3]=0
--- VMK::print() end ---
--- ESMCI::VM::print() end ---
--- ESMCI::VM::print() start ---
--- ESMCI::VMId::print() start ---
  vmKeyWidth = 1
  vmKey=0x80000000
  localID = 0
--- ESMCI::VMId::print() end ---
--- VMK::print() start ---
vm located at: 0x1e78930
npets = 1, mypet=0
  pth_mutex =		 0x1e7ead0
  pth_finish_count =	 0x1e7a2b0
MPI_Comm_size: 1
MPI_Comm_rank in local MPI communicator: 0
MPI_Comm_rank in MPI_COMM_WORLD: 0
MPI thread level support: 3
mpi_mutex_flag: 0
mpionly: 0
threadsflag: 0
  lpid[0]=0, tid[0]=0, vas[0]=0, ncpet[0]=1, nadevs[0]=0, cid[0][0]=0
ncores = 4
  cpuid[0]=0, ssiid[0]=0
  cpuid[1]=1, ssiid[1]=0
  cpuid[2]=2, ssiid[2]=0
  cpuid[3]=3, ssiid[3]=0
--- VMK::print() end ---
--- ESMCI::VM::print() end ---
--- ESMCI::VM::print() start ---
--- ESMCI::VMId::print() start ---
  vmKeyWidth = 1
  vmKey=0x80000000
  localID = 0
--- ESMCI::VMId::print() end ---
--- VMK::print() start ---
vm located at: 0x1e78930
npets = 1, mypet=0
  pth_mutex =		 0x1e7ead0
  pth_finish_count =	 0x1e7a2b0
MPI_Comm_size: 1
MPI_Comm_rank in local MPI communicator: 0
MPI_Comm_rank in MPI_COMM_WORLD: 0
MPI thread level support: 3
mpi_mutex_flag: 0
mpionly: 0
threadsflag: 0
  lpid[0]=0, tid[0]=0, vas[0]=0, ncpet[0]=1, nadevs[0]=0, cid[0][0]=0
ncores = 4
  cpuid[0]=0, ssiid[0]=0
  cpuid[1]=1, ssiid[1]=0
  cpuid[2]=2, ssiid[2]=0
  cpuid[3]=3, ssiid[3]=0
--- VMK::print() end ---
--- ESMCI::VM::print() end ---
  PASS  Example ESMF_VMComponentEx, ESMF_VMComponentEx.F90, line 197
  PASS  Example ESMF_VMComponentEx, ESMF_VMComponentEx.F90, line 197
  PASS  Example ESMF_VMComponentEx, ESMF_VMComponentEx.F90, line 197
  PASS  Example ESMF_VMComponentEx, ESMF_VMComponentEx.F90, line 197
 PASS: ESMF_VMComponentEx.F90
 PASS: ESMF_VMComponentEx.F90
 PASS: ESMF_VMComponentEx.F90
 PASS: ESMF_VMComponentEx.F90
