2024-05-26 02:36:19
20240526 031253.981 INFO             PET0 !!!!!!!!!!!!!!!!!!!!!!!!!!!!!!!!!!!!!!!!!!!!!!!!!!!!!!
20240526 031253.981 INFO             PET0 !!! THE ESMF_LOG IS SET TO OUTPUT ALL LOG MESSAGES !!!
20240526 031253.981 INFO             PET0 !!!     THIS MAY CAUSE SLOWDOWN IN PERFORMANCE     !!!
20240526 031253.981 INFO             PET0 !!! FOR PRODUCTION RUNS, USE:                      !!!
20240526 031253.981 INFO             PET0 !!!                   ESMF_LOGKIND_Multi_On_Error  !!!
20240526 031253.981 INFO             PET0 !!!!!!!!!!!!!!!!!!!!!!!!!!!!!!!!!!!!!!!!!!!!!!!!!!!!!!
20240526 031253.981 INFO             PET0 Running with ESMF Version   : v8.7.0b06-6-g5fb1a7b
20240526 031253.981 INFO             PET0 ESMF library build date/time: "May 26 2024" "02:34:24"
20240526 031253.981 INFO             PET0 ESMF library build location : /work/noaa/da/mpotts/sandbox/gfortran_8.3.0_openmpi_O_develop/esmf
20240526 031253.981 INFO             PET0 ESMF_COMM                   : openmpi
20240526 031253.982 INFO             PET0 ESMF_MOAB                   : enabled
20240526 031253.982 INFO             PET0 ESMF_LAPACK                 : enabled
20240526 031253.982 INFO             PET0 ESMF_NETCDF                 : enabled
20240526 031253.982 INFO             PET0 ESMF_PNETCDF                : disabled
20240526 031253.982 INFO             PET0 ESMF_PIO                    : enabled
20240526 031253.982 INFO             PET0 ESMF_YAMLCPP                : enabled
20240526 031253.985 INFO             PET0  NUMBER_OF_PROCESSORS           4
20240526 031253.985 INFO             PET0  PASS  Example ESMF_FieldArbGridEx, ESMF_FieldArbGridEx.F90, line 243
20240526 031253.985 INFO             PET0  Finalizing ESMF
20240526 031253.982 INFO             PET1 !!!!!!!!!!!!!!!!!!!!!!!!!!!!!!!!!!!!!!!!!!!!!!!!!!!!!!
20240526 031253.982 INFO             PET1 !!! THE ESMF_LOG IS SET TO OUTPUT ALL LOG MESSAGES !!!
20240526 031253.982 INFO             PET1 !!!     THIS MAY CAUSE SLOWDOWN IN PERFORMANCE     !!!
20240526 031253.982 INFO             PET1 !!! FOR PRODUCTION RUNS, USE:                      !!!
20240526 031253.982 INFO             PET1 !!!                   ESMF_LOGKIND_Multi_On_Error  !!!
20240526 031253.982 INFO             PET1 !!!!!!!!!!!!!!!!!!!!!!!!!!!!!!!!!!!!!!!!!!!!!!!!!!!!!!
20240526 031253.982 INFO             PET1 Running with ESMF Version   : v8.7.0b06-6-g5fb1a7b
20240526 031253.982 INFO             PET1 ESMF library build date/time: "May 26 2024" "02:34:24"
20240526 031253.982 INFO             PET1 ESMF library build location : /work/noaa/da/mpotts/sandbox/gfortran_8.3.0_openmpi_O_develop/esmf
20240526 031253.982 INFO             PET1 ESMF_COMM                   : openmpi
20240526 031253.983 INFO             PET1 ESMF_MOAB                   : enabled
20240526 031253.983 INFO             PET1 ESMF_LAPACK                 : enabled
20240526 031253.983 INFO             PET1 ESMF_NETCDF                 : enabled
20240526 031253.983 INFO             PET1 ESMF_PNETCDF                : disabled
20240526 031253.983 INFO             PET1 ESMF_PIO                    : enabled
20240526 031253.983 INFO             PET1 ESMF_YAMLCPP                : enabled
20240526 031253.986 INFO             PET1  NUMBER_OF_PROCESSORS           4
20240526 031253.986 INFO             PET1  PASS  Example ESMF_FieldArbGridEx, ESMF_FieldArbGridEx.F90, line 243
20240526 031253.986 INFO             PET1  Finalizing ESMF
20240526 031253.981 INFO             PET2 !!!!!!!!!!!!!!!!!!!!!!!!!!!!!!!!!!!!!!!!!!!!!!!!!!!!!!
20240526 031253.981 INFO             PET2 !!! THE ESMF_LOG IS SET TO OUTPUT ALL LOG MESSAGES !!!
20240526 031253.981 INFO             PET2 !!!     THIS MAY CAUSE SLOWDOWN IN PERFORMANCE     !!!
20240526 031253.981 INFO             PET2 !!! FOR PRODUCTION RUNS, USE:                      !!!
20240526 031253.981 INFO             PET2 !!!                   ESMF_LOGKIND_Multi_On_Error  !!!
20240526 031253.981 INFO             PET2 !!!!!!!!!!!!!!!!!!!!!!!!!!!!!!!!!!!!!!!!!!!!!!!!!!!!!!
20240526 031253.981 INFO             PET2 Running with ESMF Version   : v8.7.0b06-6-g5fb1a7b
20240526 031253.981 INFO             PET2 ESMF library build date/time: "May 26 2024" "02:34:24"
20240526 031253.981 INFO             PET2 ESMF library build location : /work/noaa/da/mpotts/sandbox/gfortran_8.3.0_openmpi_O_develop/esmf
20240526 031253.981 INFO             PET2 ESMF_COMM                   : openmpi
20240526 031253.982 INFO             PET2 ESMF_MOAB                   : enabled
20240526 031253.982 INFO             PET2 ESMF_LAPACK                 : enabled
20240526 031253.982 INFO             PET2 ESMF_NETCDF                 : enabled
20240526 031253.982 INFO             PET2 ESMF_PNETCDF                : disabled
20240526 031253.982 INFO             PET2 ESMF_PIO                    : enabled
20240526 031253.982 INFO             PET2 ESMF_YAMLCPP                : enabled
20240526 031253.985 INFO             PET2  NUMBER_OF_PROCESSORS           4
20240526 031253.985 INFO             PET2  PASS  Example ESMF_FieldArbGridEx, ESMF_FieldArbGridEx.F90, line 243
20240526 031253.985 INFO             PET2  Finalizing ESMF
20240526 031253.982 INFO             PET3 !!!!!!!!!!!!!!!!!!!!!!!!!!!!!!!!!!!!!!!!!!!!!!!!!!!!!!
20240526 031253.982 INFO             PET3 !!! THE ESMF_LOG IS SET TO OUTPUT ALL LOG MESSAGES !!!
20240526 031253.982 INFO             PET3 !!!     THIS MAY CAUSE SLOWDOWN IN PERFORMANCE     !!!
20240526 031253.982 INFO             PET3 !!! FOR PRODUCTION RUNS, USE:                      !!!
20240526 031253.982 INFO             PET3 !!!                   ESMF_LOGKIND_Multi_On_Error  !!!
20240526 031253.982 INFO             PET3 !!!!!!!!!!!!!!!!!!!!!!!!!!!!!!!!!!!!!!!!!!!!!!!!!!!!!!
20240526 031253.982 INFO             PET3 Running with ESMF Version   : v8.7.0b06-6-g5fb1a7b
20240526 031253.982 INFO             PET3 ESMF library build date/time: "May 26 2024" "02:34:24"
20240526 031253.982 INFO             PET3 ESMF library build location : /work/noaa/da/mpotts/sandbox/gfortran_8.3.0_openmpi_O_develop/esmf
20240526 031253.982 INFO             PET3 ESMF_COMM                   : openmpi
20240526 031253.983 INFO             PET3 ESMF_MOAB                   : enabled
20240526 031253.983 INFO             PET3 ESMF_LAPACK                 : enabled
20240526 031253.983 INFO             PET3 ESMF_NETCDF                 : enabled
20240526 031253.983 INFO             PET3 ESMF_PNETCDF                : disabled
20240526 031253.983 INFO             PET3 ESMF_PIO                    : enabled
20240526 031253.983 INFO             PET3 ESMF_YAMLCPP                : enabled
20240526 031253.986 INFO             PET3  NUMBER_OF_PROCESSORS           4
20240526 031253.986 INFO             PET3  PASS  Example ESMF_FieldArbGridEx, ESMF_FieldArbGridEx.F90, line 243
20240526 031253.986 INFO             PET3  Finalizing ESMF
