2024-06-12 02:39:58
20240612 030701.472 INFO             PET0 !!!!!!!!!!!!!!!!!!!!!!!!!!!!!!!!!!!!!!!!!!!!!!!!!!!!!!
20240612 030701.472 INFO             PET0 !!! THE ESMF_LOG IS SET TO OUTPUT ALL LOG MESSAGES !!!
20240612 030701.472 INFO             PET0 !!!     THIS MAY CAUSE SLOWDOWN IN PERFORMANCE     !!!
20240612 030701.472 INFO             PET0 !!! FOR PRODUCTION RUNS, USE:                      !!!
20240612 030701.472 INFO             PET0 !!!                   ESMF_LOGKIND_Multi_On_Error  !!!
20240612 030701.472 INFO             PET0 !!!!!!!!!!!!!!!!!!!!!!!!!!!!!!!!!!!!!!!!!!!!!!!!!!!!!!
20240612 030701.472 INFO             PET0 Running with ESMF Version   : v8.7.0b07
20240612 030701.472 INFO             PET0 ESMF library build date/time: "Jun 12 2024" "02:37:06"
20240612 030701.472 INFO             PET0 ESMF library build location : /work/noaa/da/mpotts/sandbox/gfortran_8.3.0_openmpi_O_develop/esmf
20240612 030701.472 INFO             PET0 ESMF_COMM                   : openmpi
20240612 030701.473 INFO             PET0 ESMF_MOAB                   : enabled
20240612 030701.473 INFO             PET0 ESMF_LAPACK                 : enabled
20240612 030701.473 INFO             PET0 ESMF_NETCDF                 : enabled
20240612 030701.473 INFO             PET0 ESMF_PNETCDF                : disabled
20240612 030701.473 INFO             PET0 ESMF_PIO                    : enabled
20240612 030701.473 INFO             PET0 ESMF_YAMLCPP                : enabled
20240612 030701.476 INFO             PET0  NUMBER_OF_PROCESSORS           1
20240612 030701.476 INFO             PET0  PASS  Example ESMF_XGridSparseMatEx, ESMF_XGridSparseMatEx.F90, line 642
20240612 030701.476 INFO             PET0  Finalizing ESMF
