2024-08-01 07:30:34
ABC: Model Advance 2012 10 24  8  0  0   0
ABC: Import Fields
ABC:                     FIELD     COUNT      MEAN       MIN       MAX OKAY
ABC: Export Fields
ABC:                     FIELD     COUNT      MEAN       MIN       MAX
ABC:   sea_surface_temperature      2048  0.27E+03  0.27E+03  0.27E+03
DEF: Model Advance 2012 10 24  8  0  0   0
DEF: Import Fields
DEF:                     FIELD     COUNT      MEAN       MIN       MAX OKAY
DEF:   sea_surface_temperature      2048  0.27E+03  0.27E+03  0.27E+03    T
DEF: Export Fields
DEF:                     FIELD     COUNT      MEAN       MIN       MAX
ABC: Model Advance 2012 10 24  8 15  0   0
ABC: Import Fields
ABC:                     FIELD     COUNT      MEAN       MIN       MAX OKAY
ABC: Export Fields
ABC:                     FIELD     COUNT      MEAN       MIN       MAX
ABC:   sea_surface_temperature      2048  0.27E+03  0.27E+03  0.27E+03
DEF: Model Advance 2012 10 24  8 15  0   0
DEF: Import Fields
DEF:                     FIELD     COUNT      MEAN       MIN       MAX OKAY
DEF:   sea_surface_temperature      2048  0.27E+03  0.27E+03  0.27E+03    T
DEF: Export Fields
DEF:                     FIELD     COUNT      MEAN       MIN       MAX
ABC: Model Advance 2012 10 24  8 30  0   0
ABC: Import Fields
ABC:                     FIELD     COUNT      MEAN       MIN       MAX OKAY
ABC: Export Fields
ABC:                     FIELD     COUNT      MEAN       MIN       MAX
ABC:   sea_surface_temperature      2048  0.27E+03  0.27E+03  0.27E+03
DEF: Model Advance 2012 10 24  8 30  0   0
DEF: Import Fields
DEF:                     FIELD     COUNT      MEAN       MIN       MAX OKAY
DEF:   sea_surface_temperature      2048  0.27E+03  0.27E+03  0.27E+03    T
DEF: Export Fields
DEF:                     FIELD     COUNT      MEAN       MIN       MAX
ABC: Model Advance 2012 10 24  8 45  0   0
ABC: Import Fields
ABC:                     FIELD     COUNT      MEAN       MIN       MAX OKAY
ABC: Export Fields
ABC:                     FIELD     COUNT      MEAN       MIN       MAX
ABC:   sea_surface_temperature      2048  0.27E+03  0.27E+03  0.27E+03
DEF: Model Advance 2012 10 24  8 45  0   0
DEF: Import Fields
DEF:                     FIELD     COUNT      MEAN       MIN       MAX OKAY
DEF:   sea_surface_temperature      2048  0.27E+03  0.27E+03  0.27E+03    T
DEF: Export Fields
DEF:                     FIELD     COUNT      MEAN       MIN       MAX
ABC: Model Advance 2012 10 24  9  0  0   0
ABC: Import Fields
ABC:                     FIELD     COUNT      MEAN       MIN       MAX OKAY
ABC: Export Fields
ABC:                     FIELD     COUNT      MEAN       MIN       MAX
ABC:   sea_surface_temperature      2048  0.27E+03  0.27E+03  0.27E+03
DEF: Model Advance 2012 10 24  9  0  0   0
DEF: Import Fields
DEF:                     FIELD     COUNT      MEAN       MIN       MAX OKAY
DEF:   sea_surface_temperature      2048  0.27E+03  0.27E+03  0.27E+03    T
DEF: Export Fields
DEF:                     FIELD     COUNT      MEAN       MIN       MAX
ABC: Model Advance 2012 10 24  9 15  0   0
ABC: Import Fields
ABC:                     FIELD     COUNT      MEAN       MIN       MAX OKAY
ABC: Export Fields
ABC:                     FIELD     COUNT      MEAN       MIN       MAX
ABC:   sea_surface_temperature      2048  0.27E+03  0.27E+03  0.27E+03
DEF: Model Advance 2012 10 24  9 15  0   0
DEF: Import Fields
DEF:                     FIELD     COUNT      MEAN       MIN       MAX OKAY
DEF:   sea_surface_temperature      2048  0.27E+03  0.27E+03  0.27E+03    T
DEF: Export Fields
DEF:                     FIELD     COUNT      MEAN       MIN       MAX
ABC: Model Advance 2012 10 24  9 30  0   0
ABC: Import Fields
ABC:                     FIELD     COUNT      MEAN       MIN       MAX OKAY
ABC: Export Fields
ABC:                     FIELD     COUNT      MEAN       MIN       MAX
ABC:   sea_surface_temperature      2048  0.27E+03  0.27E+03  0.27E+03
DEF: Model Advance 2012 10 24  9 30  0   0
DEF: Import Fields
DEF:                     FIELD     COUNT      MEAN       MIN       MAX OKAY
DEF:   sea_surface_temperature      2048  0.27E+03  0.27E+03  0.27E+03    T
DEF: Export Fields
DEF:                     FIELD     COUNT      MEAN       MIN       MAX
ABC: Model Advance 2012 10 24  9 45  0   0
ABC: Import Fields
ABC:                     FIELD     COUNT      MEAN       MIN       MAX OKAY
ABC: Export Fields
ABC:                     FIELD     COUNT      MEAN       MIN       MAX
ABC:   sea_surface_temperature      2048  0.27E+03  0.27E+03  0.27E+03
DEF: Model Advance 2012 10 24  9 45  0   0
DEF: Import Fields
DEF:                     FIELD     COUNT      MEAN       MIN       MAX OKAY
DEF:   sea_surface_temperature      2048  0.27E+03  0.27E+03  0.27E+03    T
DEF: Export Fields
DEF:                     FIELD     COUNT      MEAN       MIN       MAX
ABC: Model Advance 2012 10 24 10  0  0   0
ABC: Import Fields
ABC:                     FIELD     COUNT      MEAN       MIN       MAX OKAY
ABC: Export Fields
ABC:                     FIELD     COUNT      MEAN       MIN       MAX
ABC:   sea_surface_temperature      2048  0.27E+03  0.27E+03  0.27E+03
DEF: Model Advance 2012 10 24 10  0  0   0
DEF: Import Fields
DEF:                     FIELD     COUNT      MEAN       MIN       MAX OKAY
DEF:   sea_surface_temperature      2048  0.27E+03  0.27E+03  0.27E+03    T
DEF: Export Fields
DEF:                     FIELD     COUNT      MEAN       MIN       MAX
ABC: Model Advance 2012 10 24 10 15  0   0
ABC: Import Fields
ABC:                     FIELD     COUNT      MEAN       MIN       MAX OKAY
ABC: Export Fields
ABC:                     FIELD     COUNT      MEAN       MIN       MAX
ABC:   sea_surface_temperature      2048  0.27E+03  0.27E+03  0.27E+03
DEF: Model Advance 2012 10 24 10 15  0   0
DEF: Import Fields
DEF:                     FIELD     COUNT      MEAN       MIN       MAX OKAY
DEF:   sea_surface_temperature      2048  0.27E+03  0.27E+03  0.27E+03    T
DEF: Export Fields
DEF:                     FIELD     COUNT      MEAN       MIN       MAX
ABC: Model Advance 2012 10 24 10 30  0   0
ABC: Import Fields
ABC:                     FIELD     COUNT      MEAN       MIN       MAX OKAY
ABC: Export Fields
ABC:                     FIELD     COUNT      MEAN       MIN       MAX
ABC:   sea_surface_temperature      2048  0.27E+03  0.27E+03  0.27E+03
DEF: Model Advance 2012 10 24 10 30  0   0
DEF: Import Fields
DEF:                     FIELD     COUNT      MEAN       MIN       MAX OKAY
DEF:   sea_surface_temperature      2048  0.27E+03  0.27E+03  0.27E+03    T
DEF: Export Fields
DEF:                     FIELD     COUNT      MEAN       MIN       MAX
ABC: Model Advance 2012 10 24 10 45  0   0
ABC: Import Fields
ABC:                     FIELD     COUNT      MEAN       MIN       MAX OKAY
ABC: Export Fields
ABC:                     FIELD     COUNT      MEAN       MIN       MAX
ABC:   sea_surface_temperature      2048  0.27E+03  0.27E+03  0.27E+03
DEF: Model Advance 2012 10 24 10 45  0   0
DEF: Import Fields
DEF:                     FIELD     COUNT      MEAN       MIN       MAX OKAY
DEF:   sea_surface_temperature      2048  0.27E+03  0.27E+03  0.27E+03    T
DEF: Export Fields
DEF:                     FIELD     COUNT      MEAN       MIN       MAX
ABC: Model Advance 2012 10 24 11  0  0   0
ABC: Import Fields
ABC:                     FIELD     COUNT      MEAN       MIN       MAX OKAY
ABC: Export Fields
ABC:                     FIELD     COUNT      MEAN       MIN       MAX
ABC:   sea_surface_temperature      2048  0.27E+03  0.27E+03  0.27E+03
DEF: Model Advance 2012 10 24 11  0  0   0
DEF: Import Fields
DEF:                     FIELD     COUNT      MEAN       MIN       MAX OKAY
DEF:   sea_surface_temperature      2048  0.27E+03  0.27E+03  0.27E+03    T
DEF: Export Fields
DEF:                     FIELD     COUNT      MEAN       MIN       MAX
ABC: Model Advance 2012 10 24 11 15  0   0
ABC: Import Fields
ABC:                     FIELD     COUNT      MEAN       MIN       MAX OKAY
ABC: Export Fields
ABC:                     FIELD     COUNT      MEAN       MIN       MAX
ABC:   sea_surface_temperature      2048  0.27E+03  0.27E+03  0.27E+03
DEF: Model Advance 2012 10 24 11 15  0   0
DEF: Import Fields
DEF:                     FIELD     COUNT      MEAN       MIN       MAX OKAY
DEF:   sea_surface_temperature      2048  0.27E+03  0.27E+03  0.27E+03    T
DEF: Export Fields
DEF:                     FIELD     COUNT      MEAN       MIN       MAX
ABC: Model Advance 2012 10 24 11 30  0   0
ABC: Import Fields
ABC:                     FIELD     COUNT      MEAN       MIN       MAX OKAY
ABC: Export Fields
ABC:                     FIELD     COUNT      MEAN       MIN       MAX
ABC:   sea_surface_temperature      2048  0.27E+03  0.27E+03  0.27E+03
DEF: Model Advance 2012 10 24 11 30  0   0
DEF: Import Fields
DEF:                     FIELD     COUNT      MEAN       MIN       MAX OKAY
DEF:   sea_surface_temperature      2048  0.27E+03  0.27E+03  0.27E+03    T
DEF: Export Fields
DEF:                     FIELD     COUNT      MEAN       MIN       MAX
ABC: Model Advance 2012 10 24 11 45  0   0
ABC: Import Fields
ABC:                     FIELD     COUNT      MEAN       MIN       MAX OKAY
ABC: Export Fields
ABC:                     FIELD     COUNT      MEAN       MIN       MAX
ABC:   sea_surface_temperature      2048  0.27E+03  0.27E+03  0.27E+03
DEF: Model Advance 2012 10 24 11 45  0   0
DEF: Import Fields
DEF:                     FIELD     COUNT      MEAN       MIN       MAX OKAY
DEF:   sea_surface_temperature      2048  0.27E+03  0.27E+03  0.27E+03    T
DEF: Export Fields
DEF:                     FIELD     COUNT      MEAN       MIN       MAX
ABC: Model Advance 2012 10 24 12  0  0   0
ABC: Import Fields
ABC:                     FIELD     COUNT      MEAN       MIN       MAX OKAY
ABC: Export Fields
ABC:                     FIELD     COUNT      MEAN       MIN       MAX
ABC:   sea_surface_temperature      2048  0.27E+03  0.27E+03  0.27E+03
DEF: Model Advance 2012 10 24 12  0  0   0
DEF: Import Fields
DEF:                     FIELD     COUNT      MEAN       MIN       MAX OKAY
DEF:   sea_surface_temperature      2048  0.27E+03  0.27E+03  0.27E+03    T
DEF: Export Fields
DEF:                     FIELD     COUNT      MEAN       MIN       MAX
ABC: Model Advance 2012 10 24 12 15  0   0
ABC: Import Fields
ABC:                     FIELD     COUNT      MEAN       MIN       MAX OKAY
ABC: Export Fields
ABC:                     FIELD     COUNT      MEAN       MIN       MAX
ABC:   sea_surface_temperature      2048  0.27E+03  0.27E+03  0.27E+03
DEF: Model Advance 2012 10 24 12 15  0   0
DEF: Import Fields
DEF:                     FIELD     COUNT      MEAN       MIN       MAX OKAY
DEF:   sea_surface_temperature      2048  0.27E+03  0.27E+03  0.27E+03    T
DEF: Export Fields
DEF:                     FIELD     COUNT      MEAN       MIN       MAX
ABC: Model Advance 2012 10 24 12 30  0   0
ABC: Import Fields
ABC:                     FIELD     COUNT      MEAN       MIN       MAX OKAY
ABC: Export Fields
ABC:                     FIELD     COUNT      MEAN       MIN       MAX
ABC:   sea_surface_temperature      2048  0.27E+03  0.27E+03  0.27E+03
DEF: Model Advance 2012 10 24 12 30  0   0
DEF: Import Fields
DEF:                     FIELD     COUNT      MEAN       MIN       MAX OKAY
DEF:   sea_surface_temperature      2048  0.27E+03  0.27E+03  0.27E+03    T
DEF: Export Fields
DEF:                     FIELD     COUNT      MEAN       MIN       MAX
ABC: Model Advance 2012 10 24 12 45  0   0
ABC: Import Fields
ABC:                     FIELD     COUNT      MEAN       MIN       MAX OKAY
ABC: Export Fields
ABC:                     FIELD     COUNT      MEAN       MIN       MAX
ABC:   sea_surface_temperature      2048  0.27E+03  0.27E+03  0.27E+03
DEF: Model Advance 2012 10 24 12 45  0   0
DEF: Import Fields
DEF:                     FIELD     COUNT      MEAN       MIN       MAX OKAY
DEF:   sea_surface_temperature      2048  0.27E+03  0.27E+03  0.27E+03    T
DEF: Export Fields
DEF:                     FIELD     COUNT      MEAN       MIN       MAX
ABC: Model Advance 2012 10 24 13  0  0   0
ABC: Import Fields
ABC:                     FIELD     COUNT      MEAN       MIN       MAX OKAY
ABC: Export Fields
ABC:                     FIELD     COUNT      MEAN       MIN       MAX
ABC:   sea_surface_temperature      2048  0.27E+03  0.27E+03  0.27E+03
DEF: Model Advance 2012 10 24 13  0  0   0
DEF: Import Fields
DEF:                     FIELD     COUNT      MEAN       MIN       MAX OKAY
DEF:   sea_surface_temperature      2048  0.27E+03  0.27E+03  0.27E+03    T
DEF: Export Fields
DEF:                     FIELD     COUNT      MEAN       MIN       MAX
ABC: Model Advance 2012 10 24 13 15  0   0
ABC: Import Fields
ABC:                     FIELD     COUNT      MEAN       MIN       MAX OKAY
ABC: Export Fields
ABC:                     FIELD     COUNT      MEAN       MIN       MAX
ABC:   sea_surface_temperature      2048  0.27E+03  0.27E+03  0.27E+03
DEF: Model Advance 2012 10 24 13 15  0   0
DEF: Import Fields
DEF:                     FIELD     COUNT      MEAN       MIN       MAX OKAY
DEF:   sea_surface_temperature      2048  0.27E+03  0.27E+03  0.27E+03    T
DEF: Export Fields
DEF:                     FIELD     COUNT      MEAN       MIN       MAX
ABC: Model Advance 2012 10 24 13 30  0   0
ABC: Import Fields
ABC:                     FIELD     COUNT      MEAN       MIN       MAX OKAY
ABC: Export Fields
ABC:                     FIELD     COUNT      MEAN       MIN       MAX
ABC:   sea_surface_temperature      2048  0.27E+03  0.27E+03  0.27E+03
DEF: Model Advance 2012 10 24 13 30  0   0
DEF: Import Fields
DEF:                     FIELD     COUNT      MEAN       MIN       MAX OKAY
DEF:   sea_surface_temperature      2048  0.27E+03  0.27E+03  0.27E+03    T
DEF: Export Fields
DEF:                     FIELD     COUNT      MEAN       MIN       MAX
ABC: Model Advance 2012 10 24 13 45  0   0
ABC: Import Fields
ABC:                     FIELD     COUNT      MEAN       MIN       MAX OKAY
ABC: Export Fields
ABC:                     FIELD     COUNT      MEAN       MIN       MAX
ABC:   sea_surface_temperature      2048  0.27E+03  0.27E+03  0.27E+03
DEF: Model Advance 2012 10 24 13 45  0   0
DEF: Import Fields
DEF:                     FIELD     COUNT      MEAN       MIN       MAX OKAY
DEF:   sea_surface_temperature      2048  0.27E+03  0.27E+03  0.27E+03    T
DEF: Export Fields
DEF:                     FIELD     COUNT      MEAN       MIN       MAX
ABC: Model Advance 2012 10 24 14  0  0   0
ABC: Import Fields
ABC:                     FIELD     COUNT      MEAN       MIN       MAX OKAY
ABC: Export Fields
ABC:                     FIELD     COUNT      MEAN       MIN       MAX
ABC:   sea_surface_temperature      2048  0.27E+03  0.27E+03  0.27E+03
DEF: Model Advance 2012 10 24 14  0  0   0
DEF: Import Fields
DEF:                     FIELD     COUNT      MEAN       MIN       MAX OKAY
DEF:   sea_surface_temperature      2048  0.27E+03  0.27E+03  0.27E+03    T
DEF: Export Fields
DEF:                     FIELD     COUNT      MEAN       MIN       MAX
ABC: Model Advance 2012 10 24 14 15  0   0
ABC: Import Fields
ABC:                     FIELD     COUNT      MEAN       MIN       MAX OKAY
ABC: Export Fields
ABC:                     FIELD     COUNT      MEAN       MIN       MAX
ABC:   sea_surface_temperature      2048  0.27E+03  0.27E+03  0.27E+03
DEF: Model Advance 2012 10 24 14 15  0   0
DEF: Import Fields
DEF:                     FIELD     COUNT      MEAN       MIN       MAX OKAY
DEF:   sea_surface_temperature      2048  0.27E+03  0.27E+03  0.27E+03    T
DEF: Export Fields
DEF:                     FIELD     COUNT      MEAN       MIN       MAX
ABC: Model Advance 2012 10 24 14 30  0   0
ABC: Import Fields
ABC:                     FIELD     COUNT      MEAN       MIN       MAX OKAY
ABC: Export Fields
ABC:                     FIELD     COUNT      MEAN       MIN       MAX
ABC:   sea_surface_temperature      2048  0.27E+03  0.27E+03  0.27E+03
DEF: Model Advance 2012 10 24 14 30  0   0
DEF: Import Fields
DEF:                     FIELD     COUNT      MEAN       MIN       MAX OKAY
DEF:   sea_surface_temperature      2048  0.27E+03  0.27E+03  0.27E+03    T
DEF: Export Fields
DEF:                     FIELD     COUNT      MEAN       MIN       MAX
ABC: Model Advance 2012 10 24 14 45  0   0
ABC: Import Fields
ABC:                     FIELD     COUNT      MEAN       MIN       MAX OKAY
ABC: Export Fields
ABC:                     FIELD     COUNT      MEAN       MIN       MAX
ABC:   sea_surface_temperature      2048  0.27E+03  0.27E+03  0.27E+03
DEF: Model Advance 2012 10 24 14 45  0   0
DEF: Import Fields
DEF:                     FIELD     COUNT      MEAN       MIN       MAX OKAY
DEF:   sea_surface_temperature      2048  0.27E+03  0.27E+03  0.27E+03    T
DEF: Export Fields
DEF:                     FIELD     COUNT      MEAN       MIN       MAX
ABC: Model Advance 2012 10 24 15  0  0   0
ABC: Import Fields
ABC:                     FIELD     COUNT      MEAN       MIN       MAX OKAY
ABC: Export Fields
ABC:                     FIELD     COUNT      MEAN       MIN       MAX
ABC:   sea_surface_temperature      2048  0.27E+03  0.27E+03  0.27E+03
DEF: Model Advance 2012 10 24 15  0  0   0
DEF: Import Fields
DEF:                     FIELD     COUNT      MEAN       MIN       MAX OKAY
DEF:   sea_surface_temperature      2048  0.27E+03  0.27E+03  0.27E+03    T
DEF: Export Fields
DEF:                     FIELD     COUNT      MEAN       MIN       MAX
ABC: Model Advance 2012 10 24 15 15  0   0
ABC: Import Fields
ABC:                     FIELD     COUNT      MEAN       MIN       MAX OKAY
ABC: Export Fields
ABC:                     FIELD     COUNT      MEAN       MIN       MAX
ABC:   sea_surface_temperature      2048  0.27E+03  0.27E+03  0.27E+03
DEF: Model Advance 2012 10 24 15 15  0   0
DEF: Import Fields
DEF:                     FIELD     COUNT      MEAN       MIN       MAX OKAY
DEF:   sea_surface_temperature      2048  0.27E+03  0.27E+03  0.27E+03    T
DEF: Export Fields
DEF:                     FIELD     COUNT      MEAN       MIN       MAX
ABC: Model Advance 2012 10 24 15 30  0   0
ABC: Import Fields
ABC:                     FIELD     COUNT      MEAN       MIN       MAX OKAY
ABC: Export Fields
ABC:                     FIELD     COUNT      MEAN       MIN       MAX
ABC:   sea_surface_temperature      2048  0.27E+03  0.27E+03  0.27E+03
DEF: Model Advance 2012 10 24 15 30  0   0
DEF: Import Fields
DEF:                     FIELD     COUNT      MEAN       MIN       MAX OKAY
DEF:   sea_surface_temperature      2048  0.27E+03  0.27E+03  0.27E+03    T
DEF: Export Fields
DEF:                     FIELD     COUNT      MEAN       MIN       MAX
ABC: Model Advance 2012 10 24 15 45  0   0
ABC: Import Fields
ABC:                     FIELD     COUNT      MEAN       MIN       MAX OKAY
ABC: Export Fields
ABC:                     FIELD     COUNT      MEAN       MIN       MAX
ABC:   sea_surface_temperature      2048  0.27E+03  0.27E+03  0.27E+03
DEF: Model Advance 2012 10 24 15 45  0   0
DEF: Import Fields
DEF:                     FIELD     COUNT      MEAN       MIN       MAX OKAY
DEF:   sea_surface_temperature      2048  0.27E+03  0.27E+03  0.27E+03    T
DEF: Export Fields
DEF:                     FIELD     COUNT      MEAN       MIN       MAX
ABC: Model Advance 2012 10 24 16  0  0   0
ABC: Import Fields
ABC:                     FIELD     COUNT      MEAN       MIN       MAX OKAY
ABC: Export Fields
ABC:                     FIELD     COUNT      MEAN       MIN       MAX
ABC:   sea_surface_temperature      2048  0.27E+03  0.27E+03  0.27E+03
DEF: Model Advance 2012 10 24 16  0  0   0
DEF: Import Fields
DEF:                     FIELD     COUNT      MEAN       MIN       MAX OKAY
DEF:   sea_surface_temperature      2048  0.27E+03  0.27E+03  0.27E+03    T
DEF: Export Fields
DEF:                     FIELD     COUNT      MEAN       MIN       MAX
ABC: Model Advance 2012 10 24 16 15  0   0
ABC: Import Fields
ABC:                     FIELD     COUNT      MEAN       MIN       MAX OKAY
ABC: Export Fields
ABC:                     FIELD     COUNT      MEAN       MIN       MAX
ABC:   sea_surface_temperature      2048  0.27E+03  0.27E+03  0.27E+03
DEF: Model Advance 2012 10 24 16 15  0   0
DEF: Import Fields
DEF:                     FIELD     COUNT      MEAN       MIN       MAX OKAY
DEF:   sea_surface_temperature      2048  0.27E+03  0.27E+03  0.27E+03    T
DEF: Export Fields
DEF:                     FIELD     COUNT      MEAN       MIN       MAX
ABC: Model Advance 2012 10 24 16 30  0   0
ABC: Import Fields
ABC:                     FIELD     COUNT      MEAN       MIN       MAX OKAY
ABC: Export Fields
ABC:                     FIELD     COUNT      MEAN       MIN       MAX
ABC:   sea_surface_temperature      2048  0.27E+03  0.27E+03  0.27E+03
DEF: Model Advance 2012 10 24 16 30  0   0
DEF: Import Fields
DEF:                     FIELD     COUNT      MEAN       MIN       MAX OKAY
DEF:   sea_surface_temperature      2048  0.27E+03  0.27E+03  0.27E+03    T
DEF: Export Fields
DEF:                     FIELD     COUNT      MEAN       MIN       MAX
ABC: Model Advance 2012 10 24 16 45  0   0
ABC: Import Fields
ABC:                     FIELD     COUNT      MEAN       MIN       MAX OKAY
ABC: Export Fields
ABC:                     FIELD     COUNT      MEAN       MIN       MAX
ABC:   sea_surface_temperature      2048  0.27E+03  0.27E+03  0.27E+03
DEF: Model Advance 2012 10 24 16 45  0   0
DEF: Import Fields
DEF:                     FIELD     COUNT      MEAN       MIN       MAX OKAY
DEF:   sea_surface_temperature      2048  0.27E+03  0.27E+03  0.27E+03    T
DEF: Export Fields
DEF:                     FIELD     COUNT      MEAN       MIN       MAX
ABC: Model Advance 2012 10 24 17  0  0   0
ABC: Import Fields
ABC:                     FIELD     COUNT      MEAN       MIN       MAX OKAY
ABC: Export Fields
ABC:                     FIELD     COUNT      MEAN       MIN       MAX
ABC:   sea_surface_temperature      2048  0.27E+03  0.27E+03  0.27E+03
DEF: Model Advance 2012 10 24 17  0  0   0
DEF: Import Fields
DEF:                     FIELD     COUNT      MEAN       MIN       MAX OKAY
DEF:   sea_surface_temperature      2048  0.27E+03  0.27E+03  0.27E+03    T
DEF: Export Fields
DEF:                     FIELD     COUNT      MEAN       MIN       MAX
ABC: Model Advance 2012 10 24 17 15  0   0
ABC: Import Fields
ABC:                     FIELD     COUNT      MEAN       MIN       MAX OKAY
ABC: Export Fields
ABC:                     FIELD     COUNT      MEAN       MIN       MAX
ABC:   sea_surface_temperature      2048  0.27E+03  0.27E+03  0.27E+03
DEF: Model Advance 2012 10 24 17 15  0   0
DEF: Import Fields
DEF:                     FIELD     COUNT      MEAN       MIN       MAX OKAY
DEF:   sea_surface_temperature      2048  0.27E+03  0.27E+03  0.27E+03    T
DEF: Export Fields
DEF:                     FIELD     COUNT      MEAN       MIN       MAX
ABC: Model Advance 2012 10 24 17 30  0   0
ABC: Import Fields
ABC:                     FIELD     COUNT      MEAN       MIN       MAX OKAY
ABC: Export Fields
ABC:                     FIELD     COUNT      MEAN       MIN       MAX
ABC:   sea_surface_temperature      2048  0.27E+03  0.27E+03  0.27E+03
DEF: Model Advance 2012 10 24 17 30  0   0
DEF: Import Fields
DEF:                     FIELD     COUNT      MEAN       MIN       MAX OKAY
DEF:   sea_surface_temperature      2048  0.27E+03  0.27E+03  0.27E+03    T
DEF: Export Fields
DEF:                     FIELD     COUNT      MEAN       MIN       MAX
ABC: Model Advance 2012 10 24 17 45  0   0
ABC: Import Fields
ABC:                     FIELD     COUNT      MEAN       MIN       MAX OKAY
ABC: Export Fields
ABC:                     FIELD     COUNT      MEAN       MIN       MAX
ABC:   sea_surface_temperature      2048  0.27E+03  0.27E+03  0.27E+03
DEF: Model Advance 2012 10 24 17 45  0   0
DEF: Import Fields
DEF:                     FIELD     COUNT      MEAN       MIN       MAX OKAY
DEF:   sea_surface_temperature      2048  0.27E+03  0.27E+03  0.27E+03    T
DEF: Export Fields
DEF:                     FIELD     COUNT      MEAN       MIN       MAX
ABC: Model Advance 2012 10 24 18  0  0   0
ABC: Import Fields
ABC:                     FIELD     COUNT      MEAN       MIN       MAX OKAY
ABC: Export Fields
ABC:                     FIELD     COUNT      MEAN       MIN       MAX
ABC:   sea_surface_temperature      2048  0.27E+03  0.27E+03  0.27E+03
DEF: Model Advance 2012 10 24 18  0  0   0
DEF: Import Fields
DEF:                     FIELD     COUNT      MEAN       MIN       MAX OKAY
DEF:   sea_surface_temperature      2048  0.27E+03  0.27E+03  0.27E+03    T
DEF: Export Fields
DEF:                     FIELD     COUNT      MEAN       MIN       MAX
ABC: Model Advance 2012 10 24 18 15  0   0
ABC: Import Fields
ABC:                     FIELD     COUNT      MEAN       MIN       MAX OKAY
ABC: Export Fields
ABC:                     FIELD     COUNT      MEAN       MIN       MAX
ABC:   sea_surface_temperature      2048  0.27E+03  0.27E+03  0.27E+03
DEF: Model Advance 2012 10 24 18 15  0   0
DEF: Import Fields
DEF:                     FIELD     COUNT      MEAN       MIN       MAX OKAY
DEF:   sea_surface_temperature      2048  0.27E+03  0.27E+03  0.27E+03    T
DEF: Export Fields
DEF:                     FIELD     COUNT      MEAN       MIN       MAX
ABC: Model Advance 2012 10 24 18 30  0   0
ABC: Import Fields
ABC:                     FIELD     COUNT      MEAN       MIN       MAX OKAY
ABC: Export Fields
ABC:                     FIELD     COUNT      MEAN       MIN       MAX
ABC:   sea_surface_temperature      2048  0.27E+03  0.27E+03  0.27E+03
DEF: Model Advance 2012 10 24 18 30  0   0
DEF: Import Fields
DEF:                     FIELD     COUNT      MEAN       MIN       MAX OKAY
DEF:   sea_surface_temperature      2048  0.27E+03  0.27E+03  0.27E+03    T
DEF: Export Fields
DEF:                     FIELD     COUNT      MEAN       MIN       MAX
ABC: Model Advance 2012 10 24 18 45  0   0
ABC: Import Fields
ABC:                     FIELD     COUNT      MEAN       MIN       MAX OKAY
ABC: Export Fields
ABC:                     FIELD     COUNT      MEAN       MIN       MAX
ABC:   sea_surface_temperature      2048  0.27E+03  0.27E+03  0.27E+03
DEF: Model Advance 2012 10 24 18 45  0   0
DEF: Import Fields
DEF:                     FIELD     COUNT      MEAN       MIN       MAX OKAY
DEF:   sea_surface_temperature      2048  0.27E+03  0.27E+03  0.27E+03    T
DEF: Export Fields
DEF:                     FIELD     COUNT      MEAN       MIN       MAX
ABC: Model Advance 2012 10 24 19  0  0   0
ABC: Import Fields
ABC:                     FIELD     COUNT      MEAN       MIN       MAX OKAY
ABC: Export Fields
ABC:                     FIELD     COUNT      MEAN       MIN       MAX
ABC:   sea_surface_temperature      2048  0.27E+03  0.27E+03  0.27E+03
DEF: Model Advance 2012 10 24 19  0  0   0
DEF: Import Fields
DEF:                     FIELD     COUNT      MEAN       MIN       MAX OKAY
DEF:   sea_surface_temperature      2048  0.27E+03  0.27E+03  0.27E+03    T
DEF: Export Fields
DEF:                     FIELD     COUNT      MEAN       MIN       MAX
ABC: Model Advance 2012 10 24 19 15  0   0
ABC: Import Fields
ABC:                     FIELD     COUNT      MEAN       MIN       MAX OKAY
ABC: Export Fields
ABC:                     FIELD     COUNT      MEAN       MIN       MAX
ABC:   sea_surface_temperature      2048  0.27E+03  0.27E+03  0.27E+03
DEF: Model Advance 2012 10 24 19 15  0   0
DEF: Import Fields
DEF:                     FIELD     COUNT      MEAN       MIN       MAX OKAY
DEF:   sea_surface_temperature      2048  0.27E+03  0.27E+03  0.27E+03    T
DEF: Export Fields
DEF:                     FIELD     COUNT      MEAN       MIN       MAX
ABC: Model Advance 2012 10 24 19 30  0   0
ABC: Import Fields
ABC:                     FIELD     COUNT      MEAN       MIN       MAX OKAY
ABC: Export Fields
ABC:                     FIELD     COUNT      MEAN       MIN       MAX
ABC:   sea_surface_temperature      2048  0.27E+03  0.27E+03  0.27E+03
DEF: Model Advance 2012 10 24 19 30  0   0
DEF: Import Fields
DEF:                     FIELD     COUNT      MEAN       MIN       MAX OKAY
DEF:   sea_surface_temperature      2048  0.27E+03  0.27E+03  0.27E+03    T
DEF: Export Fields
DEF:                     FIELD     COUNT      MEAN       MIN       MAX
ABC: Model Advance 2012 10 24 19 45  0   0
ABC: Import Fields
ABC:                     FIELD     COUNT      MEAN       MIN       MAX OKAY
ABC: Export Fields
ABC:                     FIELD     COUNT      MEAN       MIN       MAX
ABC:   sea_surface_temperature      2048  0.27E+03  0.27E+03  0.27E+03
DEF: Model Advance 2012 10 24 19 45  0   0
DEF: Import Fields
DEF:                     FIELD     COUNT      MEAN       MIN       MAX OKAY
DEF:   sea_surface_temperature      2048  0.27E+03  0.27E+03  0.27E+03    T
DEF: Export Fields
DEF:                     FIELD     COUNT      MEAN       MIN       MAX
--------------------------------------------------------------------------
MPI_ABORT was invoked on rank 0 in communicator MPI COMMUNICATOR 3 CREATE FROM 0
with errorcode 1.

NOTE: invoking MPI_ABORT causes Open MPI to kill all MPI processes.
You may or may not see output from other processes, depending on
exactly when Open MPI kills them.
--------------------------------------------------------------------------
--------------------------------------------------------------------------
MPI_ABORT was invoked on rank 1 in communicator MPI COMMUNICATOR 3 CREATE FROM 0
with errorcode 1.

NOTE: invoking MPI_ABORT causes Open MPI to kill all MPI processes.
You may or may not see output from other processes, depending on
exactly when Open MPI kills them.
--------------------------------------------------------------------------
--------------------------------------------------------------------------
MPI_ABORT was invoked on rank 2 in communicator MPI COMMUNICATOR 3 CREATE FROM 0
with errorcode 1.

NOTE: invoking MPI_ABORT causes Open MPI to kill all MPI processes.
You may or may not see output from other processes, depending on
exactly when Open MPI kills them.
--------------------------------------------------------------------------
--------------------------------------------------------------------------
MPI_ABORT was invoked on rank 3 in communicator MPI COMMUNICATOR 3 CREATE FROM 0
with errorcode 1.

NOTE: invoking MPI_ABORT causes Open MPI to kill all MPI processes.
You may or may not see output from other processes, depending on
exactly when Open MPI kills them.
--------------------------------------------------------------------------
slurmstepd: error: *** STEP 64293741.397 ON h4c56 CANCELLED AT 2024-08-01T08:10:44 ***
srun: Job step aborted: Waiting up to 32 seconds for job step to finish.
srun: error: h4c56: tasks 0-3: Exited with exit code 1
srun: Terminating StepId=64293741.397
