2024-05-10 07:32:29
20240510 081238.999 INFO             PET0 !!!!!!!!!!!!!!!!!!!!!!!!!!!!!!!!!!!!!!!!!!!!!!!!!!!!!!
20240510 081238.999 INFO             PET0 !!! THE ESMF_LOG IS SET TO OUTPUT ALL LOG MESSAGES !!!
20240510 081238.999 INFO             PET0 !!!     THIS MAY CAUSE SLOWDOWN IN PERFORMANCE     !!!
20240510 081238.999 INFO             PET0 !!! FOR PRODUCTION RUNS, USE:                      !!!
20240510 081238.999 INFO             PET0 !!!                   ESMF_LOGKIND_Multi_On_Error  !!!
20240510 081238.999 INFO             PET0 !!!!!!!!!!!!!!!!!!!!!!!!!!!!!!!!!!!!!!!!!!!!!!!!!!!!!!
20240510 081238.999 INFO             PET0 Running with ESMF Version   : v8.7.0b05-63-g26f506f3a9
20240510 081238.999 INFO             PET0 ESMF library build date/time: "May 10 2024" "07:29:14"
20240510 081238.999 INFO             PET0 ESMF library build location : /scratch2/NCEPDEV/stmp1/Gerhard.Theurich/ESMF-Nightly-Testing/intel_2023.2.0_intelmpi_O_develop/esmf
20240510 081238.999 INFO             PET0 ESMF_COMM                   : intelmpi
20240510 081239.000 INFO             PET0 ESMF_MOAB                   : enabled
20240510 081239.000 INFO             PET0 ESMF_LAPACK                 : enabled
20240510 081239.000 INFO             PET0 ESMF_NETCDF                 : enabled
20240510 081239.000 INFO             PET0 ESMF_PNETCDF                : disabled
20240510 081239.000 INFO             PET0 ESMF_PIO                    : enabled
20240510 081239.000 INFO             PET0 ESMF_YAMLCPP                : enabled
20240510 081239.001 INFO             PET0  NUMBER_OF_PROCESSORS           4
20240510 081239.001 INFO             PET0  PASS  Example ESMF_VMUserMpiCommMultiEx, ESMF_VMUserMpiCommMultiEx.F90, line 126
20240510 081239.001 INFO             PET0  Finalizing ESMF with endflag==ESMF_END_KEEPMPI
20240510 081238.998 INFO             PET0 !!!!!!!!!!!!!!!!!!!!!!!!!!!!!!!!!!!!!!!!!!!!!!!!!!!!!!
20240510 081238.998 INFO             PET0 !!! THE ESMF_LOG IS SET TO OUTPUT ALL LOG MESSAGES !!!
20240510 081238.998 INFO             PET0 !!!     THIS MAY CAUSE SLOWDOWN IN PERFORMANCE     !!!
20240510 081238.998 INFO             PET0 !!! FOR PRODUCTION RUNS, USE:                      !!!
20240510 081238.998 INFO             PET0 !!!                   ESMF_LOGKIND_Multi_On_Error  !!!
20240510 081238.998 INFO             PET0 !!!!!!!!!!!!!!!!!!!!!!!!!!!!!!!!!!!!!!!!!!!!!!!!!!!!!!
20240510 081238.998 INFO             PET0 Running with ESMF Version   : v8.7.0b05-63-g26f506f3a9
20240510 081238.998 INFO             PET0 ESMF library build date/time: "May 10 2024" "07:29:14"
20240510 081238.998 INFO             PET0 ESMF library build location : /scratch2/NCEPDEV/stmp1/Gerhard.Theurich/ESMF-Nightly-Testing/intel_2023.2.0_intelmpi_O_develop/esmf
20240510 081238.998 INFO             PET0 ESMF_COMM                   : intelmpi
20240510 081238.998 INFO             PET0 ESMF_MOAB                   : enabled
20240510 081238.998 INFO             PET0 ESMF_LAPACK                 : enabled
20240510 081238.998 INFO             PET0 ESMF_NETCDF                 : enabled
20240510 081238.998 INFO             PET0 ESMF_PNETCDF                : disabled
20240510 081238.998 INFO             PET0 ESMF_PIO                    : enabled
20240510 081238.998 INFO             PET0 ESMF_YAMLCPP                : enabled
20240510 081238.999 INFO             PET0  NUMBER_OF_PROCESSORS           4
20240510 081238.999 INFO             PET0  PASS  Example ESMF_VMUserMpiCommMultiEx, ESMF_VMUserMpiCommMultiEx.F90, line 154
20240510 081238.999 INFO             PET0  Finalizing ESMF with endflag==ESMF_END_KEEPMPI
20240510 081239.000 INFO             PET1 !!!!!!!!!!!!!!!!!!!!!!!!!!!!!!!!!!!!!!!!!!!!!!!!!!!!!!
20240510 081239.000 INFO             PET1 !!! THE ESMF_LOG IS SET TO OUTPUT ALL LOG MESSAGES !!!
20240510 081239.000 INFO             PET1 !!!     THIS MAY CAUSE SLOWDOWN IN PERFORMANCE     !!!
20240510 081239.000 INFO             PET1 !!! FOR PRODUCTION RUNS, USE:                      !!!
20240510 081239.000 INFO             PET1 !!!                   ESMF_LOGKIND_Multi_On_Error  !!!
20240510 081239.000 INFO             PET1 !!!!!!!!!!!!!!!!!!!!!!!!!!!!!!!!!!!!!!!!!!!!!!!!!!!!!!
20240510 081239.000 INFO             PET1 Running with ESMF Version   : v8.7.0b05-63-g26f506f3a9
20240510 081239.000 INFO             PET1 ESMF library build date/time: "May 10 2024" "07:29:14"
20240510 081239.000 INFO             PET1 ESMF library build location : /scratch2/NCEPDEV/stmp1/Gerhard.Theurich/ESMF-Nightly-Testing/intel_2023.2.0_intelmpi_O_develop/esmf
20240510 081239.000 INFO             PET1 ESMF_COMM                   : intelmpi
20240510 081239.000 INFO             PET1 ESMF_MOAB                   : enabled
20240510 081239.000 INFO             PET1 ESMF_LAPACK                 : enabled
20240510 081239.000 INFO             PET1 ESMF_NETCDF                 : enabled
20240510 081239.000 INFO             PET1 ESMF_PNETCDF                : disabled
20240510 081239.000 INFO             PET1 ESMF_PIO                    : enabled
20240510 081239.000 INFO             PET1 ESMF_YAMLCPP                : enabled
20240510 081239.001 INFO             PET1  NUMBER_OF_PROCESSORS           4
20240510 081239.001 INFO             PET1  PASS  Example ESMF_VMUserMpiCommMultiEx, ESMF_VMUserMpiCommMultiEx.F90, line 126
20240510 081239.001 INFO             PET1  Finalizing ESMF with endflag==ESMF_END_KEEPMPI
20240510 081238.998 INFO             PET1 !!!!!!!!!!!!!!!!!!!!!!!!!!!!!!!!!!!!!!!!!!!!!!!!!!!!!!
20240510 081238.998 INFO             PET1 !!! THE ESMF_LOG IS SET TO OUTPUT ALL LOG MESSAGES !!!
20240510 081238.998 INFO             PET1 !!!     THIS MAY CAUSE SLOWDOWN IN PERFORMANCE     !!!
20240510 081238.998 INFO             PET1 !!! FOR PRODUCTION RUNS, USE:                      !!!
20240510 081238.998 INFO             PET1 !!!                   ESMF_LOGKIND_Multi_On_Error  !!!
20240510 081238.998 INFO             PET1 !!!!!!!!!!!!!!!!!!!!!!!!!!!!!!!!!!!!!!!!!!!!!!!!!!!!!!
20240510 081238.998 INFO             PET1 Running with ESMF Version   : v8.7.0b05-63-g26f506f3a9
20240510 081238.998 INFO             PET1 ESMF library build date/time: "May 10 2024" "07:29:14"
20240510 081238.998 INFO             PET1 ESMF library build location : /scratch2/NCEPDEV/stmp1/Gerhard.Theurich/ESMF-Nightly-Testing/intel_2023.2.0_intelmpi_O_develop/esmf
20240510 081238.998 INFO             PET1 ESMF_COMM                   : intelmpi
20240510 081238.999 INFO             PET1 ESMF_MOAB                   : enabled
20240510 081238.999 INFO             PET1 ESMF_LAPACK                 : enabled
20240510 081238.999 INFO             PET1 ESMF_NETCDF                 : enabled
20240510 081238.999 INFO             PET1 ESMF_PNETCDF                : disabled
20240510 081238.999 INFO             PET1 ESMF_PIO                    : enabled
20240510 081238.999 INFO             PET1 ESMF_YAMLCPP                : enabled
20240510 081238.999 INFO             PET1  NUMBER_OF_PROCESSORS           4
20240510 081238.999 INFO             PET1  PASS  Example ESMF_VMUserMpiCommMultiEx, ESMF_VMUserMpiCommMultiEx.F90, line 154
20240510 081238.999 INFO             PET1  Finalizing ESMF with endflag==ESMF_END_KEEPMPI
