2024-05-14 19:51:56
--- ESMCI::ArrayBundle::print start ---
ArrayBundle: MyArrayBundle
arrayCount = 3
Container::print() multipmap:item=0 key=AonFly value=0x14e015400
Container::print() multipmap:item=1 key=Array002 value=0x14e010800
Container::print() multipmap:item=2 key=Array003 value=0x14e014200
Container::print()      list:item=0 key=Array002 value=0x14e010800
--- ESMCI::ArrayBundle::print start ---
ArrayBundle: MyArrayBundle
arrayCount = 3
Container::print() multipmap:item=0 key=AonFly value=0x13e80a600
Container::print() multipmap:item=1 key=Array002 value=0x13e808e00
Container::print() multipmap:item=2 key=Array003 value=0x13e809400
Container::print()      list:item=0 key=Array002 value=0x13e808e00
Container::print()      list:item=1 key=Array003 value=0x13e809400
Container::print()      list:item=2 key=AonFly value=0x13e80a600
--- ESMCI::ArrayBundle::print end ---
--- ESMCI::Array::print start ---
 Base name    = AonFly
 Status: Base = Ready,  object = Ready
 Proxy        = no
 Root Info (Attributes):
Container::print()      list:item=1 key=Array003 value=0x14e014200
Container::print()      list:item=2 key=AonFly value=0x14e015400
--- ESMCI::ArrayBundle::print end ---
--- ESMCI::Array::print start ---
 Base name    = AonFly
 Status: Base = Ready,  object = Ready
 Proxy        = no
 Root Info (Attributes):
{}Array typekind/rank: Real*4 / 2 
{}Array typekind/rank: Real*4 / 2 
~ lower class' values ~
DistGrid dimCount = 2
~ lower class' values ~
DistGrid dimCount = 2
deCount = 6
localDeCount = 2
deCount = 6
localDeCount = 2
~ local data in LocalArray for DE 0 ~
LocalArrayPrint: Array at address 0x13f0081a0:
~ local data in LocalArray for DE 1 ~
LocalArrayPrint: Array at address 0x14de09d50:
            rank = 2, typekind = 5, base_addr = 0x600002be7fa0
            rank = 2, typekind = 5, base_addr = 0x6000004686a0
            dim[0] = 3  dim[1] = 2  
  Real, *4, Dim 2, Data values:
            dim[0] = 2  dim[1] = 2  
  Real, *4, Dim 2, Data values:
( 1, 1) =  0
( 2, 1) =  0
( 1, 1) =  0
( 2, 1) =  0
( 1, 2) =  0
( 2, 2) =  0
( 3, 1) =  0
( 1, 2) =  0
( 2, 2) =  0
dim 1: [0]: [1 [1 [1, 2] 2] 2]
dim 2: [1]: [1 [1 [1, 2] 2] 2]
~ local data in LocalArray for DE 5 ~
LocalArrayPrint: Array at address 0x14de0a080:
            rank = 2, typekind = 5, base_addr = 0x600002be7fb0
( 3, 2) =  0
dim 1: [0]: [1 [1 [1, 3] 3] 3]
dim 2: [1]: [1 [1 [1, 2] 2] 2]
--- ESMCI::ArrayBundle::print start ---
ArrayBundle: MyArrayBundle
--- ESMCI::ArrayBundle::print start ---
ArrayBundle: MyArrayBundle
            dim[0] = 2  dim[1] = 1  
~ local data in LocalArray for DE 4 ~
LocalArrayPrint: Array at address 0x13f0084d0:
arrayCount = 3
arrayCount = 3
  Real, *4, Dim 2, Data values:
            rank = 2, typekind = 5, base_addr = 0x600000674b30
Container::print() multipmap:item=0 key=AonFly value=0x15500ae00
Container::print() multipmap:item=0 key=AonFly value=0x142811000
            dim[0] = 3  dim[1] = 1  
  Real, *4, Dim 2, Data values:
( 1, 1) =  0
Container::print() multipmap:item=1 key=Array002 value=0x155009600
Container::print() multipmap:item=1 key=Array002 value=0x14280dc00
( 2, 1) =  0
( 1, 1) =  0
( 2, 1) =  0
Container::print() multipmap:item=2 key=Array003 value=0x155009c00
Container::print() multipmap:item=2 key=Array003 value=0x14280e200
( 3, 1) =  0
Container::print()      list:item=0 key=Array002 value=0x155009600
dim 1: [0]: [1 [1 [1, 2] 2] 2]
Container::print()      list:item=0 key=Array002 value=0x14280dc00
Container::print()      list:item=1 key=Array003 value=0x14280e200
dim 2: [1]: [1 [1 [1, 1] 1] 1]
--- ESMCI::Array::print end ---
dim 1: [0]: [1 [1 [1, 3] 3] 3]
Container::print()      list:item=1 key=Array003 value=0x155009c00
Container::print()      list:item=2 key=AonFly value=0x15500ae00
Container::print()      list:item=2 key=AonFly value=0x142811000
--- ESMCI::Array::print start ---
dim 2: [1]: [1 [1 [1, 1] 1] 1]
--- ESMCI::ArrayBundle::print end ---
--- ESMCI::Array::print end ---
--- ESMCI::ArrayBundle::print end ---
 Base name    = Array002
--- ESMCI::Array::print start ---
--- ESMCI::Array::print start ---
 Status: Base = Ready,  object = Ready
 Base name    = Array002
 Status: Base = Ready,  object = Ready
--- ESMCI::Array::print start ---
 Base name    = AonFly
 Proxy        = no
 Proxy        = no
 Base name    = AonFly
 Status: Base = Ready,  object = Ready
 Root Info (Attributes):
 Root Info (Attributes):
 Proxy        = no
 Status: Base = Ready,  object = Ready
{} Root Info (Attributes):
Array typekind/rank: Real*8 / 2 
~ lower class' values ~
 Proxy        = no
{}DistGrid dimCount = 2
 Root Info (Attributes):
Array typekind/rank: Real*8 / 2 
deCount = 6
~ lower class' values ~
{}localDeCount = 2
DistGrid dimCount = 2
{}Array typekind/rank: Real*4 / 2 
~ local data in LocalArray for DE 0 ~
deCount = 6
LocalArrayPrint: Array at address 0x13f006460:
~ lower class' values ~
Array typekind/rank: Real*4 / 2 
localDeCount = 2
            rank = 2, typekind = 6, base_addr = 0x600000a6c0c0
            dim[0] = 3  dim[1] = 2  
~ lower class' values ~
DistGrid dimCount = 2
~ local data in LocalArray for DE 1 ~
DistGrid dimCount = 2
deCount = 6
  Real, *8, Dim 2, Data values:
( 1, 1) =  0
localDeCount = 1
LocalArrayPrint: Array at address 0x14de08010:
deCount = 6
( 2, 1) =  0
~ local data in LocalArray for DE 3 ~
            rank = 2, typekind = 6, base_addr = 0x6000029f6860
localDeCount = 1
( 3, 1) =  0
~ local data in LocalArray for DE 2 ~
( 1, 2) =  0
( 2, 2) =  0
LocalArrayPrint: Array at address 0x154107260:
            dim[0] = 2  dim[1] = 2  
LocalArrayPrint: Array at address 0x14200ae10:
            rank = 2, typekind = 5, base_addr = 0x600003fc8810
  Real, *8, Dim 2, Data values:
( 3, 2) =  0
( 1, 1) =  0
            rank = 2, typekind = 5, base_addr = 0x60000022e640
            dim[0] = 2  dim[1] = 2  
dim 1: [0]: [1 [1 [1, 3] 3] 3]
( 2, 1) =  0
  Real, *4, Dim 2, Data values:
            dim[0] = 3  dim[1] = 2  
dim 2: [1]: [1 [1 [1, 2] 2] 2]
  Real, *4, Dim 2, Data values:
( 1, 2) =  0
( 1, 1) =  0
~ local data in LocalArray for DE 4 ~
( 1, 1) =  0
( 2, 1) =  0
( 2, 2) =  0
LocalArrayPrint: Array at address 0x13f006790:
( 2, 1) =  0
( 3, 1) =  0
( 1, 2) =  0
( 2, 2) =  0
            rank = 2, typekind = 6, base_addr = 0x600000468460
            dim[0] = 3  dim[1] = 1  
  Real, *8, Dim 2, Data values:
( 1, 1) =  0
( 1, 2) =  0
( 2, 2) =  0
dim 1: [0]: [1 [1 [1, 2] 2] 2]
dim 2: [1]: [1 [1 [1, 2] 2] 2]
dim 1: [0]: [1 [1 [1, 2] 2] 2]
dim 2: [1]: [1 [1 [1, 2] 2] 2]
~ local data in LocalArray for DE 5 ~
LocalArrayPrint: Array at address 0x14de08340:
( 3, 2) =  0
( 2, 1) =  0
            rank = 2, typekind = 6, base_addr = 0x600002be7a90
( 3, 1) =  0
--- ESMCI::Array::print end ---
dim 1: [0]: [1 [1 [1, 3] 3] 3]
            dim[0] = 2  dim[1] = 1  
dim 1: [0]: [1 [1 [1, 3] 3] 3]
--- ESMCI::Array::print start ---
dim 2: [1]: [1 [1 [1, 2] 2] 2]
  Real, *8, Dim 2, Data values:
dim 2: [1]: [1 [1 [1, 1] 1] 1]
 Base name    = Array002
--- ESMCI::Array::print end ---
--- ESMCI::Array::print start ---
--- ESMCI::Array::print end ---
( 1, 1) =  0
( 2, 1) =  0
 Status: Base = Ready,  object = Ready
 Base name    = Array003
--- ESMCI::Array::print start ---
 Proxy        = no
 Status: Base = Ready,  object = Ready
 Proxy        = no
 Base name    = Array002
dim 1: [0]: [1 [1 [1, 2] 2] 2]
 Root Info (Attributes):
 Root Info (Attributes):
 Status: Base = Ready,  object = Ready
dim 2: [1]: [1 [1 [1, 1] 1] 1]
--- ESMCI::Array::print end ---
{}Array typekind/rank: Real*8 / 2 
{} Proxy        = no
--- ESMCI::Array::print start ---
Array typekind/rank: Real*8 / 2 
 Root Info (Attributes):
~ lower class' values ~
 Base name    = Array003
DistGrid dimCount = 2
~ lower class' values ~
{} Status: Base = Ready,  object = Ready
deCount = 6
DistGrid dimCount = 2
Array typekind/rank: Real*8 / 2 
 Proxy        = no
localDeCount = 2
~ local data in LocalArray for DE 0 ~
~ lower class' values ~
LocalArrayPrint: Array at address 0x13f006ac0:
 Root Info (Attributes):
deCount = 6
DistGrid dimCount = 2
            rank = 2, typekind = 6, base_addr = 0x600000a6c1e0
            dim[0] = 3  dim[1] = 2  
localDeCount = 1
{}deCount = 6
  Real, *8, Dim 2, Data values:
~ local data in LocalArray for DE 3 ~
Array typekind/rank: Real*8 / 2 
localDeCount = 1
( 1, 1) =  0
( 2, 1) =  0
LocalArrayPrint: Array at address 0x1541061e0:
~ lower class' values ~
~ local data in LocalArray for DE 2 ~
DistGrid dimCount = 2
            rank = 2, typekind = 6, base_addr = 0x600003df41e0
( 3, 1) =  0
LocalArrayPrint: Array at address 0x14200a0c0:
deCount = 6
( 1, 2) =  0
( 2, 2) =  0
            dim[0] = 2  dim[1] = 2  
            rank = 2, typekind = 6, base_addr = 0x600000c24690
localDeCount = 2
  Real, *8, Dim 2, Data values:
( 3, 2) =  0
            dim[0] = 3  dim[1] = 2  
dim 1: [0]: [1 [1 [1, 3] 3] 3]
dim 2: [1]: [1 [1 [1, 2] 2] 2]
~ local data in LocalArray for DE 1 ~
( 1, 1) =  0
  Real, *8, Dim 2, Data values:
LocalArrayPrint: Array at address 0x14de08670:
( 2, 1) =  0
~ local data in LocalArray for DE 4 ~
( 1, 1) =  0
            rank = 2, typekind = 6, base_addr = 0x6000029f68e0
( 1, 2) =  0
LocalArrayPrint: Array at address 0x13f006df0:
( 2, 1) =  0
            dim[0] = 2  dim[1] = 2  
( 2, 2) =  0
            rank = 2, typekind = 6, base_addr = 0x6000004684e0
            dim[0] = 3  dim[1] = 1  
( 3, 1) =  0
  Real, *8, Dim 2, Data values:
dim 1: [0]: [1 [1 [1, 2] 2] 2]
( 1, 1) =  0
( 2, 1) =  0
  Real, *8, Dim 2, Data values:
( 1, 1) =  0
( 2, 1) =  0
( 3, 1) =  0
( 1, 2) =  0
( 2, 2) =  0
( 3, 2) =  0
dim 2: [1]: [1 [1 [1, 2] 2] 2]
--- ESMCI::Array::print end ---
--- ESMCI::Array::print start ---
( 1, 2) =  0
( 2, 2) =  0
dim 1: [0]: [1 [1 [1, 3] 3] 3]
dim 1: [0]: [1 [1 [1, 3] 3] 3]
 Base name    = Array003
dim 1: [0]: [1 [1 [1, 2] 2] 2]
dim 2: [1]: [1 [1 [1, 2] 2] 2]
dim 2: [1]: [1 [1 [1, 1] 1] 1]
--- ESMCI::Array::print end ---
 Status: Base = Ready,  object = Ready
dim 2: [1]: [1 [1 [1, 2] 2] 2]
--- ESMCI::Array::print end ---
 Proxy        = no
~ local data in LocalArray for DE 5 ~
--- ESMCI::Array::print start ---
 Root Info (Attributes):
LocalArrayPrint: Array at address 0x14de089a0:
  PASS  Example ESMF_ArrayBundleEx, ESMF_ArrayBundleEx.F90, line 267
 Base name    = Array003
            rank = 2, typekind = 6, base_addr = 0x600002be7bd0
            dim[0] = 2  dim[1] = 1  
{}Array typekind/rank: Real*8 / 2 
 Status: Base = Ready,  object = Ready
 Proxy        = no
 Root Info (Attributes):
~ lower class' values ~
DistGrid dimCount = 2
deCount = 6
localDeCount = 1
  Real, *8, Dim 2, Data values:
( 1, 1) =  0
~ local data in LocalArray for DE 3 ~
LocalArrayPrint: Array at address 0x154106510:
( 2, 1) =  0
{}            rank = 2, typekind = 6, base_addr = 0x600003df42a0
            dim[0] = 2  dim[1] = 2  
dim 1: [0]: [1 [1 [1, 2] 2] 2]
Array typekind/rank: Real*8 / 2 
  Real, *8, Dim 2, Data values:
( 1, 1) =  0
dim 2: [1]: [1 [1 [1, 1] 1] 1]
--- ESMCI::Array::print end ---
~ lower class' values ~
( 2, 1) =  0
DistGrid dimCount = 2
deCount = 6
( 1, 2) =  0
( 2, 2) =  0
localDeCount = 1
dim 1: [0]: [1 [1 [1, 2] 2] 2]
  PASS  Example ESMF_ArrayBundleEx, ESMF_ArrayBundleEx.F90, line 267
~ local data in LocalArray for DE 2 ~
LocalArrayPrint: Array at address 0x14200a3f0:
            rank = 2, typekind = 6, base_addr = 0x600000c24630
dim 2: [1]: [1 [1 [1, 2] 2] 2]
--- ESMCI::Array::print end ---
            dim[0] = 3  dim[1] = 2  
  Real, *8, Dim 2, Data values:
( 1, 1) =  0
( 2, 1) =  0
( 3, 1) =  0
( 1, 2) =  0
  PASS  Example ESMF_ArrayBundleEx, ESMF_ArrayBundleEx.F90, line 267
( 2, 2) =  0
( 3, 2) =  0
dim 1: [0]: [1 [1 [1, 3] 3] 3]
dim 2: [1]: [1 [1 [1, 2] 2] 2]
--- ESMCI::Array::print end ---
  PASS  Example ESMF_ArrayBundleEx, ESMF_ArrayBundleEx.F90, line 267
 PASS: ESMF_ArrayBundleEx.F90
 PASS: ESMF_ArrayBundleEx.F90
 PASS: ESMF_ArrayBundleEx.F90
 PASS: ESMF_ArrayBundleEx.F90
