2024-05-24 20:43:15
20240524 214648.295 INFO             PET0 !!!!!!!!!!!!!!!!!!!!!!!!!!!!!!!!!!!!!!!!!!!!!!!!!!!!!!
20240524 214648.297 INFO             PET0 !!! THE ESMF_LOG IS SET TO OUTPUT ALL LOG MESSAGES !!!
20240524 214648.297 INFO             PET0 !!!     THIS MAY CAUSE SLOWDOWN IN PERFORMANCE     !!!
20240524 214648.297 INFO             PET0 !!! FOR PRODUCTION RUNS, USE:                      !!!
20240524 214648.297 INFO             PET0 !!!                   ESMF_LOGKIND_Multi_On_Error  !!!
20240524 214648.297 INFO             PET0 !!!!!!!!!!!!!!!!!!!!!!!!!!!!!!!!!!!!!!!!!!!!!!!!!!!!!!
20240524 214648.297 INFO             PET0 Running with ESMF Version   : v8.7.0b06-6-g5fb1a7b839
20240524 214648.297 INFO             PET0 ESMF library build date/time: "May 24 2024" "20:40:40"
20240524 214648.297 INFO             PET0 ESMF library build location : /Users/sacks/projects/scratch/esmf-testing/gfortranclang_12.2.0_14.0.0_openmpi_g_develop/esmf
20240524 214648.297 INFO             PET0 ESMF_COMM                   : openmpi
20240524 214648.297 INFO             PET0 ESMF_MOAB                   : enabled
20240524 214648.297 INFO             PET0 ESMF_LAPACK                 : enabled
20240524 214648.297 INFO             PET0 ESMF_NETCDF                 : enabled
20240524 214648.297 INFO             PET0 ESMF_PNETCDF                : disabled
20240524 214648.297 INFO             PET0 ESMF_PIO                    : enabled
20240524 214648.297 INFO             PET0 ESMF_YAMLCPP                : enabled
20240524 214648.301 INFO             PET0 ESMF_FieldRedistStoreNF(): Just entered routine.
20240524 214649.119 INFO             PET0 ESMF_FieldRedistStoreNF(): Leaving routine.
20240524 214649.326 INFO             PET0  NUMBER_OF_PROCESSORS           4
20240524 214649.326 INFO             PET0  PASS  Example ESMF_RHandleFromFileEx, ESMF_RHandleFromFileEx.F90, line 192
20240524 214649.326 INFO             PET0  Finalizing ESMF
20240524 214648.295 INFO             PET1 !!!!!!!!!!!!!!!!!!!!!!!!!!!!!!!!!!!!!!!!!!!!!!!!!!!!!!
20240524 214648.297 INFO             PET1 !!! THE ESMF_LOG IS SET TO OUTPUT ALL LOG MESSAGES !!!
20240524 214648.297 INFO             PET1 !!!     THIS MAY CAUSE SLOWDOWN IN PERFORMANCE     !!!
20240524 214648.297 INFO             PET1 !!! FOR PRODUCTION RUNS, USE:                      !!!
20240524 214648.297 INFO             PET1 !!!                   ESMF_LOGKIND_Multi_On_Error  !!!
20240524 214648.297 INFO             PET1 !!!!!!!!!!!!!!!!!!!!!!!!!!!!!!!!!!!!!!!!!!!!!!!!!!!!!!
20240524 214648.297 INFO             PET1 Running with ESMF Version   : v8.7.0b06-6-g5fb1a7b839
20240524 214648.297 INFO             PET1 ESMF library build date/time: "May 24 2024" "20:40:40"
20240524 214648.297 INFO             PET1 ESMF library build location : /Users/sacks/projects/scratch/esmf-testing/gfortranclang_12.2.0_14.0.0_openmpi_g_develop/esmf
20240524 214648.297 INFO             PET1 ESMF_COMM                   : openmpi
20240524 214648.297 INFO             PET1 ESMF_MOAB                   : enabled
20240524 214648.297 INFO             PET1 ESMF_LAPACK                 : enabled
20240524 214648.297 INFO             PET1 ESMF_NETCDF                 : enabled
20240524 214648.297 INFO             PET1 ESMF_PNETCDF                : disabled
20240524 214648.297 INFO             PET1 ESMF_PIO                    : enabled
20240524 214648.297 INFO             PET1 ESMF_YAMLCPP                : enabled
20240524 214648.300 INFO             PET1 ESMF_FieldRedistStoreNF(): Just entered routine.
20240524 214649.119 INFO             PET1 ESMF_FieldRedistStoreNF(): Leaving routine.
20240524 214649.324 INFO             PET1  NUMBER_OF_PROCESSORS           4
20240524 214649.324 INFO             PET1  PASS  Example ESMF_RHandleFromFileEx, ESMF_RHandleFromFileEx.F90, line 192
20240524 214649.324 INFO             PET1  Finalizing ESMF
20240524 214648.295 INFO             PET2 !!!!!!!!!!!!!!!!!!!!!!!!!!!!!!!!!!!!!!!!!!!!!!!!!!!!!!
20240524 214648.297 INFO             PET2 !!! THE ESMF_LOG IS SET TO OUTPUT ALL LOG MESSAGES !!!
20240524 214648.297 INFO             PET2 !!!     THIS MAY CAUSE SLOWDOWN IN PERFORMANCE     !!!
20240524 214648.297 INFO             PET2 !!! FOR PRODUCTION RUNS, USE:                      !!!
20240524 214648.297 INFO             PET2 !!!                   ESMF_LOGKIND_Multi_On_Error  !!!
20240524 214648.297 INFO             PET2 !!!!!!!!!!!!!!!!!!!!!!!!!!!!!!!!!!!!!!!!!!!!!!!!!!!!!!
20240524 214648.297 INFO             PET2 Running with ESMF Version   : v8.7.0b06-6-g5fb1a7b839
20240524 214648.297 INFO             PET2 ESMF library build date/time: "May 24 2024" "20:40:40"
20240524 214648.297 INFO             PET2 ESMF library build location : /Users/sacks/projects/scratch/esmf-testing/gfortranclang_12.2.0_14.0.0_openmpi_g_develop/esmf
20240524 214648.297 INFO             PET2 ESMF_COMM                   : openmpi
20240524 214648.297 INFO             PET2 ESMF_MOAB                   : enabled
20240524 214648.297 INFO             PET2 ESMF_LAPACK                 : enabled
20240524 214648.297 INFO             PET2 ESMF_NETCDF                 : enabled
20240524 214648.297 INFO             PET2 ESMF_PNETCDF                : disabled
20240524 214648.297 INFO             PET2 ESMF_PIO                    : enabled
20240524 214648.297 INFO             PET2 ESMF_YAMLCPP                : enabled
20240524 214648.300 INFO             PET2 ESMF_FieldRedistStoreNF(): Just entered routine.
20240524 214649.119 INFO             PET2 ESMF_FieldRedistStoreNF(): Leaving routine.
20240524 214649.326 INFO             PET2  NUMBER_OF_PROCESSORS           4
20240524 214649.326 INFO             PET2  PASS  Example ESMF_RHandleFromFileEx, ESMF_RHandleFromFileEx.F90, line 192
20240524 214649.326 INFO             PET2  Finalizing ESMF
20240524 214648.295 INFO             PET3 !!!!!!!!!!!!!!!!!!!!!!!!!!!!!!!!!!!!!!!!!!!!!!!!!!!!!!
20240524 214648.297 INFO             PET3 !!! THE ESMF_LOG IS SET TO OUTPUT ALL LOG MESSAGES !!!
20240524 214648.297 INFO             PET3 !!!     THIS MAY CAUSE SLOWDOWN IN PERFORMANCE     !!!
20240524 214648.297 INFO             PET3 !!! FOR PRODUCTION RUNS, USE:                      !!!
20240524 214648.297 INFO             PET3 !!!                   ESMF_LOGKIND_Multi_On_Error  !!!
20240524 214648.297 INFO             PET3 !!!!!!!!!!!!!!!!!!!!!!!!!!!!!!!!!!!!!!!!!!!!!!!!!!!!!!
20240524 214648.297 INFO             PET3 Running with ESMF Version   : v8.7.0b06-6-g5fb1a7b839
20240524 214648.297 INFO             PET3 ESMF library build date/time: "May 24 2024" "20:40:40"
20240524 214648.297 INFO             PET3 ESMF library build location : /Users/sacks/projects/scratch/esmf-testing/gfortranclang_12.2.0_14.0.0_openmpi_g_develop/esmf
20240524 214648.297 INFO             PET3 ESMF_COMM                   : openmpi
20240524 214648.297 INFO             PET3 ESMF_MOAB                   : enabled
20240524 214648.297 INFO             PET3 ESMF_LAPACK                 : enabled
20240524 214648.297 INFO             PET3 ESMF_NETCDF                 : enabled
20240524 214648.297 INFO             PET3 ESMF_PNETCDF                : disabled
20240524 214648.297 INFO             PET3 ESMF_PIO                    : enabled
20240524 214648.297 INFO             PET3 ESMF_YAMLCPP                : enabled
20240524 214648.301 INFO             PET3 ESMF_FieldRedistStoreNF(): Just entered routine.
20240524 214649.119 INFO             PET3 ESMF_FieldRedistStoreNF(): Leaving routine.
20240524 214649.326 INFO             PET3  NUMBER_OF_PROCESSORS           4
20240524 214649.327 INFO             PET3  PASS  Example ESMF_RHandleFromFileEx, ESMF_RHandleFromFileEx.F90, line 192
20240524 214649.327 INFO             PET3  Finalizing ESMF
