2024-06-13 20:10:21
20240613 205733.923 INFO             PET0 !!!!!!!!!!!!!!!!!!!!!!!!!!!!!!!!!!!!!!!!!!!!!!!!!!!!!!
20240613 205733.924 INFO             PET0 !!! THE ESMF_LOG IS SET TO OUTPUT ALL LOG MESSAGES !!!
20240613 205733.924 INFO             PET0 !!!     THIS MAY CAUSE SLOWDOWN IN PERFORMANCE     !!!
20240613 205733.924 INFO             PET0 !!! FOR PRODUCTION RUNS, USE:                      !!!
20240613 205733.924 INFO             PET0 !!!                   ESMF_LOGKIND_Multi_On_Error  !!!
20240613 205733.924 INFO             PET0 !!!!!!!!!!!!!!!!!!!!!!!!!!!!!!!!!!!!!!!!!!!!!!!!!!!!!!
20240613 205733.924 INFO             PET0 Running with ESMF Version   : v8.7.0b07-2-ga1ccd5de8a
20240613 205733.924 INFO             PET0 ESMF library build date/time: "Jun 13 2024" "20:07:31"
20240613 205733.924 INFO             PET0 ESMF library build location : /Users/sacks/projects/scratch/esmf-testing/gfortranclang_12.2.0_14.0.0_openmpi_g_develop/esmf
20240613 205733.924 INFO             PET0 ESMF_COMM                   : openmpi
20240613 205733.924 INFO             PET0 ESMF_MOAB                   : enabled
20240613 205733.924 INFO             PET0 ESMF_LAPACK                 : enabled
20240613 205733.924 INFO             PET0 ESMF_NETCDF                 : enabled
20240613 205733.924 INFO             PET0 ESMF_PNETCDF                : disabled
20240613 205733.924 INFO             PET0 ESMF_PIO                    : enabled
20240613 205733.924 INFO             PET0 ESMF_YAMLCPP                : enabled
20240613 205733.925 INFO             PET0  NUMBER_OF_PROCESSORS           1
20240613 205733.925 INFO             PET0  PASS  Example ESMF_TimeEx, ESMF_TimeEx.F90, line 141
20240613 205733.925 INFO             PET0  Finalizing ESMF
