2024-05-14 19:51:56
20240514 205920.170 INFO             PET0 !!!!!!!!!!!!!!!!!!!!!!!!!!!!!!!!!!!!!!!!!!!!!!!!!!!!!!
20240514 205920.175 INFO             PET0 !!! THE ESMF_LOG IS SET TO OUTPUT ALL LOG MESSAGES !!!
20240514 205920.175 INFO             PET0 !!!     THIS MAY CAUSE SLOWDOWN IN PERFORMANCE     !!!
20240514 205920.175 INFO             PET0 !!! FOR PRODUCTION RUNS, USE:                      !!!
20240514 205920.175 INFO             PET0 !!!                   ESMF_LOGKIND_Multi_On_Error  !!!
20240514 205920.175 INFO             PET0 !!!!!!!!!!!!!!!!!!!!!!!!!!!!!!!!!!!!!!!!!!!!!!!!!!!!!!
20240514 205920.175 INFO             PET0 Running with ESMF Version   : v8.7.0b05-81-g4bbe0ebe7e
20240514 205920.175 INFO             PET0 ESMF library build date/time: "May 14 2024" "19:49:46"
20240514 205920.175 INFO             PET0 ESMF library build location : /Users/sacks/projects/scratch/esmf-testing/gfortranclang_12.2.0_14.0.0_openmpi_g_develop/esmf
20240514 205920.175 INFO             PET0 ESMF_COMM                   : openmpi
20240514 205920.175 INFO             PET0 ESMF_MOAB                   : enabled
20240514 205920.175 INFO             PET0 ESMF_LAPACK                 : enabled
20240514 205920.175 INFO             PET0 ESMF_NETCDF                 : enabled
20240514 205920.175 INFO             PET0 ESMF_PNETCDF                : disabled
20240514 205920.175 INFO             PET0 ESMF_PIO                    : enabled
20240514 205920.175 INFO             PET0 ESMF_YAMLCPP                : enabled
20240514 205920.175 INFO             PET0  NUMBER_OF_PROCESSORS           2
20240514 205920.175 INFO             PET0  PASS  Example ESMF_VMUserMpiCommEx, ESMF_VMUserMpiCommEx.F90, line 113
20240514 205920.175 INFO             PET0  Finalizing ESMF with endflag==ESMF_END_KEEPMPI
20240514 205920.170 INFO             PET1 !!!!!!!!!!!!!!!!!!!!!!!!!!!!!!!!!!!!!!!!!!!!!!!!!!!!!!
20240514 205920.174 INFO             PET1 !!! THE ESMF_LOG IS SET TO OUTPUT ALL LOG MESSAGES !!!
20240514 205920.174 INFO             PET1 !!!     THIS MAY CAUSE SLOWDOWN IN PERFORMANCE     !!!
20240514 205920.174 INFO             PET1 !!! FOR PRODUCTION RUNS, USE:                      !!!
20240514 205920.174 INFO             PET1 !!!                   ESMF_LOGKIND_Multi_On_Error  !!!
20240514 205920.174 INFO             PET1 !!!!!!!!!!!!!!!!!!!!!!!!!!!!!!!!!!!!!!!!!!!!!!!!!!!!!!
20240514 205920.174 INFO             PET1 Running with ESMF Version   : v8.7.0b05-81-g4bbe0ebe7e
20240514 205920.174 INFO             PET1 ESMF library build date/time: "May 14 2024" "19:49:46"
20240514 205920.174 INFO             PET1 ESMF library build location : /Users/sacks/projects/scratch/esmf-testing/gfortranclang_12.2.0_14.0.0_openmpi_g_develop/esmf
20240514 205920.174 INFO             PET1 ESMF_COMM                   : openmpi
20240514 205920.174 INFO             PET1 ESMF_MOAB                   : enabled
20240514 205920.174 INFO             PET1 ESMF_LAPACK                 : enabled
20240514 205920.174 INFO             PET1 ESMF_NETCDF                 : enabled
20240514 205920.174 INFO             PET1 ESMF_PNETCDF                : disabled
20240514 205920.174 INFO             PET1 ESMF_PIO                    : enabled
20240514 205920.174 INFO             PET1 ESMF_YAMLCPP                : enabled
20240514 205920.175 INFO             PET1  NUMBER_OF_PROCESSORS           2
20240514 205920.175 INFO             PET1  PASS  Example ESMF_VMUserMpiCommEx, ESMF_VMUserMpiCommEx.F90, line 113
20240514 205920.175 INFO             PET1  Finalizing ESMF with endflag==ESMF_END_KEEPMPI
