2024-06-27 17:45:01
 contents before scatter/gather:
           0  array1:            1
           0  array1:            2
 contents before scatter/gather:
           2  array1:          201
           2  array1:          202
 contents before scatter/gather:
           1  array1:          101
           1  array1:          102
 contents before scatter/gather:
           3  array1:          301
           3  array1:          302
           0  array1:            3
           2  array1:          203
           1  array1:          103
           3  array1:          303
           2  array1:          204
           0  array1:            4
           0  array1:            5
           1  array1:          104
           1  array1:          105
           3  array1:          304
           3  array1:          305
           2  array1:          205
           2  array1:          206
           0  array1:            6
           1  array1:          106
           3  array1:          306
           0  array1:            7
           0  array1:            8
           2  array1:          207
           2  array1:          208
           1  array1:          107
           1  array1:          108
           3  array1:          307
           3  array1:          308
 scatter result:
           0  array2:            1
           0  array2:            2
 gather result:
           0  array1:            1
           0  array1:            2
 scatter result:
           2  array2:            5
 scatter result:
           1  array2:            3
 scatter result:
           3  array2:            7
           0  array1:            3
           2  array2:            6
           1  array2:            4
 gather result:
           3  array2:            8
 gather result:
           0  array1:            4
           0  array1:            5
 gather result:
           2  array1:          201
           1  array1:          101
           1  array1:          102
           3  array1:            1
           3  array1:            2
           2  array1:          202
           0  array1:            6
           2  array1:          203
           0  array1:            7
           1  array1:          103
           1  array1:          104
           3  array1:            3
           2  array1:          204
           0  array1:            8
           3  array1:            4
           1  array1:          105
           2  array1:          205
           2  array1:          206
           3  array1:            5
           3  array1:            6
           1  array1:          106
  PASS  Example ESMF_VMScatterVMGatherEx, ESMF_VMScatterVMGatherEx.F90, line 120
           2  array1:          207
           2  array1:          208
  PASS  Example ESMF_VMScatterVMGatherEx, ESMF_VMScatterVMGatherEx.F90, line 120
           1  array1:          107
           1  array1:          108
  PASS  Example ESMF_VMScatterVMGatherEx, ESMF_VMScatterVMGatherEx.F90, line 120
           3  array1:            7
           3  array1:            8
  PASS  Example ESMF_VMScatterVMGatherEx, ESMF_VMScatterVMGatherEx.F90, line 120
 PASS: ESMF_VMScatterVMGatherEx.F90
 PASS: ESMF_VMScatterVMGatherEx.F90
 PASS: ESMF_VMScatterVMGatherEx.F90
 PASS: ESMF_VMScatterVMGatherEx.F90
