2024-05-14 19:51:56
--- ESMCI::Array::print start ---
 Base name    = Array002
 Status: Base = Ready,  object = Ready
 Proxy        = no
 Root Info (Attributes):
--- ESMCI::Array::print start ---
 Base name    = Array002
 Status: Base = Ready,  object = Ready
 Proxy        = no
 Root Info (Attributes):
{}Array typekind/rank: Real*8 / 2 
~ lower class' values ~
DistGrid dimCount = 2
deCount = 4
localDeCount = 1
~ local data in LocalArray for DE 0 ~
LocalArrayPrint: Array at address 0x13200fb00:
{}Array typekind/rank: Real*8 / 2 
~ lower class' values ~
DistGrid dimCount = 2
deCount = 4
localDeCount = 1
~ local data in LocalArray for DE 1 ~
LocalArrayPrint: Array at address 0x119f07490:
            rank = 2, typekind = 6, base_addr = 0x11a812a00
            dim[0] = 14  dim[1] = 14  
            rank = 2, typekind = 6, base_addr = 0x131821c00
--- ESMCI::Array::print start ---
  Real, *8, Dim 2, Data values:
(-1,-1) =  36.71
            dim[0] = 14  dim[1] = 14  
  Real, *8, Dim 2, Data values:
(-1,-1) =  36.71
--- ESMCI::Array::print start ---
 Base name    = Array002
( 0,-1) =  36.71
( 1,-1) =  36.71
( 0,-1) =  36.71
( 1,-1) =  36.71
 Base name    = Array002
( 2,-1) =  36.71
( 2,-1) =  36.71
( 3,-1) =  36.71
( 3,-1) =  36.71
 Status: Base = Ready,  object = Ready
 Status: Base = Ready,  object = Ready
 Proxy        = no
( 4,-1) =  36.71
( 5,-1) =  36.71
( 4,-1) =  36.71
( 5,-1) =  36.71
 Proxy        = no
 Root Info (Attributes):
 Root Info (Attributes):
( 6,-1) =  36.71
( 6,-1) =  36.71
( 7,-1) =  36.71
( 8,-1) =  36.71
  skipping to end ...
( 3,12) =  36.71
( 7,-1) =  36.71
( 8,-1) =  36.71
  skipping to end ...
( 3,12) =  36.71
( 4,12) =  36.71
( 5,12) =  36.71
( 6,12) =  36.71
{}Array typekind/rank: Real*8 / 2 
~ lower class' values ~
DistGrid dimCount = 2
deCount = 4
localDeCount = 1
( 4,12) =  36.71
( 5,12) =  36.71
( 6,12) =  36.71
( 7,12) =  36.71
( 8,12) =  36.71
( 9,12) =  36.71
(10,12) =  36.71
(11,12) =  36.71
(12,12) =  36.71
{}Array typekind/rank: Real*8 / 2 
~ lower class' values ~
DistGrid dimCount = 2
deCount = 4
localDeCount = 1
~ local data in LocalArray for DE 2 ~
( 7,12) =  36.71
~ local data in LocalArray for DE 3 ~
dim 1: [0]: [-1 [1 [1, 10] 10] 12]
( 8,12) =  36.71
LocalArrayPrint: Array at address 0x100404aa0:
dim 2: [1]: [-1 [1 [1, 10] 10] 12]
LocalArrayPrint: Array at address 0x104406b60:
--- ESMCI::Array::print end ---
            rank = 2, typekind = 6, base_addr = 0x10c00d000
( 9,12) =  36.71
            rank = 2, typekind = 6, base_addr = 0x10780cc00
(10,12) =  36.71
            dim[0] = 14  dim[1] = 14  
(11,12) =  36.71
  Real, *8, Dim 2, Data values:
            dim[0] = 14  dim[1] = 14  
  Real, *8, Dim 2, Data values:
 localSum=   3671.0000000000027     
(12,12) =  36.71
(-1,-1) =  36.71
dim 1: [0]: [-1 [1 [1, 10] 10] 12]
(-1,-1) =  36.71
( 0,-1) =  36.71
  PASS  Example ESMF_ArrayFarrayHaloEx, ESMF_ArrayFarrayHaloEx.F90, line 177
( 1,-1) =  36.71
dim 2: [1]: [-1 [1 [1, 10] 10] 12]
( 0,-1) =  36.71
( 1,-1) =  36.71
( 2,-1) =  36.71
( 2,-1) =  36.71
--- ESMCI::Array::print end ---
( 3,-1) =  36.71
( 3,-1) =  36.71
( 4,-1) =  36.71
 localSum=   3671.0000000000027     
( 5,-1) =  36.71
( 4,-1) =  36.71
( 6,-1) =  36.71
( 5,-1) =  36.71
( 7,-1) =  36.71
( 6,-1) =  36.71
  PASS  Example ESMF_ArrayFarrayHaloEx, ESMF_ArrayFarrayHaloEx.F90, line 177
( 8,-1) =  36.71
  skipping to end ...
( 7,-1) =  36.71
( 8,-1) =  36.71
( 3,12) =  36.71
( 4,12) =  36.71
  skipping to end ...
( 3,12) =  36.71
( 5,12) =  36.71
( 4,12) =  36.71
( 6,12) =  36.71
( 5,12) =  36.71
( 7,12) =  36.71
( 6,12) =  36.71
( 8,12) =  36.71
( 7,12) =  36.71
( 9,12) =  36.71
( 8,12) =  36.71
(10,12) =  36.71
( 9,12) =  36.71
(10,12) =  36.71
(11,12) =  36.71
(12,12) =  36.71
(11,12) =  36.71
(12,12) =  36.71
dim 1: [0]: [-1 [1 [1, 10] 10] 12]
dim 1: [0]: [-1 [1 [1, 10] 10] 12]
dim 2: [1]: [-1 [1 [1, 10] 10] 12]
dim 2: [1]: [-1 [1 [1, 10] 10] 12]
--- ESMCI::Array::print end ---
--- ESMCI::Array::print end ---
 localSum=   3671.0000000000027     
 localSum=   3671.0000000000027     
  PASS  Example ESMF_ArrayFarrayHaloEx, ESMF_ArrayFarrayHaloEx.F90, line 177
  PASS  Example ESMF_ArrayFarrayHaloEx, ESMF_ArrayFarrayHaloEx.F90, line 177
 PASS: ESMF_ArrayFarrayHaloEx.F90
 PASS: ESMF_ArrayFarrayHaloEx.F90
 PASS: ESMF_ArrayFarrayHaloEx.F90
 PASS: ESMF_ArrayFarrayHaloEx.F90
