2024-06-22 20:54:29
--- ESMCI::Array::print start ---
 Base name    = Array008
 Status: Base = Ready,  object = Ready
 Proxy        = no
 Root Info (Attributes):
{}Array typekind/rank: Real*8 / 2 
~ lower class' values ~
DistGrid dimCount = 2
deCount = 4
localDeCount = 1
--- ESMCI::Array::print start ---
 Base name    = Array008
--- ESMCI::Array::print start ---
 Base name    = Array008
 Status: Base = Ready,  object = Ready
~ local data in LocalArray for DE 0 ~
LocalArrayPrint: Array at address 0x105b07390:
 Status: Base = Ready,  object = Ready
 Proxy        = no
 Root Info (Attributes):
 Proxy        = no
 Root Info (Attributes):
            rank = 2, typekind = 6, base_addr = 0x6000013e05a0
            dim[0] = 3  dim[1] = 10  
  Real, *8, Dim 2, Data values:
{}Array typekind/rank: Real*8 / 2 
( 1, 1) =  513.58
( 2, 1) =  613.58
( 3, 1) =  713.58
{}Array typekind/rank: Real*8 / 2 
~ lower class' values ~
~ lower class' values ~
( 1, 2) =  514.814
( 2, 2) =  614.814
DistGrid dimCount = 2
deCount = 4
DistGrid dimCount = 2
deCount = 4
localDeCount = 1
( 3, 2) =  714.814
localDeCount = 1
~ local data in LocalArray for DE 1 ~
LocalArrayPrint: Array at address 0x140605b00:
~ local data in LocalArray for DE 2 ~
LocalArrayPrint: Array at address 0x106704be0:
( 1, 3) =  516.048
( 2, 3) =  616.048
            rank = 2, typekind = 6, base_addr = 0x600003be0000
            dim[0] = 3  dim[1] = 10  
  Real, *8, Dim 2, Data values:
( 3, 3) =  716.048
( 1, 4) =  517.283
  skipping to end ...
( 3, 7) =  720.986
            rank = 2, typekind = 6, base_addr = 0x6000014ec000
            dim[0] = 3  dim[1] = 10  
  Real, *8, Dim 2, Data values:
( 1, 1) =  513.58
( 1, 1) =  1.2345
( 2, 1) =  1.2345
( 1, 8) =  522.221
( 2, 8) =  622.221
( 2, 1) =  613.58
( 3, 1) =  1.2345
( 3, 8) =  722.221
( 1, 9) =  523.456
( 3, 1) =  713.58
( 1, 2) =  514.814
( 1, 2) =  1.2345
( 2, 2) =  1.2345
( 3, 2) =  1.2345
( 2, 2) =  614.814
( 3, 2) =  714.814
( 2, 9) =  623.456
( 3, 9) =  723.456
( 1, 3) =  1.2345
--- ESMCI::Array::print start ---
 Base name    = Array008
( 2, 3) =  1.2345
( 3, 3) =  1.2345
 Status: Base = Ready,  object = Ready
 Proxy        = no
( 1, 4) =  1.2345
( 1, 3) =  516.048
( 2, 3) =  616.048
( 3, 3) =  716.048
( 1,10) =  524.69
( 2,10) =  624.69
( 3,10) =  724.69
dim 1: undistLBound[0]=1            undistUBound[0]=3
  skipping to end ...
( 3, 7) =  1.2345
( 1, 8) =  1.2345
( 2, 8) =  1.2345
( 3, 8) =  1.2345
( 1, 9) =  1.2345
( 2, 9) =  1.2345
( 1, 4) =  517.283
  skipping to end ...
( 3, 7) =  720.986
( 1, 8) =  522.221
( 2, 8) =  622.221
( 3, 8) =  722.221
dim 2: [0]: [1 [1 [1, 10] 10] 10]
--- ESMCI::Array::print end ---
 Root Info (Attributes):
{}Array typekind/rank: Real*8 / 2 
( 3, 9) =  1.2345
( 1,10) =  1.2345
( 1, 9) =  523.456
( 2, 9) =  623.456
( 3, 9) =  723.456
~ lower class' values ~
DistGrid dimCount = 2
( 2,10) =  1.2345
( 1,10) =  524.69
( 2,10) =  624.69
( 3,10) =  1.2345
dim 1: undistLBound[0]=1            undistUBound[0]=3
deCount = 4
localDeCount = 1
~ local data in LocalArray for DE 3 ~
( 3,10) =  724.69
dim 2: [0]: [1 [1 [1, 10] 10] 10]
--- ESMCI::Array::print end ---
LocalArrayPrint: Array at address 0x14c00b720:
dim 1: undistLBound[0]=1            undistUBound[0]=3
 localPet =            1 myFarray2D2:    0.0000000000000000        0.0000000000000000        0.0000000000000000        0.0000000000000000        0.0000000000000000        0.0000000000000000        0.0000000000000000        0.0000000000000000        0.0000000000000000        0.0000000000000000        0.0000000000000000        0.0000000000000000        0.0000000000000000        0.0000000000000000        0.0000000000000000        0.0000000000000000        0.0000000000000000        0.0000000000000000        0.0000000000000000        0.0000000000000000        0.0000000000000000        0.0000000000000000        0.0000000000000000        0.0000000000000000        0.0000000000000000        0.0000000000000000        0.0000000000000000        0.0000000000000000        0.0000000000000000        0.0000000000000000     
dim 2: [0]: [1 [1 [1, 10] 10] 10]
--- ESMCI::Array::print start ---
--- ESMCI::Array::print end ---
            rank = 2, typekind = 6, base_addr = 0x60000304c000
            dim[0] = 3  dim[1] = 10  
 Base name    = Array008
  Real, *8, Dim 2, Data values:
 Status: Base = Ready,  object = Ready
 Proxy        = no
( 1, 1) =  513.58
 Root Info (Attributes):
( 2, 1) =  613.58
( 3, 1) =  713.58
( 1, 2) =  514.814
{}Array typekind/rank: Real*8 / 2 
~ lower class' values ~
 localPet =            2 myFarray2D2:    0.0000000000000000        0.0000000000000000        0.0000000000000000        0.0000000000000000        0.0000000000000000        0.0000000000000000        0.0000000000000000        0.0000000000000000        0.0000000000000000        0.0000000000000000        0.0000000000000000        0.0000000000000000        0.0000000000000000        0.0000000000000000        0.0000000000000000        0.0000000000000000        0.0000000000000000        0.0000000000000000        0.0000000000000000        0.0000000000000000        0.0000000000000000        0.0000000000000000        0.0000000000000000        0.0000000000000000        0.0000000000000000        0.0000000000000000        0.0000000000000000        0.0000000000000000        0.0000000000000000        0.0000000000000000     
DistGrid dimCount = 2
( 2, 2) =  614.814
( 3, 2) =  714.814
deCount = 4
--- ESMCI::Array::print start ---
 Base name    = Array008
( 1, 3) =  516.048
( 2, 3) =  616.048
localDeCount = 1
~ local data in LocalArray for DE 1 ~
 Status: Base = Ready,  object = Ready
 Proxy        = no
( 3, 3) =  716.048
LocalArrayPrint: Array at address 0x140605b00:
( 1, 4) =  517.283
 Root Info (Attributes):
            rank = 2, typekind = 6, base_addr = 0x600003be0000
  skipping to end ...
            dim[0] = 3  dim[1] = 10  
{}( 3, 7) =  720.986
  Real, *8, Dim 2, Data values:
( 1, 8) =  522.221
Array typekind/rank: Real*8 / 2 
( 1, 1) =  1.2345
~ lower class' values ~
( 2, 8) =  622.221
( 2, 1) =  1.2345
( 3, 1) =  1.2345
DistGrid dimCount = 2
( 3, 8) =  722.221
( 1, 9) =  523.456
deCount = 4
( 1, 2) =  1.2345
localDeCount = 1
( 2, 9) =  623.456
( 2, 2) =  1.2345
( 3, 9) =  723.456
~ local data in LocalArray for DE 2 ~
( 3, 2) =  1.2345
( 1,10) =  524.69
LocalArrayPrint: Array at address 0x106704be0:
( 1, 3) =  1.2345
( 2,10) =  624.69
( 3,10) =  724.69
dim 1: undistLBound[0]=1            undistUBound[0]=3
dim 2: [0]: [1 [1 [1, 10] 10] 10]
( 2, 3) =  1.2345
( 3, 3) =  1.2345
( 1, 4) =  1.2345
            rank = 2, typekind = 6, base_addr = 0x6000014ec000
            dim[0] = 3  dim[1] = 10  
--- ESMCI::Array::print end ---
  skipping to end ...
  Real, *8, Dim 2, Data values:
( 1, 1) =  513.58
( 3, 7) =  1.2345
( 2, 1) =  613.58
( 1, 8) =  1.2345
( 2, 8) =  1.2345
 localPet =            3 myFarray2D2:    0.0000000000000000        0.0000000000000000        0.0000000000000000        0.0000000000000000        0.0000000000000000        0.0000000000000000        0.0000000000000000        0.0000000000000000        0.0000000000000000        0.0000000000000000        0.0000000000000000        0.0000000000000000        0.0000000000000000        0.0000000000000000        0.0000000000000000        0.0000000000000000        0.0000000000000000        0.0000000000000000        0.0000000000000000        0.0000000000000000        0.0000000000000000        0.0000000000000000        0.0000000000000000        0.0000000000000000        0.0000000000000000        0.0000000000000000        0.0000000000000000        0.0000000000000000        0.0000000000000000        0.0000000000000000     
--- ESMCI::Array::print start ---
( 3, 1) =  713.58
( 1, 2) =  514.814
( 3, 8) =  1.2345
( 2, 2) =  614.814
( 1, 9) =  1.2345
 Base name    = Array008
( 3, 2) =  714.814
 Status: Base = Ready,  object = Ready
( 2, 9) =  1.2345
 localPet =            0 myFarray2D2:    513.57950000000005        613.57950000000005        713.57950000000005        514.81399999999996        614.81399999999996        714.81399999999996        516.04849999999999        616.04849999999999        716.04849999999999        517.28300000000002        617.28300000000002        717.28300000000002        518.51750000000004        618.51750000000004        718.51750000000004        519.75199999999995        619.75199999999995        719.75199999999995        520.98649999999998        620.98649999999998        720.98649999999998        522.22100000000000        622.22100000000000        722.22100000000000        523.45550000000003        623.45550000000003        723.45550000000003        524.69000000000005        624.69000000000005        724.69000000000005     
( 1, 3) =  516.048
( 2, 3) =  616.048
 Proxy        = no
 Root Info (Attributes):
( 3, 9) =  1.2345
( 1,10) =  1.2345
--- ESMCI::Array::print start ---
 Base name    = Array008
( 3, 3) =  716.048
( 2,10) =  1.2345
( 3,10) =  1.2345
 Status: Base = Ready,  object = Ready
 Proxy        = no
{}Array typekind/rank: Real*8 / 2 
( 1, 4) =  517.283
  skipping to end ...
dim 1: undistLBound[0]=1            undistUBound[0]=3
 Root Info (Attributes):
( 3, 7) =  720.986
~ lower class' values ~
DistGrid dimCount = 2
dim 2: [0]: [1 [1 [1, 10] 10] 10]
--- ESMCI::Array::print end ---
{}Array typekind/rank: Real*8 / 2 
( 1, 8) =  522.221
( 2, 8) =  622.221
deCount = 4
( 3, 8) =  722.221
~ lower class' values ~
localDeCount = 1
( 1, 9) =  523.456
DistGrid dimCount = 2
~ local data in LocalArray for DE 3 ~
( 2, 9) =  623.456
deCount = 4
localDeCount = 1
LocalArrayPrint: Array at address 0x14c00b720:
            rank = 2, typekind = 6, base_addr = 0x60000304c000
( 3, 9) =  723.456
( 1,10) =  524.69
~ local data in LocalArray for DE 0 ~
LocalArrayPrint: Array at address 0x105b07390:
            dim[0] = 3  dim[1] = 10  
  Real, *8, Dim 2, Data values:
( 2,10) =  624.69
            rank = 2, typekind = 6, base_addr = 0x6000013e05a0
            dim[0] = 3  dim[1] = 10  
  Real, *8, Dim 2, Data values:
( 1, 1) =  5.4321
( 2, 1) =  5.4321
( 3, 1) =  5.4321
( 1, 2) =  5.4321
( 2, 2) =  5.4321
( 3,10) =  724.69
dim 1: undistLBound[0]=1            undistUBound[0]=3
( 1, 1) =  513.58
( 2, 1) =  613.58
( 3, 1) =  713.58
( 3, 2) =  5.4321
( 1, 3) =  5.4321
( 2, 3) =  5.4321
dim 2: [0]: [1 [1 [1, 10] 10] 10]
( 1, 2) =  514.814
--- ESMCI::Array::print end ---
( 2, 2) =  614.814
( 3, 2) =  714.814
( 1, 3) =  516.048
( 2, 3) =  616.048
( 3, 3) =  716.048
( 1, 4) =  517.283
( 3, 3) =  5.4321
  skipping to end ...
( 1, 4) =  5.4321
( 3, 7) =  720.986
  skipping to end ...
( 3, 7) =  5.4321
( 1, 8) =  522.221
( 2, 8) =  622.221
( 1, 8) =  5.4321
( 3, 8) =  722.221
( 2, 8) =  5.4321
( 1, 9) =  523.456
( 3, 8) =  5.4321
( 2, 9) =  623.456
( 1, 9) =  5.4321
( 2, 9) =  5.4321
( 3, 9) =  723.456
( 1,10) =  524.69
( 3, 9) =  5.4321
( 2,10) =  624.69
( 1,10) =  5.4321
( 3,10) =  724.69
dim 1: undistLBound[0]=1            undistUBound[0]=3
dim 2: [0]: [1 [1 [1, 10] 10] 10]
--- ESMCI::Array::print end ---
( 2,10) =  5.4321
( 3,10) =  5.4321
dim 1: undistLBound[0]=1            undistUBound[0]=3
dim 2: [0]: [1 [1 [1, 10] 10] 10]
--- ESMCI::Array::print end ---
 localPet =            1 myFarray2D2:    0.0000000000000000        0.0000000000000000        0.0000000000000000        0.0000000000000000        0.0000000000000000        0.0000000000000000        0.0000000000000000        0.0000000000000000        0.0000000000000000        0.0000000000000000        0.0000000000000000        0.0000000000000000        0.0000000000000000        0.0000000000000000        0.0000000000000000        0.0000000000000000        0.0000000000000000        0.0000000000000000        0.0000000000000000        0.0000000000000000        0.0000000000000000        0.0000000000000000        0.0000000000000000        0.0000000000000000        0.0000000000000000        0.0000000000000000        0.0000000000000000        0.0000000000000000        0.0000000000000000        0.0000000000000000     
 localPet =            2 myFarray2D2:    0.0000000000000000        0.0000000000000000        0.0000000000000000        0.0000000000000000        0.0000000000000000        0.0000000000000000        0.0000000000000000        0.0000000000000000        0.0000000000000000        0.0000000000000000        0.0000000000000000        0.0000000000000000        0.0000000000000000        0.0000000000000000        0.0000000000000000        0.0000000000000000        0.0000000000000000        0.0000000000000000        0.0000000000000000        0.0000000000000000        0.0000000000000000        0.0000000000000000        0.0000000000000000        0.0000000000000000        0.0000000000000000        0.0000000000000000        0.0000000000000000        0.0000000000000000        0.0000000000000000        0.0000000000000000     
 localPet =            3 myFarray2D2:    0.0000000000000000        0.0000000000000000        0.0000000000000000        0.0000000000000000        0.0000000000000000        0.0000000000000000        0.0000000000000000        0.0000000000000000        0.0000000000000000        0.0000000000000000        0.0000000000000000        0.0000000000000000        0.0000000000000000        0.0000000000000000        0.0000000000000000        0.0000000000000000        0.0000000000000000        0.0000000000000000        0.0000000000000000        0.0000000000000000        0.0000000000000000        0.0000000000000000        0.0000000000000000        0.0000000000000000        0.0000000000000000        0.0000000000000000        0.0000000000000000        0.0000000000000000        0.0000000000000000        0.0000000000000000     
  PASS  Example ESMF_ArrayScatterGatherEx, ESMF_ArrayScatterGatherEx.F90, line 328
  PASS  Example ESMF_ArrayScatterGatherEx, ESMF_ArrayScatterGatherEx.F90, line 328
  PASS  Example ESMF_ArrayScatterGatherEx, ESMF_ArrayScatterGatherEx.F90, line 328
 localPet =            0 myFarray2D2:    5.4320998191833496        5.4320998191833496        5.4320998191833496        5.4320998191833496        5.4320998191833496        5.4320998191833496        5.4320998191833496        5.4320998191833496        5.4320998191833496        5.4320998191833496        5.4320998191833496        5.4320998191833496        5.4320998191833496        5.4320998191833496        5.4320998191833496        5.4320998191833496        5.4320998191833496        5.4320998191833496        5.4320998191833496        5.4320998191833496        5.4320998191833496        5.4320998191833496        5.4320998191833496        5.4320998191833496        5.4320998191833496        5.4320998191833496        5.4320998191833496        5.4320998191833496        5.4320998191833496        5.4320998191833496     
  PASS  Example ESMF_ArrayScatterGatherEx, ESMF_ArrayScatterGatherEx.F90, line 328
 PASS: ESMF_ArrayScatterGatherEx.F90
 PASS: ESMF_ArrayScatterGatherEx.F90
 PASS: ESMF_ArrayScatterGatherEx.F90
 PASS: ESMF_ArrayScatterGatherEx.F90
