2024-05-17 19:50:02
20240517 211343.272 INFO             PET0 !!!!!!!!!!!!!!!!!!!!!!!!!!!!!!!!!!!!!!!!!!!!!!!!!!!!!!
20240517 211343.278 INFO             PET0 !!! THE ESMF_LOG IS SET TO OUTPUT ALL LOG MESSAGES !!!
20240517 211343.278 INFO             PET0 !!!     THIS MAY CAUSE SLOWDOWN IN PERFORMANCE     !!!
20240517 211343.278 INFO             PET0 !!! FOR PRODUCTION RUNS, USE:                      !!!
20240517 211343.278 INFO             PET0 !!!                   ESMF_LOGKIND_Multi_On_Error  !!!
20240517 211343.278 INFO             PET0 !!!!!!!!!!!!!!!!!!!!!!!!!!!!!!!!!!!!!!!!!!!!!!!!!!!!!!
20240517 211343.278 INFO             PET0 Running with ESMF Version   : v8.7.0b05-86-g6f1fcac0dc
20240517 211343.278 INFO             PET0 ESMF library build date/time: "May 17 2024" "19:48:05"
20240517 211343.278 INFO             PET0 ESMF library build location : /Users/sacks/projects/scratch/esmf-testing/gfortranclang_12.2.0_14.0.0_openmpi_g_develop/esmf
20240517 211343.278 INFO             PET0 ESMF_COMM                   : openmpi
20240517 211343.278 INFO             PET0 ESMF_MOAB                   : enabled
20240517 211343.278 INFO             PET0 ESMF_LAPACK                 : enabled
20240517 211343.278 INFO             PET0 ESMF_NETCDF                 : enabled
20240517 211343.278 INFO             PET0 ESMF_PNETCDF                : disabled
20240517 211343.278 INFO             PET0 ESMF_PIO                    : enabled
20240517 211343.278 INFO             PET0 ESMF_YAMLCPP                : enabled
20240517 211343.285 INFO             PET0  NUMBER_OF_PROCESSORS           4
20240517 211343.285 INFO             PET0  PASS  Example ESMF_VMUserMpiCommMultiEx, ESMF_VMUserMpiCommMultiEx.F90, line 126
20240517 211343.285 INFO             PET0  Finalizing ESMF with endflag==ESMF_END_KEEPMPI
20240517 211343.273 INFO             PET0 !!!!!!!!!!!!!!!!!!!!!!!!!!!!!!!!!!!!!!!!!!!!!!!!!!!!!!
20240517 211343.278 INFO             PET0 !!! THE ESMF_LOG IS SET TO OUTPUT ALL LOG MESSAGES !!!
20240517 211343.278 INFO             PET0 !!!     THIS MAY CAUSE SLOWDOWN IN PERFORMANCE     !!!
20240517 211343.278 INFO             PET0 !!! FOR PRODUCTION RUNS, USE:                      !!!
20240517 211343.278 INFO             PET0 !!!                   ESMF_LOGKIND_Multi_On_Error  !!!
20240517 211343.278 INFO             PET0 !!!!!!!!!!!!!!!!!!!!!!!!!!!!!!!!!!!!!!!!!!!!!!!!!!!!!!
20240517 211343.278 INFO             PET0 Running with ESMF Version   : v8.7.0b05-86-g6f1fcac0dc
20240517 211343.278 INFO             PET0 ESMF library build date/time: "May 17 2024" "19:48:05"
20240517 211343.278 INFO             PET0 ESMF library build location : /Users/sacks/projects/scratch/esmf-testing/gfortranclang_12.2.0_14.0.0_openmpi_g_develop/esmf
20240517 211343.278 INFO             PET0 ESMF_COMM                   : openmpi
20240517 211343.279 INFO             PET0 ESMF_MOAB                   : enabled
20240517 211343.279 INFO             PET0 ESMF_LAPACK                 : enabled
20240517 211343.279 INFO             PET0 ESMF_NETCDF                 : enabled
20240517 211343.279 INFO             PET0 ESMF_PNETCDF                : disabled
20240517 211343.279 INFO             PET0 ESMF_PIO                    : enabled
20240517 211343.279 INFO             PET0 ESMF_YAMLCPP                : enabled
20240517 211343.279 INFO             PET0  NUMBER_OF_PROCESSORS           4
20240517 211343.279 INFO             PET0  PASS  Example ESMF_VMUserMpiCommMultiEx, ESMF_VMUserMpiCommMultiEx.F90, line 154
20240517 211343.279 INFO             PET0  Finalizing ESMF with endflag==ESMF_END_KEEPMPI
20240517 211343.273 INFO             PET1 !!!!!!!!!!!!!!!!!!!!!!!!!!!!!!!!!!!!!!!!!!!!!!!!!!!!!!
20240517 211343.285 INFO             PET1 !!! THE ESMF_LOG IS SET TO OUTPUT ALL LOG MESSAGES !!!
20240517 211343.285 INFO             PET1 !!!     THIS MAY CAUSE SLOWDOWN IN PERFORMANCE     !!!
20240517 211343.285 INFO             PET1 !!! FOR PRODUCTION RUNS, USE:                      !!!
20240517 211343.285 INFO             PET1 !!!                   ESMF_LOGKIND_Multi_On_Error  !!!
20240517 211343.285 INFO             PET1 !!!!!!!!!!!!!!!!!!!!!!!!!!!!!!!!!!!!!!!!!!!!!!!!!!!!!!
20240517 211343.285 INFO             PET1 Running with ESMF Version   : v8.7.0b05-86-g6f1fcac0dc
20240517 211343.285 INFO             PET1 ESMF library build date/time: "May 17 2024" "19:48:05"
20240517 211343.285 INFO             PET1 ESMF library build location : /Users/sacks/projects/scratch/esmf-testing/gfortranclang_12.2.0_14.0.0_openmpi_g_develop/esmf
20240517 211343.285 INFO             PET1 ESMF_COMM                   : openmpi
20240517 211343.285 INFO             PET1 ESMF_MOAB                   : enabled
20240517 211343.285 INFO             PET1 ESMF_LAPACK                 : enabled
20240517 211343.285 INFO             PET1 ESMF_NETCDF                 : enabled
20240517 211343.285 INFO             PET1 ESMF_PNETCDF                : disabled
20240517 211343.285 INFO             PET1 ESMF_PIO                    : enabled
20240517 211343.285 INFO             PET1 ESMF_YAMLCPP                : enabled
20240517 211343.285 INFO             PET1  NUMBER_OF_PROCESSORS           4
20240517 211343.285 INFO             PET1  PASS  Example ESMF_VMUserMpiCommMultiEx, ESMF_VMUserMpiCommMultiEx.F90, line 126
20240517 211343.285 INFO             PET1  Finalizing ESMF with endflag==ESMF_END_KEEPMPI
20240517 211343.273 INFO             PET1 !!!!!!!!!!!!!!!!!!!!!!!!!!!!!!!!!!!!!!!!!!!!!!!!!!!!!!
20240517 211343.278 INFO             PET1 !!! THE ESMF_LOG IS SET TO OUTPUT ALL LOG MESSAGES !!!
20240517 211343.278 INFO             PET1 !!!     THIS MAY CAUSE SLOWDOWN IN PERFORMANCE     !!!
20240517 211343.278 INFO             PET1 !!! FOR PRODUCTION RUNS, USE:                      !!!
20240517 211343.278 INFO             PET1 !!!                   ESMF_LOGKIND_Multi_On_Error  !!!
20240517 211343.278 INFO             PET1 !!!!!!!!!!!!!!!!!!!!!!!!!!!!!!!!!!!!!!!!!!!!!!!!!!!!!!
20240517 211343.278 INFO             PET1 Running with ESMF Version   : v8.7.0b05-86-g6f1fcac0dc
20240517 211343.278 INFO             PET1 ESMF library build date/time: "May 17 2024" "19:48:05"
20240517 211343.278 INFO             PET1 ESMF library build location : /Users/sacks/projects/scratch/esmf-testing/gfortranclang_12.2.0_14.0.0_openmpi_g_develop/esmf
20240517 211343.278 INFO             PET1 ESMF_COMM                   : openmpi
20240517 211343.278 INFO             PET1 ESMF_MOAB                   : enabled
20240517 211343.278 INFO             PET1 ESMF_LAPACK                 : enabled
20240517 211343.278 INFO             PET1 ESMF_NETCDF                 : enabled
20240517 211343.278 INFO             PET1 ESMF_PNETCDF                : disabled
20240517 211343.278 INFO             PET1 ESMF_PIO                    : enabled
20240517 211343.278 INFO             PET1 ESMF_YAMLCPP                : enabled
20240517 211343.284 INFO             PET1  NUMBER_OF_PROCESSORS           4
20240517 211343.284 INFO             PET1  PASS  Example ESMF_VMUserMpiCommMultiEx, ESMF_VMUserMpiCommMultiEx.F90, line 154
20240517 211343.284 INFO             PET1  Finalizing ESMF with endflag==ESMF_END_KEEPMPI
