2024-07-23 03:45:42
20240723 043606.358 INFO             PET0 !!!!!!!!!!!!!!!!!!!!!!!!!!!!!!!!!!!!!!!!!!!!!!!!!!!!!!
20240723 043606.358 INFO             PET0 !!! THE ESMF_LOG IS SET TO OUTPUT ALL LOG MESSAGES !!!
20240723 043606.358 INFO             PET0 !!!     THIS MAY CAUSE SLOWDOWN IN PERFORMANCE     !!!
20240723 043606.358 INFO             PET0 !!! FOR PRODUCTION RUNS, USE:                      !!!
20240723 043606.358 INFO             PET0 !!!                   ESMF_LOGKIND_Multi_On_Error  !!!
20240723 043606.358 INFO             PET0 !!!!!!!!!!!!!!!!!!!!!!!!!!!!!!!!!!!!!!!!!!!!!!!!!!!!!!
20240723 043606.358 INFO             PET0 Running with ESMF Version   : v8.7.0b09-4-g1506816bee
20240723 043606.358 INFO             PET0 ESMF library build date/time: "Jul 23 2024" "03:42:13"
20240723 043606.358 INFO             PET0 ESMF library build location : /glade/derecho/scratch/sacks/esmf-testing/nvhpc_23.7_mpi_g_feature_numa/esmf
20240723 043606.358 INFO             PET0 ESMF_COMM                   : mpi
20240723 043606.359 INFO             PET0 ESMF_MOAB                   : enabled
20240723 043606.359 INFO             PET0 ESMF_LAPACK                 : enabled
20240723 043606.359 INFO             PET0 ESMF_NETCDF                 : enabled
20240723 043606.359 INFO             PET0 ESMF_PNETCDF                : disabled
20240723 043606.359 INFO             PET0 ESMF_PIO                    : enabled
20240723 043606.359 INFO             PET0 ESMF_YAMLCPP                : enabled
20240723 043606.449 DEBUG            PET0 about to destroy Grid: 0x7609a0
20240723 043606.459 DEBUG            PET0 about to destroy Grid: 0x764c40
20240723 043606.487 INFO             PET0  NUMBER_OF_PROCESSORS            4
20240723 043606.487 INFO             PET0  PASS  Example ESMF_NUOPCAtmModelEx, ESMF_NUOPCAtmModelEx.F90, line 806
20240723 043606.487 INFO             PET0  Finalizing ESMF
20240723 043606.358 INFO             PET1 !!!!!!!!!!!!!!!!!!!!!!!!!!!!!!!!!!!!!!!!!!!!!!!!!!!!!!
20240723 043606.358 INFO             PET1 !!! THE ESMF_LOG IS SET TO OUTPUT ALL LOG MESSAGES !!!
20240723 043606.358 INFO             PET1 !!!     THIS MAY CAUSE SLOWDOWN IN PERFORMANCE     !!!
20240723 043606.358 INFO             PET1 !!! FOR PRODUCTION RUNS, USE:                      !!!
20240723 043606.358 INFO             PET1 !!!                   ESMF_LOGKIND_Multi_On_Error  !!!
20240723 043606.358 INFO             PET1 !!!!!!!!!!!!!!!!!!!!!!!!!!!!!!!!!!!!!!!!!!!!!!!!!!!!!!
20240723 043606.358 INFO             PET1 Running with ESMF Version   : v8.7.0b09-4-g1506816bee
20240723 043606.358 INFO             PET1 ESMF library build date/time: "Jul 23 2024" "03:42:13"
20240723 043606.358 INFO             PET1 ESMF library build location : /glade/derecho/scratch/sacks/esmf-testing/nvhpc_23.7_mpi_g_feature_numa/esmf
20240723 043606.358 INFO             PET1 ESMF_COMM                   : mpi
20240723 043606.358 INFO             PET1 ESMF_MOAB                   : enabled
20240723 043606.358 INFO             PET1 ESMF_LAPACK                 : enabled
20240723 043606.358 INFO             PET1 ESMF_NETCDF                 : enabled
20240723 043606.358 INFO             PET1 ESMF_PNETCDF                : disabled
20240723 043606.358 INFO             PET1 ESMF_PIO                    : enabled
20240723 043606.358 INFO             PET1 ESMF_YAMLCPP                : enabled
20240723 043606.449 DEBUG            PET1 about to destroy Grid: 0x75f480
20240723 043606.459 DEBUG            PET1 about to destroy Grid: 0x761000
20240723 043606.487 INFO             PET1  NUMBER_OF_PROCESSORS            4
20240723 043606.487 INFO             PET1  PASS  Example ESMF_NUOPCAtmModelEx, ESMF_NUOPCAtmModelEx.F90, line 806
20240723 043606.487 INFO             PET1  Finalizing ESMF
20240723 043606.358 INFO             PET2 !!!!!!!!!!!!!!!!!!!!!!!!!!!!!!!!!!!!!!!!!!!!!!!!!!!!!!
20240723 043606.358 INFO             PET2 !!! THE ESMF_LOG IS SET TO OUTPUT ALL LOG MESSAGES !!!
20240723 043606.358 INFO             PET2 !!!     THIS MAY CAUSE SLOWDOWN IN PERFORMANCE     !!!
20240723 043606.358 INFO             PET2 !!! FOR PRODUCTION RUNS, USE:                      !!!
20240723 043606.358 INFO             PET2 !!!                   ESMF_LOGKIND_Multi_On_Error  !!!
20240723 043606.358 INFO             PET2 !!!!!!!!!!!!!!!!!!!!!!!!!!!!!!!!!!!!!!!!!!!!!!!!!!!!!!
20240723 043606.358 INFO             PET2 Running with ESMF Version   : v8.7.0b09-4-g1506816bee
20240723 043606.358 INFO             PET2 ESMF library build date/time: "Jul 23 2024" "03:42:13"
20240723 043606.358 INFO             PET2 ESMF library build location : /glade/derecho/scratch/sacks/esmf-testing/nvhpc_23.7_mpi_g_feature_numa/esmf
20240723 043606.358 INFO             PET2 ESMF_COMM                   : mpi
20240723 043606.358 INFO             PET2 ESMF_MOAB                   : enabled
20240723 043606.358 INFO             PET2 ESMF_LAPACK                 : enabled
20240723 043606.358 INFO             PET2 ESMF_NETCDF                 : enabled
20240723 043606.358 INFO             PET2 ESMF_PNETCDF                : disabled
20240723 043606.358 INFO             PET2 ESMF_PIO                    : enabled
20240723 043606.358 INFO             PET2 ESMF_YAMLCPP                : enabled
20240723 043606.449 DEBUG            PET2 about to destroy Grid: 0x75f110
20240723 043606.459 DEBUG            PET2 about to destroy Grid: 0x760d30
20240723 043606.487 INFO             PET2  NUMBER_OF_PROCESSORS            4
20240723 043606.487 INFO             PET2  PASS  Example ESMF_NUOPCAtmModelEx, ESMF_NUOPCAtmModelEx.F90, line 806
20240723 043606.487 INFO             PET2  Finalizing ESMF
20240723 043606.357 INFO             PET3 !!!!!!!!!!!!!!!!!!!!!!!!!!!!!!!!!!!!!!!!!!!!!!!!!!!!!!
20240723 043606.357 INFO             PET3 !!! THE ESMF_LOG IS SET TO OUTPUT ALL LOG MESSAGES !!!
20240723 043606.357 INFO             PET3 !!!     THIS MAY CAUSE SLOWDOWN IN PERFORMANCE     !!!
20240723 043606.357 INFO             PET3 !!! FOR PRODUCTION RUNS, USE:                      !!!
20240723 043606.357 INFO             PET3 !!!                   ESMF_LOGKIND_Multi_On_Error  !!!
20240723 043606.357 INFO             PET3 !!!!!!!!!!!!!!!!!!!!!!!!!!!!!!!!!!!!!!!!!!!!!!!!!!!!!!
20240723 043606.357 INFO             PET3 Running with ESMF Version   : v8.7.0b09-4-g1506816bee
20240723 043606.357 INFO             PET3 ESMF library build date/time: "Jul 23 2024" "03:42:13"
20240723 043606.357 INFO             PET3 ESMF library build location : /glade/derecho/scratch/sacks/esmf-testing/nvhpc_23.7_mpi_g_feature_numa/esmf
20240723 043606.357 INFO             PET3 ESMF_COMM                   : mpi
20240723 043606.358 INFO             PET3 ESMF_MOAB                   : enabled
20240723 043606.358 INFO             PET3 ESMF_LAPACK                 : enabled
20240723 043606.358 INFO             PET3 ESMF_NETCDF                 : enabled
20240723 043606.358 INFO             PET3 ESMF_PNETCDF                : disabled
20240723 043606.358 INFO             PET3 ESMF_PIO                    : enabled
20240723 043606.358 INFO             PET3 ESMF_YAMLCPP                : enabled
20240723 043606.449 DEBUG            PET3 about to destroy Grid: 0x75ea70
20240723 043606.459 DEBUG            PET3 about to destroy Grid: 0x760430
20240723 043606.486 INFO             PET3  NUMBER_OF_PROCESSORS            4
20240723 043606.486 INFO             PET3  PASS  Example ESMF_NUOPCAtmModelEx, ESMF_NUOPCAtmModelEx.F90, line 806
20240723 043606.486 INFO             PET3  Finalizing ESMF
