2024-07-23 07:38:39
20240723 082828.836 INFO             PET0 !!!!!!!!!!!!!!!!!!!!!!!!!!!!!!!!!!!!!!!!!!!!!!!!!!!!!!
20240723 082828.836 INFO             PET0 !!! THE ESMF_LOG IS SET TO OUTPUT ALL LOG MESSAGES !!!
20240723 082828.836 INFO             PET0 !!!     THIS MAY CAUSE SLOWDOWN IN PERFORMANCE     !!!
20240723 082828.836 INFO             PET0 !!! FOR PRODUCTION RUNS, USE:                      !!!
20240723 082828.836 INFO             PET0 !!!                   ESMF_LOGKIND_Multi_On_Error  !!!
20240723 082828.836 INFO             PET0 !!!!!!!!!!!!!!!!!!!!!!!!!!!!!!!!!!!!!!!!!!!!!!!!!!!!!!
20240723 082828.836 INFO             PET0 Running with ESMF Version   : v8.7.0b09-4-g1506816bee
20240723 082828.836 INFO             PET0 ESMF library build date/time: "Jul 23 2024" "07:35:12"
20240723 082828.836 INFO             PET0 ESMF library build location : /scratch2/NCEPDEV/stmp1/Gerhard.Theurich/ESMF-Nightly-Testing/nvhpc_24.1_mpiuni_g_feature_numa/esmf
20240723 082828.836 INFO             PET0 ESMF_COMM                   : mpiuni
20240723 082828.837 INFO             PET0 ESMF_MOAB                   : enabled
20240723 082828.837 INFO             PET0 ESMF_LAPACK                 : enabled
20240723 082828.837 INFO             PET0 ESMF_NETCDF                 : disabled
20240723 082828.837 INFO             PET0 ESMF_PNETCDF                : disabled
20240723 082828.837 INFO             PET0 ESMF_PIO                    : disabled
20240723 082828.837 INFO             PET0 ESMF_YAMLCPP                : enabled
20240723 082828.838 INFO             PET0  NUMBER_OF_PROCESSORS            1
20240723 082828.838 INFO             PET0  PASS  Example ESMF_VMDefaultBasicsEx, ESMF_VMDefaultBasicsEx.F90, line 107
20240723 082828.838 INFO             PET0  Finalizing ESMF
