2024-07-18 03:52:20
20240718 043935.334 INFO             PET0 !!!!!!!!!!!!!!!!!!!!!!!!!!!!!!!!!!!!!!!!!!!!!!!!!!!!!!
20240718 043935.334 INFO             PET0 !!! THE ESMF_LOG IS SET TO OUTPUT ALL LOG MESSAGES !!!
20240718 043935.334 INFO             PET0 !!!     THIS MAY CAUSE SLOWDOWN IN PERFORMANCE     !!!
20240718 043935.334 INFO             PET0 !!! FOR PRODUCTION RUNS, USE:                      !!!
20240718 043935.334 INFO             PET0 !!!                   ESMF_LOGKIND_Multi_On_Error  !!!
20240718 043935.334 INFO             PET0 !!!!!!!!!!!!!!!!!!!!!!!!!!!!!!!!!!!!!!!!!!!!!!!!!!!!!!
20240718 043935.334 INFO             PET0 Running with ESMF Version   : v8.7.0b08-5-g631ae04f9a
20240718 043935.334 INFO             PET0 ESMF library build date/time: "Jul 18 2024" "03:49:41"
20240718 043935.334 INFO             PET0 ESMF library build location : /glade/derecho/scratch/sacks/esmf-testing/cce_15.0.1_mpi_O_feature_smm_store_search/esmf
20240718 043935.334 INFO             PET0 ESMF_COMM                   : mpi
20240718 043935.334 INFO             PET0 ESMF_MOAB                   : enabled
20240718 043935.334 INFO             PET0 ESMF_LAPACK                 : enabled
20240718 043935.334 INFO             PET0 ESMF_NETCDF                 : enabled
20240718 043935.334 INFO             PET0 ESMF_PNETCDF                : disabled
20240718 043935.334 INFO             PET0 ESMF_PIO                    : enabled
20240718 043935.334 INFO             PET0 ESMF_YAMLCPP                : enabled
20240718 043935.374 DEBUG            PET0 about to destroy Grid: 0x80a0cc0
20240718 043935.378 DEBUG            PET0 about to destroy Grid: 0x80a1f50
20240718 043935.389 INFO             PET0  NUMBER_OF_PROCESSORS 4
20240718 043935.389 INFO             PET0  PASS  Example ESMF_NUOPCAtmModelEx, ESMF_NUOPCAtmModelEx.F90, line 806
20240718 043935.389 INFO             PET0  Finalizing ESMF
20240718 043935.334 INFO             PET1 !!!!!!!!!!!!!!!!!!!!!!!!!!!!!!!!!!!!!!!!!!!!!!!!!!!!!!
20240718 043935.334 INFO             PET1 !!! THE ESMF_LOG IS SET TO OUTPUT ALL LOG MESSAGES !!!
20240718 043935.334 INFO             PET1 !!!     THIS MAY CAUSE SLOWDOWN IN PERFORMANCE     !!!
20240718 043935.334 INFO             PET1 !!! FOR PRODUCTION RUNS, USE:                      !!!
20240718 043935.334 INFO             PET1 !!!                   ESMF_LOGKIND_Multi_On_Error  !!!
20240718 043935.334 INFO             PET1 !!!!!!!!!!!!!!!!!!!!!!!!!!!!!!!!!!!!!!!!!!!!!!!!!!!!!!
20240718 043935.334 INFO             PET1 Running with ESMF Version   : v8.7.0b08-5-g631ae04f9a
20240718 043935.334 INFO             PET1 ESMF library build date/time: "Jul 18 2024" "03:49:41"
20240718 043935.334 INFO             PET1 ESMF library build location : /glade/derecho/scratch/sacks/esmf-testing/cce_15.0.1_mpi_O_feature_smm_store_search/esmf
20240718 043935.334 INFO             PET1 ESMF_COMM                   : mpi
20240718 043935.334 INFO             PET1 ESMF_MOAB                   : enabled
20240718 043935.334 INFO             PET1 ESMF_LAPACK                 : enabled
20240718 043935.334 INFO             PET1 ESMF_NETCDF                 : enabled
20240718 043935.334 INFO             PET1 ESMF_PNETCDF                : disabled
20240718 043935.334 INFO             PET1 ESMF_PIO                    : enabled
20240718 043935.334 INFO             PET1 ESMF_YAMLCPP                : enabled
20240718 043935.374 DEBUG            PET1 about to destroy Grid: 0x809d290
20240718 043935.378 DEBUG            PET1 about to destroy Grid: 0x809db30
20240718 043935.389 INFO             PET1  NUMBER_OF_PROCESSORS 4
20240718 043935.389 INFO             PET1  PASS  Example ESMF_NUOPCAtmModelEx, ESMF_NUOPCAtmModelEx.F90, line 806
20240718 043935.389 INFO             PET1  Finalizing ESMF
20240718 043935.333 INFO             PET2 !!!!!!!!!!!!!!!!!!!!!!!!!!!!!!!!!!!!!!!!!!!!!!!!!!!!!!
20240718 043935.333 INFO             PET2 !!! THE ESMF_LOG IS SET TO OUTPUT ALL LOG MESSAGES !!!
20240718 043935.333 INFO             PET2 !!!     THIS MAY CAUSE SLOWDOWN IN PERFORMANCE     !!!
20240718 043935.333 INFO             PET2 !!! FOR PRODUCTION RUNS, USE:                      !!!
20240718 043935.333 INFO             PET2 !!!                   ESMF_LOGKIND_Multi_On_Error  !!!
20240718 043935.333 INFO             PET2 !!!!!!!!!!!!!!!!!!!!!!!!!!!!!!!!!!!!!!!!!!!!!!!!!!!!!!
20240718 043935.333 INFO             PET2 Running with ESMF Version   : v8.7.0b08-5-g631ae04f9a
20240718 043935.333 INFO             PET2 ESMF library build date/time: "Jul 18 2024" "03:49:41"
20240718 043935.333 INFO             PET2 ESMF library build location : /glade/derecho/scratch/sacks/esmf-testing/cce_15.0.1_mpi_O_feature_smm_store_search/esmf
20240718 043935.333 INFO             PET2 ESMF_COMM                   : mpi
20240718 043935.334 INFO             PET2 ESMF_MOAB                   : enabled
20240718 043935.334 INFO             PET2 ESMF_LAPACK                 : enabled
20240718 043935.334 INFO             PET2 ESMF_NETCDF                 : enabled
20240718 043935.334 INFO             PET2 ESMF_PNETCDF                : disabled
20240718 043935.334 INFO             PET2 ESMF_PIO                    : enabled
20240718 043935.334 INFO             PET2 ESMF_YAMLCPP                : enabled
20240718 043935.374 DEBUG            PET2 about to destroy Grid: 0x80973d0
20240718 043935.378 DEBUG            PET2 about to destroy Grid: 0x809d040
20240718 043935.389 INFO             PET2  NUMBER_OF_PROCESSORS 4
20240718 043935.389 INFO             PET2  PASS  Example ESMF_NUOPCAtmModelEx, ESMF_NUOPCAtmModelEx.F90, line 806
20240718 043935.389 INFO             PET2  Finalizing ESMF
20240718 043935.333 INFO             PET3 !!!!!!!!!!!!!!!!!!!!!!!!!!!!!!!!!!!!!!!!!!!!!!!!!!!!!!
20240718 043935.333 INFO             PET3 !!! THE ESMF_LOG IS SET TO OUTPUT ALL LOG MESSAGES !!!
20240718 043935.333 INFO             PET3 !!!     THIS MAY CAUSE SLOWDOWN IN PERFORMANCE     !!!
20240718 043935.333 INFO             PET3 !!! FOR PRODUCTION RUNS, USE:                      !!!
20240718 043935.333 INFO             PET3 !!!                   ESMF_LOGKIND_Multi_On_Error  !!!
20240718 043935.333 INFO             PET3 !!!!!!!!!!!!!!!!!!!!!!!!!!!!!!!!!!!!!!!!!!!!!!!!!!!!!!
20240718 043935.333 INFO             PET3 Running with ESMF Version   : v8.7.0b08-5-g631ae04f9a
20240718 043935.333 INFO             PET3 ESMF library build date/time: "Jul 18 2024" "03:49:41"
20240718 043935.333 INFO             PET3 ESMF library build location : /glade/derecho/scratch/sacks/esmf-testing/cce_15.0.1_mpi_O_feature_smm_store_search/esmf
20240718 043935.333 INFO             PET3 ESMF_COMM                   : mpi
20240718 043935.334 INFO             PET3 ESMF_MOAB                   : enabled
20240718 043935.334 INFO             PET3 ESMF_LAPACK                 : enabled
20240718 043935.334 INFO             PET3 ESMF_NETCDF                 : enabled
20240718 043935.334 INFO             PET3 ESMF_PNETCDF                : disabled
20240718 043935.334 INFO             PET3 ESMF_PIO                    : enabled
20240718 043935.334 INFO             PET3 ESMF_YAMLCPP                : enabled
20240718 043935.374 DEBUG            PET3 about to destroy Grid: 0x809d410
20240718 043935.378 DEBUG            PET3 about to destroy Grid: 0x809d8c0
20240718 043935.389 INFO             PET3  NUMBER_OF_PROCESSORS 4
20240718 043935.389 INFO             PET3  PASS  Example ESMF_NUOPCAtmModelEx, ESMF_NUOPCAtmModelEx.F90, line 806
20240718 043935.389 INFO             PET3  Finalizing ESMF
