2024-07-08 03:59:49
20240708 042312.332 INFO             PET0 !!!!!!!!!!!!!!!!!!!!!!!!!!!!!!!!!!!!!!!!!!!!!!!!!!!!!!
20240708 042312.332 INFO             PET0 !!! THE ESMF_LOG IS SET TO OUTPUT ALL LOG MESSAGES !!!
20240708 042312.332 INFO             PET0 !!!     THIS MAY CAUSE SLOWDOWN IN PERFORMANCE     !!!
20240708 042312.332 INFO             PET0 !!! FOR PRODUCTION RUNS, USE:                      !!!
20240708 042312.332 INFO             PET0 !!!                   ESMF_LOGKIND_Multi_On_Error  !!!
20240708 042312.332 INFO             PET0 !!!!!!!!!!!!!!!!!!!!!!!!!!!!!!!!!!!!!!!!!!!!!!!!!!!!!!
20240708 042312.332 INFO             PET0 Running with ESMF Version   : v8.7.0b08-12-ga4da9b3757
20240708 042312.332 INFO             PET0 ESMF library build date/time: "Jul  8 2024" "03:58:46"
20240708 042312.332 INFO             PET0 ESMF library build location : /tmp/intel_2023.1.0-classic_mpi_g_develop/esmf
20240708 042312.332 INFO             PET0 ESMF_COMM                   : mpi
20240708 042312.332 INFO             PET0 ESMF_MOAB                   : enabled
20240708 042312.332 INFO             PET0 ESMF_LAPACK                 : enabled
20240708 042312.332 INFO             PET0 ESMF_NETCDF                 : enabled
20240708 042312.332 INFO             PET0 ESMF_PNETCDF                : disabled
20240708 042312.332 INFO             PET0 ESMF_PIO                    : enabled
20240708 042312.332 INFO             PET0 ESMF_YAMLCPP                : enabled
20240708 042312.333 INFO             PET0  NUMBER_OF_PROCESSORS           1
20240708 042312.333 INFO             PET0  PASS  Example ESMF_TimeEx, ESMF_TimeEx.F90, line 141
20240708 042312.333 INFO             PET0  Finalizing ESMF
