2024-06-26 03:57:24
20240626 042254.551 INFO             PET0 !!!!!!!!!!!!!!!!!!!!!!!!!!!!!!!!!!!!!!!!!!!!!!!!!!!!!!
20240626 042254.551 INFO             PET0 !!! THE ESMF_LOG IS SET TO OUTPUT ALL LOG MESSAGES !!!
20240626 042254.551 INFO             PET0 !!!     THIS MAY CAUSE SLOWDOWN IN PERFORMANCE     !!!
20240626 042254.551 INFO             PET0 !!! FOR PRODUCTION RUNS, USE:                      !!!
20240626 042254.551 INFO             PET0 !!!                   ESMF_LOGKIND_Multi_On_Error  !!!
20240626 042254.551 INFO             PET0 !!!!!!!!!!!!!!!!!!!!!!!!!!!!!!!!!!!!!!!!!!!!!!!!!!!!!!
20240626 042254.551 INFO             PET0 Running with ESMF Version   : v8.7.0b07-3-g03d0eb5fc0
20240626 042254.551 INFO             PET0 ESMF library build date/time: "Jun 26 2024" "03:56:22"
20240626 042254.551 INFO             PET0 ESMF library build location : /tmp/intel_2023.1.0-classic_mpi_g_develop/esmf
20240626 042254.551 INFO             PET0 ESMF_COMM                   : mpi
20240626 042254.551 INFO             PET0 ESMF_MOAB                   : enabled
20240626 042254.551 INFO             PET0 ESMF_LAPACK                 : enabled
20240626 042254.551 INFO             PET0 ESMF_NETCDF                 : enabled
20240626 042254.551 INFO             PET0 ESMF_PNETCDF                : disabled
20240626 042254.551 INFO             PET0 ESMF_PIO                    : enabled
20240626 042254.551 INFO             PET0 ESMF_YAMLCPP                : enabled
20240626 042254.556 INFO             PET0  NUMBER_OF_PROCESSORS           4
20240626 042254.556 INFO             PET0  PASS  Example ESMF_FieldArbGridEx, ESMF_FieldArbGridEx.F90, line 243
20240626 042254.556 INFO             PET0  Finalizing ESMF
20240626 042254.551 INFO             PET1 !!!!!!!!!!!!!!!!!!!!!!!!!!!!!!!!!!!!!!!!!!!!!!!!!!!!!!
20240626 042254.551 INFO             PET1 !!! THE ESMF_LOG IS SET TO OUTPUT ALL LOG MESSAGES !!!
20240626 042254.551 INFO             PET1 !!!     THIS MAY CAUSE SLOWDOWN IN PERFORMANCE     !!!
20240626 042254.551 INFO             PET1 !!! FOR PRODUCTION RUNS, USE:                      !!!
20240626 042254.551 INFO             PET1 !!!                   ESMF_LOGKIND_Multi_On_Error  !!!
20240626 042254.551 INFO             PET1 !!!!!!!!!!!!!!!!!!!!!!!!!!!!!!!!!!!!!!!!!!!!!!!!!!!!!!
20240626 042254.551 INFO             PET1 Running with ESMF Version   : v8.7.0b07-3-g03d0eb5fc0
20240626 042254.551 INFO             PET1 ESMF library build date/time: "Jun 26 2024" "03:56:22"
20240626 042254.551 INFO             PET1 ESMF library build location : /tmp/intel_2023.1.0-classic_mpi_g_develop/esmf
20240626 042254.551 INFO             PET1 ESMF_COMM                   : mpi
20240626 042254.551 INFO             PET1 ESMF_MOAB                   : enabled
20240626 042254.551 INFO             PET1 ESMF_LAPACK                 : enabled
20240626 042254.551 INFO             PET1 ESMF_NETCDF                 : enabled
20240626 042254.551 INFO             PET1 ESMF_PNETCDF                : disabled
20240626 042254.551 INFO             PET1 ESMF_PIO                    : enabled
20240626 042254.551 INFO             PET1 ESMF_YAMLCPP                : enabled
20240626 042254.556 INFO             PET1  NUMBER_OF_PROCESSORS           4
20240626 042254.556 INFO             PET1  PASS  Example ESMF_FieldArbGridEx, ESMF_FieldArbGridEx.F90, line 243
20240626 042254.556 INFO             PET1  Finalizing ESMF
20240626 042254.551 INFO             PET2 !!!!!!!!!!!!!!!!!!!!!!!!!!!!!!!!!!!!!!!!!!!!!!!!!!!!!!
20240626 042254.551 INFO             PET2 !!! THE ESMF_LOG IS SET TO OUTPUT ALL LOG MESSAGES !!!
20240626 042254.551 INFO             PET2 !!!     THIS MAY CAUSE SLOWDOWN IN PERFORMANCE     !!!
20240626 042254.551 INFO             PET2 !!! FOR PRODUCTION RUNS, USE:                      !!!
20240626 042254.551 INFO             PET2 !!!                   ESMF_LOGKIND_Multi_On_Error  !!!
20240626 042254.551 INFO             PET2 !!!!!!!!!!!!!!!!!!!!!!!!!!!!!!!!!!!!!!!!!!!!!!!!!!!!!!
20240626 042254.551 INFO             PET2 Running with ESMF Version   : v8.7.0b07-3-g03d0eb5fc0
20240626 042254.551 INFO             PET2 ESMF library build date/time: "Jun 26 2024" "03:56:22"
20240626 042254.551 INFO             PET2 ESMF library build location : /tmp/intel_2023.1.0-classic_mpi_g_develop/esmf
20240626 042254.551 INFO             PET2 ESMF_COMM                   : mpi
20240626 042254.551 INFO             PET2 ESMF_MOAB                   : enabled
20240626 042254.551 INFO             PET2 ESMF_LAPACK                 : enabled
20240626 042254.551 INFO             PET2 ESMF_NETCDF                 : enabled
20240626 042254.551 INFO             PET2 ESMF_PNETCDF                : disabled
20240626 042254.551 INFO             PET2 ESMF_PIO                    : enabled
20240626 042254.551 INFO             PET2 ESMF_YAMLCPP                : enabled
20240626 042254.556 INFO             PET2  NUMBER_OF_PROCESSORS           4
20240626 042254.556 INFO             PET2  PASS  Example ESMF_FieldArbGridEx, ESMF_FieldArbGridEx.F90, line 243
20240626 042254.556 INFO             PET2  Finalizing ESMF
20240626 042254.551 INFO             PET3 !!!!!!!!!!!!!!!!!!!!!!!!!!!!!!!!!!!!!!!!!!!!!!!!!!!!!!
20240626 042254.551 INFO             PET3 !!! THE ESMF_LOG IS SET TO OUTPUT ALL LOG MESSAGES !!!
20240626 042254.551 INFO             PET3 !!!     THIS MAY CAUSE SLOWDOWN IN PERFORMANCE     !!!
20240626 042254.551 INFO             PET3 !!! FOR PRODUCTION RUNS, USE:                      !!!
20240626 042254.551 INFO             PET3 !!!                   ESMF_LOGKIND_Multi_On_Error  !!!
20240626 042254.551 INFO             PET3 !!!!!!!!!!!!!!!!!!!!!!!!!!!!!!!!!!!!!!!!!!!!!!!!!!!!!!
20240626 042254.551 INFO             PET3 Running with ESMF Version   : v8.7.0b07-3-g03d0eb5fc0
20240626 042254.551 INFO             PET3 ESMF library build date/time: "Jun 26 2024" "03:56:22"
20240626 042254.551 INFO             PET3 ESMF library build location : /tmp/intel_2023.1.0-classic_mpi_g_develop/esmf
20240626 042254.551 INFO             PET3 ESMF_COMM                   : mpi
20240626 042254.551 INFO             PET3 ESMF_MOAB                   : enabled
20240626 042254.551 INFO             PET3 ESMF_LAPACK                 : enabled
20240626 042254.551 INFO             PET3 ESMF_NETCDF                 : enabled
20240626 042254.551 INFO             PET3 ESMF_PNETCDF                : disabled
20240626 042254.551 INFO             PET3 ESMF_PIO                    : enabled
20240626 042254.551 INFO             PET3 ESMF_YAMLCPP                : enabled
20240626 042254.556 INFO             PET3  NUMBER_OF_PROCESSORS           4
20240626 042254.556 INFO             PET3  PASS  Example ESMF_FieldArbGridEx, ESMF_FieldArbGridEx.F90, line 243
20240626 042254.556 INFO             PET3  Finalizing ESMF
