2024-07-29 04:10:52
20240729 043622.430 INFO             PET0 !!!!!!!!!!!!!!!!!!!!!!!!!!!!!!!!!!!!!!!!!!!!!!!!!!!!!!
20240729 043622.430 INFO             PET0 !!! THE ESMF_LOG IS SET TO OUTPUT ALL LOG MESSAGES !!!
20240729 043622.430 INFO             PET0 !!!     THIS MAY CAUSE SLOWDOWN IN PERFORMANCE     !!!
20240729 043622.430 INFO             PET0 !!! FOR PRODUCTION RUNS, USE:                      !!!
20240729 043622.430 INFO             PET0 !!!                   ESMF_LOGKIND_Multi_On_Error  !!!
20240729 043622.430 INFO             PET0 !!!!!!!!!!!!!!!!!!!!!!!!!!!!!!!!!!!!!!!!!!!!!!!!!!!!!!
20240729 043622.430 INFO             PET0 Running with ESMF Version   : v8.7.0b10-2-gee9aef261f
20240729 043622.430 INFO             PET0 ESMF library build date/time: "Jul 29 2024" "04:09:49"
20240729 043622.430 INFO             PET0 ESMF library build location : /tmp/intel_2023.1.0-classic_mpi_g_develop/esmf
20240729 043622.430 INFO             PET0 ESMF_COMM                   : mpi
20240729 043622.430 INFO             PET0 ESMF_MOAB                   : enabled
20240729 043622.430 INFO             PET0 ESMF_LAPACK                 : enabled
20240729 043622.430 INFO             PET0 ESMF_NETCDF                 : enabled
20240729 043622.430 INFO             PET0 ESMF_PNETCDF                : disabled
20240729 043622.430 INFO             PET0 ESMF_PIO                    : enabled
20240729 043622.430 INFO             PET0 ESMF_YAMLCPP                : enabled
20240729 043622.472 DEBUG            PET0 about to destroy Grid: 0x6aab80
20240729 043622.476 DEBUG            PET0 about to destroy Grid: 0x6aecd0
20240729 043622.491 INFO             PET0  NUMBER_OF_PROCESSORS           4
20240729 043622.491 INFO             PET0  PASS  Example ESMF_NUOPCAtmModelEx, ESMF_NUOPCAtmModelEx.F90, line 806
20240729 043622.491 INFO             PET0  Finalizing ESMF
20240729 043622.430 INFO             PET1 !!!!!!!!!!!!!!!!!!!!!!!!!!!!!!!!!!!!!!!!!!!!!!!!!!!!!!
20240729 043622.430 INFO             PET1 !!! THE ESMF_LOG IS SET TO OUTPUT ALL LOG MESSAGES !!!
20240729 043622.430 INFO             PET1 !!!     THIS MAY CAUSE SLOWDOWN IN PERFORMANCE     !!!
20240729 043622.430 INFO             PET1 !!! FOR PRODUCTION RUNS, USE:                      !!!
20240729 043622.430 INFO             PET1 !!!                   ESMF_LOGKIND_Multi_On_Error  !!!
20240729 043622.430 INFO             PET1 !!!!!!!!!!!!!!!!!!!!!!!!!!!!!!!!!!!!!!!!!!!!!!!!!!!!!!
20240729 043622.430 INFO             PET1 Running with ESMF Version   : v8.7.0b10-2-gee9aef261f
20240729 043622.430 INFO             PET1 ESMF library build date/time: "Jul 29 2024" "04:09:49"
20240729 043622.430 INFO             PET1 ESMF library build location : /tmp/intel_2023.1.0-classic_mpi_g_develop/esmf
20240729 043622.430 INFO             PET1 ESMF_COMM                   : mpi
20240729 043622.430 INFO             PET1 ESMF_MOAB                   : enabled
20240729 043622.430 INFO             PET1 ESMF_LAPACK                 : enabled
20240729 043622.430 INFO             PET1 ESMF_NETCDF                 : enabled
20240729 043622.430 INFO             PET1 ESMF_PNETCDF                : disabled
20240729 043622.430 INFO             PET1 ESMF_PIO                    : enabled
20240729 043622.430 INFO             PET1 ESMF_YAMLCPP                : enabled
20240729 043622.472 DEBUG            PET1 about to destroy Grid: 0x6aac60
20240729 043622.476 DEBUG            PET1 about to destroy Grid: 0x6abaf0
20240729 043622.491 INFO             PET1  NUMBER_OF_PROCESSORS           4
20240729 043622.491 INFO             PET1  PASS  Example ESMF_NUOPCAtmModelEx, ESMF_NUOPCAtmModelEx.F90, line 806
20240729 043622.491 INFO             PET1  Finalizing ESMF
20240729 043622.430 INFO             PET2 !!!!!!!!!!!!!!!!!!!!!!!!!!!!!!!!!!!!!!!!!!!!!!!!!!!!!!
20240729 043622.430 INFO             PET2 !!! THE ESMF_LOG IS SET TO OUTPUT ALL LOG MESSAGES !!!
20240729 043622.430 INFO             PET2 !!!     THIS MAY CAUSE SLOWDOWN IN PERFORMANCE     !!!
20240729 043622.430 INFO             PET2 !!! FOR PRODUCTION RUNS, USE:                      !!!
20240729 043622.430 INFO             PET2 !!!                   ESMF_LOGKIND_Multi_On_Error  !!!
20240729 043622.430 INFO             PET2 !!!!!!!!!!!!!!!!!!!!!!!!!!!!!!!!!!!!!!!!!!!!!!!!!!!!!!
20240729 043622.430 INFO             PET2 Running with ESMF Version   : v8.7.0b10-2-gee9aef261f
20240729 043622.430 INFO             PET2 ESMF library build date/time: "Jul 29 2024" "04:09:49"
20240729 043622.430 INFO             PET2 ESMF library build location : /tmp/intel_2023.1.0-classic_mpi_g_develop/esmf
20240729 043622.430 INFO             PET2 ESMF_COMM                   : mpi
20240729 043622.430 INFO             PET2 ESMF_MOAB                   : enabled
20240729 043622.430 INFO             PET2 ESMF_LAPACK                 : enabled
20240729 043622.430 INFO             PET2 ESMF_NETCDF                 : enabled
20240729 043622.430 INFO             PET2 ESMF_PNETCDF                : disabled
20240729 043622.430 INFO             PET2 ESMF_PIO                    : enabled
20240729 043622.430 INFO             PET2 ESMF_YAMLCPP                : enabled
20240729 043622.472 DEBUG            PET2 about to destroy Grid: 0x6aa9e0
20240729 043622.476 DEBUG            PET2 about to destroy Grid: 0x6ab870
20240729 043622.491 INFO             PET2  NUMBER_OF_PROCESSORS           4
20240729 043622.491 INFO             PET2  PASS  Example ESMF_NUOPCAtmModelEx, ESMF_NUOPCAtmModelEx.F90, line 806
20240729 043622.491 INFO             PET2  Finalizing ESMF
20240729 043622.430 INFO             PET3 !!!!!!!!!!!!!!!!!!!!!!!!!!!!!!!!!!!!!!!!!!!!!!!!!!!!!!
20240729 043622.430 INFO             PET3 !!! THE ESMF_LOG IS SET TO OUTPUT ALL LOG MESSAGES !!!
20240729 043622.430 INFO             PET3 !!!     THIS MAY CAUSE SLOWDOWN IN PERFORMANCE     !!!
20240729 043622.430 INFO             PET3 !!! FOR PRODUCTION RUNS, USE:                      !!!
20240729 043622.430 INFO             PET3 !!!                   ESMF_LOGKIND_Multi_On_Error  !!!
20240729 043622.430 INFO             PET3 !!!!!!!!!!!!!!!!!!!!!!!!!!!!!!!!!!!!!!!!!!!!!!!!!!!!!!
20240729 043622.430 INFO             PET3 Running with ESMF Version   : v8.7.0b10-2-gee9aef261f
20240729 043622.430 INFO             PET3 ESMF library build date/time: "Jul 29 2024" "04:09:49"
20240729 043622.430 INFO             PET3 ESMF library build location : /tmp/intel_2023.1.0-classic_mpi_g_develop/esmf
20240729 043622.430 INFO             PET3 ESMF_COMM                   : mpi
20240729 043622.430 INFO             PET3 ESMF_MOAB                   : enabled
20240729 043622.430 INFO             PET3 ESMF_LAPACK                 : enabled
20240729 043622.430 INFO             PET3 ESMF_NETCDF                 : enabled
20240729 043622.430 INFO             PET3 ESMF_PNETCDF                : disabled
20240729 043622.430 INFO             PET3 ESMF_PIO                    : enabled
20240729 043622.430 INFO             PET3 ESMF_YAMLCPP                : enabled
20240729 043622.472 DEBUG            PET3 about to destroy Grid: 0x6aab70
20240729 043622.476 DEBUG            PET3 about to destroy Grid: 0x6aba00
20240729 043622.490 INFO             PET3  NUMBER_OF_PROCESSORS           4
20240729 043622.490 INFO             PET3  PASS  Example ESMF_NUOPCAtmModelEx, ESMF_NUOPCAtmModelEx.F90, line 806
20240729 043622.490 INFO             PET3  Finalizing ESMF
