2024-05-13 02:38:48
20240513 030814.413 INFO             PET0 !!!!!!!!!!!!!!!!!!!!!!!!!!!!!!!!!!!!!!!!!!!!!!!!!!!!!!
20240513 030814.413 INFO             PET0 !!! THE ESMF_LOG IS SET TO OUTPUT ALL LOG MESSAGES !!!
20240513 030814.413 INFO             PET0 !!!     THIS MAY CAUSE SLOWDOWN IN PERFORMANCE     !!!
20240513 030814.413 INFO             PET0 !!! FOR PRODUCTION RUNS, USE:                      !!!
20240513 030814.413 INFO             PET0 !!!                   ESMF_LOGKIND_Multi_On_Error  !!!
20240513 030814.413 INFO             PET0 !!!!!!!!!!!!!!!!!!!!!!!!!!!!!!!!!!!!!!!!!!!!!!!!!!!!!!
20240513 030814.413 INFO             PET0 Running with ESMF Version   : v8.7.0b05-64-gacdb5de3ff
20240513 030814.413 INFO             PET0 ESMF library build date/time: "May 13 2024" "02:37:03"
20240513 030814.413 INFO             PET0 ESMF library build location : /glade/derecho/scratch/theurich/ESMF-Nightly-Testing/intel_2023.2.1-oneAPI_mpi_O_develop/esmf
20240513 030814.413 INFO             PET0 ESMF_COMM                   : mpi
20240513 030814.413 INFO             PET0 ESMF_MOAB                   : enabled
20240513 030814.413 INFO             PET0 ESMF_LAPACK                 : enabled
20240513 030814.413 INFO             PET0 ESMF_NETCDF                 : enabled
20240513 030814.413 INFO             PET0 ESMF_PNETCDF                : disabled
20240513 030814.413 INFO             PET0 ESMF_PIO                    : enabled
20240513 030814.413 INFO             PET0 ESMF_YAMLCPP                : enabled
20240513 030814.442 DEBUG            PET0 about to destroy Grid: 0x884070
20240513 030814.445 DEBUG            PET0 about to destroy Grid: 0x8875c0
20240513 030814.452 INFO             PET0  NUMBER_OF_PROCESSORS           4
20240513 030814.452 INFO             PET0  PASS  Example ESMF_NUOPCAtmModelEx, ESMF_NUOPCAtmModelEx.F90, line 806
20240513 030814.452 INFO             PET0  Finalizing ESMF
20240513 030814.413 INFO             PET1 !!!!!!!!!!!!!!!!!!!!!!!!!!!!!!!!!!!!!!!!!!!!!!!!!!!!!!
20240513 030814.413 INFO             PET1 !!! THE ESMF_LOG IS SET TO OUTPUT ALL LOG MESSAGES !!!
20240513 030814.413 INFO             PET1 !!!     THIS MAY CAUSE SLOWDOWN IN PERFORMANCE     !!!
20240513 030814.413 INFO             PET1 !!! FOR PRODUCTION RUNS, USE:                      !!!
20240513 030814.413 INFO             PET1 !!!                   ESMF_LOGKIND_Multi_On_Error  !!!
20240513 030814.413 INFO             PET1 !!!!!!!!!!!!!!!!!!!!!!!!!!!!!!!!!!!!!!!!!!!!!!!!!!!!!!
20240513 030814.413 INFO             PET1 Running with ESMF Version   : v8.7.0b05-64-gacdb5de3ff
20240513 030814.413 INFO             PET1 ESMF library build date/time: "May 13 2024" "02:37:03"
20240513 030814.413 INFO             PET1 ESMF library build location : /glade/derecho/scratch/theurich/ESMF-Nightly-Testing/intel_2023.2.1-oneAPI_mpi_O_develop/esmf
20240513 030814.413 INFO             PET1 ESMF_COMM                   : mpi
20240513 030814.413 INFO             PET1 ESMF_MOAB                   : enabled
20240513 030814.413 INFO             PET1 ESMF_LAPACK                 : enabled
20240513 030814.413 INFO             PET1 ESMF_NETCDF                 : enabled
20240513 030814.413 INFO             PET1 ESMF_PNETCDF                : disabled
20240513 030814.413 INFO             PET1 ESMF_PIO                    : enabled
20240513 030814.413 INFO             PET1 ESMF_YAMLCPP                : enabled
20240513 030814.442 DEBUG            PET1 about to destroy Grid: 0x883200
20240513 030814.445 DEBUG            PET1 about to destroy Grid: 0x8841e0
20240513 030814.452 INFO             PET1  NUMBER_OF_PROCESSORS           4
20240513 030814.452 INFO             PET1  PASS  Example ESMF_NUOPCAtmModelEx, ESMF_NUOPCAtmModelEx.F90, line 806
20240513 030814.452 INFO             PET1  Finalizing ESMF
20240513 030814.413 INFO             PET2 !!!!!!!!!!!!!!!!!!!!!!!!!!!!!!!!!!!!!!!!!!!!!!!!!!!!!!
20240513 030814.413 INFO             PET2 !!! THE ESMF_LOG IS SET TO OUTPUT ALL LOG MESSAGES !!!
20240513 030814.413 INFO             PET2 !!!     THIS MAY CAUSE SLOWDOWN IN PERFORMANCE     !!!
20240513 030814.413 INFO             PET2 !!! FOR PRODUCTION RUNS, USE:                      !!!
20240513 030814.413 INFO             PET2 !!!                   ESMF_LOGKIND_Multi_On_Error  !!!
20240513 030814.413 INFO             PET2 !!!!!!!!!!!!!!!!!!!!!!!!!!!!!!!!!!!!!!!!!!!!!!!!!!!!!!
20240513 030814.413 INFO             PET2 Running with ESMF Version   : v8.7.0b05-64-gacdb5de3ff
20240513 030814.413 INFO             PET2 ESMF library build date/time: "May 13 2024" "02:37:03"
20240513 030814.413 INFO             PET2 ESMF library build location : /glade/derecho/scratch/theurich/ESMF-Nightly-Testing/intel_2023.2.1-oneAPI_mpi_O_develop/esmf
20240513 030814.413 INFO             PET2 ESMF_COMM                   : mpi
20240513 030814.413 INFO             PET2 ESMF_MOAB                   : enabled
20240513 030814.413 INFO             PET2 ESMF_LAPACK                 : enabled
20240513 030814.413 INFO             PET2 ESMF_NETCDF                 : enabled
20240513 030814.413 INFO             PET2 ESMF_PNETCDF                : disabled
20240513 030814.413 INFO             PET2 ESMF_PIO                    : enabled
20240513 030814.413 INFO             PET2 ESMF_YAMLCPP                : enabled
20240513 030814.442 DEBUG            PET2 about to destroy Grid: 0x883250
20240513 030814.445 DEBUG            PET2 about to destroy Grid: 0x884200
20240513 030814.452 INFO             PET2  NUMBER_OF_PROCESSORS           4
20240513 030814.452 INFO             PET2  PASS  Example ESMF_NUOPCAtmModelEx, ESMF_NUOPCAtmModelEx.F90, line 806
20240513 030814.452 INFO             PET2  Finalizing ESMF
20240513 030814.413 INFO             PET3 !!!!!!!!!!!!!!!!!!!!!!!!!!!!!!!!!!!!!!!!!!!!!!!!!!!!!!
20240513 030814.413 INFO             PET3 !!! THE ESMF_LOG IS SET TO OUTPUT ALL LOG MESSAGES !!!
20240513 030814.413 INFO             PET3 !!!     THIS MAY CAUSE SLOWDOWN IN PERFORMANCE     !!!
20240513 030814.413 INFO             PET3 !!! FOR PRODUCTION RUNS, USE:                      !!!
20240513 030814.413 INFO             PET3 !!!                   ESMF_LOGKIND_Multi_On_Error  !!!
20240513 030814.413 INFO             PET3 !!!!!!!!!!!!!!!!!!!!!!!!!!!!!!!!!!!!!!!!!!!!!!!!!!!!!!
20240513 030814.413 INFO             PET3 Running with ESMF Version   : v8.7.0b05-64-gacdb5de3ff
20240513 030814.413 INFO             PET3 ESMF library build date/time: "May 13 2024" "02:37:03"
20240513 030814.413 INFO             PET3 ESMF library build location : /glade/derecho/scratch/theurich/ESMF-Nightly-Testing/intel_2023.2.1-oneAPI_mpi_O_develop/esmf
20240513 030814.413 INFO             PET3 ESMF_COMM                   : mpi
20240513 030814.414 INFO             PET3 ESMF_MOAB                   : enabled
20240513 030814.414 INFO             PET3 ESMF_LAPACK                 : enabled
20240513 030814.414 INFO             PET3 ESMF_NETCDF                 : enabled
20240513 030814.414 INFO             PET3 ESMF_PNETCDF                : disabled
20240513 030814.414 INFO             PET3 ESMF_PIO                    : enabled
20240513 030814.414 INFO             PET3 ESMF_YAMLCPP                : enabled
20240513 030814.442 DEBUG            PET3 about to destroy Grid: 0x883220
20240513 030814.445 DEBUG            PET3 about to destroy Grid: 0x883f00
20240513 030814.452 INFO             PET3  NUMBER_OF_PROCESSORS           4
20240513 030814.452 INFO             PET3  PASS  Example ESMF_NUOPCAtmModelEx, ESMF_NUOPCAtmModelEx.F90, line 806
20240513 030814.452 INFO             PET3  Finalizing ESMF
