2024-07-16 03:03:17
20240716 033747.406 INFO             PET0 !!!!!!!!!!!!!!!!!!!!!!!!!!!!!!!!!!!!!!!!!!!!!!!!!!!!!!
20240716 033747.406 INFO             PET0 !!! THE ESMF_LOG IS SET TO OUTPUT ALL LOG MESSAGES !!!
20240716 033747.406 INFO             PET0 !!!     THIS MAY CAUSE SLOWDOWN IN PERFORMANCE     !!!
20240716 033747.406 INFO             PET0 !!! FOR PRODUCTION RUNS, USE:                      !!!
20240716 033747.406 INFO             PET0 !!!                   ESMF_LOGKIND_Multi_On_Error  !!!
20240716 033747.406 INFO             PET0 !!!!!!!!!!!!!!!!!!!!!!!!!!!!!!!!!!!!!!!!!!!!!!!!!!!!!!
20240716 033747.406 INFO             PET0 Running with ESMF Version   : v8.7.0b08-15-g7133ea3e40
20240716 033747.406 INFO             PET0 ESMF library build date/time: "Jul 16 2024" "03:01:04"
20240716 033747.406 INFO             PET0 ESMF library build location : /glade/derecho/scratch/sacks/esmf-testing/intel_2023.2.1-oneAPI_mpi_O_develop/esmf
20240716 033747.406 INFO             PET0 ESMF_COMM                   : mpi
20240716 033747.407 INFO             PET0 ESMF_MOAB                   : enabled
20240716 033747.407 INFO             PET0 ESMF_LAPACK                 : enabled
20240716 033747.407 INFO             PET0 ESMF_NETCDF                 : enabled
20240716 033747.407 INFO             PET0 ESMF_PNETCDF                : disabled
20240716 033747.407 INFO             PET0 ESMF_PIO                    : enabled
20240716 033747.407 INFO             PET0 ESMF_YAMLCPP                : enabled
20240716 033747.407 INFO             PET0 ESMF Tracing Enabled
20240716 033747.407 INFO             PET0 ESMF Profiling Enabled
20240716 033747.407 INFO             PET0 ESMF Trace/Profile clock: REALTIME
20240716 033747.419 INFO             PET0  NUMBER_OF_PROCESSORS           4
20240716 033747.419 INFO             PET0  PASS  Example ESMF_TraceEx, ESMF_TraceEx.F90, line 178
20240716 033747.419 INFO             PET0  Finalizing ESMF
20240716 033747.419 INFO             PET0 **************** Region Timings *******************
20240716 033747.419 INFO             PET0 Region              Count  Total (s)   Self (s)    Mean (s)    Min (s)     Max (s)
20240716 033747.420 INFO             PET0   [ESMF]            1      0.0008      0.0008      0.0008      0.0008      0.0008
20240716 033747.420 INFO             PET0     [test] Init 1   1      0.0000      0.0000      0.0000      0.0000      0.0000
20240716 033747.420 INFO             PET0     [test] Run 1    5      0.0000      0.0000      0.0000      0.0000      0.0000
20240716 033747.420 INFO             PET0     [test] Final 1  1      0.0000      0.0000      0.0000      0.0000      0.0000
20240716 033747.405 INFO             PET1 !!!!!!!!!!!!!!!!!!!!!!!!!!!!!!!!!!!!!!!!!!!!!!!!!!!!!!
20240716 033747.405 INFO             PET1 !!! THE ESMF_LOG IS SET TO OUTPUT ALL LOG MESSAGES !!!
20240716 033747.405 INFO             PET1 !!!     THIS MAY CAUSE SLOWDOWN IN PERFORMANCE     !!!
20240716 033747.405 INFO             PET1 !!! FOR PRODUCTION RUNS, USE:                      !!!
20240716 033747.405 INFO             PET1 !!!                   ESMF_LOGKIND_Multi_On_Error  !!!
20240716 033747.405 INFO             PET1 !!!!!!!!!!!!!!!!!!!!!!!!!!!!!!!!!!!!!!!!!!!!!!!!!!!!!!
20240716 033747.405 INFO             PET1 Running with ESMF Version   : v8.7.0b08-15-g7133ea3e40
20240716 033747.405 INFO             PET1 ESMF library build date/time: "Jul 16 2024" "03:01:04"
20240716 033747.405 INFO             PET1 ESMF library build location : /glade/derecho/scratch/sacks/esmf-testing/intel_2023.2.1-oneAPI_mpi_O_develop/esmf
20240716 033747.405 INFO             PET1 ESMF_COMM                   : mpi
20240716 033747.406 INFO             PET1 ESMF_MOAB                   : enabled
20240716 033747.406 INFO             PET1 ESMF_LAPACK                 : enabled
20240716 033747.406 INFO             PET1 ESMF_NETCDF                 : enabled
20240716 033747.406 INFO             PET1 ESMF_PNETCDF                : disabled
20240716 033747.406 INFO             PET1 ESMF_PIO                    : enabled
20240716 033747.406 INFO             PET1 ESMF_YAMLCPP                : enabled
20240716 033747.406 INFO             PET1 ESMF Tracing Enabled
20240716 033747.406 INFO             PET1 ESMF Profiling Enabled
20240716 033747.406 INFO             PET1 ESMF Trace/Profile clock: REALTIME
20240716 033747.420 INFO             PET1  NUMBER_OF_PROCESSORS           4
20240716 033747.420 INFO             PET1  PASS  Example ESMF_TraceEx, ESMF_TraceEx.F90, line 178
20240716 033747.420 INFO             PET1  Finalizing ESMF
20240716 033747.420 INFO             PET1 **************** Region Timings *******************
20240716 033747.420 INFO             PET1 Region              Count  Total (s)   Self (s)    Mean (s)    Min (s)     Max (s)
20240716 033747.420 INFO             PET1   [ESMF]            1      0.0066      0.0066      0.0066      0.0066      0.0066
20240716 033747.420 INFO             PET1     [test] Init 1   1      0.0001      0.0001      0.0001      0.0001      0.0001
20240716 033747.420 INFO             PET1     [test] Run 1    5      0.0000      0.0000      0.0000      0.0000      0.0000
20240716 033747.420 INFO             PET1     [test] Final 1  1      0.0000      0.0000      0.0000      0.0000      0.0000
20240716 033747.412 INFO             PET2 !!!!!!!!!!!!!!!!!!!!!!!!!!!!!!!!!!!!!!!!!!!!!!!!!!!!!!
20240716 033747.412 INFO             PET2 !!! THE ESMF_LOG IS SET TO OUTPUT ALL LOG MESSAGES !!!
20240716 033747.412 INFO             PET2 !!!     THIS MAY CAUSE SLOWDOWN IN PERFORMANCE     !!!
20240716 033747.412 INFO             PET2 !!! FOR PRODUCTION RUNS, USE:                      !!!
20240716 033747.412 INFO             PET2 !!!                   ESMF_LOGKIND_Multi_On_Error  !!!
20240716 033747.412 INFO             PET2 !!!!!!!!!!!!!!!!!!!!!!!!!!!!!!!!!!!!!!!!!!!!!!!!!!!!!!
20240716 033747.412 INFO             PET2 Running with ESMF Version   : v8.7.0b08-15-g7133ea3e40
20240716 033747.412 INFO             PET2 ESMF library build date/time: "Jul 16 2024" "03:01:04"
20240716 033747.412 INFO             PET2 ESMF library build location : /glade/derecho/scratch/sacks/esmf-testing/intel_2023.2.1-oneAPI_mpi_O_develop/esmf
20240716 033747.412 INFO             PET2 ESMF_COMM                   : mpi
20240716 033747.412 INFO             PET2 ESMF_MOAB                   : enabled
20240716 033747.412 INFO             PET2 ESMF_LAPACK                 : enabled
20240716 033747.412 INFO             PET2 ESMF_NETCDF                 : enabled
20240716 033747.412 INFO             PET2 ESMF_PNETCDF                : disabled
20240716 033747.412 INFO             PET2 ESMF_PIO                    : enabled
20240716 033747.412 INFO             PET2 ESMF_YAMLCPP                : enabled
20240716 033747.412 INFO             PET2 ESMF Tracing Enabled
20240716 033747.412 INFO             PET2 ESMF Profiling Enabled
20240716 033747.412 INFO             PET2 ESMF Trace/Profile clock: REALTIME
20240716 033747.419 INFO             PET2  NUMBER_OF_PROCESSORS           4
20240716 033747.420 INFO             PET2  PASS  Example ESMF_TraceEx, ESMF_TraceEx.F90, line 178
20240716 033747.420 INFO             PET2  Finalizing ESMF
20240716 033747.420 INFO             PET2 **************** Region Timings *******************
20240716 033747.420 INFO             PET2 Region              Count  Total (s)   Self (s)    Mean (s)    Min (s)     Max (s)
20240716 033747.420 INFO             PET2   [ESMF]            1      0.0026      0.0025      0.0026      0.0026      0.0026
20240716 033747.420 INFO             PET2     [test] Init 1   1      0.0001      0.0001      0.0001      0.0001      0.0001
20240716 033747.420 INFO             PET2     [test] Run 1    5      0.0000      0.0000      0.0000      0.0000      0.0000
20240716 033747.420 INFO             PET2     [test] Final 1  1      0.0000      0.0000      0.0000      0.0000      0.0000
20240716 033747.409 INFO             PET3 !!!!!!!!!!!!!!!!!!!!!!!!!!!!!!!!!!!!!!!!!!!!!!!!!!!!!!
20240716 033747.409 INFO             PET3 !!! THE ESMF_LOG IS SET TO OUTPUT ALL LOG MESSAGES !!!
20240716 033747.409 INFO             PET3 !!!     THIS MAY CAUSE SLOWDOWN IN PERFORMANCE     !!!
20240716 033747.409 INFO             PET3 !!! FOR PRODUCTION RUNS, USE:                      !!!
20240716 033747.409 INFO             PET3 !!!                   ESMF_LOGKIND_Multi_On_Error  !!!
20240716 033747.409 INFO             PET3 !!!!!!!!!!!!!!!!!!!!!!!!!!!!!!!!!!!!!!!!!!!!!!!!!!!!!!
20240716 033747.409 INFO             PET3 Running with ESMF Version   : v8.7.0b08-15-g7133ea3e40
20240716 033747.409 INFO             PET3 ESMF library build date/time: "Jul 16 2024" "03:01:04"
20240716 033747.409 INFO             PET3 ESMF library build location : /glade/derecho/scratch/sacks/esmf-testing/intel_2023.2.1-oneAPI_mpi_O_develop/esmf
20240716 033747.409 INFO             PET3 ESMF_COMM                   : mpi
20240716 033747.409 INFO             PET3 ESMF_MOAB                   : enabled
20240716 033747.410 INFO             PET3 ESMF_LAPACK                 : enabled
20240716 033747.410 INFO             PET3 ESMF_NETCDF                 : enabled
20240716 033747.410 INFO             PET3 ESMF_PNETCDF                : disabled
20240716 033747.410 INFO             PET3 ESMF_PIO                    : enabled
20240716 033747.410 INFO             PET3 ESMF_YAMLCPP                : enabled
20240716 033747.410 INFO             PET3 ESMF Tracing Enabled
20240716 033747.410 INFO             PET3 ESMF Profiling Enabled
20240716 033747.410 INFO             PET3 ESMF Trace/Profile clock: REALTIME
20240716 033747.420 INFO             PET3  NUMBER_OF_PROCESSORS           4
20240716 033747.420 INFO             PET3  PASS  Example ESMF_TraceEx, ESMF_TraceEx.F90, line 178
20240716 033747.420 INFO             PET3  Finalizing ESMF
20240716 033747.420 INFO             PET3 **************** Region Timings *******************
20240716 033747.420 INFO             PET3 Region              Count  Total (s)   Self (s)    Mean (s)    Min (s)     Max (s)
20240716 033747.420 INFO             PET3   [ESMF]            1      0.0040      0.0039      0.0040      0.0040      0.0040
20240716 033747.420 INFO             PET3     [test] Init 1   1      0.0001      0.0001      0.0001      0.0001      0.0001
20240716 033747.420 INFO             PET3     [test] Run 1    5      0.0000      0.0000      0.0000      0.0000      0.0000
20240716 033747.420 INFO             PET3     [test] Final 1  1      0.0000      0.0000      0.0000      0.0000      0.0000
