2024-05-15 20:31:03
20240515 205416.062 INFO             PET0 !!!!!!!!!!!!!!!!!!!!!!!!!!!!!!!!!!!!!!!!!!!!!!!!!!!!!!
20240515 205416.062 INFO             PET0 !!! THE ESMF_LOG IS SET TO OUTPUT ALL LOG MESSAGES !!!
20240515 205416.062 INFO             PET0 !!!     THIS MAY CAUSE SLOWDOWN IN PERFORMANCE     !!!
20240515 205416.062 INFO             PET0 !!! FOR PRODUCTION RUNS, USE:                      !!!
20240515 205416.062 INFO             PET0 !!!                   ESMF_LOGKIND_Multi_On_Error  !!!
20240515 205416.062 INFO             PET0 !!!!!!!!!!!!!!!!!!!!!!!!!!!!!!!!!!!!!!!!!!!!!!!!!!!!!!
20240515 205416.062 INFO             PET0 Running with ESMF Version   : v8.7.0b05-82-gd3465958ff
20240515 205416.062 INFO             PET0 ESMF library build date/time: "May 15 2024" "20:30:07"
20240515 205416.062 INFO             PET0 ESMF library build location : /tmp/intel_2023.1.0-oneAPI_mpiuni_g_develop/esmf
20240515 205416.062 INFO             PET0 ESMF_COMM                   : mpiuni
20240515 205416.062 INFO             PET0 ESMF_MOAB                   : enabled
20240515 205416.062 INFO             PET0 ESMF_LAPACK                 : enabled
20240515 205416.062 INFO             PET0 ESMF_NETCDF                 : enabled
20240515 205416.062 INFO             PET0 ESMF_PNETCDF                : disabled
20240515 205416.062 INFO             PET0 ESMF_PIO                    : disabled
20240515 205416.062 INFO             PET0 ESMF_YAMLCPP                : enabled
20240515 205416.062 INFO             PET0 ESMF Tracing Enabled
20240515 205416.062 INFO             PET0 ESMF Profiling Enabled
20240515 205416.062 INFO             PET0 ESMF Trace/Profile clock: REALTIME
20240515 205416.063 INFO             PET0  NUMBER_OF_PROCESSORS           1
20240515 205416.063 INFO             PET0  PASS  Example ESMF_TraceEx, ESMF_TraceEx.F90, line 178
20240515 205416.063 INFO             PET0  Finalizing ESMF
20240515 205416.063 INFO             PET0 **************** Region Timings *******************
20240515 205416.063 INFO             PET0 Region              Count  Total (s)   Self (s)    Mean (s)    Min (s)     Max (s)
20240515 205416.063 INFO             PET0   [ESMF]            1      0.0011      0.0011      0.0011      0.0011      0.0011
20240515 205416.063 INFO             PET0     [test] Run 1    5      0.0000      0.0000      0.0000      0.0000      0.0000
20240515 205416.063 INFO             PET0     [test] Init 1   1      0.0000      0.0000      0.0000      0.0000      0.0000
20240515 205416.063 INFO             PET0     [test] Final 1  1      0.0000      0.0000      0.0000      0.0000      0.0000
