2024-05-19 03:33:29
20240519 035540.611 INFO             PET0 !!!!!!!!!!!!!!!!!!!!!!!!!!!!!!!!!!!!!!!!!!!!!!!!!!!!!!
20240519 035540.611 INFO             PET0 !!! THE ESMF_LOG IS SET TO OUTPUT ALL LOG MESSAGES !!!
20240519 035540.611 INFO             PET0 !!!     THIS MAY CAUSE SLOWDOWN IN PERFORMANCE     !!!
20240519 035540.611 INFO             PET0 !!! FOR PRODUCTION RUNS, USE:                      !!!
20240519 035540.611 INFO             PET0 !!!                   ESMF_LOGKIND_Multi_On_Error  !!!
20240519 035540.611 INFO             PET0 !!!!!!!!!!!!!!!!!!!!!!!!!!!!!!!!!!!!!!!!!!!!!!!!!!!!!!
20240519 035540.611 INFO             PET0 Running with ESMF Version   : v8.7.0b05-86-g6f1fcac0dc
20240519 035540.611 INFO             PET0 ESMF library build date/time: "May 19 2024" "03:32:33"
20240519 035540.611 INFO             PET0 ESMF library build location : /tmp/intel_2023.1.0-oneAPI_mpiuni_g_develop/esmf
20240519 035540.611 INFO             PET0 ESMF_COMM                   : mpiuni
20240519 035540.612 INFO             PET0 ESMF_MOAB                   : enabled
20240519 035540.612 INFO             PET0 ESMF_LAPACK                 : enabled
20240519 035540.612 INFO             PET0 ESMF_NETCDF                 : enabled
20240519 035540.612 INFO             PET0 ESMF_PNETCDF                : disabled
20240519 035540.612 INFO             PET0 ESMF_PIO                    : disabled
20240519 035540.612 INFO             PET0 ESMF_YAMLCPP                : enabled
20240519 035540.618 INFO             PET0 ESMF_FieldRedistStoreNF(): Just entered routine.
20240519 035541.357 INFO             PET0 ESMF_FieldRedistStoreNF(): Leaving routine.
20240519 035541.361 INFO             PET0  NUMBER_OF_PROCESSORS           1
20240519 035541.362 INFO             PET0  PASS  Example ESMF_RHandleFromFileEx, ESMF_RHandleFromFileEx.F90, line 192
20240519 035541.362 INFO             PET0  Finalizing ESMF
