2024-06-11 02:36:51
20240611 030516.789 INFO             PET0 !!!!!!!!!!!!!!!!!!!!!!!!!!!!!!!!!!!!!!!!!!!!!!!!!!!!!!
20240611 030516.789 INFO             PET0 !!! THE ESMF_LOG IS SET TO OUTPUT ALL LOG MESSAGES !!!
20240611 030516.789 INFO             PET0 !!!     THIS MAY CAUSE SLOWDOWN IN PERFORMANCE     !!!
20240611 030516.789 INFO             PET0 !!! FOR PRODUCTION RUNS, USE:                      !!!
20240611 030516.789 INFO             PET0 !!!                   ESMF_LOGKIND_Multi_On_Error  !!!
20240611 030516.789 INFO             PET0 !!!!!!!!!!!!!!!!!!!!!!!!!!!!!!!!!!!!!!!!!!!!!!!!!!!!!!
20240611 030516.789 INFO             PET0 Running with ESMF Version   : v8.7.0b07
20240611 030516.789 INFO             PET0 ESMF library build date/time: "Jun 11 2024" "02:34:54"
20240611 030516.789 INFO             PET0 ESMF library build location : /glade/derecho/scratch/sacks/esmf-testing/intel_2023.2.1-classic_mpi_g_develop/esmf
20240611 030516.789 INFO             PET0 ESMF_COMM                   : mpi
20240611 030516.790 INFO             PET0 ESMF_MOAB                   : enabled
20240611 030516.790 INFO             PET0 ESMF_LAPACK                 : enabled
20240611 030516.790 INFO             PET0 ESMF_NETCDF                 : enabled
20240611 030516.790 INFO             PET0 ESMF_PNETCDF                : disabled
20240611 030516.790 INFO             PET0 ESMF_PIO                    : enabled
20240611 030516.790 INFO             PET0 ESMF_YAMLCPP                : enabled
20240611 030516.797 INFO             PET0  NUMBER_OF_PROCESSORS           1
20240611 030516.797 INFO             PET0  PASS  Example ESMF_XGridSparseMatEx, ESMF_XGridSparseMatEx.F90, line 642
20240611 030516.797 INFO             PET0  Finalizing ESMF
