2024-05-30 02:36:26
20240530 030600.258 INFO             PET0 !!!!!!!!!!!!!!!!!!!!!!!!!!!!!!!!!!!!!!!!!!!!!!!!!!!!!!
20240530 030600.258 INFO             PET0 !!! THE ESMF_LOG IS SET TO OUTPUT ALL LOG MESSAGES !!!
20240530 030600.258 INFO             PET0 !!!     THIS MAY CAUSE SLOWDOWN IN PERFORMANCE     !!!
20240530 030600.258 INFO             PET0 !!! FOR PRODUCTION RUNS, USE:                      !!!
20240530 030600.258 INFO             PET0 !!!                   ESMF_LOGKIND_Multi_On_Error  !!!
20240530 030600.258 INFO             PET0 !!!!!!!!!!!!!!!!!!!!!!!!!!!!!!!!!!!!!!!!!!!!!!!!!!!!!!
20240530 030600.258 INFO             PET0 Running with ESMF Version   : v8.7.0b06-6-g5fb1a7b839
20240530 030600.258 INFO             PET0 ESMF library build date/time: "May 30 2024" "02:34:25"
20240530 030600.259 INFO             PET0 ESMF library build location : /glade/derecho/scratch/sacks/esmf-testing/intel_2023.2.1-classic_mpi_g_develop/esmf
20240530 030600.259 INFO             PET0 ESMF_COMM                   : mpi
20240530 030600.259 INFO             PET0 ESMF_MOAB                   : enabled
20240530 030600.259 INFO             PET0 ESMF_LAPACK                 : enabled
20240530 030600.259 INFO             PET0 ESMF_NETCDF                 : enabled
20240530 030600.259 INFO             PET0 ESMF_PNETCDF                : disabled
20240530 030600.259 INFO             PET0 ESMF_PIO                    : enabled
20240530 030600.259 INFO             PET0 ESMF_YAMLCPP                : enabled
20240530 030600.300 DEBUG            PET0 about to destroy Grid: 0x8c80a0
20240530 030600.304 DEBUG            PET0 about to destroy Grid: 0x8cc2e0
20240530 030600.317 INFO             PET0  NUMBER_OF_PROCESSORS           4
20240530 030600.317 INFO             PET0  PASS  Example ESMF_NUOPCAtmModelEx, ESMF_NUOPCAtmModelEx.F90, line 806
20240530 030600.317 INFO             PET0  Finalizing ESMF
20240530 030600.259 INFO             PET1 !!!!!!!!!!!!!!!!!!!!!!!!!!!!!!!!!!!!!!!!!!!!!!!!!!!!!!
20240530 030600.259 INFO             PET1 !!! THE ESMF_LOG IS SET TO OUTPUT ALL LOG MESSAGES !!!
20240530 030600.259 INFO             PET1 !!!     THIS MAY CAUSE SLOWDOWN IN PERFORMANCE     !!!
20240530 030600.259 INFO             PET1 !!! FOR PRODUCTION RUNS, USE:                      !!!
20240530 030600.259 INFO             PET1 !!!                   ESMF_LOGKIND_Multi_On_Error  !!!
20240530 030600.259 INFO             PET1 !!!!!!!!!!!!!!!!!!!!!!!!!!!!!!!!!!!!!!!!!!!!!!!!!!!!!!
20240530 030600.259 INFO             PET1 Running with ESMF Version   : v8.7.0b06-6-g5fb1a7b839
20240530 030600.259 INFO             PET1 ESMF library build date/time: "May 30 2024" "02:34:25"
20240530 030600.259 INFO             PET1 ESMF library build location : /glade/derecho/scratch/sacks/esmf-testing/intel_2023.2.1-classic_mpi_g_develop/esmf
20240530 030600.259 INFO             PET1 ESMF_COMM                   : mpi
20240530 030600.259 INFO             PET1 ESMF_MOAB                   : enabled
20240530 030600.259 INFO             PET1 ESMF_LAPACK                 : enabled
20240530 030600.259 INFO             PET1 ESMF_NETCDF                 : enabled
20240530 030600.259 INFO             PET1 ESMF_PNETCDF                : disabled
20240530 030600.259 INFO             PET1 ESMF_PIO                    : enabled
20240530 030600.259 INFO             PET1 ESMF_YAMLCPP                : enabled
20240530 030600.300 DEBUG            PET1 about to destroy Grid: 0x8c8200
20240530 030600.304 DEBUG            PET1 about to destroy Grid: 0x8c8ee0
20240530 030600.317 INFO             PET1  NUMBER_OF_PROCESSORS           4
20240530 030600.317 INFO             PET1  PASS  Example ESMF_NUOPCAtmModelEx, ESMF_NUOPCAtmModelEx.F90, line 806
20240530 030600.317 INFO             PET1  Finalizing ESMF
20240530 030600.259 INFO             PET2 !!!!!!!!!!!!!!!!!!!!!!!!!!!!!!!!!!!!!!!!!!!!!!!!!!!!!!
20240530 030600.259 INFO             PET2 !!! THE ESMF_LOG IS SET TO OUTPUT ALL LOG MESSAGES !!!
20240530 030600.259 INFO             PET2 !!!     THIS MAY CAUSE SLOWDOWN IN PERFORMANCE     !!!
20240530 030600.259 INFO             PET2 !!! FOR PRODUCTION RUNS, USE:                      !!!
20240530 030600.259 INFO             PET2 !!!                   ESMF_LOGKIND_Multi_On_Error  !!!
20240530 030600.259 INFO             PET2 !!!!!!!!!!!!!!!!!!!!!!!!!!!!!!!!!!!!!!!!!!!!!!!!!!!!!!
20240530 030600.259 INFO             PET2 Running with ESMF Version   : v8.7.0b06-6-g5fb1a7b839
20240530 030600.259 INFO             PET2 ESMF library build date/time: "May 30 2024" "02:34:25"
20240530 030600.259 INFO             PET2 ESMF library build location : /glade/derecho/scratch/sacks/esmf-testing/intel_2023.2.1-classic_mpi_g_develop/esmf
20240530 030600.259 INFO             PET2 ESMF_COMM                   : mpi
20240530 030600.260 INFO             PET2 ESMF_MOAB                   : enabled
20240530 030600.260 INFO             PET2 ESMF_LAPACK                 : enabled
20240530 030600.260 INFO             PET2 ESMF_NETCDF                 : enabled
20240530 030600.260 INFO             PET2 ESMF_PNETCDF                : disabled
20240530 030600.260 INFO             PET2 ESMF_PIO                    : enabled
20240530 030600.260 INFO             PET2 ESMF_YAMLCPP                : enabled
20240530 030600.300 DEBUG            PET2 about to destroy Grid: 0x8c8230
20240530 030600.304 DEBUG            PET2 about to destroy Grid: 0x8c92d0
20240530 030600.317 INFO             PET2  NUMBER_OF_PROCESSORS           4
20240530 030600.317 INFO             PET2  PASS  Example ESMF_NUOPCAtmModelEx, ESMF_NUOPCAtmModelEx.F90, line 806
20240530 030600.317 INFO             PET2  Finalizing ESMF
20240530 030600.258 INFO             PET3 !!!!!!!!!!!!!!!!!!!!!!!!!!!!!!!!!!!!!!!!!!!!!!!!!!!!!!
20240530 030600.258 INFO             PET3 !!! THE ESMF_LOG IS SET TO OUTPUT ALL LOG MESSAGES !!!
20240530 030600.258 INFO             PET3 !!!     THIS MAY CAUSE SLOWDOWN IN PERFORMANCE     !!!
20240530 030600.258 INFO             PET3 !!! FOR PRODUCTION RUNS, USE:                      !!!
20240530 030600.258 INFO             PET3 !!!                   ESMF_LOGKIND_Multi_On_Error  !!!
20240530 030600.258 INFO             PET3 !!!!!!!!!!!!!!!!!!!!!!!!!!!!!!!!!!!!!!!!!!!!!!!!!!!!!!
20240530 030600.258 INFO             PET3 Running with ESMF Version   : v8.7.0b06-6-g5fb1a7b839
20240530 030600.258 INFO             PET3 ESMF library build date/time: "May 30 2024" "02:34:25"
20240530 030600.258 INFO             PET3 ESMF library build location : /glade/derecho/scratch/sacks/esmf-testing/intel_2023.2.1-classic_mpi_g_develop/esmf
20240530 030600.258 INFO             PET3 ESMF_COMM                   : mpi
20240530 030600.259 INFO             PET3 ESMF_MOAB                   : enabled
20240530 030600.259 INFO             PET3 ESMF_LAPACK                 : enabled
20240530 030600.259 INFO             PET3 ESMF_NETCDF                 : enabled
20240530 030600.259 INFO             PET3 ESMF_PNETCDF                : disabled
20240530 030600.259 INFO             PET3 ESMF_PIO                    : enabled
20240530 030600.259 INFO             PET3 ESMF_YAMLCPP                : enabled
20240530 030600.300 DEBUG            PET3 about to destroy Grid: 0x8c81f0
20240530 030600.304 DEBUG            PET3 about to destroy Grid: 0x8c9290
20240530 030600.317 INFO             PET3  NUMBER_OF_PROCESSORS           4
20240530 030600.317 INFO             PET3  PASS  Example ESMF_NUOPCAtmModelEx, ESMF_NUOPCAtmModelEx.F90, line 806
20240530 030600.317 INFO             PET3  Finalizing ESMF
