2024-05-25 02:38:56
20240525 030648.152 INFO             PET0 !!!!!!!!!!!!!!!!!!!!!!!!!!!!!!!!!!!!!!!!!!!!!!!!!!!!!!
20240525 030648.152 INFO             PET0 !!! THE ESMF_LOG IS SET TO OUTPUT ALL LOG MESSAGES !!!
20240525 030648.152 INFO             PET0 !!!     THIS MAY CAUSE SLOWDOWN IN PERFORMANCE     !!!
20240525 030648.152 INFO             PET0 !!! FOR PRODUCTION RUNS, USE:                      !!!
20240525 030648.152 INFO             PET0 !!!                   ESMF_LOGKIND_Multi_On_Error  !!!
20240525 030648.152 INFO             PET0 !!!!!!!!!!!!!!!!!!!!!!!!!!!!!!!!!!!!!!!!!!!!!!!!!!!!!!
20240525 030648.152 INFO             PET0 Running with ESMF Version   : v8.7.0b06-6-g5fb1a7b839
20240525 030648.152 INFO             PET0 ESMF library build date/time: "May 25 2024" "02:36:54"
20240525 030648.152 INFO             PET0 ESMF library build location : /glade/derecho/scratch/sacks/esmf-testing/intel_2023.2.1-classic_mpi_g_develop/esmf
20240525 030648.152 INFO             PET0 ESMF_COMM                   : mpi
20240525 030648.153 INFO             PET0 ESMF_MOAB                   : enabled
20240525 030648.153 INFO             PET0 ESMF_LAPACK                 : enabled
20240525 030648.153 INFO             PET0 ESMF_NETCDF                 : enabled
20240525 030648.153 INFO             PET0 ESMF_PNETCDF                : disabled
20240525 030648.153 INFO             PET0 ESMF_PIO                    : enabled
20240525 030648.153 INFO             PET0 ESMF_YAMLCPP                : enabled
20240525 030648.154 INFO             PET0  NUMBER_OF_PROCESSORS           1
20240525 030648.154 INFO             PET0  PASS  Example ESMF_AlarmEx, ESMF_AlarmEx.F90, line 244
20240525 030648.154 INFO             PET0  Finalizing ESMF
