2024-07-21 02:45:25
20240721 031824.682 INFO             PET0 !!!!!!!!!!!!!!!!!!!!!!!!!!!!!!!!!!!!!!!!!!!!!!!!!!!!!!
20240721 031824.682 INFO             PET0 !!! THE ESMF_LOG IS SET TO OUTPUT ALL LOG MESSAGES !!!
20240721 031824.682 INFO             PET0 !!!     THIS MAY CAUSE SLOWDOWN IN PERFORMANCE     !!!
20240721 031824.682 INFO             PET0 !!! FOR PRODUCTION RUNS, USE:                      !!!
20240721 031824.682 INFO             PET0 !!!                   ESMF_LOGKIND_Multi_On_Error  !!!
20240721 031824.682 INFO             PET0 !!!!!!!!!!!!!!!!!!!!!!!!!!!!!!!!!!!!!!!!!!!!!!!!!!!!!!
20240721 031824.682 INFO             PET0 Running with ESMF Version   : v8.7.0b09
20240721 031824.682 INFO             PET0 ESMF library build date/time: "Jul 21 2024" "02:42:57"
20240721 031824.682 INFO             PET0 ESMF library build location : /glade/derecho/scratch/sacks/esmf-testing/intel_2023.2.1-classic_mpi_g_develop/esmf
20240721 031824.682 INFO             PET0 ESMF_COMM                   : mpi
20240721 031824.685 INFO             PET0 ESMF_MOAB                   : enabled
20240721 031824.685 INFO             PET0 ESMF_LAPACK                 : enabled
20240721 031824.685 INFO             PET0 ESMF_NETCDF                 : enabled
20240721 031824.685 INFO             PET0 ESMF_PNETCDF                : disabled
20240721 031824.685 INFO             PET0 ESMF_PIO                    : enabled
20240721 031824.685 INFO             PET0 ESMF_YAMLCPP                : enabled
20240721 031824.685 INFO             PET0  NUMBER_OF_PROCESSORS           4
20240721 031824.685 INFO             PET0  PASS  Example ESMF_VMUserMpiCommMultiEx, ESMF_VMUserMpiCommMultiEx.F90, line 126
20240721 031824.685 INFO             PET0  Finalizing ESMF with endflag==ESMF_END_KEEPMPI
20240721 031824.679 INFO             PET0 !!!!!!!!!!!!!!!!!!!!!!!!!!!!!!!!!!!!!!!!!!!!!!!!!!!!!!
20240721 031824.679 INFO             PET0 !!! THE ESMF_LOG IS SET TO OUTPUT ALL LOG MESSAGES !!!
20240721 031824.679 INFO             PET0 !!!     THIS MAY CAUSE SLOWDOWN IN PERFORMANCE     !!!
20240721 031824.679 INFO             PET0 !!! FOR PRODUCTION RUNS, USE:                      !!!
20240721 031824.679 INFO             PET0 !!!                   ESMF_LOGKIND_Multi_On_Error  !!!
20240721 031824.679 INFO             PET0 !!!!!!!!!!!!!!!!!!!!!!!!!!!!!!!!!!!!!!!!!!!!!!!!!!!!!!
20240721 031824.679 INFO             PET0 Running with ESMF Version   : v8.7.0b09
20240721 031824.679 INFO             PET0 ESMF library build date/time: "Jul 21 2024" "02:42:57"
20240721 031824.679 INFO             PET0 ESMF library build location : /glade/derecho/scratch/sacks/esmf-testing/intel_2023.2.1-classic_mpi_g_develop/esmf
20240721 031824.679 INFO             PET0 ESMF_COMM                   : mpi
20240721 031824.685 INFO             PET0 ESMF_MOAB                   : enabled
20240721 031824.685 INFO             PET0 ESMF_LAPACK                 : enabled
20240721 031824.685 INFO             PET0 ESMF_NETCDF                 : enabled
20240721 031824.685 INFO             PET0 ESMF_PNETCDF                : disabled
20240721 031824.685 INFO             PET0 ESMF_PIO                    : enabled
20240721 031824.685 INFO             PET0 ESMF_YAMLCPP                : enabled
20240721 031824.685 INFO             PET0  NUMBER_OF_PROCESSORS           4
20240721 031824.685 INFO             PET0  PASS  Example ESMF_VMUserMpiCommMultiEx, ESMF_VMUserMpiCommMultiEx.F90, line 154
20240721 031824.685 INFO             PET0  Finalizing ESMF with endflag==ESMF_END_KEEPMPI
20240721 031824.682 INFO             PET1 !!!!!!!!!!!!!!!!!!!!!!!!!!!!!!!!!!!!!!!!!!!!!!!!!!!!!!
20240721 031824.682 INFO             PET1 !!! THE ESMF_LOG IS SET TO OUTPUT ALL LOG MESSAGES !!!
20240721 031824.682 INFO             PET1 !!!     THIS MAY CAUSE SLOWDOWN IN PERFORMANCE     !!!
20240721 031824.682 INFO             PET1 !!! FOR PRODUCTION RUNS, USE:                      !!!
20240721 031824.682 INFO             PET1 !!!                   ESMF_LOGKIND_Multi_On_Error  !!!
20240721 031824.682 INFO             PET1 !!!!!!!!!!!!!!!!!!!!!!!!!!!!!!!!!!!!!!!!!!!!!!!!!!!!!!
20240721 031824.682 INFO             PET1 Running with ESMF Version   : v8.7.0b09
20240721 031824.682 INFO             PET1 ESMF library build date/time: "Jul 21 2024" "02:42:57"
20240721 031824.682 INFO             PET1 ESMF library build location : /glade/derecho/scratch/sacks/esmf-testing/intel_2023.2.1-classic_mpi_g_develop/esmf
20240721 031824.682 INFO             PET1 ESMF_COMM                   : mpi
20240721 031824.683 INFO             PET1 ESMF_MOAB                   : enabled
20240721 031824.683 INFO             PET1 ESMF_LAPACK                 : enabled
20240721 031824.683 INFO             PET1 ESMF_NETCDF                 : enabled
20240721 031824.683 INFO             PET1 ESMF_PNETCDF                : disabled
20240721 031824.683 INFO             PET1 ESMF_PIO                    : enabled
20240721 031824.683 INFO             PET1 ESMF_YAMLCPP                : enabled
20240721 031824.685 INFO             PET1  NUMBER_OF_PROCESSORS           4
20240721 031824.685 INFO             PET1  PASS  Example ESMF_VMUserMpiCommMultiEx, ESMF_VMUserMpiCommMultiEx.F90, line 126
20240721 031824.685 INFO             PET1  Finalizing ESMF with endflag==ESMF_END_KEEPMPI
20240721 031824.679 INFO             PET1 !!!!!!!!!!!!!!!!!!!!!!!!!!!!!!!!!!!!!!!!!!!!!!!!!!!!!!
20240721 031824.679 INFO             PET1 !!! THE ESMF_LOG IS SET TO OUTPUT ALL LOG MESSAGES !!!
20240721 031824.679 INFO             PET1 !!!     THIS MAY CAUSE SLOWDOWN IN PERFORMANCE     !!!
20240721 031824.679 INFO             PET1 !!! FOR PRODUCTION RUNS, USE:                      !!!
20240721 031824.679 INFO             PET1 !!!                   ESMF_LOGKIND_Multi_On_Error  !!!
20240721 031824.679 INFO             PET1 !!!!!!!!!!!!!!!!!!!!!!!!!!!!!!!!!!!!!!!!!!!!!!!!!!!!!!
20240721 031824.679 INFO             PET1 Running with ESMF Version   : v8.7.0b09
20240721 031824.679 INFO             PET1 ESMF library build date/time: "Jul 21 2024" "02:42:57"
20240721 031824.679 INFO             PET1 ESMF library build location : /glade/derecho/scratch/sacks/esmf-testing/intel_2023.2.1-classic_mpi_g_develop/esmf
20240721 031824.679 INFO             PET1 ESMF_COMM                   : mpi
20240721 031824.681 INFO             PET1 ESMF_MOAB                   : enabled
20240721 031824.681 INFO             PET1 ESMF_LAPACK                 : enabled
20240721 031824.681 INFO             PET1 ESMF_NETCDF                 : enabled
20240721 031824.681 INFO             PET1 ESMF_PNETCDF                : disabled
20240721 031824.681 INFO             PET1 ESMF_PIO                    : enabled
20240721 031824.681 INFO             PET1 ESMF_YAMLCPP                : enabled
20240721 031824.685 INFO             PET1  NUMBER_OF_PROCESSORS           4
20240721 031824.685 INFO             PET1  PASS  Example ESMF_VMUserMpiCommMultiEx, ESMF_VMUserMpiCommMultiEx.F90, line 154
20240721 031824.685 INFO             PET1  Finalizing ESMF with endflag==ESMF_END_KEEPMPI
