2024-08-05 01:47:22
20240805 022015.625 INFO             PET0 !!!!!!!!!!!!!!!!!!!!!!!!!!!!!!!!!!!!!!!!!!!!!!!!!!!!!!
20240805 022015.625 INFO             PET0 !!! THE ESMF_LOG IS SET TO OUTPUT ALL LOG MESSAGES !!!
20240805 022015.625 INFO             PET0 !!!     THIS MAY CAUSE SLOWDOWN IN PERFORMANCE     !!!
20240805 022015.625 INFO             PET0 !!! FOR PRODUCTION RUNS, USE:                      !!!
20240805 022015.625 INFO             PET0 !!!                   ESMF_LOGKIND_Multi_On_Error  !!!
20240805 022015.625 INFO             PET0 !!!!!!!!!!!!!!!!!!!!!!!!!!!!!!!!!!!!!!!!!!!!!!!!!!!!!!
20240805 022015.625 INFO             PET0 Running with ESMF Version   : v8.7.0b11
20240805 022015.625 INFO             PET0 ESMF library build date/time: "Aug  5 2024" "01:45:18"
20240805 022015.625 INFO             PET0 ESMF library build location : /scratch/cluster/theurich/ESMF-Nightly-Testing/gfortran_9.3.0_mpiuni_g_develop/esmf
20240805 022015.625 INFO             PET0 ESMF_COMM                   : mpiuni
20240805 022015.625 INFO             PET0 ESMF_MOAB                   : enabled
20240805 022015.625 INFO             PET0 ESMF_LAPACK                 : enabled
20240805 022015.625 INFO             PET0 ESMF_NETCDF                 : enabled
20240805 022015.625 INFO             PET0 ESMF_PNETCDF                : disabled
20240805 022015.625 INFO             PET0 ESMF_PIO                    : enabled
20240805 022015.625 INFO             PET0 ESMF_YAMLCPP                : enabled
20240805 022015.627 INFO             PET0  NUMBER_OF_PROCESSORS           1
20240805 022015.627 INFO             PET0  PASS  Example ESMF_AlarmEx, ESMF_AlarmEx.F90, line 244
20240805 022015.627 INFO             PET0  Finalizing ESMF
