2024-05-15 01:56:09
20240515 022655.339 INFO             PET0 !!!!!!!!!!!!!!!!!!!!!!!!!!!!!!!!!!!!!!!!!!!!!!!!!!!!!!
20240515 022655.339 INFO             PET0 !!! THE ESMF_LOG IS SET TO OUTPUT ALL LOG MESSAGES !!!
20240515 022655.339 INFO             PET0 !!!     THIS MAY CAUSE SLOWDOWN IN PERFORMANCE     !!!
20240515 022655.339 INFO             PET0 !!! FOR PRODUCTION RUNS, USE:                      !!!
20240515 022655.339 INFO             PET0 !!!                   ESMF_LOGKIND_Multi_On_Error  !!!
20240515 022655.339 INFO             PET0 !!!!!!!!!!!!!!!!!!!!!!!!!!!!!!!!!!!!!!!!!!!!!!!!!!!!!!
20240515 022655.339 INFO             PET0 Running with ESMF Version   : v8.7.0b05-81-g4bbe0ebe7e
20240515 022655.339 INFO             PET0 ESMF library build date/time: "May 15 2024" "01:54:04"
20240515 022655.339 INFO             PET0 ESMF library build location : /scratch/cluster/theurich/ESMF-Nightly-Testing/gfortran_9.3.0_mpiuni_g_develop/esmf
20240515 022655.339 INFO             PET0 ESMF_COMM                   : mpiuni
20240515 022655.339 INFO             PET0 ESMF_MOAB                   : enabled
20240515 022655.339 INFO             PET0 ESMF_LAPACK                 : enabled
20240515 022655.339 INFO             PET0 ESMF_NETCDF                 : enabled
20240515 022655.339 INFO             PET0 ESMF_PNETCDF                : disabled
20240515 022655.339 INFO             PET0 ESMF_PIO                    : disabled
20240515 022655.339 INFO             PET0 ESMF_YAMLCPP                : enabled
20240515 022655.353 INFO             PET0 ESMF_FieldRedistStoreNF(): Just entered routine.
20240515 022656.024 INFO             PET0 ESMF_FieldRedistStoreNF(): Leaving routine.
20240515 022656.054 INFO             PET0  NUMBER_OF_PROCESSORS           1
20240515 022656.054 INFO             PET0  PASS  Example ESMF_RHandleFromFileEx, ESMF_RHandleFromFileEx.F90, line 192
20240515 022656.054 INFO             PET0  Finalizing ESMF
