2024-05-22 02:16:10
20240522 023857.491 INFO             PET0 !!!!!!!!!!!!!!!!!!!!!!!!!!!!!!!!!!!!!!!!!!!!!!!!!!!!!!
20240522 023857.491 INFO             PET0 !!! THE ESMF_LOG IS SET TO OUTPUT ALL LOG MESSAGES !!!
20240522 023857.491 INFO             PET0 !!!     THIS MAY CAUSE SLOWDOWN IN PERFORMANCE     !!!
20240522 023857.491 INFO             PET0 !!! FOR PRODUCTION RUNS, USE:                      !!!
20240522 023857.491 INFO             PET0 !!!                   ESMF_LOGKIND_Multi_On_Error  !!!
20240522 023857.491 INFO             PET0 !!!!!!!!!!!!!!!!!!!!!!!!!!!!!!!!!!!!!!!!!!!!!!!!!!!!!!
20240522 023857.491 INFO             PET0 Running with ESMF Version   : v8.7.0b06
20240522 023857.491 INFO             PET0 ESMF library build date/time: "May 22 2024" "02:14:56"
20240522 023857.491 INFO             PET0 ESMF library build location : /home/gerhard/ESMF-Nightly-Testing/gfortran_7.4.0_mpich_g_develop/esmf
20240522 023857.491 INFO             PET0 ESMF_COMM                   : mpich
20240522 023857.491 INFO             PET0 ESMF_MOAB                   : enabled
20240522 023857.491 INFO             PET0 ESMF_LAPACK                 : enabled
20240522 023857.491 INFO             PET0 ESMF_NETCDF                 : enabled
20240522 023857.491 INFO             PET0 ESMF_PNETCDF                : disabled
20240522 023857.491 INFO             PET0 ESMF_PIO                    : enabled
20240522 023857.491 INFO             PET0 ESMF_YAMLCPP                : enabled
20240522 023857.564 DEBUG            PET0 about to destroy Grid: 0x266d6d0
20240522 023857.573 DEBUG            PET0 about to destroy Grid: 0x266fb00
20240522 023857.598 INFO             PET0  NUMBER_OF_PROCESSORS           4
20240522 023857.598 INFO             PET0  PASS  Example ESMF_NUOPCAtmModelEx, ESMF_NUOPCAtmModelEx.F90, line 806
20240522 023857.598 INFO             PET0  Finalizing ESMF
20240522 023857.491 INFO             PET1 !!!!!!!!!!!!!!!!!!!!!!!!!!!!!!!!!!!!!!!!!!!!!!!!!!!!!!
20240522 023857.491 INFO             PET1 !!! THE ESMF_LOG IS SET TO OUTPUT ALL LOG MESSAGES !!!
20240522 023857.491 INFO             PET1 !!!     THIS MAY CAUSE SLOWDOWN IN PERFORMANCE     !!!
20240522 023857.491 INFO             PET1 !!! FOR PRODUCTION RUNS, USE:                      !!!
20240522 023857.491 INFO             PET1 !!!                   ESMF_LOGKIND_Multi_On_Error  !!!
20240522 023857.491 INFO             PET1 !!!!!!!!!!!!!!!!!!!!!!!!!!!!!!!!!!!!!!!!!!!!!!!!!!!!!!
20240522 023857.491 INFO             PET1 Running with ESMF Version   : v8.7.0b06
20240522 023857.491 INFO             PET1 ESMF library build date/time: "May 22 2024" "02:14:56"
20240522 023857.491 INFO             PET1 ESMF library build location : /home/gerhard/ESMF-Nightly-Testing/gfortran_7.4.0_mpich_g_develop/esmf
20240522 023857.491 INFO             PET1 ESMF_COMM                   : mpich
20240522 023857.491 INFO             PET1 ESMF_MOAB                   : enabled
20240522 023857.491 INFO             PET1 ESMF_LAPACK                 : enabled
20240522 023857.491 INFO             PET1 ESMF_NETCDF                 : enabled
20240522 023857.491 INFO             PET1 ESMF_PNETCDF                : disabled
20240522 023857.491 INFO             PET1 ESMF_PIO                    : enabled
20240522 023857.491 INFO             PET1 ESMF_YAMLCPP                : enabled
20240522 023857.564 DEBUG            PET1 about to destroy Grid: 0x162a000
20240522 023857.573 DEBUG            PET1 about to destroy Grid: 0x162ba30
20240522 023857.597 INFO             PET1  NUMBER_OF_PROCESSORS           4
20240522 023857.597 INFO             PET1  PASS  Example ESMF_NUOPCAtmModelEx, ESMF_NUOPCAtmModelEx.F90, line 806
20240522 023857.597 INFO             PET1  Finalizing ESMF
20240522 023857.491 INFO             PET2 !!!!!!!!!!!!!!!!!!!!!!!!!!!!!!!!!!!!!!!!!!!!!!!!!!!!!!
20240522 023857.491 INFO             PET2 !!! THE ESMF_LOG IS SET TO OUTPUT ALL LOG MESSAGES !!!
20240522 023857.491 INFO             PET2 !!!     THIS MAY CAUSE SLOWDOWN IN PERFORMANCE     !!!
20240522 023857.491 INFO             PET2 !!! FOR PRODUCTION RUNS, USE:                      !!!
20240522 023857.491 INFO             PET2 !!!                   ESMF_LOGKIND_Multi_On_Error  !!!
20240522 023857.491 INFO             PET2 !!!!!!!!!!!!!!!!!!!!!!!!!!!!!!!!!!!!!!!!!!!!!!!!!!!!!!
20240522 023857.491 INFO             PET2 Running with ESMF Version   : v8.7.0b06
20240522 023857.491 INFO             PET2 ESMF library build date/time: "May 22 2024" "02:14:56"
20240522 023857.491 INFO             PET2 ESMF library build location : /home/gerhard/ESMF-Nightly-Testing/gfortran_7.4.0_mpich_g_develop/esmf
20240522 023857.491 INFO             PET2 ESMF_COMM                   : mpich
20240522 023857.491 INFO             PET2 ESMF_MOAB                   : enabled
20240522 023857.491 INFO             PET2 ESMF_LAPACK                 : enabled
20240522 023857.491 INFO             PET2 ESMF_NETCDF                 : enabled
20240522 023857.491 INFO             PET2 ESMF_PNETCDF                : disabled
20240522 023857.491 INFO             PET2 ESMF_PIO                    : enabled
20240522 023857.491 INFO             PET2 ESMF_YAMLCPP                : enabled
20240522 023857.564 DEBUG            PET2 about to destroy Grid: 0x1561420
20240522 023857.573 DEBUG            PET2 about to destroy Grid: 0x1563370
20240522 023857.597 INFO             PET2  NUMBER_OF_PROCESSORS           4
20240522 023857.597 INFO             PET2  PASS  Example ESMF_NUOPCAtmModelEx, ESMF_NUOPCAtmModelEx.F90, line 806
20240522 023857.597 INFO             PET2  Finalizing ESMF
20240522 023857.491 INFO             PET3 !!!!!!!!!!!!!!!!!!!!!!!!!!!!!!!!!!!!!!!!!!!!!!!!!!!!!!
20240522 023857.491 INFO             PET3 !!! THE ESMF_LOG IS SET TO OUTPUT ALL LOG MESSAGES !!!
20240522 023857.491 INFO             PET3 !!!     THIS MAY CAUSE SLOWDOWN IN PERFORMANCE     !!!
20240522 023857.491 INFO             PET3 !!! FOR PRODUCTION RUNS, USE:                      !!!
20240522 023857.491 INFO             PET3 !!!                   ESMF_LOGKIND_Multi_On_Error  !!!
20240522 023857.491 INFO             PET3 !!!!!!!!!!!!!!!!!!!!!!!!!!!!!!!!!!!!!!!!!!!!!!!!!!!!!!
20240522 023857.491 INFO             PET3 Running with ESMF Version   : v8.7.0b06
20240522 023857.491 INFO             PET3 ESMF library build date/time: "May 22 2024" "02:14:56"
20240522 023857.491 INFO             PET3 ESMF library build location : /home/gerhard/ESMF-Nightly-Testing/gfortran_7.4.0_mpich_g_develop/esmf
20240522 023857.491 INFO             PET3 ESMF_COMM                   : mpich
20240522 023857.491 INFO             PET3 ESMF_MOAB                   : enabled
20240522 023857.491 INFO             PET3 ESMF_LAPACK                 : enabled
20240522 023857.491 INFO             PET3 ESMF_NETCDF                 : enabled
20240522 023857.491 INFO             PET3 ESMF_PNETCDF                : disabled
20240522 023857.491 INFO             PET3 ESMF_PIO                    : enabled
20240522 023857.491 INFO             PET3 ESMF_YAMLCPP                : enabled
20240522 023857.564 DEBUG            PET3 about to destroy Grid: 0x15b4740
20240522 023857.573 DEBUG            PET3 about to destroy Grid: 0x15b6010
20240522 023857.598 INFO             PET3  NUMBER_OF_PROCESSORS           4
20240522 023857.598 INFO             PET3  PASS  Example ESMF_NUOPCAtmModelEx, ESMF_NUOPCAtmModelEx.F90, line 806
20240522 023857.598 INFO             PET3  Finalizing ESMF
