2024-07-31 00:04:52
20240731 002637.064 INFO             PET0 !!!!!!!!!!!!!!!!!!!!!!!!!!!!!!!!!!!!!!!!!!!!!!!!!!!!!!
20240731 002637.064 INFO             PET0 !!! THE ESMF_LOG IS SET TO OUTPUT ALL LOG MESSAGES !!!
20240731 002637.064 INFO             PET0 !!!     THIS MAY CAUSE SLOWDOWN IN PERFORMANCE     !!!
20240731 002637.064 INFO             PET0 !!! FOR PRODUCTION RUNS, USE:                      !!!
20240731 002637.064 INFO             PET0 !!!                   ESMF_LOGKIND_Multi_On_Error  !!!
20240731 002637.064 INFO             PET0 !!!!!!!!!!!!!!!!!!!!!!!!!!!!!!!!!!!!!!!!!!!!!!!!!!!!!!
20240731 002637.064 INFO             PET0 Running with ESMF Version   : v8.7.0b10-23-ge8332f8778
20240731 002637.064 INFO             PET0 ESMF library build date/time: "Jul 31 2024" "00:03:41"
20240731 002637.064 INFO             PET0 ESMF library build location : /home/gerhard/ESMF-Nightly-Testing/gfortran_7.4.0_mpich_g_develop/esmf
20240731 002637.064 INFO             PET0 ESMF_COMM                   : mpich
20240731 002637.064 INFO             PET0 ESMF_MOAB                   : enabled
20240731 002637.064 INFO             PET0 ESMF_LAPACK                 : enabled
20240731 002637.064 INFO             PET0 ESMF_NETCDF                 : enabled
20240731 002637.064 INFO             PET0 ESMF_PNETCDF                : disabled
20240731 002637.064 INFO             PET0 ESMF_PIO                    : enabled
20240731 002637.064 INFO             PET0 ESMF_YAMLCPP                : enabled
20240731 002637.064 INFO             PET0  NUMBER_OF_PROCESSORS           1
20240731 002637.064 INFO             PET0  PASS  Example CalendarEx, ESMF_CalendarEx.F90, line 217
20240731 002637.064 INFO             PET0  Finalizing ESMF
