2024-08-01 04:10:45
20240801 043839.911 INFO             PET0 !!!!!!!!!!!!!!!!!!!!!!!!!!!!!!!!!!!!!!!!!!!!!!!!!!!!!!
20240801 043839.911 INFO             PET0 !!! THE ESMF_LOG IS SET TO OUTPUT ALL LOG MESSAGES !!!
20240801 043839.911 INFO             PET0 !!!     THIS MAY CAUSE SLOWDOWN IN PERFORMANCE     !!!
20240801 043839.911 INFO             PET0 !!! FOR PRODUCTION RUNS, USE:                      !!!
20240801 043839.911 INFO             PET0 !!!                   ESMF_LOGKIND_Multi_On_Error  !!!
20240801 043839.911 INFO             PET0 !!!!!!!!!!!!!!!!!!!!!!!!!!!!!!!!!!!!!!!!!!!!!!!!!!!!!!
20240801 043839.911 INFO             PET0 Running with ESMF Version   : v8.7.0b10-21-g6127c6256e
20240801 043839.911 INFO             PET0 ESMF library build date/time: "Aug  1 2024" "04:09:34"
20240801 043839.911 INFO             PET0 ESMF library build location : /tmp/gfortran_12.2.0_mpi_g_nrl_work-esmx/esmf
20240801 043839.911 INFO             PET0 ESMF_COMM                   : mpi
20240801 043839.912 INFO             PET0 ESMF_MOAB                   : enabled
20240801 043839.912 INFO             PET0 ESMF_LAPACK                 : enabled
20240801 043839.912 INFO             PET0 ESMF_NETCDF                 : enabled
20240801 043839.912 INFO             PET0 ESMF_PNETCDF                : disabled
20240801 043839.912 INFO             PET0 ESMF_PIO                    : enabled
20240801 043839.912 INFO             PET0 ESMF_YAMLCPP                : enabled
20240801 043839.919 INFO             PET0  NUMBER_OF_PROCESSORS           1
20240801 043839.919 INFO             PET0  PASS  Example ESMF_XGridSparseMatEx, ESMF_XGridSparseMatEx.F90, line 642
20240801 043839.919 INFO             PET0  Finalizing ESMF
