2024-06-04 01:47:17
20240604 021741.088 INFO             PET0 !!!!!!!!!!!!!!!!!!!!!!!!!!!!!!!!!!!!!!!!!!!!!!!!!!!!!!
20240604 021741.088 INFO             PET0 !!! THE ESMF_LOG IS SET TO OUTPUT ALL LOG MESSAGES !!!
20240604 021741.088 INFO             PET0 !!!     THIS MAY CAUSE SLOWDOWN IN PERFORMANCE     !!!
20240604 021741.088 INFO             PET0 !!! FOR PRODUCTION RUNS, USE:                      !!!
20240604 021741.088 INFO             PET0 !!!                   ESMF_LOGKIND_Multi_On_Error  !!!
20240604 021741.088 INFO             PET0 !!!!!!!!!!!!!!!!!!!!!!!!!!!!!!!!!!!!!!!!!!!!!!!!!!!!!!
20240604 021741.088 INFO             PET0 Running with ESMF Version   : v8.7.0b06-37-g31f880616f
20240604 021741.088 INFO             PET0 ESMF library build date/time: "Jun  4 2024" "01:45:27"
20240604 021741.088 INFO             PET0 ESMF library build location : /scratch/cluster/theurich/ESMF-Nightly-Testing/nag_7.0_mpiuni_g_develop/esmf
20240604 021741.088 INFO             PET0 ESMF_COMM                   : mpiuni
20240604 021741.088 INFO             PET0 ESMF_MOAB                   : enabled
20240604 021741.088 INFO             PET0 ESMF_LAPACK                 : enabled
20240604 021741.088 INFO             PET0 ESMF_NETCDF                 : enabled
20240604 021741.088 INFO             PET0 ESMF_PNETCDF                : disabled
20240604 021741.088 INFO             PET0 ESMF_PIO                    : disabled
20240604 021741.088 INFO             PET0 ESMF_YAMLCPP                : enabled
20240604 021741.179 INFO             PET0  NUMBER_OF_PROCESSORS 1
20240604 021741.179 INFO             PET0  PASS  Example ESMF_RHandleReusabilityEx, ESMF_RHandleReusabilityEx.F90, line 582
20240604 021741.179 INFO             PET0  Finalizing ESMF
