2024-05-23 01:46:31
20240523 021440.317 INFO             PET0 !!!!!!!!!!!!!!!!!!!!!!!!!!!!!!!!!!!!!!!!!!!!!!!!!!!!!!
20240523 021440.318 INFO             PET0 !!! THE ESMF_LOG IS SET TO OUTPUT ALL LOG MESSAGES !!!
20240523 021440.318 INFO             PET0 !!!     THIS MAY CAUSE SLOWDOWN IN PERFORMANCE     !!!
20240523 021440.318 INFO             PET0 !!! FOR PRODUCTION RUNS, USE:                      !!!
20240523 021440.318 INFO             PET0 !!!                   ESMF_LOGKIND_Multi_On_Error  !!!
20240523 021440.318 INFO             PET0 !!!!!!!!!!!!!!!!!!!!!!!!!!!!!!!!!!!!!!!!!!!!!!!!!!!!!!
20240523 021440.318 INFO             PET0 Running with ESMF Version   : v8.7.0b06
20240523 021440.318 INFO             PET0 ESMF library build date/time: "May 23 2024" "01:44:46"
20240523 021440.318 INFO             PET0 ESMF library build location : /scratch/cluster/theurich/ESMF-Nightly-Testing/nag_7.0_mpiuni_g_develop/esmf
20240523 021440.318 INFO             PET0 ESMF_COMM                   : mpiuni
20240523 021440.318 INFO             PET0 ESMF_MOAB                   : enabled
20240523 021440.318 INFO             PET0 ESMF_LAPACK                 : enabled
20240523 021440.318 INFO             PET0 ESMF_NETCDF                 : enabled
20240523 021440.318 INFO             PET0 ESMF_PNETCDF                : disabled
20240523 021440.318 INFO             PET0 ESMF_PIO                    : disabled
20240523 021440.318 INFO             PET0 ESMF_YAMLCPP                : enabled
20240523 021440.320 INFO             PET0  NUMBER_OF_PROCESSORS 1
20240523 021440.320 INFO             PET0  PASS  Example ESMF_InfoGetFromHostEx, ESMF_InfoGetFromHostEx.F90, line 112
20240523 021440.320 INFO             PET0  Finalizing ESMF
