2024-05-18 01:47:21
20240518 021711.691 INFO             PET0 !!!!!!!!!!!!!!!!!!!!!!!!!!!!!!!!!!!!!!!!!!!!!!!!!!!!!!
20240518 021711.691 INFO             PET0 !!! THE ESMF_LOG IS SET TO OUTPUT ALL LOG MESSAGES !!!
20240518 021711.691 INFO             PET0 !!!     THIS MAY CAUSE SLOWDOWN IN PERFORMANCE     !!!
20240518 021711.691 INFO             PET0 !!! FOR PRODUCTION RUNS, USE:                      !!!
20240518 021711.691 INFO             PET0 !!!                   ESMF_LOGKIND_Multi_On_Error  !!!
20240518 021711.691 INFO             PET0 !!!!!!!!!!!!!!!!!!!!!!!!!!!!!!!!!!!!!!!!!!!!!!!!!!!!!!
20240518 021711.691 INFO             PET0 Running with ESMF Version   : v8.7.0b05-86-g6f1fcac0dc
20240518 021711.691 INFO             PET0 ESMF library build date/time: "May 18 2024" "01:45:23"
20240518 021711.691 INFO             PET0 ESMF library build location : /scratch/cluster/theurich/ESMF-Nightly-Testing/nag_7.0_mpiuni_g_develop/esmf
20240518 021711.691 INFO             PET0 ESMF_COMM                   : mpiuni
20240518 021711.691 INFO             PET0 ESMF_MOAB                   : enabled
20240518 021711.691 INFO             PET0 ESMF_LAPACK                 : enabled
20240518 021711.692 INFO             PET0 ESMF_NETCDF                 : enabled
20240518 021711.692 INFO             PET0 ESMF_PNETCDF                : disabled
20240518 021711.692 INFO             PET0 ESMF_PIO                    : disabled
20240518 021711.692 INFO             PET0 ESMF_YAMLCPP                : enabled
20240518 021711.707 INFO             PET0 ESMF_FieldRedistStoreNF(): Just entered routine.
20240518 021712.381 INFO             PET0 ESMF_FieldRedistStoreNF(): Leaving routine.
20240518 021712.406 INFO             PET0  NUMBER_OF_PROCESSORS 1
20240518 021712.406 INFO             PET0  PASS  Example ESMF_RHandleFromFileEx, ESMF_RHandleFromFileEx.F90, line 192
20240518 021712.406 INFO             PET0  Finalizing ESMF
