2024-06-22 01:46:45
20240622 021842.340 INFO             PET0 !!!!!!!!!!!!!!!!!!!!!!!!!!!!!!!!!!!!!!!!!!!!!!!!!!!!!!
20240622 021842.340 INFO             PET0 !!! THE ESMF_LOG IS SET TO OUTPUT ALL LOG MESSAGES !!!
20240622 021842.340 INFO             PET0 !!!     THIS MAY CAUSE SLOWDOWN IN PERFORMANCE     !!!
20240622 021842.340 INFO             PET0 !!! FOR PRODUCTION RUNS, USE:                      !!!
20240622 021842.340 INFO             PET0 !!!                   ESMF_LOGKIND_Multi_On_Error  !!!
20240622 021842.340 INFO             PET0 !!!!!!!!!!!!!!!!!!!!!!!!!!!!!!!!!!!!!!!!!!!!!!!!!!!!!!
20240622 021842.340 INFO             PET0 Running with ESMF Version   : v8.7.0b07-2-ga1ccd5de8a
20240622 021842.340 INFO             PET0 ESMF library build date/time: "Jun 22 2024" "01:44:56"
20240622 021842.340 INFO             PET0 ESMF library build location : /scratch/cluster/theurich/ESMF-Nightly-Testing/nag_7.0_mpiuni_g_develop/esmf
20240622 021842.340 INFO             PET0 ESMF_COMM                   : mpiuni
20240622 021842.340 INFO             PET0 ESMF_MOAB                   : enabled
20240622 021842.340 INFO             PET0 ESMF_LAPACK                 : enabled
20240622 021842.340 INFO             PET0 ESMF_NETCDF                 : enabled
20240622 021842.340 INFO             PET0 ESMF_PNETCDF                : disabled
20240622 021842.340 INFO             PET0 ESMF_PIO                    : disabled
20240622 021842.341 INFO             PET0 ESMF_YAMLCPP                : enabled
20240622 021842.380 INFO             PET0  NUMBER_OF_PROCESSORS 1
20240622 021842.380 INFO             PET0  PASS  Example ESMF_NUOPCBasicModelEx, ESMF_NUOPCBasicModelEx.F90, line 339
20240622 021842.380 INFO             PET0  Finalizing ESMF
