2024-07-20 01:46:49
20240720 022001.942 INFO             PET0 !!!!!!!!!!!!!!!!!!!!!!!!!!!!!!!!!!!!!!!!!!!!!!!!!!!!!!
20240720 022001.942 INFO             PET0 !!! THE ESMF_LOG IS SET TO OUTPUT ALL LOG MESSAGES !!!
20240720 022001.942 INFO             PET0 !!!     THIS MAY CAUSE SLOWDOWN IN PERFORMANCE     !!!
20240720 022001.942 INFO             PET0 !!! FOR PRODUCTION RUNS, USE:                      !!!
20240720 022001.942 INFO             PET0 !!!                   ESMF_LOGKIND_Multi_On_Error  !!!
20240720 022001.942 INFO             PET0 !!!!!!!!!!!!!!!!!!!!!!!!!!!!!!!!!!!!!!!!!!!!!!!!!!!!!!
20240720 022001.942 INFO             PET0 Running with ESMF Version   : v8.7.0b08-22-g7e6ffb30d3
20240720 022001.942 INFO             PET0 ESMF library build date/time: "Jul 20 2024" "01:45:04"
20240720 022001.942 INFO             PET0 ESMF library build location : /scratch/cluster/theurich/ESMF-Nightly-Testing/nag_7.0_mpiuni_g_develop/esmf
20240720 022001.942 INFO             PET0 ESMF_COMM                   : mpiuni
20240720 022001.943 INFO             PET0 ESMF_MOAB                   : enabled
20240720 022001.943 INFO             PET0 ESMF_LAPACK                 : enabled
20240720 022001.943 INFO             PET0 ESMF_NETCDF                 : enabled
20240720 022001.943 INFO             PET0 ESMF_PNETCDF                : disabled
20240720 022001.943 INFO             PET0 ESMF_PIO                    : enabled
20240720 022001.943 INFO             PET0 ESMF_YAMLCPP                : enabled
20240720 022002.052 DEBUG            PET0 about to destroy Grid: 0x109d370
20240720 022002.070 DEBUG            PET0 about to destroy Grid: 0x109f950
20240720 022002.111 INFO             PET0  NUMBER_OF_PROCESSORS 1
20240720 022002.111 INFO             PET0  PASS  Example ESMF_NUOPCAtmModelEx, ESMF_NUOPCAtmModelEx.F90, line 806
20240720 022002.111 INFO             PET0  Finalizing ESMF
