2024-05-23 02:33:39
20240523 025700.893 INFO             PET0 !!!!!!!!!!!!!!!!!!!!!!!!!!!!!!!!!!!!!!!!!!!!!!!!!!!!!!
20240523 025700.893 INFO             PET0 !!! THE ESMF_LOG IS SET TO OUTPUT ALL LOG MESSAGES !!!
20240523 025700.893 INFO             PET0 !!!     THIS MAY CAUSE SLOWDOWN IN PERFORMANCE     !!!
20240523 025700.893 INFO             PET0 !!! FOR PRODUCTION RUNS, USE:                      !!!
20240523 025700.893 INFO             PET0 !!!                   ESMF_LOGKIND_Multi_On_Error  !!!
20240523 025700.893 INFO             PET0 !!!!!!!!!!!!!!!!!!!!!!!!!!!!!!!!!!!!!!!!!!!!!!!!!!!!!!
20240523 025700.893 INFO             PET0 Running with ESMF Version   : v8.7.0b06
20240523 025700.893 INFO             PET0 ESMF library build date/time: "May 23 2024" "02:31:55"
20240523 025700.893 INFO             PET0 ESMF library build location : /glade/derecho/scratch/sacks/esmf-testing/intel_2023.2.1-oneAPI_mpiuni_O_develop/esmf
20240523 025700.893 INFO             PET0 ESMF_COMM                   : mpiuni
20240523 025700.894 INFO             PET0 ESMF_MOAB                   : enabled
20240523 025700.894 INFO             PET0 ESMF_LAPACK                 : enabled
20240523 025700.894 INFO             PET0 ESMF_NETCDF                 : enabled
20240523 025700.894 INFO             PET0 ESMF_PNETCDF                : disabled
20240523 025700.894 INFO             PET0 ESMF_PIO                    : disabled
20240523 025700.894 INFO             PET0 ESMF_YAMLCPP                : enabled
20240523 025700.895 INFO             PET0  NUMBER_OF_PROCESSORS           1
20240523 025700.895 INFO             PET0  PASS  Example ESMF_AlarmEx, ESMF_AlarmEx.F90, line 244
20240523 025700.895 INFO             PET0  Finalizing ESMF
