2024-06-10 02:51:51
20240610 032005.284 INFO             PET0 !!!!!!!!!!!!!!!!!!!!!!!!!!!!!!!!!!!!!!!!!!!!!!!!!!!!!!
20240610 032005.284 INFO             PET0 !!! THE ESMF_LOG IS SET TO OUTPUT ALL LOG MESSAGES !!!
20240610 032005.284 INFO             PET0 !!!     THIS MAY CAUSE SLOWDOWN IN PERFORMANCE     !!!
20240610 032005.284 INFO             PET0 !!! FOR PRODUCTION RUNS, USE:                      !!!
20240610 032005.284 INFO             PET0 !!!                   ESMF_LOGKIND_Multi_On_Error  !!!
20240610 032005.284 INFO             PET0 !!!!!!!!!!!!!!!!!!!!!!!!!!!!!!!!!!!!!!!!!!!!!!!!!!!!!!
20240610 032005.284 INFO             PET0 Running with ESMF Version   : v8.7.0b07
20240610 032005.284 INFO             PET0 ESMF library build date/time: "Jun 10 2024" "02:49:44"
20240610 032005.284 INFO             PET0 ESMF library build location : /glade/derecho/scratch/sacks/esmf-testing/intel_2023.2.1-oneAPI_mpiuni_O_develop/esmf
20240610 032005.284 INFO             PET0 ESMF_COMM                   : mpiuni
20240610 032005.298 INFO             PET0 ESMF_MOAB                   : enabled
20240610 032005.298 INFO             PET0 ESMF_LAPACK                 : enabled
20240610 032005.298 INFO             PET0 ESMF_NETCDF                 : enabled
20240610 032005.298 INFO             PET0 ESMF_PNETCDF                : disabled
20240610 032005.298 INFO             PET0 ESMF_PIO                    : disabled
20240610 032005.298 INFO             PET0 ESMF_YAMLCPP                : enabled
20240610 032005.301 INFO             PET0  NUMBER_OF_PROCESSORS           1
20240610 032005.301 INFO             PET0  PASS  Example ESMF_TimeIntervalEx, ESMF_TimeIntervalEx.F90, line 176
20240610 032005.301 INFO             PET0  Finalizing ESMF
