2024-06-07 02:46:19
20240607 031201.683 INFO             PET0 !!!!!!!!!!!!!!!!!!!!!!!!!!!!!!!!!!!!!!!!!!!!!!!!!!!!!!
20240607 031201.683 INFO             PET0 !!! THE ESMF_LOG IS SET TO OUTPUT ALL LOG MESSAGES !!!
20240607 031201.683 INFO             PET0 !!!     THIS MAY CAUSE SLOWDOWN IN PERFORMANCE     !!!
20240607 031201.683 INFO             PET0 !!! FOR PRODUCTION RUNS, USE:                      !!!
20240607 031201.683 INFO             PET0 !!!                   ESMF_LOGKIND_Multi_On_Error  !!!
20240607 031201.683 INFO             PET0 !!!!!!!!!!!!!!!!!!!!!!!!!!!!!!!!!!!!!!!!!!!!!!!!!!!!!!
20240607 031201.683 INFO             PET0 Running with ESMF Version   : v8.7.0b06-42-g13be2f7f6d
20240607 031201.683 INFO             PET0 ESMF library build date/time: "Jun  7 2024" "02:44:23"
20240607 031201.683 INFO             PET0 ESMF library build location : /glade/derecho/scratch/sacks/esmf-testing/intel_2023.2.1-oneAPI_mpiuni_O_develop/esmf
20240607 031201.683 INFO             PET0 ESMF_COMM                   : mpiuni
20240607 031201.684 INFO             PET0 ESMF_MOAB                   : enabled
20240607 031201.684 INFO             PET0 ESMF_LAPACK                 : enabled
20240607 031201.684 INFO             PET0 ESMF_NETCDF                 : enabled
20240607 031201.684 INFO             PET0 ESMF_PNETCDF                : disabled
20240607 031201.684 INFO             PET0 ESMF_PIO                    : disabled
20240607 031201.684 INFO             PET0 ESMF_YAMLCPP                : enabled
20240607 031201.703 INFO             PET0  NUMBER_OF_PROCESSORS           1
20240607 031201.703 INFO             PET0  PASS  Example ESMF_ConfigOverviewEx, ESMF_ConfigOverviewEx.F90, line 638
20240607 031201.703 INFO             PET0  Finalizing ESMF
