2024-05-26 02:33:40
20240526 025636.524 INFO             PET0 !!!!!!!!!!!!!!!!!!!!!!!!!!!!!!!!!!!!!!!!!!!!!!!!!!!!!!
20240526 025636.524 INFO             PET0 !!! THE ESMF_LOG IS SET TO OUTPUT ALL LOG MESSAGES !!!
20240526 025636.524 INFO             PET0 !!!     THIS MAY CAUSE SLOWDOWN IN PERFORMANCE     !!!
20240526 025636.524 INFO             PET0 !!! FOR PRODUCTION RUNS, USE:                      !!!
20240526 025636.524 INFO             PET0 !!!                   ESMF_LOGKIND_Multi_On_Error  !!!
20240526 025636.524 INFO             PET0 !!!!!!!!!!!!!!!!!!!!!!!!!!!!!!!!!!!!!!!!!!!!!!!!!!!!!!
20240526 025636.524 INFO             PET0 Running with ESMF Version   : v8.7.0b06-6-g5fb1a7b839
20240526 025636.524 INFO             PET0 ESMF library build date/time: "May 26 2024" "02:31:53"
20240526 025636.524 INFO             PET0 ESMF library build location : /glade/derecho/scratch/sacks/esmf-testing/intel_2023.2.1-oneAPI_mpiuni_O_develop/esmf
20240526 025636.524 INFO             PET0 ESMF_COMM                   : mpiuni
20240526 025636.525 INFO             PET0 ESMF_MOAB                   : enabled
20240526 025636.525 INFO             PET0 ESMF_LAPACK                 : enabled
20240526 025636.525 INFO             PET0 ESMF_NETCDF                 : enabled
20240526 025636.525 INFO             PET0 ESMF_PNETCDF                : disabled
20240526 025636.525 INFO             PET0 ESMF_PIO                    : disabled
20240526 025636.525 INFO             PET0 ESMF_YAMLCPP                : enabled
20240526 025636.525 INFO             PET0 ESMF Tracing Enabled
20240526 025636.525 INFO             PET0 ESMF Profiling Enabled
20240526 025636.525 INFO             PET0 ESMF Trace/Profile clock: REALTIME
20240526 025636.528 INFO             PET0  NUMBER_OF_PROCESSORS           1
20240526 025636.528 INFO             PET0  PASS  Example ESMF_TraceEx, ESMF_TraceEx.F90, line 178
20240526 025636.528 INFO             PET0  Finalizing ESMF
20240526 025636.528 INFO             PET0 **************** Region Timings *******************
20240526 025636.528 INFO             PET0 Region              Count  Total (s)   Self (s)    Mean (s)    Min (s)     Max (s)
20240526 025636.528 INFO             PET0   [ESMF]            1      0.0011      0.0011      0.0011      0.0011      0.0011
20240526 025636.528 INFO             PET0     [test] Run 1    5      0.0000      0.0000      0.0000      0.0000      0.0000
20240526 025636.528 INFO             PET0     [test] Init 1   1      0.0000      0.0000      0.0000      0.0000      0.0000
20240526 025636.528 INFO             PET0     [test] Final 1  1      0.0000      0.0000      0.0000      0.0000      0.0000
