2024-05-31 02:34:11
20240531 025818.717 INFO             PET0 !!!!!!!!!!!!!!!!!!!!!!!!!!!!!!!!!!!!!!!!!!!!!!!!!!!!!!
20240531 025818.717 INFO             PET0 !!! THE ESMF_LOG IS SET TO OUTPUT ALL LOG MESSAGES !!!
20240531 025818.717 INFO             PET0 !!!     THIS MAY CAUSE SLOWDOWN IN PERFORMANCE     !!!
20240531 025818.717 INFO             PET0 !!! FOR PRODUCTION RUNS, USE:                      !!!
20240531 025818.717 INFO             PET0 !!!                   ESMF_LOGKIND_Multi_On_Error  !!!
20240531 025818.717 INFO             PET0 !!!!!!!!!!!!!!!!!!!!!!!!!!!!!!!!!!!!!!!!!!!!!!!!!!!!!!
20240531 025818.717 INFO             PET0 Running with ESMF Version   : v8.7.0b06-37-g31f880616f
20240531 025818.717 INFO             PET0 ESMF library build date/time: "May 31 2024" "02:32:25"
20240531 025818.717 INFO             PET0 ESMF library build location : /glade/derecho/scratch/sacks/esmf-testing/intel_2023.2.1-oneAPI_mpiuni_O_develop/esmf
20240531 025818.717 INFO             PET0 ESMF_COMM                   : mpiuni
20240531 025818.717 INFO             PET0 ESMF_MOAB                   : enabled
20240531 025818.717 INFO             PET0 ESMF_LAPACK                 : enabled
20240531 025818.717 INFO             PET0 ESMF_NETCDF                 : enabled
20240531 025818.717 INFO             PET0 ESMF_PNETCDF                : disabled
20240531 025818.717 INFO             PET0 ESMF_PIO                    : disabled
20240531 025818.717 INFO             PET0 ESMF_YAMLCPP                : enabled
20240531 025818.736 DEBUG            PET0 about to destroy Grid: 0x7ee190
20240531 025818.738 DEBUG            PET0 about to destroy Grid: 0x7ef220
20240531 025818.744 INFO             PET0  NUMBER_OF_PROCESSORS           1
20240531 025818.744 INFO             PET0  PASS  Example ESMF_NUOPCAtmModelEx, ESMF_NUOPCAtmModelEx.F90, line 806
20240531 025818.745 INFO             PET0  Finalizing ESMF
