2024-08-06 02:35:52
20240806 025900.993 INFO             PET0 !!!!!!!!!!!!!!!!!!!!!!!!!!!!!!!!!!!!!!!!!!!!!!!!!!!!!!
20240806 025900.993 INFO             PET0 !!! THE ESMF_LOG IS SET TO OUTPUT ALL LOG MESSAGES !!!
20240806 025900.993 INFO             PET0 !!!     THIS MAY CAUSE SLOWDOWN IN PERFORMANCE     !!!
20240806 025900.993 INFO             PET0 !!! FOR PRODUCTION RUNS, USE:                      !!!
20240806 025900.993 INFO             PET0 !!!                   ESMF_LOGKIND_Multi_On_Error  !!!
20240806 025900.993 INFO             PET0 !!!!!!!!!!!!!!!!!!!!!!!!!!!!!!!!!!!!!!!!!!!!!!!!!!!!!!
20240806 025900.993 INFO             PET0 Running with ESMF Version   : v8.7.0b11
20240806 025900.993 INFO             PET0 ESMF library build date/time: "Aug  6 2024" "02:34:03"
20240806 025900.993 INFO             PET0 ESMF library build location : /glade/derecho/scratch/sacks/esmf-testing/intel_2023.2.1-oneAPI_mpiuni_O_develop/esmf
20240806 025900.993 INFO             PET0 ESMF_COMM                   : mpiuni
20240806 025900.994 INFO             PET0 ESMF_MOAB                   : enabled
20240806 025900.994 INFO             PET0 ESMF_LAPACK                 : enabled
20240806 025900.994 INFO             PET0 ESMF_NETCDF                 : enabled
20240806 025900.994 INFO             PET0 ESMF_PNETCDF                : disabled
20240806 025900.994 INFO             PET0 ESMF_PIO                    : enabled
20240806 025900.994 INFO             PET0 ESMF_YAMLCPP                : enabled
20240806 025900.995 INFO             PET0  NUMBER_OF_PROCESSORS           1
20240806 025900.995 INFO             PET0  PASS  Example ESMF_ClockEx, ESMF_ClockEx.F90, line 220
20240806 025900.995 INFO             PET0  Finalizing ESMF
