2024-06-11 02:33:40
20240611 025626.213 INFO             PET0 !!!!!!!!!!!!!!!!!!!!!!!!!!!!!!!!!!!!!!!!!!!!!!!!!!!!!!
20240611 025626.213 INFO             PET0 !!! THE ESMF_LOG IS SET TO OUTPUT ALL LOG MESSAGES !!!
20240611 025626.213 INFO             PET0 !!!     THIS MAY CAUSE SLOWDOWN IN PERFORMANCE     !!!
20240611 025626.213 INFO             PET0 !!! FOR PRODUCTION RUNS, USE:                      !!!
20240611 025626.213 INFO             PET0 !!!                   ESMF_LOGKIND_Multi_On_Error  !!!
20240611 025626.213 INFO             PET0 !!!!!!!!!!!!!!!!!!!!!!!!!!!!!!!!!!!!!!!!!!!!!!!!!!!!!!
20240611 025626.213 INFO             PET0 Running with ESMF Version   : v8.7.0b07
20240611 025626.213 INFO             PET0 ESMF library build date/time: "Jun 11 2024" "02:31:58"
20240611 025626.213 INFO             PET0 ESMF library build location : /glade/derecho/scratch/sacks/esmf-testing/intel_2023.2.1-oneAPI_mpiuni_O_develop/esmf
20240611 025626.213 INFO             PET0 ESMF_COMM                   : mpiuni
20240611 025626.214 INFO             PET0 ESMF_MOAB                   : enabled
20240611 025626.214 INFO             PET0 ESMF_LAPACK                 : enabled
20240611 025626.214 INFO             PET0 ESMF_NETCDF                 : enabled
20240611 025626.214 INFO             PET0 ESMF_PNETCDF                : disabled
20240611 025626.214 INFO             PET0 ESMF_PIO                    : disabled
20240611 025626.214 INFO             PET0 ESMF_YAMLCPP                : enabled
20240611 025626.215 INFO             PET0  NUMBER_OF_PROCESSORS           1
20240611 025626.215 INFO             PET0  PASS  Example ESMF_VMDefaultBasicsEx, ESMF_VMDefaultBasicsEx.F90, line 107
20240611 025626.215 INFO             PET0  Finalizing ESMF
