2024-06-02 02:43:51
20240602 031111.886 INFO             PET0 !!!!!!!!!!!!!!!!!!!!!!!!!!!!!!!!!!!!!!!!!!!!!!!!!!!!!!
20240602 031111.887 INFO             PET0 !!! THE ESMF_LOG IS SET TO OUTPUT ALL LOG MESSAGES !!!
20240602 031111.887 INFO             PET0 !!!     THIS MAY CAUSE SLOWDOWN IN PERFORMANCE     !!!
20240602 031111.887 INFO             PET0 !!! FOR PRODUCTION RUNS, USE:                      !!!
20240602 031111.887 INFO             PET0 !!!                   ESMF_LOGKIND_Multi_On_Error  !!!
20240602 031111.887 INFO             PET0 !!!!!!!!!!!!!!!!!!!!!!!!!!!!!!!!!!!!!!!!!!!!!!!!!!!!!!
20240602 031111.887 INFO             PET0 Running with ESMF Version   : v8.7.0b06-37-g31f880616f
20240602 031111.887 INFO             PET0 ESMF library build date/time: "Jun  2 2024" "02:41:48"
20240602 031111.887 INFO             PET0 ESMF library build location : /glade/derecho/scratch/sacks/esmf-testing/intel_2023.2.1-oneAPI_mpiuni_O_develop/esmf
20240602 031111.887 INFO             PET0 ESMF_COMM                   : mpiuni
20240602 031111.887 INFO             PET0 ESMF_MOAB                   : enabled
20240602 031111.887 INFO             PET0 ESMF_LAPACK                 : enabled
20240602 031111.887 INFO             PET0 ESMF_NETCDF                 : enabled
20240602 031111.887 INFO             PET0 ESMF_PNETCDF                : disabled
20240602 031111.887 INFO             PET0 ESMF_PIO                    : disabled
20240602 031111.887 INFO             PET0 ESMF_YAMLCPP                : enabled
20240602 031111.893 INFO             PET0  NUMBER_OF_PROCESSORS           1
20240602 031111.893 INFO             PET0  PASS  Example ESMF_NUOPCBasicModelEx, ESMF_NUOPCBasicModelEx.F90, line 339
20240602 031111.893 INFO             PET0  Finalizing ESMF
