2024-07-21 02:41:03
20240721 030852.809 INFO             PET0 !!!!!!!!!!!!!!!!!!!!!!!!!!!!!!!!!!!!!!!!!!!!!!!!!!!!!!
20240721 030852.809 INFO             PET0 !!! THE ESMF_LOG IS SET TO OUTPUT ALL LOG MESSAGES !!!
20240721 030852.809 INFO             PET0 !!!     THIS MAY CAUSE SLOWDOWN IN PERFORMANCE     !!!
20240721 030852.809 INFO             PET0 !!! FOR PRODUCTION RUNS, USE:                      !!!
20240721 030852.809 INFO             PET0 !!!                   ESMF_LOGKIND_Multi_On_Error  !!!
20240721 030852.809 INFO             PET0 !!!!!!!!!!!!!!!!!!!!!!!!!!!!!!!!!!!!!!!!!!!!!!!!!!!!!!
20240721 030852.809 INFO             PET0 Running with ESMF Version   : v8.7.0b09
20240721 030852.809 INFO             PET0 ESMF library build date/time: "Jul 21 2024" "02:39:00"
20240721 030852.809 INFO             PET0 ESMF library build location : /glade/derecho/scratch/sacks/esmf-testing/intel_2023.2.1-oneAPI_mpiuni_O_develop/esmf
20240721 030852.809 INFO             PET0 ESMF_COMM                   : mpiuni
20240721 030852.810 INFO             PET0 ESMF_MOAB                   : enabled
20240721 030852.810 INFO             PET0 ESMF_LAPACK                 : enabled
20240721 030852.810 INFO             PET0 ESMF_NETCDF                 : enabled
20240721 030852.810 INFO             PET0 ESMF_PNETCDF                : disabled
20240721 030852.810 INFO             PET0 ESMF_PIO                    : enabled
20240721 030852.810 INFO             PET0 ESMF_YAMLCPP                : enabled
20240721 030852.812 INFO             PET0 ESMF_FieldRedistStoreNF(): Just entered routine.
20240721 030852.886 INFO             PET0 ESMF_FieldRedistStoreNF(): Leaving routine.
20240721 030852.905 INFO             PET0  NUMBER_OF_PROCESSORS           1
20240721 030852.912 INFO             PET0  PASS  Example ESMF_RHandleFromFileEx, ESMF_RHandleFromFileEx.F90, line 192
20240721 030852.912 INFO             PET0  Finalizing ESMF
