2024-07-20 04:03:04
20240720 043125.358 INFO             PET0 !!!!!!!!!!!!!!!!!!!!!!!!!!!!!!!!!!!!!!!!!!!!!!!!!!!!!!
20240720 043125.358 INFO             PET0 !!! THE ESMF_LOG IS SET TO OUTPUT ALL LOG MESSAGES !!!
20240720 043125.358 INFO             PET0 !!!     THIS MAY CAUSE SLOWDOWN IN PERFORMANCE     !!!
20240720 043125.358 INFO             PET0 !!! FOR PRODUCTION RUNS, USE:                      !!!
20240720 043125.358 INFO             PET0 !!!                   ESMF_LOGKIND_Multi_On_Error  !!!
20240720 043125.358 INFO             PET0 !!!!!!!!!!!!!!!!!!!!!!!!!!!!!!!!!!!!!!!!!!!!!!!!!!!!!!
20240720 043125.358 INFO             PET0 Running with ESMF Version   : v8.7.0b08-22-g7e6ffb30d3
20240720 043125.358 INFO             PET0 ESMF library build date/time: "Jul 20 2024" "04:02:11"
20240720 043125.358 INFO             PET0 ESMF library build location : /tmp/intel_2023.1.0_mpi_g_develop/esmf
20240720 043125.358 INFO             PET0 ESMF_COMM                   : mpi
20240720 043125.358 INFO             PET0 ESMF_MOAB                   : enabled
20240720 043125.358 INFO             PET0 ESMF_LAPACK                 : enabled
20240720 043125.358 INFO             PET0 ESMF_NETCDF                 : enabled
20240720 043125.358 INFO             PET0 ESMF_PNETCDF                : disabled
20240720 043125.358 INFO             PET0 ESMF_PIO                    : enabled
20240720 043125.358 INFO             PET0 ESMF_YAMLCPP                : enabled
20240720 043125.446 DEBUG            PET0 about to destroy Grid: 0x66cb60
20240720 043125.458 DEBUG            PET0 about to destroy Grid: 0x66fe10
20240720 043125.489 INFO             PET0  NUMBER_OF_PROCESSORS           4
20240720 043125.489 INFO             PET0  PASS  Example ESMF_NUOPCAtmModelEx, ESMF_NUOPCAtmModelEx.F90, line 806
20240720 043125.489 INFO             PET0  Finalizing ESMF
20240720 043125.358 INFO             PET1 !!!!!!!!!!!!!!!!!!!!!!!!!!!!!!!!!!!!!!!!!!!!!!!!!!!!!!
20240720 043125.358 INFO             PET1 !!! THE ESMF_LOG IS SET TO OUTPUT ALL LOG MESSAGES !!!
20240720 043125.358 INFO             PET1 !!!     THIS MAY CAUSE SLOWDOWN IN PERFORMANCE     !!!
20240720 043125.358 INFO             PET1 !!! FOR PRODUCTION RUNS, USE:                      !!!
20240720 043125.358 INFO             PET1 !!!                   ESMF_LOGKIND_Multi_On_Error  !!!
20240720 043125.358 INFO             PET1 !!!!!!!!!!!!!!!!!!!!!!!!!!!!!!!!!!!!!!!!!!!!!!!!!!!!!!
20240720 043125.358 INFO             PET1 Running with ESMF Version   : v8.7.0b08-22-g7e6ffb30d3
20240720 043125.358 INFO             PET1 ESMF library build date/time: "Jul 20 2024" "04:02:11"
20240720 043125.358 INFO             PET1 ESMF library build location : /tmp/intel_2023.1.0_mpi_g_develop/esmf
20240720 043125.358 INFO             PET1 ESMF_COMM                   : mpi
20240720 043125.358 INFO             PET1 ESMF_MOAB                   : enabled
20240720 043125.358 INFO             PET1 ESMF_LAPACK                 : enabled
20240720 043125.358 INFO             PET1 ESMF_NETCDF                 : enabled
20240720 043125.358 INFO             PET1 ESMF_PNETCDF                : disabled
20240720 043125.358 INFO             PET1 ESMF_PIO                    : enabled
20240720 043125.358 INFO             PET1 ESMF_YAMLCPP                : enabled
20240720 043125.446 DEBUG            PET1 about to destroy Grid: 0x66b910
20240720 043125.458 DEBUG            PET1 about to destroy Grid: 0x66c8a0
20240720 043125.489 INFO             PET1  NUMBER_OF_PROCESSORS           4
20240720 043125.489 INFO             PET1  PASS  Example ESMF_NUOPCAtmModelEx, ESMF_NUOPCAtmModelEx.F90, line 806
20240720 043125.489 INFO             PET1  Finalizing ESMF
20240720 043125.358 INFO             PET2 !!!!!!!!!!!!!!!!!!!!!!!!!!!!!!!!!!!!!!!!!!!!!!!!!!!!!!
20240720 043125.358 INFO             PET2 !!! THE ESMF_LOG IS SET TO OUTPUT ALL LOG MESSAGES !!!
20240720 043125.358 INFO             PET2 !!!     THIS MAY CAUSE SLOWDOWN IN PERFORMANCE     !!!
20240720 043125.358 INFO             PET2 !!! FOR PRODUCTION RUNS, USE:                      !!!
20240720 043125.358 INFO             PET2 !!!                   ESMF_LOGKIND_Multi_On_Error  !!!
20240720 043125.358 INFO             PET2 !!!!!!!!!!!!!!!!!!!!!!!!!!!!!!!!!!!!!!!!!!!!!!!!!!!!!!
20240720 043125.358 INFO             PET2 Running with ESMF Version   : v8.7.0b08-22-g7e6ffb30d3
20240720 043125.358 INFO             PET2 ESMF library build date/time: "Jul 20 2024" "04:02:11"
20240720 043125.358 INFO             PET2 ESMF library build location : /tmp/intel_2023.1.0_mpi_g_develop/esmf
20240720 043125.358 INFO             PET2 ESMF_COMM                   : mpi
20240720 043125.358 INFO             PET2 ESMF_MOAB                   : enabled
20240720 043125.358 INFO             PET2 ESMF_LAPACK                 : enabled
20240720 043125.358 INFO             PET2 ESMF_NETCDF                 : enabled
20240720 043125.358 INFO             PET2 ESMF_PNETCDF                : disabled
20240720 043125.358 INFO             PET2 ESMF_PIO                    : enabled
20240720 043125.358 INFO             PET2 ESMF_YAMLCPP                : enabled
20240720 043125.446 DEBUG            PET2 about to destroy Grid: 0x66b980
20240720 043125.458 DEBUG            PET2 about to destroy Grid: 0x66c9f0
20240720 043125.490 INFO             PET2  NUMBER_OF_PROCESSORS           4
20240720 043125.490 INFO             PET2  PASS  Example ESMF_NUOPCAtmModelEx, ESMF_NUOPCAtmModelEx.F90, line 806
20240720 043125.490 INFO             PET2  Finalizing ESMF
20240720 043125.358 INFO             PET3 !!!!!!!!!!!!!!!!!!!!!!!!!!!!!!!!!!!!!!!!!!!!!!!!!!!!!!
20240720 043125.358 INFO             PET3 !!! THE ESMF_LOG IS SET TO OUTPUT ALL LOG MESSAGES !!!
20240720 043125.358 INFO             PET3 !!!     THIS MAY CAUSE SLOWDOWN IN PERFORMANCE     !!!
20240720 043125.358 INFO             PET3 !!! FOR PRODUCTION RUNS, USE:                      !!!
20240720 043125.358 INFO             PET3 !!!                   ESMF_LOGKIND_Multi_On_Error  !!!
20240720 043125.358 INFO             PET3 !!!!!!!!!!!!!!!!!!!!!!!!!!!!!!!!!!!!!!!!!!!!!!!!!!!!!!
20240720 043125.358 INFO             PET3 Running with ESMF Version   : v8.7.0b08-22-g7e6ffb30d3
20240720 043125.358 INFO             PET3 ESMF library build date/time: "Jul 20 2024" "04:02:11"
20240720 043125.358 INFO             PET3 ESMF library build location : /tmp/intel_2023.1.0_mpi_g_develop/esmf
20240720 043125.358 INFO             PET3 ESMF_COMM                   : mpi
20240720 043125.358 INFO             PET3 ESMF_MOAB                   : enabled
20240720 043125.358 INFO             PET3 ESMF_LAPACK                 : enabled
20240720 043125.358 INFO             PET3 ESMF_NETCDF                 : enabled
20240720 043125.358 INFO             PET3 ESMF_PNETCDF                : disabled
20240720 043125.358 INFO             PET3 ESMF_PIO                    : enabled
20240720 043125.358 INFO             PET3 ESMF_YAMLCPP                : enabled
20240720 043125.446 DEBUG            PET3 about to destroy Grid: 0x66b800
20240720 043125.458 DEBUG            PET3 about to destroy Grid: 0x66c790
20240720 043125.489 INFO             PET3  NUMBER_OF_PROCESSORS           4
20240720 043125.489 INFO             PET3  PASS  Example ESMF_NUOPCAtmModelEx, ESMF_NUOPCAtmModelEx.F90, line 806
20240720 043125.489 INFO             PET3  Finalizing ESMF
