2024-05-28 04:09:33
20240528 043820.462 INFO             PET0 !!!!!!!!!!!!!!!!!!!!!!!!!!!!!!!!!!!!!!!!!!!!!!!!!!!!!!
20240528 043820.462 INFO             PET0 !!! THE ESMF_LOG IS SET TO OUTPUT ALL LOG MESSAGES !!!
20240528 043820.462 INFO             PET0 !!!     THIS MAY CAUSE SLOWDOWN IN PERFORMANCE     !!!
20240528 043820.462 INFO             PET0 !!! FOR PRODUCTION RUNS, USE:                      !!!
20240528 043820.462 INFO             PET0 !!!                   ESMF_LOGKIND_Multi_On_Error  !!!
20240528 043820.462 INFO             PET0 !!!!!!!!!!!!!!!!!!!!!!!!!!!!!!!!!!!!!!!!!!!!!!!!!!!!!!
20240528 043820.462 INFO             PET0 Running with ESMF Version   : v8.7.0b06-6-g5fb1a7b839
20240528 043820.462 INFO             PET0 ESMF library build date/time: "May 28 2024" "04:08:40"
20240528 043820.462 INFO             PET0 ESMF library build location : /tmp/intel_2023.1.0_mpi_g_develop/esmf
20240528 043820.462 INFO             PET0 ESMF_COMM                   : mpi
20240528 043820.462 INFO             PET0 ESMF_MOAB                   : enabled
20240528 043820.462 INFO             PET0 ESMF_LAPACK                 : enabled
20240528 043820.462 INFO             PET0 ESMF_NETCDF                 : enabled
20240528 043820.462 INFO             PET0 ESMF_PNETCDF                : disabled
20240528 043820.462 INFO             PET0 ESMF_PIO                    : enabled
20240528 043820.462 INFO             PET0 ESMF_YAMLCPP                : enabled
20240528 043820.463 INFO             PET0  NUMBER_OF_PROCESSORS           2
20240528 043820.463 INFO             PET0  PASS  Example ESMF_VMUserMpiCommEx, ESMF_VMUserMpiCommEx.F90, line 113
20240528 043820.463 INFO             PET0  Finalizing ESMF with endflag==ESMF_END_KEEPMPI
20240528 043820.462 INFO             PET1 !!!!!!!!!!!!!!!!!!!!!!!!!!!!!!!!!!!!!!!!!!!!!!!!!!!!!!
20240528 043820.462 INFO             PET1 !!! THE ESMF_LOG IS SET TO OUTPUT ALL LOG MESSAGES !!!
20240528 043820.462 INFO             PET1 !!!     THIS MAY CAUSE SLOWDOWN IN PERFORMANCE     !!!
20240528 043820.462 INFO             PET1 !!! FOR PRODUCTION RUNS, USE:                      !!!
20240528 043820.462 INFO             PET1 !!!                   ESMF_LOGKIND_Multi_On_Error  !!!
20240528 043820.462 INFO             PET1 !!!!!!!!!!!!!!!!!!!!!!!!!!!!!!!!!!!!!!!!!!!!!!!!!!!!!!
20240528 043820.462 INFO             PET1 Running with ESMF Version   : v8.7.0b06-6-g5fb1a7b839
20240528 043820.462 INFO             PET1 ESMF library build date/time: "May 28 2024" "04:08:40"
20240528 043820.462 INFO             PET1 ESMF library build location : /tmp/intel_2023.1.0_mpi_g_develop/esmf
20240528 043820.462 INFO             PET1 ESMF_COMM                   : mpi
20240528 043820.462 INFO             PET1 ESMF_MOAB                   : enabled
20240528 043820.462 INFO             PET1 ESMF_LAPACK                 : enabled
20240528 043820.462 INFO             PET1 ESMF_NETCDF                 : enabled
20240528 043820.462 INFO             PET1 ESMF_PNETCDF                : disabled
20240528 043820.462 INFO             PET1 ESMF_PIO                    : enabled
20240528 043820.462 INFO             PET1 ESMF_YAMLCPP                : enabled
20240528 043820.463 INFO             PET1  NUMBER_OF_PROCESSORS           2
20240528 043820.463 INFO             PET1  PASS  Example ESMF_VMUserMpiCommEx, ESMF_VMUserMpiCommEx.F90, line 113
20240528 043820.463 INFO             PET1  Finalizing ESMF with endflag==ESMF_END_KEEPMPI
