2024-08-02 01:48:26
20240802 023507.745 INFO             PET0 !!!!!!!!!!!!!!!!!!!!!!!!!!!!!!!!!!!!!!!!!!!!!!!!!!!!!!
20240802 023507.745 INFO             PET0 !!! THE ESMF_LOG IS SET TO OUTPUT ALL LOG MESSAGES !!!
20240802 023507.745 INFO             PET0 !!!     THIS MAY CAUSE SLOWDOWN IN PERFORMANCE     !!!
20240802 023507.745 INFO             PET0 !!! FOR PRODUCTION RUNS, USE:                      !!!
20240802 023507.745 INFO             PET0 !!!                   ESMF_LOGKIND_Multi_On_Error  !!!
20240802 023507.745 INFO             PET0 !!!!!!!!!!!!!!!!!!!!!!!!!!!!!!!!!!!!!!!!!!!!!!!!!!!!!!
20240802 023507.745 INFO             PET0 Running with ESMF Version   : v8.7.0b10-21-g6127c6256e
20240802 023507.745 INFO             PET0 ESMF library build date/time: "Aug  2 2024" "01:44:36"
20240802 023507.745 INFO             PET0 ESMF library build location : /scratch/cluster/theurich/ESMF-Nightly-Testing/intel_20.0.1_mpiuni_g_nrl_work-esmx/esmf
20240802 023507.745 INFO             PET0 ESMF_COMM                   : mpiuni
20240802 023507.748 INFO             PET0 ESMF_MOAB                   : enabled
20240802 023507.748 INFO             PET0 ESMF_LAPACK                 : enabled
20240802 023507.748 INFO             PET0 ESMF_NETCDF                 : enabled
20240802 023507.748 INFO             PET0 ESMF_PNETCDF                : disabled
20240802 023507.748 INFO             PET0 ESMF_PIO                    : enabled
20240802 023507.748 INFO             PET0 ESMF_YAMLCPP                : enabled
20240802 023507.764 INFO             PET0 ESMF_FieldRedistStoreNF(): Just entered routine.
20240802 023508.914 INFO             PET0 ESMF_FieldRedistStoreNF(): Leaving routine.
20240802 023508.944 INFO             PET0  NUMBER_OF_PROCESSORS           1
20240802 023508.948 INFO             PET0  PASS  Example ESMF_RHandleFromFileEx, ESMF_RHandleFromFileEx.F90, line 192
20240802 023508.948 INFO             PET0  Finalizing ESMF
