2024-06-19 06:44:49
20240619 071319.191 INFO             PET0 !!!!!!!!!!!!!!!!!!!!!!!!!!!!!!!!!!!!!!!!!!!!!!!!!!!!!!
20240619 071319.191 INFO             PET0 !!! THE ESMF_LOG IS SET TO OUTPUT ALL LOG MESSAGES !!!
20240619 071319.191 INFO             PET0 !!!     THIS MAY CAUSE SLOWDOWN IN PERFORMANCE     !!!
20240619 071319.191 INFO             PET0 !!! FOR PRODUCTION RUNS, USE:                      !!!
20240619 071319.191 INFO             PET0 !!!                   ESMF_LOGKIND_Multi_On_Error  !!!
20240619 071319.191 INFO             PET0 !!!!!!!!!!!!!!!!!!!!!!!!!!!!!!!!!!!!!!!!!!!!!!!!!!!!!!
20240619 071319.191 INFO             PET0 Running with ESMF Version   : v8.7.0b07-2-ga1ccd5de8a
20240619 071319.191 INFO             PET0 ESMF library build date/time: "Jun 19 2024" "06:43:46"
20240619 071319.191 INFO             PET0 ESMF library build location : /discover/nobackup/projects/sbu/mpotts/esmf-test/gfortran_8.3.0_mpiuni_g_develop/esmf
20240619 071319.191 INFO             PET0 ESMF_COMM                   : mpiuni
20240619 071319.191 INFO             PET0 ESMF_MOAB                   : enabled
20240619 071319.191 INFO             PET0 ESMF_LAPACK                 : enabled
20240619 071319.191 INFO             PET0 ESMF_NETCDF                 : disabled
20240619 071319.191 INFO             PET0 ESMF_PNETCDF                : disabled
20240619 071319.191 INFO             PET0 ESMF_PIO                    : disabled
20240619 071319.191 INFO             PET0 ESMF_YAMLCPP                : enabled
20240619 071319.193 INFO             PET0 AsString: 1
20240619 071319.193 INFO             PET0 asOkay:  T valueI4:          1
20240619 071319.193 INFO             PET0 asOkay:  T valueI8:          1
20240619 071319.193 INFO             PET0 asOkay:  T valueR4:   1.000000
20240619 071319.193 INFO             PET0 asOkay:  T valueR8:   1.000000
20240619 071319.193 INFO             PET0 asOkay:  F valueL:           F
20240619 071319.193 INFO             PET0 AsString: 2
20240619 071319.193 INFO             PET0 asOkay:  T valueI4:          2
20240619 071319.193 INFO             PET0 asOkay:  T valueI8:          2
20240619 071319.193 INFO             PET0 asOkay:  T valueR4:   2.000000
20240619 071319.193 INFO             PET0 asOkay:  T valueR8:   2.000000
20240619 071319.193 INFO             PET0 asOkay:  F valueL:           F
20240619 071319.193 INFO             PET0 AsString: 3
20240619 071319.193 INFO             PET0 asOkay:  T valueI4:          3
20240619 071319.193 INFO             PET0 asOkay:  T valueI8:          3
20240619 071319.193 INFO             PET0 asOkay:  T valueR4:   3.000000
20240619 071319.193 INFO             PET0 asOkay:  T valueR8:   3.000000
20240619 071319.193 INFO             PET0 asOkay:  F valueL:           F
20240619 071319.193 INFO             PET0 AsString: abc
20240619 071319.193 INFO             PET0 asOkay:  F valueI4:          0
20240619 071319.193 INFO             PET0 asOkay:  F valueI8:          0
20240619 071319.193 INFO             PET0 asOkay:  F valueR4:   0.000000
20240619 071319.193 INFO             PET0 asOkay:  F valueR8:   0.000000
20240619 071319.193 INFO             PET0 asOkay:  F valueL:           F
20240619 071319.193 INFO             PET0 AsString: b
20240619 071319.193 INFO             PET0 asOkay:  F valueI4:          0
20240619 071319.193 INFO             PET0 asOkay:  F valueI8:          0
20240619 071319.193 INFO             PET0 asOkay:  F valueR4:   0.000000
20240619 071319.193 INFO             PET0 asOkay:  F valueR8:   0.000000
20240619 071319.193 INFO             PET0 asOkay:  F valueL:           F
20240619 071319.193 INFO             PET0 AsString: TRUE
20240619 071319.193 INFO             PET0 asOkay:  F valueI4:          0
20240619 071319.193 INFO             PET0 asOkay:  F valueI8:          0
20240619 071319.193 INFO             PET0 asOkay:  F valueR4:   0.000000
20240619 071319.193 INFO             PET0 asOkay:  F valueR8:   0.000000
20240619 071319.193 INFO             PET0 asOkay:  T valueL:           T
20240619 071319.194 INFO             PET0 AsString: TRUE
20240619 071319.194 INFO             PET0 asOkay:  F valueI4:          0
20240619 071319.194 INFO             PET0 asOkay:  F valueI8:          0
20240619 071319.194 INFO             PET0 asOkay:  F valueR4:   0.000000
20240619 071319.195 INFO             PET0 asOkay:  F valueR8:   0.000000
20240619 071319.195 INFO             PET0 asOkay:  T valueL:           T
20240619 071319.195 INFO             PET0 AsString: b
20240619 071319.195 INFO             PET0 asOkay:  F valueI4:          0
20240619 071319.195 INFO             PET0 asOkay:  F valueI8:          0
20240619 071319.195 INFO             PET0 asOkay:  F valueR4:   0.000000
20240619 071319.195 INFO             PET0 asOkay:  F valueR8:   0.000000
20240619 071319.195 INFO             PET0 asOkay:  F valueL:           F
20240619 071319.195 INFO             PET0 AsString: abc
20240619 071319.195 INFO             PET0 asOkay:  F valueI4:          0
20240619 071319.195 INFO             PET0 asOkay:  F valueI8:          0
20240619 071319.195 INFO             PET0 asOkay:  F valueR4:   0.000000
20240619 071319.195 INFO             PET0 asOkay:  F valueR8:   0.000000
20240619 071319.195 INFO             PET0 asOkay:  F valueL:           F
20240619 071319.195 INFO             PET0 AsString: 3
20240619 071319.195 INFO             PET0 asOkay:  T valueI4:          3
20240619 071319.195 INFO             PET0 asOkay:  T valueI8:          3
20240619 071319.195 INFO             PET0 asOkay:  T valueR4:   3.000000
20240619 071319.195 INFO             PET0 asOkay:  T valueR8:   3.000000
20240619 071319.195 INFO             PET0 asOkay:  F valueL:           F
20240619 071319.195 INFO             PET0 AsString: 2
20240619 071319.195 INFO             PET0 asOkay:  T valueI4:          2
20240619 071319.195 INFO             PET0 asOkay:  T valueI8:          2
20240619 071319.195 INFO             PET0 asOkay:  T valueR4:   2.000000
20240619 071319.195 INFO             PET0 asOkay:  T valueR8:   2.000000
20240619 071319.195 INFO             PET0 asOkay:  F valueL:           F
20240619 071319.195 INFO             PET0 AsString: 1
20240619 071319.195 INFO             PET0 asOkay:  T valueI4:          1
20240619 071319.195 INFO             PET0 asOkay:  T valueI8:          1
20240619 071319.195 INFO             PET0 asOkay:  T valueR4:   1.000000
20240619 071319.195 INFO             PET0 asOkay:  T valueR8:   1.000000
20240619 071319.195 INFO             PET0 asOkay:  F valueL:           F
20240619 071319.196 INFO             PET0 map key=car map value: AsString: red
20240619 071319.196 INFO             PET0 map key=       car map value: asOkay:  F valueI4:          0
20240619 071319.196 INFO             PET0 map key=       car map value: asOkay:  F valueI8:          0
20240619 071319.196 INFO             PET0 map key=       car map value: asOkay:  F valueR4:   0.000000
20240619 071319.196 INFO             PET0 map key=       car map value: asOkay:  F valueR8:   0.000000
20240619 071319.196 INFO             PET0 map key=       car map value: asOkay:  F valueL:          F
20240619 071319.196 INFO             PET0 map key=bike map value: AsString: 22
20240619 071319.196 INFO             PET0 map key=      bike map value: asOkay:  T valueI4:         22
20240619 071319.196 INFO             PET0 map key=      bike map value: asOkay:  T valueI8:         22
20240619 071319.196 INFO             PET0 map key=      bike map value: asOkay:  T valueR4:  22.000000
20240619 071319.196 INFO             PET0 map key=      bike map value: asOkay:  T valueR8:  22.000000
20240619 071319.196 INFO             PET0 map key=      bike map value: asOkay:  F valueL:          F
20240619 071319.196 INFO             PET0 map key=plane map value: AsString: TRUE
20240619 071319.196 INFO             PET0 map key=     plane map value: asOkay:  F valueI4:          0
20240619 071319.196 INFO             PET0 map key=     plane map value: asOkay:  F valueI8:          0
20240619 071319.196 INFO             PET0 map key=     plane map value: asOkay:  F valueR4:   0.000000
20240619 071319.196 INFO             PET0 map key=     plane map value: asOkay:  F valueR8:   0.000000
20240619 071319.196 INFO             PET0 map key=     plane map value: asOkay:  T valueL:          T
20240619 071319.196 INFO             PET0 map key=bike map value: AsString: 22
20240619 071319.196 INFO             PET0 map key=      bike map value: asOkay:  T valueI4:         22
20240619 071319.196 INFO             PET0 map key=      bike map value: asOkay:  T valueI8:         22
20240619 071319.196 INFO             PET0 map key=      bike map value: asOkay:  T valueR4:  22.000000
20240619 071319.196 INFO             PET0 map key=      bike map value: asOkay:  T valueR8:  22.000000
20240619 071319.196 INFO             PET0 map key=      bike map value: asOkay:  F valueL:          F
20240619 071319.196 INFO             PET0 map key=plane map value: AsString: TRUE
20240619 071319.196 INFO             PET0 map key=     plane map value: asOkay:  F valueI4:          0
20240619 071319.197 INFO             PET0 map key=     plane map value: asOkay:  F valueI8:          0
20240619 071319.197 INFO             PET0 map key=     plane map value: asOkay:  F valueR4:   0.000000
20240619 071319.197 INFO             PET0 map key=     plane map value: asOkay:  F valueR8:   0.000000
20240619 071319.197 INFO             PET0 map key=     plane map value: asOkay:  T valueL:          T
20240619 071319.197 INFO             PET0 map key=car map value: AsString: red
20240619 071319.197 INFO             PET0 map key=       car map value: asOkay:  F valueI4:          0
20240619 071319.197 INFO             PET0 map key=       car map value: asOkay:  F valueI8:          0
20240619 071319.197 INFO             PET0 map key=       car map value: asOkay:  F valueR4:   0.000000
20240619 071319.197 INFO             PET0 map key=       car map value: asOkay:  F valueR8:   0.000000
20240619 071319.197 INFO             PET0 map key=       car map value: asOkay:  F valueL:          F
20240619 071319.199 INFO             PET0 HConfig from Config IsDefined:  T
20240619 071319.199 INFO             PET0 HConfig from Config IsNull:  F
20240619 071319.199 INFO             PET0 HConfig from Config IsSequence:  F
20240619 071319.199 INFO             PET0 HConfig from Config IsMap:  T
20240619 071319.203 INFO             PET0 Empty HConfig tag:               tag:yaml.org,2002:null
20240619 071319.204 INFO             PET0 value_ten HConfig tag:          tag:yaml.org,2002:null
20240619 071319.204 INFO             PET0 value_eleven HConfig tag:          tag:yaml.org,2002:null
20240619 071319.204 INFO             PET0 Top level HConfig tag:          tag:yaml.org,2002:map
20240619 071319.204 INFO             PET0 value_two HConfig tag:           tag:yaml.org,2002:seq
20240619 071319.204 INFO             PET0 first key HConfig tag:           tag:yaml.org,2002:str
20240619 071319.205 INFO             PET0 value_three HConfig tag:           tag:yaml.org,2002:int
20240619 071319.205 INFO             PET0 value_nine HConfig tag:           tag:yaml.org,2002:int
20240619 071319.205 INFO             PET0 value_five HConfig tag:           tag:yaml.org,2002:float
20240619 071319.205 INFO             PET0 value_seven HConfig tag:            tag:yaml.org,2002:bool
20240619 071319.205 INFO             PET0 value_four HConfig tag:           tag:yaml.org,2002:float
20240619 071319.205 INFO             PET0 value_six HConfig tag:             tag:yaml.org,2002:str
20240619 071319.205 INFO             PET0 value_eight HConfig tag:             tag:yaml.org,2002:str
20240619 071319.205 INFO             PET0 value_twelve HConfig tag:                          !myStuff
20240619 071319.216 INFO             PET0 docCount:        3
20240619 071319.219 INFO             PET0 valueI4Seq:        1       2       3
20240619 071319.219 INFO             PET0 asOkay for Logical:  F
20240619 071319.219 INFO             PET0 asOkay for String:  T
20240619 071319.219 INFO             PET0 valueSSeq: 1         2         3
20240619 071319.221 INFO             PET0  NUMBER_OF_PROCESSORS           1
20240619 071319.221 INFO             PET0  PASS  Example ESMF_HConfigEx, ESMF_HConfigEx.F90, line 1803
20240619 071319.221 INFO             PET0  Finalizing ESMF
