2024-05-21 02:43:36
20240521 031820.742 INFO             PET0 !!!!!!!!!!!!!!!!!!!!!!!!!!!!!!!!!!!!!!!!!!!!!!!!!!!!!!
20240521 031820.742 INFO             PET0 !!! THE ESMF_LOG IS SET TO OUTPUT ALL LOG MESSAGES !!!
20240521 031820.742 INFO             PET0 !!!     THIS MAY CAUSE SLOWDOWN IN PERFORMANCE     !!!
20240521 031820.742 INFO             PET0 !!! FOR PRODUCTION RUNS, USE:                      !!!
20240521 031820.742 INFO             PET0 !!!                   ESMF_LOGKIND_Multi_On_Error  !!!
20240521 031820.742 INFO             PET0 !!!!!!!!!!!!!!!!!!!!!!!!!!!!!!!!!!!!!!!!!!!!!!!!!!!!!!
20240521 031820.742 INFO             PET0 Running with ESMF Version   : v8.7.0b05-86-g6f1fcac
20240521 031820.742 INFO             PET0 ESMF library build date/time: "May 21 2024" "02:40:47"
20240521 031820.742 INFO             PET0 ESMF library build location : /work/noaa/da/mpotts/sandbox/gfortran_8.3.0_mpiuni_g_develop/esmf
20240521 031820.742 INFO             PET0 ESMF_COMM                   : mpiuni
20240521 031820.743 INFO             PET0 ESMF_MOAB                   : enabled
20240521 031820.743 INFO             PET0 ESMF_LAPACK                 : enabled
20240521 031820.743 INFO             PET0 ESMF_NETCDF                 : enabled
20240521 031820.743 INFO             PET0 ESMF_PNETCDF                : disabled
20240521 031820.743 INFO             PET0 ESMF_PIO                    : disabled
20240521 031820.743 INFO             PET0 ESMF_YAMLCPP                : enabled
20240521 031820.808 DEBUG            PET0 about to destroy Grid: 0x124c9e0
20240521 031820.821 DEBUG            PET0 about to destroy Grid: 0x124df70
20240521 031820.853 INFO             PET0  NUMBER_OF_PROCESSORS           1
20240521 031820.853 INFO             PET0  PASS  Example ESMF_NUOPCAtmModelEx, ESMF_NUOPCAtmModelEx.F90, line 806
20240521 031820.853 INFO             PET0  Finalizing ESMF
