2024-06-23 01:44:55
20240623 023354.276 INFO             PET0 !!!!!!!!!!!!!!!!!!!!!!!!!!!!!!!!!!!!!!!!!!!!!!!!!!!!!!
20240623 023354.276 INFO             PET0 !!! THE ESMF_LOG IS SET TO OUTPUT ALL LOG MESSAGES !!!
20240623 023354.276 INFO             PET0 !!!     THIS MAY CAUSE SLOWDOWN IN PERFORMANCE     !!!
20240623 023354.276 INFO             PET0 !!! FOR PRODUCTION RUNS, USE:                      !!!
20240623 023354.276 INFO             PET0 !!!                   ESMF_LOGKIND_Multi_On_Error  !!!
20240623 023354.276 INFO             PET0 !!!!!!!!!!!!!!!!!!!!!!!!!!!!!!!!!!!!!!!!!!!!!!!!!!!!!!
20240623 023354.276 INFO             PET0 Running with ESMF Version   : v8.7.0b07-2-ga1ccd5de8a
20240623 023354.276 INFO             PET0 ESMF library build date/time: "Jun 23 2024" "01:43:52"
20240623 023354.276 INFO             PET0 ESMF library build location : /discover/nobackup/projects/sbu/mpotts/esmf-test/gfortran_8.3.0_mpiuni_g_develop/esmf
20240623 023354.276 INFO             PET0 ESMF_COMM                   : mpiuni
20240623 023354.277 INFO             PET0 ESMF_MOAB                   : enabled
20240623 023354.277 INFO             PET0 ESMF_LAPACK                 : enabled
20240623 023354.277 INFO             PET0 ESMF_NETCDF                 : disabled
20240623 023354.277 INFO             PET0 ESMF_PNETCDF                : disabled
20240623 023354.277 INFO             PET0 ESMF_PIO                    : disabled
20240623 023354.277 INFO             PET0 ESMF_YAMLCPP                : enabled
20240623 023354.277 INFO             PET0 ESMF Tracing Enabled
20240623 023354.277 INFO             PET0 ESMF Profiling Enabled
20240623 023354.277 INFO             PET0 ESMF Trace/Profile clock: REALTIME
20240623 023354.278 INFO             PET0  NUMBER_OF_PROCESSORS           1
20240623 023354.278 INFO             PET0  PASS  Example ESMF_TraceEx, ESMF_TraceEx.F90, line 178
20240623 023354.278 INFO             PET0  Finalizing ESMF
20240623 023354.278 INFO             PET0 **************** Region Timings *******************
20240623 023354.278 INFO             PET0 Region              Count  Total (s)   Self (s)    Mean (s)    Min (s)     Max (s)
20240623 023354.278 INFO             PET0   [ESMF]            1      0.0009      0.0009      0.0009      0.0009      0.0009
20240623 023354.278 INFO             PET0     [test] Run 1    5      0.0000      0.0000      0.0000      0.0000      0.0000
20240623 023354.278 INFO             PET0     [test] Init 1   1      0.0000      0.0000      0.0000      0.0000      0.0000
20240623 023354.278 INFO             PET0     [test] Final 1  1      0.0000      0.0000      0.0000      0.0000      0.0000
