2024-08-01 01:12:48
20240801 015702.663 INFO             PET0 !!!!!!!!!!!!!!!!!!!!!!!!!!!!!!!!!!!!!!!!!!!!!!!!!!!!!!
20240801 015702.663 INFO             PET0 !!! THE ESMF_LOG IS SET TO OUTPUT ALL LOG MESSAGES !!!
20240801 015702.663 INFO             PET0 !!!     THIS MAY CAUSE SLOWDOWN IN PERFORMANCE     !!!
20240801 015702.663 INFO             PET0 !!! FOR PRODUCTION RUNS, USE:                      !!!
20240801 015702.663 INFO             PET0 !!!                   ESMF_LOGKIND_Multi_On_Error  !!!
20240801 015702.663 INFO             PET0 !!!!!!!!!!!!!!!!!!!!!!!!!!!!!!!!!!!!!!!!!!!!!!!!!!!!!!
20240801 015702.663 INFO             PET0 Running with ESMF Version   : v8.7.0b10-21-g6127c6256e
20240801 015702.663 INFO             PET0 ESMF library build date/time: "Aug  1 2024" "01:11:34"
20240801 015702.663 INFO             PET0 ESMF library build location : /discover/nobackup/projects/sbu/mpotts/esmf-test/gfortran_8.3.0_intelmpi_g_nrl_work-esmx/esmf
20240801 015702.663 INFO             PET0 ESMF_COMM                   : intelmpi
20240801 015702.663 INFO             PET0 ESMF_MOAB                   : enabled
20240801 015702.663 INFO             PET0 ESMF_LAPACK                 : enabled
20240801 015702.663 INFO             PET0 ESMF_NETCDF                 : disabled
20240801 015702.663 INFO             PET0 ESMF_PNETCDF                : disabled
20240801 015702.663 INFO             PET0 ESMF_PIO                    : disabled
20240801 015702.663 INFO             PET0 ESMF_YAMLCPP                : enabled
20240801 015702.745 DEBUG            PET0 about to destroy Grid: 0xdd8840
20240801 015702.754 DEBUG            PET0 about to destroy Grid: 0xdd9d60
20240801 015702.779 INFO             PET0  NUMBER_OF_PROCESSORS           4
20240801 015702.779 INFO             PET0  PASS  Example ESMF_NUOPCAtmModelEx, ESMF_NUOPCAtmModelEx.F90, line 806
20240801 015702.779 INFO             PET0  Finalizing ESMF
20240801 015702.663 INFO             PET1 !!!!!!!!!!!!!!!!!!!!!!!!!!!!!!!!!!!!!!!!!!!!!!!!!!!!!!
20240801 015702.663 INFO             PET1 !!! THE ESMF_LOG IS SET TO OUTPUT ALL LOG MESSAGES !!!
20240801 015702.663 INFO             PET1 !!!     THIS MAY CAUSE SLOWDOWN IN PERFORMANCE     !!!
20240801 015702.663 INFO             PET1 !!! FOR PRODUCTION RUNS, USE:                      !!!
20240801 015702.663 INFO             PET1 !!!                   ESMF_LOGKIND_Multi_On_Error  !!!
20240801 015702.663 INFO             PET1 !!!!!!!!!!!!!!!!!!!!!!!!!!!!!!!!!!!!!!!!!!!!!!!!!!!!!!
20240801 015702.663 INFO             PET1 Running with ESMF Version   : v8.7.0b10-21-g6127c6256e
20240801 015702.663 INFO             PET1 ESMF library build date/time: "Aug  1 2024" "01:11:34"
20240801 015702.663 INFO             PET1 ESMF library build location : /discover/nobackup/projects/sbu/mpotts/esmf-test/gfortran_8.3.0_intelmpi_g_nrl_work-esmx/esmf
20240801 015702.663 INFO             PET1 ESMF_COMM                   : intelmpi
20240801 015702.663 INFO             PET1 ESMF_MOAB                   : enabled
20240801 015702.663 INFO             PET1 ESMF_LAPACK                 : enabled
20240801 015702.663 INFO             PET1 ESMF_NETCDF                 : disabled
20240801 015702.663 INFO             PET1 ESMF_PNETCDF                : disabled
20240801 015702.663 INFO             PET1 ESMF_PIO                    : disabled
20240801 015702.663 INFO             PET1 ESMF_YAMLCPP                : enabled
20240801 015702.745 DEBUG            PET1 about to destroy Grid: 0xe73da0
20240801 015702.754 DEBUG            PET1 about to destroy Grid: 0xe74d10
20240801 015702.779 INFO             PET1  NUMBER_OF_PROCESSORS           4
20240801 015702.779 INFO             PET1  PASS  Example ESMF_NUOPCAtmModelEx, ESMF_NUOPCAtmModelEx.F90, line 806
20240801 015702.779 INFO             PET1  Finalizing ESMF
20240801 015702.664 INFO             PET2 !!!!!!!!!!!!!!!!!!!!!!!!!!!!!!!!!!!!!!!!!!!!!!!!!!!!!!
20240801 015702.664 INFO             PET2 !!! THE ESMF_LOG IS SET TO OUTPUT ALL LOG MESSAGES !!!
20240801 015702.664 INFO             PET2 !!!     THIS MAY CAUSE SLOWDOWN IN PERFORMANCE     !!!
20240801 015702.664 INFO             PET2 !!! FOR PRODUCTION RUNS, USE:                      !!!
20240801 015702.664 INFO             PET2 !!!                   ESMF_LOGKIND_Multi_On_Error  !!!
20240801 015702.664 INFO             PET2 !!!!!!!!!!!!!!!!!!!!!!!!!!!!!!!!!!!!!!!!!!!!!!!!!!!!!!
20240801 015702.664 INFO             PET2 Running with ESMF Version   : v8.7.0b10-21-g6127c6256e
20240801 015702.664 INFO             PET2 ESMF library build date/time: "Aug  1 2024" "01:11:34"
20240801 015702.664 INFO             PET2 ESMF library build location : /discover/nobackup/projects/sbu/mpotts/esmf-test/gfortran_8.3.0_intelmpi_g_nrl_work-esmx/esmf
20240801 015702.664 INFO             PET2 ESMF_COMM                   : intelmpi
20240801 015702.664 INFO             PET2 ESMF_MOAB                   : enabled
20240801 015702.664 INFO             PET2 ESMF_LAPACK                 : enabled
20240801 015702.664 INFO             PET2 ESMF_NETCDF                 : disabled
20240801 015702.664 INFO             PET2 ESMF_PNETCDF                : disabled
20240801 015702.664 INFO             PET2 ESMF_PIO                    : disabled
20240801 015702.664 INFO             PET2 ESMF_YAMLCPP                : enabled
20240801 015702.745 DEBUG            PET2 about to destroy Grid: 0x11e8810
20240801 015702.754 DEBUG            PET2 about to destroy Grid: 0x11e93e0
20240801 015702.780 INFO             PET2  NUMBER_OF_PROCESSORS           4
20240801 015702.780 INFO             PET2  PASS  Example ESMF_NUOPCAtmModelEx, ESMF_NUOPCAtmModelEx.F90, line 806
20240801 015702.780 INFO             PET2  Finalizing ESMF
20240801 015702.664 INFO             PET3 !!!!!!!!!!!!!!!!!!!!!!!!!!!!!!!!!!!!!!!!!!!!!!!!!!!!!!
20240801 015702.664 INFO             PET3 !!! THE ESMF_LOG IS SET TO OUTPUT ALL LOG MESSAGES !!!
20240801 015702.664 INFO             PET3 !!!     THIS MAY CAUSE SLOWDOWN IN PERFORMANCE     !!!
20240801 015702.664 INFO             PET3 !!! FOR PRODUCTION RUNS, USE:                      !!!
20240801 015702.664 INFO             PET3 !!!                   ESMF_LOGKIND_Multi_On_Error  !!!
20240801 015702.664 INFO             PET3 !!!!!!!!!!!!!!!!!!!!!!!!!!!!!!!!!!!!!!!!!!!!!!!!!!!!!!
20240801 015702.664 INFO             PET3 Running with ESMF Version   : v8.7.0b10-21-g6127c6256e
20240801 015702.664 INFO             PET3 ESMF library build date/time: "Aug  1 2024" "01:11:34"
20240801 015702.664 INFO             PET3 ESMF library build location : /discover/nobackup/projects/sbu/mpotts/esmf-test/gfortran_8.3.0_intelmpi_g_nrl_work-esmx/esmf
20240801 015702.664 INFO             PET3 ESMF_COMM                   : intelmpi
20240801 015702.664 INFO             PET3 ESMF_MOAB                   : enabled
20240801 015702.664 INFO             PET3 ESMF_LAPACK                 : enabled
20240801 015702.664 INFO             PET3 ESMF_NETCDF                 : disabled
20240801 015702.664 INFO             PET3 ESMF_PNETCDF                : disabled
20240801 015702.664 INFO             PET3 ESMF_PIO                    : disabled
20240801 015702.664 INFO             PET3 ESMF_YAMLCPP                : enabled
20240801 015702.745 DEBUG            PET3 about to destroy Grid: 0x861830
20240801 015702.754 DEBUG            PET3 about to destroy Grid: 0x862400
20240801 015702.779 INFO             PET3  NUMBER_OF_PROCESSORS           4
20240801 015702.779 INFO             PET3  PASS  Example ESMF_NUOPCAtmModelEx, ESMF_NUOPCAtmModelEx.F90, line 806
20240801 015702.779 INFO             PET3  Finalizing ESMF
