2024-07-25 07:39:13
20240725 083629.946 INFO             PET0 !!!!!!!!!!!!!!!!!!!!!!!!!!!!!!!!!!!!!!!!!!!!!!!!!!!!!!
20240725 083629.946 INFO             PET0 !!! THE ESMF_LOG IS SET TO OUTPUT ALL LOG MESSAGES !!!
20240725 083629.946 INFO             PET0 !!!     THIS MAY CAUSE SLOWDOWN IN PERFORMANCE     !!!
20240725 083629.946 INFO             PET0 !!! FOR PRODUCTION RUNS, USE:                      !!!
20240725 083629.946 INFO             PET0 !!!                   ESMF_LOGKIND_Multi_On_Error  !!!
20240725 083629.946 INFO             PET0 !!!!!!!!!!!!!!!!!!!!!!!!!!!!!!!!!!!!!!!!!!!!!!!!!!!!!!
20240725 083629.946 INFO             PET0 Running with ESMF Version   : v8.7.0b09-26-g87e00d02ff
20240725 083629.946 INFO             PET0 ESMF library build date/time: "Jul 25 2024" "07:35:36"
20240725 083629.946 INFO             PET0 ESMF library build location : /scratch2/NCEPDEV/stmp1/Gerhard.Theurich/ESMF-Nightly-Testing/nvhpc_24.1_openmpi_O_feature_hconfig-extras/esmf
20240725 083629.946 INFO             PET0 ESMF_COMM                   : openmpi
20240725 083629.947 INFO             PET0 ESMF_MOAB                   : enabled
20240725 083629.947 INFO             PET0 ESMF_LAPACK                 : enabled
20240725 083629.947 INFO             PET0 ESMF_NETCDF                 : disabled
20240725 083629.947 INFO             PET0 ESMF_PNETCDF                : disabled
20240725 083629.947 INFO             PET0 ESMF_PIO                    : disabled
20240725 083629.947 INFO             PET0 ESMF_YAMLCPP                : enabled
20240725 083629.947 INFO             PET0  NUMBER_OF_PROCESSORS            1
20240725 083629.947 INFO             PET0  PASS  Example ESMF_TimeIntervalEx, ESMF_TimeIntervalEx.F90, line 176
20240725 083629.947 INFO             PET0  Finalizing ESMF
